[2024-05-26T15:21:33.980+0000] {processor.py:161} INFO - Started process (PID=44) to work on /home/airflow/.local/lib/python3.12/site-packages/airflow/example_dags/example_latest_only.py
[2024-05-26T15:21:33.981+0000] {processor.py:830} INFO - Processing file /home/airflow/.local/lib/python3.12/site-packages/airflow/example_dags/example_latest_only.py for tasks to queue
[2024-05-26T15:21:33.984+0000] {logging_mixin.py:188} INFO - [2024-05-26T15:21:33.983+0000] {dagbag.py:545} INFO - Filling up the DagBag from /home/airflow/.local/lib/python3.12/site-packages/airflow/example_dags/example_latest_only.py
[2024-05-26T15:21:33.990+0000] {processor.py:840} INFO - DAG(s) 'latest_only' retrieved from /home/airflow/.local/lib/python3.12/site-packages/airflow/example_dags/example_latest_only.py
[2024-05-26T15:21:34.013+0000] {logging_mixin.py:188} INFO - [2024-05-26T15:21:34.013+0000] {dag.py:3096} INFO - Sync 1 DAGs
[2024-05-26T15:21:34.052+0000] {logging_mixin.py:188} INFO - [2024-05-26T15:21:34.051+0000] {dag.py:3954} INFO - Setting next_dagrun for latest_only to 2024-05-26 08:00:00+00:00, run_after=2024-05-26 12:00:00+00:00
[2024-05-26T15:21:34.079+0000] {processor.py:183} INFO - Processing /home/airflow/.local/lib/python3.12/site-packages/airflow/example_dags/example_latest_only.py took 0.111 seconds
[2024-05-26T15:22:04.897+0000] {processor.py:161} INFO - Started process (PID=102) to work on /home/airflow/.local/lib/python3.12/site-packages/airflow/example_dags/example_latest_only.py
[2024-05-26T15:22:04.898+0000] {processor.py:830} INFO - Processing file /home/airflow/.local/lib/python3.12/site-packages/airflow/example_dags/example_latest_only.py for tasks to queue
[2024-05-26T15:22:04.901+0000] {logging_mixin.py:188} INFO - [2024-05-26T15:22:04.900+0000] {dagbag.py:545} INFO - Filling up the DagBag from /home/airflow/.local/lib/python3.12/site-packages/airflow/example_dags/example_latest_only.py
[2024-05-26T15:22:04.907+0000] {processor.py:840} INFO - DAG(s) 'latest_only' retrieved from /home/airflow/.local/lib/python3.12/site-packages/airflow/example_dags/example_latest_only.py
[2024-05-26T15:22:04.931+0000] {logging_mixin.py:188} INFO - [2024-05-26T15:22:04.931+0000] {dag.py:3096} INFO - Sync 1 DAGs
[2024-05-26T15:22:04.958+0000] {logging_mixin.py:188} INFO - [2024-05-26T15:22:04.958+0000] {dag.py:3954} INFO - Setting next_dagrun for latest_only to 2024-05-26 08:00:00+00:00, run_after=2024-05-26 12:00:00+00:00
[2024-05-26T15:22:04.982+0000] {processor.py:183} INFO - Processing /home/airflow/.local/lib/python3.12/site-packages/airflow/example_dags/example_latest_only.py took 0.091 seconds
[2024-05-26T15:22:35.327+0000] {processor.py:161} INFO - Started process (PID=160) to work on /home/airflow/.local/lib/python3.12/site-packages/airflow/example_dags/example_latest_only.py
[2024-05-26T15:22:35.328+0000] {processor.py:830} INFO - Processing file /home/airflow/.local/lib/python3.12/site-packages/airflow/example_dags/example_latest_only.py for tasks to queue
[2024-05-26T15:22:35.333+0000] {logging_mixin.py:188} INFO - [2024-05-26T15:22:35.332+0000] {dagbag.py:545} INFO - Filling up the DagBag from /home/airflow/.local/lib/python3.12/site-packages/airflow/example_dags/example_latest_only.py
[2024-05-26T15:22:35.338+0000] {processor.py:840} INFO - DAG(s) 'latest_only' retrieved from /home/airflow/.local/lib/python3.12/site-packages/airflow/example_dags/example_latest_only.py
[2024-05-26T15:22:35.361+0000] {logging_mixin.py:188} INFO - [2024-05-26T15:22:35.360+0000] {dag.py:3096} INFO - Sync 1 DAGs
[2024-05-26T15:22:35.386+0000] {logging_mixin.py:188} INFO - [2024-05-26T15:22:35.386+0000] {dag.py:3954} INFO - Setting next_dagrun for latest_only to 2024-05-26 08:00:00+00:00, run_after=2024-05-26 12:00:00+00:00
[2024-05-26T15:22:35.408+0000] {processor.py:183} INFO - Processing /home/airflow/.local/lib/python3.12/site-packages/airflow/example_dags/example_latest_only.py took 0.095 seconds
[2024-05-26T15:23:05.553+0000] {processor.py:161} INFO - Started process (PID=218) to work on /home/airflow/.local/lib/python3.12/site-packages/airflow/example_dags/example_latest_only.py
[2024-05-26T15:23:05.554+0000] {processor.py:830} INFO - Processing file /home/airflow/.local/lib/python3.12/site-packages/airflow/example_dags/example_latest_only.py for tasks to queue
[2024-05-26T15:23:05.559+0000] {logging_mixin.py:188} INFO - [2024-05-26T15:23:05.558+0000] {dagbag.py:545} INFO - Filling up the DagBag from /home/airflow/.local/lib/python3.12/site-packages/airflow/example_dags/example_latest_only.py
[2024-05-26T15:23:05.564+0000] {processor.py:840} INFO - DAG(s) 'latest_only' retrieved from /home/airflow/.local/lib/python3.12/site-packages/airflow/example_dags/example_latest_only.py
[2024-05-26T15:23:05.588+0000] {logging_mixin.py:188} INFO - [2024-05-26T15:23:05.588+0000] {dag.py:3096} INFO - Sync 1 DAGs
[2024-05-26T15:23:05.616+0000] {logging_mixin.py:188} INFO - [2024-05-26T15:23:05.616+0000] {dag.py:3954} INFO - Setting next_dagrun for latest_only to 2024-05-26 08:00:00+00:00, run_after=2024-05-26 12:00:00+00:00
[2024-05-26T15:23:05.647+0000] {processor.py:183} INFO - Processing /home/airflow/.local/lib/python3.12/site-packages/airflow/example_dags/example_latest_only.py took 0.100 seconds
[2024-05-26T15:23:36.592+0000] {processor.py:161} INFO - Started process (PID=276) to work on /home/airflow/.local/lib/python3.12/site-packages/airflow/example_dags/example_latest_only.py
[2024-05-26T15:23:36.593+0000] {processor.py:830} INFO - Processing file /home/airflow/.local/lib/python3.12/site-packages/airflow/example_dags/example_latest_only.py for tasks to queue
[2024-05-26T15:23:36.595+0000] {logging_mixin.py:188} INFO - [2024-05-26T15:23:36.595+0000] {dagbag.py:545} INFO - Filling up the DagBag from /home/airflow/.local/lib/python3.12/site-packages/airflow/example_dags/example_latest_only.py
[2024-05-26T15:23:36.601+0000] {processor.py:840} INFO - DAG(s) 'latest_only' retrieved from /home/airflow/.local/lib/python3.12/site-packages/airflow/example_dags/example_latest_only.py
[2024-05-26T15:23:36.626+0000] {logging_mixin.py:188} INFO - [2024-05-26T15:23:36.626+0000] {dag.py:3096} INFO - Sync 1 DAGs
[2024-05-26T15:23:36.654+0000] {logging_mixin.py:188} INFO - [2024-05-26T15:23:36.653+0000] {dag.py:3954} INFO - Setting next_dagrun for latest_only to 2024-05-26 08:00:00+00:00, run_after=2024-05-26 12:00:00+00:00
[2024-05-26T15:23:36.674+0000] {processor.py:183} INFO - Processing /home/airflow/.local/lib/python3.12/site-packages/airflow/example_dags/example_latest_only.py took 0.089 seconds
[2024-05-26T15:24:07.656+0000] {processor.py:161} INFO - Started process (PID=334) to work on /home/airflow/.local/lib/python3.12/site-packages/airflow/example_dags/example_latest_only.py
[2024-05-26T15:24:07.657+0000] {processor.py:830} INFO - Processing file /home/airflow/.local/lib/python3.12/site-packages/airflow/example_dags/example_latest_only.py for tasks to queue
[2024-05-26T15:24:07.659+0000] {logging_mixin.py:188} INFO - [2024-05-26T15:24:07.659+0000] {dagbag.py:545} INFO - Filling up the DagBag from /home/airflow/.local/lib/python3.12/site-packages/airflow/example_dags/example_latest_only.py
[2024-05-26T15:24:07.665+0000] {processor.py:840} INFO - DAG(s) 'latest_only' retrieved from /home/airflow/.local/lib/python3.12/site-packages/airflow/example_dags/example_latest_only.py
[2024-05-26T15:24:07.687+0000] {logging_mixin.py:188} INFO - [2024-05-26T15:24:07.687+0000] {dag.py:3096} INFO - Sync 1 DAGs
[2024-05-26T15:24:07.713+0000] {logging_mixin.py:188} INFO - [2024-05-26T15:24:07.712+0000] {dag.py:3954} INFO - Setting next_dagrun for latest_only to 2024-05-26 08:00:00+00:00, run_after=2024-05-26 12:00:00+00:00
[2024-05-26T15:24:07.732+0000] {processor.py:183} INFO - Processing /home/airflow/.local/lib/python3.12/site-packages/airflow/example_dags/example_latest_only.py took 0.091 seconds
[2024-05-26T15:24:37.998+0000] {processor.py:161} INFO - Started process (PID=392) to work on /home/airflow/.local/lib/python3.12/site-packages/airflow/example_dags/example_latest_only.py
[2024-05-26T15:24:38.000+0000] {processor.py:830} INFO - Processing file /home/airflow/.local/lib/python3.12/site-packages/airflow/example_dags/example_latest_only.py for tasks to queue
[2024-05-26T15:24:38.004+0000] {logging_mixin.py:188} INFO - [2024-05-26T15:24:38.003+0000] {dagbag.py:545} INFO - Filling up the DagBag from /home/airflow/.local/lib/python3.12/site-packages/airflow/example_dags/example_latest_only.py
[2024-05-26T15:24:38.015+0000] {processor.py:840} INFO - DAG(s) 'latest_only' retrieved from /home/airflow/.local/lib/python3.12/site-packages/airflow/example_dags/example_latest_only.py
[2024-05-26T15:24:38.050+0000] {logging_mixin.py:188} INFO - [2024-05-26T15:24:38.050+0000] {dag.py:3096} INFO - Sync 1 DAGs
[2024-05-26T15:24:38.079+0000] {logging_mixin.py:188} INFO - [2024-05-26T15:24:38.079+0000] {dag.py:3954} INFO - Setting next_dagrun for latest_only to 2024-05-26 08:00:00+00:00, run_after=2024-05-26 12:00:00+00:00
[2024-05-26T15:24:38.107+0000] {processor.py:183} INFO - Processing /home/airflow/.local/lib/python3.12/site-packages/airflow/example_dags/example_latest_only.py took 0.124 seconds
[2024-05-26T15:25:08.347+0000] {processor.py:161} INFO - Started process (PID=450) to work on /home/airflow/.local/lib/python3.12/site-packages/airflow/example_dags/example_latest_only.py
[2024-05-26T15:25:08.349+0000] {processor.py:830} INFO - Processing file /home/airflow/.local/lib/python3.12/site-packages/airflow/example_dags/example_latest_only.py for tasks to queue
[2024-05-26T15:25:08.352+0000] {logging_mixin.py:188} INFO - [2024-05-26T15:25:08.352+0000] {dagbag.py:545} INFO - Filling up the DagBag from /home/airflow/.local/lib/python3.12/site-packages/airflow/example_dags/example_latest_only.py
[2024-05-26T15:25:08.358+0000] {processor.py:840} INFO - DAG(s) 'latest_only' retrieved from /home/airflow/.local/lib/python3.12/site-packages/airflow/example_dags/example_latest_only.py
[2024-05-26T15:25:08.382+0000] {logging_mixin.py:188} INFO - [2024-05-26T15:25:08.382+0000] {dag.py:3096} INFO - Sync 1 DAGs
[2024-05-26T15:25:08.407+0000] {logging_mixin.py:188} INFO - [2024-05-26T15:25:08.407+0000] {dag.py:3954} INFO - Setting next_dagrun for latest_only to 2024-05-26 08:00:00+00:00, run_after=2024-05-26 12:00:00+00:00
[2024-05-26T15:25:08.430+0000] {processor.py:183} INFO - Processing /home/airflow/.local/lib/python3.12/site-packages/airflow/example_dags/example_latest_only.py took 0.100 seconds
[2024-05-26T15:25:38.645+0000] {processor.py:161} INFO - Started process (PID=508) to work on /home/airflow/.local/lib/python3.12/site-packages/airflow/example_dags/example_latest_only.py
[2024-05-26T15:25:38.646+0000] {processor.py:830} INFO - Processing file /home/airflow/.local/lib/python3.12/site-packages/airflow/example_dags/example_latest_only.py for tasks to queue
[2024-05-26T15:25:38.648+0000] {logging_mixin.py:188} INFO - [2024-05-26T15:25:38.648+0000] {dagbag.py:545} INFO - Filling up the DagBag from /home/airflow/.local/lib/python3.12/site-packages/airflow/example_dags/example_latest_only.py
[2024-05-26T15:25:38.655+0000] {processor.py:840} INFO - DAG(s) 'latest_only' retrieved from /home/airflow/.local/lib/python3.12/site-packages/airflow/example_dags/example_latest_only.py
[2024-05-26T15:25:38.679+0000] {logging_mixin.py:188} INFO - [2024-05-26T15:25:38.678+0000] {dag.py:3096} INFO - Sync 1 DAGs
[2024-05-26T15:25:38.705+0000] {logging_mixin.py:188} INFO - [2024-05-26T15:25:38.705+0000] {dag.py:3954} INFO - Setting next_dagrun for latest_only to 2024-05-26 08:00:00+00:00, run_after=2024-05-26 12:00:00+00:00
[2024-05-26T15:25:38.726+0000] {processor.py:183} INFO - Processing /home/airflow/.local/lib/python3.12/site-packages/airflow/example_dags/example_latest_only.py took 0.087 seconds
[2024-05-26T15:26:08.977+0000] {processor.py:161} INFO - Started process (PID=566) to work on /home/airflow/.local/lib/python3.12/site-packages/airflow/example_dags/example_latest_only.py
[2024-05-26T15:26:08.978+0000] {processor.py:830} INFO - Processing file /home/airflow/.local/lib/python3.12/site-packages/airflow/example_dags/example_latest_only.py for tasks to queue
[2024-05-26T15:26:08.981+0000] {logging_mixin.py:188} INFO - [2024-05-26T15:26:08.980+0000] {dagbag.py:545} INFO - Filling up the DagBag from /home/airflow/.local/lib/python3.12/site-packages/airflow/example_dags/example_latest_only.py
[2024-05-26T15:26:08.987+0000] {processor.py:840} INFO - DAG(s) 'latest_only' retrieved from /home/airflow/.local/lib/python3.12/site-packages/airflow/example_dags/example_latest_only.py
[2024-05-26T15:26:09.010+0000] {logging_mixin.py:188} INFO - [2024-05-26T15:26:09.009+0000] {dag.py:3096} INFO - Sync 1 DAGs
[2024-05-26T15:26:09.035+0000] {logging_mixin.py:188} INFO - [2024-05-26T15:26:09.035+0000] {dag.py:3954} INFO - Setting next_dagrun for latest_only to 2024-05-26 08:00:00+00:00, run_after=2024-05-26 12:00:00+00:00
[2024-05-26T15:26:09.055+0000] {processor.py:183} INFO - Processing /home/airflow/.local/lib/python3.12/site-packages/airflow/example_dags/example_latest_only.py took 0.087 seconds
[2024-05-26T15:26:39.438+0000] {processor.py:161} INFO - Started process (PID=624) to work on /home/airflow/.local/lib/python3.12/site-packages/airflow/example_dags/example_latest_only.py
[2024-05-26T15:26:39.440+0000] {processor.py:830} INFO - Processing file /home/airflow/.local/lib/python3.12/site-packages/airflow/example_dags/example_latest_only.py for tasks to queue
[2024-05-26T15:26:39.444+0000] {logging_mixin.py:188} INFO - [2024-05-26T15:26:39.443+0000] {dagbag.py:545} INFO - Filling up the DagBag from /home/airflow/.local/lib/python3.12/site-packages/airflow/example_dags/example_latest_only.py
[2024-05-26T15:26:39.453+0000] {processor.py:840} INFO - DAG(s) 'latest_only' retrieved from /home/airflow/.local/lib/python3.12/site-packages/airflow/example_dags/example_latest_only.py
[2024-05-26T15:26:39.487+0000] {logging_mixin.py:188} INFO - [2024-05-26T15:26:39.487+0000] {dag.py:3096} INFO - Sync 1 DAGs
[2024-05-26T15:26:39.516+0000] {logging_mixin.py:188} INFO - [2024-05-26T15:26:39.516+0000] {dag.py:3954} INFO - Setting next_dagrun for latest_only to 2024-05-26 08:00:00+00:00, run_after=2024-05-26 12:00:00+00:00
[2024-05-26T15:26:39.539+0000] {processor.py:183} INFO - Processing /home/airflow/.local/lib/python3.12/site-packages/airflow/example_dags/example_latest_only.py took 0.116 seconds
[2024-05-26T15:27:09.823+0000] {processor.py:161} INFO - Started process (PID=682) to work on /home/airflow/.local/lib/python3.12/site-packages/airflow/example_dags/example_latest_only.py
[2024-05-26T15:27:09.825+0000] {processor.py:830} INFO - Processing file /home/airflow/.local/lib/python3.12/site-packages/airflow/example_dags/example_latest_only.py for tasks to queue
[2024-05-26T15:27:09.829+0000] {logging_mixin.py:188} INFO - [2024-05-26T15:27:09.829+0000] {dagbag.py:545} INFO - Filling up the DagBag from /home/airflow/.local/lib/python3.12/site-packages/airflow/example_dags/example_latest_only.py
[2024-05-26T15:27:09.840+0000] {processor.py:840} INFO - DAG(s) 'latest_only' retrieved from /home/airflow/.local/lib/python3.12/site-packages/airflow/example_dags/example_latest_only.py
[2024-05-26T15:27:09.864+0000] {logging_mixin.py:188} INFO - [2024-05-26T15:27:09.863+0000] {dag.py:3096} INFO - Sync 1 DAGs
[2024-05-26T15:27:09.888+0000] {logging_mixin.py:188} INFO - [2024-05-26T15:27:09.887+0000] {dag.py:3954} INFO - Setting next_dagrun for latest_only to 2024-05-26 08:00:00+00:00, run_after=2024-05-26 12:00:00+00:00
[2024-05-26T15:27:09.906+0000] {processor.py:183} INFO - Processing /home/airflow/.local/lib/python3.12/site-packages/airflow/example_dags/example_latest_only.py took 0.098 seconds
[2024-05-26T17:43:37.290+0000] {processor.py:161} INFO - Started process (PID=52) to work on /home/airflow/.local/lib/python3.12/site-packages/airflow/example_dags/example_latest_only.py
[2024-05-26T17:43:37.292+0000] {processor.py:830} INFO - Processing file /home/airflow/.local/lib/python3.12/site-packages/airflow/example_dags/example_latest_only.py for tasks to queue
[2024-05-26T17:43:37.294+0000] {logging_mixin.py:188} INFO - [2024-05-26T17:43:37.294+0000] {dagbag.py:545} INFO - Filling up the DagBag from /home/airflow/.local/lib/python3.12/site-packages/airflow/example_dags/example_latest_only.py
[2024-05-26T17:43:37.301+0000] {processor.py:840} INFO - DAG(s) 'latest_only' retrieved from /home/airflow/.local/lib/python3.12/site-packages/airflow/example_dags/example_latest_only.py
[2024-05-26T17:43:37.446+0000] {logging_mixin.py:188} INFO - [2024-05-26T17:43:37.446+0000] {dag.py:3096} INFO - Sync 1 DAGs
[2024-05-26T17:43:37.475+0000] {logging_mixin.py:188} INFO - [2024-05-26T17:43:37.474+0000] {dag.py:3954} INFO - Setting next_dagrun for latest_only to 2024-05-26 12:00:00+00:00, run_after=2024-05-26 16:00:00+00:00
[2024-05-26T17:43:37.495+0000] {processor.py:183} INFO - Processing /home/airflow/.local/lib/python3.12/site-packages/airflow/example_dags/example_latest_only.py took 0.212 seconds
[2024-05-26T17:44:08.648+0000] {processor.py:161} INFO - Started process (PID=110) to work on /home/airflow/.local/lib/python3.12/site-packages/airflow/example_dags/example_latest_only.py
[2024-05-26T17:44:08.649+0000] {processor.py:830} INFO - Processing file /home/airflow/.local/lib/python3.12/site-packages/airflow/example_dags/example_latest_only.py for tasks to queue
[2024-05-26T17:44:08.651+0000] {logging_mixin.py:188} INFO - [2024-05-26T17:44:08.651+0000] {dagbag.py:545} INFO - Filling up the DagBag from /home/airflow/.local/lib/python3.12/site-packages/airflow/example_dags/example_latest_only.py
[2024-05-26T17:44:08.657+0000] {processor.py:840} INFO - DAG(s) 'latest_only' retrieved from /home/airflow/.local/lib/python3.12/site-packages/airflow/example_dags/example_latest_only.py
[2024-05-26T17:44:08.685+0000] {logging_mixin.py:188} INFO - [2024-05-26T17:44:08.685+0000] {dag.py:3096} INFO - Sync 1 DAGs
[2024-05-26T17:44:08.715+0000] {logging_mixin.py:188} INFO - [2024-05-26T17:44:08.714+0000] {dag.py:3954} INFO - Setting next_dagrun for latest_only to 2024-05-26 12:00:00+00:00, run_after=2024-05-26 16:00:00+00:00
[2024-05-26T17:44:08.738+0000] {processor.py:183} INFO - Processing /home/airflow/.local/lib/python3.12/site-packages/airflow/example_dags/example_latest_only.py took 0.101 seconds
[2024-05-26T17:44:39.175+0000] {processor.py:161} INFO - Started process (PID=168) to work on /home/airflow/.local/lib/python3.12/site-packages/airflow/example_dags/example_latest_only.py
[2024-05-26T17:44:39.176+0000] {processor.py:830} INFO - Processing file /home/airflow/.local/lib/python3.12/site-packages/airflow/example_dags/example_latest_only.py for tasks to queue
[2024-05-26T17:44:39.178+0000] {logging_mixin.py:188} INFO - [2024-05-26T17:44:39.177+0000] {dagbag.py:545} INFO - Filling up the DagBag from /home/airflow/.local/lib/python3.12/site-packages/airflow/example_dags/example_latest_only.py
[2024-05-26T17:44:39.183+0000] {processor.py:840} INFO - DAG(s) 'latest_only' retrieved from /home/airflow/.local/lib/python3.12/site-packages/airflow/example_dags/example_latest_only.py
[2024-05-26T17:44:39.208+0000] {logging_mixin.py:188} INFO - [2024-05-26T17:44:39.208+0000] {dag.py:3096} INFO - Sync 1 DAGs
[2024-05-26T17:44:39.240+0000] {logging_mixin.py:188} INFO - [2024-05-26T17:44:39.240+0000] {dag.py:3954} INFO - Setting next_dagrun for latest_only to 2024-05-26 12:00:00+00:00, run_after=2024-05-26 16:00:00+00:00
[2024-05-26T17:44:39.262+0000] {processor.py:183} INFO - Processing /home/airflow/.local/lib/python3.12/site-packages/airflow/example_dags/example_latest_only.py took 0.094 seconds
[2024-05-26T17:45:09.624+0000] {processor.py:161} INFO - Started process (PID=225) to work on /home/airflow/.local/lib/python3.12/site-packages/airflow/example_dags/example_latest_only.py
[2024-05-26T17:45:09.626+0000] {processor.py:830} INFO - Processing file /home/airflow/.local/lib/python3.12/site-packages/airflow/example_dags/example_latest_only.py for tasks to queue
[2024-05-26T17:45:09.631+0000] {logging_mixin.py:188} INFO - [2024-05-26T17:45:09.630+0000] {dagbag.py:545} INFO - Filling up the DagBag from /home/airflow/.local/lib/python3.12/site-packages/airflow/example_dags/example_latest_only.py
[2024-05-26T17:45:09.641+0000] {processor.py:840} INFO - DAG(s) 'latest_only' retrieved from /home/airflow/.local/lib/python3.12/site-packages/airflow/example_dags/example_latest_only.py
[2024-05-26T17:45:09.672+0000] {logging_mixin.py:188} INFO - [2024-05-26T17:45:09.671+0000] {dag.py:3096} INFO - Sync 1 DAGs
[2024-05-26T17:45:09.701+0000] {logging_mixin.py:188} INFO - [2024-05-26T17:45:09.701+0000] {dag.py:3954} INFO - Setting next_dagrun for latest_only to 2024-05-26 12:00:00+00:00, run_after=2024-05-26 16:00:00+00:00
[2024-05-26T17:45:09.724+0000] {processor.py:183} INFO - Processing /home/airflow/.local/lib/python3.12/site-packages/airflow/example_dags/example_latest_only.py took 0.114 seconds
[2024-05-26T17:45:40.755+0000] {processor.py:161} INFO - Started process (PID=283) to work on /home/airflow/.local/lib/python3.12/site-packages/airflow/example_dags/example_latest_only.py
[2024-05-26T17:45:40.757+0000] {processor.py:830} INFO - Processing file /home/airflow/.local/lib/python3.12/site-packages/airflow/example_dags/example_latest_only.py for tasks to queue
[2024-05-26T17:45:40.762+0000] {logging_mixin.py:188} INFO - [2024-05-26T17:45:40.761+0000] {dagbag.py:545} INFO - Filling up the DagBag from /home/airflow/.local/lib/python3.12/site-packages/airflow/example_dags/example_latest_only.py
[2024-05-26T17:45:40.772+0000] {processor.py:840} INFO - DAG(s) 'latest_only' retrieved from /home/airflow/.local/lib/python3.12/site-packages/airflow/example_dags/example_latest_only.py
[2024-05-26T17:45:40.810+0000] {logging_mixin.py:188} INFO - [2024-05-26T17:45:40.809+0000] {dag.py:3096} INFO - Sync 1 DAGs
[2024-05-26T17:45:40.844+0000] {logging_mixin.py:188} INFO - [2024-05-26T17:45:40.844+0000] {dag.py:3954} INFO - Setting next_dagrun for latest_only to 2024-05-26 12:00:00+00:00, run_after=2024-05-26 16:00:00+00:00
[2024-05-26T17:45:41.065+0000] {processor.py:183} INFO - Processing /home/airflow/.local/lib/python3.12/site-packages/airflow/example_dags/example_latest_only.py took 0.325 seconds
[2024-05-26T17:46:11.343+0000] {processor.py:161} INFO - Started process (PID=340) to work on /home/airflow/.local/lib/python3.12/site-packages/airflow/example_dags/example_latest_only.py
[2024-05-26T17:46:11.344+0000] {processor.py:830} INFO - Processing file /home/airflow/.local/lib/python3.12/site-packages/airflow/example_dags/example_latest_only.py for tasks to queue
[2024-05-26T17:46:11.346+0000] {logging_mixin.py:188} INFO - [2024-05-26T17:46:11.346+0000] {dagbag.py:545} INFO - Filling up the DagBag from /home/airflow/.local/lib/python3.12/site-packages/airflow/example_dags/example_latest_only.py
[2024-05-26T17:46:11.351+0000] {processor.py:840} INFO - DAG(s) 'latest_only' retrieved from /home/airflow/.local/lib/python3.12/site-packages/airflow/example_dags/example_latest_only.py
[2024-05-26T17:46:11.379+0000] {logging_mixin.py:188} INFO - [2024-05-26T17:46:11.378+0000] {dag.py:3096} INFO - Sync 1 DAGs
[2024-05-26T17:46:11.405+0000] {logging_mixin.py:188} INFO - [2024-05-26T17:46:11.405+0000] {dag.py:3954} INFO - Setting next_dagrun for latest_only to 2024-05-26 12:00:00+00:00, run_after=2024-05-26 16:00:00+00:00
[2024-05-26T17:46:11.426+0000] {processor.py:183} INFO - Processing /home/airflow/.local/lib/python3.12/site-packages/airflow/example_dags/example_latest_only.py took 0.090 seconds
[2024-05-26T17:46:41.996+0000] {processor.py:161} INFO - Started process (PID=398) to work on /home/airflow/.local/lib/python3.12/site-packages/airflow/example_dags/example_latest_only.py
[2024-05-26T17:46:41.997+0000] {processor.py:830} INFO - Processing file /home/airflow/.local/lib/python3.12/site-packages/airflow/example_dags/example_latest_only.py for tasks to queue
[2024-05-26T17:46:42.000+0000] {logging_mixin.py:188} INFO - [2024-05-26T17:46:41.999+0000] {dagbag.py:545} INFO - Filling up the DagBag from /home/airflow/.local/lib/python3.12/site-packages/airflow/example_dags/example_latest_only.py
[2024-05-26T17:46:42.005+0000] {processor.py:840} INFO - DAG(s) 'latest_only' retrieved from /home/airflow/.local/lib/python3.12/site-packages/airflow/example_dags/example_latest_only.py
[2024-05-26T17:46:42.026+0000] {logging_mixin.py:188} INFO - [2024-05-26T17:46:42.026+0000] {dag.py:3096} INFO - Sync 1 DAGs
[2024-05-26T17:46:42.057+0000] {logging_mixin.py:188} INFO - [2024-05-26T17:46:42.057+0000] {dag.py:3954} INFO - Setting next_dagrun for latest_only to 2024-05-26 12:00:00+00:00, run_after=2024-05-26 16:00:00+00:00
[2024-05-26T17:46:42.080+0000] {processor.py:183} INFO - Processing /home/airflow/.local/lib/python3.12/site-packages/airflow/example_dags/example_latest_only.py took 0.090 seconds
[2024-05-26T17:47:12.596+0000] {processor.py:161} INFO - Started process (PID=456) to work on /home/airflow/.local/lib/python3.12/site-packages/airflow/example_dags/example_latest_only.py
[2024-05-26T17:47:12.597+0000] {processor.py:830} INFO - Processing file /home/airflow/.local/lib/python3.12/site-packages/airflow/example_dags/example_latest_only.py for tasks to queue
[2024-05-26T17:47:12.600+0000] {logging_mixin.py:188} INFO - [2024-05-26T17:47:12.599+0000] {dagbag.py:545} INFO - Filling up the DagBag from /home/airflow/.local/lib/python3.12/site-packages/airflow/example_dags/example_latest_only.py
[2024-05-26T17:47:12.605+0000] {processor.py:840} INFO - DAG(s) 'latest_only' retrieved from /home/airflow/.local/lib/python3.12/site-packages/airflow/example_dags/example_latest_only.py
[2024-05-26T17:47:12.634+0000] {logging_mixin.py:188} INFO - [2024-05-26T17:47:12.634+0000] {dag.py:3096} INFO - Sync 1 DAGs
[2024-05-26T17:47:12.666+0000] {logging_mixin.py:188} INFO - [2024-05-26T17:47:12.665+0000] {dag.py:3954} INFO - Setting next_dagrun for latest_only to 2024-05-26 12:00:00+00:00, run_after=2024-05-26 16:00:00+00:00
[2024-05-26T17:47:12.692+0000] {processor.py:183} INFO - Processing /home/airflow/.local/lib/python3.12/site-packages/airflow/example_dags/example_latest_only.py took 0.104 seconds
[2024-05-26T17:47:42.763+0000] {processor.py:161} INFO - Started process (PID=514) to work on /home/airflow/.local/lib/python3.12/site-packages/airflow/example_dags/example_latest_only.py
[2024-05-26T17:47:42.764+0000] {processor.py:830} INFO - Processing file /home/airflow/.local/lib/python3.12/site-packages/airflow/example_dags/example_latest_only.py for tasks to queue
[2024-05-26T17:47:42.767+0000] {logging_mixin.py:188} INFO - [2024-05-26T17:47:42.766+0000] {dagbag.py:545} INFO - Filling up the DagBag from /home/airflow/.local/lib/python3.12/site-packages/airflow/example_dags/example_latest_only.py
[2024-05-26T17:47:42.780+0000] {processor.py:840} INFO - DAG(s) 'latest_only' retrieved from /home/airflow/.local/lib/python3.12/site-packages/airflow/example_dags/example_latest_only.py
[2024-05-26T17:47:42.807+0000] {logging_mixin.py:188} INFO - [2024-05-26T17:47:42.807+0000] {dag.py:3096} INFO - Sync 1 DAGs
[2024-05-26T17:47:42.835+0000] {logging_mixin.py:188} INFO - [2024-05-26T17:47:42.835+0000] {dag.py:3954} INFO - Setting next_dagrun for latest_only to 2024-05-26 12:00:00+00:00, run_after=2024-05-26 16:00:00+00:00
[2024-05-26T17:47:42.861+0000] {processor.py:183} INFO - Processing /home/airflow/.local/lib/python3.12/site-packages/airflow/example_dags/example_latest_only.py took 0.104 seconds
[2024-05-26T17:49:08.982+0000] {processor.py:161} INFO - Started process (PID=52) to work on /home/airflow/.local/lib/python3.12/site-packages/airflow/example_dags/example_latest_only.py
[2024-05-26T17:49:08.983+0000] {processor.py:830} INFO - Processing file /home/airflow/.local/lib/python3.12/site-packages/airflow/example_dags/example_latest_only.py for tasks to queue
[2024-05-26T17:49:08.986+0000] {logging_mixin.py:188} INFO - [2024-05-26T17:49:08.985+0000] {dagbag.py:545} INFO - Filling up the DagBag from /home/airflow/.local/lib/python3.12/site-packages/airflow/example_dags/example_latest_only.py
[2024-05-26T17:49:08.992+0000] {processor.py:840} INFO - DAG(s) 'latest_only' retrieved from /home/airflow/.local/lib/python3.12/site-packages/airflow/example_dags/example_latest_only.py
[2024-05-26T17:49:09.132+0000] {logging_mixin.py:188} INFO - [2024-05-26T17:49:09.132+0000] {dag.py:3096} INFO - Sync 1 DAGs
[2024-05-26T17:49:09.161+0000] {logging_mixin.py:188} INFO - [2024-05-26T17:49:09.161+0000] {dag.py:3954} INFO - Setting next_dagrun for latest_only to 2024-05-26 12:00:00+00:00, run_after=2024-05-26 16:00:00+00:00
[2024-05-26T17:49:09.189+0000] {processor.py:183} INFO - Processing /home/airflow/.local/lib/python3.12/site-packages/airflow/example_dags/example_latest_only.py took 0.215 seconds
[2024-05-26T17:49:39.357+0000] {processor.py:161} INFO - Started process (PID=110) to work on /home/airflow/.local/lib/python3.12/site-packages/airflow/example_dags/example_latest_only.py
[2024-05-26T17:49:39.358+0000] {processor.py:830} INFO - Processing file /home/airflow/.local/lib/python3.12/site-packages/airflow/example_dags/example_latest_only.py for tasks to queue
[2024-05-26T17:49:39.362+0000] {logging_mixin.py:188} INFO - [2024-05-26T17:49:39.362+0000] {dagbag.py:545} INFO - Filling up the DagBag from /home/airflow/.local/lib/python3.12/site-packages/airflow/example_dags/example_latest_only.py
[2024-05-26T17:49:39.368+0000] {processor.py:840} INFO - DAG(s) 'latest_only' retrieved from /home/airflow/.local/lib/python3.12/site-packages/airflow/example_dags/example_latest_only.py
[2024-05-26T17:49:39.393+0000] {logging_mixin.py:188} INFO - [2024-05-26T17:49:39.392+0000] {dag.py:3096} INFO - Sync 1 DAGs
[2024-05-26T17:49:39.420+0000] {logging_mixin.py:188} INFO - [2024-05-26T17:49:39.420+0000] {dag.py:3954} INFO - Setting next_dagrun for latest_only to 2024-05-26 12:00:00+00:00, run_after=2024-05-26 16:00:00+00:00
[2024-05-26T17:49:39.441+0000] {processor.py:183} INFO - Processing /home/airflow/.local/lib/python3.12/site-packages/airflow/example_dags/example_latest_only.py took 0.099 seconds
[2024-05-26T17:50:09.641+0000] {processor.py:161} INFO - Started process (PID=167) to work on /home/airflow/.local/lib/python3.12/site-packages/airflow/example_dags/example_latest_only.py
[2024-05-26T17:50:09.642+0000] {processor.py:830} INFO - Processing file /home/airflow/.local/lib/python3.12/site-packages/airflow/example_dags/example_latest_only.py for tasks to queue
[2024-05-26T17:50:09.645+0000] {logging_mixin.py:188} INFO - [2024-05-26T17:50:09.644+0000] {dagbag.py:545} INFO - Filling up the DagBag from /home/airflow/.local/lib/python3.12/site-packages/airflow/example_dags/example_latest_only.py
[2024-05-26T17:50:09.651+0000] {processor.py:840} INFO - DAG(s) 'latest_only' retrieved from /home/airflow/.local/lib/python3.12/site-packages/airflow/example_dags/example_latest_only.py
[2024-05-26T17:50:09.674+0000] {logging_mixin.py:188} INFO - [2024-05-26T17:50:09.674+0000] {dag.py:3096} INFO - Sync 1 DAGs
[2024-05-26T17:50:09.698+0000] {logging_mixin.py:188} INFO - [2024-05-26T17:50:09.698+0000] {dag.py:3954} INFO - Setting next_dagrun for latest_only to 2024-05-26 12:00:00+00:00, run_after=2024-05-26 16:00:00+00:00
[2024-05-26T17:50:09.720+0000] {processor.py:183} INFO - Processing /home/airflow/.local/lib/python3.12/site-packages/airflow/example_dags/example_latest_only.py took 0.087 seconds
[2024-05-26T17:50:40.028+0000] {processor.py:161} INFO - Started process (PID=224) to work on /home/airflow/.local/lib/python3.12/site-packages/airflow/example_dags/example_latest_only.py
[2024-05-26T17:50:40.029+0000] {processor.py:830} INFO - Processing file /home/airflow/.local/lib/python3.12/site-packages/airflow/example_dags/example_latest_only.py for tasks to queue
[2024-05-26T17:50:40.032+0000] {logging_mixin.py:188} INFO - [2024-05-26T17:50:40.032+0000] {dagbag.py:545} INFO - Filling up the DagBag from /home/airflow/.local/lib/python3.12/site-packages/airflow/example_dags/example_latest_only.py
[2024-05-26T17:50:40.038+0000] {processor.py:840} INFO - DAG(s) 'latest_only' retrieved from /home/airflow/.local/lib/python3.12/site-packages/airflow/example_dags/example_latest_only.py
[2024-05-26T17:50:40.061+0000] {logging_mixin.py:188} INFO - [2024-05-26T17:50:40.061+0000] {dag.py:3096} INFO - Sync 1 DAGs
[2024-05-26T17:50:40.090+0000] {logging_mixin.py:188} INFO - [2024-05-26T17:50:40.090+0000] {dag.py:3954} INFO - Setting next_dagrun for latest_only to 2024-05-26 12:00:00+00:00, run_after=2024-05-26 16:00:00+00:00
[2024-05-26T17:50:40.117+0000] {processor.py:183} INFO - Processing /home/airflow/.local/lib/python3.12/site-packages/airflow/example_dags/example_latest_only.py took 0.098 seconds
[2024-05-26T17:51:10.298+0000] {processor.py:161} INFO - Started process (PID=281) to work on /home/airflow/.local/lib/python3.12/site-packages/airflow/example_dags/example_latest_only.py
[2024-05-26T17:51:10.299+0000] {processor.py:830} INFO - Processing file /home/airflow/.local/lib/python3.12/site-packages/airflow/example_dags/example_latest_only.py for tasks to queue
[2024-05-26T17:51:10.301+0000] {logging_mixin.py:188} INFO - [2024-05-26T17:51:10.301+0000] {dagbag.py:545} INFO - Filling up the DagBag from /home/airflow/.local/lib/python3.12/site-packages/airflow/example_dags/example_latest_only.py
[2024-05-26T17:51:10.306+0000] {processor.py:840} INFO - DAG(s) 'latest_only' retrieved from /home/airflow/.local/lib/python3.12/site-packages/airflow/example_dags/example_latest_only.py
[2024-05-26T17:51:10.329+0000] {logging_mixin.py:188} INFO - [2024-05-26T17:51:10.329+0000] {dag.py:3096} INFO - Sync 1 DAGs
[2024-05-26T17:51:10.359+0000] {logging_mixin.py:188} INFO - [2024-05-26T17:51:10.359+0000] {dag.py:3954} INFO - Setting next_dagrun for latest_only to 2024-05-26 12:00:00+00:00, run_after=2024-05-26 16:00:00+00:00
[2024-05-26T17:51:10.385+0000] {processor.py:183} INFO - Processing /home/airflow/.local/lib/python3.12/site-packages/airflow/example_dags/example_latest_only.py took 0.095 seconds
[2024-05-26T17:51:40.570+0000] {processor.py:161} INFO - Started process (PID=339) to work on /home/airflow/.local/lib/python3.12/site-packages/airflow/example_dags/example_latest_only.py
[2024-05-26T17:51:40.571+0000] {processor.py:830} INFO - Processing file /home/airflow/.local/lib/python3.12/site-packages/airflow/example_dags/example_latest_only.py for tasks to queue
[2024-05-26T17:51:40.575+0000] {logging_mixin.py:188} INFO - [2024-05-26T17:51:40.574+0000] {dagbag.py:545} INFO - Filling up the DagBag from /home/airflow/.local/lib/python3.12/site-packages/airflow/example_dags/example_latest_only.py
[2024-05-26T17:51:40.582+0000] {processor.py:840} INFO - DAG(s) 'latest_only' retrieved from /home/airflow/.local/lib/python3.12/site-packages/airflow/example_dags/example_latest_only.py
[2024-05-26T17:51:40.605+0000] {logging_mixin.py:188} INFO - [2024-05-26T17:51:40.605+0000] {dag.py:3096} INFO - Sync 1 DAGs
[2024-05-26T17:51:40.631+0000] {logging_mixin.py:188} INFO - [2024-05-26T17:51:40.630+0000] {dag.py:3954} INFO - Setting next_dagrun for latest_only to 2024-05-26 12:00:00+00:00, run_after=2024-05-26 16:00:00+00:00
[2024-05-26T17:51:40.652+0000] {processor.py:183} INFO - Processing /home/airflow/.local/lib/python3.12/site-packages/airflow/example_dags/example_latest_only.py took 0.089 seconds
[2024-05-26T17:52:10.900+0000] {processor.py:161} INFO - Started process (PID=397) to work on /home/airflow/.local/lib/python3.12/site-packages/airflow/example_dags/example_latest_only.py
[2024-05-26T17:52:10.902+0000] {processor.py:830} INFO - Processing file /home/airflow/.local/lib/python3.12/site-packages/airflow/example_dags/example_latest_only.py for tasks to queue
[2024-05-26T17:52:10.904+0000] {logging_mixin.py:188} INFO - [2024-05-26T17:52:10.904+0000] {dagbag.py:545} INFO - Filling up the DagBag from /home/airflow/.local/lib/python3.12/site-packages/airflow/example_dags/example_latest_only.py
[2024-05-26T17:52:10.911+0000] {processor.py:840} INFO - DAG(s) 'latest_only' retrieved from /home/airflow/.local/lib/python3.12/site-packages/airflow/example_dags/example_latest_only.py
[2024-05-26T17:52:10.933+0000] {logging_mixin.py:188} INFO - [2024-05-26T17:52:10.933+0000] {dag.py:3096} INFO - Sync 1 DAGs
[2024-05-26T17:52:10.965+0000] {logging_mixin.py:188} INFO - [2024-05-26T17:52:10.964+0000] {dag.py:3954} INFO - Setting next_dagrun for latest_only to 2024-05-26 12:00:00+00:00, run_after=2024-05-26 16:00:00+00:00
[2024-05-26T17:52:10.988+0000] {processor.py:183} INFO - Processing /home/airflow/.local/lib/python3.12/site-packages/airflow/example_dags/example_latest_only.py took 0.097 seconds
[2024-05-26T17:57:46.797+0000] {processor.py:161} INFO - Started process (PID=52) to work on /home/airflow/.local/lib/python3.12/site-packages/airflow/example_dags/example_latest_only.py
[2024-05-26T17:57:46.799+0000] {processor.py:830} INFO - Processing file /home/airflow/.local/lib/python3.12/site-packages/airflow/example_dags/example_latest_only.py for tasks to queue
[2024-05-26T17:57:46.803+0000] {logging_mixin.py:188} INFO - [2024-05-26T17:57:46.802+0000] {dagbag.py:545} INFO - Filling up the DagBag from /home/airflow/.local/lib/python3.12/site-packages/airflow/example_dags/example_latest_only.py
[2024-05-26T17:57:46.816+0000] {processor.py:840} INFO - DAG(s) 'latest_only' retrieved from /home/airflow/.local/lib/python3.12/site-packages/airflow/example_dags/example_latest_only.py
[2024-05-26T17:57:46.833+0000] {logging_mixin.py:188} INFO - [2024-05-26T17:57:46.832+0000] {dag.py:3096} INFO - Sync 1 DAGs
[2024-05-26T17:57:46.860+0000] {logging_mixin.py:188} INFO - [2024-05-26T17:57:46.860+0000] {dag.py:3954} INFO - Setting next_dagrun for latest_only to 2024-05-26 12:00:00+00:00, run_after=2024-05-26 16:00:00+00:00
[2024-05-26T17:57:46.888+0000] {processor.py:183} INFO - Processing /home/airflow/.local/lib/python3.12/site-packages/airflow/example_dags/example_latest_only.py took 0.106 seconds
[2024-05-26T17:58:18.335+0000] {processor.py:161} INFO - Started process (PID=110) to work on /home/airflow/.local/lib/python3.12/site-packages/airflow/example_dags/example_latest_only.py
[2024-05-26T17:58:18.337+0000] {processor.py:830} INFO - Processing file /home/airflow/.local/lib/python3.12/site-packages/airflow/example_dags/example_latest_only.py for tasks to queue
[2024-05-26T17:58:18.339+0000] {logging_mixin.py:188} INFO - [2024-05-26T17:58:18.339+0000] {dagbag.py:545} INFO - Filling up the DagBag from /home/airflow/.local/lib/python3.12/site-packages/airflow/example_dags/example_latest_only.py
[2024-05-26T17:58:18.346+0000] {processor.py:840} INFO - DAG(s) 'latest_only' retrieved from /home/airflow/.local/lib/python3.12/site-packages/airflow/example_dags/example_latest_only.py
[2024-05-26T17:58:18.471+0000] {logging_mixin.py:188} INFO - [2024-05-26T17:58:18.471+0000] {dag.py:3096} INFO - Sync 1 DAGs
[2024-05-26T17:58:18.495+0000] {logging_mixin.py:188} INFO - [2024-05-26T17:58:18.495+0000] {dag.py:3954} INFO - Setting next_dagrun for latest_only to 2024-05-26 12:00:00+00:00, run_after=2024-05-26 16:00:00+00:00
[2024-05-26T17:58:18.518+0000] {processor.py:183} INFO - Processing /home/airflow/.local/lib/python3.12/site-packages/airflow/example_dags/example_latest_only.py took 0.203 seconds
[2024-05-26T17:58:48.557+0000] {processor.py:161} INFO - Started process (PID=168) to work on /home/airflow/.local/lib/python3.12/site-packages/airflow/example_dags/example_latest_only.py
[2024-05-26T17:58:48.558+0000] {processor.py:830} INFO - Processing file /home/airflow/.local/lib/python3.12/site-packages/airflow/example_dags/example_latest_only.py for tasks to queue
[2024-05-26T17:58:48.560+0000] {logging_mixin.py:188} INFO - [2024-05-26T17:58:48.560+0000] {dagbag.py:545} INFO - Filling up the DagBag from /home/airflow/.local/lib/python3.12/site-packages/airflow/example_dags/example_latest_only.py
[2024-05-26T17:58:48.565+0000] {processor.py:840} INFO - DAG(s) 'latest_only' retrieved from /home/airflow/.local/lib/python3.12/site-packages/airflow/example_dags/example_latest_only.py
[2024-05-26T17:58:48.591+0000] {logging_mixin.py:188} INFO - [2024-05-26T17:58:48.591+0000] {dag.py:3096} INFO - Sync 1 DAGs
[2024-05-26T17:58:48.619+0000] {logging_mixin.py:188} INFO - [2024-05-26T17:58:48.619+0000] {dag.py:3954} INFO - Setting next_dagrun for latest_only to 2024-05-26 12:00:00+00:00, run_after=2024-05-26 16:00:00+00:00
[2024-05-26T17:58:48.642+0000] {processor.py:183} INFO - Processing /home/airflow/.local/lib/python3.12/site-packages/airflow/example_dags/example_latest_only.py took 0.091 seconds
