[2024-05-26T15:21:31.725+0000] {processor.py:161} INFO - Started process (PID=27) to work on /home/airflow/.local/lib/python3.12/site-packages/airflow/example_dags/example_subdag_operator.py
[2024-05-26T15:21:31.727+0000] {processor.py:830} INFO - Processing file /home/airflow/.local/lib/python3.12/site-packages/airflow/example_dags/example_subdag_operator.py for tasks to queue
[2024-05-26T15:21:31.733+0000] {logging_mixin.py:188} INFO - [2024-05-26T15:21:31.732+0000] {dagbag.py:545} INFO - Filling up the DagBag from /home/airflow/.local/lib/python3.12/site-packages/airflow/example_dags/example_subdag_operator.py
[2024-05-26T15:21:31.791+0000] {processor.py:840} INFO - DAG(s) 'example_subdag_operator.section-1', 'example_subdag_operator.section-2', 'example_subdag_operator' retrieved from /home/airflow/.local/lib/python3.12/site-packages/airflow/example_dags/example_subdag_operator.py
[2024-05-26T15:21:31.852+0000] {logging_mixin.py:188} INFO - [2024-05-26T15:21:31.851+0000] {dag.py:3096} INFO - Sync 3 DAGs
[2024-05-26T15:21:31.891+0000] {logging_mixin.py:188} INFO - [2024-05-26T15:21:31.890+0000] {dag.py:3954} INFO - Setting next_dagrun for example_subdag_operator to 2022-01-01 00:00:00+00:00, run_after=2022-01-01 00:00:00+00:00
[2024-05-26T15:21:31.900+0000] {logging_mixin.py:188} INFO - [2024-05-26T15:21:31.899+0000] {dag.py:3954} INFO - Setting next_dagrun for example_subdag_operator.section-1 to None, run_after=None
[2024-05-26T15:21:31.902+0000] {logging_mixin.py:188} INFO - [2024-05-26T15:21:31.902+0000] {dag.py:3954} INFO - Setting next_dagrun for example_subdag_operator.section-2 to None, run_after=None
[2024-05-26T15:21:31.913+0000] {logging_mixin.py:188} INFO - [2024-05-26T15:21:31.913+0000] {dag.py:3096} INFO - Sync 2 DAGs
[2024-05-26T15:21:31.928+0000] {logging_mixin.py:188} INFO - [2024-05-26T15:21:31.928+0000] {dag.py:3954} INFO - Setting next_dagrun for example_subdag_operator.section-1 to None, run_after=None
[2024-05-26T15:21:31.929+0000] {logging_mixin.py:188} INFO - [2024-05-26T15:21:31.929+0000] {dag.py:3954} INFO - Setting next_dagrun for example_subdag_operator.section-2 to None, run_after=None
[2024-05-26T15:21:31.948+0000] {processor.py:183} INFO - Processing /home/airflow/.local/lib/python3.12/site-packages/airflow/example_dags/example_subdag_operator.py took 0.239 seconds
[2024-05-26T15:22:02.439+0000] {processor.py:161} INFO - Started process (PID=85) to work on /home/airflow/.local/lib/python3.12/site-packages/airflow/example_dags/example_subdag_operator.py
[2024-05-26T15:22:02.441+0000] {processor.py:830} INFO - Processing file /home/airflow/.local/lib/python3.12/site-packages/airflow/example_dags/example_subdag_operator.py for tasks to queue
[2024-05-26T15:22:02.448+0000] {logging_mixin.py:188} INFO - [2024-05-26T15:22:02.447+0000] {dagbag.py:545} INFO - Filling up the DagBag from /home/airflow/.local/lib/python3.12/site-packages/airflow/example_dags/example_subdag_operator.py
[2024-05-26T15:22:02.481+0000] {processor.py:840} INFO - DAG(s) 'example_subdag_operator.section-1', 'example_subdag_operator.section-2', 'example_subdag_operator' retrieved from /home/airflow/.local/lib/python3.12/site-packages/airflow/example_dags/example_subdag_operator.py
[2024-05-26T15:22:02.501+0000] {logging_mixin.py:188} INFO - [2024-05-26T15:22:02.501+0000] {dag.py:3096} INFO - Sync 3 DAGs
[2024-05-26T15:22:02.530+0000] {logging_mixin.py:188} INFO - [2024-05-26T15:22:02.530+0000] {dag.py:3954} INFO - Setting next_dagrun for example_subdag_operator to 2022-01-01 00:00:00+00:00, run_after=2022-01-01 00:00:00+00:00
[2024-05-26T15:22:02.536+0000] {logging_mixin.py:188} INFO - [2024-05-26T15:22:02.536+0000] {dag.py:3954} INFO - Setting next_dagrun for example_subdag_operator.section-1 to None, run_after=None
[2024-05-26T15:22:02.539+0000] {logging_mixin.py:188} INFO - [2024-05-26T15:22:02.538+0000] {dag.py:3954} INFO - Setting next_dagrun for example_subdag_operator.section-2 to None, run_after=None
[2024-05-26T15:22:02.548+0000] {logging_mixin.py:188} INFO - [2024-05-26T15:22:02.548+0000] {dag.py:3096} INFO - Sync 2 DAGs
[2024-05-26T15:22:02.555+0000] {logging_mixin.py:188} INFO - [2024-05-26T15:22:02.555+0000] {dag.py:3954} INFO - Setting next_dagrun for example_subdag_operator.section-1 to None, run_after=None
[2024-05-26T15:22:02.556+0000] {logging_mixin.py:188} INFO - [2024-05-26T15:22:02.556+0000] {dag.py:3954} INFO - Setting next_dagrun for example_subdag_operator.section-2 to None, run_after=None
[2024-05-26T15:22:02.572+0000] {processor.py:183} INFO - Processing /home/airflow/.local/lib/python3.12/site-packages/airflow/example_dags/example_subdag_operator.py took 0.151 seconds
[2024-05-26T15:22:32.745+0000] {processor.py:161} INFO - Started process (PID=143) to work on /home/airflow/.local/lib/python3.12/site-packages/airflow/example_dags/example_subdag_operator.py
[2024-05-26T15:22:32.746+0000] {processor.py:830} INFO - Processing file /home/airflow/.local/lib/python3.12/site-packages/airflow/example_dags/example_subdag_operator.py for tasks to queue
[2024-05-26T15:22:32.749+0000] {logging_mixin.py:188} INFO - [2024-05-26T15:22:32.748+0000] {dagbag.py:545} INFO - Filling up the DagBag from /home/airflow/.local/lib/python3.12/site-packages/airflow/example_dags/example_subdag_operator.py
[2024-05-26T15:22:32.784+0000] {processor.py:840} INFO - DAG(s) 'example_subdag_operator.section-1', 'example_subdag_operator.section-2', 'example_subdag_operator' retrieved from /home/airflow/.local/lib/python3.12/site-packages/airflow/example_dags/example_subdag_operator.py
[2024-05-26T15:22:32.815+0000] {logging_mixin.py:188} INFO - [2024-05-26T15:22:32.815+0000] {dag.py:3096} INFO - Sync 3 DAGs
[2024-05-26T15:22:32.842+0000] {logging_mixin.py:188} INFO - [2024-05-26T15:22:32.842+0000] {dag.py:3954} INFO - Setting next_dagrun for example_subdag_operator to 2022-01-01 00:00:00+00:00, run_after=2022-01-01 00:00:00+00:00
[2024-05-26T15:22:32.848+0000] {logging_mixin.py:188} INFO - [2024-05-26T15:22:32.847+0000] {dag.py:3954} INFO - Setting next_dagrun for example_subdag_operator.section-1 to None, run_after=None
[2024-05-26T15:22:32.850+0000] {logging_mixin.py:188} INFO - [2024-05-26T15:22:32.850+0000] {dag.py:3954} INFO - Setting next_dagrun for example_subdag_operator.section-2 to None, run_after=None
[2024-05-26T15:22:32.858+0000] {logging_mixin.py:188} INFO - [2024-05-26T15:22:32.857+0000] {dag.py:3096} INFO - Sync 2 DAGs
[2024-05-26T15:22:32.864+0000] {logging_mixin.py:188} INFO - [2024-05-26T15:22:32.864+0000] {dag.py:3954} INFO - Setting next_dagrun for example_subdag_operator.section-1 to None, run_after=None
[2024-05-26T15:22:32.866+0000] {logging_mixin.py:188} INFO - [2024-05-26T15:22:32.866+0000] {dag.py:3954} INFO - Setting next_dagrun for example_subdag_operator.section-2 to None, run_after=None
[2024-05-26T15:22:32.880+0000] {processor.py:183} INFO - Processing /home/airflow/.local/lib/python3.12/site-packages/airflow/example_dags/example_subdag_operator.py took 0.143 seconds
[2024-05-26T15:23:03.118+0000] {processor.py:161} INFO - Started process (PID=201) to work on /home/airflow/.local/lib/python3.12/site-packages/airflow/example_dags/example_subdag_operator.py
[2024-05-26T15:23:03.121+0000] {processor.py:830} INFO - Processing file /home/airflow/.local/lib/python3.12/site-packages/airflow/example_dags/example_subdag_operator.py for tasks to queue
[2024-05-26T15:23:03.127+0000] {logging_mixin.py:188} INFO - [2024-05-26T15:23:03.126+0000] {dagbag.py:545} INFO - Filling up the DagBag from /home/airflow/.local/lib/python3.12/site-packages/airflow/example_dags/example_subdag_operator.py
[2024-05-26T15:23:03.160+0000] {processor.py:840} INFO - DAG(s) 'example_subdag_operator.section-1', 'example_subdag_operator.section-2', 'example_subdag_operator' retrieved from /home/airflow/.local/lib/python3.12/site-packages/airflow/example_dags/example_subdag_operator.py
[2024-05-26T15:23:03.180+0000] {logging_mixin.py:188} INFO - [2024-05-26T15:23:03.179+0000] {dag.py:3096} INFO - Sync 3 DAGs
[2024-05-26T15:23:03.207+0000] {logging_mixin.py:188} INFO - [2024-05-26T15:23:03.207+0000] {dag.py:3954} INFO - Setting next_dagrun for example_subdag_operator to 2022-01-01 00:00:00+00:00, run_after=2022-01-01 00:00:00+00:00
[2024-05-26T15:23:03.213+0000] {logging_mixin.py:188} INFO - [2024-05-26T15:23:03.213+0000] {dag.py:3954} INFO - Setting next_dagrun for example_subdag_operator.section-1 to None, run_after=None
[2024-05-26T15:23:03.215+0000] {logging_mixin.py:188} INFO - [2024-05-26T15:23:03.215+0000] {dag.py:3954} INFO - Setting next_dagrun for example_subdag_operator.section-2 to None, run_after=None
[2024-05-26T15:23:03.226+0000] {logging_mixin.py:188} INFO - [2024-05-26T15:23:03.226+0000] {dag.py:3096} INFO - Sync 2 DAGs
[2024-05-26T15:23:03.233+0000] {logging_mixin.py:188} INFO - [2024-05-26T15:23:03.233+0000] {dag.py:3954} INFO - Setting next_dagrun for example_subdag_operator.section-1 to None, run_after=None
[2024-05-26T15:23:03.234+0000] {logging_mixin.py:188} INFO - [2024-05-26T15:23:03.234+0000] {dag.py:3954} INFO - Setting next_dagrun for example_subdag_operator.section-2 to None, run_after=None
[2024-05-26T15:23:03.249+0000] {processor.py:183} INFO - Processing /home/airflow/.local/lib/python3.12/site-packages/airflow/example_dags/example_subdag_operator.py took 0.147 seconds
[2024-05-26T15:23:33.332+0000] {processor.py:161} INFO - Started process (PID=259) to work on /home/airflow/.local/lib/python3.12/site-packages/airflow/example_dags/example_subdag_operator.py
[2024-05-26T15:23:33.334+0000] {processor.py:830} INFO - Processing file /home/airflow/.local/lib/python3.12/site-packages/airflow/example_dags/example_subdag_operator.py for tasks to queue
[2024-05-26T15:23:33.339+0000] {logging_mixin.py:188} INFO - [2024-05-26T15:23:33.338+0000] {dagbag.py:545} INFO - Filling up the DagBag from /home/airflow/.local/lib/python3.12/site-packages/airflow/example_dags/example_subdag_operator.py
[2024-05-26T15:23:33.386+0000] {processor.py:840} INFO - DAG(s) 'example_subdag_operator.section-1', 'example_subdag_operator.section-2', 'example_subdag_operator' retrieved from /home/airflow/.local/lib/python3.12/site-packages/airflow/example_dags/example_subdag_operator.py
[2024-05-26T15:23:33.419+0000] {logging_mixin.py:188} INFO - [2024-05-26T15:23:33.419+0000] {dag.py:3096} INFO - Sync 3 DAGs
[2024-05-26T15:23:33.450+0000] {logging_mixin.py:188} INFO - [2024-05-26T15:23:33.449+0000] {dag.py:3954} INFO - Setting next_dagrun for example_subdag_operator to 2022-01-01 00:00:00+00:00, run_after=2022-01-01 00:00:00+00:00
[2024-05-26T15:23:33.461+0000] {logging_mixin.py:188} INFO - [2024-05-26T15:23:33.460+0000] {dag.py:3954} INFO - Setting next_dagrun for example_subdag_operator.section-1 to None, run_after=None
[2024-05-26T15:23:33.464+0000] {logging_mixin.py:188} INFO - [2024-05-26T15:23:33.464+0000] {dag.py:3954} INFO - Setting next_dagrun for example_subdag_operator.section-2 to None, run_after=None
[2024-05-26T15:23:33.480+0000] {logging_mixin.py:188} INFO - [2024-05-26T15:23:33.480+0000] {dag.py:3096} INFO - Sync 2 DAGs
[2024-05-26T15:23:33.488+0000] {logging_mixin.py:188} INFO - [2024-05-26T15:23:33.487+0000] {dag.py:3954} INFO - Setting next_dagrun for example_subdag_operator.section-1 to None, run_after=None
[2024-05-26T15:23:33.488+0000] {logging_mixin.py:188} INFO - [2024-05-26T15:23:33.488+0000] {dag.py:3954} INFO - Setting next_dagrun for example_subdag_operator.section-2 to None, run_after=None
[2024-05-26T15:23:33.500+0000] {processor.py:183} INFO - Processing /home/airflow/.local/lib/python3.12/site-packages/airflow/example_dags/example_subdag_operator.py took 0.184 seconds
[2024-05-26T15:24:03.892+0000] {processor.py:161} INFO - Started process (PID=317) to work on /home/airflow/.local/lib/python3.12/site-packages/airflow/example_dags/example_subdag_operator.py
[2024-05-26T15:24:03.895+0000] {processor.py:830} INFO - Processing file /home/airflow/.local/lib/python3.12/site-packages/airflow/example_dags/example_subdag_operator.py for tasks to queue
[2024-05-26T15:24:03.899+0000] {logging_mixin.py:188} INFO - [2024-05-26T15:24:03.899+0000] {dagbag.py:545} INFO - Filling up the DagBag from /home/airflow/.local/lib/python3.12/site-packages/airflow/example_dags/example_subdag_operator.py
[2024-05-26T15:24:03.936+0000] {processor.py:840} INFO - DAG(s) 'example_subdag_operator.section-1', 'example_subdag_operator.section-2', 'example_subdag_operator' retrieved from /home/airflow/.local/lib/python3.12/site-packages/airflow/example_dags/example_subdag_operator.py
[2024-05-26T15:24:03.959+0000] {logging_mixin.py:188} INFO - [2024-05-26T15:24:03.958+0000] {dag.py:3096} INFO - Sync 3 DAGs
[2024-05-26T15:24:03.987+0000] {logging_mixin.py:188} INFO - [2024-05-26T15:24:03.987+0000] {dag.py:3954} INFO - Setting next_dagrun for example_subdag_operator to 2022-01-01 00:00:00+00:00, run_after=2022-01-01 00:00:00+00:00
[2024-05-26T15:24:03.992+0000] {logging_mixin.py:188} INFO - [2024-05-26T15:24:03.992+0000] {dag.py:3954} INFO - Setting next_dagrun for example_subdag_operator.section-1 to None, run_after=None
[2024-05-26T15:24:03.994+0000] {logging_mixin.py:188} INFO - [2024-05-26T15:24:03.994+0000] {dag.py:3954} INFO - Setting next_dagrun for example_subdag_operator.section-2 to None, run_after=None
[2024-05-26T15:24:04.002+0000] {logging_mixin.py:188} INFO - [2024-05-26T15:24:04.001+0000] {dag.py:3096} INFO - Sync 2 DAGs
[2024-05-26T15:24:04.102+0000] {logging_mixin.py:188} INFO - [2024-05-26T15:24:04.101+0000] {dag.py:3954} INFO - Setting next_dagrun for example_subdag_operator.section-1 to None, run_after=None
[2024-05-26T15:24:04.103+0000] {logging_mixin.py:188} INFO - [2024-05-26T15:24:04.103+0000] {dag.py:3954} INFO - Setting next_dagrun for example_subdag_operator.section-2 to None, run_after=None
[2024-05-26T15:24:04.291+0000] {processor.py:183} INFO - Processing /home/airflow/.local/lib/python3.12/site-packages/airflow/example_dags/example_subdag_operator.py took 0.413 seconds
[2024-05-26T15:24:34.415+0000] {processor.py:161} INFO - Started process (PID=375) to work on /home/airflow/.local/lib/python3.12/site-packages/airflow/example_dags/example_subdag_operator.py
[2024-05-26T15:24:34.417+0000] {processor.py:830} INFO - Processing file /home/airflow/.local/lib/python3.12/site-packages/airflow/example_dags/example_subdag_operator.py for tasks to queue
[2024-05-26T15:24:34.423+0000] {logging_mixin.py:188} INFO - [2024-05-26T15:24:34.422+0000] {dagbag.py:545} INFO - Filling up the DagBag from /home/airflow/.local/lib/python3.12/site-packages/airflow/example_dags/example_subdag_operator.py
[2024-05-26T15:24:34.449+0000] {processor.py:840} INFO - DAG(s) 'example_subdag_operator.section-1', 'example_subdag_operator.section-2', 'example_subdag_operator' retrieved from /home/airflow/.local/lib/python3.12/site-packages/airflow/example_dags/example_subdag_operator.py
[2024-05-26T15:24:34.467+0000] {logging_mixin.py:188} INFO - [2024-05-26T15:24:34.466+0000] {dag.py:3096} INFO - Sync 3 DAGs
[2024-05-26T15:24:34.491+0000] {logging_mixin.py:188} INFO - [2024-05-26T15:24:34.491+0000] {dag.py:3954} INFO - Setting next_dagrun for example_subdag_operator to 2022-01-01 00:00:00+00:00, run_after=2022-01-01 00:00:00+00:00
[2024-05-26T15:24:34.496+0000] {logging_mixin.py:188} INFO - [2024-05-26T15:24:34.496+0000] {dag.py:3954} INFO - Setting next_dagrun for example_subdag_operator.section-1 to None, run_after=None
[2024-05-26T15:24:34.497+0000] {logging_mixin.py:188} INFO - [2024-05-26T15:24:34.497+0000] {dag.py:3954} INFO - Setting next_dagrun for example_subdag_operator.section-2 to None, run_after=None
[2024-05-26T15:24:34.507+0000] {logging_mixin.py:188} INFO - [2024-05-26T15:24:34.506+0000] {dag.py:3096} INFO - Sync 2 DAGs
[2024-05-26T15:24:34.513+0000] {logging_mixin.py:188} INFO - [2024-05-26T15:24:34.512+0000] {dag.py:3954} INFO - Setting next_dagrun for example_subdag_operator.section-1 to None, run_after=None
[2024-05-26T15:24:34.513+0000] {logging_mixin.py:188} INFO - [2024-05-26T15:24:34.513+0000] {dag.py:3954} INFO - Setting next_dagrun for example_subdag_operator.section-2 to None, run_after=None
[2024-05-26T15:24:34.526+0000] {processor.py:183} INFO - Processing /home/airflow/.local/lib/python3.12/site-packages/airflow/example_dags/example_subdag_operator.py took 0.125 seconds
[2024-05-26T15:25:04.747+0000] {processor.py:161} INFO - Started process (PID=433) to work on /home/airflow/.local/lib/python3.12/site-packages/airflow/example_dags/example_subdag_operator.py
[2024-05-26T15:25:04.749+0000] {processor.py:830} INFO - Processing file /home/airflow/.local/lib/python3.12/site-packages/airflow/example_dags/example_subdag_operator.py for tasks to queue
[2024-05-26T15:25:04.751+0000] {logging_mixin.py:188} INFO - [2024-05-26T15:25:04.750+0000] {dagbag.py:545} INFO - Filling up the DagBag from /home/airflow/.local/lib/python3.12/site-packages/airflow/example_dags/example_subdag_operator.py
[2024-05-26T15:25:04.776+0000] {processor.py:840} INFO - DAG(s) 'example_subdag_operator.section-1', 'example_subdag_operator.section-2', 'example_subdag_operator' retrieved from /home/airflow/.local/lib/python3.12/site-packages/airflow/example_dags/example_subdag_operator.py
[2024-05-26T15:25:04.796+0000] {logging_mixin.py:188} INFO - [2024-05-26T15:25:04.795+0000] {dag.py:3096} INFO - Sync 3 DAGs
[2024-05-26T15:25:04.823+0000] {logging_mixin.py:188} INFO - [2024-05-26T15:25:04.822+0000] {dag.py:3954} INFO - Setting next_dagrun for example_subdag_operator to 2022-01-01 00:00:00+00:00, run_after=2022-01-01 00:00:00+00:00
[2024-05-26T15:25:04.828+0000] {logging_mixin.py:188} INFO - [2024-05-26T15:25:04.828+0000] {dag.py:3954} INFO - Setting next_dagrun for example_subdag_operator.section-1 to None, run_after=None
[2024-05-26T15:25:04.832+0000] {logging_mixin.py:188} INFO - [2024-05-26T15:25:04.832+0000] {dag.py:3954} INFO - Setting next_dagrun for example_subdag_operator.section-2 to None, run_after=None
[2024-05-26T15:25:04.842+0000] {logging_mixin.py:188} INFO - [2024-05-26T15:25:04.842+0000] {dag.py:3096} INFO - Sync 2 DAGs
[2024-05-26T15:25:04.849+0000] {logging_mixin.py:188} INFO - [2024-05-26T15:25:04.849+0000] {dag.py:3954} INFO - Setting next_dagrun for example_subdag_operator.section-1 to None, run_after=None
[2024-05-26T15:25:04.850+0000] {logging_mixin.py:188} INFO - [2024-05-26T15:25:04.850+0000] {dag.py:3954} INFO - Setting next_dagrun for example_subdag_operator.section-2 to None, run_after=None
[2024-05-26T15:25:04.863+0000] {processor.py:183} INFO - Processing /home/airflow/.local/lib/python3.12/site-packages/airflow/example_dags/example_subdag_operator.py took 0.124 seconds
[2024-05-26T15:25:35.088+0000] {processor.py:161} INFO - Started process (PID=491) to work on /home/airflow/.local/lib/python3.12/site-packages/airflow/example_dags/example_subdag_operator.py
[2024-05-26T15:25:35.090+0000] {processor.py:830} INFO - Processing file /home/airflow/.local/lib/python3.12/site-packages/airflow/example_dags/example_subdag_operator.py for tasks to queue
[2024-05-26T15:25:35.095+0000] {logging_mixin.py:188} INFO - [2024-05-26T15:25:35.094+0000] {dagbag.py:545} INFO - Filling up the DagBag from /home/airflow/.local/lib/python3.12/site-packages/airflow/example_dags/example_subdag_operator.py
[2024-05-26T15:25:35.137+0000] {processor.py:840} INFO - DAG(s) 'example_subdag_operator.section-1', 'example_subdag_operator.section-2', 'example_subdag_operator' retrieved from /home/airflow/.local/lib/python3.12/site-packages/airflow/example_dags/example_subdag_operator.py
[2024-05-26T15:25:35.159+0000] {logging_mixin.py:188} INFO - [2024-05-26T15:25:35.158+0000] {dag.py:3096} INFO - Sync 3 DAGs
[2024-05-26T15:25:35.188+0000] {logging_mixin.py:188} INFO - [2024-05-26T15:25:35.188+0000] {dag.py:3954} INFO - Setting next_dagrun for example_subdag_operator to 2022-01-01 00:00:00+00:00, run_after=2022-01-01 00:00:00+00:00
[2024-05-26T15:25:35.194+0000] {logging_mixin.py:188} INFO - [2024-05-26T15:25:35.194+0000] {dag.py:3954} INFO - Setting next_dagrun for example_subdag_operator.section-1 to None, run_after=None
[2024-05-26T15:25:35.197+0000] {logging_mixin.py:188} INFO - [2024-05-26T15:25:35.196+0000] {dag.py:3954} INFO - Setting next_dagrun for example_subdag_operator.section-2 to None, run_after=None
[2024-05-26T15:25:35.206+0000] {logging_mixin.py:188} INFO - [2024-05-26T15:25:35.206+0000] {dag.py:3096} INFO - Sync 2 DAGs
[2024-05-26T15:25:35.215+0000] {logging_mixin.py:188} INFO - [2024-05-26T15:25:35.214+0000] {dag.py:3954} INFO - Setting next_dagrun for example_subdag_operator.section-1 to None, run_after=None
[2024-05-26T15:25:35.215+0000] {logging_mixin.py:188} INFO - [2024-05-26T15:25:35.215+0000] {dag.py:3954} INFO - Setting next_dagrun for example_subdag_operator.section-2 to None, run_after=None
[2024-05-26T15:25:35.231+0000] {processor.py:183} INFO - Processing /home/airflow/.local/lib/python3.12/site-packages/airflow/example_dags/example_subdag_operator.py took 0.158 seconds
[2024-05-26T15:26:05.405+0000] {processor.py:161} INFO - Started process (PID=549) to work on /home/airflow/.local/lib/python3.12/site-packages/airflow/example_dags/example_subdag_operator.py
[2024-05-26T15:26:05.407+0000] {processor.py:830} INFO - Processing file /home/airflow/.local/lib/python3.12/site-packages/airflow/example_dags/example_subdag_operator.py for tasks to queue
[2024-05-26T15:26:05.410+0000] {logging_mixin.py:188} INFO - [2024-05-26T15:26:05.409+0000] {dagbag.py:545} INFO - Filling up the DagBag from /home/airflow/.local/lib/python3.12/site-packages/airflow/example_dags/example_subdag_operator.py
[2024-05-26T15:26:05.458+0000] {processor.py:840} INFO - DAG(s) 'example_subdag_operator.section-1', 'example_subdag_operator.section-2', 'example_subdag_operator' retrieved from /home/airflow/.local/lib/python3.12/site-packages/airflow/example_dags/example_subdag_operator.py
[2024-05-26T15:26:05.478+0000] {logging_mixin.py:188} INFO - [2024-05-26T15:26:05.478+0000] {dag.py:3096} INFO - Sync 3 DAGs
[2024-05-26T15:26:05.507+0000] {logging_mixin.py:188} INFO - [2024-05-26T15:26:05.507+0000] {dag.py:3954} INFO - Setting next_dagrun for example_subdag_operator to 2022-01-01 00:00:00+00:00, run_after=2022-01-01 00:00:00+00:00
[2024-05-26T15:26:05.512+0000] {logging_mixin.py:188} INFO - [2024-05-26T15:26:05.511+0000] {dag.py:3954} INFO - Setting next_dagrun for example_subdag_operator.section-1 to None, run_after=None
[2024-05-26T15:26:05.514+0000] {logging_mixin.py:188} INFO - [2024-05-26T15:26:05.513+0000] {dag.py:3954} INFO - Setting next_dagrun for example_subdag_operator.section-2 to None, run_after=None
[2024-05-26T15:26:05.521+0000] {logging_mixin.py:188} INFO - [2024-05-26T15:26:05.521+0000] {dag.py:3096} INFO - Sync 2 DAGs
[2024-05-26T15:26:05.527+0000] {logging_mixin.py:188} INFO - [2024-05-26T15:26:05.527+0000] {dag.py:3954} INFO - Setting next_dagrun for example_subdag_operator.section-1 to None, run_after=None
[2024-05-26T15:26:05.527+0000] {logging_mixin.py:188} INFO - [2024-05-26T15:26:05.527+0000] {dag.py:3954} INFO - Setting next_dagrun for example_subdag_operator.section-2 to None, run_after=None
[2024-05-26T15:26:05.541+0000] {processor.py:183} INFO - Processing /home/airflow/.local/lib/python3.12/site-packages/airflow/example_dags/example_subdag_operator.py took 0.147 seconds
[2024-05-26T15:26:36.072+0000] {processor.py:161} INFO - Started process (PID=607) to work on /home/airflow/.local/lib/python3.12/site-packages/airflow/example_dags/example_subdag_operator.py
[2024-05-26T15:26:36.075+0000] {processor.py:830} INFO - Processing file /home/airflow/.local/lib/python3.12/site-packages/airflow/example_dags/example_subdag_operator.py for tasks to queue
[2024-05-26T15:26:36.080+0000] {logging_mixin.py:188} INFO - [2024-05-26T15:26:36.079+0000] {dagbag.py:545} INFO - Filling up the DagBag from /home/airflow/.local/lib/python3.12/site-packages/airflow/example_dags/example_subdag_operator.py
[2024-05-26T15:26:36.121+0000] {processor.py:840} INFO - DAG(s) 'example_subdag_operator.section-1', 'example_subdag_operator.section-2', 'example_subdag_operator' retrieved from /home/airflow/.local/lib/python3.12/site-packages/airflow/example_dags/example_subdag_operator.py
[2024-05-26T15:26:36.158+0000] {logging_mixin.py:188} INFO - [2024-05-26T15:26:36.158+0000] {dag.py:3096} INFO - Sync 3 DAGs
[2024-05-26T15:26:36.190+0000] {logging_mixin.py:188} INFO - [2024-05-26T15:26:36.189+0000] {dag.py:3954} INFO - Setting next_dagrun for example_subdag_operator to 2022-01-01 00:00:00+00:00, run_after=2022-01-01 00:00:00+00:00
[2024-05-26T15:26:36.195+0000] {logging_mixin.py:188} INFO - [2024-05-26T15:26:36.195+0000] {dag.py:3954} INFO - Setting next_dagrun for example_subdag_operator.section-1 to None, run_after=None
[2024-05-26T15:26:36.197+0000] {logging_mixin.py:188} INFO - [2024-05-26T15:26:36.197+0000] {dag.py:3954} INFO - Setting next_dagrun for example_subdag_operator.section-2 to None, run_after=None
[2024-05-26T15:26:36.206+0000] {logging_mixin.py:188} INFO - [2024-05-26T15:26:36.206+0000] {dag.py:3096} INFO - Sync 2 DAGs
[2024-05-26T15:26:36.213+0000] {logging_mixin.py:188} INFO - [2024-05-26T15:26:36.213+0000] {dag.py:3954} INFO - Setting next_dagrun for example_subdag_operator.section-1 to None, run_after=None
[2024-05-26T15:26:36.214+0000] {logging_mixin.py:188} INFO - [2024-05-26T15:26:36.214+0000] {dag.py:3954} INFO - Setting next_dagrun for example_subdag_operator.section-2 to None, run_after=None
[2024-05-26T15:26:36.228+0000] {processor.py:183} INFO - Processing /home/airflow/.local/lib/python3.12/site-packages/airflow/example_dags/example_subdag_operator.py took 0.172 seconds
[2024-05-26T15:27:06.398+0000] {processor.py:161} INFO - Started process (PID=665) to work on /home/airflow/.local/lib/python3.12/site-packages/airflow/example_dags/example_subdag_operator.py
[2024-05-26T15:27:06.400+0000] {processor.py:830} INFO - Processing file /home/airflow/.local/lib/python3.12/site-packages/airflow/example_dags/example_subdag_operator.py for tasks to queue
[2024-05-26T15:27:06.405+0000] {logging_mixin.py:188} INFO - [2024-05-26T15:27:06.404+0000] {dagbag.py:545} INFO - Filling up the DagBag from /home/airflow/.local/lib/python3.12/site-packages/airflow/example_dags/example_subdag_operator.py
[2024-05-26T15:27:06.454+0000] {processor.py:840} INFO - DAG(s) 'example_subdag_operator.section-1', 'example_subdag_operator.section-2', 'example_subdag_operator' retrieved from /home/airflow/.local/lib/python3.12/site-packages/airflow/example_dags/example_subdag_operator.py
[2024-05-26T15:27:06.484+0000] {logging_mixin.py:188} INFO - [2024-05-26T15:27:06.484+0000] {dag.py:3096} INFO - Sync 3 DAGs
[2024-05-26T15:27:06.514+0000] {logging_mixin.py:188} INFO - [2024-05-26T15:27:06.513+0000] {dag.py:3954} INFO - Setting next_dagrun for example_subdag_operator to 2022-01-01 00:00:00+00:00, run_after=2022-01-01 00:00:00+00:00
[2024-05-26T15:27:06.518+0000] {logging_mixin.py:188} INFO - [2024-05-26T15:27:06.518+0000] {dag.py:3954} INFO - Setting next_dagrun for example_subdag_operator.section-1 to None, run_after=None
[2024-05-26T15:27:06.522+0000] {logging_mixin.py:188} INFO - [2024-05-26T15:27:06.521+0000] {dag.py:3954} INFO - Setting next_dagrun for example_subdag_operator.section-2 to None, run_after=None
[2024-05-26T15:27:06.536+0000] {logging_mixin.py:188} INFO - [2024-05-26T15:27:06.536+0000] {dag.py:3096} INFO - Sync 2 DAGs
[2024-05-26T15:27:06.544+0000] {logging_mixin.py:188} INFO - [2024-05-26T15:27:06.543+0000] {dag.py:3954} INFO - Setting next_dagrun for example_subdag_operator.section-1 to None, run_after=None
[2024-05-26T15:27:06.544+0000] {logging_mixin.py:188} INFO - [2024-05-26T15:27:06.544+0000] {dag.py:3954} INFO - Setting next_dagrun for example_subdag_operator.section-2 to None, run_after=None
[2024-05-26T15:27:06.561+0000] {processor.py:183} INFO - Processing /home/airflow/.local/lib/python3.12/site-packages/airflow/example_dags/example_subdag_operator.py took 0.180 seconds
[2024-05-26T17:43:35.462+0000] {processor.py:161} INFO - Started process (PID=38) to work on /home/airflow/.local/lib/python3.12/site-packages/airflow/example_dags/example_subdag_operator.py
[2024-05-26T17:43:35.464+0000] {processor.py:830} INFO - Processing file /home/airflow/.local/lib/python3.12/site-packages/airflow/example_dags/example_subdag_operator.py for tasks to queue
[2024-05-26T17:43:35.467+0000] {logging_mixin.py:188} INFO - [2024-05-26T17:43:35.466+0000] {dagbag.py:545} INFO - Filling up the DagBag from /home/airflow/.local/lib/python3.12/site-packages/airflow/example_dags/example_subdag_operator.py
[2024-05-26T17:43:35.505+0000] {processor.py:840} INFO - DAG(s) 'example_subdag_operator.section-1', 'example_subdag_operator.section-2', 'example_subdag_operator' retrieved from /home/airflow/.local/lib/python3.12/site-packages/airflow/example_dags/example_subdag_operator.py
[2024-05-26T17:43:35.511+0000] {logging_mixin.py:188} INFO - [2024-05-26T17:43:35.511+0000] {dag.py:3096} INFO - Sync 3 DAGs
[2024-05-26T17:43:35.546+0000] {logging_mixin.py:188} INFO - [2024-05-26T17:43:35.546+0000] {dag.py:3954} INFO - Setting next_dagrun for example_subdag_operator to 2022-01-01 00:00:00+00:00, run_after=2022-01-01 00:00:00+00:00
[2024-05-26T17:43:35.551+0000] {logging_mixin.py:188} INFO - [2024-05-26T17:43:35.551+0000] {dag.py:3954} INFO - Setting next_dagrun for example_subdag_operator.section-1 to None, run_after=None
[2024-05-26T17:43:35.553+0000] {logging_mixin.py:188} INFO - [2024-05-26T17:43:35.553+0000] {dag.py:3954} INFO - Setting next_dagrun for example_subdag_operator.section-2 to None, run_after=None
[2024-05-26T17:43:35.563+0000] {logging_mixin.py:188} INFO - [2024-05-26T17:43:35.563+0000] {dag.py:3096} INFO - Sync 2 DAGs
[2024-05-26T17:43:35.570+0000] {logging_mixin.py:188} INFO - [2024-05-26T17:43:35.570+0000] {dag.py:3954} INFO - Setting next_dagrun for example_subdag_operator.section-1 to None, run_after=None
[2024-05-26T17:43:35.571+0000] {logging_mixin.py:188} INFO - [2024-05-26T17:43:35.570+0000] {dag.py:3954} INFO - Setting next_dagrun for example_subdag_operator.section-2 to None, run_after=None
[2024-05-26T17:43:35.584+0000] {processor.py:183} INFO - Processing /home/airflow/.local/lib/python3.12/site-packages/airflow/example_dags/example_subdag_operator.py took 0.128 seconds
[2024-05-26T17:44:07.086+0000] {processor.py:161} INFO - Started process (PID=96) to work on /home/airflow/.local/lib/python3.12/site-packages/airflow/example_dags/example_subdag_operator.py
[2024-05-26T17:44:07.087+0000] {processor.py:830} INFO - Processing file /home/airflow/.local/lib/python3.12/site-packages/airflow/example_dags/example_subdag_operator.py for tasks to queue
[2024-05-26T17:44:07.089+0000] {logging_mixin.py:188} INFO - [2024-05-26T17:44:07.088+0000] {dagbag.py:545} INFO - Filling up the DagBag from /home/airflow/.local/lib/python3.12/site-packages/airflow/example_dags/example_subdag_operator.py
[2024-05-26T17:44:07.114+0000] {processor.py:840} INFO - DAG(s) 'example_subdag_operator.section-1', 'example_subdag_operator.section-2', 'example_subdag_operator' retrieved from /home/airflow/.local/lib/python3.12/site-packages/airflow/example_dags/example_subdag_operator.py
[2024-05-26T17:44:07.236+0000] {logging_mixin.py:188} INFO - [2024-05-26T17:44:07.236+0000] {dag.py:3096} INFO - Sync 3 DAGs
[2024-05-26T17:44:07.261+0000] {logging_mixin.py:188} INFO - [2024-05-26T17:44:07.261+0000] {dag.py:3954} INFO - Setting next_dagrun for example_subdag_operator to 2022-01-01 00:00:00+00:00, run_after=2022-01-01 00:00:00+00:00
[2024-05-26T17:44:07.271+0000] {logging_mixin.py:188} INFO - [2024-05-26T17:44:07.270+0000] {dag.py:3954} INFO - Setting next_dagrun for example_subdag_operator.section-1 to None, run_after=None
[2024-05-26T17:44:07.275+0000] {logging_mixin.py:188} INFO - [2024-05-26T17:44:07.274+0000] {dag.py:3954} INFO - Setting next_dagrun for example_subdag_operator.section-2 to None, run_after=None
[2024-05-26T17:44:07.296+0000] {logging_mixin.py:188} INFO - [2024-05-26T17:44:07.295+0000] {dag.py:3096} INFO - Sync 2 DAGs
[2024-05-26T17:44:07.306+0000] {logging_mixin.py:188} INFO - [2024-05-26T17:44:07.306+0000] {dag.py:3954} INFO - Setting next_dagrun for example_subdag_operator.section-1 to None, run_after=None
[2024-05-26T17:44:07.307+0000] {logging_mixin.py:188} INFO - [2024-05-26T17:44:07.307+0000] {dag.py:3954} INFO - Setting next_dagrun for example_subdag_operator.section-2 to None, run_after=None
[2024-05-26T17:44:07.323+0000] {processor.py:183} INFO - Processing /home/airflow/.local/lib/python3.12/site-packages/airflow/example_dags/example_subdag_operator.py took 0.249 seconds
[2024-05-26T17:44:37.905+0000] {processor.py:161} INFO - Started process (PID=154) to work on /home/airflow/.local/lib/python3.12/site-packages/airflow/example_dags/example_subdag_operator.py
[2024-05-26T17:44:37.908+0000] {processor.py:830} INFO - Processing file /home/airflow/.local/lib/python3.12/site-packages/airflow/example_dags/example_subdag_operator.py for tasks to queue
[2024-05-26T17:44:37.910+0000] {logging_mixin.py:188} INFO - [2024-05-26T17:44:37.910+0000] {dagbag.py:545} INFO - Filling up the DagBag from /home/airflow/.local/lib/python3.12/site-packages/airflow/example_dags/example_subdag_operator.py
[2024-05-26T17:44:37.942+0000] {processor.py:840} INFO - DAG(s) 'example_subdag_operator.section-1', 'example_subdag_operator.section-2', 'example_subdag_operator' retrieved from /home/airflow/.local/lib/python3.12/site-packages/airflow/example_dags/example_subdag_operator.py
[2024-05-26T17:44:37.968+0000] {logging_mixin.py:188} INFO - [2024-05-26T17:44:37.968+0000] {dag.py:3096} INFO - Sync 3 DAGs
[2024-05-26T17:44:38.001+0000] {logging_mixin.py:188} INFO - [2024-05-26T17:44:38.000+0000] {dag.py:3954} INFO - Setting next_dagrun for example_subdag_operator to 2022-01-01 00:00:00+00:00, run_after=2022-01-01 00:00:00+00:00
[2024-05-26T17:44:38.006+0000] {logging_mixin.py:188} INFO - [2024-05-26T17:44:38.005+0000] {dag.py:3954} INFO - Setting next_dagrun for example_subdag_operator.section-1 to None, run_after=None
[2024-05-26T17:44:38.008+0000] {logging_mixin.py:188} INFO - [2024-05-26T17:44:38.007+0000] {dag.py:3954} INFO - Setting next_dagrun for example_subdag_operator.section-2 to None, run_after=None
[2024-05-26T17:44:38.019+0000] {logging_mixin.py:188} INFO - [2024-05-26T17:44:38.018+0000] {dag.py:3096} INFO - Sync 2 DAGs
[2024-05-26T17:44:38.027+0000] {logging_mixin.py:188} INFO - [2024-05-26T17:44:38.027+0000] {dag.py:3954} INFO - Setting next_dagrun for example_subdag_operator.section-1 to None, run_after=None
[2024-05-26T17:44:38.028+0000] {logging_mixin.py:188} INFO - [2024-05-26T17:44:38.028+0000] {dag.py:3954} INFO - Setting next_dagrun for example_subdag_operator.section-2 to None, run_after=None
[2024-05-26T17:44:38.049+0000] {processor.py:183} INFO - Processing /home/airflow/.local/lib/python3.12/site-packages/airflow/example_dags/example_subdag_operator.py took 0.151 seconds
[2024-05-26T17:45:08.429+0000] {processor.py:161} INFO - Started process (PID=211) to work on /home/airflow/.local/lib/python3.12/site-packages/airflow/example_dags/example_subdag_operator.py
[2024-05-26T17:45:08.430+0000] {processor.py:830} INFO - Processing file /home/airflow/.local/lib/python3.12/site-packages/airflow/example_dags/example_subdag_operator.py for tasks to queue
[2024-05-26T17:45:08.432+0000] {logging_mixin.py:188} INFO - [2024-05-26T17:45:08.432+0000] {dagbag.py:545} INFO - Filling up the DagBag from /home/airflow/.local/lib/python3.12/site-packages/airflow/example_dags/example_subdag_operator.py
[2024-05-26T17:45:08.458+0000] {processor.py:840} INFO - DAG(s) 'example_subdag_operator.section-1', 'example_subdag_operator.section-2', 'example_subdag_operator' retrieved from /home/airflow/.local/lib/python3.12/site-packages/airflow/example_dags/example_subdag_operator.py
[2024-05-26T17:45:08.477+0000] {logging_mixin.py:188} INFO - [2024-05-26T17:45:08.476+0000] {dag.py:3096} INFO - Sync 3 DAGs
[2024-05-26T17:45:08.507+0000] {logging_mixin.py:188} INFO - [2024-05-26T17:45:08.507+0000] {dag.py:3954} INFO - Setting next_dagrun for example_subdag_operator to 2022-01-01 00:00:00+00:00, run_after=2022-01-01 00:00:00+00:00
[2024-05-26T17:45:08.513+0000] {logging_mixin.py:188} INFO - [2024-05-26T17:45:08.512+0000] {dag.py:3954} INFO - Setting next_dagrun for example_subdag_operator.section-1 to None, run_after=None
[2024-05-26T17:45:08.515+0000] {logging_mixin.py:188} INFO - [2024-05-26T17:45:08.514+0000] {dag.py:3954} INFO - Setting next_dagrun for example_subdag_operator.section-2 to None, run_after=None
[2024-05-26T17:45:08.526+0000] {logging_mixin.py:188} INFO - [2024-05-26T17:45:08.525+0000] {dag.py:3096} INFO - Sync 2 DAGs
[2024-05-26T17:45:08.533+0000] {logging_mixin.py:188} INFO - [2024-05-26T17:45:08.532+0000] {dag.py:3954} INFO - Setting next_dagrun for example_subdag_operator.section-1 to None, run_after=None
[2024-05-26T17:45:08.533+0000] {logging_mixin.py:188} INFO - [2024-05-26T17:45:08.533+0000] {dag.py:3954} INFO - Setting next_dagrun for example_subdag_operator.section-2 to None, run_after=None
[2024-05-26T17:45:08.547+0000] {processor.py:183} INFO - Processing /home/airflow/.local/lib/python3.12/site-packages/airflow/example_dags/example_subdag_operator.py took 0.124 seconds
[2024-05-26T17:45:38.586+0000] {processor.py:161} INFO - Started process (PID=268) to work on /home/airflow/.local/lib/python3.12/site-packages/airflow/example_dags/example_subdag_operator.py
[2024-05-26T17:45:38.588+0000] {processor.py:830} INFO - Processing file /home/airflow/.local/lib/python3.12/site-packages/airflow/example_dags/example_subdag_operator.py for tasks to queue
[2024-05-26T17:45:38.590+0000] {logging_mixin.py:188} INFO - [2024-05-26T17:45:38.590+0000] {dagbag.py:545} INFO - Filling up the DagBag from /home/airflow/.local/lib/python3.12/site-packages/airflow/example_dags/example_subdag_operator.py
[2024-05-26T17:45:38.621+0000] {processor.py:840} INFO - DAG(s) 'example_subdag_operator.section-1', 'example_subdag_operator.section-2', 'example_subdag_operator' retrieved from /home/airflow/.local/lib/python3.12/site-packages/airflow/example_dags/example_subdag_operator.py
[2024-05-26T17:45:38.647+0000] {logging_mixin.py:188} INFO - [2024-05-26T17:45:38.646+0000] {dag.py:3096} INFO - Sync 3 DAGs
[2024-05-26T17:45:38.673+0000] {logging_mixin.py:188} INFO - [2024-05-26T17:45:38.673+0000] {dag.py:3954} INFO - Setting next_dagrun for example_subdag_operator to 2022-01-01 00:00:00+00:00, run_after=2022-01-01 00:00:00+00:00
[2024-05-26T17:45:38.678+0000] {logging_mixin.py:188} INFO - [2024-05-26T17:45:38.678+0000] {dag.py:3954} INFO - Setting next_dagrun for example_subdag_operator.section-1 to None, run_after=None
[2024-05-26T17:45:38.680+0000] {logging_mixin.py:188} INFO - [2024-05-26T17:45:38.680+0000] {dag.py:3954} INFO - Setting next_dagrun for example_subdag_operator.section-2 to None, run_after=None
[2024-05-26T17:45:38.688+0000] {logging_mixin.py:188} INFO - [2024-05-26T17:45:38.688+0000] {dag.py:3096} INFO - Sync 2 DAGs
[2024-05-26T17:45:38.694+0000] {logging_mixin.py:188} INFO - [2024-05-26T17:45:38.694+0000] {dag.py:3954} INFO - Setting next_dagrun for example_subdag_operator.section-1 to None, run_after=None
[2024-05-26T17:45:38.694+0000] {logging_mixin.py:188} INFO - [2024-05-26T17:45:38.694+0000] {dag.py:3954} INFO - Setting next_dagrun for example_subdag_operator.section-2 to None, run_after=None
[2024-05-26T17:45:38.709+0000] {processor.py:183} INFO - Processing /home/airflow/.local/lib/python3.12/site-packages/airflow/example_dags/example_subdag_operator.py took 0.131 seconds
[2024-05-26T17:46:09.167+0000] {processor.py:161} INFO - Started process (PID=325) to work on /home/airflow/.local/lib/python3.12/site-packages/airflow/example_dags/example_subdag_operator.py
[2024-05-26T17:46:09.168+0000] {processor.py:830} INFO - Processing file /home/airflow/.local/lib/python3.12/site-packages/airflow/example_dags/example_subdag_operator.py for tasks to queue
[2024-05-26T17:46:09.170+0000] {logging_mixin.py:188} INFO - [2024-05-26T17:46:09.169+0000] {dagbag.py:545} INFO - Filling up the DagBag from /home/airflow/.local/lib/python3.12/site-packages/airflow/example_dags/example_subdag_operator.py
[2024-05-26T17:46:09.196+0000] {processor.py:840} INFO - DAG(s) 'example_subdag_operator.section-1', 'example_subdag_operator.section-2', 'example_subdag_operator' retrieved from /home/airflow/.local/lib/python3.12/site-packages/airflow/example_dags/example_subdag_operator.py
[2024-05-26T17:46:09.214+0000] {logging_mixin.py:188} INFO - [2024-05-26T17:46:09.213+0000] {dag.py:3096} INFO - Sync 3 DAGs
[2024-05-26T17:46:09.240+0000] {logging_mixin.py:188} INFO - [2024-05-26T17:46:09.239+0000] {dag.py:3954} INFO - Setting next_dagrun for example_subdag_operator to 2022-01-01 00:00:00+00:00, run_after=2022-01-01 00:00:00+00:00
[2024-05-26T17:46:09.245+0000] {logging_mixin.py:188} INFO - [2024-05-26T17:46:09.245+0000] {dag.py:3954} INFO - Setting next_dagrun for example_subdag_operator.section-1 to None, run_after=None
[2024-05-26T17:46:09.248+0000] {logging_mixin.py:188} INFO - [2024-05-26T17:46:09.248+0000] {dag.py:3954} INFO - Setting next_dagrun for example_subdag_operator.section-2 to None, run_after=None
[2024-05-26T17:46:09.258+0000] {logging_mixin.py:188} INFO - [2024-05-26T17:46:09.258+0000] {dag.py:3096} INFO - Sync 2 DAGs
[2024-05-26T17:46:09.265+0000] {logging_mixin.py:188} INFO - [2024-05-26T17:46:09.265+0000] {dag.py:3954} INFO - Setting next_dagrun for example_subdag_operator.section-1 to None, run_after=None
[2024-05-26T17:46:09.268+0000] {logging_mixin.py:188} INFO - [2024-05-26T17:46:09.268+0000] {dag.py:3954} INFO - Setting next_dagrun for example_subdag_operator.section-2 to None, run_after=None
[2024-05-26T17:46:09.279+0000] {processor.py:183} INFO - Processing /home/airflow/.local/lib/python3.12/site-packages/airflow/example_dags/example_subdag_operator.py took 0.120 seconds
[2024-05-26T17:46:39.799+0000] {processor.py:161} INFO - Started process (PID=383) to work on /home/airflow/.local/lib/python3.12/site-packages/airflow/example_dags/example_subdag_operator.py
[2024-05-26T17:46:39.800+0000] {processor.py:830} INFO - Processing file /home/airflow/.local/lib/python3.12/site-packages/airflow/example_dags/example_subdag_operator.py for tasks to queue
[2024-05-26T17:46:39.803+0000] {logging_mixin.py:188} INFO - [2024-05-26T17:46:39.802+0000] {dagbag.py:545} INFO - Filling up the DagBag from /home/airflow/.local/lib/python3.12/site-packages/airflow/example_dags/example_subdag_operator.py
[2024-05-26T17:46:39.830+0000] {processor.py:840} INFO - DAG(s) 'example_subdag_operator.section-1', 'example_subdag_operator.section-2', 'example_subdag_operator' retrieved from /home/airflow/.local/lib/python3.12/site-packages/airflow/example_dags/example_subdag_operator.py
[2024-05-26T17:46:39.856+0000] {logging_mixin.py:188} INFO - [2024-05-26T17:46:39.855+0000] {dag.py:3096} INFO - Sync 3 DAGs
[2024-05-26T17:46:39.887+0000] {logging_mixin.py:188} INFO - [2024-05-26T17:46:39.886+0000] {dag.py:3954} INFO - Setting next_dagrun for example_subdag_operator to 2022-01-01 00:00:00+00:00, run_after=2022-01-01 00:00:00+00:00
[2024-05-26T17:46:39.894+0000] {logging_mixin.py:188} INFO - [2024-05-26T17:46:39.893+0000] {dag.py:3954} INFO - Setting next_dagrun for example_subdag_operator.section-1 to None, run_after=None
[2024-05-26T17:46:39.896+0000] {logging_mixin.py:188} INFO - [2024-05-26T17:46:39.895+0000] {dag.py:3954} INFO - Setting next_dagrun for example_subdag_operator.section-2 to None, run_after=None
[2024-05-26T17:46:39.906+0000] {logging_mixin.py:188} INFO - [2024-05-26T17:46:39.906+0000] {dag.py:3096} INFO - Sync 2 DAGs
[2024-05-26T17:46:39.916+0000] {logging_mixin.py:188} INFO - [2024-05-26T17:46:39.916+0000] {dag.py:3954} INFO - Setting next_dagrun for example_subdag_operator.section-1 to None, run_after=None
[2024-05-26T17:46:39.917+0000] {logging_mixin.py:188} INFO - [2024-05-26T17:46:39.916+0000] {dag.py:3954} INFO - Setting next_dagrun for example_subdag_operator.section-2 to None, run_after=None
[2024-05-26T17:46:39.929+0000] {processor.py:183} INFO - Processing /home/airflow/.local/lib/python3.12/site-packages/airflow/example_dags/example_subdag_operator.py took 0.143 seconds
[2024-05-26T17:47:10.257+0000] {processor.py:161} INFO - Started process (PID=441) to work on /home/airflow/.local/lib/python3.12/site-packages/airflow/example_dags/example_subdag_operator.py
[2024-05-26T17:47:10.258+0000] {processor.py:830} INFO - Processing file /home/airflow/.local/lib/python3.12/site-packages/airflow/example_dags/example_subdag_operator.py for tasks to queue
[2024-05-26T17:47:10.261+0000] {logging_mixin.py:188} INFO - [2024-05-26T17:47:10.261+0000] {dagbag.py:545} INFO - Filling up the DagBag from /home/airflow/.local/lib/python3.12/site-packages/airflow/example_dags/example_subdag_operator.py
[2024-05-26T17:47:10.296+0000] {processor.py:840} INFO - DAG(s) 'example_subdag_operator.section-1', 'example_subdag_operator.section-2', 'example_subdag_operator' retrieved from /home/airflow/.local/lib/python3.12/site-packages/airflow/example_dags/example_subdag_operator.py
[2024-05-26T17:47:10.314+0000] {logging_mixin.py:188} INFO - [2024-05-26T17:47:10.314+0000] {dag.py:3096} INFO - Sync 3 DAGs
[2024-05-26T17:47:10.342+0000] {logging_mixin.py:188} INFO - [2024-05-26T17:47:10.342+0000] {dag.py:3954} INFO - Setting next_dagrun for example_subdag_operator to 2022-01-01 00:00:00+00:00, run_after=2022-01-01 00:00:00+00:00
[2024-05-26T17:47:10.349+0000] {logging_mixin.py:188} INFO - [2024-05-26T17:47:10.349+0000] {dag.py:3954} INFO - Setting next_dagrun for example_subdag_operator.section-1 to None, run_after=None
[2024-05-26T17:47:10.351+0000] {logging_mixin.py:188} INFO - [2024-05-26T17:47:10.351+0000] {dag.py:3954} INFO - Setting next_dagrun for example_subdag_operator.section-2 to None, run_after=None
[2024-05-26T17:47:10.360+0000] {logging_mixin.py:188} INFO - [2024-05-26T17:47:10.359+0000] {dag.py:3096} INFO - Sync 2 DAGs
[2024-05-26T17:47:10.366+0000] {logging_mixin.py:188} INFO - [2024-05-26T17:47:10.366+0000] {dag.py:3954} INFO - Setting next_dagrun for example_subdag_operator.section-1 to None, run_after=None
[2024-05-26T17:47:10.367+0000] {logging_mixin.py:188} INFO - [2024-05-26T17:47:10.367+0000] {dag.py:3954} INFO - Setting next_dagrun for example_subdag_operator.section-2 to None, run_after=None
[2024-05-26T17:47:10.385+0000] {processor.py:183} INFO - Processing /home/airflow/.local/lib/python3.12/site-packages/airflow/example_dags/example_subdag_operator.py took 0.137 seconds
[2024-05-26T17:47:40.585+0000] {processor.py:161} INFO - Started process (PID=499) to work on /home/airflow/.local/lib/python3.12/site-packages/airflow/example_dags/example_subdag_operator.py
[2024-05-26T17:47:40.586+0000] {processor.py:830} INFO - Processing file /home/airflow/.local/lib/python3.12/site-packages/airflow/example_dags/example_subdag_operator.py for tasks to queue
[2024-05-26T17:47:40.588+0000] {logging_mixin.py:188} INFO - [2024-05-26T17:47:40.588+0000] {dagbag.py:545} INFO - Filling up the DagBag from /home/airflow/.local/lib/python3.12/site-packages/airflow/example_dags/example_subdag_operator.py
[2024-05-26T17:47:40.619+0000] {processor.py:840} INFO - DAG(s) 'example_subdag_operator.section-1', 'example_subdag_operator.section-2', 'example_subdag_operator' retrieved from /home/airflow/.local/lib/python3.12/site-packages/airflow/example_dags/example_subdag_operator.py
[2024-05-26T17:47:40.642+0000] {logging_mixin.py:188} INFO - [2024-05-26T17:47:40.641+0000] {dag.py:3096} INFO - Sync 3 DAGs
[2024-05-26T17:47:40.675+0000] {logging_mixin.py:188} INFO - [2024-05-26T17:47:40.675+0000] {dag.py:3954} INFO - Setting next_dagrun for example_subdag_operator to 2022-01-01 00:00:00+00:00, run_after=2022-01-01 00:00:00+00:00
[2024-05-26T17:47:40.680+0000] {logging_mixin.py:188} INFO - [2024-05-26T17:47:40.680+0000] {dag.py:3954} INFO - Setting next_dagrun for example_subdag_operator.section-1 to None, run_after=None
[2024-05-26T17:47:40.682+0000] {logging_mixin.py:188} INFO - [2024-05-26T17:47:40.682+0000] {dag.py:3954} INFO - Setting next_dagrun for example_subdag_operator.section-2 to None, run_after=None
[2024-05-26T17:47:40.691+0000] {logging_mixin.py:188} INFO - [2024-05-26T17:47:40.691+0000] {dag.py:3096} INFO - Sync 2 DAGs
[2024-05-26T17:47:40.697+0000] {logging_mixin.py:188} INFO - [2024-05-26T17:47:40.697+0000] {dag.py:3954} INFO - Setting next_dagrun for example_subdag_operator.section-1 to None, run_after=None
[2024-05-26T17:47:40.698+0000] {logging_mixin.py:188} INFO - [2024-05-26T17:47:40.697+0000] {dag.py:3954} INFO - Setting next_dagrun for example_subdag_operator.section-2 to None, run_after=None
[2024-05-26T17:47:40.711+0000] {processor.py:183} INFO - Processing /home/airflow/.local/lib/python3.12/site-packages/airflow/example_dags/example_subdag_operator.py took 0.133 seconds
[2024-05-26T17:49:05.838+0000] {processor.py:161} INFO - Started process (PID=38) to work on /home/airflow/.local/lib/python3.12/site-packages/airflow/example_dags/example_subdag_operator.py
[2024-05-26T17:49:05.839+0000] {processor.py:830} INFO - Processing file /home/airflow/.local/lib/python3.12/site-packages/airflow/example_dags/example_subdag_operator.py for tasks to queue
[2024-05-26T17:49:05.841+0000] {logging_mixin.py:188} INFO - [2024-05-26T17:49:05.841+0000] {dagbag.py:545} INFO - Filling up the DagBag from /home/airflow/.local/lib/python3.12/site-packages/airflow/example_dags/example_subdag_operator.py
[2024-05-26T17:49:05.869+0000] {processor.py:840} INFO - DAG(s) 'example_subdag_operator.section-1', 'example_subdag_operator.section-2', 'example_subdag_operator' retrieved from /home/airflow/.local/lib/python3.12/site-packages/airflow/example_dags/example_subdag_operator.py
[2024-05-26T17:49:05.877+0000] {logging_mixin.py:188} INFO - [2024-05-26T17:49:05.876+0000] {dag.py:3096} INFO - Sync 3 DAGs
[2024-05-26T17:49:05.935+0000] {logging_mixin.py:188} INFO - [2024-05-26T17:49:05.935+0000] {dag.py:3954} INFO - Setting next_dagrun for example_subdag_operator to 2022-01-01 00:00:00+00:00, run_after=2022-01-01 00:00:00+00:00
[2024-05-26T17:49:05.942+0000] {logging_mixin.py:188} INFO - [2024-05-26T17:49:05.942+0000] {dag.py:3954} INFO - Setting next_dagrun for example_subdag_operator.section-1 to None, run_after=None
[2024-05-26T17:49:05.948+0000] {logging_mixin.py:188} INFO - [2024-05-26T17:49:05.948+0000] {dag.py:3954} INFO - Setting next_dagrun for example_subdag_operator.section-2 to None, run_after=None
[2024-05-26T17:49:05.965+0000] {logging_mixin.py:188} INFO - [2024-05-26T17:49:05.964+0000] {dag.py:3096} INFO - Sync 2 DAGs
[2024-05-26T17:49:05.971+0000] {logging_mixin.py:188} INFO - [2024-05-26T17:49:05.970+0000] {dag.py:3954} INFO - Setting next_dagrun for example_subdag_operator.section-1 to None, run_after=None
[2024-05-26T17:49:05.971+0000] {logging_mixin.py:188} INFO - [2024-05-26T17:49:05.971+0000] {dag.py:3954} INFO - Setting next_dagrun for example_subdag_operator.section-2 to None, run_after=None
[2024-05-26T17:49:06.376+0000] {processor.py:183} INFO - Processing /home/airflow/.local/lib/python3.12/site-packages/airflow/example_dags/example_subdag_operator.py took 0.544 seconds
[2024-05-26T17:49:37.199+0000] {processor.py:161} INFO - Started process (PID=96) to work on /home/airflow/.local/lib/python3.12/site-packages/airflow/example_dags/example_subdag_operator.py
[2024-05-26T17:49:37.200+0000] {processor.py:830} INFO - Processing file /home/airflow/.local/lib/python3.12/site-packages/airflow/example_dags/example_subdag_operator.py for tasks to queue
[2024-05-26T17:49:37.202+0000] {logging_mixin.py:188} INFO - [2024-05-26T17:49:37.202+0000] {dagbag.py:545} INFO - Filling up the DagBag from /home/airflow/.local/lib/python3.12/site-packages/airflow/example_dags/example_subdag_operator.py
[2024-05-26T17:49:37.236+0000] {processor.py:840} INFO - DAG(s) 'example_subdag_operator.section-1', 'example_subdag_operator.section-2', 'example_subdag_operator' retrieved from /home/airflow/.local/lib/python3.12/site-packages/airflow/example_dags/example_subdag_operator.py
[2024-05-26T17:49:37.371+0000] {logging_mixin.py:188} INFO - [2024-05-26T17:49:37.371+0000] {dag.py:3096} INFO - Sync 3 DAGs
[2024-05-26T17:49:37.403+0000] {logging_mixin.py:188} INFO - [2024-05-26T17:49:37.403+0000] {dag.py:3954} INFO - Setting next_dagrun for example_subdag_operator to 2022-01-01 00:00:00+00:00, run_after=2022-01-01 00:00:00+00:00
[2024-05-26T17:49:37.410+0000] {logging_mixin.py:188} INFO - [2024-05-26T17:49:37.409+0000] {dag.py:3954} INFO - Setting next_dagrun for example_subdag_operator.section-1 to None, run_after=None
[2024-05-26T17:49:37.412+0000] {logging_mixin.py:188} INFO - [2024-05-26T17:49:37.412+0000] {dag.py:3954} INFO - Setting next_dagrun for example_subdag_operator.section-2 to None, run_after=None
[2024-05-26T17:49:37.425+0000] {logging_mixin.py:188} INFO - [2024-05-26T17:49:37.425+0000] {dag.py:3096} INFO - Sync 2 DAGs
[2024-05-26T17:49:37.433+0000] {logging_mixin.py:188} INFO - [2024-05-26T17:49:37.433+0000] {dag.py:3954} INFO - Setting next_dagrun for example_subdag_operator.section-1 to None, run_after=None
[2024-05-26T17:49:37.434+0000] {logging_mixin.py:188} INFO - [2024-05-26T17:49:37.434+0000] {dag.py:3954} INFO - Setting next_dagrun for example_subdag_operator.section-2 to None, run_after=None
[2024-05-26T17:49:37.450+0000] {processor.py:183} INFO - Processing /home/airflow/.local/lib/python3.12/site-packages/airflow/example_dags/example_subdag_operator.py took 0.266 seconds
[2024-05-26T17:50:07.523+0000] {processor.py:161} INFO - Started process (PID=152) to work on /home/airflow/.local/lib/python3.12/site-packages/airflow/example_dags/example_subdag_operator.py
[2024-05-26T17:50:07.524+0000] {processor.py:830} INFO - Processing file /home/airflow/.local/lib/python3.12/site-packages/airflow/example_dags/example_subdag_operator.py for tasks to queue
[2024-05-26T17:50:07.526+0000] {logging_mixin.py:188} INFO - [2024-05-26T17:50:07.526+0000] {dagbag.py:545} INFO - Filling up the DagBag from /home/airflow/.local/lib/python3.12/site-packages/airflow/example_dags/example_subdag_operator.py
[2024-05-26T17:50:07.552+0000] {processor.py:840} INFO - DAG(s) 'example_subdag_operator.section-1', 'example_subdag_operator.section-2', 'example_subdag_operator' retrieved from /home/airflow/.local/lib/python3.12/site-packages/airflow/example_dags/example_subdag_operator.py
[2024-05-26T17:50:07.572+0000] {logging_mixin.py:188} INFO - [2024-05-26T17:50:07.571+0000] {dag.py:3096} INFO - Sync 3 DAGs
[2024-05-26T17:50:07.601+0000] {logging_mixin.py:188} INFO - [2024-05-26T17:50:07.601+0000] {dag.py:3954} INFO - Setting next_dagrun for example_subdag_operator to 2022-01-01 00:00:00+00:00, run_after=2022-01-01 00:00:00+00:00
[2024-05-26T17:50:07.607+0000] {logging_mixin.py:188} INFO - [2024-05-26T17:50:07.606+0000] {dag.py:3954} INFO - Setting next_dagrun for example_subdag_operator.section-1 to None, run_after=None
[2024-05-26T17:50:07.609+0000] {logging_mixin.py:188} INFO - [2024-05-26T17:50:07.609+0000] {dag.py:3954} INFO - Setting next_dagrun for example_subdag_operator.section-2 to None, run_after=None
[2024-05-26T17:50:07.627+0000] {logging_mixin.py:188} INFO - [2024-05-26T17:50:07.627+0000] {dag.py:3096} INFO - Sync 2 DAGs
[2024-05-26T17:50:07.641+0000] {logging_mixin.py:188} INFO - [2024-05-26T17:50:07.640+0000] {dag.py:3954} INFO - Setting next_dagrun for example_subdag_operator.section-1 to None, run_after=None
[2024-05-26T17:50:07.642+0000] {logging_mixin.py:188} INFO - [2024-05-26T17:50:07.642+0000] {dag.py:3954} INFO - Setting next_dagrun for example_subdag_operator.section-2 to None, run_after=None
[2024-05-26T17:50:07.664+0000] {processor.py:183} INFO - Processing /home/airflow/.local/lib/python3.12/site-packages/airflow/example_dags/example_subdag_operator.py took 0.147 seconds
[2024-05-26T17:50:37.728+0000] {processor.py:161} INFO - Started process (PID=209) to work on /home/airflow/.local/lib/python3.12/site-packages/airflow/example_dags/example_subdag_operator.py
[2024-05-26T17:50:37.729+0000] {processor.py:830} INFO - Processing file /home/airflow/.local/lib/python3.12/site-packages/airflow/example_dags/example_subdag_operator.py for tasks to queue
[2024-05-26T17:50:37.731+0000] {logging_mixin.py:188} INFO - [2024-05-26T17:50:37.730+0000] {dagbag.py:545} INFO - Filling up the DagBag from /home/airflow/.local/lib/python3.12/site-packages/airflow/example_dags/example_subdag_operator.py
[2024-05-26T17:50:37.760+0000] {processor.py:840} INFO - DAG(s) 'example_subdag_operator.section-1', 'example_subdag_operator.section-2', 'example_subdag_operator' retrieved from /home/airflow/.local/lib/python3.12/site-packages/airflow/example_dags/example_subdag_operator.py
[2024-05-26T17:50:37.794+0000] {logging_mixin.py:188} INFO - [2024-05-26T17:50:37.793+0000] {dag.py:3096} INFO - Sync 3 DAGs
[2024-05-26T17:50:37.820+0000] {logging_mixin.py:188} INFO - [2024-05-26T17:50:37.819+0000] {dag.py:3954} INFO - Setting next_dagrun for example_subdag_operator to 2022-01-01 00:00:00+00:00, run_after=2022-01-01 00:00:00+00:00
[2024-05-26T17:50:37.826+0000] {logging_mixin.py:188} INFO - [2024-05-26T17:50:37.825+0000] {dag.py:3954} INFO - Setting next_dagrun for example_subdag_operator.section-1 to None, run_after=None
[2024-05-26T17:50:37.828+0000] {logging_mixin.py:188} INFO - [2024-05-26T17:50:37.827+0000] {dag.py:3954} INFO - Setting next_dagrun for example_subdag_operator.section-2 to None, run_after=None
[2024-05-26T17:50:37.836+0000] {logging_mixin.py:188} INFO - [2024-05-26T17:50:37.836+0000] {dag.py:3096} INFO - Sync 2 DAGs
[2024-05-26T17:50:37.843+0000] {logging_mixin.py:188} INFO - [2024-05-26T17:50:37.843+0000] {dag.py:3954} INFO - Setting next_dagrun for example_subdag_operator.section-1 to None, run_after=None
[2024-05-26T17:50:37.844+0000] {logging_mixin.py:188} INFO - [2024-05-26T17:50:37.844+0000] {dag.py:3954} INFO - Setting next_dagrun for example_subdag_operator.section-2 to None, run_after=None
[2024-05-26T17:50:37.865+0000] {processor.py:183} INFO - Processing /home/airflow/.local/lib/python3.12/site-packages/airflow/example_dags/example_subdag_operator.py took 0.144 seconds
[2024-05-26T17:51:08.148+0000] {processor.py:161} INFO - Started process (PID=266) to work on /home/airflow/.local/lib/python3.12/site-packages/airflow/example_dags/example_subdag_operator.py
[2024-05-26T17:51:08.149+0000] {processor.py:830} INFO - Processing file /home/airflow/.local/lib/python3.12/site-packages/airflow/example_dags/example_subdag_operator.py for tasks to queue
[2024-05-26T17:51:08.151+0000] {logging_mixin.py:188} INFO - [2024-05-26T17:51:08.151+0000] {dagbag.py:545} INFO - Filling up the DagBag from /home/airflow/.local/lib/python3.12/site-packages/airflow/example_dags/example_subdag_operator.py
[2024-05-26T17:51:08.180+0000] {processor.py:840} INFO - DAG(s) 'example_subdag_operator.section-1', 'example_subdag_operator.section-2', 'example_subdag_operator' retrieved from /home/airflow/.local/lib/python3.12/site-packages/airflow/example_dags/example_subdag_operator.py
[2024-05-26T17:51:08.200+0000] {logging_mixin.py:188} INFO - [2024-05-26T17:51:08.199+0000] {dag.py:3096} INFO - Sync 3 DAGs
[2024-05-26T17:51:08.246+0000] {logging_mixin.py:188} INFO - [2024-05-26T17:51:08.246+0000] {dag.py:3954} INFO - Setting next_dagrun for example_subdag_operator to 2022-01-01 00:00:00+00:00, run_after=2022-01-01 00:00:00+00:00
[2024-05-26T17:51:08.254+0000] {logging_mixin.py:188} INFO - [2024-05-26T17:51:08.254+0000] {dag.py:3954} INFO - Setting next_dagrun for example_subdag_operator.section-1 to None, run_after=None
[2024-05-26T17:51:08.256+0000] {logging_mixin.py:188} INFO - [2024-05-26T17:51:08.256+0000] {dag.py:3954} INFO - Setting next_dagrun for example_subdag_operator.section-2 to None, run_after=None
[2024-05-26T17:51:08.264+0000] {logging_mixin.py:188} INFO - [2024-05-26T17:51:08.264+0000] {dag.py:3096} INFO - Sync 2 DAGs
[2024-05-26T17:51:08.272+0000] {logging_mixin.py:188} INFO - [2024-05-26T17:51:08.271+0000] {dag.py:3954} INFO - Setting next_dagrun for example_subdag_operator.section-1 to None, run_after=None
[2024-05-26T17:51:08.273+0000] {logging_mixin.py:188} INFO - [2024-05-26T17:51:08.273+0000] {dag.py:3954} INFO - Setting next_dagrun for example_subdag_operator.section-2 to None, run_after=None
[2024-05-26T17:51:08.293+0000] {processor.py:183} INFO - Processing /home/airflow/.local/lib/python3.12/site-packages/airflow/example_dags/example_subdag_operator.py took 0.152 seconds
[2024-05-26T17:51:38.484+0000] {processor.py:161} INFO - Started process (PID=324) to work on /home/airflow/.local/lib/python3.12/site-packages/airflow/example_dags/example_subdag_operator.py
[2024-05-26T17:51:38.485+0000] {processor.py:830} INFO - Processing file /home/airflow/.local/lib/python3.12/site-packages/airflow/example_dags/example_subdag_operator.py for tasks to queue
[2024-05-26T17:51:38.487+0000] {logging_mixin.py:188} INFO - [2024-05-26T17:51:38.487+0000] {dagbag.py:545} INFO - Filling up the DagBag from /home/airflow/.local/lib/python3.12/site-packages/airflow/example_dags/example_subdag_operator.py
[2024-05-26T17:51:38.515+0000] {processor.py:840} INFO - DAG(s) 'example_subdag_operator.section-1', 'example_subdag_operator.section-2', 'example_subdag_operator' retrieved from /home/airflow/.local/lib/python3.12/site-packages/airflow/example_dags/example_subdag_operator.py
[2024-05-26T17:51:38.533+0000] {logging_mixin.py:188} INFO - [2024-05-26T17:51:38.533+0000] {dag.py:3096} INFO - Sync 3 DAGs
[2024-05-26T17:51:38.560+0000] {logging_mixin.py:188} INFO - [2024-05-26T17:51:38.559+0000] {dag.py:3954} INFO - Setting next_dagrun for example_subdag_operator to 2022-01-01 00:00:00+00:00, run_after=2022-01-01 00:00:00+00:00
[2024-05-26T17:51:38.566+0000] {logging_mixin.py:188} INFO - [2024-05-26T17:51:38.565+0000] {dag.py:3954} INFO - Setting next_dagrun for example_subdag_operator.section-1 to None, run_after=None
[2024-05-26T17:51:38.568+0000] {logging_mixin.py:188} INFO - [2024-05-26T17:51:38.567+0000] {dag.py:3954} INFO - Setting next_dagrun for example_subdag_operator.section-2 to None, run_after=None
[2024-05-26T17:51:38.575+0000] {logging_mixin.py:188} INFO - [2024-05-26T17:51:38.575+0000] {dag.py:3096} INFO - Sync 2 DAGs
[2024-05-26T17:51:38.583+0000] {logging_mixin.py:188} INFO - [2024-05-26T17:51:38.582+0000] {dag.py:3954} INFO - Setting next_dagrun for example_subdag_operator.section-1 to None, run_after=None
[2024-05-26T17:51:38.584+0000] {logging_mixin.py:188} INFO - [2024-05-26T17:51:38.583+0000] {dag.py:3954} INFO - Setting next_dagrun for example_subdag_operator.section-2 to None, run_after=None
[2024-05-26T17:51:38.599+0000] {processor.py:183} INFO - Processing /home/airflow/.local/lib/python3.12/site-packages/airflow/example_dags/example_subdag_operator.py took 0.122 seconds
[2024-05-26T17:52:08.732+0000] {processor.py:161} INFO - Started process (PID=382) to work on /home/airflow/.local/lib/python3.12/site-packages/airflow/example_dags/example_subdag_operator.py
[2024-05-26T17:52:08.733+0000] {processor.py:830} INFO - Processing file /home/airflow/.local/lib/python3.12/site-packages/airflow/example_dags/example_subdag_operator.py for tasks to queue
[2024-05-26T17:52:08.735+0000] {logging_mixin.py:188} INFO - [2024-05-26T17:52:08.735+0000] {dagbag.py:545} INFO - Filling up the DagBag from /home/airflow/.local/lib/python3.12/site-packages/airflow/example_dags/example_subdag_operator.py
[2024-05-26T17:52:08.762+0000] {processor.py:840} INFO - DAG(s) 'example_subdag_operator.section-1', 'example_subdag_operator.section-2', 'example_subdag_operator' retrieved from /home/airflow/.local/lib/python3.12/site-packages/airflow/example_dags/example_subdag_operator.py
[2024-05-26T17:52:08.780+0000] {logging_mixin.py:188} INFO - [2024-05-26T17:52:08.780+0000] {dag.py:3096} INFO - Sync 3 DAGs
[2024-05-26T17:52:08.808+0000] {logging_mixin.py:188} INFO - [2024-05-26T17:52:08.807+0000] {dag.py:3954} INFO - Setting next_dagrun for example_subdag_operator to 2022-01-01 00:00:00+00:00, run_after=2022-01-01 00:00:00+00:00
[2024-05-26T17:52:08.813+0000] {logging_mixin.py:188} INFO - [2024-05-26T17:52:08.813+0000] {dag.py:3954} INFO - Setting next_dagrun for example_subdag_operator.section-1 to None, run_after=None
[2024-05-26T17:52:08.815+0000] {logging_mixin.py:188} INFO - [2024-05-26T17:52:08.815+0000] {dag.py:3954} INFO - Setting next_dagrun for example_subdag_operator.section-2 to None, run_after=None
[2024-05-26T17:52:08.824+0000] {logging_mixin.py:188} INFO - [2024-05-26T17:52:08.823+0000] {dag.py:3096} INFO - Sync 2 DAGs
[2024-05-26T17:52:08.831+0000] {logging_mixin.py:188} INFO - [2024-05-26T17:52:08.831+0000] {dag.py:3954} INFO - Setting next_dagrun for example_subdag_operator.section-1 to None, run_after=None
[2024-05-26T17:52:08.832+0000] {logging_mixin.py:188} INFO - [2024-05-26T17:52:08.832+0000] {dag.py:3954} INFO - Setting next_dagrun for example_subdag_operator.section-2 to None, run_after=None
[2024-05-26T17:52:08.850+0000] {processor.py:183} INFO - Processing /home/airflow/.local/lib/python3.12/site-packages/airflow/example_dags/example_subdag_operator.py took 0.126 seconds
[2024-05-26T17:57:45.534+0000] {processor.py:161} INFO - Started process (PID=38) to work on /home/airflow/.local/lib/python3.12/site-packages/airflow/example_dags/example_subdag_operator.py
[2024-05-26T17:57:45.535+0000] {processor.py:830} INFO - Processing file /home/airflow/.local/lib/python3.12/site-packages/airflow/example_dags/example_subdag_operator.py for tasks to queue
[2024-05-26T17:57:45.538+0000] {logging_mixin.py:188} INFO - [2024-05-26T17:57:45.537+0000] {dagbag.py:545} INFO - Filling up the DagBag from /home/airflow/.local/lib/python3.12/site-packages/airflow/example_dags/example_subdag_operator.py
[2024-05-26T17:57:45.564+0000] {processor.py:840} INFO - DAG(s) 'example_subdag_operator.section-1', 'example_subdag_operator.section-2', 'example_subdag_operator' retrieved from /home/airflow/.local/lib/python3.12/site-packages/airflow/example_dags/example_subdag_operator.py
[2024-05-26T17:57:45.568+0000] {logging_mixin.py:188} INFO - [2024-05-26T17:57:45.568+0000] {dag.py:3096} INFO - Sync 3 DAGs
[2024-05-26T17:57:45.597+0000] {logging_mixin.py:188} INFO - [2024-05-26T17:57:45.596+0000] {dag.py:3954} INFO - Setting next_dagrun for example_subdag_operator to 2022-01-01 00:00:00+00:00, run_after=2022-01-01 00:00:00+00:00
[2024-05-26T17:57:45.608+0000] {logging_mixin.py:188} INFO - [2024-05-26T17:57:45.608+0000] {dag.py:3954} INFO - Setting next_dagrun for example_subdag_operator.section-1 to None, run_after=None
[2024-05-26T17:57:45.614+0000] {logging_mixin.py:188} INFO - [2024-05-26T17:57:45.614+0000] {dag.py:3954} INFO - Setting next_dagrun for example_subdag_operator.section-2 to None, run_after=None
[2024-05-26T17:57:45.636+0000] {logging_mixin.py:188} INFO - [2024-05-26T17:57:45.635+0000] {dag.py:3096} INFO - Sync 2 DAGs
[2024-05-26T17:57:45.647+0000] {logging_mixin.py:188} INFO - [2024-05-26T17:57:45.647+0000] {dag.py:3954} INFO - Setting next_dagrun for example_subdag_operator.section-1 to None, run_after=None
[2024-05-26T17:57:45.650+0000] {logging_mixin.py:188} INFO - [2024-05-26T17:57:45.649+0000] {dag.py:3954} INFO - Setting next_dagrun for example_subdag_operator.section-2 to None, run_after=None
[2024-05-26T17:57:45.665+0000] {processor.py:183} INFO - Processing /home/airflow/.local/lib/python3.12/site-packages/airflow/example_dags/example_subdag_operator.py took 0.137 seconds
[2024-05-26T17:58:16.639+0000] {processor.py:161} INFO - Started process (PID=96) to work on /home/airflow/.local/lib/python3.12/site-packages/airflow/example_dags/example_subdag_operator.py
[2024-05-26T17:58:16.640+0000] {processor.py:830} INFO - Processing file /home/airflow/.local/lib/python3.12/site-packages/airflow/example_dags/example_subdag_operator.py for tasks to queue
[2024-05-26T17:58:16.642+0000] {logging_mixin.py:188} INFO - [2024-05-26T17:58:16.642+0000] {dagbag.py:545} INFO - Filling up the DagBag from /home/airflow/.local/lib/python3.12/site-packages/airflow/example_dags/example_subdag_operator.py
[2024-05-26T17:58:16.688+0000] {processor.py:840} INFO - DAG(s) 'example_subdag_operator.section-1', 'example_subdag_operator.section-2', 'example_subdag_operator' retrieved from /home/airflow/.local/lib/python3.12/site-packages/airflow/example_dags/example_subdag_operator.py
[2024-05-26T17:58:16.806+0000] {logging_mixin.py:188} INFO - [2024-05-26T17:58:16.806+0000] {dag.py:3096} INFO - Sync 3 DAGs
[2024-05-26T17:58:16.844+0000] {logging_mixin.py:188} INFO - [2024-05-26T17:58:16.843+0000] {dag.py:3954} INFO - Setting next_dagrun for example_subdag_operator to 2022-01-01 00:00:00+00:00, run_after=2022-01-01 00:00:00+00:00
[2024-05-26T17:58:16.848+0000] {logging_mixin.py:188} INFO - [2024-05-26T17:58:16.848+0000] {dag.py:3954} INFO - Setting next_dagrun for example_subdag_operator.section-1 to None, run_after=None
[2024-05-26T17:58:16.850+0000] {logging_mixin.py:188} INFO - [2024-05-26T17:58:16.850+0000] {dag.py:3954} INFO - Setting next_dagrun for example_subdag_operator.section-2 to None, run_after=None
[2024-05-26T17:58:16.860+0000] {logging_mixin.py:188} INFO - [2024-05-26T17:58:16.860+0000] {dag.py:3096} INFO - Sync 2 DAGs
[2024-05-26T17:58:16.866+0000] {logging_mixin.py:188} INFO - [2024-05-26T17:58:16.866+0000] {dag.py:3954} INFO - Setting next_dagrun for example_subdag_operator.section-1 to None, run_after=None
[2024-05-26T17:58:16.867+0000] {logging_mixin.py:188} INFO - [2024-05-26T17:58:16.867+0000] {dag.py:3954} INFO - Setting next_dagrun for example_subdag_operator.section-2 to None, run_after=None
[2024-05-26T17:58:16.878+0000] {processor.py:183} INFO - Processing /home/airflow/.local/lib/python3.12/site-packages/airflow/example_dags/example_subdag_operator.py took 0.245 seconds
[2024-05-26T17:58:47.431+0000] {processor.py:161} INFO - Started process (PID=154) to work on /home/airflow/.local/lib/python3.12/site-packages/airflow/example_dags/example_subdag_operator.py
[2024-05-26T17:58:47.432+0000] {processor.py:830} INFO - Processing file /home/airflow/.local/lib/python3.12/site-packages/airflow/example_dags/example_subdag_operator.py for tasks to queue
[2024-05-26T17:58:47.435+0000] {logging_mixin.py:188} INFO - [2024-05-26T17:58:47.435+0000] {dagbag.py:545} INFO - Filling up the DagBag from /home/airflow/.local/lib/python3.12/site-packages/airflow/example_dags/example_subdag_operator.py
[2024-05-26T17:58:47.469+0000] {processor.py:840} INFO - DAG(s) 'example_subdag_operator.section-1', 'example_subdag_operator.section-2', 'example_subdag_operator' retrieved from /home/airflow/.local/lib/python3.12/site-packages/airflow/example_dags/example_subdag_operator.py
[2024-05-26T17:58:47.492+0000] {logging_mixin.py:188} INFO - [2024-05-26T17:58:47.492+0000] {dag.py:3096} INFO - Sync 3 DAGs
[2024-05-26T17:58:47.520+0000] {logging_mixin.py:188} INFO - [2024-05-26T17:58:47.519+0000] {dag.py:3954} INFO - Setting next_dagrun for example_subdag_operator to 2022-01-01 00:00:00+00:00, run_after=2022-01-01 00:00:00+00:00
[2024-05-26T17:58:47.526+0000] {logging_mixin.py:188} INFO - [2024-05-26T17:58:47.525+0000] {dag.py:3954} INFO - Setting next_dagrun for example_subdag_operator.section-1 to None, run_after=None
[2024-05-26T17:58:47.528+0000] {logging_mixin.py:188} INFO - [2024-05-26T17:58:47.528+0000] {dag.py:3954} INFO - Setting next_dagrun for example_subdag_operator.section-2 to None, run_after=None
[2024-05-26T17:58:47.541+0000] {logging_mixin.py:188} INFO - [2024-05-26T17:58:47.541+0000] {dag.py:3096} INFO - Sync 2 DAGs
[2024-05-26T17:58:47.550+0000] {logging_mixin.py:188} INFO - [2024-05-26T17:58:47.550+0000] {dag.py:3954} INFO - Setting next_dagrun for example_subdag_operator.section-1 to None, run_after=None
[2024-05-26T17:58:47.551+0000] {logging_mixin.py:188} INFO - [2024-05-26T17:58:47.551+0000] {dag.py:3954} INFO - Setting next_dagrun for example_subdag_operator.section-2 to None, run_after=None
[2024-05-26T17:58:47.564+0000] {processor.py:183} INFO - Processing /home/airflow/.local/lib/python3.12/site-packages/airflow/example_dags/example_subdag_operator.py took 0.141 seconds
