[2024-05-26T15:21:35.147+0000] {processor.py:161} INFO - Started process (PID=56) to work on /home/airflow/.local/lib/python3.12/site-packages/airflow/example_dags/example_task_group.py
[2024-05-26T15:21:35.148+0000] {processor.py:830} INFO - Processing file /home/airflow/.local/lib/python3.12/site-packages/airflow/example_dags/example_task_group.py for tasks to queue
[2024-05-26T15:21:35.152+0000] {logging_mixin.py:188} INFO - [2024-05-26T15:21:35.152+0000] {dagbag.py:545} INFO - Filling up the DagBag from /home/airflow/.local/lib/python3.12/site-packages/airflow/example_dags/example_task_group.py
[2024-05-26T15:21:35.160+0000] {processor.py:840} INFO - DAG(s) 'example_task_group' retrieved from /home/airflow/.local/lib/python3.12/site-packages/airflow/example_dags/example_task_group.py
[2024-05-26T15:21:35.187+0000] {logging_mixin.py:188} INFO - [2024-05-26T15:21:35.186+0000] {dag.py:3096} INFO - Sync 1 DAGs
[2024-05-26T15:21:35.229+0000] {logging_mixin.py:188} INFO - [2024-05-26T15:21:35.228+0000] {dag.py:3954} INFO - Setting next_dagrun for example_task_group to 2024-05-25 00:00:00+00:00, run_after=2024-05-26 00:00:00+00:00
[2024-05-26T15:21:35.253+0000] {processor.py:183} INFO - Processing /home/airflow/.local/lib/python3.12/site-packages/airflow/example_dags/example_task_group.py took 0.112 seconds
[2024-05-26T15:22:05.631+0000] {processor.py:161} INFO - Started process (PID=114) to work on /home/airflow/.local/lib/python3.12/site-packages/airflow/example_dags/example_task_group.py
[2024-05-26T15:22:05.632+0000] {processor.py:830} INFO - Processing file /home/airflow/.local/lib/python3.12/site-packages/airflow/example_dags/example_task_group.py for tasks to queue
[2024-05-26T15:22:05.634+0000] {logging_mixin.py:188} INFO - [2024-05-26T15:22:05.634+0000] {dagbag.py:545} INFO - Filling up the DagBag from /home/airflow/.local/lib/python3.12/site-packages/airflow/example_dags/example_task_group.py
[2024-05-26T15:22:05.642+0000] {processor.py:840} INFO - DAG(s) 'example_task_group' retrieved from /home/airflow/.local/lib/python3.12/site-packages/airflow/example_dags/example_task_group.py
[2024-05-26T15:22:05.664+0000] {logging_mixin.py:188} INFO - [2024-05-26T15:22:05.664+0000] {dag.py:3096} INFO - Sync 1 DAGs
[2024-05-26T15:22:05.692+0000] {logging_mixin.py:188} INFO - [2024-05-26T15:22:05.692+0000] {dag.py:3954} INFO - Setting next_dagrun for example_task_group to 2024-05-25 00:00:00+00:00, run_after=2024-05-26 00:00:00+00:00
[2024-05-26T15:22:05.713+0000] {processor.py:183} INFO - Processing /home/airflow/.local/lib/python3.12/site-packages/airflow/example_dags/example_task_group.py took 0.088 seconds
[2024-05-26T15:22:36.030+0000] {processor.py:161} INFO - Started process (PID=172) to work on /home/airflow/.local/lib/python3.12/site-packages/airflow/example_dags/example_task_group.py
[2024-05-26T15:22:36.031+0000] {processor.py:830} INFO - Processing file /home/airflow/.local/lib/python3.12/site-packages/airflow/example_dags/example_task_group.py for tasks to queue
[2024-05-26T15:22:36.033+0000] {logging_mixin.py:188} INFO - [2024-05-26T15:22:36.032+0000] {dagbag.py:545} INFO - Filling up the DagBag from /home/airflow/.local/lib/python3.12/site-packages/airflow/example_dags/example_task_group.py
[2024-05-26T15:22:36.041+0000] {processor.py:840} INFO - DAG(s) 'example_task_group' retrieved from /home/airflow/.local/lib/python3.12/site-packages/airflow/example_dags/example_task_group.py
[2024-05-26T15:22:36.066+0000] {logging_mixin.py:188} INFO - [2024-05-26T15:22:36.066+0000] {dag.py:3096} INFO - Sync 1 DAGs
[2024-05-26T15:22:36.092+0000] {logging_mixin.py:188} INFO - [2024-05-26T15:22:36.091+0000] {dag.py:3954} INFO - Setting next_dagrun for example_task_group to 2024-05-25 00:00:00+00:00, run_after=2024-05-26 00:00:00+00:00
[2024-05-26T15:22:36.111+0000] {processor.py:183} INFO - Processing /home/airflow/.local/lib/python3.12/site-packages/airflow/example_dags/example_task_group.py took 0.087 seconds
[2024-05-26T15:23:06.293+0000] {processor.py:161} INFO - Started process (PID=230) to work on /home/airflow/.local/lib/python3.12/site-packages/airflow/example_dags/example_task_group.py
[2024-05-26T15:23:06.294+0000] {processor.py:830} INFO - Processing file /home/airflow/.local/lib/python3.12/site-packages/airflow/example_dags/example_task_group.py for tasks to queue
[2024-05-26T15:23:06.297+0000] {logging_mixin.py:188} INFO - [2024-05-26T15:23:06.297+0000] {dagbag.py:545} INFO - Filling up the DagBag from /home/airflow/.local/lib/python3.12/site-packages/airflow/example_dags/example_task_group.py
[2024-05-26T15:23:06.306+0000] {processor.py:840} INFO - DAG(s) 'example_task_group' retrieved from /home/airflow/.local/lib/python3.12/site-packages/airflow/example_dags/example_task_group.py
[2024-05-26T15:23:06.332+0000] {logging_mixin.py:188} INFO - [2024-05-26T15:23:06.332+0000] {dag.py:3096} INFO - Sync 1 DAGs
[2024-05-26T15:23:06.359+0000] {logging_mixin.py:188} INFO - [2024-05-26T15:23:06.359+0000] {dag.py:3954} INFO - Setting next_dagrun for example_task_group to 2024-05-25 00:00:00+00:00, run_after=2024-05-26 00:00:00+00:00
[2024-05-26T15:23:06.381+0000] {processor.py:183} INFO - Processing /home/airflow/.local/lib/python3.12/site-packages/airflow/example_dags/example_task_group.py took 0.098 seconds
[2024-05-26T15:23:37.362+0000] {processor.py:161} INFO - Started process (PID=288) to work on /home/airflow/.local/lib/python3.12/site-packages/airflow/example_dags/example_task_group.py
[2024-05-26T15:23:37.363+0000] {processor.py:830} INFO - Processing file /home/airflow/.local/lib/python3.12/site-packages/airflow/example_dags/example_task_group.py for tasks to queue
[2024-05-26T15:23:37.365+0000] {logging_mixin.py:188} INFO - [2024-05-26T15:23:37.365+0000] {dagbag.py:545} INFO - Filling up the DagBag from /home/airflow/.local/lib/python3.12/site-packages/airflow/example_dags/example_task_group.py
[2024-05-26T15:23:37.373+0000] {processor.py:840} INFO - DAG(s) 'example_task_group' retrieved from /home/airflow/.local/lib/python3.12/site-packages/airflow/example_dags/example_task_group.py
[2024-05-26T15:23:37.403+0000] {logging_mixin.py:188} INFO - [2024-05-26T15:23:37.403+0000] {dag.py:3096} INFO - Sync 1 DAGs
[2024-05-26T15:23:37.433+0000] {logging_mixin.py:188} INFO - [2024-05-26T15:23:37.432+0000] {dag.py:3954} INFO - Setting next_dagrun for example_task_group to 2024-05-25 00:00:00+00:00, run_after=2024-05-26 00:00:00+00:00
[2024-05-26T15:23:37.455+0000] {processor.py:183} INFO - Processing /home/airflow/.local/lib/python3.12/site-packages/airflow/example_dags/example_task_group.py took 0.101 seconds
[2024-05-26T15:24:08.376+0000] {processor.py:161} INFO - Started process (PID=346) to work on /home/airflow/.local/lib/python3.12/site-packages/airflow/example_dags/example_task_group.py
[2024-05-26T15:24:08.377+0000] {processor.py:830} INFO - Processing file /home/airflow/.local/lib/python3.12/site-packages/airflow/example_dags/example_task_group.py for tasks to queue
[2024-05-26T15:24:08.379+0000] {logging_mixin.py:188} INFO - [2024-05-26T15:24:08.379+0000] {dagbag.py:545} INFO - Filling up the DagBag from /home/airflow/.local/lib/python3.12/site-packages/airflow/example_dags/example_task_group.py
[2024-05-26T15:24:08.387+0000] {processor.py:840} INFO - DAG(s) 'example_task_group' retrieved from /home/airflow/.local/lib/python3.12/site-packages/airflow/example_dags/example_task_group.py
[2024-05-26T15:24:08.411+0000] {logging_mixin.py:188} INFO - [2024-05-26T15:24:08.411+0000] {dag.py:3096} INFO - Sync 1 DAGs
[2024-05-26T15:24:08.436+0000] {logging_mixin.py:188} INFO - [2024-05-26T15:24:08.436+0000] {dag.py:3954} INFO - Setting next_dagrun for example_task_group to 2024-05-25 00:00:00+00:00, run_after=2024-05-26 00:00:00+00:00
[2024-05-26T15:24:08.458+0000] {processor.py:183} INFO - Processing /home/airflow/.local/lib/python3.12/site-packages/airflow/example_dags/example_task_group.py took 0.088 seconds
[2024-05-26T15:24:38.778+0000] {processor.py:161} INFO - Started process (PID=404) to work on /home/airflow/.local/lib/python3.12/site-packages/airflow/example_dags/example_task_group.py
[2024-05-26T15:24:38.779+0000] {processor.py:830} INFO - Processing file /home/airflow/.local/lib/python3.12/site-packages/airflow/example_dags/example_task_group.py for tasks to queue
[2024-05-26T15:24:38.782+0000] {logging_mixin.py:188} INFO - [2024-05-26T15:24:38.782+0000] {dagbag.py:545} INFO - Filling up the DagBag from /home/airflow/.local/lib/python3.12/site-packages/airflow/example_dags/example_task_group.py
[2024-05-26T15:24:38.791+0000] {processor.py:840} INFO - DAG(s) 'example_task_group' retrieved from /home/airflow/.local/lib/python3.12/site-packages/airflow/example_dags/example_task_group.py
[2024-05-26T15:24:38.819+0000] {logging_mixin.py:188} INFO - [2024-05-26T15:24:38.819+0000] {dag.py:3096} INFO - Sync 1 DAGs
[2024-05-26T15:24:38.847+0000] {logging_mixin.py:188} INFO - [2024-05-26T15:24:38.846+0000] {dag.py:3954} INFO - Setting next_dagrun for example_task_group to 2024-05-25 00:00:00+00:00, run_after=2024-05-26 00:00:00+00:00
[2024-05-26T15:24:38.868+0000] {processor.py:183} INFO - Processing /home/airflow/.local/lib/python3.12/site-packages/airflow/example_dags/example_task_group.py took 0.096 seconds
[2024-05-26T15:25:09.123+0000] {processor.py:161} INFO - Started process (PID=462) to work on /home/airflow/.local/lib/python3.12/site-packages/airflow/example_dags/example_task_group.py
[2024-05-26T15:25:09.124+0000] {processor.py:830} INFO - Processing file /home/airflow/.local/lib/python3.12/site-packages/airflow/example_dags/example_task_group.py for tasks to queue
[2024-05-26T15:25:09.127+0000] {logging_mixin.py:188} INFO - [2024-05-26T15:25:09.126+0000] {dagbag.py:545} INFO - Filling up the DagBag from /home/airflow/.local/lib/python3.12/site-packages/airflow/example_dags/example_task_group.py
[2024-05-26T15:25:09.134+0000] {processor.py:840} INFO - DAG(s) 'example_task_group' retrieved from /home/airflow/.local/lib/python3.12/site-packages/airflow/example_dags/example_task_group.py
[2024-05-26T15:25:09.162+0000] {logging_mixin.py:188} INFO - [2024-05-26T15:25:09.162+0000] {dag.py:3096} INFO - Sync 1 DAGs
[2024-05-26T15:25:09.191+0000] {logging_mixin.py:188} INFO - [2024-05-26T15:25:09.190+0000] {dag.py:3954} INFO - Setting next_dagrun for example_task_group to 2024-05-25 00:00:00+00:00, run_after=2024-05-26 00:00:00+00:00
[2024-05-26T15:25:09.220+0000] {processor.py:183} INFO - Processing /home/airflow/.local/lib/python3.12/site-packages/airflow/example_dags/example_task_group.py took 0.103 seconds
[2024-05-26T15:25:39.480+0000] {processor.py:161} INFO - Started process (PID=520) to work on /home/airflow/.local/lib/python3.12/site-packages/airflow/example_dags/example_task_group.py
[2024-05-26T15:25:39.481+0000] {processor.py:830} INFO - Processing file /home/airflow/.local/lib/python3.12/site-packages/airflow/example_dags/example_task_group.py for tasks to queue
[2024-05-26T15:25:39.483+0000] {logging_mixin.py:188} INFO - [2024-05-26T15:25:39.483+0000] {dagbag.py:545} INFO - Filling up the DagBag from /home/airflow/.local/lib/python3.12/site-packages/airflow/example_dags/example_task_group.py
[2024-05-26T15:25:39.492+0000] {processor.py:840} INFO - DAG(s) 'example_task_group' retrieved from /home/airflow/.local/lib/python3.12/site-packages/airflow/example_dags/example_task_group.py
[2024-05-26T15:25:39.531+0000] {logging_mixin.py:188} INFO - [2024-05-26T15:25:39.531+0000] {dag.py:3096} INFO - Sync 1 DAGs
[2024-05-26T15:25:39.563+0000] {logging_mixin.py:188} INFO - [2024-05-26T15:25:39.563+0000] {dag.py:3954} INFO - Setting next_dagrun for example_task_group to 2024-05-25 00:00:00+00:00, run_after=2024-05-26 00:00:00+00:00
[2024-05-26T15:25:39.584+0000] {processor.py:183} INFO - Processing /home/airflow/.local/lib/python3.12/site-packages/airflow/example_dags/example_task_group.py took 0.111 seconds
[2024-05-26T15:26:09.998+0000] {processor.py:161} INFO - Started process (PID=578) to work on /home/airflow/.local/lib/python3.12/site-packages/airflow/example_dags/example_task_group.py
[2024-05-26T15:26:10.000+0000] {processor.py:830} INFO - Processing file /home/airflow/.local/lib/python3.12/site-packages/airflow/example_dags/example_task_group.py for tasks to queue
[2024-05-26T15:26:10.006+0000] {logging_mixin.py:188} INFO - [2024-05-26T15:26:10.005+0000] {dagbag.py:545} INFO - Filling up the DagBag from /home/airflow/.local/lib/python3.12/site-packages/airflow/example_dags/example_task_group.py
[2024-05-26T15:26:10.017+0000] {processor.py:840} INFO - DAG(s) 'example_task_group' retrieved from /home/airflow/.local/lib/python3.12/site-packages/airflow/example_dags/example_task_group.py
[2024-05-26T15:26:10.049+0000] {logging_mixin.py:188} INFO - [2024-05-26T15:26:10.049+0000] {dag.py:3096} INFO - Sync 1 DAGs
[2024-05-26T15:26:10.087+0000] {logging_mixin.py:188} INFO - [2024-05-26T15:26:10.087+0000] {dag.py:3954} INFO - Setting next_dagrun for example_task_group to 2024-05-25 00:00:00+00:00, run_after=2024-05-26 00:00:00+00:00
[2024-05-26T15:26:10.109+0000] {processor.py:183} INFO - Processing /home/airflow/.local/lib/python3.12/site-packages/airflow/example_dags/example_task_group.py took 0.126 seconds
[2024-05-26T15:26:40.202+0000] {processor.py:161} INFO - Started process (PID=636) to work on /home/airflow/.local/lib/python3.12/site-packages/airflow/example_dags/example_task_group.py
[2024-05-26T15:26:40.203+0000] {processor.py:830} INFO - Processing file /home/airflow/.local/lib/python3.12/site-packages/airflow/example_dags/example_task_group.py for tasks to queue
[2024-05-26T15:26:40.205+0000] {logging_mixin.py:188} INFO - [2024-05-26T15:26:40.205+0000] {dagbag.py:545} INFO - Filling up the DagBag from /home/airflow/.local/lib/python3.12/site-packages/airflow/example_dags/example_task_group.py
[2024-05-26T15:26:40.213+0000] {processor.py:840} INFO - DAG(s) 'example_task_group' retrieved from /home/airflow/.local/lib/python3.12/site-packages/airflow/example_dags/example_task_group.py
[2024-05-26T15:26:40.242+0000] {logging_mixin.py:188} INFO - [2024-05-26T15:26:40.241+0000] {dag.py:3096} INFO - Sync 1 DAGs
[2024-05-26T15:26:40.272+0000] {logging_mixin.py:188} INFO - [2024-05-26T15:26:40.272+0000] {dag.py:3954} INFO - Setting next_dagrun for example_task_group to 2024-05-25 00:00:00+00:00, run_after=2024-05-26 00:00:00+00:00
[2024-05-26T15:26:40.292+0000] {processor.py:183} INFO - Processing /home/airflow/.local/lib/python3.12/site-packages/airflow/example_dags/example_task_group.py took 0.096 seconds
[2024-05-26T15:27:10.789+0000] {processor.py:161} INFO - Started process (PID=694) to work on /home/airflow/.local/lib/python3.12/site-packages/airflow/example_dags/example_task_group.py
[2024-05-26T15:27:10.790+0000] {processor.py:830} INFO - Processing file /home/airflow/.local/lib/python3.12/site-packages/airflow/example_dags/example_task_group.py for tasks to queue
[2024-05-26T15:27:10.792+0000] {logging_mixin.py:188} INFO - [2024-05-26T15:27:10.792+0000] {dagbag.py:545} INFO - Filling up the DagBag from /home/airflow/.local/lib/python3.12/site-packages/airflow/example_dags/example_task_group.py
[2024-05-26T15:27:10.800+0000] {processor.py:840} INFO - DAG(s) 'example_task_group' retrieved from /home/airflow/.local/lib/python3.12/site-packages/airflow/example_dags/example_task_group.py
[2024-05-26T15:27:10.825+0000] {logging_mixin.py:188} INFO - [2024-05-26T15:27:10.825+0000] {dag.py:3096} INFO - Sync 1 DAGs
[2024-05-26T15:27:10.850+0000] {logging_mixin.py:188} INFO - [2024-05-26T15:27:10.850+0000] {dag.py:3954} INFO - Setting next_dagrun for example_task_group to 2024-05-25 00:00:00+00:00, run_after=2024-05-26 00:00:00+00:00
[2024-05-26T15:27:10.869+0000] {processor.py:183} INFO - Processing /home/airflow/.local/lib/python3.12/site-packages/airflow/example_dags/example_task_group.py took 0.087 seconds
[2024-05-26T17:43:35.109+0000] {processor.py:161} INFO - Started process (PID=32) to work on /home/airflow/.local/lib/python3.12/site-packages/airflow/example_dags/example_task_group.py
[2024-05-26T17:43:35.111+0000] {processor.py:830} INFO - Processing file /home/airflow/.local/lib/python3.12/site-packages/airflow/example_dags/example_task_group.py for tasks to queue
[2024-05-26T17:43:35.113+0000] {logging_mixin.py:188} INFO - [2024-05-26T17:43:35.113+0000] {dagbag.py:545} INFO - Filling up the DagBag from /home/airflow/.local/lib/python3.12/site-packages/airflow/example_dags/example_task_group.py
[2024-05-26T17:43:35.126+0000] {processor.py:840} INFO - DAG(s) 'example_task_group' retrieved from /home/airflow/.local/lib/python3.12/site-packages/airflow/example_dags/example_task_group.py
[2024-05-26T17:43:35.140+0000] {logging_mixin.py:188} INFO - [2024-05-26T17:43:35.140+0000] {dag.py:3096} INFO - Sync 1 DAGs
[2024-05-26T17:43:35.171+0000] {logging_mixin.py:188} INFO - [2024-05-26T17:43:35.171+0000] {dag.py:3954} INFO - Setting next_dagrun for example_task_group to 2024-05-25 00:00:00+00:00, run_after=2024-05-26 00:00:00+00:00
[2024-05-26T17:43:35.194+0000] {processor.py:183} INFO - Processing /home/airflow/.local/lib/python3.12/site-packages/airflow/example_dags/example_task_group.py took 0.091 seconds
[2024-05-26T17:44:06.302+0000] {processor.py:161} INFO - Started process (PID=90) to work on /home/airflow/.local/lib/python3.12/site-packages/airflow/example_dags/example_task_group.py
[2024-05-26T17:44:06.303+0000] {processor.py:830} INFO - Processing file /home/airflow/.local/lib/python3.12/site-packages/airflow/example_dags/example_task_group.py for tasks to queue
[2024-05-26T17:44:06.306+0000] {logging_mixin.py:188} INFO - [2024-05-26T17:44:06.305+0000] {dagbag.py:545} INFO - Filling up the DagBag from /home/airflow/.local/lib/python3.12/site-packages/airflow/example_dags/example_task_group.py
[2024-05-26T17:44:06.318+0000] {processor.py:840} INFO - DAG(s) 'example_task_group' retrieved from /home/airflow/.local/lib/python3.12/site-packages/airflow/example_dags/example_task_group.py
[2024-05-26T17:44:06.452+0000] {logging_mixin.py:188} INFO - [2024-05-26T17:44:06.452+0000] {dag.py:3096} INFO - Sync 1 DAGs
[2024-05-26T17:44:06.480+0000] {logging_mixin.py:188} INFO - [2024-05-26T17:44:06.479+0000] {dag.py:3954} INFO - Setting next_dagrun for example_task_group to 2024-05-25 00:00:00+00:00, run_after=2024-05-26 00:00:00+00:00
[2024-05-26T17:44:06.514+0000] {processor.py:183} INFO - Processing /home/airflow/.local/lib/python3.12/site-packages/airflow/example_dags/example_task_group.py took 0.220 seconds
[2024-05-26T17:44:37.480+0000] {processor.py:161} INFO - Started process (PID=148) to work on /home/airflow/.local/lib/python3.12/site-packages/airflow/example_dags/example_task_group.py
[2024-05-26T17:44:37.484+0000] {processor.py:830} INFO - Processing file /home/airflow/.local/lib/python3.12/site-packages/airflow/example_dags/example_task_group.py for tasks to queue
[2024-05-26T17:44:37.489+0000] {logging_mixin.py:188} INFO - [2024-05-26T17:44:37.488+0000] {dagbag.py:545} INFO - Filling up the DagBag from /home/airflow/.local/lib/python3.12/site-packages/airflow/example_dags/example_task_group.py
[2024-05-26T17:44:37.508+0000] {processor.py:840} INFO - DAG(s) 'example_task_group' retrieved from /home/airflow/.local/lib/python3.12/site-packages/airflow/example_dags/example_task_group.py
[2024-05-26T17:44:37.543+0000] {logging_mixin.py:188} INFO - [2024-05-26T17:44:37.542+0000] {dag.py:3096} INFO - Sync 1 DAGs
[2024-05-26T17:44:37.571+0000] {logging_mixin.py:188} INFO - [2024-05-26T17:44:37.571+0000] {dag.py:3954} INFO - Setting next_dagrun for example_task_group to 2024-05-25 00:00:00+00:00, run_after=2024-05-26 00:00:00+00:00
[2024-05-26T17:44:37.595+0000] {processor.py:183} INFO - Processing /home/airflow/.local/lib/python3.12/site-packages/airflow/example_dags/example_task_group.py took 0.131 seconds
[2024-05-26T17:45:08.051+0000] {processor.py:161} INFO - Started process (PID=205) to work on /home/airflow/.local/lib/python3.12/site-packages/airflow/example_dags/example_task_group.py
[2024-05-26T17:45:08.054+0000] {processor.py:830} INFO - Processing file /home/airflow/.local/lib/python3.12/site-packages/airflow/example_dags/example_task_group.py for tasks to queue
[2024-05-26T17:45:08.059+0000] {logging_mixin.py:188} INFO - [2024-05-26T17:45:08.058+0000] {dagbag.py:545} INFO - Filling up the DagBag from /home/airflow/.local/lib/python3.12/site-packages/airflow/example_dags/example_task_group.py
[2024-05-26T17:45:08.081+0000] {processor.py:840} INFO - DAG(s) 'example_task_group' retrieved from /home/airflow/.local/lib/python3.12/site-packages/airflow/example_dags/example_task_group.py
[2024-05-26T17:45:08.106+0000] {logging_mixin.py:188} INFO - [2024-05-26T17:45:08.105+0000] {dag.py:3096} INFO - Sync 1 DAGs
[2024-05-26T17:45:08.131+0000] {logging_mixin.py:188} INFO - [2024-05-26T17:45:08.130+0000] {dag.py:3954} INFO - Setting next_dagrun for example_task_group to 2024-05-25 00:00:00+00:00, run_after=2024-05-26 00:00:00+00:00
[2024-05-26T17:45:08.150+0000] {processor.py:183} INFO - Processing /home/airflow/.local/lib/python3.12/site-packages/airflow/example_dags/example_task_group.py took 0.114 seconds
[2024-05-26T17:45:38.280+0000] {processor.py:161} INFO - Started process (PID=263) to work on /home/airflow/.local/lib/python3.12/site-packages/airflow/example_dags/example_task_group.py
[2024-05-26T17:45:38.285+0000] {processor.py:830} INFO - Processing file /home/airflow/.local/lib/python3.12/site-packages/airflow/example_dags/example_task_group.py for tasks to queue
[2024-05-26T17:45:38.290+0000] {logging_mixin.py:188} INFO - [2024-05-26T17:45:38.289+0000] {dagbag.py:545} INFO - Filling up the DagBag from /home/airflow/.local/lib/python3.12/site-packages/airflow/example_dags/example_task_group.py
[2024-05-26T17:45:38.299+0000] {processor.py:840} INFO - DAG(s) 'example_task_group' retrieved from /home/airflow/.local/lib/python3.12/site-packages/airflow/example_dags/example_task_group.py
[2024-05-26T17:45:38.329+0000] {logging_mixin.py:188} INFO - [2024-05-26T17:45:38.328+0000] {dag.py:3096} INFO - Sync 1 DAGs
[2024-05-26T17:45:38.373+0000] {logging_mixin.py:188} INFO - [2024-05-26T17:45:38.373+0000] {dag.py:3954} INFO - Setting next_dagrun for example_task_group to 2024-05-25 00:00:00+00:00, run_after=2024-05-26 00:00:00+00:00
[2024-05-26T17:45:38.399+0000] {processor.py:183} INFO - Processing /home/airflow/.local/lib/python3.12/site-packages/airflow/example_dags/example_task_group.py took 0.136 seconds
[2024-05-26T17:46:08.854+0000] {processor.py:161} INFO - Started process (PID=320) to work on /home/airflow/.local/lib/python3.12/site-packages/airflow/example_dags/example_task_group.py
[2024-05-26T17:46:08.856+0000] {processor.py:830} INFO - Processing file /home/airflow/.local/lib/python3.12/site-packages/airflow/example_dags/example_task_group.py for tasks to queue
[2024-05-26T17:46:08.860+0000] {logging_mixin.py:188} INFO - [2024-05-26T17:46:08.860+0000] {dagbag.py:545} INFO - Filling up the DagBag from /home/airflow/.local/lib/python3.12/site-packages/airflow/example_dags/example_task_group.py
[2024-05-26T17:46:08.872+0000] {processor.py:840} INFO - DAG(s) 'example_task_group' retrieved from /home/airflow/.local/lib/python3.12/site-packages/airflow/example_dags/example_task_group.py
[2024-05-26T17:46:08.910+0000] {logging_mixin.py:188} INFO - [2024-05-26T17:46:08.909+0000] {dag.py:3096} INFO - Sync 1 DAGs
[2024-05-26T17:46:08.947+0000] {logging_mixin.py:188} INFO - [2024-05-26T17:46:08.947+0000] {dag.py:3954} INFO - Setting next_dagrun for example_task_group to 2024-05-25 00:00:00+00:00, run_after=2024-05-26 00:00:00+00:00
[2024-05-26T17:46:08.970+0000] {processor.py:183} INFO - Processing /home/airflow/.local/lib/python3.12/site-packages/airflow/example_dags/example_task_group.py took 0.122 seconds
[2024-05-26T17:46:39.455+0000] {processor.py:161} INFO - Started process (PID=378) to work on /home/airflow/.local/lib/python3.12/site-packages/airflow/example_dags/example_task_group.py
[2024-05-26T17:46:39.457+0000] {processor.py:830} INFO - Processing file /home/airflow/.local/lib/python3.12/site-packages/airflow/example_dags/example_task_group.py for tasks to queue
[2024-05-26T17:46:39.463+0000] {logging_mixin.py:188} INFO - [2024-05-26T17:46:39.462+0000] {dagbag.py:545} INFO - Filling up the DagBag from /home/airflow/.local/lib/python3.12/site-packages/airflow/example_dags/example_task_group.py
[2024-05-26T17:46:39.480+0000] {processor.py:840} INFO - DAG(s) 'example_task_group' retrieved from /home/airflow/.local/lib/python3.12/site-packages/airflow/example_dags/example_task_group.py
[2024-05-26T17:46:39.518+0000] {logging_mixin.py:188} INFO - [2024-05-26T17:46:39.518+0000] {dag.py:3096} INFO - Sync 1 DAGs
[2024-05-26T17:46:39.546+0000] {logging_mixin.py:188} INFO - [2024-05-26T17:46:39.545+0000] {dag.py:3954} INFO - Setting next_dagrun for example_task_group to 2024-05-25 00:00:00+00:00, run_after=2024-05-26 00:00:00+00:00
[2024-05-26T17:46:39.572+0000] {processor.py:183} INFO - Processing /home/airflow/.local/lib/python3.12/site-packages/airflow/example_dags/example_task_group.py took 0.138 seconds
[2024-05-26T17:47:09.827+0000] {processor.py:161} INFO - Started process (PID=436) to work on /home/airflow/.local/lib/python3.12/site-packages/airflow/example_dags/example_task_group.py
[2024-05-26T17:47:09.830+0000] {processor.py:830} INFO - Processing file /home/airflow/.local/lib/python3.12/site-packages/airflow/example_dags/example_task_group.py for tasks to queue
[2024-05-26T17:47:09.834+0000] {logging_mixin.py:188} INFO - [2024-05-26T17:47:09.834+0000] {dagbag.py:545} INFO - Filling up the DagBag from /home/airflow/.local/lib/python3.12/site-packages/airflow/example_dags/example_task_group.py
[2024-05-26T17:47:09.843+0000] {processor.py:840} INFO - DAG(s) 'example_task_group' retrieved from /home/airflow/.local/lib/python3.12/site-packages/airflow/example_dags/example_task_group.py
[2024-05-26T17:47:09.884+0000] {logging_mixin.py:188} INFO - [2024-05-26T17:47:09.884+0000] {dag.py:3096} INFO - Sync 1 DAGs
[2024-05-26T17:47:09.911+0000] {logging_mixin.py:188} INFO - [2024-05-26T17:47:09.911+0000] {dag.py:3954} INFO - Setting next_dagrun for example_task_group to 2024-05-25 00:00:00+00:00, run_after=2024-05-26 00:00:00+00:00
[2024-05-26T17:47:09.935+0000] {processor.py:183} INFO - Processing /home/airflow/.local/lib/python3.12/site-packages/airflow/example_dags/example_task_group.py took 0.124 seconds
[2024-05-26T17:47:40.277+0000] {processor.py:161} INFO - Started process (PID=494) to work on /home/airflow/.local/lib/python3.12/site-packages/airflow/example_dags/example_task_group.py
[2024-05-26T17:47:40.281+0000] {processor.py:830} INFO - Processing file /home/airflow/.local/lib/python3.12/site-packages/airflow/example_dags/example_task_group.py for tasks to queue
[2024-05-26T17:47:40.287+0000] {logging_mixin.py:188} INFO - [2024-05-26T17:47:40.286+0000] {dagbag.py:545} INFO - Filling up the DagBag from /home/airflow/.local/lib/python3.12/site-packages/airflow/example_dags/example_task_group.py
[2024-05-26T17:47:40.304+0000] {processor.py:840} INFO - DAG(s) 'example_task_group' retrieved from /home/airflow/.local/lib/python3.12/site-packages/airflow/example_dags/example_task_group.py
[2024-05-26T17:47:40.330+0000] {logging_mixin.py:188} INFO - [2024-05-26T17:47:40.329+0000] {dag.py:3096} INFO - Sync 1 DAGs
[2024-05-26T17:47:40.355+0000] {logging_mixin.py:188} INFO - [2024-05-26T17:47:40.355+0000] {dag.py:3954} INFO - Setting next_dagrun for example_task_group to 2024-05-25 00:00:00+00:00, run_after=2024-05-26 00:00:00+00:00
[2024-05-26T17:47:40.382+0000] {processor.py:183} INFO - Processing /home/airflow/.local/lib/python3.12/site-packages/airflow/example_dags/example_task_group.py took 0.119 seconds
[2024-05-26T17:49:05.048+0000] {processor.py:161} INFO - Started process (PID=32) to work on /home/airflow/.local/lib/python3.12/site-packages/airflow/example_dags/example_task_group.py
[2024-05-26T17:49:05.049+0000] {processor.py:830} INFO - Processing file /home/airflow/.local/lib/python3.12/site-packages/airflow/example_dags/example_task_group.py for tasks to queue
[2024-05-26T17:49:05.051+0000] {logging_mixin.py:188} INFO - [2024-05-26T17:49:05.051+0000] {dagbag.py:545} INFO - Filling up the DagBag from /home/airflow/.local/lib/python3.12/site-packages/airflow/example_dags/example_task_group.py
[2024-05-26T17:49:05.064+0000] {processor.py:840} INFO - DAG(s) 'example_task_group' retrieved from /home/airflow/.local/lib/python3.12/site-packages/airflow/example_dags/example_task_group.py
[2024-05-26T17:49:05.077+0000] {logging_mixin.py:188} INFO - [2024-05-26T17:49:05.076+0000] {dag.py:3096} INFO - Sync 1 DAGs
[2024-05-26T17:49:05.106+0000] {logging_mixin.py:188} INFO - [2024-05-26T17:49:05.105+0000] {dag.py:3954} INFO - Setting next_dagrun for example_task_group to 2024-05-25 00:00:00+00:00, run_after=2024-05-26 00:00:00+00:00
[2024-05-26T17:49:05.130+0000] {processor.py:183} INFO - Processing /home/airflow/.local/lib/python3.12/site-packages/airflow/example_dags/example_task_group.py took 0.088 seconds
[2024-05-26T17:49:35.673+0000] {processor.py:161} INFO - Started process (PID=90) to work on /home/airflow/.local/lib/python3.12/site-packages/airflow/example_dags/example_task_group.py
[2024-05-26T17:49:35.674+0000] {processor.py:830} INFO - Processing file /home/airflow/.local/lib/python3.12/site-packages/airflow/example_dags/example_task_group.py for tasks to queue
[2024-05-26T17:49:35.676+0000] {logging_mixin.py:188} INFO - [2024-05-26T17:49:35.675+0000] {dagbag.py:545} INFO - Filling up the DagBag from /home/airflow/.local/lib/python3.12/site-packages/airflow/example_dags/example_task_group.py
[2024-05-26T17:49:35.683+0000] {processor.py:840} INFO - DAG(s) 'example_task_group' retrieved from /home/airflow/.local/lib/python3.12/site-packages/airflow/example_dags/example_task_group.py
[2024-05-26T17:49:35.806+0000] {logging_mixin.py:188} INFO - [2024-05-26T17:49:35.805+0000] {dag.py:3096} INFO - Sync 1 DAGs
[2024-05-26T17:49:35.833+0000] {logging_mixin.py:188} INFO - [2024-05-26T17:49:35.833+0000] {dag.py:3954} INFO - Setting next_dagrun for example_task_group to 2024-05-25 00:00:00+00:00, run_after=2024-05-26 00:00:00+00:00
[2024-05-26T17:49:35.858+0000] {processor.py:183} INFO - Processing /home/airflow/.local/lib/python3.12/site-packages/airflow/example_dags/example_task_group.py took 0.191 seconds
[2024-05-26T17:50:05.929+0000] {processor.py:161} INFO - Started process (PID=146) to work on /home/airflow/.local/lib/python3.12/site-packages/airflow/example_dags/example_task_group.py
[2024-05-26T17:50:05.930+0000] {processor.py:830} INFO - Processing file /home/airflow/.local/lib/python3.12/site-packages/airflow/example_dags/example_task_group.py for tasks to queue
[2024-05-26T17:50:05.932+0000] {logging_mixin.py:188} INFO - [2024-05-26T17:50:05.932+0000] {dagbag.py:545} INFO - Filling up the DagBag from /home/airflow/.local/lib/python3.12/site-packages/airflow/example_dags/example_task_group.py
[2024-05-26T17:50:05.940+0000] {processor.py:840} INFO - DAG(s) 'example_task_group' retrieved from /home/airflow/.local/lib/python3.12/site-packages/airflow/example_dags/example_task_group.py
[2024-05-26T17:50:05.968+0000] {logging_mixin.py:188} INFO - [2024-05-26T17:50:05.967+0000] {dag.py:3096} INFO - Sync 1 DAGs
[2024-05-26T17:50:05.998+0000] {logging_mixin.py:188} INFO - [2024-05-26T17:50:05.998+0000] {dag.py:3954} INFO - Setting next_dagrun for example_task_group to 2024-05-25 00:00:00+00:00, run_after=2024-05-26 00:00:00+00:00
[2024-05-26T17:50:06.019+0000] {processor.py:183} INFO - Processing /home/airflow/.local/lib/python3.12/site-packages/airflow/example_dags/example_task_group.py took 0.098 seconds
[2024-05-26T17:50:36.157+0000] {processor.py:161} INFO - Started process (PID=203) to work on /home/airflow/.local/lib/python3.12/site-packages/airflow/example_dags/example_task_group.py
[2024-05-26T17:50:36.158+0000] {processor.py:830} INFO - Processing file /home/airflow/.local/lib/python3.12/site-packages/airflow/example_dags/example_task_group.py for tasks to queue
[2024-05-26T17:50:36.160+0000] {logging_mixin.py:188} INFO - [2024-05-26T17:50:36.160+0000] {dagbag.py:545} INFO - Filling up the DagBag from /home/airflow/.local/lib/python3.12/site-packages/airflow/example_dags/example_task_group.py
[2024-05-26T17:50:36.168+0000] {processor.py:840} INFO - DAG(s) 'example_task_group' retrieved from /home/airflow/.local/lib/python3.12/site-packages/airflow/example_dags/example_task_group.py
[2024-05-26T17:50:36.193+0000] {logging_mixin.py:188} INFO - [2024-05-26T17:50:36.193+0000] {dag.py:3096} INFO - Sync 1 DAGs
[2024-05-26T17:50:36.218+0000] {logging_mixin.py:188} INFO - [2024-05-26T17:50:36.217+0000] {dag.py:3954} INFO - Setting next_dagrun for example_task_group to 2024-05-25 00:00:00+00:00, run_after=2024-05-26 00:00:00+00:00
[2024-05-26T17:50:36.239+0000] {processor.py:183} INFO - Processing /home/airflow/.local/lib/python3.12/site-packages/airflow/example_dags/example_task_group.py took 0.089 seconds
[2024-05-26T17:51:06.778+0000] {processor.py:161} INFO - Started process (PID=261) to work on /home/airflow/.local/lib/python3.12/site-packages/airflow/example_dags/example_task_group.py
[2024-05-26T17:51:06.780+0000] {processor.py:830} INFO - Processing file /home/airflow/.local/lib/python3.12/site-packages/airflow/example_dags/example_task_group.py for tasks to queue
[2024-05-26T17:51:06.783+0000] {logging_mixin.py:188} INFO - [2024-05-26T17:51:06.782+0000] {dagbag.py:545} INFO - Filling up the DagBag from /home/airflow/.local/lib/python3.12/site-packages/airflow/example_dags/example_task_group.py
[2024-05-26T17:51:06.793+0000] {processor.py:840} INFO - DAG(s) 'example_task_group' retrieved from /home/airflow/.local/lib/python3.12/site-packages/airflow/example_dags/example_task_group.py
[2024-05-26T17:51:06.818+0000] {logging_mixin.py:188} INFO - [2024-05-26T17:51:06.818+0000] {dag.py:3096} INFO - Sync 1 DAGs
[2024-05-26T17:51:06.850+0000] {logging_mixin.py:188} INFO - [2024-05-26T17:51:06.850+0000] {dag.py:3954} INFO - Setting next_dagrun for example_task_group to 2024-05-25 00:00:00+00:00, run_after=2024-05-26 00:00:00+00:00
[2024-05-26T17:51:06.874+0000] {processor.py:183} INFO - Processing /home/airflow/.local/lib/python3.12/site-packages/airflow/example_dags/example_task_group.py took 0.105 seconds
[2024-05-26T17:51:37.031+0000] {processor.py:161} INFO - Started process (PID=319) to work on /home/airflow/.local/lib/python3.12/site-packages/airflow/example_dags/example_task_group.py
[2024-05-26T17:51:37.032+0000] {processor.py:830} INFO - Processing file /home/airflow/.local/lib/python3.12/site-packages/airflow/example_dags/example_task_group.py for tasks to queue
[2024-05-26T17:51:37.035+0000] {logging_mixin.py:188} INFO - [2024-05-26T17:51:37.034+0000] {dagbag.py:545} INFO - Filling up the DagBag from /home/airflow/.local/lib/python3.12/site-packages/airflow/example_dags/example_task_group.py
[2024-05-26T17:51:37.045+0000] {processor.py:840} INFO - DAG(s) 'example_task_group' retrieved from /home/airflow/.local/lib/python3.12/site-packages/airflow/example_dags/example_task_group.py
[2024-05-26T17:51:37.074+0000] {logging_mixin.py:188} INFO - [2024-05-26T17:51:37.074+0000] {dag.py:3096} INFO - Sync 1 DAGs
[2024-05-26T17:51:37.101+0000] {logging_mixin.py:188} INFO - [2024-05-26T17:51:37.101+0000] {dag.py:3954} INFO - Setting next_dagrun for example_task_group to 2024-05-25 00:00:00+00:00, run_after=2024-05-26 00:00:00+00:00
[2024-05-26T17:51:37.125+0000] {processor.py:183} INFO - Processing /home/airflow/.local/lib/python3.12/site-packages/airflow/example_dags/example_task_group.py took 0.101 seconds
[2024-05-26T17:52:07.288+0000] {processor.py:161} INFO - Started process (PID=377) to work on /home/airflow/.local/lib/python3.12/site-packages/airflow/example_dags/example_task_group.py
[2024-05-26T17:52:07.289+0000] {processor.py:830} INFO - Processing file /home/airflow/.local/lib/python3.12/site-packages/airflow/example_dags/example_task_group.py for tasks to queue
[2024-05-26T17:52:07.292+0000] {logging_mixin.py:188} INFO - [2024-05-26T17:52:07.291+0000] {dagbag.py:545} INFO - Filling up the DagBag from /home/airflow/.local/lib/python3.12/site-packages/airflow/example_dags/example_task_group.py
[2024-05-26T17:52:07.303+0000] {processor.py:840} INFO - DAG(s) 'example_task_group' retrieved from /home/airflow/.local/lib/python3.12/site-packages/airflow/example_dags/example_task_group.py
[2024-05-26T17:52:07.328+0000] {logging_mixin.py:188} INFO - [2024-05-26T17:52:07.328+0000] {dag.py:3096} INFO - Sync 1 DAGs
[2024-05-26T17:52:07.357+0000] {logging_mixin.py:188} INFO - [2024-05-26T17:52:07.356+0000] {dag.py:3954} INFO - Setting next_dagrun for example_task_group to 2024-05-25 00:00:00+00:00, run_after=2024-05-26 00:00:00+00:00
[2024-05-26T17:52:07.381+0000] {processor.py:183} INFO - Processing /home/airflow/.local/lib/python3.12/site-packages/airflow/example_dags/example_task_group.py took 0.101 seconds
[2024-05-26T17:57:45.128+0000] {processor.py:161} INFO - Started process (PID=32) to work on /home/airflow/.local/lib/python3.12/site-packages/airflow/example_dags/example_task_group.py
[2024-05-26T17:57:45.130+0000] {processor.py:830} INFO - Processing file /home/airflow/.local/lib/python3.12/site-packages/airflow/example_dags/example_task_group.py for tasks to queue
[2024-05-26T17:57:45.133+0000] {logging_mixin.py:188} INFO - [2024-05-26T17:57:45.132+0000] {dagbag.py:545} INFO - Filling up the DagBag from /home/airflow/.local/lib/python3.12/site-packages/airflow/example_dags/example_task_group.py
[2024-05-26T17:57:45.153+0000] {processor.py:840} INFO - DAG(s) 'example_task_group' retrieved from /home/airflow/.local/lib/python3.12/site-packages/airflow/example_dags/example_task_group.py
[2024-05-26T17:57:45.165+0000] {logging_mixin.py:188} INFO - [2024-05-26T17:57:45.165+0000] {dag.py:3096} INFO - Sync 1 DAGs
[2024-05-26T17:57:45.195+0000] {logging_mixin.py:188} INFO - [2024-05-26T17:57:45.195+0000] {dag.py:3954} INFO - Setting next_dagrun for example_task_group to 2024-05-25 00:00:00+00:00, run_after=2024-05-26 00:00:00+00:00
[2024-05-26T17:57:45.220+0000] {processor.py:183} INFO - Processing /home/airflow/.local/lib/python3.12/site-packages/airflow/example_dags/example_task_group.py took 0.107 seconds
[2024-05-26T17:58:15.967+0000] {processor.py:161} INFO - Started process (PID=90) to work on /home/airflow/.local/lib/python3.12/site-packages/airflow/example_dags/example_task_group.py
[2024-05-26T17:58:15.968+0000] {processor.py:830} INFO - Processing file /home/airflow/.local/lib/python3.12/site-packages/airflow/example_dags/example_task_group.py for tasks to queue
[2024-05-26T17:58:15.970+0000] {logging_mixin.py:188} INFO - [2024-05-26T17:58:15.970+0000] {dagbag.py:545} INFO - Filling up the DagBag from /home/airflow/.local/lib/python3.12/site-packages/airflow/example_dags/example_task_group.py
[2024-05-26T17:58:15.978+0000] {processor.py:840} INFO - DAG(s) 'example_task_group' retrieved from /home/airflow/.local/lib/python3.12/site-packages/airflow/example_dags/example_task_group.py
[2024-05-26T17:58:16.109+0000] {logging_mixin.py:188} INFO - [2024-05-26T17:58:16.109+0000] {dag.py:3096} INFO - Sync 1 DAGs
[2024-05-26T17:58:16.132+0000] {logging_mixin.py:188} INFO - [2024-05-26T17:58:16.131+0000] {dag.py:3954} INFO - Setting next_dagrun for example_task_group to 2024-05-25 00:00:00+00:00, run_after=2024-05-26 00:00:00+00:00
[2024-05-26T17:58:16.153+0000] {processor.py:183} INFO - Processing /home/airflow/.local/lib/python3.12/site-packages/airflow/example_dags/example_task_group.py took 0.192 seconds
[2024-05-26T17:58:47.007+0000] {processor.py:161} INFO - Started process (PID=148) to work on /home/airflow/.local/lib/python3.12/site-packages/airflow/example_dags/example_task_group.py
[2024-05-26T17:58:47.008+0000] {processor.py:830} INFO - Processing file /home/airflow/.local/lib/python3.12/site-packages/airflow/example_dags/example_task_group.py for tasks to queue
[2024-05-26T17:58:47.011+0000] {logging_mixin.py:188} INFO - [2024-05-26T17:58:47.010+0000] {dagbag.py:545} INFO - Filling up the DagBag from /home/airflow/.local/lib/python3.12/site-packages/airflow/example_dags/example_task_group.py
[2024-05-26T17:58:47.020+0000] {processor.py:840} INFO - DAG(s) 'example_task_group' retrieved from /home/airflow/.local/lib/python3.12/site-packages/airflow/example_dags/example_task_group.py
[2024-05-26T17:58:47.052+0000] {logging_mixin.py:188} INFO - [2024-05-26T17:58:47.051+0000] {dag.py:3096} INFO - Sync 1 DAGs
[2024-05-26T17:58:47.079+0000] {logging_mixin.py:188} INFO - [2024-05-26T17:58:47.079+0000] {dag.py:3954} INFO - Setting next_dagrun for example_task_group to 2024-05-25 00:00:00+00:00, run_after=2024-05-26 00:00:00+00:00
[2024-05-26T17:58:47.102+0000] {processor.py:183} INFO - Processing /home/airflow/.local/lib/python3.12/site-packages/airflow/example_dags/example_task_group.py took 0.103 seconds
