[2024-05-26T15:21:36.074+0000] {processor.py:161} INFO - Started process (PID=71) to work on /home/airflow/.local/lib/python3.12/site-packages/airflow/example_dags/example_xcomargs.py
[2024-05-26T15:21:36.078+0000] {processor.py:830} INFO - Processing file /home/airflow/.local/lib/python3.12/site-packages/airflow/example_dags/example_xcomargs.py for tasks to queue
[2024-05-26T15:21:36.080+0000] {logging_mixin.py:188} INFO - [2024-05-26T15:21:36.080+0000] {dagbag.py:545} INFO - Filling up the DagBag from /home/airflow/.local/lib/python3.12/site-packages/airflow/example_dags/example_xcomargs.py
[2024-05-26T15:21:36.090+0000] {processor.py:840} INFO - DAG(s) 'example_xcom_args_with_operators', 'example_xcom_args' retrieved from /home/airflow/.local/lib/python3.12/site-packages/airflow/example_dags/example_xcomargs.py
[2024-05-26T15:21:36.117+0000] {logging_mixin.py:188} INFO - [2024-05-26T15:21:36.117+0000] {dag.py:3096} INFO - Sync 2 DAGs
[2024-05-26T15:21:36.138+0000] {logging_mixin.py:188} INFO - [2024-05-26T15:21:36.138+0000] {dag.py:3954} INFO - Setting next_dagrun for example_xcom_args to None, run_after=None
[2024-05-26T15:21:36.144+0000] {logging_mixin.py:188} INFO - [2024-05-26T15:21:36.144+0000] {dag.py:3954} INFO - Setting next_dagrun for example_xcom_args_with_operators to None, run_after=None
[2024-05-26T15:21:36.165+0000] {processor.py:183} INFO - Processing /home/airflow/.local/lib/python3.12/site-packages/airflow/example_dags/example_xcomargs.py took 0.099 seconds
[2024-05-26T15:22:06.672+0000] {processor.py:161} INFO - Started process (PID=129) to work on /home/airflow/.local/lib/python3.12/site-packages/airflow/example_dags/example_xcomargs.py
[2024-05-26T15:22:06.673+0000] {processor.py:830} INFO - Processing file /home/airflow/.local/lib/python3.12/site-packages/airflow/example_dags/example_xcomargs.py for tasks to queue
[2024-05-26T15:22:06.675+0000] {logging_mixin.py:188} INFO - [2024-05-26T15:22:06.675+0000] {dagbag.py:545} INFO - Filling up the DagBag from /home/airflow/.local/lib/python3.12/site-packages/airflow/example_dags/example_xcomargs.py
[2024-05-26T15:22:06.684+0000] {processor.py:840} INFO - DAG(s) 'example_xcom_args_with_operators', 'example_xcom_args' retrieved from /home/airflow/.local/lib/python3.12/site-packages/airflow/example_dags/example_xcomargs.py
[2024-05-26T15:22:06.739+0000] {logging_mixin.py:188} INFO - [2024-05-26T15:22:06.738+0000] {dag.py:3096} INFO - Sync 2 DAGs
[2024-05-26T15:22:06.763+0000] {logging_mixin.py:188} INFO - [2024-05-26T15:22:06.762+0000] {dag.py:3954} INFO - Setting next_dagrun for example_xcom_args to None, run_after=None
[2024-05-26T15:22:06.768+0000] {logging_mixin.py:188} INFO - [2024-05-26T15:22:06.767+0000] {dag.py:3954} INFO - Setting next_dagrun for example_xcom_args_with_operators to None, run_after=None
[2024-05-26T15:22:06.786+0000] {processor.py:183} INFO - Processing /home/airflow/.local/lib/python3.12/site-packages/airflow/example_dags/example_xcomargs.py took 0.121 seconds
[2024-05-26T15:22:37.146+0000] {processor.py:161} INFO - Started process (PID=187) to work on /home/airflow/.local/lib/python3.12/site-packages/airflow/example_dags/example_xcomargs.py
[2024-05-26T15:22:37.147+0000] {processor.py:830} INFO - Processing file /home/airflow/.local/lib/python3.12/site-packages/airflow/example_dags/example_xcomargs.py for tasks to queue
[2024-05-26T15:22:37.149+0000] {logging_mixin.py:188} INFO - [2024-05-26T15:22:37.148+0000] {dagbag.py:545} INFO - Filling up the DagBag from /home/airflow/.local/lib/python3.12/site-packages/airflow/example_dags/example_xcomargs.py
[2024-05-26T15:22:37.160+0000] {processor.py:840} INFO - DAG(s) 'example_xcom_args', 'example_xcom_args_with_operators' retrieved from /home/airflow/.local/lib/python3.12/site-packages/airflow/example_dags/example_xcomargs.py
[2024-05-26T15:22:37.190+0000] {logging_mixin.py:188} INFO - [2024-05-26T15:22:37.190+0000] {dag.py:3096} INFO - Sync 2 DAGs
[2024-05-26T15:22:37.206+0000] {logging_mixin.py:188} INFO - [2024-05-26T15:22:37.206+0000] {dag.py:3954} INFO - Setting next_dagrun for example_xcom_args to None, run_after=None
[2024-05-26T15:22:37.212+0000] {logging_mixin.py:188} INFO - [2024-05-26T15:22:37.212+0000] {dag.py:3954} INFO - Setting next_dagrun for example_xcom_args_with_operators to None, run_after=None
[2024-05-26T15:22:37.236+0000] {processor.py:183} INFO - Processing /home/airflow/.local/lib/python3.12/site-packages/airflow/example_dags/example_xcomargs.py took 0.096 seconds
[2024-05-26T15:23:07.368+0000] {processor.py:161} INFO - Started process (PID=245) to work on /home/airflow/.local/lib/python3.12/site-packages/airflow/example_dags/example_xcomargs.py
[2024-05-26T15:23:07.369+0000] {processor.py:830} INFO - Processing file /home/airflow/.local/lib/python3.12/site-packages/airflow/example_dags/example_xcomargs.py for tasks to queue
[2024-05-26T15:23:07.372+0000] {logging_mixin.py:188} INFO - [2024-05-26T15:23:07.371+0000] {dagbag.py:545} INFO - Filling up the DagBag from /home/airflow/.local/lib/python3.12/site-packages/airflow/example_dags/example_xcomargs.py
[2024-05-26T15:23:07.382+0000] {processor.py:840} INFO - DAG(s) 'example_xcom_args', 'example_xcom_args_with_operators' retrieved from /home/airflow/.local/lib/python3.12/site-packages/airflow/example_dags/example_xcomargs.py
[2024-05-26T15:23:07.419+0000] {logging_mixin.py:188} INFO - [2024-05-26T15:23:07.418+0000] {dag.py:3096} INFO - Sync 2 DAGs
[2024-05-26T15:23:07.436+0000] {logging_mixin.py:188} INFO - [2024-05-26T15:23:07.436+0000] {dag.py:3954} INFO - Setting next_dagrun for example_xcom_args to None, run_after=None
[2024-05-26T15:23:07.442+0000] {logging_mixin.py:188} INFO - [2024-05-26T15:23:07.441+0000] {dag.py:3954} INFO - Setting next_dagrun for example_xcom_args_with_operators to None, run_after=None
[2024-05-26T15:23:07.463+0000] {processor.py:183} INFO - Processing /home/airflow/.local/lib/python3.12/site-packages/airflow/example_dags/example_xcomargs.py took 0.101 seconds
[2024-05-26T15:23:38.464+0000] {processor.py:161} INFO - Started process (PID=303) to work on /home/airflow/.local/lib/python3.12/site-packages/airflow/example_dags/example_xcomargs.py
[2024-05-26T15:23:38.465+0000] {processor.py:830} INFO - Processing file /home/airflow/.local/lib/python3.12/site-packages/airflow/example_dags/example_xcomargs.py for tasks to queue
[2024-05-26T15:23:38.467+0000] {logging_mixin.py:188} INFO - [2024-05-26T15:23:38.466+0000] {dagbag.py:545} INFO - Filling up the DagBag from /home/airflow/.local/lib/python3.12/site-packages/airflow/example_dags/example_xcomargs.py
[2024-05-26T15:23:38.475+0000] {processor.py:840} INFO - DAG(s) 'example_xcom_args', 'example_xcom_args_with_operators' retrieved from /home/airflow/.local/lib/python3.12/site-packages/airflow/example_dags/example_xcomargs.py
[2024-05-26T15:23:38.503+0000] {logging_mixin.py:188} INFO - [2024-05-26T15:23:38.503+0000] {dag.py:3096} INFO - Sync 2 DAGs
[2024-05-26T15:23:38.518+0000] {logging_mixin.py:188} INFO - [2024-05-26T15:23:38.518+0000] {dag.py:3954} INFO - Setting next_dagrun for example_xcom_args to None, run_after=None
[2024-05-26T15:23:38.523+0000] {logging_mixin.py:188} INFO - [2024-05-26T15:23:38.523+0000] {dag.py:3954} INFO - Setting next_dagrun for example_xcom_args_with_operators to None, run_after=None
[2024-05-26T15:23:38.543+0000] {processor.py:183} INFO - Processing /home/airflow/.local/lib/python3.12/site-packages/airflow/example_dags/example_xcomargs.py took 0.087 seconds
[2024-05-26T15:24:09.388+0000] {processor.py:161} INFO - Started process (PID=361) to work on /home/airflow/.local/lib/python3.12/site-packages/airflow/example_dags/example_xcomargs.py
[2024-05-26T15:24:09.389+0000] {processor.py:830} INFO - Processing file /home/airflow/.local/lib/python3.12/site-packages/airflow/example_dags/example_xcomargs.py for tasks to queue
[2024-05-26T15:24:09.393+0000] {logging_mixin.py:188} INFO - [2024-05-26T15:24:09.393+0000] {dagbag.py:545} INFO - Filling up the DagBag from /home/airflow/.local/lib/python3.12/site-packages/airflow/example_dags/example_xcomargs.py
[2024-05-26T15:24:09.402+0000] {processor.py:840} INFO - DAG(s) 'example_xcom_args', 'example_xcom_args_with_operators' retrieved from /home/airflow/.local/lib/python3.12/site-packages/airflow/example_dags/example_xcomargs.py
[2024-05-26T15:24:09.430+0000] {logging_mixin.py:188} INFO - [2024-05-26T15:24:09.430+0000] {dag.py:3096} INFO - Sync 2 DAGs
[2024-05-26T15:24:09.449+0000] {logging_mixin.py:188} INFO - [2024-05-26T15:24:09.449+0000] {dag.py:3954} INFO - Setting next_dagrun for example_xcom_args to None, run_after=None
[2024-05-26T15:24:09.454+0000] {logging_mixin.py:188} INFO - [2024-05-26T15:24:09.454+0000] {dag.py:3954} INFO - Setting next_dagrun for example_xcom_args_with_operators to None, run_after=None
[2024-05-26T15:24:09.473+0000] {processor.py:183} INFO - Processing /home/airflow/.local/lib/python3.12/site-packages/airflow/example_dags/example_xcomargs.py took 0.091 seconds
[2024-05-26T15:24:39.818+0000] {processor.py:161} INFO - Started process (PID=419) to work on /home/airflow/.local/lib/python3.12/site-packages/airflow/example_dags/example_xcomargs.py
[2024-05-26T15:24:39.818+0000] {processor.py:830} INFO - Processing file /home/airflow/.local/lib/python3.12/site-packages/airflow/example_dags/example_xcomargs.py for tasks to queue
[2024-05-26T15:24:39.820+0000] {logging_mixin.py:188} INFO - [2024-05-26T15:24:39.820+0000] {dagbag.py:545} INFO - Filling up the DagBag from /home/airflow/.local/lib/python3.12/site-packages/airflow/example_dags/example_xcomargs.py
[2024-05-26T15:24:39.830+0000] {processor.py:840} INFO - DAG(s) 'example_xcom_args', 'example_xcom_args_with_operators' retrieved from /home/airflow/.local/lib/python3.12/site-packages/airflow/example_dags/example_xcomargs.py
[2024-05-26T15:24:39.859+0000] {logging_mixin.py:188} INFO - [2024-05-26T15:24:39.858+0000] {dag.py:3096} INFO - Sync 2 DAGs
[2024-05-26T15:24:39.875+0000] {logging_mixin.py:188} INFO - [2024-05-26T15:24:39.874+0000] {dag.py:3954} INFO - Setting next_dagrun for example_xcom_args to None, run_after=None
[2024-05-26T15:24:39.879+0000] {logging_mixin.py:188} INFO - [2024-05-26T15:24:39.879+0000] {dag.py:3954} INFO - Setting next_dagrun for example_xcom_args_with_operators to None, run_after=None
[2024-05-26T15:24:39.898+0000] {processor.py:183} INFO - Processing /home/airflow/.local/lib/python3.12/site-packages/airflow/example_dags/example_xcomargs.py took 0.087 seconds
[2024-05-26T15:25:10.102+0000] {processor.py:161} INFO - Started process (PID=477) to work on /home/airflow/.local/lib/python3.12/site-packages/airflow/example_dags/example_xcomargs.py
[2024-05-26T15:25:10.103+0000] {processor.py:830} INFO - Processing file /home/airflow/.local/lib/python3.12/site-packages/airflow/example_dags/example_xcomargs.py for tasks to queue
[2024-05-26T15:25:10.106+0000] {logging_mixin.py:188} INFO - [2024-05-26T15:25:10.105+0000] {dagbag.py:545} INFO - Filling up the DagBag from /home/airflow/.local/lib/python3.12/site-packages/airflow/example_dags/example_xcomargs.py
[2024-05-26T15:25:10.119+0000] {processor.py:840} INFO - DAG(s) 'example_xcom_args', 'example_xcom_args_with_operators' retrieved from /home/airflow/.local/lib/python3.12/site-packages/airflow/example_dags/example_xcomargs.py
[2024-05-26T15:25:10.147+0000] {logging_mixin.py:188} INFO - [2024-05-26T15:25:10.146+0000] {dag.py:3096} INFO - Sync 2 DAGs
[2024-05-26T15:25:10.162+0000] {logging_mixin.py:188} INFO - [2024-05-26T15:25:10.162+0000] {dag.py:3954} INFO - Setting next_dagrun for example_xcom_args to None, run_after=None
[2024-05-26T15:25:10.166+0000] {logging_mixin.py:188} INFO - [2024-05-26T15:25:10.166+0000] {dag.py:3954} INFO - Setting next_dagrun for example_xcom_args_with_operators to None, run_after=None
[2024-05-26T15:25:10.187+0000] {processor.py:183} INFO - Processing /home/airflow/.local/lib/python3.12/site-packages/airflow/example_dags/example_xcomargs.py took 0.092 seconds
[2024-05-26T15:25:40.445+0000] {processor.py:161} INFO - Started process (PID=535) to work on /home/airflow/.local/lib/python3.12/site-packages/airflow/example_dags/example_xcomargs.py
[2024-05-26T15:25:40.447+0000] {processor.py:830} INFO - Processing file /home/airflow/.local/lib/python3.12/site-packages/airflow/example_dags/example_xcomargs.py for tasks to queue
[2024-05-26T15:25:40.452+0000] {logging_mixin.py:188} INFO - [2024-05-26T15:25:40.451+0000] {dagbag.py:545} INFO - Filling up the DagBag from /home/airflow/.local/lib/python3.12/site-packages/airflow/example_dags/example_xcomargs.py
[2024-05-26T15:25:40.467+0000] {processor.py:840} INFO - DAG(s) 'example_xcom_args_with_operators', 'example_xcom_args' retrieved from /home/airflow/.local/lib/python3.12/site-packages/airflow/example_dags/example_xcomargs.py
[2024-05-26T15:25:40.518+0000] {logging_mixin.py:188} INFO - [2024-05-26T15:25:40.517+0000] {dag.py:3096} INFO - Sync 2 DAGs
[2024-05-26T15:25:40.546+0000] {logging_mixin.py:188} INFO - [2024-05-26T15:25:40.546+0000] {dag.py:3954} INFO - Setting next_dagrun for example_xcom_args to None, run_after=None
[2024-05-26T15:25:40.551+0000] {logging_mixin.py:188} INFO - [2024-05-26T15:25:40.551+0000] {dag.py:3954} INFO - Setting next_dagrun for example_xcom_args_with_operators to None, run_after=None
[2024-05-26T15:25:40.574+0000] {processor.py:183} INFO - Processing /home/airflow/.local/lib/python3.12/site-packages/airflow/example_dags/example_xcomargs.py took 0.139 seconds
[2024-05-26T15:26:11.049+0000] {processor.py:161} INFO - Started process (PID=593) to work on /home/airflow/.local/lib/python3.12/site-packages/airflow/example_dags/example_xcomargs.py
[2024-05-26T15:26:11.050+0000] {processor.py:830} INFO - Processing file /home/airflow/.local/lib/python3.12/site-packages/airflow/example_dags/example_xcomargs.py for tasks to queue
[2024-05-26T15:26:11.052+0000] {logging_mixin.py:188} INFO - [2024-05-26T15:26:11.052+0000] {dagbag.py:545} INFO - Filling up the DagBag from /home/airflow/.local/lib/python3.12/site-packages/airflow/example_dags/example_xcomargs.py
[2024-05-26T15:26:11.062+0000] {processor.py:840} INFO - DAG(s) 'example_xcom_args', 'example_xcom_args_with_operators' retrieved from /home/airflow/.local/lib/python3.12/site-packages/airflow/example_dags/example_xcomargs.py
[2024-05-26T15:26:11.090+0000] {logging_mixin.py:188} INFO - [2024-05-26T15:26:11.090+0000] {dag.py:3096} INFO - Sync 2 DAGs
[2024-05-26T15:26:11.107+0000] {logging_mixin.py:188} INFO - [2024-05-26T15:26:11.107+0000] {dag.py:3954} INFO - Setting next_dagrun for example_xcom_args to None, run_after=None
[2024-05-26T15:26:11.113+0000] {logging_mixin.py:188} INFO - [2024-05-26T15:26:11.112+0000] {dag.py:3954} INFO - Setting next_dagrun for example_xcom_args_with_operators to None, run_after=None
[2024-05-26T15:26:11.135+0000] {processor.py:183} INFO - Processing /home/airflow/.local/lib/python3.12/site-packages/airflow/example_dags/example_xcomargs.py took 0.092 seconds
[2024-05-26T15:26:41.385+0000] {processor.py:161} INFO - Started process (PID=651) to work on /home/airflow/.local/lib/python3.12/site-packages/airflow/example_dags/example_xcomargs.py
[2024-05-26T15:26:41.386+0000] {processor.py:830} INFO - Processing file /home/airflow/.local/lib/python3.12/site-packages/airflow/example_dags/example_xcomargs.py for tasks to queue
[2024-05-26T15:26:41.388+0000] {logging_mixin.py:188} INFO - [2024-05-26T15:26:41.388+0000] {dagbag.py:545} INFO - Filling up the DagBag from /home/airflow/.local/lib/python3.12/site-packages/airflow/example_dags/example_xcomargs.py
[2024-05-26T15:26:41.397+0000] {processor.py:840} INFO - DAG(s) 'example_xcom_args_with_operators', 'example_xcom_args' retrieved from /home/airflow/.local/lib/python3.12/site-packages/airflow/example_dags/example_xcomargs.py
[2024-05-26T15:26:41.433+0000] {logging_mixin.py:188} INFO - [2024-05-26T15:26:41.432+0000] {dag.py:3096} INFO - Sync 2 DAGs
[2024-05-26T15:26:41.450+0000] {logging_mixin.py:188} INFO - [2024-05-26T15:26:41.450+0000] {dag.py:3954} INFO - Setting next_dagrun for example_xcom_args to None, run_after=None
[2024-05-26T15:26:41.457+0000] {logging_mixin.py:188} INFO - [2024-05-26T15:26:41.456+0000] {dag.py:3954} INFO - Setting next_dagrun for example_xcom_args_with_operators to None, run_after=None
[2024-05-26T15:26:41.488+0000] {processor.py:183} INFO - Processing /home/airflow/.local/lib/python3.12/site-packages/airflow/example_dags/example_xcomargs.py took 0.109 seconds
[2024-05-26T15:27:11.659+0000] {processor.py:161} INFO - Started process (PID=709) to work on /home/airflow/.local/lib/python3.12/site-packages/airflow/example_dags/example_xcomargs.py
[2024-05-26T15:27:11.660+0000] {processor.py:830} INFO - Processing file /home/airflow/.local/lib/python3.12/site-packages/airflow/example_dags/example_xcomargs.py for tasks to queue
[2024-05-26T15:27:11.662+0000] {logging_mixin.py:188} INFO - [2024-05-26T15:27:11.661+0000] {dagbag.py:545} INFO - Filling up the DagBag from /home/airflow/.local/lib/python3.12/site-packages/airflow/example_dags/example_xcomargs.py
[2024-05-26T15:27:11.670+0000] {processor.py:840} INFO - DAG(s) 'example_xcom_args', 'example_xcom_args_with_operators' retrieved from /home/airflow/.local/lib/python3.12/site-packages/airflow/example_dags/example_xcomargs.py
[2024-05-26T15:27:11.702+0000] {logging_mixin.py:188} INFO - [2024-05-26T15:27:11.702+0000] {dag.py:3096} INFO - Sync 2 DAGs
[2024-05-26T15:27:11.720+0000] {logging_mixin.py:188} INFO - [2024-05-26T15:27:11.719+0000] {dag.py:3954} INFO - Setting next_dagrun for example_xcom_args to None, run_after=None
[2024-05-26T15:27:11.725+0000] {logging_mixin.py:188} INFO - [2024-05-26T15:27:11.725+0000] {dag.py:3954} INFO - Setting next_dagrun for example_xcom_args_with_operators to None, run_after=None
[2024-05-26T15:27:11.748+0000] {processor.py:183} INFO - Processing /home/airflow/.local/lib/python3.12/site-packages/airflow/example_dags/example_xcomargs.py took 0.095 seconds
[2024-05-26T17:43:38.631+0000] {processor.py:161} INFO - Started process (PID=60) to work on /home/airflow/.local/lib/python3.12/site-packages/airflow/example_dags/example_xcomargs.py
[2024-05-26T17:43:38.633+0000] {processor.py:830} INFO - Processing file /home/airflow/.local/lib/python3.12/site-packages/airflow/example_dags/example_xcomargs.py for tasks to queue
[2024-05-26T17:43:38.636+0000] {logging_mixin.py:188} INFO - [2024-05-26T17:43:38.635+0000] {dagbag.py:545} INFO - Filling up the DagBag from /home/airflow/.local/lib/python3.12/site-packages/airflow/example_dags/example_xcomargs.py
[2024-05-26T17:43:38.646+0000] {processor.py:840} INFO - DAG(s) 'example_xcom_args_with_operators', 'example_xcom_args' retrieved from /home/airflow/.local/lib/python3.12/site-packages/airflow/example_dags/example_xcomargs.py
[2024-05-26T17:43:38.808+0000] {logging_mixin.py:188} INFO - [2024-05-26T17:43:38.807+0000] {dag.py:3096} INFO - Sync 2 DAGs
[2024-05-26T17:43:38.825+0000] {logging_mixin.py:188} INFO - [2024-05-26T17:43:38.825+0000] {dag.py:3954} INFO - Setting next_dagrun for example_xcom_args to None, run_after=None
[2024-05-26T17:43:38.830+0000] {logging_mixin.py:188} INFO - [2024-05-26T17:43:38.829+0000] {dag.py:3954} INFO - Setting next_dagrun for example_xcom_args_with_operators to None, run_after=None
[2024-05-26T17:43:38.852+0000] {processor.py:183} INFO - Processing /home/airflow/.local/lib/python3.12/site-packages/airflow/example_dags/example_xcomargs.py took 0.241 seconds
[2024-05-26T17:44:09.124+0000] {processor.py:161} INFO - Started process (PID=117) to work on /home/airflow/.local/lib/python3.12/site-packages/airflow/example_dags/example_xcomargs.py
[2024-05-26T17:44:09.125+0000] {processor.py:830} INFO - Processing file /home/airflow/.local/lib/python3.12/site-packages/airflow/example_dags/example_xcomargs.py for tasks to queue
[2024-05-26T17:44:09.127+0000] {logging_mixin.py:188} INFO - [2024-05-26T17:44:09.127+0000] {dagbag.py:545} INFO - Filling up the DagBag from /home/airflow/.local/lib/python3.12/site-packages/airflow/example_dags/example_xcomargs.py
[2024-05-26T17:44:09.136+0000] {processor.py:840} INFO - DAG(s) 'example_xcom_args_with_operators', 'example_xcom_args' retrieved from /home/airflow/.local/lib/python3.12/site-packages/airflow/example_dags/example_xcomargs.py
[2024-05-26T17:44:09.164+0000] {logging_mixin.py:188} INFO - [2024-05-26T17:44:09.164+0000] {dag.py:3096} INFO - Sync 2 DAGs
[2024-05-26T17:44:09.183+0000] {logging_mixin.py:188} INFO - [2024-05-26T17:44:09.182+0000] {dag.py:3954} INFO - Setting next_dagrun for example_xcom_args to None, run_after=None
[2024-05-26T17:44:09.189+0000] {logging_mixin.py:188} INFO - [2024-05-26T17:44:09.188+0000] {dag.py:3954} INFO - Setting next_dagrun for example_xcom_args_with_operators to None, run_after=None
[2024-05-26T17:44:09.209+0000] {processor.py:183} INFO - Processing /home/airflow/.local/lib/python3.12/site-packages/airflow/example_dags/example_xcomargs.py took 0.093 seconds
[2024-05-26T17:44:39.841+0000] {processor.py:161} INFO - Started process (PID=176) to work on /home/airflow/.local/lib/python3.12/site-packages/airflow/example_dags/example_xcomargs.py
[2024-05-26T17:44:39.844+0000] {processor.py:830} INFO - Processing file /home/airflow/.local/lib/python3.12/site-packages/airflow/example_dags/example_xcomargs.py for tasks to queue
[2024-05-26T17:44:39.848+0000] {logging_mixin.py:188} INFO - [2024-05-26T17:44:39.847+0000] {dagbag.py:545} INFO - Filling up the DagBag from /home/airflow/.local/lib/python3.12/site-packages/airflow/example_dags/example_xcomargs.py
[2024-05-26T17:44:39.862+0000] {processor.py:840} INFO - DAG(s) 'example_xcom_args', 'example_xcom_args_with_operators' retrieved from /home/airflow/.local/lib/python3.12/site-packages/airflow/example_dags/example_xcomargs.py
[2024-05-26T17:44:39.889+0000] {logging_mixin.py:188} INFO - [2024-05-26T17:44:39.889+0000] {dag.py:3096} INFO - Sync 2 DAGs
[2024-05-26T17:44:39.906+0000] {logging_mixin.py:188} INFO - [2024-05-26T17:44:39.906+0000] {dag.py:3954} INFO - Setting next_dagrun for example_xcom_args to None, run_after=None
[2024-05-26T17:44:39.912+0000] {logging_mixin.py:188} INFO - [2024-05-26T17:44:39.911+0000] {dag.py:3954} INFO - Setting next_dagrun for example_xcom_args_with_operators to None, run_after=None
[2024-05-26T17:44:39.933+0000] {processor.py:183} INFO - Processing /home/airflow/.local/lib/python3.12/site-packages/airflow/example_dags/example_xcomargs.py took 0.106 seconds
[2024-05-26T17:45:10.167+0000] {processor.py:161} INFO - Started process (PID=233) to work on /home/airflow/.local/lib/python3.12/site-packages/airflow/example_dags/example_xcomargs.py
[2024-05-26T17:45:10.168+0000] {processor.py:830} INFO - Processing file /home/airflow/.local/lib/python3.12/site-packages/airflow/example_dags/example_xcomargs.py for tasks to queue
[2024-05-26T17:45:10.170+0000] {logging_mixin.py:188} INFO - [2024-05-26T17:45:10.170+0000] {dagbag.py:545} INFO - Filling up the DagBag from /home/airflow/.local/lib/python3.12/site-packages/airflow/example_dags/example_xcomargs.py
[2024-05-26T17:45:10.179+0000] {processor.py:840} INFO - DAG(s) 'example_xcom_args', 'example_xcom_args_with_operators' retrieved from /home/airflow/.local/lib/python3.12/site-packages/airflow/example_dags/example_xcomargs.py
[2024-05-26T17:45:10.209+0000] {logging_mixin.py:188} INFO - [2024-05-26T17:45:10.209+0000] {dag.py:3096} INFO - Sync 2 DAGs
[2024-05-26T17:45:10.225+0000] {logging_mixin.py:188} INFO - [2024-05-26T17:45:10.225+0000] {dag.py:3954} INFO - Setting next_dagrun for example_xcom_args to None, run_after=None
[2024-05-26T17:45:10.230+0000] {logging_mixin.py:188} INFO - [2024-05-26T17:45:10.230+0000] {dag.py:3954} INFO - Setting next_dagrun for example_xcom_args_with_operators to None, run_after=None
[2024-05-26T17:45:10.248+0000] {processor.py:183} INFO - Processing /home/airflow/.local/lib/python3.12/site-packages/airflow/example_dags/example_xcomargs.py took 0.088 seconds
[2024-05-26T17:45:42.110+0000] {processor.py:161} INFO - Started process (PID=291) to work on /home/airflow/.local/lib/python3.12/site-packages/airflow/example_dags/example_xcomargs.py
[2024-05-26T17:45:42.111+0000] {processor.py:830} INFO - Processing file /home/airflow/.local/lib/python3.12/site-packages/airflow/example_dags/example_xcomargs.py for tasks to queue
[2024-05-26T17:45:42.113+0000] {logging_mixin.py:188} INFO - [2024-05-26T17:45:42.113+0000] {dagbag.py:545} INFO - Filling up the DagBag from /home/airflow/.local/lib/python3.12/site-packages/airflow/example_dags/example_xcomargs.py
[2024-05-26T17:45:42.123+0000] {processor.py:840} INFO - DAG(s) 'example_xcom_args_with_operators', 'example_xcom_args' retrieved from /home/airflow/.local/lib/python3.12/site-packages/airflow/example_dags/example_xcomargs.py
[2024-05-26T17:45:42.152+0000] {logging_mixin.py:188} INFO - [2024-05-26T17:45:42.152+0000] {dag.py:3096} INFO - Sync 2 DAGs
[2024-05-26T17:45:42.170+0000] {logging_mixin.py:188} INFO - [2024-05-26T17:45:42.170+0000] {dag.py:3954} INFO - Setting next_dagrun for example_xcom_args to None, run_after=None
[2024-05-26T17:45:42.175+0000] {logging_mixin.py:188} INFO - [2024-05-26T17:45:42.175+0000] {dag.py:3954} INFO - Setting next_dagrun for example_xcom_args_with_operators to None, run_after=None
[2024-05-26T17:45:42.833+0000] {processor.py:183} INFO - Processing /home/airflow/.local/lib/python3.12/site-packages/airflow/example_dags/example_xcomargs.py took 0.729 seconds
[2024-05-26T17:46:13.146+0000] {processor.py:161} INFO - Started process (PID=348) to work on /home/airflow/.local/lib/python3.12/site-packages/airflow/example_dags/example_xcomargs.py
[2024-05-26T17:46:13.148+0000] {processor.py:830} INFO - Processing file /home/airflow/.local/lib/python3.12/site-packages/airflow/example_dags/example_xcomargs.py for tasks to queue
[2024-05-26T17:46:13.154+0000] {logging_mixin.py:188} INFO - [2024-05-26T17:46:13.153+0000] {dagbag.py:545} INFO - Filling up the DagBag from /home/airflow/.local/lib/python3.12/site-packages/airflow/example_dags/example_xcomargs.py
[2024-05-26T17:46:13.168+0000] {processor.py:840} INFO - DAG(s) 'example_xcom_args', 'example_xcom_args_with_operators' retrieved from /home/airflow/.local/lib/python3.12/site-packages/airflow/example_dags/example_xcomargs.py
[2024-05-26T17:46:13.197+0000] {logging_mixin.py:188} INFO - [2024-05-26T17:46:13.197+0000] {dag.py:3096} INFO - Sync 2 DAGs
[2024-05-26T17:46:13.213+0000] {logging_mixin.py:188} INFO - [2024-05-26T17:46:13.213+0000] {dag.py:3954} INFO - Setting next_dagrun for example_xcom_args to None, run_after=None
[2024-05-26T17:46:13.218+0000] {logging_mixin.py:188} INFO - [2024-05-26T17:46:13.218+0000] {dag.py:3954} INFO - Setting next_dagrun for example_xcom_args_with_operators to None, run_after=None
[2024-05-26T17:46:13.237+0000] {processor.py:183} INFO - Processing /home/airflow/.local/lib/python3.12/site-packages/airflow/example_dags/example_xcomargs.py took 0.105 seconds
[2024-05-26T17:46:43.469+0000] {processor.py:161} INFO - Started process (PID=406) to work on /home/airflow/.local/lib/python3.12/site-packages/airflow/example_dags/example_xcomargs.py
[2024-05-26T17:46:43.470+0000] {processor.py:830} INFO - Processing file /home/airflow/.local/lib/python3.12/site-packages/airflow/example_dags/example_xcomargs.py for tasks to queue
[2024-05-26T17:46:43.472+0000] {logging_mixin.py:188} INFO - [2024-05-26T17:46:43.472+0000] {dagbag.py:545} INFO - Filling up the DagBag from /home/airflow/.local/lib/python3.12/site-packages/airflow/example_dags/example_xcomargs.py
[2024-05-26T17:46:43.482+0000] {processor.py:840} INFO - DAG(s) 'example_xcom_args_with_operators', 'example_xcom_args' retrieved from /home/airflow/.local/lib/python3.12/site-packages/airflow/example_dags/example_xcomargs.py
[2024-05-26T17:46:43.514+0000] {logging_mixin.py:188} INFO - [2024-05-26T17:46:43.514+0000] {dag.py:3096} INFO - Sync 2 DAGs
[2024-05-26T17:46:43.530+0000] {logging_mixin.py:188} INFO - [2024-05-26T17:46:43.530+0000] {dag.py:3954} INFO - Setting next_dagrun for example_xcom_args to None, run_after=None
[2024-05-26T17:46:43.536+0000] {logging_mixin.py:188} INFO - [2024-05-26T17:46:43.536+0000] {dag.py:3954} INFO - Setting next_dagrun for example_xcom_args_with_operators to None, run_after=None
[2024-05-26T17:46:43.554+0000] {processor.py:183} INFO - Processing /home/airflow/.local/lib/python3.12/site-packages/airflow/example_dags/example_xcomargs.py took 0.092 seconds
[2024-05-26T17:47:14.093+0000] {processor.py:161} INFO - Started process (PID=464) to work on /home/airflow/.local/lib/python3.12/site-packages/airflow/example_dags/example_xcomargs.py
[2024-05-26T17:47:14.094+0000] {processor.py:830} INFO - Processing file /home/airflow/.local/lib/python3.12/site-packages/airflow/example_dags/example_xcomargs.py for tasks to queue
[2024-05-26T17:47:14.098+0000] {logging_mixin.py:188} INFO - [2024-05-26T17:47:14.098+0000] {dagbag.py:545} INFO - Filling up the DagBag from /home/airflow/.local/lib/python3.12/site-packages/airflow/example_dags/example_xcomargs.py
[2024-05-26T17:47:14.108+0000] {processor.py:840} INFO - DAG(s) 'example_xcom_args', 'example_xcom_args_with_operators' retrieved from /home/airflow/.local/lib/python3.12/site-packages/airflow/example_dags/example_xcomargs.py
[2024-05-26T17:47:14.136+0000] {logging_mixin.py:188} INFO - [2024-05-26T17:47:14.136+0000] {dag.py:3096} INFO - Sync 2 DAGs
[2024-05-26T17:47:14.153+0000] {logging_mixin.py:188} INFO - [2024-05-26T17:47:14.153+0000] {dag.py:3954} INFO - Setting next_dagrun for example_xcom_args to None, run_after=None
[2024-05-26T17:47:14.159+0000] {logging_mixin.py:188} INFO - [2024-05-26T17:47:14.159+0000] {dag.py:3954} INFO - Setting next_dagrun for example_xcom_args_with_operators to None, run_after=None
[2024-05-26T17:47:14.179+0000] {processor.py:183} INFO - Processing /home/airflow/.local/lib/python3.12/site-packages/airflow/example_dags/example_xcomargs.py took 0.093 seconds
[2024-05-26T17:47:44.428+0000] {processor.py:161} INFO - Started process (PID=522) to work on /home/airflow/.local/lib/python3.12/site-packages/airflow/example_dags/example_xcomargs.py
[2024-05-26T17:47:44.429+0000] {processor.py:830} INFO - Processing file /home/airflow/.local/lib/python3.12/site-packages/airflow/example_dags/example_xcomargs.py for tasks to queue
[2024-05-26T17:47:44.433+0000] {logging_mixin.py:188} INFO - [2024-05-26T17:47:44.432+0000] {dagbag.py:545} INFO - Filling up the DagBag from /home/airflow/.local/lib/python3.12/site-packages/airflow/example_dags/example_xcomargs.py
[2024-05-26T17:47:44.448+0000] {processor.py:840} INFO - DAG(s) 'example_xcom_args_with_operators', 'example_xcom_args' retrieved from /home/airflow/.local/lib/python3.12/site-packages/airflow/example_dags/example_xcomargs.py
[2024-05-26T17:47:44.480+0000] {logging_mixin.py:188} INFO - [2024-05-26T17:47:44.479+0000] {dag.py:3096} INFO - Sync 2 DAGs
[2024-05-26T17:47:44.500+0000] {logging_mixin.py:188} INFO - [2024-05-26T17:47:44.500+0000] {dag.py:3954} INFO - Setting next_dagrun for example_xcom_args to None, run_after=None
[2024-05-26T17:47:44.505+0000] {logging_mixin.py:188} INFO - [2024-05-26T17:47:44.505+0000] {dag.py:3954} INFO - Setting next_dagrun for example_xcom_args_with_operators to None, run_after=None
[2024-05-26T17:47:44.544+0000] {processor.py:183} INFO - Processing /home/airflow/.local/lib/python3.12/site-packages/airflow/example_dags/example_xcomargs.py took 0.122 seconds
[2024-05-26T17:49:09.918+0000] {processor.py:161} INFO - Started process (PID=60) to work on /home/airflow/.local/lib/python3.12/site-packages/airflow/example_dags/example_xcomargs.py
[2024-05-26T17:49:09.919+0000] {processor.py:830} INFO - Processing file /home/airflow/.local/lib/python3.12/site-packages/airflow/example_dags/example_xcomargs.py for tasks to queue
[2024-05-26T17:49:09.921+0000] {logging_mixin.py:188} INFO - [2024-05-26T17:49:09.921+0000] {dagbag.py:545} INFO - Filling up the DagBag from /home/airflow/.local/lib/python3.12/site-packages/airflow/example_dags/example_xcomargs.py
[2024-05-26T17:49:09.933+0000] {processor.py:840} INFO - DAG(s) 'example_xcom_args', 'example_xcom_args_with_operators' retrieved from /home/airflow/.local/lib/python3.12/site-packages/airflow/example_dags/example_xcomargs.py
[2024-05-26T17:49:10.079+0000] {logging_mixin.py:188} INFO - [2024-05-26T17:49:10.079+0000] {dag.py:3096} INFO - Sync 2 DAGs
[2024-05-26T17:49:10.098+0000] {logging_mixin.py:188} INFO - [2024-05-26T17:49:10.098+0000] {dag.py:3954} INFO - Setting next_dagrun for example_xcom_args to None, run_after=None
[2024-05-26T17:49:10.103+0000] {logging_mixin.py:188} INFO - [2024-05-26T17:49:10.103+0000] {dag.py:3954} INFO - Setting next_dagrun for example_xcom_args_with_operators to None, run_after=None
[2024-05-26T17:49:10.133+0000] {processor.py:183} INFO - Processing /home/airflow/.local/lib/python3.12/site-packages/airflow/example_dags/example_xcomargs.py took 0.223 seconds
[2024-05-26T17:49:40.854+0000] {processor.py:161} INFO - Started process (PID=118) to work on /home/airflow/.local/lib/python3.12/site-packages/airflow/example_dags/example_xcomargs.py
[2024-05-26T17:49:40.855+0000] {processor.py:830} INFO - Processing file /home/airflow/.local/lib/python3.12/site-packages/airflow/example_dags/example_xcomargs.py for tasks to queue
[2024-05-26T17:49:40.858+0000] {logging_mixin.py:188} INFO - [2024-05-26T17:49:40.857+0000] {dagbag.py:545} INFO - Filling up the DagBag from /home/airflow/.local/lib/python3.12/site-packages/airflow/example_dags/example_xcomargs.py
[2024-05-26T17:49:40.867+0000] {processor.py:840} INFO - DAG(s) 'example_xcom_args', 'example_xcom_args_with_operators' retrieved from /home/airflow/.local/lib/python3.12/site-packages/airflow/example_dags/example_xcomargs.py
[2024-05-26T17:49:40.896+0000] {logging_mixin.py:188} INFO - [2024-05-26T17:49:40.895+0000] {dag.py:3096} INFO - Sync 2 DAGs
[2024-05-26T17:49:40.913+0000] {logging_mixin.py:188} INFO - [2024-05-26T17:49:40.913+0000] {dag.py:3954} INFO - Setting next_dagrun for example_xcom_args to None, run_after=None
[2024-05-26T17:49:40.919+0000] {logging_mixin.py:188} INFO - [2024-05-26T17:49:40.919+0000] {dag.py:3954} INFO - Setting next_dagrun for example_xcom_args_with_operators to None, run_after=None
[2024-05-26T17:49:40.941+0000] {processor.py:183} INFO - Processing /home/airflow/.local/lib/python3.12/site-packages/airflow/example_dags/example_xcomargs.py took 0.094 seconds
[2024-05-26T17:50:11.184+0000] {processor.py:161} INFO - Started process (PID=175) to work on /home/airflow/.local/lib/python3.12/site-packages/airflow/example_dags/example_xcomargs.py
[2024-05-26T17:50:11.185+0000] {processor.py:830} INFO - Processing file /home/airflow/.local/lib/python3.12/site-packages/airflow/example_dags/example_xcomargs.py for tasks to queue
[2024-05-26T17:50:11.187+0000] {logging_mixin.py:188} INFO - [2024-05-26T17:50:11.187+0000] {dagbag.py:545} INFO - Filling up the DagBag from /home/airflow/.local/lib/python3.12/site-packages/airflow/example_dags/example_xcomargs.py
[2024-05-26T17:50:11.197+0000] {processor.py:840} INFO - DAG(s) 'example_xcom_args_with_operators', 'example_xcom_args' retrieved from /home/airflow/.local/lib/python3.12/site-packages/airflow/example_dags/example_xcomargs.py
[2024-05-26T17:50:11.224+0000] {logging_mixin.py:188} INFO - [2024-05-26T17:50:11.224+0000] {dag.py:3096} INFO - Sync 2 DAGs
[2024-05-26T17:50:11.242+0000] {logging_mixin.py:188} INFO - [2024-05-26T17:50:11.242+0000] {dag.py:3954} INFO - Setting next_dagrun for example_xcom_args to None, run_after=None
[2024-05-26T17:50:11.247+0000] {logging_mixin.py:188} INFO - [2024-05-26T17:50:11.247+0000] {dag.py:3954} INFO - Setting next_dagrun for example_xcom_args_with_operators to None, run_after=None
[2024-05-26T17:50:11.278+0000] {processor.py:183} INFO - Processing /home/airflow/.local/lib/python3.12/site-packages/airflow/example_dags/example_xcomargs.py took 0.100 seconds
[2024-05-26T17:50:41.563+0000] {processor.py:161} INFO - Started process (PID=232) to work on /home/airflow/.local/lib/python3.12/site-packages/airflow/example_dags/example_xcomargs.py
[2024-05-26T17:50:41.564+0000] {processor.py:830} INFO - Processing file /home/airflow/.local/lib/python3.12/site-packages/airflow/example_dags/example_xcomargs.py for tasks to queue
[2024-05-26T17:50:41.566+0000] {logging_mixin.py:188} INFO - [2024-05-26T17:50:41.566+0000] {dagbag.py:545} INFO - Filling up the DagBag from /home/airflow/.local/lib/python3.12/site-packages/airflow/example_dags/example_xcomargs.py
[2024-05-26T17:50:41.576+0000] {processor.py:840} INFO - DAG(s) 'example_xcom_args_with_operators', 'example_xcom_args' retrieved from /home/airflow/.local/lib/python3.12/site-packages/airflow/example_dags/example_xcomargs.py
[2024-05-26T17:50:41.603+0000] {logging_mixin.py:188} INFO - [2024-05-26T17:50:41.603+0000] {dag.py:3096} INFO - Sync 2 DAGs
[2024-05-26T17:50:41.618+0000] {logging_mixin.py:188} INFO - [2024-05-26T17:50:41.618+0000] {dag.py:3954} INFO - Setting next_dagrun for example_xcom_args to None, run_after=None
[2024-05-26T17:50:41.622+0000] {logging_mixin.py:188} INFO - [2024-05-26T17:50:41.622+0000] {dag.py:3954} INFO - Setting next_dagrun for example_xcom_args_with_operators to None, run_after=None
[2024-05-26T17:50:41.641+0000] {processor.py:183} INFO - Processing /home/airflow/.local/lib/python3.12/site-packages/airflow/example_dags/example_xcomargs.py took 0.084 seconds
[2024-05-26T17:51:11.894+0000] {processor.py:161} INFO - Started process (PID=289) to work on /home/airflow/.local/lib/python3.12/site-packages/airflow/example_dags/example_xcomargs.py
[2024-05-26T17:51:11.895+0000] {processor.py:830} INFO - Processing file /home/airflow/.local/lib/python3.12/site-packages/airflow/example_dags/example_xcomargs.py for tasks to queue
[2024-05-26T17:51:11.899+0000] {logging_mixin.py:188} INFO - [2024-05-26T17:51:11.898+0000] {dagbag.py:545} INFO - Filling up the DagBag from /home/airflow/.local/lib/python3.12/site-packages/airflow/example_dags/example_xcomargs.py
[2024-05-26T17:51:11.913+0000] {processor.py:840} INFO - DAG(s) 'example_xcom_args', 'example_xcom_args_with_operators' retrieved from /home/airflow/.local/lib/python3.12/site-packages/airflow/example_dags/example_xcomargs.py
[2024-05-26T17:51:11.943+0000] {logging_mixin.py:188} INFO - [2024-05-26T17:51:11.942+0000] {dag.py:3096} INFO - Sync 2 DAGs
[2024-05-26T17:51:11.958+0000] {logging_mixin.py:188} INFO - [2024-05-26T17:51:11.958+0000] {dag.py:3954} INFO - Setting next_dagrun for example_xcom_args to None, run_after=None
[2024-05-26T17:51:11.964+0000] {logging_mixin.py:188} INFO - [2024-05-26T17:51:11.963+0000] {dag.py:3954} INFO - Setting next_dagrun for example_xcom_args_with_operators to None, run_after=None
[2024-05-26T17:51:11.982+0000] {processor.py:183} INFO - Processing /home/airflow/.local/lib/python3.12/site-packages/airflow/example_dags/example_xcomargs.py took 0.098 seconds
[2024-05-26T17:51:42.123+0000] {processor.py:161} INFO - Started process (PID=347) to work on /home/airflow/.local/lib/python3.12/site-packages/airflow/example_dags/example_xcomargs.py
[2024-05-26T17:51:42.124+0000] {processor.py:830} INFO - Processing file /home/airflow/.local/lib/python3.12/site-packages/airflow/example_dags/example_xcomargs.py for tasks to queue
[2024-05-26T17:51:42.127+0000] {logging_mixin.py:188} INFO - [2024-05-26T17:51:42.126+0000] {dagbag.py:545} INFO - Filling up the DagBag from /home/airflow/.local/lib/python3.12/site-packages/airflow/example_dags/example_xcomargs.py
[2024-05-26T17:51:42.139+0000] {processor.py:840} INFO - DAG(s) 'example_xcom_args', 'example_xcom_args_with_operators' retrieved from /home/airflow/.local/lib/python3.12/site-packages/airflow/example_dags/example_xcomargs.py
[2024-05-26T17:51:42.175+0000] {logging_mixin.py:188} INFO - [2024-05-26T17:51:42.175+0000] {dag.py:3096} INFO - Sync 2 DAGs
[2024-05-26T17:51:42.196+0000] {logging_mixin.py:188} INFO - [2024-05-26T17:51:42.195+0000] {dag.py:3954} INFO - Setting next_dagrun for example_xcom_args to None, run_after=None
[2024-05-26T17:51:42.203+0000] {logging_mixin.py:188} INFO - [2024-05-26T17:51:42.203+0000] {dag.py:3954} INFO - Setting next_dagrun for example_xcom_args_with_operators to None, run_after=None
[2024-05-26T17:51:42.229+0000] {processor.py:183} INFO - Processing /home/airflow/.local/lib/python3.12/site-packages/airflow/example_dags/example_xcomargs.py took 0.113 seconds
[2024-05-26T17:52:12.461+0000] {processor.py:161} INFO - Started process (PID=405) to work on /home/airflow/.local/lib/python3.12/site-packages/airflow/example_dags/example_xcomargs.py
[2024-05-26T17:52:12.463+0000] {processor.py:830} INFO - Processing file /home/airflow/.local/lib/python3.12/site-packages/airflow/example_dags/example_xcomargs.py for tasks to queue
[2024-05-26T17:52:12.469+0000] {logging_mixin.py:188} INFO - [2024-05-26T17:52:12.468+0000] {dagbag.py:545} INFO - Filling up the DagBag from /home/airflow/.local/lib/python3.12/site-packages/airflow/example_dags/example_xcomargs.py
[2024-05-26T17:52:12.480+0000] {processor.py:840} INFO - DAG(s) 'example_xcom_args', 'example_xcom_args_with_operators' retrieved from /home/airflow/.local/lib/python3.12/site-packages/airflow/example_dags/example_xcomargs.py
[2024-05-26T17:52:12.513+0000] {logging_mixin.py:188} INFO - [2024-05-26T17:52:12.513+0000] {dag.py:3096} INFO - Sync 2 DAGs
[2024-05-26T17:52:12.529+0000] {logging_mixin.py:188} INFO - [2024-05-26T17:52:12.529+0000] {dag.py:3954} INFO - Setting next_dagrun for example_xcom_args to None, run_after=None
[2024-05-26T17:52:12.536+0000] {logging_mixin.py:188} INFO - [2024-05-26T17:52:12.536+0000] {dag.py:3954} INFO - Setting next_dagrun for example_xcom_args_with_operators to None, run_after=None
[2024-05-26T17:52:12.556+0000] {processor.py:183} INFO - Processing /home/airflow/.local/lib/python3.12/site-packages/airflow/example_dags/example_xcomargs.py took 0.116 seconds
[2024-05-26T17:57:47.384+0000] {processor.py:161} INFO - Started process (PID=60) to work on /home/airflow/.local/lib/python3.12/site-packages/airflow/example_dags/example_xcomargs.py
[2024-05-26T17:57:47.385+0000] {processor.py:830} INFO - Processing file /home/airflow/.local/lib/python3.12/site-packages/airflow/example_dags/example_xcomargs.py for tasks to queue
[2024-05-26T17:57:47.387+0000] {logging_mixin.py:188} INFO - [2024-05-26T17:57:47.387+0000] {dagbag.py:545} INFO - Filling up the DagBag from /home/airflow/.local/lib/python3.12/site-packages/airflow/example_dags/example_xcomargs.py
[2024-05-26T17:57:47.399+0000] {processor.py:840} INFO - DAG(s) 'example_xcom_args_with_operators', 'example_xcom_args' retrieved from /home/airflow/.local/lib/python3.12/site-packages/airflow/example_dags/example_xcomargs.py
[2024-05-26T17:57:47.414+0000] {logging_mixin.py:188} INFO - [2024-05-26T17:57:47.413+0000] {dag.py:3096} INFO - Sync 2 DAGs
[2024-05-26T17:57:47.433+0000] {logging_mixin.py:188} INFO - [2024-05-26T17:57:47.432+0000] {dag.py:3954} INFO - Setting next_dagrun for example_xcom_args to None, run_after=None
[2024-05-26T17:57:47.439+0000] {logging_mixin.py:188} INFO - [2024-05-26T17:57:47.439+0000] {dag.py:3954} INFO - Setting next_dagrun for example_xcom_args_with_operators to None, run_after=None
[2024-05-26T17:57:47.472+0000] {processor.py:183} INFO - Processing /home/airflow/.local/lib/python3.12/site-packages/airflow/example_dags/example_xcomargs.py took 0.097 seconds
[2024-05-26T17:58:19.232+0000] {processor.py:161} INFO - Started process (PID=118) to work on /home/airflow/.local/lib/python3.12/site-packages/airflow/example_dags/example_xcomargs.py
[2024-05-26T17:58:19.233+0000] {processor.py:830} INFO - Processing file /home/airflow/.local/lib/python3.12/site-packages/airflow/example_dags/example_xcomargs.py for tasks to queue
[2024-05-26T17:58:19.236+0000] {logging_mixin.py:188} INFO - [2024-05-26T17:58:19.235+0000] {dagbag.py:545} INFO - Filling up the DagBag from /home/airflow/.local/lib/python3.12/site-packages/airflow/example_dags/example_xcomargs.py
[2024-05-26T17:58:19.246+0000] {processor.py:840} INFO - DAG(s) 'example_xcom_args', 'example_xcom_args_with_operators' retrieved from /home/airflow/.local/lib/python3.12/site-packages/airflow/example_dags/example_xcomargs.py
[2024-05-26T17:58:19.387+0000] {logging_mixin.py:188} INFO - [2024-05-26T17:58:19.387+0000] {dag.py:3096} INFO - Sync 2 DAGs
[2024-05-26T17:58:19.414+0000] {logging_mixin.py:188} INFO - [2024-05-26T17:58:19.413+0000] {dag.py:3954} INFO - Setting next_dagrun for example_xcom_args to None, run_after=None
[2024-05-26T17:58:19.418+0000] {logging_mixin.py:188} INFO - [2024-05-26T17:58:19.418+0000] {dag.py:3954} INFO - Setting next_dagrun for example_xcom_args_with_operators to None, run_after=None
[2024-05-26T17:58:19.438+0000] {processor.py:183} INFO - Processing /home/airflow/.local/lib/python3.12/site-packages/airflow/example_dags/example_xcomargs.py took 0.214 seconds
[2024-05-26T17:58:49.526+0000] {processor.py:161} INFO - Started process (PID=176) to work on /home/airflow/.local/lib/python3.12/site-packages/airflow/example_dags/example_xcomargs.py
[2024-05-26T17:58:49.530+0000] {processor.py:830} INFO - Processing file /home/airflow/.local/lib/python3.12/site-packages/airflow/example_dags/example_xcomargs.py for tasks to queue
[2024-05-26T17:58:49.534+0000] {logging_mixin.py:188} INFO - [2024-05-26T17:58:49.534+0000] {dagbag.py:545} INFO - Filling up the DagBag from /home/airflow/.local/lib/python3.12/site-packages/airflow/example_dags/example_xcomargs.py
[2024-05-26T17:58:49.554+0000] {processor.py:840} INFO - DAG(s) 'example_xcom_args_with_operators', 'example_xcom_args' retrieved from /home/airflow/.local/lib/python3.12/site-packages/airflow/example_dags/example_xcomargs.py
[2024-05-26T17:58:49.592+0000] {logging_mixin.py:188} INFO - [2024-05-26T17:58:49.591+0000] {dag.py:3096} INFO - Sync 2 DAGs
[2024-05-26T17:58:49.610+0000] {logging_mixin.py:188} INFO - [2024-05-26T17:58:49.610+0000] {dag.py:3954} INFO - Setting next_dagrun for example_xcom_args to None, run_after=None
[2024-05-26T17:58:49.615+0000] {logging_mixin.py:188} INFO - [2024-05-26T17:58:49.615+0000] {dag.py:3954} INFO - Setting next_dagrun for example_xcom_args_with_operators to None, run_after=None
[2024-05-26T17:58:49.638+0000] {processor.py:183} INFO - Processing /home/airflow/.local/lib/python3.12/site-packages/airflow/example_dags/example_xcomargs.py took 0.128 seconds
