[2024-05-26T15:21:34.433+0000] {processor.py:161} INFO - Started process (PID=49) to work on /home/airflow/.local/lib/python3.12/site-packages/airflow/example_dags/example_python_decorator.py
[2024-05-26T15:21:34.435+0000] {processor.py:830} INFO - Processing file /home/airflow/.local/lib/python3.12/site-packages/airflow/example_dags/example_python_decorator.py for tasks to queue
[2024-05-26T15:21:34.437+0000] {logging_mixin.py:188} INFO - [2024-05-26T15:21:34.436+0000] {dagbag.py:545} INFO - Filling up the DagBag from /home/airflow/.local/lib/python3.12/site-packages/airflow/example_dags/example_python_decorator.py
[2024-05-26T15:21:34.452+0000] {processor.py:840} INFO - DAG(s) 'example_python_decorator' retrieved from /home/airflow/.local/lib/python3.12/site-packages/airflow/example_dags/example_python_decorator.py
[2024-05-26T15:21:34.594+0000] {logging_mixin.py:188} INFO - [2024-05-26T15:21:34.593+0000] {dag.py:3096} INFO - Sync 1 DAGs
[2024-05-26T15:21:34.610+0000] {logging_mixin.py:188} INFO - [2024-05-26T15:21:34.610+0000] {dag.py:3954} INFO - Setting next_dagrun for example_python_decorator to None, run_after=None
[2024-05-26T15:21:34.634+0000] {processor.py:183} INFO - Processing /home/airflow/.local/lib/python3.12/site-packages/airflow/example_dags/example_python_decorator.py took 0.207 seconds
[2024-05-26T15:22:05.191+0000] {processor.py:161} INFO - Started process (PID=107) to work on /home/airflow/.local/lib/python3.12/site-packages/airflow/example_dags/example_python_decorator.py
[2024-05-26T15:22:05.192+0000] {processor.py:830} INFO - Processing file /home/airflow/.local/lib/python3.12/site-packages/airflow/example_dags/example_python_decorator.py for tasks to queue
[2024-05-26T15:22:05.194+0000] {logging_mixin.py:188} INFO - [2024-05-26T15:22:05.194+0000] {dagbag.py:545} INFO - Filling up the DagBag from /home/airflow/.local/lib/python3.12/site-packages/airflow/example_dags/example_python_decorator.py
[2024-05-26T15:22:05.210+0000] {processor.py:840} INFO - DAG(s) 'example_python_decorator' retrieved from /home/airflow/.local/lib/python3.12/site-packages/airflow/example_dags/example_python_decorator.py
[2024-05-26T15:22:05.235+0000] {logging_mixin.py:188} INFO - [2024-05-26T15:22:05.235+0000] {dag.py:3096} INFO - Sync 1 DAGs
[2024-05-26T15:22:05.251+0000] {logging_mixin.py:188} INFO - [2024-05-26T15:22:05.250+0000] {dag.py:3954} INFO - Setting next_dagrun for example_python_decorator to None, run_after=None
[2024-05-26T15:22:05.270+0000] {processor.py:183} INFO - Processing /home/airflow/.local/lib/python3.12/site-packages/airflow/example_dags/example_python_decorator.py took 0.086 seconds
[2024-05-26T15:22:35.582+0000] {processor.py:161} INFO - Started process (PID=165) to work on /home/airflow/.local/lib/python3.12/site-packages/airflow/example_dags/example_python_decorator.py
[2024-05-26T15:22:35.583+0000] {processor.py:830} INFO - Processing file /home/airflow/.local/lib/python3.12/site-packages/airflow/example_dags/example_python_decorator.py for tasks to queue
[2024-05-26T15:22:35.585+0000] {logging_mixin.py:188} INFO - [2024-05-26T15:22:35.585+0000] {dagbag.py:545} INFO - Filling up the DagBag from /home/airflow/.local/lib/python3.12/site-packages/airflow/example_dags/example_python_decorator.py
[2024-05-26T15:22:35.599+0000] {processor.py:840} INFO - DAG(s) 'example_python_decorator' retrieved from /home/airflow/.local/lib/python3.12/site-packages/airflow/example_dags/example_python_decorator.py
[2024-05-26T15:22:35.628+0000] {logging_mixin.py:188} INFO - [2024-05-26T15:22:35.628+0000] {dag.py:3096} INFO - Sync 1 DAGs
[2024-05-26T15:22:35.644+0000] {logging_mixin.py:188} INFO - [2024-05-26T15:22:35.644+0000] {dag.py:3954} INFO - Setting next_dagrun for example_python_decorator to None, run_after=None
[2024-05-26T15:22:35.667+0000] {processor.py:183} INFO - Processing /home/airflow/.local/lib/python3.12/site-packages/airflow/example_dags/example_python_decorator.py took 0.092 seconds
[2024-05-26T15:23:05.845+0000] {processor.py:161} INFO - Started process (PID=223) to work on /home/airflow/.local/lib/python3.12/site-packages/airflow/example_dags/example_python_decorator.py
[2024-05-26T15:23:05.846+0000] {processor.py:830} INFO - Processing file /home/airflow/.local/lib/python3.12/site-packages/airflow/example_dags/example_python_decorator.py for tasks to queue
[2024-05-26T15:23:05.848+0000] {logging_mixin.py:188} INFO - [2024-05-26T15:23:05.848+0000] {dagbag.py:545} INFO - Filling up the DagBag from /home/airflow/.local/lib/python3.12/site-packages/airflow/example_dags/example_python_decorator.py
[2024-05-26T15:23:05.863+0000] {processor.py:840} INFO - DAG(s) 'example_python_decorator' retrieved from /home/airflow/.local/lib/python3.12/site-packages/airflow/example_dags/example_python_decorator.py
[2024-05-26T15:23:05.891+0000] {logging_mixin.py:188} INFO - [2024-05-26T15:23:05.891+0000] {dag.py:3096} INFO - Sync 1 DAGs
[2024-05-26T15:23:05.907+0000] {logging_mixin.py:188} INFO - [2024-05-26T15:23:05.906+0000] {dag.py:3954} INFO - Setting next_dagrun for example_python_decorator to None, run_after=None
[2024-05-26T15:23:05.929+0000] {processor.py:183} INFO - Processing /home/airflow/.local/lib/python3.12/site-packages/airflow/example_dags/example_python_decorator.py took 0.091 seconds
[2024-05-26T15:23:36.872+0000] {processor.py:161} INFO - Started process (PID=281) to work on /home/airflow/.local/lib/python3.12/site-packages/airflow/example_dags/example_python_decorator.py
[2024-05-26T15:23:36.875+0000] {processor.py:830} INFO - Processing file /home/airflow/.local/lib/python3.12/site-packages/airflow/example_dags/example_python_decorator.py for tasks to queue
[2024-05-26T15:23:36.878+0000] {logging_mixin.py:188} INFO - [2024-05-26T15:23:36.878+0000] {dagbag.py:545} INFO - Filling up the DagBag from /home/airflow/.local/lib/python3.12/site-packages/airflow/example_dags/example_python_decorator.py
[2024-05-26T15:23:36.898+0000] {processor.py:840} INFO - DAG(s) 'example_python_decorator' retrieved from /home/airflow/.local/lib/python3.12/site-packages/airflow/example_dags/example_python_decorator.py
[2024-05-26T15:23:36.922+0000] {logging_mixin.py:188} INFO - [2024-05-26T15:23:36.922+0000] {dag.py:3096} INFO - Sync 1 DAGs
[2024-05-26T15:23:36.939+0000] {logging_mixin.py:188} INFO - [2024-05-26T15:23:36.939+0000] {dag.py:3954} INFO - Setting next_dagrun for example_python_decorator to None, run_after=None
[2024-05-26T15:23:36.961+0000] {processor.py:183} INFO - Processing /home/airflow/.local/lib/python3.12/site-packages/airflow/example_dags/example_python_decorator.py took 0.102 seconds
[2024-05-26T15:24:07.933+0000] {processor.py:161} INFO - Started process (PID=339) to work on /home/airflow/.local/lib/python3.12/site-packages/airflow/example_dags/example_python_decorator.py
[2024-05-26T15:24:07.934+0000] {processor.py:830} INFO - Processing file /home/airflow/.local/lib/python3.12/site-packages/airflow/example_dags/example_python_decorator.py for tasks to queue
[2024-05-26T15:24:07.936+0000] {logging_mixin.py:188} INFO - [2024-05-26T15:24:07.936+0000] {dagbag.py:545} INFO - Filling up the DagBag from /home/airflow/.local/lib/python3.12/site-packages/airflow/example_dags/example_python_decorator.py
[2024-05-26T15:24:07.950+0000] {processor.py:840} INFO - DAG(s) 'example_python_decorator' retrieved from /home/airflow/.local/lib/python3.12/site-packages/airflow/example_dags/example_python_decorator.py
[2024-05-26T15:24:07.995+0000] {logging_mixin.py:188} INFO - [2024-05-26T15:24:07.995+0000] {dag.py:3096} INFO - Sync 1 DAGs
[2024-05-26T15:24:08.009+0000] {logging_mixin.py:188} INFO - [2024-05-26T15:24:08.009+0000] {dag.py:3954} INFO - Setting next_dagrun for example_python_decorator to None, run_after=None
[2024-05-26T15:24:08.029+0000] {processor.py:183} INFO - Processing /home/airflow/.local/lib/python3.12/site-packages/airflow/example_dags/example_python_decorator.py took 0.102 seconds
[2024-05-26T15:24:38.357+0000] {processor.py:161} INFO - Started process (PID=397) to work on /home/airflow/.local/lib/python3.12/site-packages/airflow/example_dags/example_python_decorator.py
[2024-05-26T15:24:38.358+0000] {processor.py:830} INFO - Processing file /home/airflow/.local/lib/python3.12/site-packages/airflow/example_dags/example_python_decorator.py for tasks to queue
[2024-05-26T15:24:38.359+0000] {logging_mixin.py:188} INFO - [2024-05-26T15:24:38.359+0000] {dagbag.py:545} INFO - Filling up the DagBag from /home/airflow/.local/lib/python3.12/site-packages/airflow/example_dags/example_python_decorator.py
[2024-05-26T15:24:38.373+0000] {processor.py:840} INFO - DAG(s) 'example_python_decorator' retrieved from /home/airflow/.local/lib/python3.12/site-packages/airflow/example_dags/example_python_decorator.py
[2024-05-26T15:24:38.399+0000] {logging_mixin.py:188} INFO - [2024-05-26T15:24:38.399+0000] {dag.py:3096} INFO - Sync 1 DAGs
[2024-05-26T15:24:38.413+0000] {logging_mixin.py:188} INFO - [2024-05-26T15:24:38.413+0000] {dag.py:3954} INFO - Setting next_dagrun for example_python_decorator to None, run_after=None
[2024-05-26T15:24:38.442+0000] {processor.py:183} INFO - Processing /home/airflow/.local/lib/python3.12/site-packages/airflow/example_dags/example_python_decorator.py took 0.091 seconds
[2024-05-26T15:25:08.694+0000] {processor.py:161} INFO - Started process (PID=455) to work on /home/airflow/.local/lib/python3.12/site-packages/airflow/example_dags/example_python_decorator.py
[2024-05-26T15:25:08.697+0000] {processor.py:830} INFO - Processing file /home/airflow/.local/lib/python3.12/site-packages/airflow/example_dags/example_python_decorator.py for tasks to queue
[2024-05-26T15:25:08.700+0000] {logging_mixin.py:188} INFO - [2024-05-26T15:25:08.700+0000] {dagbag.py:545} INFO - Filling up the DagBag from /home/airflow/.local/lib/python3.12/site-packages/airflow/example_dags/example_python_decorator.py
[2024-05-26T15:25:08.719+0000] {processor.py:840} INFO - DAG(s) 'example_python_decorator' retrieved from /home/airflow/.local/lib/python3.12/site-packages/airflow/example_dags/example_python_decorator.py
[2024-05-26T15:25:08.746+0000] {logging_mixin.py:188} INFO - [2024-05-26T15:25:08.746+0000] {dag.py:3096} INFO - Sync 1 DAGs
[2024-05-26T15:25:08.761+0000] {logging_mixin.py:188} INFO - [2024-05-26T15:25:08.761+0000] {dag.py:3954} INFO - Setting next_dagrun for example_python_decorator to None, run_after=None
[2024-05-26T15:25:08.782+0000] {processor.py:183} INFO - Processing /home/airflow/.local/lib/python3.12/site-packages/airflow/example_dags/example_python_decorator.py took 0.097 seconds
[2024-05-26T15:25:39.004+0000] {processor.py:161} INFO - Started process (PID=513) to work on /home/airflow/.local/lib/python3.12/site-packages/airflow/example_dags/example_python_decorator.py
[2024-05-26T15:25:39.005+0000] {processor.py:830} INFO - Processing file /home/airflow/.local/lib/python3.12/site-packages/airflow/example_dags/example_python_decorator.py for tasks to queue
[2024-05-26T15:25:39.007+0000] {logging_mixin.py:188} INFO - [2024-05-26T15:25:39.007+0000] {dagbag.py:545} INFO - Filling up the DagBag from /home/airflow/.local/lib/python3.12/site-packages/airflow/example_dags/example_python_decorator.py
[2024-05-26T15:25:39.022+0000] {processor.py:840} INFO - DAG(s) 'example_python_decorator' retrieved from /home/airflow/.local/lib/python3.12/site-packages/airflow/example_dags/example_python_decorator.py
[2024-05-26T15:25:39.066+0000] {logging_mixin.py:188} INFO - [2024-05-26T15:25:39.066+0000] {dag.py:3096} INFO - Sync 1 DAGs
[2024-05-26T15:25:39.088+0000] {logging_mixin.py:188} INFO - [2024-05-26T15:25:39.088+0000] {dag.py:3954} INFO - Setting next_dagrun for example_python_decorator to None, run_after=None
[2024-05-26T15:25:39.114+0000] {processor.py:183} INFO - Processing /home/airflow/.local/lib/python3.12/site-packages/airflow/example_dags/example_python_decorator.py took 0.116 seconds
[2024-05-26T15:26:09.351+0000] {processor.py:161} INFO - Started process (PID=571) to work on /home/airflow/.local/lib/python3.12/site-packages/airflow/example_dags/example_python_decorator.py
[2024-05-26T15:26:09.354+0000] {processor.py:830} INFO - Processing file /home/airflow/.local/lib/python3.12/site-packages/airflow/example_dags/example_python_decorator.py for tasks to queue
[2024-05-26T15:26:09.359+0000] {logging_mixin.py:188} INFO - [2024-05-26T15:26:09.358+0000] {dagbag.py:545} INFO - Filling up the DagBag from /home/airflow/.local/lib/python3.12/site-packages/airflow/example_dags/example_python_decorator.py
[2024-05-26T15:26:09.375+0000] {processor.py:840} INFO - DAG(s) 'example_python_decorator' retrieved from /home/airflow/.local/lib/python3.12/site-packages/airflow/example_dags/example_python_decorator.py
[2024-05-26T15:26:09.407+0000] {logging_mixin.py:188} INFO - [2024-05-26T15:26:09.407+0000] {dag.py:3096} INFO - Sync 1 DAGs
[2024-05-26T15:26:09.423+0000] {logging_mixin.py:188} INFO - [2024-05-26T15:26:09.423+0000] {dag.py:3954} INFO - Setting next_dagrun for example_python_decorator to None, run_after=None
[2024-05-26T15:26:09.449+0000] {processor.py:183} INFO - Processing /home/airflow/.local/lib/python3.12/site-packages/airflow/example_dags/example_python_decorator.py took 0.114 seconds
[2024-05-26T15:26:39.796+0000] {processor.py:161} INFO - Started process (PID=629) to work on /home/airflow/.local/lib/python3.12/site-packages/airflow/example_dags/example_python_decorator.py
[2024-05-26T15:26:39.797+0000] {processor.py:830} INFO - Processing file /home/airflow/.local/lib/python3.12/site-packages/airflow/example_dags/example_python_decorator.py for tasks to queue
[2024-05-26T15:26:39.799+0000] {logging_mixin.py:188} INFO - [2024-05-26T15:26:39.799+0000] {dagbag.py:545} INFO - Filling up the DagBag from /home/airflow/.local/lib/python3.12/site-packages/airflow/example_dags/example_python_decorator.py
[2024-05-26T15:26:39.814+0000] {processor.py:840} INFO - DAG(s) 'example_python_decorator' retrieved from /home/airflow/.local/lib/python3.12/site-packages/airflow/example_dags/example_python_decorator.py
[2024-05-26T15:26:39.839+0000] {logging_mixin.py:188} INFO - [2024-05-26T15:26:39.839+0000] {dag.py:3096} INFO - Sync 1 DAGs
[2024-05-26T15:26:39.855+0000] {logging_mixin.py:188} INFO - [2024-05-26T15:26:39.854+0000] {dag.py:3954} INFO - Setting next_dagrun for example_python_decorator to None, run_after=None
[2024-05-26T15:26:39.877+0000] {processor.py:183} INFO - Processing /home/airflow/.local/lib/python3.12/site-packages/airflow/example_dags/example_python_decorator.py took 0.087 seconds
[2024-05-26T15:27:10.348+0000] {processor.py:161} INFO - Started process (PID=687) to work on /home/airflow/.local/lib/python3.12/site-packages/airflow/example_dags/example_python_decorator.py
[2024-05-26T15:27:10.352+0000] {processor.py:830} INFO - Processing file /home/airflow/.local/lib/python3.12/site-packages/airflow/example_dags/example_python_decorator.py for tasks to queue
[2024-05-26T15:27:10.354+0000] {logging_mixin.py:188} INFO - [2024-05-26T15:27:10.354+0000] {dagbag.py:545} INFO - Filling up the DagBag from /home/airflow/.local/lib/python3.12/site-packages/airflow/example_dags/example_python_decorator.py
[2024-05-26T15:27:10.368+0000] {processor.py:840} INFO - DAG(s) 'example_python_decorator' retrieved from /home/airflow/.local/lib/python3.12/site-packages/airflow/example_dags/example_python_decorator.py
[2024-05-26T15:27:10.423+0000] {logging_mixin.py:188} INFO - [2024-05-26T15:27:10.423+0000] {dag.py:3096} INFO - Sync 1 DAGs
[2024-05-26T15:27:10.440+0000] {logging_mixin.py:188} INFO - [2024-05-26T15:27:10.440+0000] {dag.py:3954} INFO - Setting next_dagrun for example_python_decorator to None, run_after=None
[2024-05-26T15:27:10.461+0000] {processor.py:183} INFO - Processing /home/airflow/.local/lib/python3.12/site-packages/airflow/example_dags/example_python_decorator.py took 0.119 seconds
[2024-05-26T17:43:38.298+0000] {processor.py:161} INFO - Started process (PID=58) to work on /home/airflow/.local/lib/python3.12/site-packages/airflow/example_dags/example_python_decorator.py
[2024-05-26T17:43:38.299+0000] {processor.py:830} INFO - Processing file /home/airflow/.local/lib/python3.12/site-packages/airflow/example_dags/example_python_decorator.py for tasks to queue
[2024-05-26T17:43:38.301+0000] {logging_mixin.py:188} INFO - [2024-05-26T17:43:38.301+0000] {dagbag.py:545} INFO - Filling up the DagBag from /home/airflow/.local/lib/python3.12/site-packages/airflow/example_dags/example_python_decorator.py
[2024-05-26T17:43:38.321+0000] {processor.py:840} INFO - DAG(s) 'example_python_decorator' retrieved from /home/airflow/.local/lib/python3.12/site-packages/airflow/example_dags/example_python_decorator.py
[2024-05-26T17:43:38.489+0000] {logging_mixin.py:188} INFO - [2024-05-26T17:43:38.489+0000] {dag.py:3096} INFO - Sync 1 DAGs
[2024-05-26T17:43:38.517+0000] {logging_mixin.py:188} INFO - [2024-05-26T17:43:38.517+0000] {dag.py:3954} INFO - Setting next_dagrun for example_python_decorator to None, run_after=None
[2024-05-26T17:43:38.562+0000] {processor.py:183} INFO - Processing /home/airflow/.local/lib/python3.12/site-packages/airflow/example_dags/example_python_decorator.py took 0.271 seconds
[2024-05-26T17:44:09.016+0000] {processor.py:161} INFO - Started process (PID=116) to work on /home/airflow/.local/lib/python3.12/site-packages/airflow/example_dags/example_python_decorator.py
[2024-05-26T17:44:09.018+0000] {processor.py:830} INFO - Processing file /home/airflow/.local/lib/python3.12/site-packages/airflow/example_dags/example_python_decorator.py for tasks to queue
[2024-05-26T17:44:09.021+0000] {logging_mixin.py:188} INFO - [2024-05-26T17:44:09.020+0000] {dagbag.py:545} INFO - Filling up the DagBag from /home/airflow/.local/lib/python3.12/site-packages/airflow/example_dags/example_python_decorator.py
[2024-05-26T17:44:09.037+0000] {processor.py:840} INFO - DAG(s) 'example_python_decorator' retrieved from /home/airflow/.local/lib/python3.12/site-packages/airflow/example_dags/example_python_decorator.py
[2024-05-26T17:44:09.063+0000] {logging_mixin.py:188} INFO - [2024-05-26T17:44:09.063+0000] {dag.py:3096} INFO - Sync 1 DAGs
[2024-05-26T17:44:09.079+0000] {logging_mixin.py:188} INFO - [2024-05-26T17:44:09.079+0000] {dag.py:3954} INFO - Setting next_dagrun for example_python_decorator to None, run_after=None
[2024-05-26T17:44:09.100+0000] {processor.py:183} INFO - Processing /home/airflow/.local/lib/python3.12/site-packages/airflow/example_dags/example_python_decorator.py took 0.091 seconds
[2024-05-26T17:44:39.542+0000] {processor.py:161} INFO - Started process (PID=174) to work on /home/airflow/.local/lib/python3.12/site-packages/airflow/example_dags/example_python_decorator.py
[2024-05-26T17:44:39.543+0000] {processor.py:830} INFO - Processing file /home/airflow/.local/lib/python3.12/site-packages/airflow/example_dags/example_python_decorator.py for tasks to queue
[2024-05-26T17:44:39.545+0000] {logging_mixin.py:188} INFO - [2024-05-26T17:44:39.545+0000] {dagbag.py:545} INFO - Filling up the DagBag from /home/airflow/.local/lib/python3.12/site-packages/airflow/example_dags/example_python_decorator.py
[2024-05-26T17:44:39.562+0000] {processor.py:840} INFO - DAG(s) 'example_python_decorator' retrieved from /home/airflow/.local/lib/python3.12/site-packages/airflow/example_dags/example_python_decorator.py
[2024-05-26T17:44:39.590+0000] {logging_mixin.py:188} INFO - [2024-05-26T17:44:39.589+0000] {dag.py:3096} INFO - Sync 1 DAGs
[2024-05-26T17:44:39.605+0000] {logging_mixin.py:188} INFO - [2024-05-26T17:44:39.605+0000] {dag.py:3954} INFO - Setting next_dagrun for example_python_decorator to None, run_after=None
[2024-05-26T17:44:39.629+0000] {processor.py:183} INFO - Processing /home/airflow/.local/lib/python3.12/site-packages/airflow/example_dags/example_python_decorator.py took 0.094 seconds
[2024-05-26T17:45:10.050+0000] {processor.py:161} INFO - Started process (PID=231) to work on /home/airflow/.local/lib/python3.12/site-packages/airflow/example_dags/example_python_decorator.py
[2024-05-26T17:45:10.051+0000] {processor.py:830} INFO - Processing file /home/airflow/.local/lib/python3.12/site-packages/airflow/example_dags/example_python_decorator.py for tasks to queue
[2024-05-26T17:45:10.053+0000] {logging_mixin.py:188} INFO - [2024-05-26T17:45:10.052+0000] {dagbag.py:545} INFO - Filling up the DagBag from /home/airflow/.local/lib/python3.12/site-packages/airflow/example_dags/example_python_decorator.py
[2024-05-26T17:45:10.068+0000] {processor.py:840} INFO - DAG(s) 'example_python_decorator' retrieved from /home/airflow/.local/lib/python3.12/site-packages/airflow/example_dags/example_python_decorator.py
[2024-05-26T17:45:10.105+0000] {logging_mixin.py:188} INFO - [2024-05-26T17:45:10.105+0000] {dag.py:3096} INFO - Sync 1 DAGs
[2024-05-26T17:45:10.120+0000] {logging_mixin.py:188} INFO - [2024-05-26T17:45:10.119+0000] {dag.py:3954} INFO - Setting next_dagrun for example_python_decorator to None, run_after=None
[2024-05-26T17:45:10.138+0000] {processor.py:183} INFO - Processing /home/airflow/.local/lib/python3.12/site-packages/airflow/example_dags/example_python_decorator.py took 0.095 seconds
[2024-05-26T17:45:41.778+0000] {processor.py:161} INFO - Started process (PID=289) to work on /home/airflow/.local/lib/python3.12/site-packages/airflow/example_dags/example_python_decorator.py
[2024-05-26T17:45:41.779+0000] {processor.py:830} INFO - Processing file /home/airflow/.local/lib/python3.12/site-packages/airflow/example_dags/example_python_decorator.py for tasks to queue
[2024-05-26T17:45:41.781+0000] {logging_mixin.py:188} INFO - [2024-05-26T17:45:41.781+0000] {dagbag.py:545} INFO - Filling up the DagBag from /home/airflow/.local/lib/python3.12/site-packages/airflow/example_dags/example_python_decorator.py
[2024-05-26T17:45:41.796+0000] {processor.py:840} INFO - DAG(s) 'example_python_decorator' retrieved from /home/airflow/.local/lib/python3.12/site-packages/airflow/example_dags/example_python_decorator.py
[2024-05-26T17:45:41.826+0000] {logging_mixin.py:188} INFO - [2024-05-26T17:45:41.826+0000] {dag.py:3096} INFO - Sync 1 DAGs
[2024-05-26T17:45:41.841+0000] {logging_mixin.py:188} INFO - [2024-05-26T17:45:41.841+0000] {dag.py:3954} INFO - Setting next_dagrun for example_python_decorator to None, run_after=None
[2024-05-26T17:45:42.077+0000] {processor.py:183} INFO - Processing /home/airflow/.local/lib/python3.12/site-packages/airflow/example_dags/example_python_decorator.py took 0.312 seconds
[2024-05-26T17:46:12.843+0000] {processor.py:161} INFO - Started process (PID=346) to work on /home/airflow/.local/lib/python3.12/site-packages/airflow/example_dags/example_python_decorator.py
[2024-05-26T17:46:12.845+0000] {processor.py:830} INFO - Processing file /home/airflow/.local/lib/python3.12/site-packages/airflow/example_dags/example_python_decorator.py for tasks to queue
[2024-05-26T17:46:12.850+0000] {logging_mixin.py:188} INFO - [2024-05-26T17:46:12.849+0000] {dagbag.py:545} INFO - Filling up the DagBag from /home/airflow/.local/lib/python3.12/site-packages/airflow/example_dags/example_python_decorator.py
[2024-05-26T17:46:12.876+0000] {processor.py:840} INFO - DAG(s) 'example_python_decorator' retrieved from /home/airflow/.local/lib/python3.12/site-packages/airflow/example_dags/example_python_decorator.py
[2024-05-26T17:46:12.909+0000] {logging_mixin.py:188} INFO - [2024-05-26T17:46:12.908+0000] {dag.py:3096} INFO - Sync 1 DAGs
[2024-05-26T17:46:12.923+0000] {logging_mixin.py:188} INFO - [2024-05-26T17:46:12.923+0000] {dag.py:3954} INFO - Setting next_dagrun for example_python_decorator to None, run_after=None
[2024-05-26T17:46:12.947+0000] {processor.py:183} INFO - Processing /home/airflow/.local/lib/python3.12/site-packages/airflow/example_dags/example_python_decorator.py took 0.120 seconds
[2024-05-26T17:46:43.305+0000] {processor.py:161} INFO - Started process (PID=404) to work on /home/airflow/.local/lib/python3.12/site-packages/airflow/example_dags/example_python_decorator.py
[2024-05-26T17:46:43.307+0000] {processor.py:830} INFO - Processing file /home/airflow/.local/lib/python3.12/site-packages/airflow/example_dags/example_python_decorator.py for tasks to queue
[2024-05-26T17:46:43.313+0000] {logging_mixin.py:188} INFO - [2024-05-26T17:46:43.313+0000] {dagbag.py:545} INFO - Filling up the DagBag from /home/airflow/.local/lib/python3.12/site-packages/airflow/example_dags/example_python_decorator.py
[2024-05-26T17:46:43.339+0000] {processor.py:840} INFO - DAG(s) 'example_python_decorator' retrieved from /home/airflow/.local/lib/python3.12/site-packages/airflow/example_dags/example_python_decorator.py
[2024-05-26T17:46:43.390+0000] {logging_mixin.py:188} INFO - [2024-05-26T17:46:43.389+0000] {dag.py:3096} INFO - Sync 1 DAGs
[2024-05-26T17:46:43.408+0000] {logging_mixin.py:188} INFO - [2024-05-26T17:46:43.408+0000] {dag.py:3954} INFO - Setting next_dagrun for example_python_decorator to None, run_after=None
[2024-05-26T17:46:43.434+0000] {processor.py:183} INFO - Processing /home/airflow/.local/lib/python3.12/site-packages/airflow/example_dags/example_python_decorator.py took 0.145 seconds
[2024-05-26T17:47:13.941+0000] {processor.py:161} INFO - Started process (PID=462) to work on /home/airflow/.local/lib/python3.12/site-packages/airflow/example_dags/example_python_decorator.py
[2024-05-26T17:47:13.944+0000] {processor.py:830} INFO - Processing file /home/airflow/.local/lib/python3.12/site-packages/airflow/example_dags/example_python_decorator.py for tasks to queue
[2024-05-26T17:47:13.949+0000] {logging_mixin.py:188} INFO - [2024-05-26T17:47:13.948+0000] {dagbag.py:545} INFO - Filling up the DagBag from /home/airflow/.local/lib/python3.12/site-packages/airflow/example_dags/example_python_decorator.py
[2024-05-26T17:47:13.975+0000] {processor.py:840} INFO - DAG(s) 'example_python_decorator' retrieved from /home/airflow/.local/lib/python3.12/site-packages/airflow/example_dags/example_python_decorator.py
[2024-05-26T17:47:14.007+0000] {logging_mixin.py:188} INFO - [2024-05-26T17:47:14.007+0000] {dag.py:3096} INFO - Sync 1 DAGs
[2024-05-26T17:47:14.027+0000] {logging_mixin.py:188} INFO - [2024-05-26T17:47:14.027+0000] {dag.py:3954} INFO - Setting next_dagrun for example_python_decorator to None, run_after=None
[2024-05-26T17:47:14.060+0000] {processor.py:183} INFO - Processing /home/airflow/.local/lib/python3.12/site-packages/airflow/example_dags/example_python_decorator.py took 0.134 seconds
[2024-05-26T17:47:44.131+0000] {processor.py:161} INFO - Started process (PID=520) to work on /home/airflow/.local/lib/python3.12/site-packages/airflow/example_dags/example_python_decorator.py
[2024-05-26T17:47:44.132+0000] {processor.py:830} INFO - Processing file /home/airflow/.local/lib/python3.12/site-packages/airflow/example_dags/example_python_decorator.py for tasks to queue
[2024-05-26T17:47:44.134+0000] {logging_mixin.py:188} INFO - [2024-05-26T17:47:44.134+0000] {dagbag.py:545} INFO - Filling up the DagBag from /home/airflow/.local/lib/python3.12/site-packages/airflow/example_dags/example_python_decorator.py
[2024-05-26T17:47:44.151+0000] {processor.py:840} INFO - DAG(s) 'example_python_decorator' retrieved from /home/airflow/.local/lib/python3.12/site-packages/airflow/example_dags/example_python_decorator.py
[2024-05-26T17:47:44.190+0000] {logging_mixin.py:188} INFO - [2024-05-26T17:47:44.190+0000] {dag.py:3096} INFO - Sync 1 DAGs
[2024-05-26T17:47:44.205+0000] {logging_mixin.py:188} INFO - [2024-05-26T17:47:44.205+0000] {dag.py:3954} INFO - Setting next_dagrun for example_python_decorator to None, run_after=None
[2024-05-26T17:47:44.226+0000] {processor.py:183} INFO - Processing /home/airflow/.local/lib/python3.12/site-packages/airflow/example_dags/example_python_decorator.py took 0.103 seconds
[2024-05-26T17:49:09.683+0000] {processor.py:161} INFO - Started process (PID=58) to work on /home/airflow/.local/lib/python3.12/site-packages/airflow/example_dags/example_python_decorator.py
[2024-05-26T17:49:09.684+0000] {processor.py:830} INFO - Processing file /home/airflow/.local/lib/python3.12/site-packages/airflow/example_dags/example_python_decorator.py for tasks to queue
[2024-05-26T17:49:09.687+0000] {logging_mixin.py:188} INFO - [2024-05-26T17:49:09.687+0000] {dagbag.py:545} INFO - Filling up the DagBag from /home/airflow/.local/lib/python3.12/site-packages/airflow/example_dags/example_python_decorator.py
[2024-05-26T17:49:09.704+0000] {processor.py:840} INFO - DAG(s) 'example_python_decorator' retrieved from /home/airflow/.local/lib/python3.12/site-packages/airflow/example_dags/example_python_decorator.py
[2024-05-26T17:49:09.848+0000] {logging_mixin.py:188} INFO - [2024-05-26T17:49:09.847+0000] {dag.py:3096} INFO - Sync 1 DAGs
[2024-05-26T17:49:09.861+0000] {logging_mixin.py:188} INFO - [2024-05-26T17:49:09.860+0000] {dag.py:3954} INFO - Setting next_dagrun for example_python_decorator to None, run_after=None
[2024-05-26T17:49:09.886+0000] {processor.py:183} INFO - Processing /home/airflow/.local/lib/python3.12/site-packages/airflow/example_dags/example_python_decorator.py took 0.212 seconds
[2024-05-26T17:49:40.737+0000] {processor.py:161} INFO - Started process (PID=116) to work on /home/airflow/.local/lib/python3.12/site-packages/airflow/example_dags/example_python_decorator.py
[2024-05-26T17:49:40.738+0000] {processor.py:830} INFO - Processing file /home/airflow/.local/lib/python3.12/site-packages/airflow/example_dags/example_python_decorator.py for tasks to queue
[2024-05-26T17:49:40.741+0000] {logging_mixin.py:188} INFO - [2024-05-26T17:49:40.740+0000] {dagbag.py:545} INFO - Filling up the DagBag from /home/airflow/.local/lib/python3.12/site-packages/airflow/example_dags/example_python_decorator.py
[2024-05-26T17:49:40.757+0000] {processor.py:840} INFO - DAG(s) 'example_python_decorator' retrieved from /home/airflow/.local/lib/python3.12/site-packages/airflow/example_dags/example_python_decorator.py
[2024-05-26T17:49:40.785+0000] {logging_mixin.py:188} INFO - [2024-05-26T17:49:40.785+0000] {dag.py:3096} INFO - Sync 1 DAGs
[2024-05-26T17:49:40.800+0000] {logging_mixin.py:188} INFO - [2024-05-26T17:49:40.800+0000] {dag.py:3954} INFO - Setting next_dagrun for example_python_decorator to None, run_after=None
[2024-05-26T17:49:40.822+0000] {processor.py:183} INFO - Processing /home/airflow/.local/lib/python3.12/site-packages/airflow/example_dags/example_python_decorator.py took 0.093 seconds
[2024-05-26T17:50:11.075+0000] {processor.py:161} INFO - Started process (PID=173) to work on /home/airflow/.local/lib/python3.12/site-packages/airflow/example_dags/example_python_decorator.py
[2024-05-26T17:50:11.076+0000] {processor.py:830} INFO - Processing file /home/airflow/.local/lib/python3.12/site-packages/airflow/example_dags/example_python_decorator.py for tasks to queue
[2024-05-26T17:50:11.078+0000] {logging_mixin.py:188} INFO - [2024-05-26T17:50:11.077+0000] {dagbag.py:545} INFO - Filling up the DagBag from /home/airflow/.local/lib/python3.12/site-packages/airflow/example_dags/example_python_decorator.py
[2024-05-26T17:50:11.092+0000] {processor.py:840} INFO - DAG(s) 'example_python_decorator' retrieved from /home/airflow/.local/lib/python3.12/site-packages/airflow/example_dags/example_python_decorator.py
[2024-05-26T17:50:11.120+0000] {logging_mixin.py:188} INFO - [2024-05-26T17:50:11.120+0000] {dag.py:3096} INFO - Sync 1 DAGs
[2024-05-26T17:50:11.136+0000] {logging_mixin.py:188} INFO - [2024-05-26T17:50:11.136+0000] {dag.py:3954} INFO - Setting next_dagrun for example_python_decorator to None, run_after=None
[2024-05-26T17:50:11.155+0000] {processor.py:183} INFO - Processing /home/airflow/.local/lib/python3.12/site-packages/airflow/example_dags/example_python_decorator.py took 0.087 seconds
[2024-05-26T17:50:41.449+0000] {processor.py:161} INFO - Started process (PID=230) to work on /home/airflow/.local/lib/python3.12/site-packages/airflow/example_dags/example_python_decorator.py
[2024-05-26T17:50:41.450+0000] {processor.py:830} INFO - Processing file /home/airflow/.local/lib/python3.12/site-packages/airflow/example_dags/example_python_decorator.py for tasks to queue
[2024-05-26T17:50:41.453+0000] {logging_mixin.py:188} INFO - [2024-05-26T17:50:41.452+0000] {dagbag.py:545} INFO - Filling up the DagBag from /home/airflow/.local/lib/python3.12/site-packages/airflow/example_dags/example_python_decorator.py
[2024-05-26T17:50:41.470+0000] {processor.py:840} INFO - DAG(s) 'example_python_decorator' retrieved from /home/airflow/.local/lib/python3.12/site-packages/airflow/example_dags/example_python_decorator.py
[2024-05-26T17:50:41.495+0000] {logging_mixin.py:188} INFO - [2024-05-26T17:50:41.495+0000] {dag.py:3096} INFO - Sync 1 DAGs
[2024-05-26T17:50:41.512+0000] {logging_mixin.py:188} INFO - [2024-05-26T17:50:41.512+0000] {dag.py:3954} INFO - Setting next_dagrun for example_python_decorator to None, run_after=None
[2024-05-26T17:50:41.535+0000] {processor.py:183} INFO - Processing /home/airflow/.local/lib/python3.12/site-packages/airflow/example_dags/example_python_decorator.py took 0.093 seconds
[2024-05-26T17:51:11.766+0000] {processor.py:161} INFO - Started process (PID=287) to work on /home/airflow/.local/lib/python3.12/site-packages/airflow/example_dags/example_python_decorator.py
[2024-05-26T17:51:11.768+0000] {processor.py:830} INFO - Processing file /home/airflow/.local/lib/python3.12/site-packages/airflow/example_dags/example_python_decorator.py for tasks to queue
[2024-05-26T17:51:11.770+0000] {logging_mixin.py:188} INFO - [2024-05-26T17:51:11.770+0000] {dagbag.py:545} INFO - Filling up the DagBag from /home/airflow/.local/lib/python3.12/site-packages/airflow/example_dags/example_python_decorator.py
[2024-05-26T17:51:11.786+0000] {processor.py:840} INFO - DAG(s) 'example_python_decorator' retrieved from /home/airflow/.local/lib/python3.12/site-packages/airflow/example_dags/example_python_decorator.py
[2024-05-26T17:51:11.819+0000] {logging_mixin.py:188} INFO - [2024-05-26T17:51:11.819+0000] {dag.py:3096} INFO - Sync 1 DAGs
[2024-05-26T17:51:11.835+0000] {logging_mixin.py:188} INFO - [2024-05-26T17:51:11.835+0000] {dag.py:3954} INFO - Setting next_dagrun for example_python_decorator to None, run_after=None
[2024-05-26T17:51:11.856+0000] {processor.py:183} INFO - Processing /home/airflow/.local/lib/python3.12/site-packages/airflow/example_dags/example_python_decorator.py took 0.098 seconds
[2024-05-26T17:51:41.999+0000] {processor.py:161} INFO - Started process (PID=345) to work on /home/airflow/.local/lib/python3.12/site-packages/airflow/example_dags/example_python_decorator.py
[2024-05-26T17:51:42.001+0000] {processor.py:830} INFO - Processing file /home/airflow/.local/lib/python3.12/site-packages/airflow/example_dags/example_python_decorator.py for tasks to queue
[2024-05-26T17:51:42.004+0000] {logging_mixin.py:188} INFO - [2024-05-26T17:51:42.004+0000] {dagbag.py:545} INFO - Filling up the DagBag from /home/airflow/.local/lib/python3.12/site-packages/airflow/example_dags/example_python_decorator.py
[2024-05-26T17:51:42.022+0000] {processor.py:840} INFO - DAG(s) 'example_python_decorator' retrieved from /home/airflow/.local/lib/python3.12/site-packages/airflow/example_dags/example_python_decorator.py
[2024-05-26T17:51:42.050+0000] {logging_mixin.py:188} INFO - [2024-05-26T17:51:42.050+0000] {dag.py:3096} INFO - Sync 1 DAGs
[2024-05-26T17:51:42.067+0000] {logging_mixin.py:188} INFO - [2024-05-26T17:51:42.067+0000] {dag.py:3954} INFO - Setting next_dagrun for example_python_decorator to None, run_after=None
[2024-05-26T17:51:42.090+0000] {processor.py:183} INFO - Processing /home/airflow/.local/lib/python3.12/site-packages/airflow/example_dags/example_python_decorator.py took 0.099 seconds
[2024-05-26T17:52:12.303+0000] {processor.py:161} INFO - Started process (PID=403) to work on /home/airflow/.local/lib/python3.12/site-packages/airflow/example_dags/example_python_decorator.py
[2024-05-26T17:52:12.304+0000] {processor.py:830} INFO - Processing file /home/airflow/.local/lib/python3.12/site-packages/airflow/example_dags/example_python_decorator.py for tasks to queue
[2024-05-26T17:52:12.307+0000] {logging_mixin.py:188} INFO - [2024-05-26T17:52:12.306+0000] {dagbag.py:545} INFO - Filling up the DagBag from /home/airflow/.local/lib/python3.12/site-packages/airflow/example_dags/example_python_decorator.py
[2024-05-26T17:52:12.322+0000] {processor.py:840} INFO - DAG(s) 'example_python_decorator' retrieved from /home/airflow/.local/lib/python3.12/site-packages/airflow/example_dags/example_python_decorator.py
[2024-05-26T17:52:12.348+0000] {logging_mixin.py:188} INFO - [2024-05-26T17:52:12.347+0000] {dag.py:3096} INFO - Sync 1 DAGs
[2024-05-26T17:52:12.364+0000] {logging_mixin.py:188} INFO - [2024-05-26T17:52:12.364+0000] {dag.py:3954} INFO - Setting next_dagrun for example_python_decorator to None, run_after=None
[2024-05-26T17:52:12.389+0000] {processor.py:183} INFO - Processing /home/airflow/.local/lib/python3.12/site-packages/airflow/example_dags/example_python_decorator.py took 0.094 seconds
[2024-05-26T17:57:47.246+0000] {processor.py:161} INFO - Started process (PID=58) to work on /home/airflow/.local/lib/python3.12/site-packages/airflow/example_dags/example_python_decorator.py
[2024-05-26T17:57:47.250+0000] {processor.py:830} INFO - Processing file /home/airflow/.local/lib/python3.12/site-packages/airflow/example_dags/example_python_decorator.py for tasks to queue
[2024-05-26T17:57:47.253+0000] {logging_mixin.py:188} INFO - [2024-05-26T17:57:47.252+0000] {dagbag.py:545} INFO - Filling up the DagBag from /home/airflow/.local/lib/python3.12/site-packages/airflow/example_dags/example_python_decorator.py
[2024-05-26T17:57:47.273+0000] {processor.py:840} INFO - DAG(s) 'example_python_decorator' retrieved from /home/airflow/.local/lib/python3.12/site-packages/airflow/example_dags/example_python_decorator.py
[2024-05-26T17:57:47.289+0000] {logging_mixin.py:188} INFO - [2024-05-26T17:57:47.288+0000] {dag.py:3096} INFO - Sync 1 DAGs
[2024-05-26T17:57:47.306+0000] {logging_mixin.py:188} INFO - [2024-05-26T17:57:47.306+0000] {dag.py:3954} INFO - Setting next_dagrun for example_python_decorator to None, run_after=None
[2024-05-26T17:57:47.343+0000] {processor.py:183} INFO - Processing /home/airflow/.local/lib/python3.12/site-packages/airflow/example_dags/example_python_decorator.py took 0.107 seconds
[2024-05-26T17:58:18.998+0000] {processor.py:161} INFO - Started process (PID=116) to work on /home/airflow/.local/lib/python3.12/site-packages/airflow/example_dags/example_python_decorator.py
[2024-05-26T17:58:18.999+0000] {processor.py:830} INFO - Processing file /home/airflow/.local/lib/python3.12/site-packages/airflow/example_dags/example_python_decorator.py for tasks to queue
[2024-05-26T17:58:19.001+0000] {logging_mixin.py:188} INFO - [2024-05-26T17:58:19.001+0000] {dagbag.py:545} INFO - Filling up the DagBag from /home/airflow/.local/lib/python3.12/site-packages/airflow/example_dags/example_python_decorator.py
[2024-05-26T17:58:19.015+0000] {processor.py:840} INFO - DAG(s) 'example_python_decorator' retrieved from /home/airflow/.local/lib/python3.12/site-packages/airflow/example_dags/example_python_decorator.py
[2024-05-26T17:58:19.150+0000] {logging_mixin.py:188} INFO - [2024-05-26T17:58:19.149+0000] {dag.py:3096} INFO - Sync 1 DAGs
[2024-05-26T17:58:19.166+0000] {logging_mixin.py:188} INFO - [2024-05-26T17:58:19.166+0000] {dag.py:3954} INFO - Setting next_dagrun for example_python_decorator to None, run_after=None
[2024-05-26T17:58:19.194+0000] {processor.py:183} INFO - Processing /home/airflow/.local/lib/python3.12/site-packages/airflow/example_dags/example_python_decorator.py took 0.202 seconds
[2024-05-26T17:58:49.346+0000] {processor.py:161} INFO - Started process (PID=174) to work on /home/airflow/.local/lib/python3.12/site-packages/airflow/example_dags/example_python_decorator.py
[2024-05-26T17:58:49.347+0000] {processor.py:830} INFO - Processing file /home/airflow/.local/lib/python3.12/site-packages/airflow/example_dags/example_python_decorator.py for tasks to queue
[2024-05-26T17:58:49.349+0000] {logging_mixin.py:188} INFO - [2024-05-26T17:58:49.349+0000] {dagbag.py:545} INFO - Filling up the DagBag from /home/airflow/.local/lib/python3.12/site-packages/airflow/example_dags/example_python_decorator.py
[2024-05-26T17:58:49.363+0000] {processor.py:840} INFO - DAG(s) 'example_python_decorator' retrieved from /home/airflow/.local/lib/python3.12/site-packages/airflow/example_dags/example_python_decorator.py
[2024-05-26T17:58:49.408+0000] {logging_mixin.py:188} INFO - [2024-05-26T17:58:49.408+0000] {dag.py:3096} INFO - Sync 1 DAGs
[2024-05-26T17:58:49.429+0000] {logging_mixin.py:188} INFO - [2024-05-26T17:58:49.429+0000] {dag.py:3954} INFO - Setting next_dagrun for example_python_decorator to None, run_after=None
[2024-05-26T17:58:49.457+0000] {processor.py:183} INFO - Processing /home/airflow/.local/lib/python3.12/site-packages/airflow/example_dags/example_python_decorator.py took 0.128 seconds
