[2024-05-26T15:21:33.288+0000] {processor.py:161} INFO - Started process (PID=37) to work on /home/airflow/.local/lib/python3.12/site-packages/airflow/example_dags/example_complex.py
[2024-05-26T15:21:33.290+0000] {processor.py:830} INFO - Processing file /home/airflow/.local/lib/python3.12/site-packages/airflow/example_dags/example_complex.py for tasks to queue
[2024-05-26T15:21:33.294+0000] {logging_mixin.py:188} INFO - [2024-05-26T15:21:33.293+0000] {dagbag.py:545} INFO - Filling up the DagBag from /home/airflow/.local/lib/python3.12/site-packages/airflow/example_dags/example_complex.py
[2024-05-26T15:21:33.312+0000] {processor.py:840} INFO - DAG(s) 'example_complex' retrieved from /home/airflow/.local/lib/python3.12/site-packages/airflow/example_dags/example_complex.py
[2024-05-26T15:21:33.363+0000] {logging_mixin.py:188} INFO - [2024-05-26T15:21:33.362+0000] {dag.py:3096} INFO - Sync 1 DAGs
[2024-05-26T15:21:33.380+0000] {logging_mixin.py:188} INFO - [2024-05-26T15:21:33.380+0000] {dag.py:3954} INFO - Setting next_dagrun for example_complex to None, run_after=None
[2024-05-26T15:21:33.408+0000] {processor.py:183} INFO - Processing /home/airflow/.local/lib/python3.12/site-packages/airflow/example_dags/example_complex.py took 0.144 seconds
[2024-05-26T15:22:03.501+0000] {processor.py:161} INFO - Started process (PID=95) to work on /home/airflow/.local/lib/python3.12/site-packages/airflow/example_dags/example_complex.py
[2024-05-26T15:22:03.502+0000] {processor.py:830} INFO - Processing file /home/airflow/.local/lib/python3.12/site-packages/airflow/example_dags/example_complex.py for tasks to queue
[2024-05-26T15:22:03.505+0000] {logging_mixin.py:188} INFO - [2024-05-26T15:22:03.505+0000] {dagbag.py:545} INFO - Filling up the DagBag from /home/airflow/.local/lib/python3.12/site-packages/airflow/example_dags/example_complex.py
[2024-05-26T15:22:03.518+0000] {processor.py:840} INFO - DAG(s) 'example_complex' retrieved from /home/airflow/.local/lib/python3.12/site-packages/airflow/example_dags/example_complex.py
[2024-05-26T15:22:03.561+0000] {logging_mixin.py:188} INFO - [2024-05-26T15:22:03.561+0000] {dag.py:3096} INFO - Sync 1 DAGs
[2024-05-26T15:22:03.576+0000] {logging_mixin.py:188} INFO - [2024-05-26T15:22:03.576+0000] {dag.py:3954} INFO - Setting next_dagrun for example_complex to None, run_after=None
[2024-05-26T15:22:03.596+0000] {processor.py:183} INFO - Processing /home/airflow/.local/lib/python3.12/site-packages/airflow/example_dags/example_complex.py took 0.101 seconds
[2024-05-26T15:22:33.834+0000] {processor.py:161} INFO - Started process (PID=153) to work on /home/airflow/.local/lib/python3.12/site-packages/airflow/example_dags/example_complex.py
[2024-05-26T15:22:33.836+0000] {processor.py:830} INFO - Processing file /home/airflow/.local/lib/python3.12/site-packages/airflow/example_dags/example_complex.py for tasks to queue
[2024-05-26T15:22:33.840+0000] {logging_mixin.py:188} INFO - [2024-05-26T15:22:33.839+0000] {dagbag.py:545} INFO - Filling up the DagBag from /home/airflow/.local/lib/python3.12/site-packages/airflow/example_dags/example_complex.py
[2024-05-26T15:22:33.854+0000] {processor.py:840} INFO - DAG(s) 'example_complex' retrieved from /home/airflow/.local/lib/python3.12/site-packages/airflow/example_dags/example_complex.py
[2024-05-26T15:22:33.895+0000] {logging_mixin.py:188} INFO - [2024-05-26T15:22:33.894+0000] {dag.py:3096} INFO - Sync 1 DAGs
[2024-05-26T15:22:33.911+0000] {logging_mixin.py:188} INFO - [2024-05-26T15:22:33.911+0000] {dag.py:3954} INFO - Setting next_dagrun for example_complex to None, run_after=None
[2024-05-26T15:22:33.931+0000] {processor.py:183} INFO - Processing /home/airflow/.local/lib/python3.12/site-packages/airflow/example_dags/example_complex.py took 0.112 seconds
[2024-05-26T15:23:04.039+0000] {processor.py:161} INFO - Started process (PID=211) to work on /home/airflow/.local/lib/python3.12/site-packages/airflow/example_dags/example_complex.py
[2024-05-26T15:23:04.041+0000] {processor.py:830} INFO - Processing file /home/airflow/.local/lib/python3.12/site-packages/airflow/example_dags/example_complex.py for tasks to queue
[2024-05-26T15:23:04.044+0000] {logging_mixin.py:188} INFO - [2024-05-26T15:23:04.044+0000] {dagbag.py:545} INFO - Filling up the DagBag from /home/airflow/.local/lib/python3.12/site-packages/airflow/example_dags/example_complex.py
[2024-05-26T15:23:04.057+0000] {processor.py:840} INFO - DAG(s) 'example_complex' retrieved from /home/airflow/.local/lib/python3.12/site-packages/airflow/example_dags/example_complex.py
[2024-05-26T15:23:04.097+0000] {logging_mixin.py:188} INFO - [2024-05-26T15:23:04.097+0000] {dag.py:3096} INFO - Sync 1 DAGs
[2024-05-26T15:23:04.112+0000] {logging_mixin.py:188} INFO - [2024-05-26T15:23:04.111+0000] {dag.py:3954} INFO - Setting next_dagrun for example_complex to None, run_after=None
[2024-05-26T15:23:04.132+0000] {processor.py:183} INFO - Processing /home/airflow/.local/lib/python3.12/site-packages/airflow/example_dags/example_complex.py took 0.107 seconds
[2024-05-26T15:23:35.166+0000] {processor.py:161} INFO - Started process (PID=269) to work on /home/airflow/.local/lib/python3.12/site-packages/airflow/example_dags/example_complex.py
[2024-05-26T15:23:35.167+0000] {processor.py:830} INFO - Processing file /home/airflow/.local/lib/python3.12/site-packages/airflow/example_dags/example_complex.py for tasks to queue
[2024-05-26T15:23:35.169+0000] {logging_mixin.py:188} INFO - [2024-05-26T15:23:35.169+0000] {dagbag.py:545} INFO - Filling up the DagBag from /home/airflow/.local/lib/python3.12/site-packages/airflow/example_dags/example_complex.py
[2024-05-26T15:23:35.182+0000] {processor.py:840} INFO - DAG(s) 'example_complex' retrieved from /home/airflow/.local/lib/python3.12/site-packages/airflow/example_dags/example_complex.py
[2024-05-26T15:23:35.225+0000] {logging_mixin.py:188} INFO - [2024-05-26T15:23:35.224+0000] {dag.py:3096} INFO - Sync 1 DAGs
[2024-05-26T15:23:35.239+0000] {logging_mixin.py:188} INFO - [2024-05-26T15:23:35.239+0000] {dag.py:3954} INFO - Setting next_dagrun for example_complex to None, run_after=None
[2024-05-26T15:23:35.258+0000] {processor.py:183} INFO - Processing /home/airflow/.local/lib/python3.12/site-packages/airflow/example_dags/example_complex.py took 0.098 seconds
[2024-05-26T15:24:06.181+0000] {processor.py:161} INFO - Started process (PID=327) to work on /home/airflow/.local/lib/python3.12/site-packages/airflow/example_dags/example_complex.py
[2024-05-26T15:24:06.182+0000] {processor.py:830} INFO - Processing file /home/airflow/.local/lib/python3.12/site-packages/airflow/example_dags/example_complex.py for tasks to queue
[2024-05-26T15:24:06.184+0000] {logging_mixin.py:188} INFO - [2024-05-26T15:24:06.184+0000] {dagbag.py:545} INFO - Filling up the DagBag from /home/airflow/.local/lib/python3.12/site-packages/airflow/example_dags/example_complex.py
[2024-05-26T15:24:06.197+0000] {processor.py:840} INFO - DAG(s) 'example_complex' retrieved from /home/airflow/.local/lib/python3.12/site-packages/airflow/example_dags/example_complex.py
[2024-05-26T15:24:06.241+0000] {logging_mixin.py:188} INFO - [2024-05-26T15:24:06.241+0000] {dag.py:3096} INFO - Sync 1 DAGs
[2024-05-26T15:24:06.256+0000] {logging_mixin.py:188} INFO - [2024-05-26T15:24:06.256+0000] {dag.py:3954} INFO - Setting next_dagrun for example_complex to None, run_after=None
[2024-05-26T15:24:06.275+0000] {processor.py:183} INFO - Processing /home/airflow/.local/lib/python3.12/site-packages/airflow/example_dags/example_complex.py took 0.103 seconds
[2024-05-26T15:24:36.487+0000] {processor.py:161} INFO - Started process (PID=385) to work on /home/airflow/.local/lib/python3.12/site-packages/airflow/example_dags/example_complex.py
[2024-05-26T15:24:36.488+0000] {processor.py:830} INFO - Processing file /home/airflow/.local/lib/python3.12/site-packages/airflow/example_dags/example_complex.py for tasks to queue
[2024-05-26T15:24:36.490+0000] {logging_mixin.py:188} INFO - [2024-05-26T15:24:36.490+0000] {dagbag.py:545} INFO - Filling up the DagBag from /home/airflow/.local/lib/python3.12/site-packages/airflow/example_dags/example_complex.py
[2024-05-26T15:24:36.502+0000] {processor.py:840} INFO - DAG(s) 'example_complex' retrieved from /home/airflow/.local/lib/python3.12/site-packages/airflow/example_dags/example_complex.py
[2024-05-26T15:24:36.539+0000] {logging_mixin.py:188} INFO - [2024-05-26T15:24:36.539+0000] {dag.py:3096} INFO - Sync 1 DAGs
[2024-05-26T15:24:36.558+0000] {logging_mixin.py:188} INFO - [2024-05-26T15:24:36.557+0000] {dag.py:3954} INFO - Setting next_dagrun for example_complex to None, run_after=None
[2024-05-26T15:24:36.583+0000] {processor.py:183} INFO - Processing /home/airflow/.local/lib/python3.12/site-packages/airflow/example_dags/example_complex.py took 0.102 seconds
[2024-05-26T15:25:06.858+0000] {processor.py:161} INFO - Started process (PID=443) to work on /home/airflow/.local/lib/python3.12/site-packages/airflow/example_dags/example_complex.py
[2024-05-26T15:25:06.860+0000] {processor.py:830} INFO - Processing file /home/airflow/.local/lib/python3.12/site-packages/airflow/example_dags/example_complex.py for tasks to queue
[2024-05-26T15:25:06.864+0000] {logging_mixin.py:188} INFO - [2024-05-26T15:25:06.863+0000] {dagbag.py:545} INFO - Filling up the DagBag from /home/airflow/.local/lib/python3.12/site-packages/airflow/example_dags/example_complex.py
[2024-05-26T15:25:06.876+0000] {processor.py:840} INFO - DAG(s) 'example_complex' retrieved from /home/airflow/.local/lib/python3.12/site-packages/airflow/example_dags/example_complex.py
[2024-05-26T15:25:06.913+0000] {logging_mixin.py:188} INFO - [2024-05-26T15:25:06.912+0000] {dag.py:3096} INFO - Sync 1 DAGs
[2024-05-26T15:25:06.927+0000] {logging_mixin.py:188} INFO - [2024-05-26T15:25:06.927+0000] {dag.py:3954} INFO - Setting next_dagrun for example_complex to None, run_after=None
[2024-05-26T15:25:06.946+0000] {processor.py:183} INFO - Processing /home/airflow/.local/lib/python3.12/site-packages/airflow/example_dags/example_complex.py took 0.094 seconds
[2024-05-26T15:25:37.085+0000] {processor.py:161} INFO - Started process (PID=501) to work on /home/airflow/.local/lib/python3.12/site-packages/airflow/example_dags/example_complex.py
[2024-05-26T15:25:37.086+0000] {processor.py:830} INFO - Processing file /home/airflow/.local/lib/python3.12/site-packages/airflow/example_dags/example_complex.py for tasks to queue
[2024-05-26T15:25:37.089+0000] {logging_mixin.py:188} INFO - [2024-05-26T15:25:37.088+0000] {dagbag.py:545} INFO - Filling up the DagBag from /home/airflow/.local/lib/python3.12/site-packages/airflow/example_dags/example_complex.py
[2024-05-26T15:25:37.104+0000] {processor.py:840} INFO - DAG(s) 'example_complex' retrieved from /home/airflow/.local/lib/python3.12/site-packages/airflow/example_dags/example_complex.py
[2024-05-26T15:25:37.144+0000] {logging_mixin.py:188} INFO - [2024-05-26T15:25:37.144+0000] {dag.py:3096} INFO - Sync 1 DAGs
[2024-05-26T15:25:37.163+0000] {logging_mixin.py:188} INFO - [2024-05-26T15:25:37.162+0000] {dag.py:3954} INFO - Setting next_dagrun for example_complex to None, run_after=None
[2024-05-26T15:25:37.189+0000] {processor.py:183} INFO - Processing /home/airflow/.local/lib/python3.12/site-packages/airflow/example_dags/example_complex.py took 0.111 seconds
[2024-05-26T15:26:07.223+0000] {processor.py:161} INFO - Started process (PID=558) to work on /home/airflow/.local/lib/python3.12/site-packages/airflow/example_dags/example_complex.py
[2024-05-26T15:26:07.224+0000] {processor.py:830} INFO - Processing file /home/airflow/.local/lib/python3.12/site-packages/airflow/example_dags/example_complex.py for tasks to queue
[2024-05-26T15:26:07.227+0000] {logging_mixin.py:188} INFO - [2024-05-26T15:26:07.226+0000] {dagbag.py:545} INFO - Filling up the DagBag from /home/airflow/.local/lib/python3.12/site-packages/airflow/example_dags/example_complex.py
[2024-05-26T15:26:07.240+0000] {processor.py:840} INFO - DAG(s) 'example_complex' retrieved from /home/airflow/.local/lib/python3.12/site-packages/airflow/example_dags/example_complex.py
[2024-05-26T15:26:07.282+0000] {logging_mixin.py:188} INFO - [2024-05-26T15:26:07.282+0000] {dag.py:3096} INFO - Sync 1 DAGs
[2024-05-26T15:26:07.301+0000] {logging_mixin.py:188} INFO - [2024-05-26T15:26:07.301+0000] {dag.py:3954} INFO - Setting next_dagrun for example_complex to None, run_after=None
[2024-05-26T15:26:07.328+0000] {processor.py:183} INFO - Processing /home/airflow/.local/lib/python3.12/site-packages/airflow/example_dags/example_complex.py took 0.112 seconds
[2024-05-26T15:26:37.765+0000] {processor.py:161} INFO - Started process (PID=616) to work on /home/airflow/.local/lib/python3.12/site-packages/airflow/example_dags/example_complex.py
[2024-05-26T15:26:37.766+0000] {processor.py:830} INFO - Processing file /home/airflow/.local/lib/python3.12/site-packages/airflow/example_dags/example_complex.py for tasks to queue
[2024-05-26T15:26:37.768+0000] {logging_mixin.py:188} INFO - [2024-05-26T15:26:37.767+0000] {dagbag.py:545} INFO - Filling up the DagBag from /home/airflow/.local/lib/python3.12/site-packages/airflow/example_dags/example_complex.py
[2024-05-26T15:26:37.780+0000] {processor.py:840} INFO - DAG(s) 'example_complex' retrieved from /home/airflow/.local/lib/python3.12/site-packages/airflow/example_dags/example_complex.py
[2024-05-26T15:26:37.817+0000] {logging_mixin.py:188} INFO - [2024-05-26T15:26:37.817+0000] {dag.py:3096} INFO - Sync 1 DAGs
[2024-05-26T15:26:37.834+0000] {logging_mixin.py:188} INFO - [2024-05-26T15:26:37.833+0000] {dag.py:3954} INFO - Setting next_dagrun for example_complex to None, run_after=None
[2024-05-26T15:26:37.861+0000] {processor.py:183} INFO - Processing /home/airflow/.local/lib/python3.12/site-packages/airflow/example_dags/example_complex.py took 0.103 seconds
[2024-05-26T15:27:08.054+0000] {processor.py:161} INFO - Started process (PID=674) to work on /home/airflow/.local/lib/python3.12/site-packages/airflow/example_dags/example_complex.py
[2024-05-26T15:27:08.055+0000] {processor.py:830} INFO - Processing file /home/airflow/.local/lib/python3.12/site-packages/airflow/example_dags/example_complex.py for tasks to queue
[2024-05-26T15:27:08.057+0000] {logging_mixin.py:188} INFO - [2024-05-26T15:27:08.057+0000] {dagbag.py:545} INFO - Filling up the DagBag from /home/airflow/.local/lib/python3.12/site-packages/airflow/example_dags/example_complex.py
[2024-05-26T15:27:08.069+0000] {processor.py:840} INFO - DAG(s) 'example_complex' retrieved from /home/airflow/.local/lib/python3.12/site-packages/airflow/example_dags/example_complex.py
[2024-05-26T15:27:08.108+0000] {logging_mixin.py:188} INFO - [2024-05-26T15:27:08.107+0000] {dag.py:3096} INFO - Sync 1 DAGs
[2024-05-26T15:27:08.122+0000] {logging_mixin.py:188} INFO - [2024-05-26T15:27:08.122+0000] {dag.py:3954} INFO - Setting next_dagrun for example_complex to None, run_after=None
[2024-05-26T15:27:08.142+0000] {processor.py:183} INFO - Processing /home/airflow/.local/lib/python3.12/site-packages/airflow/example_dags/example_complex.py took 0.095 seconds
[2024-05-26T17:43:36.605+0000] {processor.py:161} INFO - Started process (PID=48) to work on /home/airflow/.local/lib/python3.12/site-packages/airflow/example_dags/example_complex.py
[2024-05-26T17:43:36.608+0000] {processor.py:830} INFO - Processing file /home/airflow/.local/lib/python3.12/site-packages/airflow/example_dags/example_complex.py for tasks to queue
[2024-05-26T17:43:36.614+0000] {logging_mixin.py:188} INFO - [2024-05-26T17:43:36.613+0000] {dagbag.py:545} INFO - Filling up the DagBag from /home/airflow/.local/lib/python3.12/site-packages/airflow/example_dags/example_complex.py
[2024-05-26T17:43:36.637+0000] {processor.py:840} INFO - DAG(s) 'example_complex' retrieved from /home/airflow/.local/lib/python3.12/site-packages/airflow/example_dags/example_complex.py
[2024-05-26T17:43:36.922+0000] {logging_mixin.py:188} INFO - [2024-05-26T17:43:36.922+0000] {dag.py:3096} INFO - Sync 1 DAGs
[2024-05-26T17:43:36.940+0000] {logging_mixin.py:188} INFO - [2024-05-26T17:43:36.940+0000] {dag.py:3954} INFO - Setting next_dagrun for example_complex to None, run_after=None
[2024-05-26T17:43:36.972+0000] {processor.py:183} INFO - Processing /home/airflow/.local/lib/python3.12/site-packages/airflow/example_dags/example_complex.py took 0.383 seconds
[2024-05-26T17:44:08.363+0000] {processor.py:161} INFO - Started process (PID=106) to work on /home/airflow/.local/lib/python3.12/site-packages/airflow/example_dags/example_complex.py
[2024-05-26T17:44:08.364+0000] {processor.py:830} INFO - Processing file /home/airflow/.local/lib/python3.12/site-packages/airflow/example_dags/example_complex.py for tasks to queue
[2024-05-26T17:44:08.367+0000] {logging_mixin.py:188} INFO - [2024-05-26T17:44:08.366+0000] {dagbag.py:545} INFO - Filling up the DagBag from /home/airflow/.local/lib/python3.12/site-packages/airflow/example_dags/example_complex.py
[2024-05-26T17:44:08.380+0000] {processor.py:840} INFO - DAG(s) 'example_complex' retrieved from /home/airflow/.local/lib/python3.12/site-packages/airflow/example_dags/example_complex.py
[2024-05-26T17:44:08.422+0000] {logging_mixin.py:188} INFO - [2024-05-26T17:44:08.421+0000] {dag.py:3096} INFO - Sync 1 DAGs
[2024-05-26T17:44:08.440+0000] {logging_mixin.py:188} INFO - [2024-05-26T17:44:08.439+0000] {dag.py:3954} INFO - Setting next_dagrun for example_complex to None, run_after=None
[2024-05-26T17:44:08.465+0000] {processor.py:183} INFO - Processing /home/airflow/.local/lib/python3.12/site-packages/airflow/example_dags/example_complex.py took 0.110 seconds
[2024-05-26T17:44:38.861+0000] {processor.py:161} INFO - Started process (PID=164) to work on /home/airflow/.local/lib/python3.12/site-packages/airflow/example_dags/example_complex.py
[2024-05-26T17:44:38.862+0000] {processor.py:830} INFO - Processing file /home/airflow/.local/lib/python3.12/site-packages/airflow/example_dags/example_complex.py for tasks to queue
[2024-05-26T17:44:38.864+0000] {logging_mixin.py:188} INFO - [2024-05-26T17:44:38.864+0000] {dagbag.py:545} INFO - Filling up the DagBag from /home/airflow/.local/lib/python3.12/site-packages/airflow/example_dags/example_complex.py
[2024-05-26T17:44:38.878+0000] {processor.py:840} INFO - DAG(s) 'example_complex' retrieved from /home/airflow/.local/lib/python3.12/site-packages/airflow/example_dags/example_complex.py
[2024-05-26T17:44:38.925+0000] {logging_mixin.py:188} INFO - [2024-05-26T17:44:38.924+0000] {dag.py:3096} INFO - Sync 1 DAGs
[2024-05-26T17:44:38.943+0000] {logging_mixin.py:188} INFO - [2024-05-26T17:44:38.942+0000] {dag.py:3954} INFO - Setting next_dagrun for example_complex to None, run_after=None
[2024-05-26T17:44:38.974+0000] {processor.py:183} INFO - Processing /home/airflow/.local/lib/python3.12/site-packages/airflow/example_dags/example_complex.py took 0.119 seconds
[2024-05-26T17:45:09.224+0000] {processor.py:161} INFO - Started process (PID=221) to work on /home/airflow/.local/lib/python3.12/site-packages/airflow/example_dags/example_complex.py
[2024-05-26T17:45:09.225+0000] {processor.py:830} INFO - Processing file /home/airflow/.local/lib/python3.12/site-packages/airflow/example_dags/example_complex.py for tasks to queue
[2024-05-26T17:45:09.227+0000] {logging_mixin.py:188} INFO - [2024-05-26T17:45:09.227+0000] {dagbag.py:545} INFO - Filling up the DagBag from /home/airflow/.local/lib/python3.12/site-packages/airflow/example_dags/example_complex.py
[2024-05-26T17:45:09.240+0000] {processor.py:840} INFO - DAG(s) 'example_complex' retrieved from /home/airflow/.local/lib/python3.12/site-packages/airflow/example_dags/example_complex.py
[2024-05-26T17:45:09.284+0000] {logging_mixin.py:188} INFO - [2024-05-26T17:45:09.284+0000] {dag.py:3096} INFO - Sync 1 DAGs
[2024-05-26T17:45:09.301+0000] {logging_mixin.py:188} INFO - [2024-05-26T17:45:09.301+0000] {dag.py:3954} INFO - Setting next_dagrun for example_complex to None, run_after=None
[2024-05-26T17:45:09.325+0000] {processor.py:183} INFO - Processing /home/airflow/.local/lib/python3.12/site-packages/airflow/example_dags/example_complex.py took 0.107 seconds
[2024-05-26T17:45:40.013+0000] {processor.py:161} INFO - Started process (PID=279) to work on /home/airflow/.local/lib/python3.12/site-packages/airflow/example_dags/example_complex.py
[2024-05-26T17:45:40.015+0000] {processor.py:830} INFO - Processing file /home/airflow/.local/lib/python3.12/site-packages/airflow/example_dags/example_complex.py for tasks to queue
[2024-05-26T17:45:40.018+0000] {logging_mixin.py:188} INFO - [2024-05-26T17:45:40.017+0000] {dagbag.py:545} INFO - Filling up the DagBag from /home/airflow/.local/lib/python3.12/site-packages/airflow/example_dags/example_complex.py
[2024-05-26T17:45:40.041+0000] {processor.py:840} INFO - DAG(s) 'example_complex' retrieved from /home/airflow/.local/lib/python3.12/site-packages/airflow/example_dags/example_complex.py
[2024-05-26T17:45:40.093+0000] {logging_mixin.py:188} INFO - [2024-05-26T17:45:40.093+0000] {dag.py:3096} INFO - Sync 1 DAGs
[2024-05-26T17:45:40.109+0000] {logging_mixin.py:188} INFO - [2024-05-26T17:45:40.109+0000] {dag.py:3954} INFO - Setting next_dagrun for example_complex to None, run_after=None
[2024-05-26T17:45:40.358+0000] {processor.py:183} INFO - Processing /home/airflow/.local/lib/python3.12/site-packages/airflow/example_dags/example_complex.py took 0.353 seconds
[2024-05-26T17:46:11.005+0000] {processor.py:161} INFO - Started process (PID=336) to work on /home/airflow/.local/lib/python3.12/site-packages/airflow/example_dags/example_complex.py
[2024-05-26T17:46:11.007+0000] {processor.py:830} INFO - Processing file /home/airflow/.local/lib/python3.12/site-packages/airflow/example_dags/example_complex.py for tasks to queue
[2024-05-26T17:46:11.009+0000] {logging_mixin.py:188} INFO - [2024-05-26T17:46:11.008+0000] {dagbag.py:545} INFO - Filling up the DagBag from /home/airflow/.local/lib/python3.12/site-packages/airflow/example_dags/example_complex.py
[2024-05-26T17:46:11.021+0000] {processor.py:840} INFO - DAG(s) 'example_complex' retrieved from /home/airflow/.local/lib/python3.12/site-packages/airflow/example_dags/example_complex.py
[2024-05-26T17:46:11.059+0000] {logging_mixin.py:188} INFO - [2024-05-26T17:46:11.059+0000] {dag.py:3096} INFO - Sync 1 DAGs
[2024-05-26T17:46:11.076+0000] {logging_mixin.py:188} INFO - [2024-05-26T17:46:11.075+0000] {dag.py:3954} INFO - Setting next_dagrun for example_complex to None, run_after=None
[2024-05-26T17:46:11.097+0000] {processor.py:183} INFO - Processing /home/airflow/.local/lib/python3.12/site-packages/airflow/example_dags/example_complex.py took 0.099 seconds
[2024-05-26T17:46:41.727+0000] {processor.py:161} INFO - Started process (PID=394) to work on /home/airflow/.local/lib/python3.12/site-packages/airflow/example_dags/example_complex.py
[2024-05-26T17:46:41.729+0000] {processor.py:830} INFO - Processing file /home/airflow/.local/lib/python3.12/site-packages/airflow/example_dags/example_complex.py for tasks to queue
[2024-05-26T17:46:41.732+0000] {logging_mixin.py:188} INFO - [2024-05-26T17:46:41.732+0000] {dagbag.py:545} INFO - Filling up the DagBag from /home/airflow/.local/lib/python3.12/site-packages/airflow/example_dags/example_complex.py
[2024-05-26T17:46:41.745+0000] {processor.py:840} INFO - DAG(s) 'example_complex' retrieved from /home/airflow/.local/lib/python3.12/site-packages/airflow/example_dags/example_complex.py
[2024-05-26T17:46:41.788+0000] {logging_mixin.py:188} INFO - [2024-05-26T17:46:41.788+0000] {dag.py:3096} INFO - Sync 1 DAGs
[2024-05-26T17:46:41.806+0000] {logging_mixin.py:188} INFO - [2024-05-26T17:46:41.805+0000] {dag.py:3954} INFO - Setting next_dagrun for example_complex to None, run_after=None
[2024-05-26T17:46:41.830+0000] {processor.py:183} INFO - Processing /home/airflow/.local/lib/python3.12/site-packages/airflow/example_dags/example_complex.py took 0.118 seconds
[2024-05-26T17:47:12.242+0000] {processor.py:161} INFO - Started process (PID=452) to work on /home/airflow/.local/lib/python3.12/site-packages/airflow/example_dags/example_complex.py
[2024-05-26T17:47:12.243+0000] {processor.py:830} INFO - Processing file /home/airflow/.local/lib/python3.12/site-packages/airflow/example_dags/example_complex.py for tasks to queue
[2024-05-26T17:47:12.246+0000] {logging_mixin.py:188} INFO - [2024-05-26T17:47:12.246+0000] {dagbag.py:545} INFO - Filling up the DagBag from /home/airflow/.local/lib/python3.12/site-packages/airflow/example_dags/example_complex.py
[2024-05-26T17:47:12.266+0000] {processor.py:840} INFO - DAG(s) 'example_complex' retrieved from /home/airflow/.local/lib/python3.12/site-packages/airflow/example_dags/example_complex.py
[2024-05-26T17:47:12.311+0000] {logging_mixin.py:188} INFO - [2024-05-26T17:47:12.310+0000] {dag.py:3096} INFO - Sync 1 DAGs
[2024-05-26T17:47:12.326+0000] {logging_mixin.py:188} INFO - [2024-05-26T17:47:12.325+0000] {dag.py:3954} INFO - Setting next_dagrun for example_complex to None, run_after=None
[2024-05-26T17:47:12.348+0000] {processor.py:183} INFO - Processing /home/airflow/.local/lib/python3.12/site-packages/airflow/example_dags/example_complex.py took 0.115 seconds
[2024-05-26T17:47:42.493+0000] {processor.py:161} INFO - Started process (PID=510) to work on /home/airflow/.local/lib/python3.12/site-packages/airflow/example_dags/example_complex.py
[2024-05-26T17:47:42.494+0000] {processor.py:830} INFO - Processing file /home/airflow/.local/lib/python3.12/site-packages/airflow/example_dags/example_complex.py for tasks to queue
[2024-05-26T17:47:42.496+0000] {logging_mixin.py:188} INFO - [2024-05-26T17:47:42.495+0000] {dagbag.py:545} INFO - Filling up the DagBag from /home/airflow/.local/lib/python3.12/site-packages/airflow/example_dags/example_complex.py
[2024-05-26T17:47:42.509+0000] {processor.py:840} INFO - DAG(s) 'example_complex' retrieved from /home/airflow/.local/lib/python3.12/site-packages/airflow/example_dags/example_complex.py
[2024-05-26T17:47:42.547+0000] {logging_mixin.py:188} INFO - [2024-05-26T17:47:42.547+0000] {dag.py:3096} INFO - Sync 1 DAGs
[2024-05-26T17:47:42.562+0000] {logging_mixin.py:188} INFO - [2024-05-26T17:47:42.562+0000] {dag.py:3954} INFO - Setting next_dagrun for example_complex to None, run_after=None
[2024-05-26T17:47:42.586+0000] {processor.py:183} INFO - Processing /home/airflow/.local/lib/python3.12/site-packages/airflow/example_dags/example_complex.py took 0.100 seconds
[2024-05-26T17:49:08.478+0000] {processor.py:161} INFO - Started process (PID=48) to work on /home/airflow/.local/lib/python3.12/site-packages/airflow/example_dags/example_complex.py
[2024-05-26T17:49:08.479+0000] {processor.py:830} INFO - Processing file /home/airflow/.local/lib/python3.12/site-packages/airflow/example_dags/example_complex.py for tasks to queue
[2024-05-26T17:49:08.482+0000] {logging_mixin.py:188} INFO - [2024-05-26T17:49:08.482+0000] {dagbag.py:545} INFO - Filling up the DagBag from /home/airflow/.local/lib/python3.12/site-packages/airflow/example_dags/example_complex.py
[2024-05-26T17:49:08.499+0000] {processor.py:840} INFO - DAG(s) 'example_complex' retrieved from /home/airflow/.local/lib/python3.12/site-packages/airflow/example_dags/example_complex.py
[2024-05-26T17:49:08.658+0000] {logging_mixin.py:188} INFO - [2024-05-26T17:49:08.658+0000] {dag.py:3096} INFO - Sync 1 DAGs
[2024-05-26T17:49:08.673+0000] {logging_mixin.py:188} INFO - [2024-05-26T17:49:08.673+0000] {dag.py:3954} INFO - Setting next_dagrun for example_complex to None, run_after=None
[2024-05-26T17:49:08.701+0000] {processor.py:183} INFO - Processing /home/airflow/.local/lib/python3.12/site-packages/airflow/example_dags/example_complex.py took 0.231 seconds
[2024-05-26T17:49:39.061+0000] {processor.py:161} INFO - Started process (PID=106) to work on /home/airflow/.local/lib/python3.12/site-packages/airflow/example_dags/example_complex.py
[2024-05-26T17:49:39.062+0000] {processor.py:830} INFO - Processing file /home/airflow/.local/lib/python3.12/site-packages/airflow/example_dags/example_complex.py for tasks to queue
[2024-05-26T17:49:39.065+0000] {logging_mixin.py:188} INFO - [2024-05-26T17:49:39.064+0000] {dagbag.py:545} INFO - Filling up the DagBag from /home/airflow/.local/lib/python3.12/site-packages/airflow/example_dags/example_complex.py
[2024-05-26T17:49:39.084+0000] {processor.py:840} INFO - DAG(s) 'example_complex' retrieved from /home/airflow/.local/lib/python3.12/site-packages/airflow/example_dags/example_complex.py
[2024-05-26T17:49:39.130+0000] {logging_mixin.py:188} INFO - [2024-05-26T17:49:39.130+0000] {dag.py:3096} INFO - Sync 1 DAGs
[2024-05-26T17:49:39.153+0000] {logging_mixin.py:188} INFO - [2024-05-26T17:49:39.152+0000] {dag.py:3954} INFO - Setting next_dagrun for example_complex to None, run_after=None
[2024-05-26T17:49:39.188+0000] {processor.py:183} INFO - Processing /home/airflow/.local/lib/python3.12/site-packages/airflow/example_dags/example_complex.py took 0.136 seconds
[2024-05-26T17:50:09.386+0000] {processor.py:161} INFO - Started process (PID=163) to work on /home/airflow/.local/lib/python3.12/site-packages/airflow/example_dags/example_complex.py
[2024-05-26T17:50:09.387+0000] {processor.py:830} INFO - Processing file /home/airflow/.local/lib/python3.12/site-packages/airflow/example_dags/example_complex.py for tasks to queue
[2024-05-26T17:50:09.389+0000] {logging_mixin.py:188} INFO - [2024-05-26T17:50:09.389+0000] {dagbag.py:545} INFO - Filling up the DagBag from /home/airflow/.local/lib/python3.12/site-packages/airflow/example_dags/example_complex.py
[2024-05-26T17:50:09.402+0000] {processor.py:840} INFO - DAG(s) 'example_complex' retrieved from /home/airflow/.local/lib/python3.12/site-packages/airflow/example_dags/example_complex.py
[2024-05-26T17:50:09.443+0000] {logging_mixin.py:188} INFO - [2024-05-26T17:50:09.443+0000] {dag.py:3096} INFO - Sync 1 DAGs
[2024-05-26T17:50:09.459+0000] {logging_mixin.py:188} INFO - [2024-05-26T17:50:09.459+0000] {dag.py:3954} INFO - Setting next_dagrun for example_complex to None, run_after=None
[2024-05-26T17:50:09.482+0000] {processor.py:183} INFO - Processing /home/airflow/.local/lib/python3.12/site-packages/airflow/example_dags/example_complex.py took 0.103 seconds
[2024-05-26T17:50:39.749+0000] {processor.py:161} INFO - Started process (PID=220) to work on /home/airflow/.local/lib/python3.12/site-packages/airflow/example_dags/example_complex.py
[2024-05-26T17:50:39.751+0000] {processor.py:830} INFO - Processing file /home/airflow/.local/lib/python3.12/site-packages/airflow/example_dags/example_complex.py for tasks to queue
[2024-05-26T17:50:39.753+0000] {logging_mixin.py:188} INFO - [2024-05-26T17:50:39.753+0000] {dagbag.py:545} INFO - Filling up the DagBag from /home/airflow/.local/lib/python3.12/site-packages/airflow/example_dags/example_complex.py
[2024-05-26T17:50:39.768+0000] {processor.py:840} INFO - DAG(s) 'example_complex' retrieved from /home/airflow/.local/lib/python3.12/site-packages/airflow/example_dags/example_complex.py
[2024-05-26T17:50:39.816+0000] {logging_mixin.py:188} INFO - [2024-05-26T17:50:39.815+0000] {dag.py:3096} INFO - Sync 1 DAGs
[2024-05-26T17:50:39.833+0000] {logging_mixin.py:188} INFO - [2024-05-26T17:50:39.832+0000] {dag.py:3954} INFO - Setting next_dagrun for example_complex to None, run_after=None
[2024-05-26T17:50:39.860+0000] {processor.py:183} INFO - Processing /home/airflow/.local/lib/python3.12/site-packages/airflow/example_dags/example_complex.py took 0.119 seconds
[2024-05-26T17:51:10.016+0000] {processor.py:161} INFO - Started process (PID=277) to work on /home/airflow/.local/lib/python3.12/site-packages/airflow/example_dags/example_complex.py
[2024-05-26T17:51:10.017+0000] {processor.py:830} INFO - Processing file /home/airflow/.local/lib/python3.12/site-packages/airflow/example_dags/example_complex.py for tasks to queue
[2024-05-26T17:51:10.020+0000] {logging_mixin.py:188} INFO - [2024-05-26T17:51:10.019+0000] {dagbag.py:545} INFO - Filling up the DagBag from /home/airflow/.local/lib/python3.12/site-packages/airflow/example_dags/example_complex.py
[2024-05-26T17:51:10.034+0000] {processor.py:840} INFO - DAG(s) 'example_complex' retrieved from /home/airflow/.local/lib/python3.12/site-packages/airflow/example_dags/example_complex.py
[2024-05-26T17:51:10.083+0000] {logging_mixin.py:188} INFO - [2024-05-26T17:51:10.083+0000] {dag.py:3096} INFO - Sync 1 DAGs
[2024-05-26T17:51:10.103+0000] {logging_mixin.py:188} INFO - [2024-05-26T17:51:10.103+0000] {dag.py:3954} INFO - Setting next_dagrun for example_complex to None, run_after=None
[2024-05-26T17:51:10.138+0000] {processor.py:183} INFO - Processing /home/airflow/.local/lib/python3.12/site-packages/airflow/example_dags/example_complex.py took 0.130 seconds
[2024-05-26T17:51:40.300+0000] {processor.py:161} INFO - Started process (PID=335) to work on /home/airflow/.local/lib/python3.12/site-packages/airflow/example_dags/example_complex.py
[2024-05-26T17:51:40.301+0000] {processor.py:830} INFO - Processing file /home/airflow/.local/lib/python3.12/site-packages/airflow/example_dags/example_complex.py for tasks to queue
[2024-05-26T17:51:40.303+0000] {logging_mixin.py:188} INFO - [2024-05-26T17:51:40.303+0000] {dagbag.py:545} INFO - Filling up the DagBag from /home/airflow/.local/lib/python3.12/site-packages/airflow/example_dags/example_complex.py
[2024-05-26T17:51:40.318+0000] {processor.py:840} INFO - DAG(s) 'example_complex' retrieved from /home/airflow/.local/lib/python3.12/site-packages/airflow/example_dags/example_complex.py
[2024-05-26T17:51:40.361+0000] {logging_mixin.py:188} INFO - [2024-05-26T17:51:40.360+0000] {dag.py:3096} INFO - Sync 1 DAGs
[2024-05-26T17:51:40.378+0000] {logging_mixin.py:188} INFO - [2024-05-26T17:51:40.378+0000] {dag.py:3954} INFO - Setting next_dagrun for example_complex to None, run_after=None
[2024-05-26T17:51:40.404+0000] {processor.py:183} INFO - Processing /home/airflow/.local/lib/python3.12/site-packages/airflow/example_dags/example_complex.py took 0.111 seconds
[2024-05-26T17:52:10.616+0000] {processor.py:161} INFO - Started process (PID=393) to work on /home/airflow/.local/lib/python3.12/site-packages/airflow/example_dags/example_complex.py
[2024-05-26T17:52:10.620+0000] {processor.py:830} INFO - Processing file /home/airflow/.local/lib/python3.12/site-packages/airflow/example_dags/example_complex.py for tasks to queue
[2024-05-26T17:52:10.622+0000] {logging_mixin.py:188} INFO - [2024-05-26T17:52:10.622+0000] {dagbag.py:545} INFO - Filling up the DagBag from /home/airflow/.local/lib/python3.12/site-packages/airflow/example_dags/example_complex.py
[2024-05-26T17:52:10.635+0000] {processor.py:840} INFO - DAG(s) 'example_complex' retrieved from /home/airflow/.local/lib/python3.12/site-packages/airflow/example_dags/example_complex.py
[2024-05-26T17:52:10.680+0000] {logging_mixin.py:188} INFO - [2024-05-26T17:52:10.680+0000] {dag.py:3096} INFO - Sync 1 DAGs
[2024-05-26T17:52:10.699+0000] {logging_mixin.py:188} INFO - [2024-05-26T17:52:10.699+0000] {dag.py:3954} INFO - Setting next_dagrun for example_complex to None, run_after=None
[2024-05-26T17:52:10.720+0000] {processor.py:183} INFO - Processing /home/airflow/.local/lib/python3.12/site-packages/airflow/example_dags/example_complex.py took 0.112 seconds
[2024-05-26T17:57:46.519+0000] {processor.py:161} INFO - Started process (PID=48) to work on /home/airflow/.local/lib/python3.12/site-packages/airflow/example_dags/example_complex.py
[2024-05-26T17:57:46.520+0000] {processor.py:830} INFO - Processing file /home/airflow/.local/lib/python3.12/site-packages/airflow/example_dags/example_complex.py for tasks to queue
[2024-05-26T17:57:46.523+0000] {logging_mixin.py:188} INFO - [2024-05-26T17:57:46.522+0000] {dagbag.py:545} INFO - Filling up the DagBag from /home/airflow/.local/lib/python3.12/site-packages/airflow/example_dags/example_complex.py
[2024-05-26T17:57:46.540+0000] {processor.py:840} INFO - DAG(s) 'example_complex' retrieved from /home/airflow/.local/lib/python3.12/site-packages/airflow/example_dags/example_complex.py
[2024-05-26T17:57:46.552+0000] {logging_mixin.py:188} INFO - [2024-05-26T17:57:46.552+0000] {dag.py:3096} INFO - Sync 1 DAGs
[2024-05-26T17:57:46.568+0000] {logging_mixin.py:188} INFO - [2024-05-26T17:57:46.568+0000] {dag.py:3954} INFO - Setting next_dagrun for example_complex to None, run_after=None
[2024-05-26T17:57:46.603+0000] {processor.py:183} INFO - Processing /home/airflow/.local/lib/python3.12/site-packages/airflow/example_dags/example_complex.py took 0.092 seconds
[2024-05-26T17:58:17.803+0000] {processor.py:161} INFO - Started process (PID=106) to work on /home/airflow/.local/lib/python3.12/site-packages/airflow/example_dags/example_complex.py
[2024-05-26T17:58:17.804+0000] {processor.py:830} INFO - Processing file /home/airflow/.local/lib/python3.12/site-packages/airflow/example_dags/example_complex.py for tasks to queue
[2024-05-26T17:58:17.806+0000] {logging_mixin.py:188} INFO - [2024-05-26T17:58:17.806+0000] {dagbag.py:545} INFO - Filling up the DagBag from /home/airflow/.local/lib/python3.12/site-packages/airflow/example_dags/example_complex.py
[2024-05-26T17:58:17.818+0000] {processor.py:840} INFO - DAG(s) 'example_complex' retrieved from /home/airflow/.local/lib/python3.12/site-packages/airflow/example_dags/example_complex.py
[2024-05-26T17:58:17.972+0000] {logging_mixin.py:188} INFO - [2024-05-26T17:58:17.972+0000] {dag.py:3096} INFO - Sync 1 DAGs
[2024-05-26T17:58:17.989+0000] {logging_mixin.py:188} INFO - [2024-05-26T17:58:17.989+0000] {dag.py:3954} INFO - Setting next_dagrun for example_complex to None, run_after=None
[2024-05-26T17:58:18.013+0000] {processor.py:183} INFO - Processing /home/airflow/.local/lib/python3.12/site-packages/airflow/example_dags/example_complex.py took 0.216 seconds
[2024-05-26T17:58:48.077+0000] {processor.py:161} INFO - Started process (PID=164) to work on /home/airflow/.local/lib/python3.12/site-packages/airflow/example_dags/example_complex.py
[2024-05-26T17:58:48.080+0000] {processor.py:830} INFO - Processing file /home/airflow/.local/lib/python3.12/site-packages/airflow/example_dags/example_complex.py for tasks to queue
[2024-05-26T17:58:48.082+0000] {logging_mixin.py:188} INFO - [2024-05-26T17:58:48.081+0000] {dagbag.py:545} INFO - Filling up the DagBag from /home/airflow/.local/lib/python3.12/site-packages/airflow/example_dags/example_complex.py
[2024-05-26T17:58:48.094+0000] {processor.py:840} INFO - DAG(s) 'example_complex' retrieved from /home/airflow/.local/lib/python3.12/site-packages/airflow/example_dags/example_complex.py
[2024-05-26T17:58:48.133+0000] {logging_mixin.py:188} INFO - [2024-05-26T17:58:48.133+0000] {dag.py:3096} INFO - Sync 1 DAGs
[2024-05-26T17:58:48.150+0000] {logging_mixin.py:188} INFO - [2024-05-26T17:58:48.150+0000] {dag.py:3954} INFO - Setting next_dagrun for example_complex to None, run_after=None
[2024-05-26T17:58:48.169+0000] {processor.py:183} INFO - Processing /home/airflow/.local/lib/python3.12/site-packages/airflow/example_dags/example_complex.py took 0.097 seconds
