[2024-05-26T15:21:33.793+0000] {processor.py:161} INFO - Started process (PID=43) to work on /home/airflow/.local/lib/python3.12/site-packages/airflow/example_dags/example_setup_teardown_taskflow.py
[2024-05-26T15:21:33.799+0000] {processor.py:830} INFO - Processing file /home/airflow/.local/lib/python3.12/site-packages/airflow/example_dags/example_setup_teardown_taskflow.py for tasks to queue
[2024-05-26T15:21:33.804+0000] {logging_mixin.py:188} INFO - [2024-05-26T15:21:33.803+0000] {dagbag.py:545} INFO - Filling up the DagBag from /home/airflow/.local/lib/python3.12/site-packages/airflow/example_dags/example_setup_teardown_taskflow.py
[2024-05-26T15:21:33.823+0000] {processor.py:840} INFO - DAG(s) 'example_setup_teardown_taskflow' retrieved from /home/airflow/.local/lib/python3.12/site-packages/airflow/example_dags/example_setup_teardown_taskflow.py
[2024-05-26T15:21:33.869+0000] {logging_mixin.py:188} INFO - [2024-05-26T15:21:33.869+0000] {dag.py:3096} INFO - Sync 1 DAGs
[2024-05-26T15:21:33.905+0000] {logging_mixin.py:188} INFO - [2024-05-26T15:21:33.905+0000] {dag.py:3954} INFO - Setting next_dagrun for example_setup_teardown_taskflow to 2024-05-25 00:00:00+00:00, run_after=2024-05-26 00:00:00+00:00
[2024-05-26T15:21:33.941+0000] {processor.py:183} INFO - Processing /home/airflow/.local/lib/python3.12/site-packages/airflow/example_dags/example_setup_teardown_taskflow.py took 0.159 seconds
[2024-05-26T15:22:04.812+0000] {processor.py:161} INFO - Started process (PID=101) to work on /home/airflow/.local/lib/python3.12/site-packages/airflow/example_dags/example_setup_teardown_taskflow.py
[2024-05-26T15:22:04.813+0000] {processor.py:830} INFO - Processing file /home/airflow/.local/lib/python3.12/site-packages/airflow/example_dags/example_setup_teardown_taskflow.py for tasks to queue
[2024-05-26T15:22:04.815+0000] {logging_mixin.py:188} INFO - [2024-05-26T15:22:04.814+0000] {dagbag.py:545} INFO - Filling up the DagBag from /home/airflow/.local/lib/python3.12/site-packages/airflow/example_dags/example_setup_teardown_taskflow.py
[2024-05-26T15:22:04.833+0000] {processor.py:840} INFO - DAG(s) 'example_setup_teardown_taskflow' retrieved from /home/airflow/.local/lib/python3.12/site-packages/airflow/example_dags/example_setup_teardown_taskflow.py
[2024-05-26T15:22:04.861+0000] {logging_mixin.py:188} INFO - [2024-05-26T15:22:04.860+0000] {dag.py:3096} INFO - Sync 1 DAGs
[2024-05-26T15:22:04.890+0000] {logging_mixin.py:188} INFO - [2024-05-26T15:22:04.889+0000] {dag.py:3954} INFO - Setting next_dagrun for example_setup_teardown_taskflow to 2024-05-25 00:00:00+00:00, run_after=2024-05-26 00:00:00+00:00
[2024-05-26T15:22:04.923+0000] {processor.py:183} INFO - Processing /home/airflow/.local/lib/python3.12/site-packages/airflow/example_dags/example_setup_teardown_taskflow.py took 0.118 seconds
[2024-05-26T15:22:35.230+0000] {processor.py:161} INFO - Started process (PID=159) to work on /home/airflow/.local/lib/python3.12/site-packages/airflow/example_dags/example_setup_teardown_taskflow.py
[2024-05-26T15:22:35.232+0000] {processor.py:830} INFO - Processing file /home/airflow/.local/lib/python3.12/site-packages/airflow/example_dags/example_setup_teardown_taskflow.py for tasks to queue
[2024-05-26T15:22:35.234+0000] {logging_mixin.py:188} INFO - [2024-05-26T15:22:35.234+0000] {dagbag.py:545} INFO - Filling up the DagBag from /home/airflow/.local/lib/python3.12/site-packages/airflow/example_dags/example_setup_teardown_taskflow.py
[2024-05-26T15:22:35.245+0000] {processor.py:840} INFO - DAG(s) 'example_setup_teardown_taskflow' retrieved from /home/airflow/.local/lib/python3.12/site-packages/airflow/example_dags/example_setup_teardown_taskflow.py
[2024-05-26T15:22:35.270+0000] {logging_mixin.py:188} INFO - [2024-05-26T15:22:35.270+0000] {dag.py:3096} INFO - Sync 1 DAGs
[2024-05-26T15:22:35.299+0000] {logging_mixin.py:188} INFO - [2024-05-26T15:22:35.298+0000] {dag.py:3954} INFO - Setting next_dagrun for example_setup_teardown_taskflow to 2024-05-25 00:00:00+00:00, run_after=2024-05-26 00:00:00+00:00
[2024-05-26T15:22:35.320+0000] {processor.py:183} INFO - Processing /home/airflow/.local/lib/python3.12/site-packages/airflow/example_dags/example_setup_teardown_taskflow.py took 0.096 seconds
[2024-05-26T15:23:05.510+0000] {processor.py:161} INFO - Started process (PID=217) to work on /home/airflow/.local/lib/python3.12/site-packages/airflow/example_dags/example_setup_teardown_taskflow.py
[2024-05-26T15:23:05.511+0000] {processor.py:830} INFO - Processing file /home/airflow/.local/lib/python3.12/site-packages/airflow/example_dags/example_setup_teardown_taskflow.py for tasks to queue
[2024-05-26T15:23:05.514+0000] {logging_mixin.py:188} INFO - [2024-05-26T15:23:05.513+0000] {dagbag.py:545} INFO - Filling up the DagBag from /home/airflow/.local/lib/python3.12/site-packages/airflow/example_dags/example_setup_teardown_taskflow.py
[2024-05-26T15:23:05.528+0000] {processor.py:840} INFO - DAG(s) 'example_setup_teardown_taskflow' retrieved from /home/airflow/.local/lib/python3.12/site-packages/airflow/example_dags/example_setup_teardown_taskflow.py
[2024-05-26T15:23:05.555+0000] {logging_mixin.py:188} INFO - [2024-05-26T15:23:05.554+0000] {dag.py:3096} INFO - Sync 1 DAGs
[2024-05-26T15:23:05.581+0000] {logging_mixin.py:188} INFO - [2024-05-26T15:23:05.580+0000] {dag.py:3954} INFO - Setting next_dagrun for example_setup_teardown_taskflow to 2024-05-25 00:00:00+00:00, run_after=2024-05-26 00:00:00+00:00
[2024-05-26T15:23:05.600+0000] {processor.py:183} INFO - Processing /home/airflow/.local/lib/python3.12/site-packages/airflow/example_dags/example_setup_teardown_taskflow.py took 0.097 seconds
[2024-05-26T15:23:36.506+0000] {processor.py:161} INFO - Started process (PID=275) to work on /home/airflow/.local/lib/python3.12/site-packages/airflow/example_dags/example_setup_teardown_taskflow.py
[2024-05-26T15:23:36.507+0000] {processor.py:830} INFO - Processing file /home/airflow/.local/lib/python3.12/site-packages/airflow/example_dags/example_setup_teardown_taskflow.py for tasks to queue
[2024-05-26T15:23:36.509+0000] {logging_mixin.py:188} INFO - [2024-05-26T15:23:36.508+0000] {dagbag.py:545} INFO - Filling up the DagBag from /home/airflow/.local/lib/python3.12/site-packages/airflow/example_dags/example_setup_teardown_taskflow.py
[2024-05-26T15:23:36.519+0000] {processor.py:840} INFO - DAG(s) 'example_setup_teardown_taskflow' retrieved from /home/airflow/.local/lib/python3.12/site-packages/airflow/example_dags/example_setup_teardown_taskflow.py
[2024-05-26T15:23:36.545+0000] {logging_mixin.py:188} INFO - [2024-05-26T15:23:36.544+0000] {dag.py:3096} INFO - Sync 1 DAGs
[2024-05-26T15:23:36.573+0000] {logging_mixin.py:188} INFO - [2024-05-26T15:23:36.573+0000] {dag.py:3954} INFO - Setting next_dagrun for example_setup_teardown_taskflow to 2024-05-25 00:00:00+00:00, run_after=2024-05-26 00:00:00+00:00
[2024-05-26T15:23:36.600+0000] {processor.py:183} INFO - Processing /home/airflow/.local/lib/python3.12/site-packages/airflow/example_dags/example_setup_teardown_taskflow.py took 0.101 seconds
[2024-05-26T15:24:07.583+0000] {processor.py:161} INFO - Started process (PID=333) to work on /home/airflow/.local/lib/python3.12/site-packages/airflow/example_dags/example_setup_teardown_taskflow.py
[2024-05-26T15:24:07.584+0000] {processor.py:830} INFO - Processing file /home/airflow/.local/lib/python3.12/site-packages/airflow/example_dags/example_setup_teardown_taskflow.py for tasks to queue
[2024-05-26T15:24:07.586+0000] {logging_mixin.py:188} INFO - [2024-05-26T15:24:07.585+0000] {dagbag.py:545} INFO - Filling up the DagBag from /home/airflow/.local/lib/python3.12/site-packages/airflow/example_dags/example_setup_teardown_taskflow.py
[2024-05-26T15:24:07.595+0000] {processor.py:840} INFO - DAG(s) 'example_setup_teardown_taskflow' retrieved from /home/airflow/.local/lib/python3.12/site-packages/airflow/example_dags/example_setup_teardown_taskflow.py
[2024-05-26T15:24:07.627+0000] {logging_mixin.py:188} INFO - [2024-05-26T15:24:07.626+0000] {dag.py:3096} INFO - Sync 1 DAGs
[2024-05-26T15:24:07.653+0000] {logging_mixin.py:188} INFO - [2024-05-26T15:24:07.652+0000] {dag.py:3954} INFO - Setting next_dagrun for example_setup_teardown_taskflow to 2024-05-25 00:00:00+00:00, run_after=2024-05-26 00:00:00+00:00
[2024-05-26T15:24:07.675+0000] {processor.py:183} INFO - Processing /home/airflow/.local/lib/python3.12/site-packages/airflow/example_dags/example_setup_teardown_taskflow.py took 0.099 seconds
[2024-05-26T15:24:37.972+0000] {processor.py:161} INFO - Started process (PID=391) to work on /home/airflow/.local/lib/python3.12/site-packages/airflow/example_dags/example_setup_teardown_taskflow.py
[2024-05-26T15:24:37.973+0000] {processor.py:830} INFO - Processing file /home/airflow/.local/lib/python3.12/site-packages/airflow/example_dags/example_setup_teardown_taskflow.py for tasks to queue
[2024-05-26T15:24:37.977+0000] {logging_mixin.py:188} INFO - [2024-05-26T15:24:37.977+0000] {dagbag.py:545} INFO - Filling up the DagBag from /home/airflow/.local/lib/python3.12/site-packages/airflow/example_dags/example_setup_teardown_taskflow.py
[2024-05-26T15:24:38.002+0000] {processor.py:840} INFO - DAG(s) 'example_setup_teardown_taskflow' retrieved from /home/airflow/.local/lib/python3.12/site-packages/airflow/example_dags/example_setup_teardown_taskflow.py
[2024-05-26T15:24:38.040+0000] {logging_mixin.py:188} INFO - [2024-05-26T15:24:38.040+0000] {dag.py:3096} INFO - Sync 1 DAGs
[2024-05-26T15:24:38.067+0000] {logging_mixin.py:188} INFO - [2024-05-26T15:24:38.067+0000] {dag.py:3954} INFO - Setting next_dagrun for example_setup_teardown_taskflow to 2024-05-25 00:00:00+00:00, run_after=2024-05-26 00:00:00+00:00
[2024-05-26T15:24:38.093+0000] {processor.py:183} INFO - Processing /home/airflow/.local/lib/python3.12/site-packages/airflow/example_dags/example_setup_teardown_taskflow.py took 0.127 seconds
[2024-05-26T15:25:08.330+0000] {processor.py:161} INFO - Started process (PID=449) to work on /home/airflow/.local/lib/python3.12/site-packages/airflow/example_dags/example_setup_teardown_taskflow.py
[2024-05-26T15:25:08.332+0000] {processor.py:830} INFO - Processing file /home/airflow/.local/lib/python3.12/site-packages/airflow/example_dags/example_setup_teardown_taskflow.py for tasks to queue
[2024-05-26T15:25:08.335+0000] {logging_mixin.py:188} INFO - [2024-05-26T15:25:08.334+0000] {dagbag.py:545} INFO - Filling up the DagBag from /home/airflow/.local/lib/python3.12/site-packages/airflow/example_dags/example_setup_teardown_taskflow.py
[2024-05-26T15:25:08.345+0000] {processor.py:840} INFO - DAG(s) 'example_setup_teardown_taskflow' retrieved from /home/airflow/.local/lib/python3.12/site-packages/airflow/example_dags/example_setup_teardown_taskflow.py
[2024-05-26T15:25:08.373+0000] {logging_mixin.py:188} INFO - [2024-05-26T15:25:08.373+0000] {dag.py:3096} INFO - Sync 1 DAGs
[2024-05-26T15:25:08.401+0000] {logging_mixin.py:188} INFO - [2024-05-26T15:25:08.401+0000] {dag.py:3954} INFO - Setting next_dagrun for example_setup_teardown_taskflow to 2024-05-25 00:00:00+00:00, run_after=2024-05-26 00:00:00+00:00
[2024-05-26T15:25:08.420+0000] {processor.py:183} INFO - Processing /home/airflow/.local/lib/python3.12/site-packages/airflow/example_dags/example_setup_teardown_taskflow.py took 0.100 seconds
[2024-05-26T15:25:38.647+0000] {processor.py:161} INFO - Started process (PID=507) to work on /home/airflow/.local/lib/python3.12/site-packages/airflow/example_dags/example_setup_teardown_taskflow.py
[2024-05-26T15:25:38.649+0000] {processor.py:830} INFO - Processing file /home/airflow/.local/lib/python3.12/site-packages/airflow/example_dags/example_setup_teardown_taskflow.py for tasks to queue
[2024-05-26T15:25:38.653+0000] {logging_mixin.py:188} INFO - [2024-05-26T15:25:38.653+0000] {dagbag.py:545} INFO - Filling up the DagBag from /home/airflow/.local/lib/python3.12/site-packages/airflow/example_dags/example_setup_teardown_taskflow.py
[2024-05-26T15:25:38.665+0000] {processor.py:840} INFO - DAG(s) 'example_setup_teardown_taskflow' retrieved from /home/airflow/.local/lib/python3.12/site-packages/airflow/example_dags/example_setup_teardown_taskflow.py
[2024-05-26T15:25:38.693+0000] {logging_mixin.py:188} INFO - [2024-05-26T15:25:38.693+0000] {dag.py:3096} INFO - Sync 1 DAGs
[2024-05-26T15:25:38.729+0000] {logging_mixin.py:188} INFO - [2024-05-26T15:25:38.728+0000] {dag.py:3954} INFO - Setting next_dagrun for example_setup_teardown_taskflow to 2024-05-25 00:00:00+00:00, run_after=2024-05-26 00:00:00+00:00
[2024-05-26T15:25:38.752+0000] {processor.py:183} INFO - Processing /home/airflow/.local/lib/python3.12/site-packages/airflow/example_dags/example_setup_teardown_taskflow.py took 0.120 seconds
[2024-05-26T15:26:08.954+0000] {processor.py:161} INFO - Started process (PID=565) to work on /home/airflow/.local/lib/python3.12/site-packages/airflow/example_dags/example_setup_teardown_taskflow.py
[2024-05-26T15:26:08.955+0000] {processor.py:830} INFO - Processing file /home/airflow/.local/lib/python3.12/site-packages/airflow/example_dags/example_setup_teardown_taskflow.py for tasks to queue
[2024-05-26T15:26:08.957+0000] {logging_mixin.py:188} INFO - [2024-05-26T15:26:08.957+0000] {dagbag.py:545} INFO - Filling up the DagBag from /home/airflow/.local/lib/python3.12/site-packages/airflow/example_dags/example_setup_teardown_taskflow.py
[2024-05-26T15:26:08.971+0000] {processor.py:840} INFO - DAG(s) 'example_setup_teardown_taskflow' retrieved from /home/airflow/.local/lib/python3.12/site-packages/airflow/example_dags/example_setup_teardown_taskflow.py
[2024-05-26T15:26:08.999+0000] {logging_mixin.py:188} INFO - [2024-05-26T15:26:08.999+0000] {dag.py:3096} INFO - Sync 1 DAGs
[2024-05-26T15:26:09.025+0000] {logging_mixin.py:188} INFO - [2024-05-26T15:26:09.025+0000] {dag.py:3954} INFO - Setting next_dagrun for example_setup_teardown_taskflow to 2024-05-25 00:00:00+00:00, run_after=2024-05-26 00:00:00+00:00
[2024-05-26T15:26:09.047+0000] {processor.py:183} INFO - Processing /home/airflow/.local/lib/python3.12/site-packages/airflow/example_dags/example_setup_teardown_taskflow.py took 0.100 seconds
[2024-05-26T15:26:39.414+0000] {processor.py:161} INFO - Started process (PID=623) to work on /home/airflow/.local/lib/python3.12/site-packages/airflow/example_dags/example_setup_teardown_taskflow.py
[2024-05-26T15:26:39.417+0000] {processor.py:830} INFO - Processing file /home/airflow/.local/lib/python3.12/site-packages/airflow/example_dags/example_setup_teardown_taskflow.py for tasks to queue
[2024-05-26T15:26:39.420+0000] {logging_mixin.py:188} INFO - [2024-05-26T15:26:39.419+0000] {dagbag.py:545} INFO - Filling up the DagBag from /home/airflow/.local/lib/python3.12/site-packages/airflow/example_dags/example_setup_teardown_taskflow.py
[2024-05-26T15:26:39.430+0000] {processor.py:840} INFO - DAG(s) 'example_setup_teardown_taskflow' retrieved from /home/airflow/.local/lib/python3.12/site-packages/airflow/example_dags/example_setup_teardown_taskflow.py
[2024-05-26T15:26:39.473+0000] {logging_mixin.py:188} INFO - [2024-05-26T15:26:39.472+0000] {dag.py:3096} INFO - Sync 1 DAGs
[2024-05-26T15:26:39.503+0000] {logging_mixin.py:188} INFO - [2024-05-26T15:26:39.503+0000] {dag.py:3954} INFO - Setting next_dagrun for example_setup_teardown_taskflow to 2024-05-25 00:00:00+00:00, run_after=2024-05-26 00:00:00+00:00
[2024-05-26T15:26:39.529+0000] {processor.py:183} INFO - Processing /home/airflow/.local/lib/python3.12/site-packages/airflow/example_dags/example_setup_teardown_taskflow.py took 0.121 seconds
[2024-05-26T15:27:09.798+0000] {processor.py:161} INFO - Started process (PID=681) to work on /home/airflow/.local/lib/python3.12/site-packages/airflow/example_dags/example_setup_teardown_taskflow.py
[2024-05-26T15:27:09.799+0000] {processor.py:830} INFO - Processing file /home/airflow/.local/lib/python3.12/site-packages/airflow/example_dags/example_setup_teardown_taskflow.py for tasks to queue
[2024-05-26T15:27:09.801+0000] {logging_mixin.py:188} INFO - [2024-05-26T15:27:09.801+0000] {dagbag.py:545} INFO - Filling up the DagBag from /home/airflow/.local/lib/python3.12/site-packages/airflow/example_dags/example_setup_teardown_taskflow.py
[2024-05-26T15:27:09.812+0000] {processor.py:840} INFO - DAG(s) 'example_setup_teardown_taskflow' retrieved from /home/airflow/.local/lib/python3.12/site-packages/airflow/example_dags/example_setup_teardown_taskflow.py
[2024-05-26T15:27:09.841+0000] {logging_mixin.py:188} INFO - [2024-05-26T15:27:09.840+0000] {dag.py:3096} INFO - Sync 1 DAGs
[2024-05-26T15:27:09.887+0000] {logging_mixin.py:188} INFO - [2024-05-26T15:27:09.887+0000] {dag.py:3954} INFO - Setting next_dagrun for example_setup_teardown_taskflow to 2024-05-25 00:00:00+00:00, run_after=2024-05-26 00:00:00+00:00
[2024-05-26T15:27:09.907+0000] {processor.py:183} INFO - Processing /home/airflow/.local/lib/python3.12/site-packages/airflow/example_dags/example_setup_teardown_taskflow.py took 0.115 seconds
[2024-05-26T17:43:38.884+0000] {processor.py:161} INFO - Started process (PID=61) to work on /home/airflow/.local/lib/python3.12/site-packages/airflow/example_dags/example_setup_teardown_taskflow.py
[2024-05-26T17:43:38.885+0000] {processor.py:830} INFO - Processing file /home/airflow/.local/lib/python3.12/site-packages/airflow/example_dags/example_setup_teardown_taskflow.py for tasks to queue
[2024-05-26T17:43:38.888+0000] {logging_mixin.py:188} INFO - [2024-05-26T17:43:38.887+0000] {dagbag.py:545} INFO - Filling up the DagBag from /home/airflow/.local/lib/python3.12/site-packages/airflow/example_dags/example_setup_teardown_taskflow.py
[2024-05-26T17:43:38.900+0000] {processor.py:840} INFO - DAG(s) 'example_setup_teardown_taskflow' retrieved from /home/airflow/.local/lib/python3.12/site-packages/airflow/example_dags/example_setup_teardown_taskflow.py
[2024-05-26T17:43:39.050+0000] {logging_mixin.py:188} INFO - [2024-05-26T17:43:39.050+0000] {dag.py:3096} INFO - Sync 1 DAGs
[2024-05-26T17:43:39.085+0000] {logging_mixin.py:188} INFO - [2024-05-26T17:43:39.084+0000] {dag.py:3954} INFO - Setting next_dagrun for example_setup_teardown_taskflow to 2024-05-25 00:00:00+00:00, run_after=2024-05-26 00:00:00+00:00
[2024-05-26T17:43:39.117+0000] {processor.py:183} INFO - Processing /home/airflow/.local/lib/python3.12/site-packages/airflow/example_dags/example_setup_teardown_taskflow.py took 0.240 seconds
[2024-05-26T17:44:09.259+0000] {processor.py:161} INFO - Started process (PID=119) to work on /home/airflow/.local/lib/python3.12/site-packages/airflow/example_dags/example_setup_teardown_taskflow.py
[2024-05-26T17:44:09.261+0000] {processor.py:830} INFO - Processing file /home/airflow/.local/lib/python3.12/site-packages/airflow/example_dags/example_setup_teardown_taskflow.py for tasks to queue
[2024-05-26T17:44:09.266+0000] {logging_mixin.py:188} INFO - [2024-05-26T17:44:09.265+0000] {dagbag.py:545} INFO - Filling up the DagBag from /home/airflow/.local/lib/python3.12/site-packages/airflow/example_dags/example_setup_teardown_taskflow.py
[2024-05-26T17:44:09.277+0000] {processor.py:840} INFO - DAG(s) 'example_setup_teardown_taskflow' retrieved from /home/airflow/.local/lib/python3.12/site-packages/airflow/example_dags/example_setup_teardown_taskflow.py
[2024-05-26T17:44:09.303+0000] {logging_mixin.py:188} INFO - [2024-05-26T17:44:09.303+0000] {dag.py:3096} INFO - Sync 1 DAGs
[2024-05-26T17:44:09.332+0000] {logging_mixin.py:188} INFO - [2024-05-26T17:44:09.332+0000] {dag.py:3954} INFO - Setting next_dagrun for example_setup_teardown_taskflow to 2024-05-25 00:00:00+00:00, run_after=2024-05-26 00:00:00+00:00
[2024-05-26T17:44:09.356+0000] {processor.py:183} INFO - Processing /home/airflow/.local/lib/python3.12/site-packages/airflow/example_dags/example_setup_teardown_taskflow.py took 0.113 seconds
[2024-05-26T17:44:39.841+0000] {processor.py:161} INFO - Started process (PID=177) to work on /home/airflow/.local/lib/python3.12/site-packages/airflow/example_dags/example_setup_teardown_taskflow.py
[2024-05-26T17:44:39.842+0000] {processor.py:830} INFO - Processing file /home/airflow/.local/lib/python3.12/site-packages/airflow/example_dags/example_setup_teardown_taskflow.py for tasks to queue
[2024-05-26T17:44:39.847+0000] {logging_mixin.py:188} INFO - [2024-05-26T17:44:39.846+0000] {dagbag.py:545} INFO - Filling up the DagBag from /home/airflow/.local/lib/python3.12/site-packages/airflow/example_dags/example_setup_teardown_taskflow.py
[2024-05-26T17:44:39.859+0000] {processor.py:840} INFO - DAG(s) 'example_setup_teardown_taskflow' retrieved from /home/airflow/.local/lib/python3.12/site-packages/airflow/example_dags/example_setup_teardown_taskflow.py
[2024-05-26T17:44:39.889+0000] {logging_mixin.py:188} INFO - [2024-05-26T17:44:39.889+0000] {dag.py:3096} INFO - Sync 1 DAGs
[2024-05-26T17:44:39.915+0000] {logging_mixin.py:188} INFO - [2024-05-26T17:44:39.914+0000] {dag.py:3954} INFO - Setting next_dagrun for example_setup_teardown_taskflow to 2024-05-25 00:00:00+00:00, run_after=2024-05-26 00:00:00+00:00
[2024-05-26T17:44:39.941+0000] {processor.py:183} INFO - Processing /home/airflow/.local/lib/python3.12/site-packages/airflow/example_dags/example_setup_teardown_taskflow.py took 0.109 seconds
[2024-05-26T17:45:10.281+0000] {processor.py:161} INFO - Started process (PID=234) to work on /home/airflow/.local/lib/python3.12/site-packages/airflow/example_dags/example_setup_teardown_taskflow.py
[2024-05-26T17:45:10.282+0000] {processor.py:830} INFO - Processing file /home/airflow/.local/lib/python3.12/site-packages/airflow/example_dags/example_setup_teardown_taskflow.py for tasks to queue
[2024-05-26T17:45:10.284+0000] {logging_mixin.py:188} INFO - [2024-05-26T17:45:10.284+0000] {dagbag.py:545} INFO - Filling up the DagBag from /home/airflow/.local/lib/python3.12/site-packages/airflow/example_dags/example_setup_teardown_taskflow.py
[2024-05-26T17:45:10.295+0000] {processor.py:840} INFO - DAG(s) 'example_setup_teardown_taskflow' retrieved from /home/airflow/.local/lib/python3.12/site-packages/airflow/example_dags/example_setup_teardown_taskflow.py
[2024-05-26T17:45:10.322+0000] {logging_mixin.py:188} INFO - [2024-05-26T17:45:10.322+0000] {dag.py:3096} INFO - Sync 1 DAGs
[2024-05-26T17:45:10.349+0000] {logging_mixin.py:188} INFO - [2024-05-26T17:45:10.349+0000] {dag.py:3954} INFO - Setting next_dagrun for example_setup_teardown_taskflow to 2024-05-25 00:00:00+00:00, run_after=2024-05-26 00:00:00+00:00
[2024-05-26T17:45:10.371+0000] {processor.py:183} INFO - Processing /home/airflow/.local/lib/python3.12/site-packages/airflow/example_dags/example_setup_teardown_taskflow.py took 0.096 seconds
[2024-05-26T17:45:42.390+0000] {processor.py:161} INFO - Started process (PID=292) to work on /home/airflow/.local/lib/python3.12/site-packages/airflow/example_dags/example_setup_teardown_taskflow.py
[2024-05-26T17:45:42.391+0000] {processor.py:830} INFO - Processing file /home/airflow/.local/lib/python3.12/site-packages/airflow/example_dags/example_setup_teardown_taskflow.py for tasks to queue
[2024-05-26T17:45:42.394+0000] {logging_mixin.py:188} INFO - [2024-05-26T17:45:42.393+0000] {dagbag.py:545} INFO - Filling up the DagBag from /home/airflow/.local/lib/python3.12/site-packages/airflow/example_dags/example_setup_teardown_taskflow.py
[2024-05-26T17:45:42.405+0000] {processor.py:840} INFO - DAG(s) 'example_setup_teardown_taskflow' retrieved from /home/airflow/.local/lib/python3.12/site-packages/airflow/example_dags/example_setup_teardown_taskflow.py
[2024-05-26T17:45:42.453+0000] {logging_mixin.py:188} INFO - [2024-05-26T17:45:42.452+0000] {dag.py:3096} INFO - Sync 1 DAGs
[2024-05-26T17:45:42.479+0000] {logging_mixin.py:188} INFO - [2024-05-26T17:45:42.479+0000] {dag.py:3954} INFO - Setting next_dagrun for example_setup_teardown_taskflow to 2024-05-25 00:00:00+00:00, run_after=2024-05-26 00:00:00+00:00
[2024-05-26T17:45:43.017+0000] {processor.py:183} INFO - Processing /home/airflow/.local/lib/python3.12/site-packages/airflow/example_dags/example_setup_teardown_taskflow.py took 0.636 seconds
[2024-05-26T17:46:13.151+0000] {processor.py:161} INFO - Started process (PID=349) to work on /home/airflow/.local/lib/python3.12/site-packages/airflow/example_dags/example_setup_teardown_taskflow.py
[2024-05-26T17:46:13.154+0000] {processor.py:830} INFO - Processing file /home/airflow/.local/lib/python3.12/site-packages/airflow/example_dags/example_setup_teardown_taskflow.py for tasks to queue
[2024-05-26T17:46:13.158+0000] {logging_mixin.py:188} INFO - [2024-05-26T17:46:13.157+0000] {dagbag.py:545} INFO - Filling up the DagBag from /home/airflow/.local/lib/python3.12/site-packages/airflow/example_dags/example_setup_teardown_taskflow.py
[2024-05-26T17:46:13.176+0000] {processor.py:840} INFO - DAG(s) 'example_setup_teardown_taskflow' retrieved from /home/airflow/.local/lib/python3.12/site-packages/airflow/example_dags/example_setup_teardown_taskflow.py
[2024-05-26T17:46:13.202+0000] {logging_mixin.py:188} INFO - [2024-05-26T17:46:13.201+0000] {dag.py:3096} INFO - Sync 1 DAGs
[2024-05-26T17:46:13.226+0000] {logging_mixin.py:188} INFO - [2024-05-26T17:46:13.226+0000] {dag.py:3954} INFO - Setting next_dagrun for example_setup_teardown_taskflow to 2024-05-25 00:00:00+00:00, run_after=2024-05-26 00:00:00+00:00
[2024-05-26T17:46:13.245+0000] {processor.py:183} INFO - Processing /home/airflow/.local/lib/python3.12/site-packages/airflow/example_dags/example_setup_teardown_taskflow.py took 0.109 seconds
[2024-05-26T17:46:43.583+0000] {processor.py:161} INFO - Started process (PID=407) to work on /home/airflow/.local/lib/python3.12/site-packages/airflow/example_dags/example_setup_teardown_taskflow.py
[2024-05-26T17:46:43.584+0000] {processor.py:830} INFO - Processing file /home/airflow/.local/lib/python3.12/site-packages/airflow/example_dags/example_setup_teardown_taskflow.py for tasks to queue
[2024-05-26T17:46:43.587+0000] {logging_mixin.py:188} INFO - [2024-05-26T17:46:43.586+0000] {dagbag.py:545} INFO - Filling up the DagBag from /home/airflow/.local/lib/python3.12/site-packages/airflow/example_dags/example_setup_teardown_taskflow.py
[2024-05-26T17:46:43.600+0000] {processor.py:840} INFO - DAG(s) 'example_setup_teardown_taskflow' retrieved from /home/airflow/.local/lib/python3.12/site-packages/airflow/example_dags/example_setup_teardown_taskflow.py
[2024-05-26T17:46:43.628+0000] {logging_mixin.py:188} INFO - [2024-05-26T17:46:43.627+0000] {dag.py:3096} INFO - Sync 1 DAGs
[2024-05-26T17:46:43.658+0000] {logging_mixin.py:188} INFO - [2024-05-26T17:46:43.658+0000] {dag.py:3954} INFO - Setting next_dagrun for example_setup_teardown_taskflow to 2024-05-25 00:00:00+00:00, run_after=2024-05-26 00:00:00+00:00
[2024-05-26T17:46:43.691+0000] {processor.py:183} INFO - Processing /home/airflow/.local/lib/python3.12/site-packages/airflow/example_dags/example_setup_teardown_taskflow.py took 0.115 seconds
[2024-05-26T17:47:14.218+0000] {processor.py:161} INFO - Started process (PID=465) to work on /home/airflow/.local/lib/python3.12/site-packages/airflow/example_dags/example_setup_teardown_taskflow.py
[2024-05-26T17:47:14.219+0000] {processor.py:830} INFO - Processing file /home/airflow/.local/lib/python3.12/site-packages/airflow/example_dags/example_setup_teardown_taskflow.py for tasks to queue
[2024-05-26T17:47:14.222+0000] {logging_mixin.py:188} INFO - [2024-05-26T17:47:14.221+0000] {dagbag.py:545} INFO - Filling up the DagBag from /home/airflow/.local/lib/python3.12/site-packages/airflow/example_dags/example_setup_teardown_taskflow.py
[2024-05-26T17:47:14.234+0000] {processor.py:840} INFO - DAG(s) 'example_setup_teardown_taskflow' retrieved from /home/airflow/.local/lib/python3.12/site-packages/airflow/example_dags/example_setup_teardown_taskflow.py
[2024-05-26T17:47:14.263+0000] {logging_mixin.py:188} INFO - [2024-05-26T17:47:14.262+0000] {dag.py:3096} INFO - Sync 1 DAGs
[2024-05-26T17:47:14.292+0000] {logging_mixin.py:188} INFO - [2024-05-26T17:47:14.291+0000] {dag.py:3954} INFO - Setting next_dagrun for example_setup_teardown_taskflow to 2024-05-25 00:00:00+00:00, run_after=2024-05-26 00:00:00+00:00
[2024-05-26T17:47:14.313+0000] {processor.py:183} INFO - Processing /home/airflow/.local/lib/python3.12/site-packages/airflow/example_dags/example_setup_teardown_taskflow.py took 0.109 seconds
[2024-05-26T17:47:44.579+0000] {processor.py:161} INFO - Started process (PID=523) to work on /home/airflow/.local/lib/python3.12/site-packages/airflow/example_dags/example_setup_teardown_taskflow.py
[2024-05-26T17:47:44.582+0000] {processor.py:830} INFO - Processing file /home/airflow/.local/lib/python3.12/site-packages/airflow/example_dags/example_setup_teardown_taskflow.py for tasks to queue
[2024-05-26T17:47:44.586+0000] {logging_mixin.py:188} INFO - [2024-05-26T17:47:44.585+0000] {dagbag.py:545} INFO - Filling up the DagBag from /home/airflow/.local/lib/python3.12/site-packages/airflow/example_dags/example_setup_teardown_taskflow.py
[2024-05-26T17:47:44.598+0000] {processor.py:840} INFO - DAG(s) 'example_setup_teardown_taskflow' retrieved from /home/airflow/.local/lib/python3.12/site-packages/airflow/example_dags/example_setup_teardown_taskflow.py
[2024-05-26T17:47:44.631+0000] {logging_mixin.py:188} INFO - [2024-05-26T17:47:44.631+0000] {dag.py:3096} INFO - Sync 1 DAGs
[2024-05-26T17:47:44.657+0000] {logging_mixin.py:188} INFO - [2024-05-26T17:47:44.657+0000] {dag.py:3954} INFO - Setting next_dagrun for example_setup_teardown_taskflow to 2024-05-25 00:00:00+00:00, run_after=2024-05-26 00:00:00+00:00
[2024-05-26T17:47:44.683+0000] {processor.py:183} INFO - Processing /home/airflow/.local/lib/python3.12/site-packages/airflow/example_dags/example_setup_teardown_taskflow.py took 0.110 seconds
[2024-05-26T17:49:09.983+0000] {processor.py:161} INFO - Started process (PID=61) to work on /home/airflow/.local/lib/python3.12/site-packages/airflow/example_dags/example_setup_teardown_taskflow.py
[2024-05-26T17:49:09.985+0000] {processor.py:830} INFO - Processing file /home/airflow/.local/lib/python3.12/site-packages/airflow/example_dags/example_setup_teardown_taskflow.py for tasks to queue
[2024-05-26T17:49:09.988+0000] {logging_mixin.py:188} INFO - [2024-05-26T17:49:09.988+0000] {dagbag.py:545} INFO - Filling up the DagBag from /home/airflow/.local/lib/python3.12/site-packages/airflow/example_dags/example_setup_teardown_taskflow.py
[2024-05-26T17:49:10.002+0000] {processor.py:840} INFO - DAG(s) 'example_setup_teardown_taskflow' retrieved from /home/airflow/.local/lib/python3.12/site-packages/airflow/example_dags/example_setup_teardown_taskflow.py
[2024-05-26T17:49:10.149+0000] {logging_mixin.py:188} INFO - [2024-05-26T17:49:10.148+0000] {dag.py:3096} INFO - Sync 1 DAGs
[2024-05-26T17:49:10.177+0000] {logging_mixin.py:188} INFO - [2024-05-26T17:49:10.177+0000] {dag.py:3954} INFO - Setting next_dagrun for example_setup_teardown_taskflow to 2024-05-25 00:00:00+00:00, run_after=2024-05-26 00:00:00+00:00
[2024-05-26T17:49:10.206+0000] {processor.py:183} INFO - Processing /home/airflow/.local/lib/python3.12/site-packages/airflow/example_dags/example_setup_teardown_taskflow.py took 0.231 seconds
[2024-05-26T17:49:40.960+0000] {processor.py:161} INFO - Started process (PID=119) to work on /home/airflow/.local/lib/python3.12/site-packages/airflow/example_dags/example_setup_teardown_taskflow.py
[2024-05-26T17:49:40.961+0000] {processor.py:830} INFO - Processing file /home/airflow/.local/lib/python3.12/site-packages/airflow/example_dags/example_setup_teardown_taskflow.py for tasks to queue
[2024-05-26T17:49:40.963+0000] {logging_mixin.py:188} INFO - [2024-05-26T17:49:40.963+0000] {dagbag.py:545} INFO - Filling up the DagBag from /home/airflow/.local/lib/python3.12/site-packages/airflow/example_dags/example_setup_teardown_taskflow.py
[2024-05-26T17:49:40.975+0000] {processor.py:840} INFO - DAG(s) 'example_setup_teardown_taskflow' retrieved from /home/airflow/.local/lib/python3.12/site-packages/airflow/example_dags/example_setup_teardown_taskflow.py
[2024-05-26T17:49:41.006+0000] {logging_mixin.py:188} INFO - [2024-05-26T17:49:41.006+0000] {dag.py:3096} INFO - Sync 1 DAGs
[2024-05-26T17:49:41.037+0000] {logging_mixin.py:188} INFO - [2024-05-26T17:49:41.037+0000] {dag.py:3954} INFO - Setting next_dagrun for example_setup_teardown_taskflow to 2024-05-25 00:00:00+00:00, run_after=2024-05-26 00:00:00+00:00
[2024-05-26T17:49:41.063+0000] {processor.py:183} INFO - Processing /home/airflow/.local/lib/python3.12/site-packages/airflow/example_dags/example_setup_teardown_taskflow.py took 0.111 seconds
[2024-05-26T17:50:11.270+0000] {processor.py:161} INFO - Started process (PID=176) to work on /home/airflow/.local/lib/python3.12/site-packages/airflow/example_dags/example_setup_teardown_taskflow.py
[2024-05-26T17:50:11.271+0000] {processor.py:830} INFO - Processing file /home/airflow/.local/lib/python3.12/site-packages/airflow/example_dags/example_setup_teardown_taskflow.py for tasks to queue
[2024-05-26T17:50:11.274+0000] {logging_mixin.py:188} INFO - [2024-05-26T17:50:11.274+0000] {dagbag.py:545} INFO - Filling up the DagBag from /home/airflow/.local/lib/python3.12/site-packages/airflow/example_dags/example_setup_teardown_taskflow.py
[2024-05-26T17:50:11.287+0000] {processor.py:840} INFO - DAG(s) 'example_setup_teardown_taskflow' retrieved from /home/airflow/.local/lib/python3.12/site-packages/airflow/example_dags/example_setup_teardown_taskflow.py
[2024-05-26T17:50:11.321+0000] {logging_mixin.py:188} INFO - [2024-05-26T17:50:11.321+0000] {dag.py:3096} INFO - Sync 1 DAGs
[2024-05-26T17:50:11.346+0000] {logging_mixin.py:188} INFO - [2024-05-26T17:50:11.345+0000] {dag.py:3954} INFO - Setting next_dagrun for example_setup_teardown_taskflow to 2024-05-25 00:00:00+00:00, run_after=2024-05-26 00:00:00+00:00
[2024-05-26T17:50:11.365+0000] {processor.py:183} INFO - Processing /home/airflow/.local/lib/python3.12/site-packages/airflow/example_dags/example_setup_teardown_taskflow.py took 0.101 seconds
[2024-05-26T17:50:41.663+0000] {processor.py:161} INFO - Started process (PID=233) to work on /home/airflow/.local/lib/python3.12/site-packages/airflow/example_dags/example_setup_teardown_taskflow.py
[2024-05-26T17:50:41.664+0000] {processor.py:830} INFO - Processing file /home/airflow/.local/lib/python3.12/site-packages/airflow/example_dags/example_setup_teardown_taskflow.py for tasks to queue
[2024-05-26T17:50:41.666+0000] {logging_mixin.py:188} INFO - [2024-05-26T17:50:41.666+0000] {dagbag.py:545} INFO - Filling up the DagBag from /home/airflow/.local/lib/python3.12/site-packages/airflow/example_dags/example_setup_teardown_taskflow.py
[2024-05-26T17:50:41.677+0000] {processor.py:840} INFO - DAG(s) 'example_setup_teardown_taskflow' retrieved from /home/airflow/.local/lib/python3.12/site-packages/airflow/example_dags/example_setup_teardown_taskflow.py
[2024-05-26T17:50:41.708+0000] {logging_mixin.py:188} INFO - [2024-05-26T17:50:41.708+0000] {dag.py:3096} INFO - Sync 1 DAGs
[2024-05-26T17:50:41.736+0000] {logging_mixin.py:188} INFO - [2024-05-26T17:50:41.735+0000] {dag.py:3954} INFO - Setting next_dagrun for example_setup_teardown_taskflow to 2024-05-25 00:00:00+00:00, run_after=2024-05-26 00:00:00+00:00
[2024-05-26T17:50:41.756+0000] {processor.py:183} INFO - Processing /home/airflow/.local/lib/python3.12/site-packages/airflow/example_dags/example_setup_teardown_taskflow.py took 0.099 seconds
[2024-05-26T17:51:12.012+0000] {processor.py:161} INFO - Started process (PID=291) to work on /home/airflow/.local/lib/python3.12/site-packages/airflow/example_dags/example_setup_teardown_taskflow.py
[2024-05-26T17:51:12.014+0000] {processor.py:830} INFO - Processing file /home/airflow/.local/lib/python3.12/site-packages/airflow/example_dags/example_setup_teardown_taskflow.py for tasks to queue
[2024-05-26T17:51:12.016+0000] {logging_mixin.py:188} INFO - [2024-05-26T17:51:12.015+0000] {dagbag.py:545} INFO - Filling up the DagBag from /home/airflow/.local/lib/python3.12/site-packages/airflow/example_dags/example_setup_teardown_taskflow.py
[2024-05-26T17:51:12.028+0000] {processor.py:840} INFO - DAG(s) 'example_setup_teardown_taskflow' retrieved from /home/airflow/.local/lib/python3.12/site-packages/airflow/example_dags/example_setup_teardown_taskflow.py
[2024-05-26T17:51:12.058+0000] {logging_mixin.py:188} INFO - [2024-05-26T17:51:12.058+0000] {dag.py:3096} INFO - Sync 1 DAGs
[2024-05-26T17:51:12.088+0000] {logging_mixin.py:188} INFO - [2024-05-26T17:51:12.087+0000] {dag.py:3954} INFO - Setting next_dagrun for example_setup_teardown_taskflow to 2024-05-25 00:00:00+00:00, run_after=2024-05-26 00:00:00+00:00
[2024-05-26T17:51:12.112+0000] {processor.py:183} INFO - Processing /home/airflow/.local/lib/python3.12/site-packages/airflow/example_dags/example_setup_teardown_taskflow.py took 0.107 seconds
[2024-05-26T17:51:42.204+0000] {processor.py:161} INFO - Started process (PID=348) to work on /home/airflow/.local/lib/python3.12/site-packages/airflow/example_dags/example_setup_teardown_taskflow.py
[2024-05-26T17:51:42.205+0000] {processor.py:830} INFO - Processing file /home/airflow/.local/lib/python3.12/site-packages/airflow/example_dags/example_setup_teardown_taskflow.py for tasks to queue
[2024-05-26T17:51:42.208+0000] {logging_mixin.py:188} INFO - [2024-05-26T17:51:42.208+0000] {dagbag.py:545} INFO - Filling up the DagBag from /home/airflow/.local/lib/python3.12/site-packages/airflow/example_dags/example_setup_teardown_taskflow.py
[2024-05-26T17:51:42.223+0000] {processor.py:840} INFO - DAG(s) 'example_setup_teardown_taskflow' retrieved from /home/airflow/.local/lib/python3.12/site-packages/airflow/example_dags/example_setup_teardown_taskflow.py
[2024-05-26T17:51:42.254+0000] {logging_mixin.py:188} INFO - [2024-05-26T17:51:42.253+0000] {dag.py:3096} INFO - Sync 1 DAGs
[2024-05-26T17:51:42.282+0000] {logging_mixin.py:188} INFO - [2024-05-26T17:51:42.282+0000] {dag.py:3954} INFO - Setting next_dagrun for example_setup_teardown_taskflow to 2024-05-25 00:00:00+00:00, run_after=2024-05-26 00:00:00+00:00
[2024-05-26T17:51:42.306+0000] {processor.py:183} INFO - Processing /home/airflow/.local/lib/python3.12/site-packages/airflow/example_dags/example_setup_teardown_taskflow.py took 0.113 seconds
[2024-05-26T17:52:12.592+0000] {processor.py:161} INFO - Started process (PID=406) to work on /home/airflow/.local/lib/python3.12/site-packages/airflow/example_dags/example_setup_teardown_taskflow.py
[2024-05-26T17:52:12.593+0000] {processor.py:830} INFO - Processing file /home/airflow/.local/lib/python3.12/site-packages/airflow/example_dags/example_setup_teardown_taskflow.py for tasks to queue
[2024-05-26T17:52:12.596+0000] {logging_mixin.py:188} INFO - [2024-05-26T17:52:12.595+0000] {dagbag.py:545} INFO - Filling up the DagBag from /home/airflow/.local/lib/python3.12/site-packages/airflow/example_dags/example_setup_teardown_taskflow.py
[2024-05-26T17:52:12.606+0000] {processor.py:840} INFO - DAG(s) 'example_setup_teardown_taskflow' retrieved from /home/airflow/.local/lib/python3.12/site-packages/airflow/example_dags/example_setup_teardown_taskflow.py
[2024-05-26T17:52:12.633+0000] {logging_mixin.py:188} INFO - [2024-05-26T17:52:12.633+0000] {dag.py:3096} INFO - Sync 1 DAGs
[2024-05-26T17:52:12.661+0000] {logging_mixin.py:188} INFO - [2024-05-26T17:52:12.661+0000] {dag.py:3954} INFO - Setting next_dagrun for example_setup_teardown_taskflow to 2024-05-25 00:00:00+00:00, run_after=2024-05-26 00:00:00+00:00
[2024-05-26T17:52:12.685+0000] {processor.py:183} INFO - Processing /home/airflow/.local/lib/python3.12/site-packages/airflow/example_dags/example_setup_teardown_taskflow.py took 0.100 seconds
[2024-05-26T17:57:47.485+0000] {processor.py:161} INFO - Started process (PID=61) to work on /home/airflow/.local/lib/python3.12/site-packages/airflow/example_dags/example_setup_teardown_taskflow.py
[2024-05-26T17:57:47.486+0000] {processor.py:830} INFO - Processing file /home/airflow/.local/lib/python3.12/site-packages/airflow/example_dags/example_setup_teardown_taskflow.py for tasks to queue
[2024-05-26T17:57:47.489+0000] {logging_mixin.py:188} INFO - [2024-05-26T17:57:47.488+0000] {dagbag.py:545} INFO - Filling up the DagBag from /home/airflow/.local/lib/python3.12/site-packages/airflow/example_dags/example_setup_teardown_taskflow.py
[2024-05-26T17:57:47.501+0000] {processor.py:840} INFO - DAG(s) 'example_setup_teardown_taskflow' retrieved from /home/airflow/.local/lib/python3.12/site-packages/airflow/example_dags/example_setup_teardown_taskflow.py
[2024-05-26T17:57:47.514+0000] {logging_mixin.py:188} INFO - [2024-05-26T17:57:47.514+0000] {dag.py:3096} INFO - Sync 1 DAGs
[2024-05-26T17:57:47.546+0000] {logging_mixin.py:188} INFO - [2024-05-26T17:57:47.545+0000] {dag.py:3954} INFO - Setting next_dagrun for example_setup_teardown_taskflow to 2024-05-25 00:00:00+00:00, run_after=2024-05-26 00:00:00+00:00
[2024-05-26T17:57:47.586+0000] {processor.py:183} INFO - Processing /home/airflow/.local/lib/python3.12/site-packages/airflow/example_dags/example_setup_teardown_taskflow.py took 0.107 seconds
[2024-05-26T17:58:19.351+0000] {processor.py:161} INFO - Started process (PID=119) to work on /home/airflow/.local/lib/python3.12/site-packages/airflow/example_dags/example_setup_teardown_taskflow.py
[2024-05-26T17:58:19.352+0000] {processor.py:830} INFO - Processing file /home/airflow/.local/lib/python3.12/site-packages/airflow/example_dags/example_setup_teardown_taskflow.py for tasks to queue
[2024-05-26T17:58:19.355+0000] {logging_mixin.py:188} INFO - [2024-05-26T17:58:19.355+0000] {dagbag.py:545} INFO - Filling up the DagBag from /home/airflow/.local/lib/python3.12/site-packages/airflow/example_dags/example_setup_teardown_taskflow.py
[2024-05-26T17:58:19.366+0000] {processor.py:840} INFO - DAG(s) 'example_setup_teardown_taskflow' retrieved from /home/airflow/.local/lib/python3.12/site-packages/airflow/example_dags/example_setup_teardown_taskflow.py
[2024-05-26T17:58:19.498+0000] {logging_mixin.py:188} INFO - [2024-05-26T17:58:19.497+0000] {dag.py:3096} INFO - Sync 1 DAGs
[2024-05-26T17:58:19.522+0000] {logging_mixin.py:188} INFO - [2024-05-26T17:58:19.522+0000] {dag.py:3954} INFO - Setting next_dagrun for example_setup_teardown_taskflow to 2024-05-25 00:00:00+00:00, run_after=2024-05-26 00:00:00+00:00
[2024-05-26T17:58:19.547+0000] {processor.py:183} INFO - Processing /home/airflow/.local/lib/python3.12/site-packages/airflow/example_dags/example_setup_teardown_taskflow.py took 0.202 seconds
[2024-05-26T17:58:49.679+0000] {processor.py:161} INFO - Started process (PID=177) to work on /home/airflow/.local/lib/python3.12/site-packages/airflow/example_dags/example_setup_teardown_taskflow.py
[2024-05-26T17:58:49.680+0000] {processor.py:830} INFO - Processing file /home/airflow/.local/lib/python3.12/site-packages/airflow/example_dags/example_setup_teardown_taskflow.py for tasks to queue
[2024-05-26T17:58:49.682+0000] {logging_mixin.py:188} INFO - [2024-05-26T17:58:49.682+0000] {dagbag.py:545} INFO - Filling up the DagBag from /home/airflow/.local/lib/python3.12/site-packages/airflow/example_dags/example_setup_teardown_taskflow.py
[2024-05-26T17:58:49.692+0000] {processor.py:840} INFO - DAG(s) 'example_setup_teardown_taskflow' retrieved from /home/airflow/.local/lib/python3.12/site-packages/airflow/example_dags/example_setup_teardown_taskflow.py
[2024-05-26T17:58:49.724+0000] {logging_mixin.py:188} INFO - [2024-05-26T17:58:49.724+0000] {dag.py:3096} INFO - Sync 1 DAGs
[2024-05-26T17:58:49.763+0000] {logging_mixin.py:188} INFO - [2024-05-26T17:58:49.763+0000] {dag.py:3954} INFO - Setting next_dagrun for example_setup_teardown_taskflow to 2024-05-25 00:00:00+00:00, run_after=2024-05-26 00:00:00+00:00
[2024-05-26T17:58:49.805+0000] {processor.py:183} INFO - Processing /home/airflow/.local/lib/python3.12/site-packages/airflow/example_dags/example_setup_teardown_taskflow.py took 0.138 seconds
