[2024-05-26T15:21:35.802+0000] {processor.py:161} INFO - Started process (PID=66) to work on /home/airflow/.local/lib/python3.12/site-packages/airflow/example_dags/example_branch_labels.py
[2024-05-26T15:21:35.803+0000] {processor.py:830} INFO - Processing file /home/airflow/.local/lib/python3.12/site-packages/airflow/example_dags/example_branch_labels.py for tasks to queue
[2024-05-26T15:21:35.806+0000] {logging_mixin.py:188} INFO - [2024-05-26T15:21:35.806+0000] {dagbag.py:545} INFO - Filling up the DagBag from /home/airflow/.local/lib/python3.12/site-packages/airflow/example_dags/example_branch_labels.py
[2024-05-26T15:21:35.819+0000] {processor.py:840} INFO - DAG(s) 'example_branch_labels' retrieved from /home/airflow/.local/lib/python3.12/site-packages/airflow/example_dags/example_branch_labels.py
[2024-05-26T15:21:35.847+0000] {logging_mixin.py:188} INFO - [2024-05-26T15:21:35.847+0000] {dag.py:3096} INFO - Sync 1 DAGs
[2024-05-26T15:21:35.875+0000] {logging_mixin.py:188} INFO - [2024-05-26T15:21:35.874+0000] {dag.py:3954} INFO - Setting next_dagrun for example_branch_labels to 2024-05-25 00:00:00+00:00, run_after=2024-05-26 00:00:00+00:00
[2024-05-26T15:21:35.896+0000] {processor.py:183} INFO - Processing /home/airflow/.local/lib/python3.12/site-packages/airflow/example_dags/example_branch_labels.py took 0.103 seconds
[2024-05-26T15:22:06.276+0000] {processor.py:161} INFO - Started process (PID=124) to work on /home/airflow/.local/lib/python3.12/site-packages/airflow/example_dags/example_branch_labels.py
[2024-05-26T15:22:06.278+0000] {processor.py:830} INFO - Processing file /home/airflow/.local/lib/python3.12/site-packages/airflow/example_dags/example_branch_labels.py for tasks to queue
[2024-05-26T15:22:06.284+0000] {logging_mixin.py:188} INFO - [2024-05-26T15:22:06.283+0000] {dagbag.py:545} INFO - Filling up the DagBag from /home/airflow/.local/lib/python3.12/site-packages/airflow/example_dags/example_branch_labels.py
[2024-05-26T15:22:06.296+0000] {processor.py:840} INFO - DAG(s) 'example_branch_labels' retrieved from /home/airflow/.local/lib/python3.12/site-packages/airflow/example_dags/example_branch_labels.py
[2024-05-26T15:22:06.322+0000] {logging_mixin.py:188} INFO - [2024-05-26T15:22:06.322+0000] {dag.py:3096} INFO - Sync 1 DAGs
[2024-05-26T15:22:06.350+0000] {logging_mixin.py:188} INFO - [2024-05-26T15:22:06.350+0000] {dag.py:3954} INFO - Setting next_dagrun for example_branch_labels to 2024-05-25 00:00:00+00:00, run_after=2024-05-26 00:00:00+00:00
[2024-05-26T15:22:06.372+0000] {processor.py:183} INFO - Processing /home/airflow/.local/lib/python3.12/site-packages/airflow/example_dags/example_branch_labels.py took 0.110 seconds
[2024-05-26T15:22:36.786+0000] {processor.py:161} INFO - Started process (PID=182) to work on /home/airflow/.local/lib/python3.12/site-packages/airflow/example_dags/example_branch_labels.py
[2024-05-26T15:22:36.788+0000] {processor.py:830} INFO - Processing file /home/airflow/.local/lib/python3.12/site-packages/airflow/example_dags/example_branch_labels.py for tasks to queue
[2024-05-26T15:22:36.790+0000] {logging_mixin.py:188} INFO - [2024-05-26T15:22:36.789+0000] {dagbag.py:545} INFO - Filling up the DagBag from /home/airflow/.local/lib/python3.12/site-packages/airflow/example_dags/example_branch_labels.py
[2024-05-26T15:22:36.799+0000] {processor.py:840} INFO - DAG(s) 'example_branch_labels' retrieved from /home/airflow/.local/lib/python3.12/site-packages/airflow/example_dags/example_branch_labels.py
[2024-05-26T15:22:36.823+0000] {logging_mixin.py:188} INFO - [2024-05-26T15:22:36.822+0000] {dag.py:3096} INFO - Sync 1 DAGs
[2024-05-26T15:22:36.852+0000] {logging_mixin.py:188} INFO - [2024-05-26T15:22:36.852+0000] {dag.py:3954} INFO - Setting next_dagrun for example_branch_labels to 2024-05-25 00:00:00+00:00, run_after=2024-05-26 00:00:00+00:00
[2024-05-26T15:22:36.871+0000] {processor.py:183} INFO - Processing /home/airflow/.local/lib/python3.12/site-packages/airflow/example_dags/example_branch_labels.py took 0.091 seconds
[2024-05-26T15:23:07.023+0000] {processor.py:161} INFO - Started process (PID=239) to work on /home/airflow/.local/lib/python3.12/site-packages/airflow/example_dags/example_branch_labels.py
[2024-05-26T15:23:07.024+0000] {processor.py:830} INFO - Processing file /home/airflow/.local/lib/python3.12/site-packages/airflow/example_dags/example_branch_labels.py for tasks to queue
[2024-05-26T15:23:07.026+0000] {logging_mixin.py:188} INFO - [2024-05-26T15:23:07.026+0000] {dagbag.py:545} INFO - Filling up the DagBag from /home/airflow/.local/lib/python3.12/site-packages/airflow/example_dags/example_branch_labels.py
[2024-05-26T15:23:07.035+0000] {processor.py:840} INFO - DAG(s) 'example_branch_labels' retrieved from /home/airflow/.local/lib/python3.12/site-packages/airflow/example_dags/example_branch_labels.py
[2024-05-26T15:23:07.060+0000] {logging_mixin.py:188} INFO - [2024-05-26T15:23:07.060+0000] {dag.py:3096} INFO - Sync 1 DAGs
[2024-05-26T15:23:07.092+0000] {logging_mixin.py:188} INFO - [2024-05-26T15:23:07.091+0000] {dag.py:3954} INFO - Setting next_dagrun for example_branch_labels to 2024-05-25 00:00:00+00:00, run_after=2024-05-26 00:00:00+00:00
[2024-05-26T15:23:07.113+0000] {processor.py:183} INFO - Processing /home/airflow/.local/lib/python3.12/site-packages/airflow/example_dags/example_branch_labels.py took 0.096 seconds
[2024-05-26T15:23:38.129+0000] {processor.py:161} INFO - Started process (PID=298) to work on /home/airflow/.local/lib/python3.12/site-packages/airflow/example_dags/example_branch_labels.py
[2024-05-26T15:23:38.133+0000] {processor.py:830} INFO - Processing file /home/airflow/.local/lib/python3.12/site-packages/airflow/example_dags/example_branch_labels.py for tasks to queue
[2024-05-26T15:23:38.138+0000] {logging_mixin.py:188} INFO - [2024-05-26T15:23:38.137+0000] {dagbag.py:545} INFO - Filling up the DagBag from /home/airflow/.local/lib/python3.12/site-packages/airflow/example_dags/example_branch_labels.py
[2024-05-26T15:23:38.151+0000] {processor.py:840} INFO - DAG(s) 'example_branch_labels' retrieved from /home/airflow/.local/lib/python3.12/site-packages/airflow/example_dags/example_branch_labels.py
[2024-05-26T15:23:38.175+0000] {logging_mixin.py:188} INFO - [2024-05-26T15:23:38.175+0000] {dag.py:3096} INFO - Sync 1 DAGs
[2024-05-26T15:23:38.203+0000] {logging_mixin.py:188} INFO - [2024-05-26T15:23:38.203+0000] {dag.py:3954} INFO - Setting next_dagrun for example_branch_labels to 2024-05-25 00:00:00+00:00, run_after=2024-05-26 00:00:00+00:00
[2024-05-26T15:23:38.224+0000] {processor.py:183} INFO - Processing /home/airflow/.local/lib/python3.12/site-packages/airflow/example_dags/example_branch_labels.py took 0.110 seconds
[2024-05-26T15:24:09.008+0000] {processor.py:161} INFO - Started process (PID=356) to work on /home/airflow/.local/lib/python3.12/site-packages/airflow/example_dags/example_branch_labels.py
[2024-05-26T15:24:09.009+0000] {processor.py:830} INFO - Processing file /home/airflow/.local/lib/python3.12/site-packages/airflow/example_dags/example_branch_labels.py for tasks to queue
[2024-05-26T15:24:09.011+0000] {logging_mixin.py:188} INFO - [2024-05-26T15:24:09.011+0000] {dagbag.py:545} INFO - Filling up the DagBag from /home/airflow/.local/lib/python3.12/site-packages/airflow/example_dags/example_branch_labels.py
[2024-05-26T15:24:09.021+0000] {processor.py:840} INFO - DAG(s) 'example_branch_labels' retrieved from /home/airflow/.local/lib/python3.12/site-packages/airflow/example_dags/example_branch_labels.py
[2024-05-26T15:24:09.047+0000] {logging_mixin.py:188} INFO - [2024-05-26T15:24:09.047+0000] {dag.py:3096} INFO - Sync 1 DAGs
[2024-05-26T15:24:09.074+0000] {logging_mixin.py:188} INFO - [2024-05-26T15:24:09.074+0000] {dag.py:3954} INFO - Setting next_dagrun for example_branch_labels to 2024-05-25 00:00:00+00:00, run_after=2024-05-26 00:00:00+00:00
[2024-05-26T15:24:09.095+0000] {processor.py:183} INFO - Processing /home/airflow/.local/lib/python3.12/site-packages/airflow/example_dags/example_branch_labels.py took 0.101 seconds
[2024-05-26T15:24:39.452+0000] {processor.py:161} INFO - Started process (PID=414) to work on /home/airflow/.local/lib/python3.12/site-packages/airflow/example_dags/example_branch_labels.py
[2024-05-26T15:24:39.454+0000] {processor.py:830} INFO - Processing file /home/airflow/.local/lib/python3.12/site-packages/airflow/example_dags/example_branch_labels.py for tasks to queue
[2024-05-26T15:24:39.456+0000] {logging_mixin.py:188} INFO - [2024-05-26T15:24:39.455+0000] {dagbag.py:545} INFO - Filling up the DagBag from /home/airflow/.local/lib/python3.12/site-packages/airflow/example_dags/example_branch_labels.py
[2024-05-26T15:24:39.465+0000] {processor.py:840} INFO - DAG(s) 'example_branch_labels' retrieved from /home/airflow/.local/lib/python3.12/site-packages/airflow/example_dags/example_branch_labels.py
[2024-05-26T15:24:39.490+0000] {logging_mixin.py:188} INFO - [2024-05-26T15:24:39.490+0000] {dag.py:3096} INFO - Sync 1 DAGs
[2024-05-26T15:24:39.522+0000] {logging_mixin.py:188} INFO - [2024-05-26T15:24:39.522+0000] {dag.py:3954} INFO - Setting next_dagrun for example_branch_labels to 2024-05-25 00:00:00+00:00, run_after=2024-05-26 00:00:00+00:00
[2024-05-26T15:24:39.548+0000] {processor.py:183} INFO - Processing /home/airflow/.local/lib/python3.12/site-packages/airflow/example_dags/example_branch_labels.py took 0.106 seconds
[2024-05-26T15:25:09.742+0000] {processor.py:161} INFO - Started process (PID=472) to work on /home/airflow/.local/lib/python3.12/site-packages/airflow/example_dags/example_branch_labels.py
[2024-05-26T15:25:09.743+0000] {processor.py:830} INFO - Processing file /home/airflow/.local/lib/python3.12/site-packages/airflow/example_dags/example_branch_labels.py for tasks to queue
[2024-05-26T15:25:09.746+0000] {logging_mixin.py:188} INFO - [2024-05-26T15:25:09.745+0000] {dagbag.py:545} INFO - Filling up the DagBag from /home/airflow/.local/lib/python3.12/site-packages/airflow/example_dags/example_branch_labels.py
[2024-05-26T15:25:09.755+0000] {processor.py:840} INFO - DAG(s) 'example_branch_labels' retrieved from /home/airflow/.local/lib/python3.12/site-packages/airflow/example_dags/example_branch_labels.py
[2024-05-26T15:25:09.781+0000] {logging_mixin.py:188} INFO - [2024-05-26T15:25:09.781+0000] {dag.py:3096} INFO - Sync 1 DAGs
[2024-05-26T15:25:09.817+0000] {logging_mixin.py:188} INFO - [2024-05-26T15:25:09.817+0000] {dag.py:3954} INFO - Setting next_dagrun for example_branch_labels to 2024-05-25 00:00:00+00:00, run_after=2024-05-26 00:00:00+00:00
[2024-05-26T15:25:09.847+0000] {processor.py:183} INFO - Processing /home/airflow/.local/lib/python3.12/site-packages/airflow/example_dags/example_branch_labels.py took 0.112 seconds
[2024-05-26T15:25:40.151+0000] {processor.py:161} INFO - Started process (PID=530) to work on /home/airflow/.local/lib/python3.12/site-packages/airflow/example_dags/example_branch_labels.py
[2024-05-26T15:25:40.152+0000] {processor.py:830} INFO - Processing file /home/airflow/.local/lib/python3.12/site-packages/airflow/example_dags/example_branch_labels.py for tasks to queue
[2024-05-26T15:25:40.154+0000] {logging_mixin.py:188} INFO - [2024-05-26T15:25:40.154+0000] {dagbag.py:545} INFO - Filling up the DagBag from /home/airflow/.local/lib/python3.12/site-packages/airflow/example_dags/example_branch_labels.py
[2024-05-26T15:25:40.165+0000] {processor.py:840} INFO - DAG(s) 'example_branch_labels' retrieved from /home/airflow/.local/lib/python3.12/site-packages/airflow/example_dags/example_branch_labels.py
[2024-05-26T15:25:40.194+0000] {logging_mixin.py:188} INFO - [2024-05-26T15:25:40.194+0000] {dag.py:3096} INFO - Sync 1 DAGs
[2024-05-26T15:25:40.230+0000] {logging_mixin.py:188} INFO - [2024-05-26T15:25:40.229+0000] {dag.py:3954} INFO - Setting next_dagrun for example_branch_labels to 2024-05-25 00:00:00+00:00, run_after=2024-05-26 00:00:00+00:00
[2024-05-26T15:25:40.249+0000] {processor.py:183} INFO - Processing /home/airflow/.local/lib/python3.12/site-packages/airflow/example_dags/example_branch_labels.py took 0.105 seconds
[2024-05-26T15:26:10.790+0000] {processor.py:161} INFO - Started process (PID=588) to work on /home/airflow/.local/lib/python3.12/site-packages/airflow/example_dags/example_branch_labels.py
[2024-05-26T15:26:10.791+0000] {processor.py:830} INFO - Processing file /home/airflow/.local/lib/python3.12/site-packages/airflow/example_dags/example_branch_labels.py for tasks to queue
[2024-05-26T15:26:10.793+0000] {logging_mixin.py:188} INFO - [2024-05-26T15:26:10.793+0000] {dagbag.py:545} INFO - Filling up the DagBag from /home/airflow/.local/lib/python3.12/site-packages/airflow/example_dags/example_branch_labels.py
[2024-05-26T15:26:10.802+0000] {processor.py:840} INFO - DAG(s) 'example_branch_labels' retrieved from /home/airflow/.local/lib/python3.12/site-packages/airflow/example_dags/example_branch_labels.py
[2024-05-26T15:26:10.829+0000] {logging_mixin.py:188} INFO - [2024-05-26T15:26:10.829+0000] {dag.py:3096} INFO - Sync 1 DAGs
[2024-05-26T15:26:10.857+0000] {logging_mixin.py:188} INFO - [2024-05-26T15:26:10.857+0000] {dag.py:3954} INFO - Setting next_dagrun for example_branch_labels to 2024-05-25 00:00:00+00:00, run_after=2024-05-26 00:00:00+00:00
[2024-05-26T15:26:10.879+0000] {processor.py:183} INFO - Processing /home/airflow/.local/lib/python3.12/site-packages/airflow/example_dags/example_branch_labels.py took 0.097 seconds
[2024-05-26T15:26:40.971+0000] {processor.py:161} INFO - Started process (PID=646) to work on /home/airflow/.local/lib/python3.12/site-packages/airflow/example_dags/example_branch_labels.py
[2024-05-26T15:26:40.972+0000] {processor.py:830} INFO - Processing file /home/airflow/.local/lib/python3.12/site-packages/airflow/example_dags/example_branch_labels.py for tasks to queue
[2024-05-26T15:26:40.977+0000] {logging_mixin.py:188} INFO - [2024-05-26T15:26:40.976+0000] {dagbag.py:545} INFO - Filling up the DagBag from /home/airflow/.local/lib/python3.12/site-packages/airflow/example_dags/example_branch_labels.py
[2024-05-26T15:26:40.985+0000] {processor.py:840} INFO - DAG(s) 'example_branch_labels' retrieved from /home/airflow/.local/lib/python3.12/site-packages/airflow/example_dags/example_branch_labels.py
[2024-05-26T15:26:41.011+0000] {logging_mixin.py:188} INFO - [2024-05-26T15:26:41.011+0000] {dag.py:3096} INFO - Sync 1 DAGs
[2024-05-26T15:26:41.041+0000] {logging_mixin.py:188} INFO - [2024-05-26T15:26:41.041+0000] {dag.py:3954} INFO - Setting next_dagrun for example_branch_labels to 2024-05-25 00:00:00+00:00, run_after=2024-05-26 00:00:00+00:00
[2024-05-26T15:26:41.059+0000] {processor.py:183} INFO - Processing /home/airflow/.local/lib/python3.12/site-packages/airflow/example_dags/example_branch_labels.py took 0.094 seconds
[2024-05-26T15:27:11.406+0000] {processor.py:161} INFO - Started process (PID=704) to work on /home/airflow/.local/lib/python3.12/site-packages/airflow/example_dags/example_branch_labels.py
[2024-05-26T15:27:11.407+0000] {processor.py:830} INFO - Processing file /home/airflow/.local/lib/python3.12/site-packages/airflow/example_dags/example_branch_labels.py for tasks to queue
[2024-05-26T15:27:11.409+0000] {logging_mixin.py:188} INFO - [2024-05-26T15:27:11.409+0000] {dagbag.py:545} INFO - Filling up the DagBag from /home/airflow/.local/lib/python3.12/site-packages/airflow/example_dags/example_branch_labels.py
[2024-05-26T15:27:11.420+0000] {processor.py:840} INFO - DAG(s) 'example_branch_labels' retrieved from /home/airflow/.local/lib/python3.12/site-packages/airflow/example_dags/example_branch_labels.py
[2024-05-26T15:27:11.450+0000] {logging_mixin.py:188} INFO - [2024-05-26T15:27:11.450+0000] {dag.py:3096} INFO - Sync 1 DAGs
[2024-05-26T15:27:11.478+0000] {logging_mixin.py:188} INFO - [2024-05-26T15:27:11.478+0000] {dag.py:3954} INFO - Setting next_dagrun for example_branch_labels to 2024-05-25 00:00:00+00:00, run_after=2024-05-26 00:00:00+00:00
[2024-05-26T15:27:11.499+0000] {processor.py:183} INFO - Processing /home/airflow/.local/lib/python3.12/site-packages/airflow/example_dags/example_branch_labels.py took 0.102 seconds
[2024-05-26T17:43:40.104+0000] {processor.py:161} INFO - Started process (PID=67) to work on /home/airflow/.local/lib/python3.12/site-packages/airflow/example_dags/example_branch_labels.py
[2024-05-26T17:43:40.106+0000] {processor.py:830} INFO - Processing file /home/airflow/.local/lib/python3.12/site-packages/airflow/example_dags/example_branch_labels.py for tasks to queue
[2024-05-26T17:43:40.108+0000] {logging_mixin.py:188} INFO - [2024-05-26T17:43:40.108+0000] {dagbag.py:545} INFO - Filling up the DagBag from /home/airflow/.local/lib/python3.12/site-packages/airflow/example_dags/example_branch_labels.py
[2024-05-26T17:43:40.120+0000] {processor.py:840} INFO - DAG(s) 'example_branch_labels' retrieved from /home/airflow/.local/lib/python3.12/site-packages/airflow/example_dags/example_branch_labels.py
[2024-05-26T17:43:40.257+0000] {logging_mixin.py:188} INFO - [2024-05-26T17:43:40.257+0000] {dag.py:3096} INFO - Sync 1 DAGs
[2024-05-26T17:43:40.285+0000] {logging_mixin.py:188} INFO - [2024-05-26T17:43:40.284+0000] {dag.py:3954} INFO - Setting next_dagrun for example_branch_labels to 2024-05-25 00:00:00+00:00, run_after=2024-05-26 00:00:00+00:00
[2024-05-26T17:43:40.313+0000] {processor.py:183} INFO - Processing /home/airflow/.local/lib/python3.12/site-packages/airflow/example_dags/example_branch_labels.py took 0.218 seconds
[2024-05-26T17:44:10.763+0000] {processor.py:161} INFO - Started process (PID=125) to work on /home/airflow/.local/lib/python3.12/site-packages/airflow/example_dags/example_branch_labels.py
[2024-05-26T17:44:10.764+0000] {processor.py:830} INFO - Processing file /home/airflow/.local/lib/python3.12/site-packages/airflow/example_dags/example_branch_labels.py for tasks to queue
[2024-05-26T17:44:10.767+0000] {logging_mixin.py:188} INFO - [2024-05-26T17:44:10.766+0000] {dagbag.py:545} INFO - Filling up the DagBag from /home/airflow/.local/lib/python3.12/site-packages/airflow/example_dags/example_branch_labels.py
[2024-05-26T17:44:10.778+0000] {processor.py:840} INFO - DAG(s) 'example_branch_labels' retrieved from /home/airflow/.local/lib/python3.12/site-packages/airflow/example_dags/example_branch_labels.py
[2024-05-26T17:44:10.808+0000] {logging_mixin.py:188} INFO - [2024-05-26T17:44:10.807+0000] {dag.py:3096} INFO - Sync 1 DAGs
[2024-05-26T17:44:10.839+0000] {logging_mixin.py:188} INFO - [2024-05-26T17:44:10.839+0000] {dag.py:3954} INFO - Setting next_dagrun for example_branch_labels to 2024-05-25 00:00:00+00:00, run_after=2024-05-26 00:00:00+00:00
[2024-05-26T17:44:10.861+0000] {processor.py:183} INFO - Processing /home/airflow/.local/lib/python3.12/site-packages/airflow/example_dags/example_branch_labels.py took 0.106 seconds
[2024-05-26T17:44:41.319+0000] {processor.py:161} INFO - Started process (PID=183) to work on /home/airflow/.local/lib/python3.12/site-packages/airflow/example_dags/example_branch_labels.py
[2024-05-26T17:44:41.321+0000] {processor.py:830} INFO - Processing file /home/airflow/.local/lib/python3.12/site-packages/airflow/example_dags/example_branch_labels.py for tasks to queue
[2024-05-26T17:44:41.323+0000] {logging_mixin.py:188} INFO - [2024-05-26T17:44:41.323+0000] {dagbag.py:545} INFO - Filling up the DagBag from /home/airflow/.local/lib/python3.12/site-packages/airflow/example_dags/example_branch_labels.py
[2024-05-26T17:44:41.333+0000] {processor.py:840} INFO - DAG(s) 'example_branch_labels' retrieved from /home/airflow/.local/lib/python3.12/site-packages/airflow/example_dags/example_branch_labels.py
[2024-05-26T17:44:41.356+0000] {logging_mixin.py:188} INFO - [2024-05-26T17:44:41.356+0000] {dag.py:3096} INFO - Sync 1 DAGs
[2024-05-26T17:44:41.385+0000] {logging_mixin.py:188} INFO - [2024-05-26T17:44:41.385+0000] {dag.py:3954} INFO - Setting next_dagrun for example_branch_labels to 2024-05-25 00:00:00+00:00, run_after=2024-05-26 00:00:00+00:00
[2024-05-26T17:44:41.407+0000] {processor.py:183} INFO - Processing /home/airflow/.local/lib/python3.12/site-packages/airflow/example_dags/example_branch_labels.py took 0.095 seconds
[2024-05-26T17:45:11.682+0000] {processor.py:161} INFO - Started process (PID=240) to work on /home/airflow/.local/lib/python3.12/site-packages/airflow/example_dags/example_branch_labels.py
[2024-05-26T17:45:11.683+0000] {processor.py:830} INFO - Processing file /home/airflow/.local/lib/python3.12/site-packages/airflow/example_dags/example_branch_labels.py for tasks to queue
[2024-05-26T17:45:11.686+0000] {logging_mixin.py:188} INFO - [2024-05-26T17:45:11.685+0000] {dagbag.py:545} INFO - Filling up the DagBag from /home/airflow/.local/lib/python3.12/site-packages/airflow/example_dags/example_branch_labels.py
[2024-05-26T17:45:11.694+0000] {processor.py:840} INFO - DAG(s) 'example_branch_labels' retrieved from /home/airflow/.local/lib/python3.12/site-packages/airflow/example_dags/example_branch_labels.py
[2024-05-26T17:45:11.720+0000] {logging_mixin.py:188} INFO - [2024-05-26T17:45:11.719+0000] {dag.py:3096} INFO - Sync 1 DAGs
[2024-05-26T17:45:11.747+0000] {logging_mixin.py:188} INFO - [2024-05-26T17:45:11.747+0000] {dag.py:3954} INFO - Setting next_dagrun for example_branch_labels to 2024-05-25 00:00:00+00:00, run_after=2024-05-26 00:00:00+00:00
[2024-05-26T17:45:11.768+0000] {processor.py:183} INFO - Processing /home/airflow/.local/lib/python3.12/site-packages/airflow/example_dags/example_branch_labels.py took 0.092 seconds
[2024-05-26T17:45:43.733+0000] {processor.py:161} INFO - Started process (PID=298) to work on /home/airflow/.local/lib/python3.12/site-packages/airflow/example_dags/example_branch_labels.py
[2024-05-26T17:45:43.734+0000] {processor.py:830} INFO - Processing file /home/airflow/.local/lib/python3.12/site-packages/airflow/example_dags/example_branch_labels.py for tasks to queue
[2024-05-26T17:45:43.737+0000] {logging_mixin.py:188} INFO - [2024-05-26T17:45:43.736+0000] {dagbag.py:545} INFO - Filling up the DagBag from /home/airflow/.local/lib/python3.12/site-packages/airflow/example_dags/example_branch_labels.py
[2024-05-26T17:45:43.746+0000] {processor.py:840} INFO - DAG(s) 'example_branch_labels' retrieved from /home/airflow/.local/lib/python3.12/site-packages/airflow/example_dags/example_branch_labels.py
[2024-05-26T17:45:43.771+0000] {logging_mixin.py:188} INFO - [2024-05-26T17:45:43.771+0000] {dag.py:3096} INFO - Sync 1 DAGs
[2024-05-26T17:45:43.891+0000] {logging_mixin.py:188} INFO - [2024-05-26T17:45:43.890+0000] {dag.py:3954} INFO - Setting next_dagrun for example_branch_labels to 2024-05-25 00:00:00+00:00, run_after=2024-05-26 00:00:00+00:00
[2024-05-26T17:45:44.059+0000] {processor.py:183} INFO - Processing /home/airflow/.local/lib/python3.12/site-packages/airflow/example_dags/example_branch_labels.py took 0.337 seconds
[2024-05-26T17:46:14.666+0000] {processor.py:161} INFO - Started process (PID=355) to work on /home/airflow/.local/lib/python3.12/site-packages/airflow/example_dags/example_branch_labels.py
[2024-05-26T17:46:14.669+0000] {processor.py:830} INFO - Processing file /home/airflow/.local/lib/python3.12/site-packages/airflow/example_dags/example_branch_labels.py for tasks to queue
[2024-05-26T17:46:14.673+0000] {logging_mixin.py:188} INFO - [2024-05-26T17:46:14.673+0000] {dagbag.py:545} INFO - Filling up the DagBag from /home/airflow/.local/lib/python3.12/site-packages/airflow/example_dags/example_branch_labels.py
[2024-05-26T17:46:14.691+0000] {processor.py:840} INFO - DAG(s) 'example_branch_labels' retrieved from /home/airflow/.local/lib/python3.12/site-packages/airflow/example_dags/example_branch_labels.py
[2024-05-26T17:46:14.716+0000] {logging_mixin.py:188} INFO - [2024-05-26T17:46:14.716+0000] {dag.py:3096} INFO - Sync 1 DAGs
[2024-05-26T17:46:14.742+0000] {logging_mixin.py:188} INFO - [2024-05-26T17:46:14.742+0000] {dag.py:3954} INFO - Setting next_dagrun for example_branch_labels to 2024-05-25 00:00:00+00:00, run_after=2024-05-26 00:00:00+00:00
[2024-05-26T17:46:14.763+0000] {processor.py:183} INFO - Processing /home/airflow/.local/lib/python3.12/site-packages/airflow/example_dags/example_branch_labels.py took 0.111 seconds
[2024-05-26T17:46:45.125+0000] {processor.py:161} INFO - Started process (PID=419) to work on /home/airflow/.local/lib/python3.12/site-packages/airflow/example_dags/example_branch_labels.py
[2024-05-26T17:46:45.126+0000] {processor.py:830} INFO - Processing file /home/airflow/.local/lib/python3.12/site-packages/airflow/example_dags/example_branch_labels.py for tasks to queue
[2024-05-26T17:46:45.129+0000] {logging_mixin.py:188} INFO - [2024-05-26T17:46:45.128+0000] {dagbag.py:545} INFO - Filling up the DagBag from /home/airflow/.local/lib/python3.12/site-packages/airflow/example_dags/example_branch_labels.py
[2024-05-26T17:46:45.137+0000] {processor.py:840} INFO - DAG(s) 'example_branch_labels' retrieved from /home/airflow/.local/lib/python3.12/site-packages/airflow/example_dags/example_branch_labels.py
[2024-05-26T17:46:45.166+0000] {logging_mixin.py:188} INFO - [2024-05-26T17:46:45.166+0000] {dag.py:3096} INFO - Sync 1 DAGs
[2024-05-26T17:46:45.206+0000] {logging_mixin.py:188} INFO - [2024-05-26T17:46:45.205+0000] {dag.py:3954} INFO - Setting next_dagrun for example_branch_labels to 2024-05-25 00:00:00+00:00, run_after=2024-05-26 00:00:00+00:00
[2024-05-26T17:46:45.229+0000] {processor.py:183} INFO - Processing /home/airflow/.local/lib/python3.12/site-packages/airflow/example_dags/example_branch_labels.py took 0.112 seconds
[2024-05-26T17:47:15.620+0000] {processor.py:161} INFO - Started process (PID=477) to work on /home/airflow/.local/lib/python3.12/site-packages/airflow/example_dags/example_branch_labels.py
[2024-05-26T17:47:15.621+0000] {processor.py:830} INFO - Processing file /home/airflow/.local/lib/python3.12/site-packages/airflow/example_dags/example_branch_labels.py for tasks to queue
[2024-05-26T17:47:15.623+0000] {logging_mixin.py:188} INFO - [2024-05-26T17:47:15.623+0000] {dagbag.py:545} INFO - Filling up the DagBag from /home/airflow/.local/lib/python3.12/site-packages/airflow/example_dags/example_branch_labels.py
[2024-05-26T17:47:15.634+0000] {processor.py:840} INFO - DAG(s) 'example_branch_labels' retrieved from /home/airflow/.local/lib/python3.12/site-packages/airflow/example_dags/example_branch_labels.py
[2024-05-26T17:47:15.660+0000] {logging_mixin.py:188} INFO - [2024-05-26T17:47:15.660+0000] {dag.py:3096} INFO - Sync 1 DAGs
[2024-05-26T17:47:15.704+0000] {logging_mixin.py:188} INFO - [2024-05-26T17:47:15.703+0000] {dag.py:3954} INFO - Setting next_dagrun for example_branch_labels to 2024-05-25 00:00:00+00:00, run_after=2024-05-26 00:00:00+00:00
[2024-05-26T17:47:15.736+0000] {processor.py:183} INFO - Processing /home/airflow/.local/lib/python3.12/site-packages/airflow/example_dags/example_branch_labels.py took 0.124 seconds
[2024-05-26T17:47:46.114+0000] {processor.py:161} INFO - Started process (PID=535) to work on /home/airflow/.local/lib/python3.12/site-packages/airflow/example_dags/example_branch_labels.py
[2024-05-26T17:47:46.115+0000] {processor.py:830} INFO - Processing file /home/airflow/.local/lib/python3.12/site-packages/airflow/example_dags/example_branch_labels.py for tasks to queue
[2024-05-26T17:47:46.117+0000] {logging_mixin.py:188} INFO - [2024-05-26T17:47:46.117+0000] {dagbag.py:545} INFO - Filling up the DagBag from /home/airflow/.local/lib/python3.12/site-packages/airflow/example_dags/example_branch_labels.py
[2024-05-26T17:47:46.127+0000] {processor.py:840} INFO - DAG(s) 'example_branch_labels' retrieved from /home/airflow/.local/lib/python3.12/site-packages/airflow/example_dags/example_branch_labels.py
[2024-05-26T17:47:46.151+0000] {logging_mixin.py:188} INFO - [2024-05-26T17:47:46.151+0000] {dag.py:3096} INFO - Sync 1 DAGs
[2024-05-26T17:47:46.180+0000] {logging_mixin.py:188} INFO - [2024-05-26T17:47:46.180+0000] {dag.py:3954} INFO - Setting next_dagrun for example_branch_labels to 2024-05-25 00:00:00+00:00, run_after=2024-05-26 00:00:00+00:00
[2024-05-26T17:47:46.204+0000] {processor.py:183} INFO - Processing /home/airflow/.local/lib/python3.12/site-packages/airflow/example_dags/example_branch_labels.py took 0.098 seconds
[2024-05-26T17:49:10.744+0000] {processor.py:161} INFO - Started process (PID=67) to work on /home/airflow/.local/lib/python3.12/site-packages/airflow/example_dags/example_branch_labels.py
[2024-05-26T17:49:10.745+0000] {processor.py:830} INFO - Processing file /home/airflow/.local/lib/python3.12/site-packages/airflow/example_dags/example_branch_labels.py for tasks to queue
[2024-05-26T17:49:10.747+0000] {logging_mixin.py:188} INFO - [2024-05-26T17:49:10.747+0000] {dagbag.py:545} INFO - Filling up the DagBag from /home/airflow/.local/lib/python3.12/site-packages/airflow/example_dags/example_branch_labels.py
[2024-05-26T17:49:10.758+0000] {processor.py:840} INFO - DAG(s) 'example_branch_labels' retrieved from /home/airflow/.local/lib/python3.12/site-packages/airflow/example_dags/example_branch_labels.py
[2024-05-26T17:49:10.889+0000] {logging_mixin.py:188} INFO - [2024-05-26T17:49:10.889+0000] {dag.py:3096} INFO - Sync 1 DAGs
[2024-05-26T17:49:10.912+0000] {logging_mixin.py:188} INFO - [2024-05-26T17:49:10.912+0000] {dag.py:3954} INFO - Setting next_dagrun for example_branch_labels to 2024-05-25 00:00:00+00:00, run_after=2024-05-26 00:00:00+00:00
[2024-05-26T17:49:10.934+0000] {processor.py:183} INFO - Processing /home/airflow/.local/lib/python3.12/site-packages/airflow/example_dags/example_branch_labels.py took 0.197 seconds
[2024-05-26T17:49:41.424+0000] {processor.py:161} INFO - Started process (PID=125) to work on /home/airflow/.local/lib/python3.12/site-packages/airflow/example_dags/example_branch_labels.py
[2024-05-26T17:49:41.425+0000] {processor.py:830} INFO - Processing file /home/airflow/.local/lib/python3.12/site-packages/airflow/example_dags/example_branch_labels.py for tasks to queue
[2024-05-26T17:49:41.427+0000] {logging_mixin.py:188} INFO - [2024-05-26T17:49:41.426+0000] {dagbag.py:545} INFO - Filling up the DagBag from /home/airflow/.local/lib/python3.12/site-packages/airflow/example_dags/example_branch_labels.py
[2024-05-26T17:49:41.436+0000] {processor.py:840} INFO - DAG(s) 'example_branch_labels' retrieved from /home/airflow/.local/lib/python3.12/site-packages/airflow/example_dags/example_branch_labels.py
[2024-05-26T17:49:41.470+0000] {logging_mixin.py:188} INFO - [2024-05-26T17:49:41.469+0000] {dag.py:3096} INFO - Sync 1 DAGs
[2024-05-26T17:49:41.497+0000] {logging_mixin.py:188} INFO - [2024-05-26T17:49:41.497+0000] {dag.py:3954} INFO - Setting next_dagrun for example_branch_labels to 2024-05-25 00:00:00+00:00, run_after=2024-05-26 00:00:00+00:00
[2024-05-26T17:49:41.519+0000] {processor.py:183} INFO - Processing /home/airflow/.local/lib/python3.12/site-packages/airflow/example_dags/example_branch_labels.py took 0.102 seconds
[2024-05-26T17:50:11.663+0000] {processor.py:161} INFO - Started process (PID=182) to work on /home/airflow/.local/lib/python3.12/site-packages/airflow/example_dags/example_branch_labels.py
[2024-05-26T17:50:11.664+0000] {processor.py:830} INFO - Processing file /home/airflow/.local/lib/python3.12/site-packages/airflow/example_dags/example_branch_labels.py for tasks to queue
[2024-05-26T17:50:11.666+0000] {logging_mixin.py:188} INFO - [2024-05-26T17:50:11.665+0000] {dagbag.py:545} INFO - Filling up the DagBag from /home/airflow/.local/lib/python3.12/site-packages/airflow/example_dags/example_branch_labels.py
[2024-05-26T17:50:11.675+0000] {processor.py:840} INFO - DAG(s) 'example_branch_labels' retrieved from /home/airflow/.local/lib/python3.12/site-packages/airflow/example_dags/example_branch_labels.py
[2024-05-26T17:50:11.704+0000] {logging_mixin.py:188} INFO - [2024-05-26T17:50:11.703+0000] {dag.py:3096} INFO - Sync 1 DAGs
[2024-05-26T17:50:11.732+0000] {logging_mixin.py:188} INFO - [2024-05-26T17:50:11.732+0000] {dag.py:3954} INFO - Setting next_dagrun for example_branch_labels to 2024-05-25 00:00:00+00:00, run_after=2024-05-26 00:00:00+00:00
[2024-05-26T17:50:11.752+0000] {processor.py:183} INFO - Processing /home/airflow/.local/lib/python3.12/site-packages/airflow/example_dags/example_branch_labels.py took 0.096 seconds
[2024-05-26T17:50:42.070+0000] {processor.py:161} INFO - Started process (PID=239) to work on /home/airflow/.local/lib/python3.12/site-packages/airflow/example_dags/example_branch_labels.py
[2024-05-26T17:50:42.071+0000] {processor.py:830} INFO - Processing file /home/airflow/.local/lib/python3.12/site-packages/airflow/example_dags/example_branch_labels.py for tasks to queue
[2024-05-26T17:50:42.073+0000] {logging_mixin.py:188} INFO - [2024-05-26T17:50:42.072+0000] {dagbag.py:545} INFO - Filling up the DagBag from /home/airflow/.local/lib/python3.12/site-packages/airflow/example_dags/example_branch_labels.py
[2024-05-26T17:50:42.082+0000] {processor.py:840} INFO - DAG(s) 'example_branch_labels' retrieved from /home/airflow/.local/lib/python3.12/site-packages/airflow/example_dags/example_branch_labels.py
[2024-05-26T17:50:42.106+0000] {logging_mixin.py:188} INFO - [2024-05-26T17:50:42.105+0000] {dag.py:3096} INFO - Sync 1 DAGs
[2024-05-26T17:50:42.137+0000] {logging_mixin.py:188} INFO - [2024-05-26T17:50:42.137+0000] {dag.py:3954} INFO - Setting next_dagrun for example_branch_labels to 2024-05-25 00:00:00+00:00, run_after=2024-05-26 00:00:00+00:00
[2024-05-26T17:50:42.160+0000] {processor.py:183} INFO - Processing /home/airflow/.local/lib/python3.12/site-packages/airflow/example_dags/example_branch_labels.py took 0.097 seconds
[2024-05-26T17:51:12.365+0000] {processor.py:161} INFO - Started process (PID=296) to work on /home/airflow/.local/lib/python3.12/site-packages/airflow/example_dags/example_branch_labels.py
[2024-05-26T17:51:12.366+0000] {processor.py:830} INFO - Processing file /home/airflow/.local/lib/python3.12/site-packages/airflow/example_dags/example_branch_labels.py for tasks to queue
[2024-05-26T17:51:12.369+0000] {logging_mixin.py:188} INFO - [2024-05-26T17:51:12.368+0000] {dagbag.py:545} INFO - Filling up the DagBag from /home/airflow/.local/lib/python3.12/site-packages/airflow/example_dags/example_branch_labels.py
[2024-05-26T17:51:12.379+0000] {processor.py:840} INFO - DAG(s) 'example_branch_labels' retrieved from /home/airflow/.local/lib/python3.12/site-packages/airflow/example_dags/example_branch_labels.py
[2024-05-26T17:51:12.410+0000] {logging_mixin.py:188} INFO - [2024-05-26T17:51:12.410+0000] {dag.py:3096} INFO - Sync 1 DAGs
[2024-05-26T17:51:12.449+0000] {logging_mixin.py:188} INFO - [2024-05-26T17:51:12.448+0000] {dag.py:3954} INFO - Setting next_dagrun for example_branch_labels to 2024-05-25 00:00:00+00:00, run_after=2024-05-26 00:00:00+00:00
[2024-05-26T17:51:12.476+0000] {processor.py:183} INFO - Processing /home/airflow/.local/lib/python3.12/site-packages/airflow/example_dags/example_branch_labels.py took 0.119 seconds
[2024-05-26T17:51:42.617+0000] {processor.py:161} INFO - Started process (PID=354) to work on /home/airflow/.local/lib/python3.12/site-packages/airflow/example_dags/example_branch_labels.py
[2024-05-26T17:51:42.619+0000] {processor.py:830} INFO - Processing file /home/airflow/.local/lib/python3.12/site-packages/airflow/example_dags/example_branch_labels.py for tasks to queue
[2024-05-26T17:51:42.621+0000] {logging_mixin.py:188} INFO - [2024-05-26T17:51:42.621+0000] {dagbag.py:545} INFO - Filling up the DagBag from /home/airflow/.local/lib/python3.12/site-packages/airflow/example_dags/example_branch_labels.py
[2024-05-26T17:51:42.633+0000] {processor.py:840} INFO - DAG(s) 'example_branch_labels' retrieved from /home/airflow/.local/lib/python3.12/site-packages/airflow/example_dags/example_branch_labels.py
[2024-05-26T17:51:42.658+0000] {logging_mixin.py:188} INFO - [2024-05-26T17:51:42.657+0000] {dag.py:3096} INFO - Sync 1 DAGs
[2024-05-26T17:51:42.687+0000] {logging_mixin.py:188} INFO - [2024-05-26T17:51:42.687+0000] {dag.py:3954} INFO - Setting next_dagrun for example_branch_labels to 2024-05-25 00:00:00+00:00, run_after=2024-05-26 00:00:00+00:00
[2024-05-26T17:51:42.713+0000] {processor.py:183} INFO - Processing /home/airflow/.local/lib/python3.12/site-packages/airflow/example_dags/example_branch_labels.py took 0.104 seconds
[2024-05-26T17:52:13.126+0000] {processor.py:161} INFO - Started process (PID=412) to work on /home/airflow/.local/lib/python3.12/site-packages/airflow/example_dags/example_branch_labels.py
[2024-05-26T17:52:13.127+0000] {processor.py:830} INFO - Processing file /home/airflow/.local/lib/python3.12/site-packages/airflow/example_dags/example_branch_labels.py for tasks to queue
[2024-05-26T17:52:13.130+0000] {logging_mixin.py:188} INFO - [2024-05-26T17:52:13.130+0000] {dagbag.py:545} INFO - Filling up the DagBag from /home/airflow/.local/lib/python3.12/site-packages/airflow/example_dags/example_branch_labels.py
[2024-05-26T17:52:13.140+0000] {processor.py:840} INFO - DAG(s) 'example_branch_labels' retrieved from /home/airflow/.local/lib/python3.12/site-packages/airflow/example_dags/example_branch_labels.py
[2024-05-26T17:52:13.169+0000] {logging_mixin.py:188} INFO - [2024-05-26T17:52:13.168+0000] {dag.py:3096} INFO - Sync 1 DAGs
[2024-05-26T17:52:13.197+0000] {logging_mixin.py:188} INFO - [2024-05-26T17:52:13.197+0000] {dag.py:3954} INFO - Setting next_dagrun for example_branch_labels to 2024-05-25 00:00:00+00:00, run_after=2024-05-26 00:00:00+00:00
[2024-05-26T17:52:13.223+0000] {processor.py:183} INFO - Processing /home/airflow/.local/lib/python3.12/site-packages/airflow/example_dags/example_branch_labels.py took 0.104 seconds
[2024-05-26T17:57:48.048+0000] {processor.py:161} INFO - Started process (PID=67) to work on /home/airflow/.local/lib/python3.12/site-packages/airflow/example_dags/example_branch_labels.py
[2024-05-26T17:57:48.050+0000] {processor.py:830} INFO - Processing file /home/airflow/.local/lib/python3.12/site-packages/airflow/example_dags/example_branch_labels.py for tasks to queue
[2024-05-26T17:57:48.055+0000] {logging_mixin.py:188} INFO - [2024-05-26T17:57:48.055+0000] {dagbag.py:545} INFO - Filling up the DagBag from /home/airflow/.local/lib/python3.12/site-packages/airflow/example_dags/example_branch_labels.py
[2024-05-26T17:57:48.079+0000] {processor.py:840} INFO - DAG(s) 'example_branch_labels' retrieved from /home/airflow/.local/lib/python3.12/site-packages/airflow/example_dags/example_branch_labels.py
[2024-05-26T17:57:48.096+0000] {logging_mixin.py:188} INFO - [2024-05-26T17:57:48.096+0000] {dag.py:3096} INFO - Sync 1 DAGs
[2024-05-26T17:57:48.128+0000] {logging_mixin.py:188} INFO - [2024-05-26T17:57:48.127+0000] {dag.py:3954} INFO - Setting next_dagrun for example_branch_labels to 2024-05-25 00:00:00+00:00, run_after=2024-05-26 00:00:00+00:00
[2024-05-26T17:57:48.150+0000] {processor.py:183} INFO - Processing /home/airflow/.local/lib/python3.12/site-packages/airflow/example_dags/example_branch_labels.py took 0.116 seconds
[2024-05-26T17:58:20.110+0000] {processor.py:161} INFO - Started process (PID=125) to work on /home/airflow/.local/lib/python3.12/site-packages/airflow/example_dags/example_branch_labels.py
[2024-05-26T17:58:20.112+0000] {processor.py:830} INFO - Processing file /home/airflow/.local/lib/python3.12/site-packages/airflow/example_dags/example_branch_labels.py for tasks to queue
[2024-05-26T17:58:20.115+0000] {logging_mixin.py:188} INFO - [2024-05-26T17:58:20.114+0000] {dagbag.py:545} INFO - Filling up the DagBag from /home/airflow/.local/lib/python3.12/site-packages/airflow/example_dags/example_branch_labels.py
[2024-05-26T17:58:20.126+0000] {processor.py:840} INFO - DAG(s) 'example_branch_labels' retrieved from /home/airflow/.local/lib/python3.12/site-packages/airflow/example_dags/example_branch_labels.py
[2024-05-26T17:58:20.259+0000] {logging_mixin.py:188} INFO - [2024-05-26T17:58:20.258+0000] {dag.py:3096} INFO - Sync 1 DAGs
[2024-05-26T17:58:20.288+0000] {logging_mixin.py:188} INFO - [2024-05-26T17:58:20.288+0000] {dag.py:3954} INFO - Setting next_dagrun for example_branch_labels to 2024-05-25 00:00:00+00:00, run_after=2024-05-26 00:00:00+00:00
[2024-05-26T17:58:20.310+0000] {processor.py:183} INFO - Processing /home/airflow/.local/lib/python3.12/site-packages/airflow/example_dags/example_branch_labels.py took 0.207 seconds
[2024-05-26T17:58:51.148+0000] {processor.py:161} INFO - Started process (PID=183) to work on /home/airflow/.local/lib/python3.12/site-packages/airflow/example_dags/example_branch_labels.py
[2024-05-26T17:58:51.149+0000] {processor.py:830} INFO - Processing file /home/airflow/.local/lib/python3.12/site-packages/airflow/example_dags/example_branch_labels.py for tasks to queue
[2024-05-26T17:58:51.151+0000] {logging_mixin.py:188} INFO - [2024-05-26T17:58:51.151+0000] {dagbag.py:545} INFO - Filling up the DagBag from /home/airflow/.local/lib/python3.12/site-packages/airflow/example_dags/example_branch_labels.py
[2024-05-26T17:58:51.161+0000] {processor.py:840} INFO - DAG(s) 'example_branch_labels' retrieved from /home/airflow/.local/lib/python3.12/site-packages/airflow/example_dags/example_branch_labels.py
[2024-05-26T17:58:51.190+0000] {logging_mixin.py:188} INFO - [2024-05-26T17:58:51.190+0000] {dag.py:3096} INFO - Sync 1 DAGs
[2024-05-26T17:58:51.224+0000] {logging_mixin.py:188} INFO - [2024-05-26T17:58:51.224+0000] {dag.py:3954} INFO - Setting next_dagrun for example_branch_labels to 2024-05-25 00:00:00+00:00, run_after=2024-05-26 00:00:00+00:00
[2024-05-26T17:58:51.248+0000] {processor.py:183} INFO - Processing /home/airflow/.local/lib/python3.12/site-packages/airflow/example_dags/example_branch_labels.py took 0.107 seconds
