[2024-05-26T15:21:34.166+0000] {processor.py:161} INFO - Started process (PID=47) to work on /home/airflow/.local/lib/python3.12/site-packages/airflow/example_dags/example_python_operator.py
[2024-05-26T15:21:34.170+0000] {processor.py:830} INFO - Processing file /home/airflow/.local/lib/python3.12/site-packages/airflow/example_dags/example_python_operator.py for tasks to queue
[2024-05-26T15:21:34.176+0000] {logging_mixin.py:188} INFO - [2024-05-26T15:21:34.175+0000] {dagbag.py:545} INFO - Filling up the DagBag from /home/airflow/.local/lib/python3.12/site-packages/airflow/example_dags/example_python_operator.py
[2024-05-26T15:21:34.196+0000] {processor.py:840} INFO - DAG(s) 'example_python_operator' retrieved from /home/airflow/.local/lib/python3.12/site-packages/airflow/example_dags/example_python_operator.py
[2024-05-26T15:21:34.359+0000] {logging_mixin.py:188} INFO - [2024-05-26T15:21:34.359+0000] {dag.py:3096} INFO - Sync 1 DAGs
[2024-05-26T15:21:34.376+0000] {logging_mixin.py:188} INFO - [2024-05-26T15:21:34.375+0000] {dag.py:3954} INFO - Setting next_dagrun for example_python_operator to None, run_after=None
[2024-05-26T15:21:34.400+0000] {processor.py:183} INFO - Processing /home/airflow/.local/lib/python3.12/site-packages/airflow/example_dags/example_python_operator.py took 0.247 seconds
[2024-05-26T15:22:05.076+0000] {processor.py:161} INFO - Started process (PID=105) to work on /home/airflow/.local/lib/python3.12/site-packages/airflow/example_dags/example_python_operator.py
[2024-05-26T15:22:05.077+0000] {processor.py:830} INFO - Processing file /home/airflow/.local/lib/python3.12/site-packages/airflow/example_dags/example_python_operator.py for tasks to queue
[2024-05-26T15:22:05.079+0000] {logging_mixin.py:188} INFO - [2024-05-26T15:22:05.079+0000] {dagbag.py:545} INFO - Filling up the DagBag from /home/airflow/.local/lib/python3.12/site-packages/airflow/example_dags/example_python_operator.py
[2024-05-26T15:22:05.092+0000] {processor.py:840} INFO - DAG(s) 'example_python_operator' retrieved from /home/airflow/.local/lib/python3.12/site-packages/airflow/example_dags/example_python_operator.py
[2024-05-26T15:22:05.119+0000] {logging_mixin.py:188} INFO - [2024-05-26T15:22:05.119+0000] {dag.py:3096} INFO - Sync 1 DAGs
[2024-05-26T15:22:05.135+0000] {logging_mixin.py:188} INFO - [2024-05-26T15:22:05.134+0000] {dag.py:3954} INFO - Setting next_dagrun for example_python_operator to None, run_after=None
[2024-05-26T15:22:05.160+0000] {processor.py:183} INFO - Processing /home/airflow/.local/lib/python3.12/site-packages/airflow/example_dags/example_python_operator.py took 0.090 seconds
[2024-05-26T15:22:35.480+0000] {processor.py:161} INFO - Started process (PID=163) to work on /home/airflow/.local/lib/python3.12/site-packages/airflow/example_dags/example_python_operator.py
[2024-05-26T15:22:35.481+0000] {processor.py:830} INFO - Processing file /home/airflow/.local/lib/python3.12/site-packages/airflow/example_dags/example_python_operator.py for tasks to queue
[2024-05-26T15:22:35.483+0000] {logging_mixin.py:188} INFO - [2024-05-26T15:22:35.483+0000] {dagbag.py:545} INFO - Filling up the DagBag from /home/airflow/.local/lib/python3.12/site-packages/airflow/example_dags/example_python_operator.py
[2024-05-26T15:22:35.494+0000] {processor.py:840} INFO - DAG(s) 'example_python_operator' retrieved from /home/airflow/.local/lib/python3.12/site-packages/airflow/example_dags/example_python_operator.py
[2024-05-26T15:22:35.519+0000] {logging_mixin.py:188} INFO - [2024-05-26T15:22:35.519+0000] {dag.py:3096} INFO - Sync 1 DAGs
[2024-05-26T15:22:35.534+0000] {logging_mixin.py:188} INFO - [2024-05-26T15:22:35.534+0000] {dag.py:3954} INFO - Setting next_dagrun for example_python_operator to None, run_after=None
[2024-05-26T15:22:35.555+0000] {processor.py:183} INFO - Processing /home/airflow/.local/lib/python3.12/site-packages/airflow/example_dags/example_python_operator.py took 0.081 seconds
[2024-05-26T15:23:05.739+0000] {processor.py:161} INFO - Started process (PID=221) to work on /home/airflow/.local/lib/python3.12/site-packages/airflow/example_dags/example_python_operator.py
[2024-05-26T15:23:05.740+0000] {processor.py:830} INFO - Processing file /home/airflow/.local/lib/python3.12/site-packages/airflow/example_dags/example_python_operator.py for tasks to queue
[2024-05-26T15:23:05.743+0000] {logging_mixin.py:188} INFO - [2024-05-26T15:23:05.742+0000] {dagbag.py:545} INFO - Filling up the DagBag from /home/airflow/.local/lib/python3.12/site-packages/airflow/example_dags/example_python_operator.py
[2024-05-26T15:23:05.754+0000] {processor.py:840} INFO - DAG(s) 'example_python_operator' retrieved from /home/airflow/.local/lib/python3.12/site-packages/airflow/example_dags/example_python_operator.py
[2024-05-26T15:23:05.780+0000] {logging_mixin.py:188} INFO - [2024-05-26T15:23:05.779+0000] {dag.py:3096} INFO - Sync 1 DAGs
[2024-05-26T15:23:05.794+0000] {logging_mixin.py:188} INFO - [2024-05-26T15:23:05.794+0000] {dag.py:3954} INFO - Setting next_dagrun for example_python_operator to None, run_after=None
[2024-05-26T15:23:05.816+0000] {processor.py:183} INFO - Processing /home/airflow/.local/lib/python3.12/site-packages/airflow/example_dags/example_python_operator.py took 0.083 seconds
[2024-05-26T15:23:36.741+0000] {processor.py:161} INFO - Started process (PID=279) to work on /home/airflow/.local/lib/python3.12/site-packages/airflow/example_dags/example_python_operator.py
[2024-05-26T15:23:36.742+0000] {processor.py:830} INFO - Processing file /home/airflow/.local/lib/python3.12/site-packages/airflow/example_dags/example_python_operator.py for tasks to queue
[2024-05-26T15:23:36.744+0000] {logging_mixin.py:188} INFO - [2024-05-26T15:23:36.743+0000] {dagbag.py:545} INFO - Filling up the DagBag from /home/airflow/.local/lib/python3.12/site-packages/airflow/example_dags/example_python_operator.py
[2024-05-26T15:23:36.760+0000] {processor.py:840} INFO - DAG(s) 'example_python_operator' retrieved from /home/airflow/.local/lib/python3.12/site-packages/airflow/example_dags/example_python_operator.py
[2024-05-26T15:23:36.787+0000] {logging_mixin.py:188} INFO - [2024-05-26T15:23:36.787+0000] {dag.py:3096} INFO - Sync 1 DAGs
[2024-05-26T15:23:36.803+0000] {logging_mixin.py:188} INFO - [2024-05-26T15:23:36.803+0000] {dag.py:3954} INFO - Setting next_dagrun for example_python_operator to None, run_after=None
[2024-05-26T15:23:36.826+0000] {processor.py:183} INFO - Processing /home/airflow/.local/lib/python3.12/site-packages/airflow/example_dags/example_python_operator.py took 0.092 seconds
[2024-05-26T15:24:07.819+0000] {processor.py:161} INFO - Started process (PID=337) to work on /home/airflow/.local/lib/python3.12/site-packages/airflow/example_dags/example_python_operator.py
[2024-05-26T15:24:07.820+0000] {processor.py:830} INFO - Processing file /home/airflow/.local/lib/python3.12/site-packages/airflow/example_dags/example_python_operator.py for tasks to queue
[2024-05-26T15:24:07.822+0000] {logging_mixin.py:188} INFO - [2024-05-26T15:24:07.822+0000] {dagbag.py:545} INFO - Filling up the DagBag from /home/airflow/.local/lib/python3.12/site-packages/airflow/example_dags/example_python_operator.py
[2024-05-26T15:24:07.832+0000] {processor.py:840} INFO - DAG(s) 'example_python_operator' retrieved from /home/airflow/.local/lib/python3.12/site-packages/airflow/example_dags/example_python_operator.py
[2024-05-26T15:24:07.863+0000] {logging_mixin.py:188} INFO - [2024-05-26T15:24:07.862+0000] {dag.py:3096} INFO - Sync 1 DAGs
[2024-05-26T15:24:07.881+0000] {logging_mixin.py:188} INFO - [2024-05-26T15:24:07.881+0000] {dag.py:3954} INFO - Setting next_dagrun for example_python_operator to None, run_after=None
[2024-05-26T15:24:07.908+0000] {processor.py:183} INFO - Processing /home/airflow/.local/lib/python3.12/site-packages/airflow/example_dags/example_python_operator.py took 0.095 seconds
[2024-05-26T15:24:38.228+0000] {processor.py:161} INFO - Started process (PID=395) to work on /home/airflow/.local/lib/python3.12/site-packages/airflow/example_dags/example_python_operator.py
[2024-05-26T15:24:38.229+0000] {processor.py:830} INFO - Processing file /home/airflow/.local/lib/python3.12/site-packages/airflow/example_dags/example_python_operator.py for tasks to queue
[2024-05-26T15:24:38.232+0000] {logging_mixin.py:188} INFO - [2024-05-26T15:24:38.231+0000] {dagbag.py:545} INFO - Filling up the DagBag from /home/airflow/.local/lib/python3.12/site-packages/airflow/example_dags/example_python_operator.py
[2024-05-26T15:24:38.257+0000] {processor.py:840} INFO - DAG(s) 'example_python_operator' retrieved from /home/airflow/.local/lib/python3.12/site-packages/airflow/example_dags/example_python_operator.py
[2024-05-26T15:24:38.287+0000] {logging_mixin.py:188} INFO - [2024-05-26T15:24:38.287+0000] {dag.py:3096} INFO - Sync 1 DAGs
[2024-05-26T15:24:38.303+0000] {logging_mixin.py:188} INFO - [2024-05-26T15:24:38.302+0000] {dag.py:3954} INFO - Setting next_dagrun for example_python_operator to None, run_after=None
[2024-05-26T15:24:38.323+0000] {processor.py:183} INFO - Processing /home/airflow/.local/lib/python3.12/site-packages/airflow/example_dags/example_python_operator.py took 0.101 seconds
[2024-05-26T15:25:08.553+0000] {processor.py:161} INFO - Started process (PID=453) to work on /home/airflow/.local/lib/python3.12/site-packages/airflow/example_dags/example_python_operator.py
[2024-05-26T15:25:08.554+0000] {processor.py:830} INFO - Processing file /home/airflow/.local/lib/python3.12/site-packages/airflow/example_dags/example_python_operator.py for tasks to queue
[2024-05-26T15:25:08.557+0000] {logging_mixin.py:188} INFO - [2024-05-26T15:25:08.556+0000] {dagbag.py:545} INFO - Filling up the DagBag from /home/airflow/.local/lib/python3.12/site-packages/airflow/example_dags/example_python_operator.py
[2024-05-26T15:25:08.569+0000] {processor.py:840} INFO - DAG(s) 'example_python_operator' retrieved from /home/airflow/.local/lib/python3.12/site-packages/airflow/example_dags/example_python_operator.py
[2024-05-26T15:25:08.599+0000] {logging_mixin.py:188} INFO - [2024-05-26T15:25:08.599+0000] {dag.py:3096} INFO - Sync 1 DAGs
[2024-05-26T15:25:08.619+0000] {logging_mixin.py:188} INFO - [2024-05-26T15:25:08.619+0000] {dag.py:3954} INFO - Setting next_dagrun for example_python_operator to None, run_after=None
[2024-05-26T15:25:08.647+0000] {processor.py:183} INFO - Processing /home/airflow/.local/lib/python3.12/site-packages/airflow/example_dags/example_python_operator.py took 0.101 seconds
[2024-05-26T15:25:38.882+0000] {processor.py:161} INFO - Started process (PID=511) to work on /home/airflow/.local/lib/python3.12/site-packages/airflow/example_dags/example_python_operator.py
[2024-05-26T15:25:38.883+0000] {processor.py:830} INFO - Processing file /home/airflow/.local/lib/python3.12/site-packages/airflow/example_dags/example_python_operator.py for tasks to queue
[2024-05-26T15:25:38.885+0000] {logging_mixin.py:188} INFO - [2024-05-26T15:25:38.885+0000] {dagbag.py:545} INFO - Filling up the DagBag from /home/airflow/.local/lib/python3.12/site-packages/airflow/example_dags/example_python_operator.py
[2024-05-26T15:25:38.897+0000] {processor.py:840} INFO - DAG(s) 'example_python_operator' retrieved from /home/airflow/.local/lib/python3.12/site-packages/airflow/example_dags/example_python_operator.py
[2024-05-26T15:25:38.937+0000] {logging_mixin.py:188} INFO - [2024-05-26T15:25:38.937+0000] {dag.py:3096} INFO - Sync 1 DAGs
[2024-05-26T15:25:38.952+0000] {logging_mixin.py:188} INFO - [2024-05-26T15:25:38.952+0000] {dag.py:3954} INFO - Setting next_dagrun for example_python_operator to None, run_after=None
[2024-05-26T15:25:38.973+0000] {processor.py:183} INFO - Processing /home/airflow/.local/lib/python3.12/site-packages/airflow/example_dags/example_python_operator.py took 0.098 seconds
[2024-05-26T15:26:09.196+0000] {processor.py:161} INFO - Started process (PID=569) to work on /home/airflow/.local/lib/python3.12/site-packages/airflow/example_dags/example_python_operator.py
[2024-05-26T15:26:09.197+0000] {processor.py:830} INFO - Processing file /home/airflow/.local/lib/python3.12/site-packages/airflow/example_dags/example_python_operator.py for tasks to queue
[2024-05-26T15:26:09.200+0000] {logging_mixin.py:188} INFO - [2024-05-26T15:26:09.200+0000] {dagbag.py:545} INFO - Filling up the DagBag from /home/airflow/.local/lib/python3.12/site-packages/airflow/example_dags/example_python_operator.py
[2024-05-26T15:26:09.213+0000] {processor.py:840} INFO - DAG(s) 'example_python_operator' retrieved from /home/airflow/.local/lib/python3.12/site-packages/airflow/example_dags/example_python_operator.py
[2024-05-26T15:26:09.250+0000] {logging_mixin.py:188} INFO - [2024-05-26T15:26:09.250+0000] {dag.py:3096} INFO - Sync 1 DAGs
[2024-05-26T15:26:09.264+0000] {logging_mixin.py:188} INFO - [2024-05-26T15:26:09.264+0000] {dag.py:3954} INFO - Setting next_dagrun for example_python_operator to None, run_after=None
[2024-05-26T15:26:09.284+0000] {processor.py:183} INFO - Processing /home/airflow/.local/lib/python3.12/site-packages/airflow/example_dags/example_python_operator.py took 0.095 seconds
[2024-05-26T15:26:39.683+0000] {processor.py:161} INFO - Started process (PID=627) to work on /home/airflow/.local/lib/python3.12/site-packages/airflow/example_dags/example_python_operator.py
[2024-05-26T15:26:39.687+0000] {processor.py:830} INFO - Processing file /home/airflow/.local/lib/python3.12/site-packages/airflow/example_dags/example_python_operator.py for tasks to queue
[2024-05-26T15:26:39.692+0000] {logging_mixin.py:188} INFO - [2024-05-26T15:26:39.692+0000] {dagbag.py:545} INFO - Filling up the DagBag from /home/airflow/.local/lib/python3.12/site-packages/airflow/example_dags/example_python_operator.py
[2024-05-26T15:26:39.706+0000] {processor.py:840} INFO - DAG(s) 'example_python_operator' retrieved from /home/airflow/.local/lib/python3.12/site-packages/airflow/example_dags/example_python_operator.py
[2024-05-26T15:26:39.733+0000] {logging_mixin.py:188} INFO - [2024-05-26T15:26:39.732+0000] {dag.py:3096} INFO - Sync 1 DAGs
[2024-05-26T15:26:39.748+0000] {logging_mixin.py:188} INFO - [2024-05-26T15:26:39.748+0000] {dag.py:3954} INFO - Setting next_dagrun for example_python_operator to None, run_after=None
[2024-05-26T15:26:39.769+0000] {processor.py:183} INFO - Processing /home/airflow/.local/lib/python3.12/site-packages/airflow/example_dags/example_python_operator.py took 0.100 seconds
[2024-05-26T15:27:10.063+0000] {processor.py:161} INFO - Started process (PID=685) to work on /home/airflow/.local/lib/python3.12/site-packages/airflow/example_dags/example_python_operator.py
[2024-05-26T15:27:10.065+0000] {processor.py:830} INFO - Processing file /home/airflow/.local/lib/python3.12/site-packages/airflow/example_dags/example_python_operator.py for tasks to queue
[2024-05-26T15:27:10.070+0000] {logging_mixin.py:188} INFO - [2024-05-26T15:27:10.069+0000] {dagbag.py:545} INFO - Filling up the DagBag from /home/airflow/.local/lib/python3.12/site-packages/airflow/example_dags/example_python_operator.py
[2024-05-26T15:27:10.084+0000] {processor.py:840} INFO - DAG(s) 'example_python_operator' retrieved from /home/airflow/.local/lib/python3.12/site-packages/airflow/example_dags/example_python_operator.py
[2024-05-26T15:27:10.109+0000] {logging_mixin.py:188} INFO - [2024-05-26T15:27:10.109+0000] {dag.py:3096} INFO - Sync 1 DAGs
[2024-05-26T15:27:10.128+0000] {logging_mixin.py:188} INFO - [2024-05-26T15:27:10.127+0000] {dag.py:3954} INFO - Setting next_dagrun for example_python_operator to None, run_after=None
[2024-05-26T15:27:10.151+0000] {processor.py:183} INFO - Processing /home/airflow/.local/lib/python3.12/site-packages/airflow/example_dags/example_python_operator.py took 0.104 seconds
[2024-05-26T17:43:34.837+0000] {processor.py:161} INFO - Started process (PID=30) to work on /home/airflow/.local/lib/python3.12/site-packages/airflow/example_dags/example_python_operator.py
[2024-05-26T17:43:34.839+0000] {processor.py:830} INFO - Processing file /home/airflow/.local/lib/python3.12/site-packages/airflow/example_dags/example_python_operator.py for tasks to queue
[2024-05-26T17:43:34.841+0000] {logging_mixin.py:188} INFO - [2024-05-26T17:43:34.841+0000] {dagbag.py:545} INFO - Filling up the DagBag from /home/airflow/.local/lib/python3.12/site-packages/airflow/example_dags/example_python_operator.py
[2024-05-26T17:43:34.866+0000] {processor.py:840} INFO - DAG(s) 'example_python_operator' retrieved from /home/airflow/.local/lib/python3.12/site-packages/airflow/example_dags/example_python_operator.py
[2024-05-26T17:43:34.879+0000] {logging_mixin.py:188} INFO - [2024-05-26T17:43:34.878+0000] {dag.py:3096} INFO - Sync 1 DAGs
[2024-05-26T17:43:34.897+0000] {logging_mixin.py:188} INFO - [2024-05-26T17:43:34.896+0000] {dag.py:3954} INFO - Setting next_dagrun for example_python_operator to None, run_after=None
[2024-05-26T17:43:34.923+0000] {processor.py:183} INFO - Processing /home/airflow/.local/lib/python3.12/site-packages/airflow/example_dags/example_python_operator.py took 0.094 seconds
[2024-05-26T17:44:06.048+0000] {processor.py:161} INFO - Started process (PID=88) to work on /home/airflow/.local/lib/python3.12/site-packages/airflow/example_dags/example_python_operator.py
[2024-05-26T17:44:06.050+0000] {processor.py:830} INFO - Processing file /home/airflow/.local/lib/python3.12/site-packages/airflow/example_dags/example_python_operator.py for tasks to queue
[2024-05-26T17:44:06.053+0000] {logging_mixin.py:188} INFO - [2024-05-26T17:44:06.052+0000] {dagbag.py:545} INFO - Filling up the DagBag from /home/airflow/.local/lib/python3.12/site-packages/airflow/example_dags/example_python_operator.py
[2024-05-26T17:44:06.065+0000] {processor.py:840} INFO - DAG(s) 'example_python_operator' retrieved from /home/airflow/.local/lib/python3.12/site-packages/airflow/example_dags/example_python_operator.py
[2024-05-26T17:44:06.208+0000] {logging_mixin.py:188} INFO - [2024-05-26T17:44:06.208+0000] {dag.py:3096} INFO - Sync 1 DAGs
[2024-05-26T17:44:06.222+0000] {logging_mixin.py:188} INFO - [2024-05-26T17:44:06.222+0000] {dag.py:3954} INFO - Setting next_dagrun for example_python_operator to None, run_after=None
[2024-05-26T17:44:06.266+0000] {processor.py:183} INFO - Processing /home/airflow/.local/lib/python3.12/site-packages/airflow/example_dags/example_python_operator.py took 0.227 seconds
[2024-05-26T17:44:36.329+0000] {processor.py:161} INFO - Started process (PID=146) to work on /home/airflow/.local/lib/python3.12/site-packages/airflow/example_dags/example_python_operator.py
[2024-05-26T17:44:36.330+0000] {processor.py:830} INFO - Processing file /home/airflow/.local/lib/python3.12/site-packages/airflow/example_dags/example_python_operator.py for tasks to queue
[2024-05-26T17:44:36.333+0000] {logging_mixin.py:188} INFO - [2024-05-26T17:44:36.332+0000] {dagbag.py:545} INFO - Filling up the DagBag from /home/airflow/.local/lib/python3.12/site-packages/airflow/example_dags/example_python_operator.py
[2024-05-26T17:44:36.345+0000] {processor.py:840} INFO - DAG(s) 'example_python_operator' retrieved from /home/airflow/.local/lib/python3.12/site-packages/airflow/example_dags/example_python_operator.py
[2024-05-26T17:44:36.376+0000] {logging_mixin.py:188} INFO - [2024-05-26T17:44:36.376+0000] {dag.py:3096} INFO - Sync 1 DAGs
[2024-05-26T17:44:36.393+0000] {logging_mixin.py:188} INFO - [2024-05-26T17:44:36.393+0000] {dag.py:3954} INFO - Setting next_dagrun for example_python_operator to None, run_after=None
[2024-05-26T17:44:36.424+0000] {processor.py:183} INFO - Processing /home/airflow/.local/lib/python3.12/site-packages/airflow/example_dags/example_python_operator.py took 0.103 seconds
[2024-05-26T17:45:06.905+0000] {processor.py:161} INFO - Started process (PID=203) to work on /home/airflow/.local/lib/python3.12/site-packages/airflow/example_dags/example_python_operator.py
[2024-05-26T17:45:06.906+0000] {processor.py:830} INFO - Processing file /home/airflow/.local/lib/python3.12/site-packages/airflow/example_dags/example_python_operator.py for tasks to queue
[2024-05-26T17:45:06.908+0000] {logging_mixin.py:188} INFO - [2024-05-26T17:45:06.908+0000] {dagbag.py:545} INFO - Filling up the DagBag from /home/airflow/.local/lib/python3.12/site-packages/airflow/example_dags/example_python_operator.py
[2024-05-26T17:45:06.920+0000] {processor.py:840} INFO - DAG(s) 'example_python_operator' retrieved from /home/airflow/.local/lib/python3.12/site-packages/airflow/example_dags/example_python_operator.py
[2024-05-26T17:45:06.954+0000] {logging_mixin.py:188} INFO - [2024-05-26T17:45:06.953+0000] {dag.py:3096} INFO - Sync 1 DAGs
[2024-05-26T17:45:06.973+0000] {logging_mixin.py:188} INFO - [2024-05-26T17:45:06.973+0000] {dag.py:3954} INFO - Setting next_dagrun for example_python_operator to None, run_after=None
[2024-05-26T17:45:06.999+0000] {processor.py:183} INFO - Processing /home/airflow/.local/lib/python3.12/site-packages/airflow/example_dags/example_python_operator.py took 0.101 seconds
[2024-05-26T17:45:37.136+0000] {processor.py:161} INFO - Started process (PID=261) to work on /home/airflow/.local/lib/python3.12/site-packages/airflow/example_dags/example_python_operator.py
[2024-05-26T17:45:37.139+0000] {processor.py:830} INFO - Processing file /home/airflow/.local/lib/python3.12/site-packages/airflow/example_dags/example_python_operator.py for tasks to queue
[2024-05-26T17:45:37.144+0000] {logging_mixin.py:188} INFO - [2024-05-26T17:45:37.143+0000] {dagbag.py:545} INFO - Filling up the DagBag from /home/airflow/.local/lib/python3.12/site-packages/airflow/example_dags/example_python_operator.py
[2024-05-26T17:45:37.160+0000] {processor.py:840} INFO - DAG(s) 'example_python_operator' retrieved from /home/airflow/.local/lib/python3.12/site-packages/airflow/example_dags/example_python_operator.py
[2024-05-26T17:45:37.187+0000] {logging_mixin.py:188} INFO - [2024-05-26T17:45:37.186+0000] {dag.py:3096} INFO - Sync 1 DAGs
[2024-05-26T17:45:37.203+0000] {logging_mixin.py:188} INFO - [2024-05-26T17:45:37.202+0000] {dag.py:3954} INFO - Setting next_dagrun for example_python_operator to None, run_after=None
[2024-05-26T17:45:37.226+0000] {processor.py:183} INFO - Processing /home/airflow/.local/lib/python3.12/site-packages/airflow/example_dags/example_python_operator.py took 0.108 seconds
[2024-05-26T17:46:07.731+0000] {processor.py:161} INFO - Started process (PID=318) to work on /home/airflow/.local/lib/python3.12/site-packages/airflow/example_dags/example_python_operator.py
[2024-05-26T17:46:07.732+0000] {processor.py:830} INFO - Processing file /home/airflow/.local/lib/python3.12/site-packages/airflow/example_dags/example_python_operator.py for tasks to queue
[2024-05-26T17:46:07.734+0000] {logging_mixin.py:188} INFO - [2024-05-26T17:46:07.734+0000] {dagbag.py:545} INFO - Filling up the DagBag from /home/airflow/.local/lib/python3.12/site-packages/airflow/example_dags/example_python_operator.py
[2024-05-26T17:46:07.745+0000] {processor.py:840} INFO - DAG(s) 'example_python_operator' retrieved from /home/airflow/.local/lib/python3.12/site-packages/airflow/example_dags/example_python_operator.py
[2024-05-26T17:46:07.769+0000] {logging_mixin.py:188} INFO - [2024-05-26T17:46:07.769+0000] {dag.py:3096} INFO - Sync 1 DAGs
[2024-05-26T17:46:07.786+0000] {logging_mixin.py:188} INFO - [2024-05-26T17:46:07.785+0000] {dag.py:3954} INFO - Setting next_dagrun for example_python_operator to None, run_after=None
[2024-05-26T17:46:07.808+0000] {processor.py:183} INFO - Processing /home/airflow/.local/lib/python3.12/site-packages/airflow/example_dags/example_python_operator.py took 0.084 seconds
[2024-05-26T17:46:38.285+0000] {processor.py:161} INFO - Started process (PID=376) to work on /home/airflow/.local/lib/python3.12/site-packages/airflow/example_dags/example_python_operator.py
[2024-05-26T17:46:38.286+0000] {processor.py:830} INFO - Processing file /home/airflow/.local/lib/python3.12/site-packages/airflow/example_dags/example_python_operator.py for tasks to queue
[2024-05-26T17:46:38.288+0000] {logging_mixin.py:188} INFO - [2024-05-26T17:46:38.288+0000] {dagbag.py:545} INFO - Filling up the DagBag from /home/airflow/.local/lib/python3.12/site-packages/airflow/example_dags/example_python_operator.py
[2024-05-26T17:46:38.300+0000] {processor.py:840} INFO - DAG(s) 'example_python_operator' retrieved from /home/airflow/.local/lib/python3.12/site-packages/airflow/example_dags/example_python_operator.py
[2024-05-26T17:46:38.350+0000] {logging_mixin.py:188} INFO - [2024-05-26T17:46:38.350+0000] {dag.py:3096} INFO - Sync 1 DAGs
[2024-05-26T17:46:38.366+0000] {logging_mixin.py:188} INFO - [2024-05-26T17:46:38.365+0000] {dag.py:3954} INFO - Setting next_dagrun for example_python_operator to None, run_after=None
[2024-05-26T17:46:38.390+0000] {processor.py:183} INFO - Processing /home/airflow/.local/lib/python3.12/site-packages/airflow/example_dags/example_python_operator.py took 0.111 seconds
[2024-05-26T17:47:08.623+0000] {processor.py:161} INFO - Started process (PID=434) to work on /home/airflow/.local/lib/python3.12/site-packages/airflow/example_dags/example_python_operator.py
[2024-05-26T17:47:08.624+0000] {processor.py:830} INFO - Processing file /home/airflow/.local/lib/python3.12/site-packages/airflow/example_dags/example_python_operator.py for tasks to queue
[2024-05-26T17:47:08.626+0000] {logging_mixin.py:188} INFO - [2024-05-26T17:47:08.626+0000] {dagbag.py:545} INFO - Filling up the DagBag from /home/airflow/.local/lib/python3.12/site-packages/airflow/example_dags/example_python_operator.py
[2024-05-26T17:47:08.640+0000] {processor.py:840} INFO - DAG(s) 'example_python_operator' retrieved from /home/airflow/.local/lib/python3.12/site-packages/airflow/example_dags/example_python_operator.py
[2024-05-26T17:47:08.681+0000] {logging_mixin.py:188} INFO - [2024-05-26T17:47:08.681+0000] {dag.py:3096} INFO - Sync 1 DAGs
[2024-05-26T17:47:08.699+0000] {logging_mixin.py:188} INFO - [2024-05-26T17:47:08.699+0000] {dag.py:3954} INFO - Setting next_dagrun for example_python_operator to None, run_after=None
[2024-05-26T17:47:08.724+0000] {processor.py:183} INFO - Processing /home/airflow/.local/lib/python3.12/site-packages/airflow/example_dags/example_python_operator.py took 0.108 seconds
[2024-05-26T17:47:39.135+0000] {processor.py:161} INFO - Started process (PID=492) to work on /home/airflow/.local/lib/python3.12/site-packages/airflow/example_dags/example_python_operator.py
[2024-05-26T17:47:39.136+0000] {processor.py:830} INFO - Processing file /home/airflow/.local/lib/python3.12/site-packages/airflow/example_dags/example_python_operator.py for tasks to queue
[2024-05-26T17:47:39.139+0000] {logging_mixin.py:188} INFO - [2024-05-26T17:47:39.138+0000] {dagbag.py:545} INFO - Filling up the DagBag from /home/airflow/.local/lib/python3.12/site-packages/airflow/example_dags/example_python_operator.py
[2024-05-26T17:47:39.152+0000] {processor.py:840} INFO - DAG(s) 'example_python_operator' retrieved from /home/airflow/.local/lib/python3.12/site-packages/airflow/example_dags/example_python_operator.py
[2024-05-26T17:47:39.180+0000] {logging_mixin.py:188} INFO - [2024-05-26T17:47:39.180+0000] {dag.py:3096} INFO - Sync 1 DAGs
[2024-05-26T17:47:39.197+0000] {logging_mixin.py:188} INFO - [2024-05-26T17:47:39.196+0000] {dag.py:3954} INFO - Setting next_dagrun for example_python_operator to None, run_after=None
[2024-05-26T17:47:39.219+0000] {processor.py:183} INFO - Processing /home/airflow/.local/lib/python3.12/site-packages/airflow/example_dags/example_python_operator.py took 0.091 seconds
[2024-05-26T17:49:04.910+0000] {processor.py:161} INFO - Started process (PID=30) to work on /home/airflow/.local/lib/python3.12/site-packages/airflow/example_dags/example_python_operator.py
[2024-05-26T17:49:04.910+0000] {processor.py:830} INFO - Processing file /home/airflow/.local/lib/python3.12/site-packages/airflow/example_dags/example_python_operator.py for tasks to queue
[2024-05-26T17:49:04.913+0000] {logging_mixin.py:188} INFO - [2024-05-26T17:49:04.912+0000] {dagbag.py:545} INFO - Filling up the DagBag from /home/airflow/.local/lib/python3.12/site-packages/airflow/example_dags/example_python_operator.py
[2024-05-26T17:49:04.944+0000] {processor.py:840} INFO - DAG(s) 'example_python_operator' retrieved from /home/airflow/.local/lib/python3.12/site-packages/airflow/example_dags/example_python_operator.py
[2024-05-26T17:49:04.960+0000] {logging_mixin.py:188} INFO - [2024-05-26T17:49:04.960+0000] {dag.py:3096} INFO - Sync 1 DAGs
[2024-05-26T17:49:04.981+0000] {logging_mixin.py:188} INFO - [2024-05-26T17:49:04.981+0000] {dag.py:3954} INFO - Setting next_dagrun for example_python_operator to None, run_after=None
[2024-05-26T17:49:05.009+0000] {processor.py:183} INFO - Processing /home/airflow/.local/lib/python3.12/site-packages/airflow/example_dags/example_python_operator.py took 0.106 seconds
[2024-05-26T17:49:35.433+0000] {processor.py:161} INFO - Started process (PID=88) to work on /home/airflow/.local/lib/python3.12/site-packages/airflow/example_dags/example_python_operator.py
[2024-05-26T17:49:35.434+0000] {processor.py:830} INFO - Processing file /home/airflow/.local/lib/python3.12/site-packages/airflow/example_dags/example_python_operator.py for tasks to queue
[2024-05-26T17:49:35.436+0000] {logging_mixin.py:188} INFO - [2024-05-26T17:49:35.436+0000] {dagbag.py:545} INFO - Filling up the DagBag from /home/airflow/.local/lib/python3.12/site-packages/airflow/example_dags/example_python_operator.py
[2024-05-26T17:49:35.451+0000] {processor.py:840} INFO - DAG(s) 'example_python_operator' retrieved from /home/airflow/.local/lib/python3.12/site-packages/airflow/example_dags/example_python_operator.py
[2024-05-26T17:49:35.593+0000] {logging_mixin.py:188} INFO - [2024-05-26T17:49:35.592+0000] {dag.py:3096} INFO - Sync 1 DAGs
[2024-05-26T17:49:35.620+0000] {logging_mixin.py:188} INFO - [2024-05-26T17:49:35.620+0000] {dag.py:3954} INFO - Setting next_dagrun for example_python_operator to None, run_after=None
[2024-05-26T17:49:35.645+0000] {processor.py:183} INFO - Processing /home/airflow/.local/lib/python3.12/site-packages/airflow/example_dags/example_python_operator.py took 0.221 seconds
[2024-05-26T17:50:05.829+0000] {processor.py:161} INFO - Started process (PID=145) to work on /home/airflow/.local/lib/python3.12/site-packages/airflow/example_dags/example_python_operator.py
[2024-05-26T17:50:05.830+0000] {processor.py:830} INFO - Processing file /home/airflow/.local/lib/python3.12/site-packages/airflow/example_dags/example_python_operator.py for tasks to queue
[2024-05-26T17:50:05.833+0000] {logging_mixin.py:188} INFO - [2024-05-26T17:50:05.832+0000] {dagbag.py:545} INFO - Filling up the DagBag from /home/airflow/.local/lib/python3.12/site-packages/airflow/example_dags/example_python_operator.py
[2024-05-26T17:50:05.846+0000] {processor.py:840} INFO - DAG(s) 'example_python_operator' retrieved from /home/airflow/.local/lib/python3.12/site-packages/airflow/example_dags/example_python_operator.py
[2024-05-26T17:50:05.874+0000] {logging_mixin.py:188} INFO - [2024-05-26T17:50:05.873+0000] {dag.py:3096} INFO - Sync 1 DAGs
[2024-05-26T17:50:05.888+0000] {logging_mixin.py:188} INFO - [2024-05-26T17:50:05.888+0000] {dag.py:3954} INFO - Setting next_dagrun for example_python_operator to None, run_after=None
[2024-05-26T17:50:05.909+0000] {processor.py:183} INFO - Processing /home/airflow/.local/lib/python3.12/site-packages/airflow/example_dags/example_python_operator.py took 0.087 seconds
[2024-05-26T17:50:36.068+0000] {processor.py:161} INFO - Started process (PID=202) to work on /home/airflow/.local/lib/python3.12/site-packages/airflow/example_dags/example_python_operator.py
[2024-05-26T17:50:36.069+0000] {processor.py:830} INFO - Processing file /home/airflow/.local/lib/python3.12/site-packages/airflow/example_dags/example_python_operator.py for tasks to queue
[2024-05-26T17:50:36.071+0000] {logging_mixin.py:188} INFO - [2024-05-26T17:50:36.071+0000] {dagbag.py:545} INFO - Filling up the DagBag from /home/airflow/.local/lib/python3.12/site-packages/airflow/example_dags/example_python_operator.py
[2024-05-26T17:50:36.083+0000] {processor.py:840} INFO - DAG(s) 'example_python_operator' retrieved from /home/airflow/.local/lib/python3.12/site-packages/airflow/example_dags/example_python_operator.py
[2024-05-26T17:50:36.112+0000] {logging_mixin.py:188} INFO - [2024-05-26T17:50:36.111+0000] {dag.py:3096} INFO - Sync 1 DAGs
[2024-05-26T17:50:36.126+0000] {logging_mixin.py:188} INFO - [2024-05-26T17:50:36.126+0000] {dag.py:3954} INFO - Setting next_dagrun for example_python_operator to None, run_after=None
[2024-05-26T17:50:36.150+0000] {processor.py:183} INFO - Processing /home/airflow/.local/lib/python3.12/site-packages/airflow/example_dags/example_python_operator.py took 0.096 seconds
[2024-05-26T17:51:06.643+0000] {processor.py:161} INFO - Started process (PID=259) to work on /home/airflow/.local/lib/python3.12/site-packages/airflow/example_dags/example_python_operator.py
[2024-05-26T17:51:06.644+0000] {processor.py:830} INFO - Processing file /home/airflow/.local/lib/python3.12/site-packages/airflow/example_dags/example_python_operator.py for tasks to queue
[2024-05-26T17:51:06.647+0000] {logging_mixin.py:188} INFO - [2024-05-26T17:51:06.647+0000] {dagbag.py:545} INFO - Filling up the DagBag from /home/airflow/.local/lib/python3.12/site-packages/airflow/example_dags/example_python_operator.py
[2024-05-26T17:51:06.661+0000] {processor.py:840} INFO - DAG(s) 'example_python_operator' retrieved from /home/airflow/.local/lib/python3.12/site-packages/airflow/example_dags/example_python_operator.py
[2024-05-26T17:51:06.697+0000] {logging_mixin.py:188} INFO - [2024-05-26T17:51:06.697+0000] {dag.py:3096} INFO - Sync 1 DAGs
[2024-05-26T17:51:06.719+0000] {logging_mixin.py:188} INFO - [2024-05-26T17:51:06.719+0000] {dag.py:3954} INFO - Setting next_dagrun for example_python_operator to None, run_after=None
[2024-05-26T17:51:06.746+0000] {processor.py:183} INFO - Processing /home/airflow/.local/lib/python3.12/site-packages/airflow/example_dags/example_python_operator.py took 0.113 seconds
[2024-05-26T17:51:36.899+0000] {processor.py:161} INFO - Started process (PID=317) to work on /home/airflow/.local/lib/python3.12/site-packages/airflow/example_dags/example_python_operator.py
[2024-05-26T17:51:36.900+0000] {processor.py:830} INFO - Processing file /home/airflow/.local/lib/python3.12/site-packages/airflow/example_dags/example_python_operator.py for tasks to queue
[2024-05-26T17:51:36.902+0000] {logging_mixin.py:188} INFO - [2024-05-26T17:51:36.902+0000] {dagbag.py:545} INFO - Filling up the DagBag from /home/airflow/.local/lib/python3.12/site-packages/airflow/example_dags/example_python_operator.py
[2024-05-26T17:51:36.917+0000] {processor.py:840} INFO - DAG(s) 'example_python_operator' retrieved from /home/airflow/.local/lib/python3.12/site-packages/airflow/example_dags/example_python_operator.py
[2024-05-26T17:51:36.957+0000] {logging_mixin.py:188} INFO - [2024-05-26T17:51:36.957+0000] {dag.py:3096} INFO - Sync 1 DAGs
[2024-05-26T17:51:36.974+0000] {logging_mixin.py:188} INFO - [2024-05-26T17:51:36.974+0000] {dag.py:3954} INFO - Setting next_dagrun for example_python_operator to None, run_after=None
[2024-05-26T17:51:36.999+0000] {processor.py:183} INFO - Processing /home/airflow/.local/lib/python3.12/site-packages/airflow/example_dags/example_python_operator.py took 0.107 seconds
[2024-05-26T17:52:07.171+0000] {processor.py:161} INFO - Started process (PID=375) to work on /home/airflow/.local/lib/python3.12/site-packages/airflow/example_dags/example_python_operator.py
[2024-05-26T17:52:07.172+0000] {processor.py:830} INFO - Processing file /home/airflow/.local/lib/python3.12/site-packages/airflow/example_dags/example_python_operator.py for tasks to queue
[2024-05-26T17:52:07.176+0000] {logging_mixin.py:188} INFO - [2024-05-26T17:52:07.175+0000] {dagbag.py:545} INFO - Filling up the DagBag from /home/airflow/.local/lib/python3.12/site-packages/airflow/example_dags/example_python_operator.py
[2024-05-26T17:52:07.190+0000] {processor.py:840} INFO - DAG(s) 'example_python_operator' retrieved from /home/airflow/.local/lib/python3.12/site-packages/airflow/example_dags/example_python_operator.py
[2024-05-26T17:52:07.215+0000] {logging_mixin.py:188} INFO - [2024-05-26T17:52:07.214+0000] {dag.py:3096} INFO - Sync 1 DAGs
[2024-05-26T17:52:07.232+0000] {logging_mixin.py:188} INFO - [2024-05-26T17:52:07.231+0000] {dag.py:3954} INFO - Setting next_dagrun for example_python_operator to None, run_after=None
[2024-05-26T17:52:07.251+0000] {processor.py:183} INFO - Processing /home/airflow/.local/lib/python3.12/site-packages/airflow/example_dags/example_python_operator.py took 0.090 seconds
[2024-05-26T17:57:44.982+0000] {processor.py:161} INFO - Started process (PID=30) to work on /home/airflow/.local/lib/python3.12/site-packages/airflow/example_dags/example_python_operator.py
[2024-05-26T17:57:44.985+0000] {processor.py:830} INFO - Processing file /home/airflow/.local/lib/python3.12/site-packages/airflow/example_dags/example_python_operator.py for tasks to queue
[2024-05-26T17:57:44.988+0000] {logging_mixin.py:188} INFO - [2024-05-26T17:57:44.987+0000] {dagbag.py:545} INFO - Filling up the DagBag from /home/airflow/.local/lib/python3.12/site-packages/airflow/example_dags/example_python_operator.py
[2024-05-26T17:57:45.013+0000] {processor.py:840} INFO - DAG(s) 'example_python_operator' retrieved from /home/airflow/.local/lib/python3.12/site-packages/airflow/example_dags/example_python_operator.py
[2024-05-26T17:57:45.027+0000] {logging_mixin.py:188} INFO - [2024-05-26T17:57:45.027+0000] {dag.py:3096} INFO - Sync 1 DAGs
[2024-05-26T17:57:45.047+0000] {logging_mixin.py:188} INFO - [2024-05-26T17:57:45.047+0000] {dag.py:3954} INFO - Setting next_dagrun for example_python_operator to None, run_after=None
[2024-05-26T17:57:45.076+0000] {processor.py:183} INFO - Processing /home/airflow/.local/lib/python3.12/site-packages/airflow/example_dags/example_python_operator.py took 0.103 seconds
[2024-05-26T17:58:15.744+0000] {processor.py:161} INFO - Started process (PID=88) to work on /home/airflow/.local/lib/python3.12/site-packages/airflow/example_dags/example_python_operator.py
[2024-05-26T17:58:15.749+0000] {processor.py:830} INFO - Processing file /home/airflow/.local/lib/python3.12/site-packages/airflow/example_dags/example_python_operator.py for tasks to queue
[2024-05-26T17:58:15.753+0000] {logging_mixin.py:188} INFO - [2024-05-26T17:58:15.753+0000] {dagbag.py:545} INFO - Filling up the DagBag from /home/airflow/.local/lib/python3.12/site-packages/airflow/example_dags/example_python_operator.py
[2024-05-26T17:58:15.765+0000] {processor.py:840} INFO - DAG(s) 'example_python_operator' retrieved from /home/airflow/.local/lib/python3.12/site-packages/airflow/example_dags/example_python_operator.py
[2024-05-26T17:58:15.897+0000] {logging_mixin.py:188} INFO - [2024-05-26T17:58:15.897+0000] {dag.py:3096} INFO - Sync 1 DAGs
[2024-05-26T17:58:15.909+0000] {logging_mixin.py:188} INFO - [2024-05-26T17:58:15.909+0000] {dag.py:3954} INFO - Setting next_dagrun for example_python_operator to None, run_after=None
[2024-05-26T17:58:15.932+0000] {processor.py:183} INFO - Processing /home/airflow/.local/lib/python3.12/site-packages/airflow/example_dags/example_python_operator.py took 0.203 seconds
[2024-05-26T17:58:46.882+0000] {processor.py:161} INFO - Started process (PID=146) to work on /home/airflow/.local/lib/python3.12/site-packages/airflow/example_dags/example_python_operator.py
[2024-05-26T17:58:46.884+0000] {processor.py:830} INFO - Processing file /home/airflow/.local/lib/python3.12/site-packages/airflow/example_dags/example_python_operator.py for tasks to queue
[2024-05-26T17:58:46.890+0000] {logging_mixin.py:188} INFO - [2024-05-26T17:58:46.889+0000] {dagbag.py:545} INFO - Filling up the DagBag from /home/airflow/.local/lib/python3.12/site-packages/airflow/example_dags/example_python_operator.py
[2024-05-26T17:58:46.909+0000] {processor.py:840} INFO - DAG(s) 'example_python_operator' retrieved from /home/airflow/.local/lib/python3.12/site-packages/airflow/example_dags/example_python_operator.py
[2024-05-26T17:58:46.937+0000] {logging_mixin.py:188} INFO - [2024-05-26T17:58:46.937+0000] {dag.py:3096} INFO - Sync 1 DAGs
[2024-05-26T17:58:46.952+0000] {logging_mixin.py:188} INFO - [2024-05-26T17:58:46.951+0000] {dag.py:3954} INFO - Setting next_dagrun for example_python_operator to None, run_after=None
[2024-05-26T17:58:46.974+0000] {processor.py:183} INFO - Processing /home/airflow/.local/lib/python3.12/site-packages/airflow/example_dags/example_python_operator.py took 0.109 seconds
