[2024-05-26T15:21:32.420+0000] {processor.py:161} INFO - Started process (PID=31) to work on /home/airflow/.local/lib/python3.12/site-packages/airflow/example_dags/example_branch_operator.py
[2024-05-26T15:21:32.421+0000] {processor.py:830} INFO - Processing file /home/airflow/.local/lib/python3.12/site-packages/airflow/example_dags/example_branch_operator.py for tasks to queue
[2024-05-26T15:21:32.423+0000] {logging_mixin.py:188} INFO - [2024-05-26T15:21:32.423+0000] {dagbag.py:545} INFO - Filling up the DagBag from /home/airflow/.local/lib/python3.12/site-packages/airflow/example_dags/example_branch_operator.py
[2024-05-26T15:21:32.445+0000] {processor.py:840} INFO - DAG(s) 'example_branch_operator' retrieved from /home/airflow/.local/lib/python3.12/site-packages/airflow/example_dags/example_branch_operator.py
[2024-05-26T15:21:32.659+0000] {logging_mixin.py:188} INFO - [2024-05-26T15:21:32.658+0000] {dag.py:3096} INFO - Sync 1 DAGs
[2024-05-26T15:21:32.687+0000] {logging_mixin.py:188} INFO - [2024-05-26T15:21:32.686+0000] {dag.py:3954} INFO - Setting next_dagrun for example_branch_operator to 2024-05-25 00:00:00+00:00, run_after=2024-05-26 00:00:00+00:00
[2024-05-26T15:21:32.714+0000] {processor.py:183} INFO - Processing /home/airflow/.local/lib/python3.12/site-packages/airflow/example_dags/example_branch_operator.py took 0.300 seconds
[2024-05-26T15:22:03.008+0000] {processor.py:161} INFO - Started process (PID=89) to work on /home/airflow/.local/lib/python3.12/site-packages/airflow/example_dags/example_branch_operator.py
[2024-05-26T15:22:03.009+0000] {processor.py:830} INFO - Processing file /home/airflow/.local/lib/python3.12/site-packages/airflow/example_dags/example_branch_operator.py for tasks to queue
[2024-05-26T15:22:03.011+0000] {logging_mixin.py:188} INFO - [2024-05-26T15:22:03.011+0000] {dagbag.py:545} INFO - Filling up the DagBag from /home/airflow/.local/lib/python3.12/site-packages/airflow/example_dags/example_branch_operator.py
[2024-05-26T15:22:03.031+0000] {processor.py:840} INFO - DAG(s) 'example_branch_operator' retrieved from /home/airflow/.local/lib/python3.12/site-packages/airflow/example_dags/example_branch_operator.py
[2024-05-26T15:22:03.075+0000] {logging_mixin.py:188} INFO - [2024-05-26T15:22:03.074+0000] {dag.py:3096} INFO - Sync 1 DAGs
[2024-05-26T15:22:03.102+0000] {logging_mixin.py:188} INFO - [2024-05-26T15:22:03.102+0000] {dag.py:3954} INFO - Setting next_dagrun for example_branch_operator to 2024-05-25 00:00:00+00:00, run_after=2024-05-26 00:00:00+00:00
[2024-05-26T15:22:03.125+0000] {processor.py:183} INFO - Processing /home/airflow/.local/lib/python3.12/site-packages/airflow/example_dags/example_branch_operator.py took 0.123 seconds
[2024-05-26T15:22:33.346+0000] {processor.py:161} INFO - Started process (PID=147) to work on /home/airflow/.local/lib/python3.12/site-packages/airflow/example_dags/example_branch_operator.py
[2024-05-26T15:22:33.347+0000] {processor.py:830} INFO - Processing file /home/airflow/.local/lib/python3.12/site-packages/airflow/example_dags/example_branch_operator.py for tasks to queue
[2024-05-26T15:22:33.349+0000] {logging_mixin.py:188} INFO - [2024-05-26T15:22:33.348+0000] {dagbag.py:545} INFO - Filling up the DagBag from /home/airflow/.local/lib/python3.12/site-packages/airflow/example_dags/example_branch_operator.py
[2024-05-26T15:22:33.369+0000] {processor.py:840} INFO - DAG(s) 'example_branch_operator' retrieved from /home/airflow/.local/lib/python3.12/site-packages/airflow/example_dags/example_branch_operator.py
[2024-05-26T15:22:33.403+0000] {logging_mixin.py:188} INFO - [2024-05-26T15:22:33.402+0000] {dag.py:3096} INFO - Sync 1 DAGs
[2024-05-26T15:22:33.430+0000] {logging_mixin.py:188} INFO - [2024-05-26T15:22:33.429+0000] {dag.py:3954} INFO - Setting next_dagrun for example_branch_operator to 2024-05-25 00:00:00+00:00, run_after=2024-05-26 00:00:00+00:00
[2024-05-26T15:22:33.453+0000] {processor.py:183} INFO - Processing /home/airflow/.local/lib/python3.12/site-packages/airflow/example_dags/example_branch_operator.py took 0.114 seconds
[2024-05-26T15:23:03.685+0000] {processor.py:161} INFO - Started process (PID=205) to work on /home/airflow/.local/lib/python3.12/site-packages/airflow/example_dags/example_branch_operator.py
[2024-05-26T15:23:03.686+0000] {processor.py:830} INFO - Processing file /home/airflow/.local/lib/python3.12/site-packages/airflow/example_dags/example_branch_operator.py for tasks to queue
[2024-05-26T15:23:03.688+0000] {logging_mixin.py:188} INFO - [2024-05-26T15:23:03.688+0000] {dagbag.py:545} INFO - Filling up the DagBag from /home/airflow/.local/lib/python3.12/site-packages/airflow/example_dags/example_branch_operator.py
[2024-05-26T15:23:03.706+0000] {processor.py:840} INFO - DAG(s) 'example_branch_operator' retrieved from /home/airflow/.local/lib/python3.12/site-packages/airflow/example_dags/example_branch_operator.py
[2024-05-26T15:23:03.740+0000] {logging_mixin.py:188} INFO - [2024-05-26T15:23:03.739+0000] {dag.py:3096} INFO - Sync 1 DAGs
[2024-05-26T15:23:03.765+0000] {logging_mixin.py:188} INFO - [2024-05-26T15:23:03.765+0000] {dag.py:3954} INFO - Setting next_dagrun for example_branch_operator to 2024-05-25 00:00:00+00:00, run_after=2024-05-26 00:00:00+00:00
[2024-05-26T15:23:03.786+0000] {processor.py:183} INFO - Processing /home/airflow/.local/lib/python3.12/site-packages/airflow/example_dags/example_branch_operator.py took 0.112 seconds
[2024-05-26T15:23:34.602+0000] {processor.py:161} INFO - Started process (PID=263) to work on /home/airflow/.local/lib/python3.12/site-packages/airflow/example_dags/example_branch_operator.py
[2024-05-26T15:23:34.603+0000] {processor.py:830} INFO - Processing file /home/airflow/.local/lib/python3.12/site-packages/airflow/example_dags/example_branch_operator.py for tasks to queue
[2024-05-26T15:23:34.605+0000] {logging_mixin.py:188} INFO - [2024-05-26T15:23:34.605+0000] {dagbag.py:545} INFO - Filling up the DagBag from /home/airflow/.local/lib/python3.12/site-packages/airflow/example_dags/example_branch_operator.py
[2024-05-26T15:23:34.637+0000] {processor.py:840} INFO - DAG(s) 'example_branch_operator' retrieved from /home/airflow/.local/lib/python3.12/site-packages/airflow/example_dags/example_branch_operator.py
[2024-05-26T15:23:34.691+0000] {logging_mixin.py:188} INFO - [2024-05-26T15:23:34.691+0000] {dag.py:3096} INFO - Sync 1 DAGs
[2024-05-26T15:23:34.720+0000] {logging_mixin.py:188} INFO - [2024-05-26T15:23:34.719+0000] {dag.py:3954} INFO - Setting next_dagrun for example_branch_operator to 2024-05-25 00:00:00+00:00, run_after=2024-05-26 00:00:00+00:00
[2024-05-26T15:23:34.739+0000] {processor.py:183} INFO - Processing /home/airflow/.local/lib/python3.12/site-packages/airflow/example_dags/example_branch_operator.py took 0.145 seconds
[2024-05-26T15:24:05.564+0000] {processor.py:161} INFO - Started process (PID=321) to work on /home/airflow/.local/lib/python3.12/site-packages/airflow/example_dags/example_branch_operator.py
[2024-05-26T15:24:05.569+0000] {processor.py:830} INFO - Processing file /home/airflow/.local/lib/python3.12/site-packages/airflow/example_dags/example_branch_operator.py for tasks to queue
[2024-05-26T15:24:05.573+0000] {logging_mixin.py:188} INFO - [2024-05-26T15:24:05.573+0000] {dagbag.py:545} INFO - Filling up the DagBag from /home/airflow/.local/lib/python3.12/site-packages/airflow/example_dags/example_branch_operator.py
[2024-05-26T15:24:05.602+0000] {processor.py:840} INFO - DAG(s) 'example_branch_operator' retrieved from /home/airflow/.local/lib/python3.12/site-packages/airflow/example_dags/example_branch_operator.py
[2024-05-26T15:24:05.661+0000] {logging_mixin.py:188} INFO - [2024-05-26T15:24:05.660+0000] {dag.py:3096} INFO - Sync 1 DAGs
[2024-05-26T15:24:05.697+0000] {logging_mixin.py:188} INFO - [2024-05-26T15:24:05.697+0000] {dag.py:3954} INFO - Setting next_dagrun for example_branch_operator to 2024-05-25 00:00:00+00:00, run_after=2024-05-26 00:00:00+00:00
[2024-05-26T15:24:05.727+0000] {processor.py:183} INFO - Processing /home/airflow/.local/lib/python3.12/site-packages/airflow/example_dags/example_branch_operator.py took 0.179 seconds
[2024-05-26T15:24:35.852+0000] {processor.py:161} INFO - Started process (PID=378) to work on /home/airflow/.local/lib/python3.12/site-packages/airflow/example_dags/example_branch_operator.py
[2024-05-26T15:24:35.855+0000] {processor.py:830} INFO - Processing file /home/airflow/.local/lib/python3.12/site-packages/airflow/example_dags/example_branch_operator.py for tasks to queue
[2024-05-26T15:24:35.861+0000] {logging_mixin.py:188} INFO - [2024-05-26T15:24:35.861+0000] {dagbag.py:545} INFO - Filling up the DagBag from /home/airflow/.local/lib/python3.12/site-packages/airflow/example_dags/example_branch_operator.py
[2024-05-26T15:24:35.889+0000] {processor.py:840} INFO - DAG(s) 'example_branch_operator' retrieved from /home/airflow/.local/lib/python3.12/site-packages/airflow/example_dags/example_branch_operator.py
[2024-05-26T15:24:35.949+0000] {logging_mixin.py:188} INFO - [2024-05-26T15:24:35.949+0000] {dag.py:3096} INFO - Sync 1 DAGs
[2024-05-26T15:24:35.975+0000] {logging_mixin.py:188} INFO - [2024-05-26T15:24:35.975+0000] {dag.py:3954} INFO - Setting next_dagrun for example_branch_operator to 2024-05-25 00:00:00+00:00, run_after=2024-05-26 00:00:00+00:00
[2024-05-26T15:24:35.996+0000] {processor.py:183} INFO - Processing /home/airflow/.local/lib/python3.12/site-packages/airflow/example_dags/example_branch_operator.py took 0.158 seconds
[2024-05-26T15:25:06.063+0000] {processor.py:161} INFO - Started process (PID=436) to work on /home/airflow/.local/lib/python3.12/site-packages/airflow/example_dags/example_branch_operator.py
[2024-05-26T15:25:06.065+0000] {processor.py:830} INFO - Processing file /home/airflow/.local/lib/python3.12/site-packages/airflow/example_dags/example_branch_operator.py for tasks to queue
[2024-05-26T15:25:06.069+0000] {logging_mixin.py:188} INFO - [2024-05-26T15:25:06.069+0000] {dagbag.py:545} INFO - Filling up the DagBag from /home/airflow/.local/lib/python3.12/site-packages/airflow/example_dags/example_branch_operator.py
[2024-05-26T15:25:06.087+0000] {processor.py:840} INFO - DAG(s) 'example_branch_operator' retrieved from /home/airflow/.local/lib/python3.12/site-packages/airflow/example_dags/example_branch_operator.py
[2024-05-26T15:25:06.125+0000] {logging_mixin.py:188} INFO - [2024-05-26T15:25:06.125+0000] {dag.py:3096} INFO - Sync 1 DAGs
[2024-05-26T15:25:06.159+0000] {logging_mixin.py:188} INFO - [2024-05-26T15:25:06.159+0000] {dag.py:3954} INFO - Setting next_dagrun for example_branch_operator to 2024-05-25 00:00:00+00:00, run_after=2024-05-26 00:00:00+00:00
[2024-05-26T15:25:06.184+0000] {processor.py:183} INFO - Processing /home/airflow/.local/lib/python3.12/site-packages/airflow/example_dags/example_branch_operator.py took 0.136 seconds
[2024-05-26T15:25:36.373+0000] {processor.py:161} INFO - Started process (PID=494) to work on /home/airflow/.local/lib/python3.12/site-packages/airflow/example_dags/example_branch_operator.py
[2024-05-26T15:25:36.378+0000] {processor.py:830} INFO - Processing file /home/airflow/.local/lib/python3.12/site-packages/airflow/example_dags/example_branch_operator.py for tasks to queue
[2024-05-26T15:25:36.381+0000] {logging_mixin.py:188} INFO - [2024-05-26T15:25:36.380+0000] {dagbag.py:545} INFO - Filling up the DagBag from /home/airflow/.local/lib/python3.12/site-packages/airflow/example_dags/example_branch_operator.py
[2024-05-26T15:25:36.403+0000] {processor.py:840} INFO - DAG(s) 'example_branch_operator' retrieved from /home/airflow/.local/lib/python3.12/site-packages/airflow/example_dags/example_branch_operator.py
[2024-05-26T15:25:36.441+0000] {logging_mixin.py:188} INFO - [2024-05-26T15:25:36.440+0000] {dag.py:3096} INFO - Sync 1 DAGs
[2024-05-26T15:25:36.475+0000] {logging_mixin.py:188} INFO - [2024-05-26T15:25:36.475+0000] {dag.py:3954} INFO - Setting next_dagrun for example_branch_operator to 2024-05-25 00:00:00+00:00, run_after=2024-05-26 00:00:00+00:00
[2024-05-26T15:25:36.505+0000] {processor.py:183} INFO - Processing /home/airflow/.local/lib/python3.12/site-packages/airflow/example_dags/example_branch_operator.py took 0.147 seconds
[2024-05-26T15:26:06.688+0000] {processor.py:161} INFO - Started process (PID=552) to work on /home/airflow/.local/lib/python3.12/site-packages/airflow/example_dags/example_branch_operator.py
[2024-05-26T15:26:06.691+0000] {processor.py:830} INFO - Processing file /home/airflow/.local/lib/python3.12/site-packages/airflow/example_dags/example_branch_operator.py for tasks to queue
[2024-05-26T15:26:06.695+0000] {logging_mixin.py:188} INFO - [2024-05-26T15:26:06.694+0000] {dagbag.py:545} INFO - Filling up the DagBag from /home/airflow/.local/lib/python3.12/site-packages/airflow/example_dags/example_branch_operator.py
[2024-05-26T15:26:06.730+0000] {processor.py:840} INFO - DAG(s) 'example_branch_operator' retrieved from /home/airflow/.local/lib/python3.12/site-packages/airflow/example_dags/example_branch_operator.py
[2024-05-26T15:26:06.769+0000] {logging_mixin.py:188} INFO - [2024-05-26T15:26:06.768+0000] {dag.py:3096} INFO - Sync 1 DAGs
[2024-05-26T15:26:06.796+0000] {logging_mixin.py:188} INFO - [2024-05-26T15:26:06.795+0000] {dag.py:3954} INFO - Setting next_dagrun for example_branch_operator to 2024-05-25 00:00:00+00:00, run_after=2024-05-26 00:00:00+00:00
[2024-05-26T15:26:06.818+0000] {processor.py:183} INFO - Processing /home/airflow/.local/lib/python3.12/site-packages/airflow/example_dags/example_branch_operator.py took 0.144 seconds
[2024-05-26T15:26:37.373+0000] {processor.py:161} INFO - Started process (PID=610) to work on /home/airflow/.local/lib/python3.12/site-packages/airflow/example_dags/example_branch_operator.py
[2024-05-26T15:26:37.378+0000] {processor.py:830} INFO - Processing file /home/airflow/.local/lib/python3.12/site-packages/airflow/example_dags/example_branch_operator.py for tasks to queue
[2024-05-26T15:26:37.382+0000] {logging_mixin.py:188} INFO - [2024-05-26T15:26:37.382+0000] {dagbag.py:545} INFO - Filling up the DagBag from /home/airflow/.local/lib/python3.12/site-packages/airflow/example_dags/example_branch_operator.py
[2024-05-26T15:26:37.410+0000] {processor.py:840} INFO - DAG(s) 'example_branch_operator' retrieved from /home/airflow/.local/lib/python3.12/site-packages/airflow/example_dags/example_branch_operator.py
[2024-05-26T15:26:37.447+0000] {logging_mixin.py:188} INFO - [2024-05-26T15:26:37.446+0000] {dag.py:3096} INFO - Sync 1 DAGs
[2024-05-26T15:26:37.476+0000] {logging_mixin.py:188} INFO - [2024-05-26T15:26:37.475+0000] {dag.py:3954} INFO - Setting next_dagrun for example_branch_operator to 2024-05-25 00:00:00+00:00, run_after=2024-05-26 00:00:00+00:00
[2024-05-26T15:26:37.498+0000] {processor.py:183} INFO - Processing /home/airflow/.local/lib/python3.12/site-packages/airflow/example_dags/example_branch_operator.py took 0.139 seconds
[2024-05-26T15:27:07.675+0000] {processor.py:161} INFO - Started process (PID=668) to work on /home/airflow/.local/lib/python3.12/site-packages/airflow/example_dags/example_branch_operator.py
[2024-05-26T15:27:07.678+0000] {processor.py:830} INFO - Processing file /home/airflow/.local/lib/python3.12/site-packages/airflow/example_dags/example_branch_operator.py for tasks to queue
[2024-05-26T15:27:07.683+0000] {logging_mixin.py:188} INFO - [2024-05-26T15:27:07.682+0000] {dagbag.py:545} INFO - Filling up the DagBag from /home/airflow/.local/lib/python3.12/site-packages/airflow/example_dags/example_branch_operator.py
[2024-05-26T15:27:07.712+0000] {processor.py:840} INFO - DAG(s) 'example_branch_operator' retrieved from /home/airflow/.local/lib/python3.12/site-packages/airflow/example_dags/example_branch_operator.py
[2024-05-26T15:27:07.758+0000] {logging_mixin.py:188} INFO - [2024-05-26T15:27:07.757+0000] {dag.py:3096} INFO - Sync 1 DAGs
[2024-05-26T15:27:07.785+0000] {logging_mixin.py:188} INFO - [2024-05-26T15:27:07.785+0000] {dag.py:3954} INFO - Setting next_dagrun for example_branch_operator to 2024-05-25 00:00:00+00:00, run_after=2024-05-26 00:00:00+00:00
[2024-05-26T15:27:07.807+0000] {processor.py:183} INFO - Processing /home/airflow/.local/lib/python3.12/site-packages/airflow/example_dags/example_branch_operator.py took 0.146 seconds
[2024-05-26T17:43:35.334+0000] {processor.py:161} INFO - Started process (PID=36) to work on /home/airflow/.local/lib/python3.12/site-packages/airflow/example_dags/example_branch_operator.py
[2024-05-26T17:43:35.336+0000] {processor.py:830} INFO - Processing file /home/airflow/.local/lib/python3.12/site-packages/airflow/example_dags/example_branch_operator.py for tasks to queue
[2024-05-26T17:43:35.337+0000] {logging_mixin.py:188} INFO - [2024-05-26T17:43:35.337+0000] {dagbag.py:545} INFO - Filling up the DagBag from /home/airflow/.local/lib/python3.12/site-packages/airflow/example_dags/example_branch_operator.py
[2024-05-26T17:43:35.360+0000] {processor.py:840} INFO - DAG(s) 'example_branch_operator' retrieved from /home/airflow/.local/lib/python3.12/site-packages/airflow/example_dags/example_branch_operator.py
[2024-05-26T17:43:35.377+0000] {logging_mixin.py:188} INFO - [2024-05-26T17:43:35.375+0000] {dag.py:3096} INFO - Sync 1 DAGs
[2024-05-26T17:43:35.407+0000] {logging_mixin.py:188} INFO - [2024-05-26T17:43:35.407+0000] {dag.py:3954} INFO - Setting next_dagrun for example_branch_operator to 2024-05-25 00:00:00+00:00, run_after=2024-05-26 00:00:00+00:00
[2024-05-26T17:43:35.428+0000] {processor.py:183} INFO - Processing /home/airflow/.local/lib/python3.12/site-packages/airflow/example_dags/example_branch_operator.py took 0.100 seconds
[2024-05-26T17:44:06.793+0000] {processor.py:161} INFO - Started process (PID=94) to work on /home/airflow/.local/lib/python3.12/site-packages/airflow/example_dags/example_branch_operator.py
[2024-05-26T17:44:06.795+0000] {processor.py:830} INFO - Processing file /home/airflow/.local/lib/python3.12/site-packages/airflow/example_dags/example_branch_operator.py for tasks to queue
[2024-05-26T17:44:06.797+0000] {logging_mixin.py:188} INFO - [2024-05-26T17:44:06.796+0000] {dagbag.py:545} INFO - Filling up the DagBag from /home/airflow/.local/lib/python3.12/site-packages/airflow/example_dags/example_branch_operator.py
[2024-05-26T17:44:06.819+0000] {processor.py:840} INFO - DAG(s) 'example_branch_operator' retrieved from /home/airflow/.local/lib/python3.12/site-packages/airflow/example_dags/example_branch_operator.py
[2024-05-26T17:44:06.963+0000] {logging_mixin.py:188} INFO - [2024-05-26T17:44:06.963+0000] {dag.py:3096} INFO - Sync 1 DAGs
[2024-05-26T17:44:07.007+0000] {logging_mixin.py:188} INFO - [2024-05-26T17:44:07.007+0000] {dag.py:3954} INFO - Setting next_dagrun for example_branch_operator to 2024-05-25 00:00:00+00:00, run_after=2024-05-26 00:00:00+00:00
[2024-05-26T17:44:07.041+0000] {processor.py:183} INFO - Processing /home/airflow/.local/lib/python3.12/site-packages/airflow/example_dags/example_branch_operator.py took 0.254 seconds
[2024-05-26T17:44:37.737+0000] {processor.py:161} INFO - Started process (PID=152) to work on /home/airflow/.local/lib/python3.12/site-packages/airflow/example_dags/example_branch_operator.py
[2024-05-26T17:44:37.739+0000] {processor.py:830} INFO - Processing file /home/airflow/.local/lib/python3.12/site-packages/airflow/example_dags/example_branch_operator.py for tasks to queue
[2024-05-26T17:44:37.741+0000] {logging_mixin.py:188} INFO - [2024-05-26T17:44:37.741+0000] {dagbag.py:545} INFO - Filling up the DagBag from /home/airflow/.local/lib/python3.12/site-packages/airflow/example_dags/example_branch_operator.py
[2024-05-26T17:44:37.773+0000] {processor.py:840} INFO - DAG(s) 'example_branch_operator' retrieved from /home/airflow/.local/lib/python3.12/site-packages/airflow/example_dags/example_branch_operator.py
[2024-05-26T17:44:37.807+0000] {logging_mixin.py:188} INFO - [2024-05-26T17:44:37.807+0000] {dag.py:3096} INFO - Sync 1 DAGs
[2024-05-26T17:44:37.848+0000] {logging_mixin.py:188} INFO - [2024-05-26T17:44:37.848+0000] {dag.py:3954} INFO - Setting next_dagrun for example_branch_operator to 2024-05-25 00:00:00+00:00, run_after=2024-05-26 00:00:00+00:00
[2024-05-26T17:44:37.872+0000] {processor.py:183} INFO - Processing /home/airflow/.local/lib/python3.12/site-packages/airflow/example_dags/example_branch_operator.py took 0.141 seconds
[2024-05-26T17:45:08.296+0000] {processor.py:161} INFO - Started process (PID=209) to work on /home/airflow/.local/lib/python3.12/site-packages/airflow/example_dags/example_branch_operator.py
[2024-05-26T17:45:08.297+0000] {processor.py:830} INFO - Processing file /home/airflow/.local/lib/python3.12/site-packages/airflow/example_dags/example_branch_operator.py for tasks to queue
[2024-05-26T17:45:08.299+0000] {logging_mixin.py:188} INFO - [2024-05-26T17:45:08.299+0000] {dagbag.py:545} INFO - Filling up the DagBag from /home/airflow/.local/lib/python3.12/site-packages/airflow/example_dags/example_branch_operator.py
[2024-05-26T17:45:08.318+0000] {processor.py:840} INFO - DAG(s) 'example_branch_operator' retrieved from /home/airflow/.local/lib/python3.12/site-packages/airflow/example_dags/example_branch_operator.py
[2024-05-26T17:45:08.351+0000] {logging_mixin.py:188} INFO - [2024-05-26T17:45:08.351+0000] {dag.py:3096} INFO - Sync 1 DAGs
[2024-05-26T17:45:08.383+0000] {logging_mixin.py:188} INFO - [2024-05-26T17:45:08.383+0000] {dag.py:3954} INFO - Setting next_dagrun for example_branch_operator to 2024-05-25 00:00:00+00:00, run_after=2024-05-26 00:00:00+00:00
[2024-05-26T17:45:08.403+0000] {processor.py:183} INFO - Processing /home/airflow/.local/lib/python3.12/site-packages/airflow/example_dags/example_branch_operator.py took 0.114 seconds
[2024-05-26T17:45:38.521+0000] {processor.py:161} INFO - Started process (PID=267) to work on /home/airflow/.local/lib/python3.12/site-packages/airflow/example_dags/example_branch_operator.py
[2024-05-26T17:45:38.523+0000] {processor.py:830} INFO - Processing file /home/airflow/.local/lib/python3.12/site-packages/airflow/example_dags/example_branch_operator.py for tasks to queue
[2024-05-26T17:45:38.525+0000] {logging_mixin.py:188} INFO - [2024-05-26T17:45:38.525+0000] {dagbag.py:545} INFO - Filling up the DagBag from /home/airflow/.local/lib/python3.12/site-packages/airflow/example_dags/example_branch_operator.py
[2024-05-26T17:45:38.546+0000] {processor.py:840} INFO - DAG(s) 'example_branch_operator' retrieved from /home/airflow/.local/lib/python3.12/site-packages/airflow/example_dags/example_branch_operator.py
[2024-05-26T17:45:38.585+0000] {logging_mixin.py:188} INFO - [2024-05-26T17:45:38.585+0000] {dag.py:3096} INFO - Sync 1 DAGs
[2024-05-26T17:45:38.616+0000] {logging_mixin.py:188} INFO - [2024-05-26T17:45:38.616+0000] {dag.py:3954} INFO - Setting next_dagrun for example_branch_operator to 2024-05-25 00:00:00+00:00, run_after=2024-05-26 00:00:00+00:00
[2024-05-26T17:45:38.644+0000] {processor.py:183} INFO - Processing /home/airflow/.local/lib/python3.12/site-packages/airflow/example_dags/example_branch_operator.py took 0.129 seconds
[2024-05-26T17:46:09.109+0000] {processor.py:161} INFO - Started process (PID=324) to work on /home/airflow/.local/lib/python3.12/site-packages/airflow/example_dags/example_branch_operator.py
[2024-05-26T17:46:09.110+0000] {processor.py:830} INFO - Processing file /home/airflow/.local/lib/python3.12/site-packages/airflow/example_dags/example_branch_operator.py for tasks to queue
[2024-05-26T17:46:09.112+0000] {logging_mixin.py:188} INFO - [2024-05-26T17:46:09.111+0000] {dagbag.py:545} INFO - Filling up the DagBag from /home/airflow/.local/lib/python3.12/site-packages/airflow/example_dags/example_branch_operator.py
[2024-05-26T17:46:09.129+0000] {processor.py:840} INFO - DAG(s) 'example_branch_operator' retrieved from /home/airflow/.local/lib/python3.12/site-packages/airflow/example_dags/example_branch_operator.py
[2024-05-26T17:46:09.166+0000] {logging_mixin.py:188} INFO - [2024-05-26T17:46:09.166+0000] {dag.py:3096} INFO - Sync 1 DAGs
[2024-05-26T17:46:09.193+0000] {logging_mixin.py:188} INFO - [2024-05-26T17:46:09.193+0000] {dag.py:3954} INFO - Setting next_dagrun for example_branch_operator to 2024-05-25 00:00:00+00:00, run_after=2024-05-26 00:00:00+00:00
[2024-05-26T17:46:09.213+0000] {processor.py:183} INFO - Processing /home/airflow/.local/lib/python3.12/site-packages/airflow/example_dags/example_branch_operator.py took 0.110 seconds
[2024-05-26T17:46:39.722+0000] {processor.py:161} INFO - Started process (PID=382) to work on /home/airflow/.local/lib/python3.12/site-packages/airflow/example_dags/example_branch_operator.py
[2024-05-26T17:46:39.723+0000] {processor.py:830} INFO - Processing file /home/airflow/.local/lib/python3.12/site-packages/airflow/example_dags/example_branch_operator.py for tasks to queue
[2024-05-26T17:46:39.725+0000] {logging_mixin.py:188} INFO - [2024-05-26T17:46:39.725+0000] {dagbag.py:545} INFO - Filling up the DagBag from /home/airflow/.local/lib/python3.12/site-packages/airflow/example_dags/example_branch_operator.py
[2024-05-26T17:46:39.744+0000] {processor.py:840} INFO - DAG(s) 'example_branch_operator' retrieved from /home/airflow/.local/lib/python3.12/site-packages/airflow/example_dags/example_branch_operator.py
[2024-05-26T17:46:39.780+0000] {logging_mixin.py:188} INFO - [2024-05-26T17:46:39.780+0000] {dag.py:3096} INFO - Sync 1 DAGs
[2024-05-26T17:46:39.812+0000] {logging_mixin.py:188} INFO - [2024-05-26T17:46:39.811+0000] {dag.py:3954} INFO - Setting next_dagrun for example_branch_operator to 2024-05-25 00:00:00+00:00, run_after=2024-05-26 00:00:00+00:00
[2024-05-26T17:46:39.835+0000] {processor.py:183} INFO - Processing /home/airflow/.local/lib/python3.12/site-packages/airflow/example_dags/example_branch_operator.py took 0.120 seconds
[2024-05-26T17:47:10.241+0000] {processor.py:161} INFO - Started process (PID=440) to work on /home/airflow/.local/lib/python3.12/site-packages/airflow/example_dags/example_branch_operator.py
[2024-05-26T17:47:10.242+0000] {processor.py:830} INFO - Processing file /home/airflow/.local/lib/python3.12/site-packages/airflow/example_dags/example_branch_operator.py for tasks to queue
[2024-05-26T17:47:10.245+0000] {logging_mixin.py:188} INFO - [2024-05-26T17:47:10.245+0000] {dagbag.py:545} INFO - Filling up the DagBag from /home/airflow/.local/lib/python3.12/site-packages/airflow/example_dags/example_branch_operator.py
[2024-05-26T17:47:10.272+0000] {processor.py:840} INFO - DAG(s) 'example_branch_operator' retrieved from /home/airflow/.local/lib/python3.12/site-packages/airflow/example_dags/example_branch_operator.py
[2024-05-26T17:47:10.324+0000] {logging_mixin.py:188} INFO - [2024-05-26T17:47:10.324+0000] {dag.py:3096} INFO - Sync 1 DAGs
[2024-05-26T17:47:10.363+0000] {logging_mixin.py:188} INFO - [2024-05-26T17:47:10.363+0000] {dag.py:3954} INFO - Setting next_dagrun for example_branch_operator to 2024-05-25 00:00:00+00:00, run_after=2024-05-26 00:00:00+00:00
[2024-05-26T17:47:10.394+0000] {processor.py:183} INFO - Processing /home/airflow/.local/lib/python3.12/site-packages/airflow/example_dags/example_branch_operator.py took 0.159 seconds
[2024-05-26T17:47:40.521+0000] {processor.py:161} INFO - Started process (PID=498) to work on /home/airflow/.local/lib/python3.12/site-packages/airflow/example_dags/example_branch_operator.py
[2024-05-26T17:47:40.522+0000] {processor.py:830} INFO - Processing file /home/airflow/.local/lib/python3.12/site-packages/airflow/example_dags/example_branch_operator.py for tasks to queue
[2024-05-26T17:47:40.525+0000] {logging_mixin.py:188} INFO - [2024-05-26T17:47:40.524+0000] {dagbag.py:545} INFO - Filling up the DagBag from /home/airflow/.local/lib/python3.12/site-packages/airflow/example_dags/example_branch_operator.py
[2024-05-26T17:47:40.546+0000] {processor.py:840} INFO - DAG(s) 'example_branch_operator' retrieved from /home/airflow/.local/lib/python3.12/site-packages/airflow/example_dags/example_branch_operator.py
[2024-05-26T17:47:40.581+0000] {logging_mixin.py:188} INFO - [2024-05-26T17:47:40.580+0000] {dag.py:3096} INFO - Sync 1 DAGs
[2024-05-26T17:47:40.610+0000] {logging_mixin.py:188} INFO - [2024-05-26T17:47:40.610+0000] {dag.py:3954} INFO - Setting next_dagrun for example_branch_operator to 2024-05-25 00:00:00+00:00, run_after=2024-05-26 00:00:00+00:00
[2024-05-26T17:47:40.632+0000] {processor.py:183} INFO - Processing /home/airflow/.local/lib/python3.12/site-packages/airflow/example_dags/example_branch_operator.py took 0.119 seconds
[2024-05-26T17:49:05.440+0000] {processor.py:161} INFO - Started process (PID=36) to work on /home/airflow/.local/lib/python3.12/site-packages/airflow/example_dags/example_branch_operator.py
[2024-05-26T17:49:05.445+0000] {processor.py:830} INFO - Processing file /home/airflow/.local/lib/python3.12/site-packages/airflow/example_dags/example_branch_operator.py for tasks to queue
[2024-05-26T17:49:05.448+0000] {logging_mixin.py:188} INFO - [2024-05-26T17:49:05.447+0000] {dagbag.py:545} INFO - Filling up the DagBag from /home/airflow/.local/lib/python3.12/site-packages/airflow/example_dags/example_branch_operator.py
[2024-05-26T17:49:05.472+0000] {processor.py:840} INFO - DAG(s) 'example_branch_operator' retrieved from /home/airflow/.local/lib/python3.12/site-packages/airflow/example_dags/example_branch_operator.py
[2024-05-26T17:49:05.486+0000] {logging_mixin.py:188} INFO - [2024-05-26T17:49:05.486+0000] {dag.py:3096} INFO - Sync 1 DAGs
[2024-05-26T17:49:05.518+0000] {logging_mixin.py:188} INFO - [2024-05-26T17:49:05.518+0000] {dag.py:3954} INFO - Setting next_dagrun for example_branch_operator to 2024-05-25 00:00:00+00:00, run_after=2024-05-26 00:00:00+00:00
[2024-05-26T17:49:05.778+0000] {processor.py:183} INFO - Processing /home/airflow/.local/lib/python3.12/site-packages/airflow/example_dags/example_branch_operator.py took 0.347 seconds
[2024-05-26T17:49:36.159+0000] {processor.py:161} INFO - Started process (PID=94) to work on /home/airflow/.local/lib/python3.12/site-packages/airflow/example_dags/example_branch_operator.py
[2024-05-26T17:49:36.160+0000] {processor.py:830} INFO - Processing file /home/airflow/.local/lib/python3.12/site-packages/airflow/example_dags/example_branch_operator.py for tasks to queue
[2024-05-26T17:49:36.163+0000] {logging_mixin.py:188} INFO - [2024-05-26T17:49:36.162+0000] {dagbag.py:545} INFO - Filling up the DagBag from /home/airflow/.local/lib/python3.12/site-packages/airflow/example_dags/example_branch_operator.py
[2024-05-26T17:49:36.184+0000] {processor.py:840} INFO - DAG(s) 'example_branch_operator' retrieved from /home/airflow/.local/lib/python3.12/site-packages/airflow/example_dags/example_branch_operator.py
[2024-05-26T17:49:36.313+0000] {logging_mixin.py:188} INFO - [2024-05-26T17:49:36.313+0000] {dag.py:3096} INFO - Sync 1 DAGs
[2024-05-26T17:49:36.338+0000] {logging_mixin.py:188} INFO - [2024-05-26T17:49:36.337+0000] {dag.py:3954} INFO - Setting next_dagrun for example_branch_operator to 2024-05-25 00:00:00+00:00, run_after=2024-05-26 00:00:00+00:00
[2024-05-26T17:49:36.362+0000] {processor.py:183} INFO - Processing /home/airflow/.local/lib/python3.12/site-packages/airflow/example_dags/example_branch_operator.py took 0.211 seconds
[2024-05-26T17:50:07.375+0000] {processor.py:161} INFO - Started process (PID=151) to work on /home/airflow/.local/lib/python3.12/site-packages/airflow/example_dags/example_branch_operator.py
[2024-05-26T17:50:07.379+0000] {processor.py:830} INFO - Processing file /home/airflow/.local/lib/python3.12/site-packages/airflow/example_dags/example_branch_operator.py for tasks to queue
[2024-05-26T17:50:07.383+0000] {logging_mixin.py:188} INFO - [2024-05-26T17:50:07.382+0000] {dagbag.py:545} INFO - Filling up the DagBag from /home/airflow/.local/lib/python3.12/site-packages/airflow/example_dags/example_branch_operator.py
[2024-05-26T17:50:07.411+0000] {processor.py:840} INFO - DAG(s) 'example_branch_operator' retrieved from /home/airflow/.local/lib/python3.12/site-packages/airflow/example_dags/example_branch_operator.py
[2024-05-26T17:50:07.451+0000] {logging_mixin.py:188} INFO - [2024-05-26T17:50:07.451+0000] {dag.py:3096} INFO - Sync 1 DAGs
[2024-05-26T17:50:07.480+0000] {logging_mixin.py:188} INFO - [2024-05-26T17:50:07.480+0000] {dag.py:3954} INFO - Setting next_dagrun for example_branch_operator to 2024-05-25 00:00:00+00:00, run_after=2024-05-26 00:00:00+00:00
[2024-05-26T17:50:07.503+0000] {processor.py:183} INFO - Processing /home/airflow/.local/lib/python3.12/site-packages/airflow/example_dags/example_branch_operator.py took 0.143 seconds
[2024-05-26T17:50:37.574+0000] {processor.py:161} INFO - Started process (PID=208) to work on /home/airflow/.local/lib/python3.12/site-packages/airflow/example_dags/example_branch_operator.py
[2024-05-26T17:50:37.576+0000] {processor.py:830} INFO - Processing file /home/airflow/.local/lib/python3.12/site-packages/airflow/example_dags/example_branch_operator.py for tasks to queue
[2024-05-26T17:50:37.580+0000] {logging_mixin.py:188} INFO - [2024-05-26T17:50:37.579+0000] {dagbag.py:545} INFO - Filling up the DagBag from /home/airflow/.local/lib/python3.12/site-packages/airflow/example_dags/example_branch_operator.py
[2024-05-26T17:50:37.608+0000] {processor.py:840} INFO - DAG(s) 'example_branch_operator' retrieved from /home/airflow/.local/lib/python3.12/site-packages/airflow/example_dags/example_branch_operator.py
[2024-05-26T17:50:37.647+0000] {logging_mixin.py:188} INFO - [2024-05-26T17:50:37.647+0000] {dag.py:3096} INFO - Sync 1 DAGs
[2024-05-26T17:50:37.672+0000] {logging_mixin.py:188} INFO - [2024-05-26T17:50:37.672+0000] {dag.py:3954} INFO - Setting next_dagrun for example_branch_operator to 2024-05-25 00:00:00+00:00, run_after=2024-05-26 00:00:00+00:00
[2024-05-26T17:50:37.696+0000] {processor.py:183} INFO - Processing /home/airflow/.local/lib/python3.12/site-packages/airflow/example_dags/example_branch_operator.py took 0.137 seconds
[2024-05-26T17:51:07.986+0000] {processor.py:161} INFO - Started process (PID=265) to work on /home/airflow/.local/lib/python3.12/site-packages/airflow/example_dags/example_branch_operator.py
[2024-05-26T17:51:07.987+0000] {processor.py:830} INFO - Processing file /home/airflow/.local/lib/python3.12/site-packages/airflow/example_dags/example_branch_operator.py for tasks to queue
[2024-05-26T17:51:07.990+0000] {logging_mixin.py:188} INFO - [2024-05-26T17:51:07.989+0000] {dagbag.py:545} INFO - Filling up the DagBag from /home/airflow/.local/lib/python3.12/site-packages/airflow/example_dags/example_branch_operator.py
[2024-05-26T17:51:08.013+0000] {processor.py:840} INFO - DAG(s) 'example_branch_operator' retrieved from /home/airflow/.local/lib/python3.12/site-packages/airflow/example_dags/example_branch_operator.py
[2024-05-26T17:51:08.060+0000] {logging_mixin.py:188} INFO - [2024-05-26T17:51:08.059+0000] {dag.py:3096} INFO - Sync 1 DAGs
[2024-05-26T17:51:08.094+0000] {logging_mixin.py:188} INFO - [2024-05-26T17:51:08.094+0000] {dag.py:3954} INFO - Setting next_dagrun for example_branch_operator to 2024-05-25 00:00:00+00:00, run_after=2024-05-26 00:00:00+00:00
[2024-05-26T17:51:08.122+0000] {processor.py:183} INFO - Processing /home/airflow/.local/lib/python3.12/site-packages/airflow/example_dags/example_branch_operator.py took 0.144 seconds
[2024-05-26T17:51:38.315+0000] {processor.py:161} INFO - Started process (PID=323) to work on /home/airflow/.local/lib/python3.12/site-packages/airflow/example_dags/example_branch_operator.py
[2024-05-26T17:51:38.316+0000] {processor.py:830} INFO - Processing file /home/airflow/.local/lib/python3.12/site-packages/airflow/example_dags/example_branch_operator.py for tasks to queue
[2024-05-26T17:51:38.321+0000] {logging_mixin.py:188} INFO - [2024-05-26T17:51:38.320+0000] {dagbag.py:545} INFO - Filling up the DagBag from /home/airflow/.local/lib/python3.12/site-packages/airflow/example_dags/example_branch_operator.py
[2024-05-26T17:51:38.347+0000] {processor.py:840} INFO - DAG(s) 'example_branch_operator' retrieved from /home/airflow/.local/lib/python3.12/site-packages/airflow/example_dags/example_branch_operator.py
[2024-05-26T17:51:38.388+0000] {logging_mixin.py:188} INFO - [2024-05-26T17:51:38.387+0000] {dag.py:3096} INFO - Sync 1 DAGs
[2024-05-26T17:51:38.420+0000] {logging_mixin.py:188} INFO - [2024-05-26T17:51:38.420+0000] {dag.py:3954} INFO - Setting next_dagrun for example_branch_operator to 2024-05-25 00:00:00+00:00, run_after=2024-05-26 00:00:00+00:00
[2024-05-26T17:51:38.451+0000] {processor.py:183} INFO - Processing /home/airflow/.local/lib/python3.12/site-packages/airflow/example_dags/example_branch_operator.py took 0.144 seconds
[2024-05-26T17:52:08.579+0000] {processor.py:161} INFO - Started process (PID=381) to work on /home/airflow/.local/lib/python3.12/site-packages/airflow/example_dags/example_branch_operator.py
[2024-05-26T17:52:08.581+0000] {processor.py:830} INFO - Processing file /home/airflow/.local/lib/python3.12/site-packages/airflow/example_dags/example_branch_operator.py for tasks to queue
[2024-05-26T17:52:08.586+0000] {logging_mixin.py:188} INFO - [2024-05-26T17:52:08.585+0000] {dagbag.py:545} INFO - Filling up the DagBag from /home/airflow/.local/lib/python3.12/site-packages/airflow/example_dags/example_branch_operator.py
[2024-05-26T17:52:08.616+0000] {processor.py:840} INFO - DAG(s) 'example_branch_operator' retrieved from /home/airflow/.local/lib/python3.12/site-packages/airflow/example_dags/example_branch_operator.py
[2024-05-26T17:52:08.650+0000] {logging_mixin.py:188} INFO - [2024-05-26T17:52:08.650+0000] {dag.py:3096} INFO - Sync 1 DAGs
[2024-05-26T17:52:08.683+0000] {logging_mixin.py:188} INFO - [2024-05-26T17:52:08.682+0000] {dag.py:3954} INFO - Setting next_dagrun for example_branch_operator to 2024-05-25 00:00:00+00:00, run_after=2024-05-26 00:00:00+00:00
[2024-05-26T17:52:08.705+0000] {processor.py:183} INFO - Processing /home/airflow/.local/lib/python3.12/site-packages/airflow/example_dags/example_branch_operator.py took 0.143 seconds
[2024-05-26T17:57:45.387+0000] {processor.py:161} INFO - Started process (PID=36) to work on /home/airflow/.local/lib/python3.12/site-packages/airflow/example_dags/example_branch_operator.py
[2024-05-26T17:57:45.388+0000] {processor.py:830} INFO - Processing file /home/airflow/.local/lib/python3.12/site-packages/airflow/example_dags/example_branch_operator.py for tasks to queue
[2024-05-26T17:57:45.393+0000] {logging_mixin.py:188} INFO - [2024-05-26T17:57:45.393+0000] {dagbag.py:545} INFO - Filling up the DagBag from /home/airflow/.local/lib/python3.12/site-packages/airflow/example_dags/example_branch_operator.py
[2024-05-26T17:57:45.418+0000] {processor.py:840} INFO - DAG(s) 'example_branch_operator' retrieved from /home/airflow/.local/lib/python3.12/site-packages/airflow/example_dags/example_branch_operator.py
[2024-05-26T17:57:45.433+0000] {logging_mixin.py:188} INFO - [2024-05-26T17:57:45.432+0000] {dag.py:3096} INFO - Sync 1 DAGs
[2024-05-26T17:57:45.463+0000] {logging_mixin.py:188} INFO - [2024-05-26T17:57:45.463+0000] {dag.py:3954} INFO - Setting next_dagrun for example_branch_operator to 2024-05-25 00:00:00+00:00, run_after=2024-05-26 00:00:00+00:00
[2024-05-26T17:57:45.486+0000] {processor.py:183} INFO - Processing /home/airflow/.local/lib/python3.12/site-packages/airflow/example_dags/example_branch_operator.py took 0.105 seconds
[2024-05-26T17:58:16.392+0000] {processor.py:161} INFO - Started process (PID=94) to work on /home/airflow/.local/lib/python3.12/site-packages/airflow/example_dags/example_branch_operator.py
[2024-05-26T17:58:16.393+0000] {processor.py:830} INFO - Processing file /home/airflow/.local/lib/python3.12/site-packages/airflow/example_dags/example_branch_operator.py for tasks to queue
[2024-05-26T17:58:16.395+0000] {logging_mixin.py:188} INFO - [2024-05-26T17:58:16.395+0000] {dagbag.py:545} INFO - Filling up the DagBag from /home/airflow/.local/lib/python3.12/site-packages/airflow/example_dags/example_branch_operator.py
[2024-05-26T17:58:16.416+0000] {processor.py:840} INFO - DAG(s) 'example_branch_operator' retrieved from /home/airflow/.local/lib/python3.12/site-packages/airflow/example_dags/example_branch_operator.py
[2024-05-26T17:58:16.545+0000] {logging_mixin.py:188} INFO - [2024-05-26T17:58:16.544+0000] {dag.py:3096} INFO - Sync 1 DAGs
[2024-05-26T17:58:16.571+0000] {logging_mixin.py:188} INFO - [2024-05-26T17:58:16.571+0000] {dag.py:3954} INFO - Setting next_dagrun for example_branch_operator to 2024-05-25 00:00:00+00:00, run_after=2024-05-26 00:00:00+00:00
[2024-05-26T17:58:16.600+0000] {processor.py:183} INFO - Processing /home/airflow/.local/lib/python3.12/site-packages/airflow/example_dags/example_branch_operator.py took 0.216 seconds
[2024-05-26T17:58:47.268+0000] {processor.py:161} INFO - Started process (PID=152) to work on /home/airflow/.local/lib/python3.12/site-packages/airflow/example_dags/example_branch_operator.py
[2024-05-26T17:58:47.269+0000] {processor.py:830} INFO - Processing file /home/airflow/.local/lib/python3.12/site-packages/airflow/example_dags/example_branch_operator.py for tasks to queue
[2024-05-26T17:58:47.272+0000] {logging_mixin.py:188} INFO - [2024-05-26T17:58:47.272+0000] {dagbag.py:545} INFO - Filling up the DagBag from /home/airflow/.local/lib/python3.12/site-packages/airflow/example_dags/example_branch_operator.py
[2024-05-26T17:58:47.294+0000] {processor.py:840} INFO - DAG(s) 'example_branch_operator' retrieved from /home/airflow/.local/lib/python3.12/site-packages/airflow/example_dags/example_branch_operator.py
[2024-05-26T17:58:47.334+0000] {logging_mixin.py:188} INFO - [2024-05-26T17:58:47.334+0000] {dag.py:3096} INFO - Sync 1 DAGs
[2024-05-26T17:58:47.378+0000] {logging_mixin.py:188} INFO - [2024-05-26T17:58:47.378+0000] {dag.py:3954} INFO - Setting next_dagrun for example_branch_operator to 2024-05-25 00:00:00+00:00, run_after=2024-05-26 00:00:00+00:00
[2024-05-26T17:58:47.399+0000] {processor.py:183} INFO - Processing /home/airflow/.local/lib/python3.12/site-packages/airflow/example_dags/example_branch_operator.py took 0.137 seconds
