[2024-05-26T15:21:35.526+0000] {processor.py:161} INFO - Started process (PID=62) to work on /home/airflow/.local/lib/python3.12/site-packages/airflow/example_dags/example_setup_teardown.py
[2024-05-26T15:21:35.527+0000] {processor.py:830} INFO - Processing file /home/airflow/.local/lib/python3.12/site-packages/airflow/example_dags/example_setup_teardown.py for tasks to queue
[2024-05-26T15:21:35.529+0000] {logging_mixin.py:188} INFO - [2024-05-26T15:21:35.529+0000] {dagbag.py:545} INFO - Filling up the DagBag from /home/airflow/.local/lib/python3.12/site-packages/airflow/example_dags/example_setup_teardown.py
[2024-05-26T15:21:35.537+0000] {processor.py:840} INFO - DAG(s) 'example_setup_teardown' retrieved from /home/airflow/.local/lib/python3.12/site-packages/airflow/example_dags/example_setup_teardown.py
[2024-05-26T15:21:35.561+0000] {logging_mixin.py:188} INFO - [2024-05-26T15:21:35.560+0000] {dag.py:3096} INFO - Sync 1 DAGs
[2024-05-26T15:21:35.589+0000] {logging_mixin.py:188} INFO - [2024-05-26T15:21:35.588+0000] {dag.py:3954} INFO - Setting next_dagrun for example_setup_teardown to 2024-05-25 00:00:00+00:00, run_after=2024-05-26 00:00:00+00:00
[2024-05-26T15:21:35.620+0000] {processor.py:183} INFO - Processing /home/airflow/.local/lib/python3.12/site-packages/airflow/example_dags/example_setup_teardown.py took 0.101 seconds
[2024-05-26T15:22:06.005+0000] {processor.py:161} INFO - Started process (PID=120) to work on /home/airflow/.local/lib/python3.12/site-packages/airflow/example_dags/example_setup_teardown.py
[2024-05-26T15:22:06.006+0000] {processor.py:830} INFO - Processing file /home/airflow/.local/lib/python3.12/site-packages/airflow/example_dags/example_setup_teardown.py for tasks to queue
[2024-05-26T15:22:06.008+0000] {logging_mixin.py:188} INFO - [2024-05-26T15:22:06.007+0000] {dagbag.py:545} INFO - Filling up the DagBag from /home/airflow/.local/lib/python3.12/site-packages/airflow/example_dags/example_setup_teardown.py
[2024-05-26T15:22:06.015+0000] {processor.py:840} INFO - DAG(s) 'example_setup_teardown' retrieved from /home/airflow/.local/lib/python3.12/site-packages/airflow/example_dags/example_setup_teardown.py
[2024-05-26T15:22:06.046+0000] {logging_mixin.py:188} INFO - [2024-05-26T15:22:06.045+0000] {dag.py:3096} INFO - Sync 1 DAGs
[2024-05-26T15:22:06.072+0000] {logging_mixin.py:188} INFO - [2024-05-26T15:22:06.072+0000] {dag.py:3954} INFO - Setting next_dagrun for example_setup_teardown to 2024-05-25 00:00:00+00:00, run_after=2024-05-26 00:00:00+00:00
[2024-05-26T15:22:06.094+0000] {processor.py:183} INFO - Processing /home/airflow/.local/lib/python3.12/site-packages/airflow/example_dags/example_setup_teardown.py took 0.096 seconds
[2024-05-26T15:22:36.520+0000] {processor.py:161} INFO - Started process (PID=178) to work on /home/airflow/.local/lib/python3.12/site-packages/airflow/example_dags/example_setup_teardown.py
[2024-05-26T15:22:36.521+0000] {processor.py:830} INFO - Processing file /home/airflow/.local/lib/python3.12/site-packages/airflow/example_dags/example_setup_teardown.py for tasks to queue
[2024-05-26T15:22:36.524+0000] {logging_mixin.py:188} INFO - [2024-05-26T15:22:36.523+0000] {dagbag.py:545} INFO - Filling up the DagBag from /home/airflow/.local/lib/python3.12/site-packages/airflow/example_dags/example_setup_teardown.py
[2024-05-26T15:22:36.533+0000] {processor.py:840} INFO - DAG(s) 'example_setup_teardown' retrieved from /home/airflow/.local/lib/python3.12/site-packages/airflow/example_dags/example_setup_teardown.py
[2024-05-26T15:22:36.566+0000] {logging_mixin.py:188} INFO - [2024-05-26T15:22:36.566+0000] {dag.py:3096} INFO - Sync 1 DAGs
[2024-05-26T15:22:36.595+0000] {logging_mixin.py:188} INFO - [2024-05-26T15:22:36.595+0000] {dag.py:3954} INFO - Setting next_dagrun for example_setup_teardown to 2024-05-25 00:00:00+00:00, run_after=2024-05-26 00:00:00+00:00
[2024-05-26T15:22:36.618+0000] {processor.py:183} INFO - Processing /home/airflow/.local/lib/python3.12/site-packages/airflow/example_dags/example_setup_teardown.py took 0.105 seconds
[2024-05-26T15:23:06.796+0000] {processor.py:161} INFO - Started process (PID=236) to work on /home/airflow/.local/lib/python3.12/site-packages/airflow/example_dags/example_setup_teardown.py
[2024-05-26T15:23:06.799+0000] {processor.py:830} INFO - Processing file /home/airflow/.local/lib/python3.12/site-packages/airflow/example_dags/example_setup_teardown.py for tasks to queue
[2024-05-26T15:23:06.803+0000] {logging_mixin.py:188} INFO - [2024-05-26T15:23:06.803+0000] {dagbag.py:545} INFO - Filling up the DagBag from /home/airflow/.local/lib/python3.12/site-packages/airflow/example_dags/example_setup_teardown.py
[2024-05-26T15:23:06.811+0000] {processor.py:840} INFO - DAG(s) 'example_setup_teardown' retrieved from /home/airflow/.local/lib/python3.12/site-packages/airflow/example_dags/example_setup_teardown.py
[2024-05-26T15:23:06.837+0000] {logging_mixin.py:188} INFO - [2024-05-26T15:23:06.837+0000] {dag.py:3096} INFO - Sync 1 DAGs
[2024-05-26T15:23:06.862+0000] {logging_mixin.py:188} INFO - [2024-05-26T15:23:06.862+0000] {dag.py:3954} INFO - Setting next_dagrun for example_setup_teardown to 2024-05-25 00:00:00+00:00, run_after=2024-05-26 00:00:00+00:00
[2024-05-26T15:23:06.889+0000] {processor.py:183} INFO - Processing /home/airflow/.local/lib/python3.12/site-packages/airflow/example_dags/example_setup_teardown.py took 0.110 seconds
[2024-05-26T15:23:37.856+0000] {processor.py:161} INFO - Started process (PID=294) to work on /home/airflow/.local/lib/python3.12/site-packages/airflow/example_dags/example_setup_teardown.py
[2024-05-26T15:23:37.858+0000] {processor.py:830} INFO - Processing file /home/airflow/.local/lib/python3.12/site-packages/airflow/example_dags/example_setup_teardown.py for tasks to queue
[2024-05-26T15:23:37.861+0000] {logging_mixin.py:188} INFO - [2024-05-26T15:23:37.860+0000] {dagbag.py:545} INFO - Filling up the DagBag from /home/airflow/.local/lib/python3.12/site-packages/airflow/example_dags/example_setup_teardown.py
[2024-05-26T15:23:37.868+0000] {processor.py:840} INFO - DAG(s) 'example_setup_teardown' retrieved from /home/airflow/.local/lib/python3.12/site-packages/airflow/example_dags/example_setup_teardown.py
[2024-05-26T15:23:37.893+0000] {logging_mixin.py:188} INFO - [2024-05-26T15:23:37.893+0000] {dag.py:3096} INFO - Sync 1 DAGs
[2024-05-26T15:23:37.917+0000] {logging_mixin.py:188} INFO - [2024-05-26T15:23:37.917+0000] {dag.py:3954} INFO - Setting next_dagrun for example_setup_teardown to 2024-05-25 00:00:00+00:00, run_after=2024-05-26 00:00:00+00:00
[2024-05-26T15:23:37.938+0000] {processor.py:183} INFO - Processing /home/airflow/.local/lib/python3.12/site-packages/airflow/example_dags/example_setup_teardown.py took 0.096 seconds
[2024-05-26T15:24:08.714+0000] {processor.py:161} INFO - Started process (PID=352) to work on /home/airflow/.local/lib/python3.12/site-packages/airflow/example_dags/example_setup_teardown.py
[2024-05-26T15:24:08.715+0000] {processor.py:830} INFO - Processing file /home/airflow/.local/lib/python3.12/site-packages/airflow/example_dags/example_setup_teardown.py for tasks to queue
[2024-05-26T15:24:08.718+0000] {logging_mixin.py:188} INFO - [2024-05-26T15:24:08.718+0000] {dagbag.py:545} INFO - Filling up the DagBag from /home/airflow/.local/lib/python3.12/site-packages/airflow/example_dags/example_setup_teardown.py
[2024-05-26T15:24:08.726+0000] {processor.py:840} INFO - DAG(s) 'example_setup_teardown' retrieved from /home/airflow/.local/lib/python3.12/site-packages/airflow/example_dags/example_setup_teardown.py
[2024-05-26T15:24:08.754+0000] {logging_mixin.py:188} INFO - [2024-05-26T15:24:08.754+0000] {dag.py:3096} INFO - Sync 1 DAGs
[2024-05-26T15:24:08.785+0000] {logging_mixin.py:188} INFO - [2024-05-26T15:24:08.785+0000] {dag.py:3954} INFO - Setting next_dagrun for example_setup_teardown to 2024-05-25 00:00:00+00:00, run_after=2024-05-26 00:00:00+00:00
[2024-05-26T15:24:08.804+0000] {processor.py:183} INFO - Processing /home/airflow/.local/lib/python3.12/site-packages/airflow/example_dags/example_setup_teardown.py took 0.096 seconds
[2024-05-26T15:24:39.172+0000] {processor.py:161} INFO - Started process (PID=410) to work on /home/airflow/.local/lib/python3.12/site-packages/airflow/example_dags/example_setup_teardown.py
[2024-05-26T15:24:39.174+0000] {processor.py:830} INFO - Processing file /home/airflow/.local/lib/python3.12/site-packages/airflow/example_dags/example_setup_teardown.py for tasks to queue
[2024-05-26T15:24:39.177+0000] {logging_mixin.py:188} INFO - [2024-05-26T15:24:39.177+0000] {dagbag.py:545} INFO - Filling up the DagBag from /home/airflow/.local/lib/python3.12/site-packages/airflow/example_dags/example_setup_teardown.py
[2024-05-26T15:24:39.184+0000] {processor.py:840} INFO - DAG(s) 'example_setup_teardown' retrieved from /home/airflow/.local/lib/python3.12/site-packages/airflow/example_dags/example_setup_teardown.py
[2024-05-26T15:24:39.220+0000] {logging_mixin.py:188} INFO - [2024-05-26T15:24:39.220+0000] {dag.py:3096} INFO - Sync 1 DAGs
[2024-05-26T15:24:39.249+0000] {logging_mixin.py:188} INFO - [2024-05-26T15:24:39.249+0000] {dag.py:3954} INFO - Setting next_dagrun for example_setup_teardown to 2024-05-25 00:00:00+00:00, run_after=2024-05-26 00:00:00+00:00
[2024-05-26T15:24:39.269+0000] {processor.py:183} INFO - Processing /home/airflow/.local/lib/python3.12/site-packages/airflow/example_dags/example_setup_teardown.py took 0.106 seconds
[2024-05-26T15:25:09.494+0000] {processor.py:161} INFO - Started process (PID=468) to work on /home/airflow/.local/lib/python3.12/site-packages/airflow/example_dags/example_setup_teardown.py
[2024-05-26T15:25:09.496+0000] {processor.py:830} INFO - Processing file /home/airflow/.local/lib/python3.12/site-packages/airflow/example_dags/example_setup_teardown.py for tasks to queue
[2024-05-26T15:25:09.498+0000] {logging_mixin.py:188} INFO - [2024-05-26T15:25:09.497+0000] {dagbag.py:545} INFO - Filling up the DagBag from /home/airflow/.local/lib/python3.12/site-packages/airflow/example_dags/example_setup_teardown.py
[2024-05-26T15:25:09.505+0000] {processor.py:840} INFO - DAG(s) 'example_setup_teardown' retrieved from /home/airflow/.local/lib/python3.12/site-packages/airflow/example_dags/example_setup_teardown.py
[2024-05-26T15:25:09.531+0000] {logging_mixin.py:188} INFO - [2024-05-26T15:25:09.531+0000] {dag.py:3096} INFO - Sync 1 DAGs
[2024-05-26T15:25:09.561+0000] {logging_mixin.py:188} INFO - [2024-05-26T15:25:09.561+0000] {dag.py:3954} INFO - Setting next_dagrun for example_setup_teardown to 2024-05-25 00:00:00+00:00, run_after=2024-05-26 00:00:00+00:00
[2024-05-26T15:25:09.581+0000] {processor.py:183} INFO - Processing /home/airflow/.local/lib/python3.12/site-packages/airflow/example_dags/example_setup_teardown.py took 0.094 seconds
[2024-05-26T15:25:39.888+0000] {processor.py:161} INFO - Started process (PID=526) to work on /home/airflow/.local/lib/python3.12/site-packages/airflow/example_dags/example_setup_teardown.py
[2024-05-26T15:25:39.889+0000] {processor.py:830} INFO - Processing file /home/airflow/.local/lib/python3.12/site-packages/airflow/example_dags/example_setup_teardown.py for tasks to queue
[2024-05-26T15:25:39.893+0000] {logging_mixin.py:188} INFO - [2024-05-26T15:25:39.892+0000] {dagbag.py:545} INFO - Filling up the DagBag from /home/airflow/.local/lib/python3.12/site-packages/airflow/example_dags/example_setup_teardown.py
[2024-05-26T15:25:39.901+0000] {processor.py:840} INFO - DAG(s) 'example_setup_teardown' retrieved from /home/airflow/.local/lib/python3.12/site-packages/airflow/example_dags/example_setup_teardown.py
[2024-05-26T15:25:39.931+0000] {logging_mixin.py:188} INFO - [2024-05-26T15:25:39.931+0000] {dag.py:3096} INFO - Sync 1 DAGs
[2024-05-26T15:25:39.959+0000] {logging_mixin.py:188} INFO - [2024-05-26T15:25:39.958+0000] {dag.py:3954} INFO - Setting next_dagrun for example_setup_teardown to 2024-05-25 00:00:00+00:00, run_after=2024-05-26 00:00:00+00:00
[2024-05-26T15:25:39.985+0000] {processor.py:183} INFO - Processing /home/airflow/.local/lib/python3.12/site-packages/airflow/example_dags/example_setup_teardown.py took 0.103 seconds
[2024-05-26T15:26:10.396+0000] {processor.py:161} INFO - Started process (PID=584) to work on /home/airflow/.local/lib/python3.12/site-packages/airflow/example_dags/example_setup_teardown.py
[2024-05-26T15:26:10.399+0000] {processor.py:830} INFO - Processing file /home/airflow/.local/lib/python3.12/site-packages/airflow/example_dags/example_setup_teardown.py for tasks to queue
[2024-05-26T15:26:10.402+0000] {logging_mixin.py:188} INFO - [2024-05-26T15:26:10.401+0000] {dagbag.py:545} INFO - Filling up the DagBag from /home/airflow/.local/lib/python3.12/site-packages/airflow/example_dags/example_setup_teardown.py
[2024-05-26T15:26:10.412+0000] {processor.py:840} INFO - DAG(s) 'example_setup_teardown' retrieved from /home/airflow/.local/lib/python3.12/site-packages/airflow/example_dags/example_setup_teardown.py
[2024-05-26T15:26:10.442+0000] {logging_mixin.py:188} INFO - [2024-05-26T15:26:10.441+0000] {dag.py:3096} INFO - Sync 1 DAGs
[2024-05-26T15:26:10.469+0000] {logging_mixin.py:188} INFO - [2024-05-26T15:26:10.469+0000] {dag.py:3954} INFO - Setting next_dagrun for example_setup_teardown to 2024-05-25 00:00:00+00:00, run_after=2024-05-26 00:00:00+00:00
[2024-05-26T15:26:10.494+0000] {processor.py:183} INFO - Processing /home/airflow/.local/lib/python3.12/site-packages/airflow/example_dags/example_setup_teardown.py took 0.106 seconds
[2024-05-26T15:26:40.525+0000] {processor.py:161} INFO - Started process (PID=641) to work on /home/airflow/.local/lib/python3.12/site-packages/airflow/example_dags/example_setup_teardown.py
[2024-05-26T15:26:40.526+0000] {processor.py:830} INFO - Processing file /home/airflow/.local/lib/python3.12/site-packages/airflow/example_dags/example_setup_teardown.py for tasks to queue
[2024-05-26T15:26:40.528+0000] {logging_mixin.py:188} INFO - [2024-05-26T15:26:40.528+0000] {dagbag.py:545} INFO - Filling up the DagBag from /home/airflow/.local/lib/python3.12/site-packages/airflow/example_dags/example_setup_teardown.py
[2024-05-26T15:26:40.536+0000] {processor.py:840} INFO - DAG(s) 'example_setup_teardown' retrieved from /home/airflow/.local/lib/python3.12/site-packages/airflow/example_dags/example_setup_teardown.py
[2024-05-26T15:26:40.561+0000] {logging_mixin.py:188} INFO - [2024-05-26T15:26:40.561+0000] {dag.py:3096} INFO - Sync 1 DAGs
[2024-05-26T15:26:40.588+0000] {logging_mixin.py:188} INFO - [2024-05-26T15:26:40.587+0000] {dag.py:3954} INFO - Setting next_dagrun for example_setup_teardown to 2024-05-25 00:00:00+00:00, run_after=2024-05-26 00:00:00+00:00
[2024-05-26T15:26:40.608+0000] {processor.py:183} INFO - Processing /home/airflow/.local/lib/python3.12/site-packages/airflow/example_dags/example_setup_teardown.py took 0.088 seconds
[2024-05-26T15:27:11.062+0000] {processor.py:161} INFO - Started process (PID=699) to work on /home/airflow/.local/lib/python3.12/site-packages/airflow/example_dags/example_setup_teardown.py
[2024-05-26T15:27:11.063+0000] {processor.py:830} INFO - Processing file /home/airflow/.local/lib/python3.12/site-packages/airflow/example_dags/example_setup_teardown.py for tasks to queue
[2024-05-26T15:27:11.065+0000] {logging_mixin.py:188} INFO - [2024-05-26T15:27:11.064+0000] {dagbag.py:545} INFO - Filling up the DagBag from /home/airflow/.local/lib/python3.12/site-packages/airflow/example_dags/example_setup_teardown.py
[2024-05-26T15:27:11.072+0000] {processor.py:840} INFO - DAG(s) 'example_setup_teardown' retrieved from /home/airflow/.local/lib/python3.12/site-packages/airflow/example_dags/example_setup_teardown.py
[2024-05-26T15:27:11.094+0000] {logging_mixin.py:188} INFO - [2024-05-26T15:27:11.094+0000] {dag.py:3096} INFO - Sync 1 DAGs
[2024-05-26T15:27:11.129+0000] {logging_mixin.py:188} INFO - [2024-05-26T15:27:11.128+0000] {dag.py:3954} INFO - Setting next_dagrun for example_setup_teardown to 2024-05-25 00:00:00+00:00, run_after=2024-05-26 00:00:00+00:00
[2024-05-26T15:27:11.168+0000] {processor.py:183} INFO - Processing /home/airflow/.local/lib/python3.12/site-packages/airflow/example_dags/example_setup_teardown.py took 0.112 seconds
[2024-05-26T17:43:35.121+0000] {processor.py:161} INFO - Started process (PID=33) to work on /home/airflow/.local/lib/python3.12/site-packages/airflow/example_dags/example_setup_teardown.py
[2024-05-26T17:43:35.124+0000] {processor.py:830} INFO - Processing file /home/airflow/.local/lib/python3.12/site-packages/airflow/example_dags/example_setup_teardown.py for tasks to queue
[2024-05-26T17:43:35.126+0000] {logging_mixin.py:188} INFO - [2024-05-26T17:43:35.126+0000] {dagbag.py:545} INFO - Filling up the DagBag from /home/airflow/.local/lib/python3.12/site-packages/airflow/example_dags/example_setup_teardown.py
[2024-05-26T17:43:35.139+0000] {processor.py:840} INFO - DAG(s) 'example_setup_teardown' retrieved from /home/airflow/.local/lib/python3.12/site-packages/airflow/example_dags/example_setup_teardown.py
[2024-05-26T17:43:35.153+0000] {logging_mixin.py:188} INFO - [2024-05-26T17:43:35.153+0000] {dag.py:3096} INFO - Sync 1 DAGs
[2024-05-26T17:43:35.184+0000] {logging_mixin.py:188} INFO - [2024-05-26T17:43:35.184+0000] {dag.py:3954} INFO - Setting next_dagrun for example_setup_teardown to 2024-05-25 00:00:00+00:00, run_after=2024-05-26 00:00:00+00:00
[2024-05-26T17:43:35.207+0000] {processor.py:183} INFO - Processing /home/airflow/.local/lib/python3.12/site-packages/airflow/example_dags/example_setup_teardown.py took 0.094 seconds
[2024-05-26T17:44:06.319+0000] {processor.py:161} INFO - Started process (PID=91) to work on /home/airflow/.local/lib/python3.12/site-packages/airflow/example_dags/example_setup_teardown.py
[2024-05-26T17:44:06.320+0000] {processor.py:830} INFO - Processing file /home/airflow/.local/lib/python3.12/site-packages/airflow/example_dags/example_setup_teardown.py for tasks to queue
[2024-05-26T17:44:06.322+0000] {logging_mixin.py:188} INFO - [2024-05-26T17:44:06.322+0000] {dagbag.py:545} INFO - Filling up the DagBag from /home/airflow/.local/lib/python3.12/site-packages/airflow/example_dags/example_setup_teardown.py
[2024-05-26T17:44:06.331+0000] {processor.py:840} INFO - DAG(s) 'example_setup_teardown' retrieved from /home/airflow/.local/lib/python3.12/site-packages/airflow/example_dags/example_setup_teardown.py
[2024-05-26T17:44:06.469+0000] {logging_mixin.py:188} INFO - [2024-05-26T17:44:06.469+0000] {dag.py:3096} INFO - Sync 1 DAGs
[2024-05-26T17:44:06.499+0000] {logging_mixin.py:188} INFO - [2024-05-26T17:44:06.498+0000] {dag.py:3954} INFO - Setting next_dagrun for example_setup_teardown to 2024-05-25 00:00:00+00:00, run_after=2024-05-26 00:00:00+00:00
[2024-05-26T17:44:06.523+0000] {processor.py:183} INFO - Processing /home/airflow/.local/lib/python3.12/site-packages/airflow/example_dags/example_setup_teardown.py took 0.210 seconds
[2024-05-26T17:44:37.491+0000] {processor.py:161} INFO - Started process (PID=149) to work on /home/airflow/.local/lib/python3.12/site-packages/airflow/example_dags/example_setup_teardown.py
[2024-05-26T17:44:37.492+0000] {processor.py:830} INFO - Processing file /home/airflow/.local/lib/python3.12/site-packages/airflow/example_dags/example_setup_teardown.py for tasks to queue
[2024-05-26T17:44:37.495+0000] {logging_mixin.py:188} INFO - [2024-05-26T17:44:37.494+0000] {dagbag.py:545} INFO - Filling up the DagBag from /home/airflow/.local/lib/python3.12/site-packages/airflow/example_dags/example_setup_teardown.py
[2024-05-26T17:44:37.503+0000] {processor.py:840} INFO - DAG(s) 'example_setup_teardown' retrieved from /home/airflow/.local/lib/python3.12/site-packages/airflow/example_dags/example_setup_teardown.py
[2024-05-26T17:44:37.528+0000] {logging_mixin.py:188} INFO - [2024-05-26T17:44:37.527+0000] {dag.py:3096} INFO - Sync 1 DAGs
[2024-05-26T17:44:37.559+0000] {logging_mixin.py:188} INFO - [2024-05-26T17:44:37.559+0000] {dag.py:3954} INFO - Setting next_dagrun for example_setup_teardown to 2024-05-25 00:00:00+00:00, run_after=2024-05-26 00:00:00+00:00
[2024-05-26T17:44:37.584+0000] {processor.py:183} INFO - Processing /home/airflow/.local/lib/python3.12/site-packages/airflow/example_dags/example_setup_teardown.py took 0.106 seconds
[2024-05-26T17:45:08.062+0000] {processor.py:161} INFO - Started process (PID=206) to work on /home/airflow/.local/lib/python3.12/site-packages/airflow/example_dags/example_setup_teardown.py
[2024-05-26T17:45:08.067+0000] {processor.py:830} INFO - Processing file /home/airflow/.local/lib/python3.12/site-packages/airflow/example_dags/example_setup_teardown.py for tasks to queue
[2024-05-26T17:45:08.072+0000] {logging_mixin.py:188} INFO - [2024-05-26T17:45:08.071+0000] {dagbag.py:545} INFO - Filling up the DagBag from /home/airflow/.local/lib/python3.12/site-packages/airflow/example_dags/example_setup_teardown.py
[2024-05-26T17:45:08.084+0000] {processor.py:840} INFO - DAG(s) 'example_setup_teardown' retrieved from /home/airflow/.local/lib/python3.12/site-packages/airflow/example_dags/example_setup_teardown.py
[2024-05-26T17:45:08.106+0000] {logging_mixin.py:188} INFO - [2024-05-26T17:45:08.106+0000] {dag.py:3096} INFO - Sync 1 DAGs
[2024-05-26T17:45:08.161+0000] {logging_mixin.py:188} INFO - [2024-05-26T17:45:08.161+0000] {dag.py:3954} INFO - Setting next_dagrun for example_setup_teardown to 2024-05-25 00:00:00+00:00, run_after=2024-05-26 00:00:00+00:00
[2024-05-26T17:45:08.193+0000] {processor.py:183} INFO - Processing /home/airflow/.local/lib/python3.12/site-packages/airflow/example_dags/example_setup_teardown.py took 0.149 seconds
[2024-05-26T17:45:38.292+0000] {processor.py:161} INFO - Started process (PID=264) to work on /home/airflow/.local/lib/python3.12/site-packages/airflow/example_dags/example_setup_teardown.py
[2024-05-26T17:45:38.294+0000] {processor.py:830} INFO - Processing file /home/airflow/.local/lib/python3.12/site-packages/airflow/example_dags/example_setup_teardown.py for tasks to queue
[2024-05-26T17:45:38.296+0000] {logging_mixin.py:188} INFO - [2024-05-26T17:45:38.296+0000] {dagbag.py:545} INFO - Filling up the DagBag from /home/airflow/.local/lib/python3.12/site-packages/airflow/example_dags/example_setup_teardown.py
[2024-05-26T17:45:38.304+0000] {processor.py:840} INFO - DAG(s) 'example_setup_teardown' retrieved from /home/airflow/.local/lib/python3.12/site-packages/airflow/example_dags/example_setup_teardown.py
[2024-05-26T17:45:38.328+0000] {logging_mixin.py:188} INFO - [2024-05-26T17:45:38.327+0000] {dag.py:3096} INFO - Sync 1 DAGs
[2024-05-26T17:45:38.353+0000] {logging_mixin.py:188} INFO - [2024-05-26T17:45:38.353+0000] {dag.py:3954} INFO - Setting next_dagrun for example_setup_teardown to 2024-05-25 00:00:00+00:00, run_after=2024-05-26 00:00:00+00:00
[2024-05-26T17:45:38.379+0000] {processor.py:183} INFO - Processing /home/airflow/.local/lib/python3.12/site-packages/airflow/example_dags/example_setup_teardown.py took 0.103 seconds
[2024-05-26T17:46:08.880+0000] {processor.py:161} INFO - Started process (PID=321) to work on /home/airflow/.local/lib/python3.12/site-packages/airflow/example_dags/example_setup_teardown.py
[2024-05-26T17:46:08.882+0000] {processor.py:830} INFO - Processing file /home/airflow/.local/lib/python3.12/site-packages/airflow/example_dags/example_setup_teardown.py for tasks to queue
[2024-05-26T17:46:08.887+0000] {logging_mixin.py:188} INFO - [2024-05-26T17:46:08.886+0000] {dagbag.py:545} INFO - Filling up the DagBag from /home/airflow/.local/lib/python3.12/site-packages/airflow/example_dags/example_setup_teardown.py
[2024-05-26T17:46:08.904+0000] {processor.py:840} INFO - DAG(s) 'example_setup_teardown' retrieved from /home/airflow/.local/lib/python3.12/site-packages/airflow/example_dags/example_setup_teardown.py
[2024-05-26T17:46:08.934+0000] {logging_mixin.py:188} INFO - [2024-05-26T17:46:08.934+0000] {dag.py:3096} INFO - Sync 1 DAGs
[2024-05-26T17:46:08.962+0000] {logging_mixin.py:188} INFO - [2024-05-26T17:46:08.962+0000] {dag.py:3954} INFO - Setting next_dagrun for example_setup_teardown to 2024-05-25 00:00:00+00:00, run_after=2024-05-26 00:00:00+00:00
[2024-05-26T17:46:08.983+0000] {processor.py:183} INFO - Processing /home/airflow/.local/lib/python3.12/site-packages/airflow/example_dags/example_setup_teardown.py took 0.120 seconds
[2024-05-26T17:46:39.462+0000] {processor.py:161} INFO - Started process (PID=379) to work on /home/airflow/.local/lib/python3.12/site-packages/airflow/example_dags/example_setup_teardown.py
[2024-05-26T17:46:39.464+0000] {processor.py:830} INFO - Processing file /home/airflow/.local/lib/python3.12/site-packages/airflow/example_dags/example_setup_teardown.py for tasks to queue
[2024-05-26T17:46:39.471+0000] {logging_mixin.py:188} INFO - [2024-05-26T17:46:39.470+0000] {dagbag.py:545} INFO - Filling up the DagBag from /home/airflow/.local/lib/python3.12/site-packages/airflow/example_dags/example_setup_teardown.py
[2024-05-26T17:46:39.482+0000] {processor.py:840} INFO - DAG(s) 'example_setup_teardown' retrieved from /home/airflow/.local/lib/python3.12/site-packages/airflow/example_dags/example_setup_teardown.py
[2024-05-26T17:46:39.509+0000] {logging_mixin.py:188} INFO - [2024-05-26T17:46:39.509+0000] {dag.py:3096} INFO - Sync 1 DAGs
[2024-05-26T17:46:39.536+0000] {logging_mixin.py:188} INFO - [2024-05-26T17:46:39.536+0000] {dag.py:3954} INFO - Setting next_dagrun for example_setup_teardown to 2024-05-25 00:00:00+00:00, run_after=2024-05-26 00:00:00+00:00
[2024-05-26T17:46:39.561+0000] {processor.py:183} INFO - Processing /home/airflow/.local/lib/python3.12/site-packages/airflow/example_dags/example_setup_teardown.py took 0.120 seconds
[2024-05-26T17:47:09.844+0000] {processor.py:161} INFO - Started process (PID=437) to work on /home/airflow/.local/lib/python3.12/site-packages/airflow/example_dags/example_setup_teardown.py
[2024-05-26T17:47:09.845+0000] {processor.py:830} INFO - Processing file /home/airflow/.local/lib/python3.12/site-packages/airflow/example_dags/example_setup_teardown.py for tasks to queue
[2024-05-26T17:47:09.848+0000] {logging_mixin.py:188} INFO - [2024-05-26T17:47:09.848+0000] {dagbag.py:545} INFO - Filling up the DagBag from /home/airflow/.local/lib/python3.12/site-packages/airflow/example_dags/example_setup_teardown.py
[2024-05-26T17:47:09.857+0000] {processor.py:840} INFO - DAG(s) 'example_setup_teardown' retrieved from /home/airflow/.local/lib/python3.12/site-packages/airflow/example_dags/example_setup_teardown.py
[2024-05-26T17:47:09.880+0000] {logging_mixin.py:188} INFO - [2024-05-26T17:47:09.879+0000] {dag.py:3096} INFO - Sync 1 DAGs
[2024-05-26T17:47:09.909+0000] {logging_mixin.py:188} INFO - [2024-05-26T17:47:09.909+0000] {dag.py:3954} INFO - Setting next_dagrun for example_setup_teardown to 2024-05-25 00:00:00+00:00, run_after=2024-05-26 00:00:00+00:00
[2024-05-26T17:47:09.937+0000] {processor.py:183} INFO - Processing /home/airflow/.local/lib/python3.12/site-packages/airflow/example_dags/example_setup_teardown.py took 0.110 seconds
[2024-05-26T17:47:40.286+0000] {processor.py:161} INFO - Started process (PID=495) to work on /home/airflow/.local/lib/python3.12/site-packages/airflow/example_dags/example_setup_teardown.py
[2024-05-26T17:47:40.288+0000] {processor.py:830} INFO - Processing file /home/airflow/.local/lib/python3.12/site-packages/airflow/example_dags/example_setup_teardown.py for tasks to queue
[2024-05-26T17:47:40.292+0000] {logging_mixin.py:188} INFO - [2024-05-26T17:47:40.291+0000] {dagbag.py:545} INFO - Filling up the DagBag from /home/airflow/.local/lib/python3.12/site-packages/airflow/example_dags/example_setup_teardown.py
[2024-05-26T17:47:40.301+0000] {processor.py:840} INFO - DAG(s) 'example_setup_teardown' retrieved from /home/airflow/.local/lib/python3.12/site-packages/airflow/example_dags/example_setup_teardown.py
[2024-05-26T17:47:40.340+0000] {logging_mixin.py:188} INFO - [2024-05-26T17:47:40.340+0000] {dag.py:3096} INFO - Sync 1 DAGs
[2024-05-26T17:47:40.373+0000] {logging_mixin.py:188} INFO - [2024-05-26T17:47:40.373+0000] {dag.py:3954} INFO - Setting next_dagrun for example_setup_teardown to 2024-05-25 00:00:00+00:00, run_after=2024-05-26 00:00:00+00:00
[2024-05-26T17:47:40.396+0000] {processor.py:183} INFO - Processing /home/airflow/.local/lib/python3.12/site-packages/airflow/example_dags/example_setup_teardown.py took 0.123 seconds
[2024-05-26T17:49:05.095+0000] {processor.py:161} INFO - Started process (PID=33) to work on /home/airflow/.local/lib/python3.12/site-packages/airflow/example_dags/example_setup_teardown.py
[2024-05-26T17:49:05.096+0000] {processor.py:830} INFO - Processing file /home/airflow/.local/lib/python3.12/site-packages/airflow/example_dags/example_setup_teardown.py for tasks to queue
[2024-05-26T17:49:05.098+0000] {logging_mixin.py:188} INFO - [2024-05-26T17:49:05.098+0000] {dagbag.py:545} INFO - Filling up the DagBag from /home/airflow/.local/lib/python3.12/site-packages/airflow/example_dags/example_setup_teardown.py
[2024-05-26T17:49:05.109+0000] {processor.py:840} INFO - DAG(s) 'example_setup_teardown' retrieved from /home/airflow/.local/lib/python3.12/site-packages/airflow/example_dags/example_setup_teardown.py
[2024-05-26T17:49:05.122+0000] {logging_mixin.py:188} INFO - [2024-05-26T17:49:05.121+0000] {dag.py:3096} INFO - Sync 1 DAGs
[2024-05-26T17:49:05.150+0000] {logging_mixin.py:188} INFO - [2024-05-26T17:49:05.150+0000] {dag.py:3954} INFO - Setting next_dagrun for example_setup_teardown to 2024-05-25 00:00:00+00:00, run_after=2024-05-26 00:00:00+00:00
[2024-05-26T17:49:05.173+0000] {processor.py:183} INFO - Processing /home/airflow/.local/lib/python3.12/site-packages/airflow/example_dags/example_setup_teardown.py took 0.085 seconds
[2024-05-26T17:49:35.894+0000] {processor.py:161} INFO - Started process (PID=91) to work on /home/airflow/.local/lib/python3.12/site-packages/airflow/example_dags/example_setup_teardown.py
[2024-05-26T17:49:35.895+0000] {processor.py:830} INFO - Processing file /home/airflow/.local/lib/python3.12/site-packages/airflow/example_dags/example_setup_teardown.py for tasks to queue
[2024-05-26T17:49:35.897+0000] {logging_mixin.py:188} INFO - [2024-05-26T17:49:35.897+0000] {dagbag.py:545} INFO - Filling up the DagBag from /home/airflow/.local/lib/python3.12/site-packages/airflow/example_dags/example_setup_teardown.py
[2024-05-26T17:49:35.906+0000] {processor.py:840} INFO - DAG(s) 'example_setup_teardown' retrieved from /home/airflow/.local/lib/python3.12/site-packages/airflow/example_dags/example_setup_teardown.py
[2024-05-26T17:49:36.033+0000] {logging_mixin.py:188} INFO - [2024-05-26T17:49:36.032+0000] {dag.py:3096} INFO - Sync 1 DAGs
[2024-05-26T17:49:36.058+0000] {logging_mixin.py:188} INFO - [2024-05-26T17:49:36.057+0000] {dag.py:3954} INFO - Setting next_dagrun for example_setup_teardown to 2024-05-25 00:00:00+00:00, run_after=2024-05-26 00:00:00+00:00
[2024-05-26T17:49:36.082+0000] {processor.py:183} INFO - Processing /home/airflow/.local/lib/python3.12/site-packages/airflow/example_dags/example_setup_teardown.py took 0.195 seconds
[2024-05-26T17:50:06.218+0000] {processor.py:161} INFO - Started process (PID=148) to work on /home/airflow/.local/lib/python3.12/site-packages/airflow/example_dags/example_setup_teardown.py
[2024-05-26T17:50:06.219+0000] {processor.py:830} INFO - Processing file /home/airflow/.local/lib/python3.12/site-packages/airflow/example_dags/example_setup_teardown.py for tasks to queue
[2024-05-26T17:50:06.222+0000] {logging_mixin.py:188} INFO - [2024-05-26T17:50:06.222+0000] {dagbag.py:545} INFO - Filling up the DagBag from /home/airflow/.local/lib/python3.12/site-packages/airflow/example_dags/example_setup_teardown.py
[2024-05-26T17:50:06.231+0000] {processor.py:840} INFO - DAG(s) 'example_setup_teardown' retrieved from /home/airflow/.local/lib/python3.12/site-packages/airflow/example_dags/example_setup_teardown.py
[2024-05-26T17:50:06.270+0000] {logging_mixin.py:188} INFO - [2024-05-26T17:50:06.269+0000] {dag.py:3096} INFO - Sync 1 DAGs
[2024-05-26T17:50:06.293+0000] {logging_mixin.py:188} INFO - [2024-05-26T17:50:06.293+0000] {dag.py:3954} INFO - Setting next_dagrun for example_setup_teardown to 2024-05-25 00:00:00+00:00, run_after=2024-05-26 00:00:00+00:00
[2024-05-26T17:50:06.315+0000] {processor.py:183} INFO - Processing /home/airflow/.local/lib/python3.12/site-packages/airflow/example_dags/example_setup_teardown.py took 0.105 seconds
[2024-05-26T17:50:36.409+0000] {processor.py:161} INFO - Started process (PID=205) to work on /home/airflow/.local/lib/python3.12/site-packages/airflow/example_dags/example_setup_teardown.py
[2024-05-26T17:50:36.410+0000] {processor.py:830} INFO - Processing file /home/airflow/.local/lib/python3.12/site-packages/airflow/example_dags/example_setup_teardown.py for tasks to queue
[2024-05-26T17:50:36.413+0000] {logging_mixin.py:188} INFO - [2024-05-26T17:50:36.412+0000] {dagbag.py:545} INFO - Filling up the DagBag from /home/airflow/.local/lib/python3.12/site-packages/airflow/example_dags/example_setup_teardown.py
[2024-05-26T17:50:36.420+0000] {processor.py:840} INFO - DAG(s) 'example_setup_teardown' retrieved from /home/airflow/.local/lib/python3.12/site-packages/airflow/example_dags/example_setup_teardown.py
[2024-05-26T17:50:36.450+0000] {logging_mixin.py:188} INFO - [2024-05-26T17:50:36.450+0000] {dag.py:3096} INFO - Sync 1 DAGs
[2024-05-26T17:50:36.478+0000] {logging_mixin.py:188} INFO - [2024-05-26T17:50:36.478+0000] {dag.py:3954} INFO - Setting next_dagrun for example_setup_teardown to 2024-05-25 00:00:00+00:00, run_after=2024-05-26 00:00:00+00:00
[2024-05-26T17:50:36.504+0000] {processor.py:183} INFO - Processing /home/airflow/.local/lib/python3.12/site-packages/airflow/example_dags/example_setup_teardown.py took 0.102 seconds
[2024-05-26T17:51:06.824+0000] {processor.py:161} INFO - Started process (PID=262) to work on /home/airflow/.local/lib/python3.12/site-packages/airflow/example_dags/example_setup_teardown.py
[2024-05-26T17:51:06.825+0000] {processor.py:830} INFO - Processing file /home/airflow/.local/lib/python3.12/site-packages/airflow/example_dags/example_setup_teardown.py for tasks to queue
[2024-05-26T17:51:06.828+0000] {logging_mixin.py:188} INFO - [2024-05-26T17:51:06.827+0000] {dagbag.py:545} INFO - Filling up the DagBag from /home/airflow/.local/lib/python3.12/site-packages/airflow/example_dags/example_setup_teardown.py
[2024-05-26T17:51:06.836+0000] {processor.py:840} INFO - DAG(s) 'example_setup_teardown' retrieved from /home/airflow/.local/lib/python3.12/site-packages/airflow/example_dags/example_setup_teardown.py
[2024-05-26T17:51:06.863+0000] {logging_mixin.py:188} INFO - [2024-05-26T17:51:06.862+0000] {dag.py:3096} INFO - Sync 1 DAGs
[2024-05-26T17:51:06.890+0000] {logging_mixin.py:188} INFO - [2024-05-26T17:51:06.889+0000] {dag.py:3954} INFO - Setting next_dagrun for example_setup_teardown to 2024-05-25 00:00:00+00:00, run_after=2024-05-26 00:00:00+00:00
[2024-05-26T17:51:06.915+0000] {processor.py:183} INFO - Processing /home/airflow/.local/lib/python3.12/site-packages/airflow/example_dags/example_setup_teardown.py took 0.105 seconds
[2024-05-26T17:51:37.148+0000] {processor.py:161} INFO - Started process (PID=320) to work on /home/airflow/.local/lib/python3.12/site-packages/airflow/example_dags/example_setup_teardown.py
[2024-05-26T17:51:37.149+0000] {processor.py:830} INFO - Processing file /home/airflow/.local/lib/python3.12/site-packages/airflow/example_dags/example_setup_teardown.py for tasks to queue
[2024-05-26T17:51:37.151+0000] {logging_mixin.py:188} INFO - [2024-05-26T17:51:37.151+0000] {dagbag.py:545} INFO - Filling up the DagBag from /home/airflow/.local/lib/python3.12/site-packages/airflow/example_dags/example_setup_teardown.py
[2024-05-26T17:51:37.159+0000] {processor.py:840} INFO - DAG(s) 'example_setup_teardown' retrieved from /home/airflow/.local/lib/python3.12/site-packages/airflow/example_dags/example_setup_teardown.py
[2024-05-26T17:51:37.194+0000] {logging_mixin.py:188} INFO - [2024-05-26T17:51:37.193+0000] {dag.py:3096} INFO - Sync 1 DAGs
[2024-05-26T17:51:37.221+0000] {logging_mixin.py:188} INFO - [2024-05-26T17:51:37.220+0000] {dag.py:3954} INFO - Setting next_dagrun for example_setup_teardown to 2024-05-25 00:00:00+00:00, run_after=2024-05-26 00:00:00+00:00
[2024-05-26T17:51:37.244+0000] {processor.py:183} INFO - Processing /home/airflow/.local/lib/python3.12/site-packages/airflow/example_dags/example_setup_teardown.py took 0.102 seconds
[2024-05-26T17:52:07.352+0000] {processor.py:161} INFO - Started process (PID=378) to work on /home/airflow/.local/lib/python3.12/site-packages/airflow/example_dags/example_setup_teardown.py
[2024-05-26T17:52:07.353+0000] {processor.py:830} INFO - Processing file /home/airflow/.local/lib/python3.12/site-packages/airflow/example_dags/example_setup_teardown.py for tasks to queue
[2024-05-26T17:52:07.355+0000] {logging_mixin.py:188} INFO - [2024-05-26T17:52:07.355+0000] {dagbag.py:545} INFO - Filling up the DagBag from /home/airflow/.local/lib/python3.12/site-packages/airflow/example_dags/example_setup_teardown.py
[2024-05-26T17:52:07.364+0000] {processor.py:840} INFO - DAG(s) 'example_setup_teardown' retrieved from /home/airflow/.local/lib/python3.12/site-packages/airflow/example_dags/example_setup_teardown.py
[2024-05-26T17:52:07.390+0000] {logging_mixin.py:188} INFO - [2024-05-26T17:52:07.389+0000] {dag.py:3096} INFO - Sync 1 DAGs
[2024-05-26T17:52:07.419+0000] {logging_mixin.py:188} INFO - [2024-05-26T17:52:07.418+0000] {dag.py:3954} INFO - Setting next_dagrun for example_setup_teardown to 2024-05-25 00:00:00+00:00, run_after=2024-05-26 00:00:00+00:00
[2024-05-26T17:52:07.438+0000] {processor.py:183} INFO - Processing /home/airflow/.local/lib/python3.12/site-packages/airflow/example_dags/example_setup_teardown.py took 0.093 seconds
[2024-05-26T17:57:45.235+0000] {processor.py:161} INFO - Started process (PID=33) to work on /home/airflow/.local/lib/python3.12/site-packages/airflow/example_dags/example_setup_teardown.py
[2024-05-26T17:57:45.238+0000] {processor.py:830} INFO - Processing file /home/airflow/.local/lib/python3.12/site-packages/airflow/example_dags/example_setup_teardown.py for tasks to queue
[2024-05-26T17:57:45.240+0000] {logging_mixin.py:188} INFO - [2024-05-26T17:57:45.240+0000] {dagbag.py:545} INFO - Filling up the DagBag from /home/airflow/.local/lib/python3.12/site-packages/airflow/example_dags/example_setup_teardown.py
[2024-05-26T17:57:45.258+0000] {processor.py:840} INFO - DAG(s) 'example_setup_teardown' retrieved from /home/airflow/.local/lib/python3.12/site-packages/airflow/example_dags/example_setup_teardown.py
[2024-05-26T17:57:45.271+0000] {logging_mixin.py:188} INFO - [2024-05-26T17:57:45.270+0000] {dag.py:3096} INFO - Sync 1 DAGs
[2024-05-26T17:57:45.300+0000] {logging_mixin.py:188} INFO - [2024-05-26T17:57:45.300+0000] {dag.py:3954} INFO - Setting next_dagrun for example_setup_teardown to 2024-05-25 00:00:00+00:00, run_after=2024-05-26 00:00:00+00:00
[2024-05-26T17:57:45.321+0000] {processor.py:183} INFO - Processing /home/airflow/.local/lib/python3.12/site-packages/airflow/example_dags/example_setup_teardown.py took 0.092 seconds
[2024-05-26T17:58:16.000+0000] {processor.py:161} INFO - Started process (PID=91) to work on /home/airflow/.local/lib/python3.12/site-packages/airflow/example_dags/example_setup_teardown.py
[2024-05-26T17:58:16.001+0000] {processor.py:830} INFO - Processing file /home/airflow/.local/lib/python3.12/site-packages/airflow/example_dags/example_setup_teardown.py for tasks to queue
[2024-05-26T17:58:16.003+0000] {logging_mixin.py:188} INFO - [2024-05-26T17:58:16.002+0000] {dagbag.py:545} INFO - Filling up the DagBag from /home/airflow/.local/lib/python3.12/site-packages/airflow/example_dags/example_setup_teardown.py
[2024-05-26T17:58:16.011+0000] {processor.py:840} INFO - DAG(s) 'example_setup_teardown' retrieved from /home/airflow/.local/lib/python3.12/site-packages/airflow/example_dags/example_setup_teardown.py
[2024-05-26T17:58:16.136+0000] {logging_mixin.py:188} INFO - [2024-05-26T17:58:16.135+0000] {dag.py:3096} INFO - Sync 1 DAGs
[2024-05-26T17:58:16.159+0000] {logging_mixin.py:188} INFO - [2024-05-26T17:58:16.159+0000] {dag.py:3954} INFO - Setting next_dagrun for example_setup_teardown to 2024-05-25 00:00:00+00:00, run_after=2024-05-26 00:00:00+00:00
[2024-05-26T17:58:16.180+0000] {processor.py:183} INFO - Processing /home/airflow/.local/lib/python3.12/site-packages/airflow/example_dags/example_setup_teardown.py took 0.186 seconds
[2024-05-26T17:58:47.028+0000] {processor.py:161} INFO - Started process (PID=149) to work on /home/airflow/.local/lib/python3.12/site-packages/airflow/example_dags/example_setup_teardown.py
[2024-05-26T17:58:47.030+0000] {processor.py:830} INFO - Processing file /home/airflow/.local/lib/python3.12/site-packages/airflow/example_dags/example_setup_teardown.py for tasks to queue
[2024-05-26T17:58:47.032+0000] {logging_mixin.py:188} INFO - [2024-05-26T17:58:47.032+0000] {dagbag.py:545} INFO - Filling up the DagBag from /home/airflow/.local/lib/python3.12/site-packages/airflow/example_dags/example_setup_teardown.py
[2024-05-26T17:58:47.040+0000] {processor.py:840} INFO - DAG(s) 'example_setup_teardown' retrieved from /home/airflow/.local/lib/python3.12/site-packages/airflow/example_dags/example_setup_teardown.py
[2024-05-26T17:58:47.067+0000] {logging_mixin.py:188} INFO - [2024-05-26T17:58:47.067+0000] {dag.py:3096} INFO - Sync 1 DAGs
[2024-05-26T17:58:47.096+0000] {logging_mixin.py:188} INFO - [2024-05-26T17:58:47.096+0000] {dag.py:3954} INFO - Setting next_dagrun for example_setup_teardown to 2024-05-25 00:00:00+00:00, run_after=2024-05-26 00:00:00+00:00
[2024-05-26T17:58:47.123+0000] {processor.py:183} INFO - Processing /home/airflow/.local/lib/python3.12/site-packages/airflow/example_dags/example_setup_teardown.py took 0.103 seconds
