[2024-05-26T15:21:34.337+0000] {processor.py:161} INFO - Started process (PID=48) to work on /home/airflow/.local/lib/python3.12/site-packages/airflow/example_dags/example_params_trigger_ui.py
[2024-05-26T15:21:34.340+0000] {processor.py:830} INFO - Processing file /home/airflow/.local/lib/python3.12/site-packages/airflow/example_dags/example_params_trigger_ui.py for tasks to queue
[2024-05-26T15:21:34.345+0000] {logging_mixin.py:188} INFO - [2024-05-26T15:21:34.344+0000] {dagbag.py:545} INFO - Filling up the DagBag from /home/airflow/.local/lib/python3.12/site-packages/airflow/example_dags/example_params_trigger_ui.py
[2024-05-26T15:21:34.372+0000] {processor.py:840} INFO - DAG(s) 'example_params_trigger_ui' retrieved from /home/airflow/.local/lib/python3.12/site-packages/airflow/example_dags/example_params_trigger_ui.py
[2024-05-26T15:21:34.443+0000] {logging_mixin.py:188} INFO - [2024-05-26T15:21:34.443+0000] {dag.py:3096} INFO - Sync 1 DAGs
[2024-05-26T15:21:34.461+0000] {logging_mixin.py:188} INFO - [2024-05-26T15:21:34.461+0000] {dag.py:3954} INFO - Setting next_dagrun for example_params_trigger_ui to None, run_after=None
[2024-05-26T15:21:34.483+0000] {processor.py:183} INFO - Processing /home/airflow/.local/lib/python3.12/site-packages/airflow/example_dags/example_params_trigger_ui.py took 0.163 seconds
[2024-05-26T15:22:05.145+0000] {processor.py:161} INFO - Started process (PID=106) to work on /home/airflow/.local/lib/python3.12/site-packages/airflow/example_dags/example_params_trigger_ui.py
[2024-05-26T15:22:05.147+0000] {processor.py:830} INFO - Processing file /home/airflow/.local/lib/python3.12/site-packages/airflow/example_dags/example_params_trigger_ui.py for tasks to queue
[2024-05-26T15:22:05.151+0000] {logging_mixin.py:188} INFO - [2024-05-26T15:22:05.150+0000] {dagbag.py:545} INFO - Filling up the DagBag from /home/airflow/.local/lib/python3.12/site-packages/airflow/example_dags/example_params_trigger_ui.py
[2024-05-26T15:22:05.167+0000] {processor.py:840} INFO - DAG(s) 'example_params_trigger_ui' retrieved from /home/airflow/.local/lib/python3.12/site-packages/airflow/example_dags/example_params_trigger_ui.py
[2024-05-26T15:22:05.229+0000] {logging_mixin.py:188} INFO - [2024-05-26T15:22:05.228+0000] {dag.py:3096} INFO - Sync 1 DAGs
[2024-05-26T15:22:05.247+0000] {logging_mixin.py:188} INFO - [2024-05-26T15:22:05.246+0000] {dag.py:3954} INFO - Setting next_dagrun for example_params_trigger_ui to None, run_after=None
[2024-05-26T15:22:05.282+0000] {processor.py:183} INFO - Processing /home/airflow/.local/lib/python3.12/site-packages/airflow/example_dags/example_params_trigger_ui.py took 0.151 seconds
[2024-05-26T15:22:35.556+0000] {processor.py:161} INFO - Started process (PID=164) to work on /home/airflow/.local/lib/python3.12/site-packages/airflow/example_dags/example_params_trigger_ui.py
[2024-05-26T15:22:35.558+0000] {processor.py:830} INFO - Processing file /home/airflow/.local/lib/python3.12/site-packages/airflow/example_dags/example_params_trigger_ui.py for tasks to queue
[2024-05-26T15:22:35.560+0000] {logging_mixin.py:188} INFO - [2024-05-26T15:22:35.560+0000] {dagbag.py:545} INFO - Filling up the DagBag from /home/airflow/.local/lib/python3.12/site-packages/airflow/example_dags/example_params_trigger_ui.py
[2024-05-26T15:22:35.575+0000] {processor.py:840} INFO - DAG(s) 'example_params_trigger_ui' retrieved from /home/airflow/.local/lib/python3.12/site-packages/airflow/example_dags/example_params_trigger_ui.py
[2024-05-26T15:22:35.633+0000] {logging_mixin.py:188} INFO - [2024-05-26T15:22:35.633+0000] {dag.py:3096} INFO - Sync 1 DAGs
[2024-05-26T15:22:35.649+0000] {logging_mixin.py:188} INFO - [2024-05-26T15:22:35.649+0000] {dag.py:3954} INFO - Setting next_dagrun for example_params_trigger_ui to None, run_after=None
[2024-05-26T15:22:35.689+0000] {processor.py:183} INFO - Processing /home/airflow/.local/lib/python3.12/site-packages/airflow/example_dags/example_params_trigger_ui.py took 0.139 seconds
[2024-05-26T15:23:05.828+0000] {processor.py:161} INFO - Started process (PID=222) to work on /home/airflow/.local/lib/python3.12/site-packages/airflow/example_dags/example_params_trigger_ui.py
[2024-05-26T15:23:05.829+0000] {processor.py:830} INFO - Processing file /home/airflow/.local/lib/python3.12/site-packages/airflow/example_dags/example_params_trigger_ui.py for tasks to queue
[2024-05-26T15:23:05.831+0000] {logging_mixin.py:188} INFO - [2024-05-26T15:23:05.831+0000] {dagbag.py:545} INFO - Filling up the DagBag from /home/airflow/.local/lib/python3.12/site-packages/airflow/example_dags/example_params_trigger_ui.py
[2024-05-26T15:23:05.846+0000] {processor.py:840} INFO - DAG(s) 'example_params_trigger_ui' retrieved from /home/airflow/.local/lib/python3.12/site-packages/airflow/example_dags/example_params_trigger_ui.py
[2024-05-26T15:23:05.909+0000] {logging_mixin.py:188} INFO - [2024-05-26T15:23:05.909+0000] {dag.py:3096} INFO - Sync 1 DAGs
[2024-05-26T15:23:05.925+0000] {logging_mixin.py:188} INFO - [2024-05-26T15:23:05.925+0000] {dag.py:3954} INFO - Setting next_dagrun for example_params_trigger_ui to None, run_after=None
[2024-05-26T15:23:05.954+0000] {processor.py:183} INFO - Processing /home/airflow/.local/lib/python3.12/site-packages/airflow/example_dags/example_params_trigger_ui.py took 0.133 seconds
[2024-05-26T15:23:36.838+0000] {processor.py:161} INFO - Started process (PID=280) to work on /home/airflow/.local/lib/python3.12/site-packages/airflow/example_dags/example_params_trigger_ui.py
[2024-05-26T15:23:36.839+0000] {processor.py:830} INFO - Processing file /home/airflow/.local/lib/python3.12/site-packages/airflow/example_dags/example_params_trigger_ui.py for tasks to queue
[2024-05-26T15:23:36.840+0000] {logging_mixin.py:188} INFO - [2024-05-26T15:23:36.840+0000] {dagbag.py:545} INFO - Filling up the DagBag from /home/airflow/.local/lib/python3.12/site-packages/airflow/example_dags/example_params_trigger_ui.py
[2024-05-26T15:23:36.856+0000] {processor.py:840} INFO - DAG(s) 'example_params_trigger_ui' retrieved from /home/airflow/.local/lib/python3.12/site-packages/airflow/example_dags/example_params_trigger_ui.py
[2024-05-26T15:23:36.914+0000] {logging_mixin.py:188} INFO - [2024-05-26T15:23:36.913+0000] {dag.py:3096} INFO - Sync 1 DAGs
[2024-05-26T15:23:36.928+0000] {logging_mixin.py:188} INFO - [2024-05-26T15:23:36.928+0000] {dag.py:3954} INFO - Setting next_dagrun for example_params_trigger_ui to None, run_after=None
[2024-05-26T15:23:36.953+0000] {processor.py:183} INFO - Processing /home/airflow/.local/lib/python3.12/site-packages/airflow/example_dags/example_params_trigger_ui.py took 0.122 seconds
[2024-05-26T15:24:07.884+0000] {processor.py:161} INFO - Started process (PID=338) to work on /home/airflow/.local/lib/python3.12/site-packages/airflow/example_dags/example_params_trigger_ui.py
[2024-05-26T15:24:07.885+0000] {processor.py:830} INFO - Processing file /home/airflow/.local/lib/python3.12/site-packages/airflow/example_dags/example_params_trigger_ui.py for tasks to queue
[2024-05-26T15:24:07.887+0000] {logging_mixin.py:188} INFO - [2024-05-26T15:24:07.887+0000] {dagbag.py:545} INFO - Filling up the DagBag from /home/airflow/.local/lib/python3.12/site-packages/airflow/example_dags/example_params_trigger_ui.py
[2024-05-26T15:24:07.903+0000] {processor.py:840} INFO - DAG(s) 'example_params_trigger_ui' retrieved from /home/airflow/.local/lib/python3.12/site-packages/airflow/example_dags/example_params_trigger_ui.py
[2024-05-26T15:24:07.962+0000] {logging_mixin.py:188} INFO - [2024-05-26T15:24:07.961+0000] {dag.py:3096} INFO - Sync 1 DAGs
[2024-05-26T15:24:07.977+0000] {logging_mixin.py:188} INFO - [2024-05-26T15:24:07.976+0000] {dag.py:3954} INFO - Setting next_dagrun for example_params_trigger_ui to None, run_after=None
[2024-05-26T15:24:07.996+0000] {processor.py:183} INFO - Processing /home/airflow/.local/lib/python3.12/site-packages/airflow/example_dags/example_params_trigger_ui.py took 0.118 seconds
[2024-05-26T15:24:38.261+0000] {processor.py:161} INFO - Started process (PID=396) to work on /home/airflow/.local/lib/python3.12/site-packages/airflow/example_dags/example_params_trigger_ui.py
[2024-05-26T15:24:38.263+0000] {processor.py:830} INFO - Processing file /home/airflow/.local/lib/python3.12/site-packages/airflow/example_dags/example_params_trigger_ui.py for tasks to queue
[2024-05-26T15:24:38.265+0000] {logging_mixin.py:188} INFO - [2024-05-26T15:24:38.264+0000] {dagbag.py:545} INFO - Filling up the DagBag from /home/airflow/.local/lib/python3.12/site-packages/airflow/example_dags/example_params_trigger_ui.py
[2024-05-26T15:24:38.280+0000] {processor.py:840} INFO - DAG(s) 'example_params_trigger_ui' retrieved from /home/airflow/.local/lib/python3.12/site-packages/airflow/example_dags/example_params_trigger_ui.py
[2024-05-26T15:24:38.339+0000] {logging_mixin.py:188} INFO - [2024-05-26T15:24:38.338+0000] {dag.py:3096} INFO - Sync 1 DAGs
[2024-05-26T15:24:38.355+0000] {logging_mixin.py:188} INFO - [2024-05-26T15:24:38.355+0000] {dag.py:3954} INFO - Setting next_dagrun for example_params_trigger_ui to None, run_after=None
[2024-05-26T15:24:38.381+0000] {processor.py:183} INFO - Processing /home/airflow/.local/lib/python3.12/site-packages/airflow/example_dags/example_params_trigger_ui.py took 0.126 seconds
[2024-05-26T15:25:08.603+0000] {processor.py:161} INFO - Started process (PID=454) to work on /home/airflow/.local/lib/python3.12/site-packages/airflow/example_dags/example_params_trigger_ui.py
[2024-05-26T15:25:08.605+0000] {processor.py:830} INFO - Processing file /home/airflow/.local/lib/python3.12/site-packages/airflow/example_dags/example_params_trigger_ui.py for tasks to queue
[2024-05-26T15:25:08.607+0000] {logging_mixin.py:188} INFO - [2024-05-26T15:25:08.606+0000] {dagbag.py:545} INFO - Filling up the DagBag from /home/airflow/.local/lib/python3.12/site-packages/airflow/example_dags/example_params_trigger_ui.py
[2024-05-26T15:25:08.622+0000] {processor.py:840} INFO - DAG(s) 'example_params_trigger_ui' retrieved from /home/airflow/.local/lib/python3.12/site-packages/airflow/example_dags/example_params_trigger_ui.py
[2024-05-26T15:25:08.688+0000] {logging_mixin.py:188} INFO - [2024-05-26T15:25:08.688+0000] {dag.py:3096} INFO - Sync 1 DAGs
[2024-05-26T15:25:08.707+0000] {logging_mixin.py:188} INFO - [2024-05-26T15:25:08.707+0000] {dag.py:3954} INFO - Setting next_dagrun for example_params_trigger_ui to None, run_after=None
[2024-05-26T15:25:08.736+0000] {processor.py:183} INFO - Processing /home/airflow/.local/lib/python3.12/site-packages/airflow/example_dags/example_params_trigger_ui.py took 0.140 seconds
[2024-05-26T15:25:38.954+0000] {processor.py:161} INFO - Started process (PID=512) to work on /home/airflow/.local/lib/python3.12/site-packages/airflow/example_dags/example_params_trigger_ui.py
[2024-05-26T15:25:38.955+0000] {processor.py:830} INFO - Processing file /home/airflow/.local/lib/python3.12/site-packages/airflow/example_dags/example_params_trigger_ui.py for tasks to queue
[2024-05-26T15:25:38.958+0000] {logging_mixin.py:188} INFO - [2024-05-26T15:25:38.957+0000] {dagbag.py:545} INFO - Filling up the DagBag from /home/airflow/.local/lib/python3.12/site-packages/airflow/example_dags/example_params_trigger_ui.py
[2024-05-26T15:25:38.973+0000] {processor.py:840} INFO - DAG(s) 'example_params_trigger_ui' retrieved from /home/airflow/.local/lib/python3.12/site-packages/airflow/example_dags/example_params_trigger_ui.py
[2024-05-26T15:25:39.037+0000] {logging_mixin.py:188} INFO - [2024-05-26T15:25:39.036+0000] {dag.py:3096} INFO - Sync 1 DAGs
[2024-05-26T15:25:39.059+0000] {logging_mixin.py:188} INFO - [2024-05-26T15:25:39.059+0000] {dag.py:3954} INFO - Setting next_dagrun for example_params_trigger_ui to None, run_after=None
[2024-05-26T15:25:39.086+0000] {processor.py:183} INFO - Processing /home/airflow/.local/lib/python3.12/site-packages/airflow/example_dags/example_params_trigger_ui.py took 0.138 seconds
[2024-05-26T15:26:09.320+0000] {processor.py:161} INFO - Started process (PID=570) to work on /home/airflow/.local/lib/python3.12/site-packages/airflow/example_dags/example_params_trigger_ui.py
[2024-05-26T15:26:09.321+0000] {processor.py:830} INFO - Processing file /home/airflow/.local/lib/python3.12/site-packages/airflow/example_dags/example_params_trigger_ui.py for tasks to queue
[2024-05-26T15:26:09.324+0000] {logging_mixin.py:188} INFO - [2024-05-26T15:26:09.323+0000] {dagbag.py:545} INFO - Filling up the DagBag from /home/airflow/.local/lib/python3.12/site-packages/airflow/example_dags/example_params_trigger_ui.py
[2024-05-26T15:26:09.340+0000] {processor.py:840} INFO - DAG(s) 'example_params_trigger_ui' retrieved from /home/airflow/.local/lib/python3.12/site-packages/airflow/example_dags/example_params_trigger_ui.py
[2024-05-26T15:26:09.408+0000] {logging_mixin.py:188} INFO - [2024-05-26T15:26:09.407+0000] {dag.py:3096} INFO - Sync 1 DAGs
[2024-05-26T15:26:09.423+0000] {logging_mixin.py:188} INFO - [2024-05-26T15:26:09.422+0000] {dag.py:3954} INFO - Setting next_dagrun for example_params_trigger_ui to None, run_after=None
[2024-05-26T15:26:09.447+0000] {processor.py:183} INFO - Processing /home/airflow/.local/lib/python3.12/site-packages/airflow/example_dags/example_params_trigger_ui.py took 0.133 seconds
[2024-05-26T15:26:39.707+0000] {processor.py:161} INFO - Started process (PID=628) to work on /home/airflow/.local/lib/python3.12/site-packages/airflow/example_dags/example_params_trigger_ui.py
[2024-05-26T15:26:39.708+0000] {processor.py:830} INFO - Processing file /home/airflow/.local/lib/python3.12/site-packages/airflow/example_dags/example_params_trigger_ui.py for tasks to queue
[2024-05-26T15:26:39.711+0000] {logging_mixin.py:188} INFO - [2024-05-26T15:26:39.710+0000] {dagbag.py:545} INFO - Filling up the DagBag from /home/airflow/.local/lib/python3.12/site-packages/airflow/example_dags/example_params_trigger_ui.py
[2024-05-26T15:26:39.727+0000] {processor.py:840} INFO - DAG(s) 'example_params_trigger_ui' retrieved from /home/airflow/.local/lib/python3.12/site-packages/airflow/example_dags/example_params_trigger_ui.py
[2024-05-26T15:26:39.788+0000] {logging_mixin.py:188} INFO - [2024-05-26T15:26:39.788+0000] {dag.py:3096} INFO - Sync 1 DAGs
[2024-05-26T15:26:39.804+0000] {logging_mixin.py:188} INFO - [2024-05-26T15:26:39.804+0000] {dag.py:3954} INFO - Setting next_dagrun for example_params_trigger_ui to None, run_after=None
[2024-05-26T15:26:39.825+0000] {processor.py:183} INFO - Processing /home/airflow/.local/lib/python3.12/site-packages/airflow/example_dags/example_params_trigger_ui.py took 0.125 seconds
[2024-05-26T15:27:10.189+0000] {processor.py:161} INFO - Started process (PID=686) to work on /home/airflow/.local/lib/python3.12/site-packages/airflow/example_dags/example_params_trigger_ui.py
[2024-05-26T15:27:10.190+0000] {processor.py:830} INFO - Processing file /home/airflow/.local/lib/python3.12/site-packages/airflow/example_dags/example_params_trigger_ui.py for tasks to queue
[2024-05-26T15:27:10.192+0000] {logging_mixin.py:188} INFO - [2024-05-26T15:27:10.191+0000] {dagbag.py:545} INFO - Filling up the DagBag from /home/airflow/.local/lib/python3.12/site-packages/airflow/example_dags/example_params_trigger_ui.py
[2024-05-26T15:27:10.206+0000] {processor.py:840} INFO - DAG(s) 'example_params_trigger_ui' retrieved from /home/airflow/.local/lib/python3.12/site-packages/airflow/example_dags/example_params_trigger_ui.py
[2024-05-26T15:27:10.278+0000] {logging_mixin.py:188} INFO - [2024-05-26T15:27:10.277+0000] {dag.py:3096} INFO - Sync 1 DAGs
[2024-05-26T15:27:10.293+0000] {logging_mixin.py:188} INFO - [2024-05-26T15:27:10.293+0000] {dag.py:3954} INFO - Setting next_dagrun for example_params_trigger_ui to None, run_after=None
[2024-05-26T15:27:10.316+0000] {processor.py:183} INFO - Processing /home/airflow/.local/lib/python3.12/site-packages/airflow/example_dags/example_params_trigger_ui.py took 0.133 seconds
[2024-05-26T17:43:37.495+0000] {processor.py:161} INFO - Started process (PID=53) to work on /home/airflow/.local/lib/python3.12/site-packages/airflow/example_dags/example_params_trigger_ui.py
[2024-05-26T17:43:37.497+0000] {processor.py:830} INFO - Processing file /home/airflow/.local/lib/python3.12/site-packages/airflow/example_dags/example_params_trigger_ui.py for tasks to queue
[2024-05-26T17:43:37.502+0000] {logging_mixin.py:188} INFO - [2024-05-26T17:43:37.502+0000] {dagbag.py:545} INFO - Filling up the DagBag from /home/airflow/.local/lib/python3.12/site-packages/airflow/example_dags/example_params_trigger_ui.py
[2024-05-26T17:43:37.523+0000] {processor.py:840} INFO - DAG(s) 'example_params_trigger_ui' retrieved from /home/airflow/.local/lib/python3.12/site-packages/airflow/example_dags/example_params_trigger_ui.py
[2024-05-26T17:43:37.866+0000] {logging_mixin.py:188} INFO - [2024-05-26T17:43:37.865+0000] {dag.py:3096} INFO - Sync 1 DAGs
[2024-05-26T17:43:37.891+0000] {logging_mixin.py:188} INFO - [2024-05-26T17:43:37.890+0000] {dag.py:3954} INFO - Setting next_dagrun for example_params_trigger_ui to None, run_after=None
[2024-05-26T17:43:37.921+0000] {processor.py:183} INFO - Processing /home/airflow/.local/lib/python3.12/site-packages/airflow/example_dags/example_params_trigger_ui.py took 0.432 seconds
[2024-05-26T17:44:08.730+0000] {processor.py:161} INFO - Started process (PID=111) to work on /home/airflow/.local/lib/python3.12/site-packages/airflow/example_dags/example_params_trigger_ui.py
[2024-05-26T17:44:08.731+0000] {processor.py:830} INFO - Processing file /home/airflow/.local/lib/python3.12/site-packages/airflow/example_dags/example_params_trigger_ui.py for tasks to queue
[2024-05-26T17:44:08.733+0000] {logging_mixin.py:188} INFO - [2024-05-26T17:44:08.733+0000] {dagbag.py:545} INFO - Filling up the DagBag from /home/airflow/.local/lib/python3.12/site-packages/airflow/example_dags/example_params_trigger_ui.py
[2024-05-26T17:44:08.749+0000] {processor.py:840} INFO - DAG(s) 'example_params_trigger_ui' retrieved from /home/airflow/.local/lib/python3.12/site-packages/airflow/example_dags/example_params_trigger_ui.py
[2024-05-26T17:44:08.817+0000] {logging_mixin.py:188} INFO - [2024-05-26T17:44:08.816+0000] {dag.py:3096} INFO - Sync 1 DAGs
[2024-05-26T17:44:08.833+0000] {logging_mixin.py:188} INFO - [2024-05-26T17:44:08.833+0000] {dag.py:3954} INFO - Setting next_dagrun for example_params_trigger_ui to None, run_after=None
[2024-05-26T17:44:08.854+0000] {processor.py:183} INFO - Processing /home/airflow/.local/lib/python3.12/site-packages/airflow/example_dags/example_params_trigger_ui.py took 0.131 seconds
[2024-05-26T17:44:39.261+0000] {processor.py:161} INFO - Started process (PID=169) to work on /home/airflow/.local/lib/python3.12/site-packages/airflow/example_dags/example_params_trigger_ui.py
[2024-05-26T17:44:39.262+0000] {processor.py:830} INFO - Processing file /home/airflow/.local/lib/python3.12/site-packages/airflow/example_dags/example_params_trigger_ui.py for tasks to queue
[2024-05-26T17:44:39.265+0000] {logging_mixin.py:188} INFO - [2024-05-26T17:44:39.264+0000] {dagbag.py:545} INFO - Filling up the DagBag from /home/airflow/.local/lib/python3.12/site-packages/airflow/example_dags/example_params_trigger_ui.py
[2024-05-26T17:44:39.282+0000] {processor.py:840} INFO - DAG(s) 'example_params_trigger_ui' retrieved from /home/airflow/.local/lib/python3.12/site-packages/airflow/example_dags/example_params_trigger_ui.py
[2024-05-26T17:44:39.339+0000] {logging_mixin.py:188} INFO - [2024-05-26T17:44:39.338+0000] {dag.py:3096} INFO - Sync 1 DAGs
[2024-05-26T17:44:39.354+0000] {logging_mixin.py:188} INFO - [2024-05-26T17:44:39.354+0000] {dag.py:3954} INFO - Setting next_dagrun for example_params_trigger_ui to None, run_after=None
[2024-05-26T17:44:39.379+0000] {processor.py:183} INFO - Processing /home/airflow/.local/lib/python3.12/site-packages/airflow/example_dags/example_params_trigger_ui.py took 0.125 seconds
[2024-05-26T17:45:09.770+0000] {processor.py:161} INFO - Started process (PID=226) to work on /home/airflow/.local/lib/python3.12/site-packages/airflow/example_dags/example_params_trigger_ui.py
[2024-05-26T17:45:09.774+0000] {processor.py:830} INFO - Processing file /home/airflow/.local/lib/python3.12/site-packages/airflow/example_dags/example_params_trigger_ui.py for tasks to queue
[2024-05-26T17:45:09.781+0000] {logging_mixin.py:188} INFO - [2024-05-26T17:45:09.780+0000] {dagbag.py:545} INFO - Filling up the DagBag from /home/airflow/.local/lib/python3.12/site-packages/airflow/example_dags/example_params_trigger_ui.py
[2024-05-26T17:45:09.815+0000] {processor.py:840} INFO - DAG(s) 'example_params_trigger_ui' retrieved from /home/airflow/.local/lib/python3.12/site-packages/airflow/example_dags/example_params_trigger_ui.py
[2024-05-26T17:45:09.879+0000] {logging_mixin.py:188} INFO - [2024-05-26T17:45:09.879+0000] {dag.py:3096} INFO - Sync 1 DAGs
[2024-05-26T17:45:09.896+0000] {logging_mixin.py:188} INFO - [2024-05-26T17:45:09.896+0000] {dag.py:3954} INFO - Setting next_dagrun for example_params_trigger_ui to None, run_after=None
[2024-05-26T17:45:09.921+0000] {processor.py:183} INFO - Processing /home/airflow/.local/lib/python3.12/site-packages/airflow/example_dags/example_params_trigger_ui.py took 0.166 seconds
[2024-05-26T17:45:40.929+0000] {processor.py:161} INFO - Started process (PID=284) to work on /home/airflow/.local/lib/python3.12/site-packages/airflow/example_dags/example_params_trigger_ui.py
[2024-05-26T17:45:40.931+0000] {processor.py:830} INFO - Processing file /home/airflow/.local/lib/python3.12/site-packages/airflow/example_dags/example_params_trigger_ui.py for tasks to queue
[2024-05-26T17:45:40.936+0000] {logging_mixin.py:188} INFO - [2024-05-26T17:45:40.935+0000] {dagbag.py:545} INFO - Filling up the DagBag from /home/airflow/.local/lib/python3.12/site-packages/airflow/example_dags/example_params_trigger_ui.py
[2024-05-26T17:45:40.961+0000] {processor.py:840} INFO - DAG(s) 'example_params_trigger_ui' retrieved from /home/airflow/.local/lib/python3.12/site-packages/airflow/example_dags/example_params_trigger_ui.py
[2024-05-26T17:45:41.024+0000] {logging_mixin.py:188} INFO - [2024-05-26T17:45:41.023+0000] {dag.py:3096} INFO - Sync 1 DAGs
[2024-05-26T17:45:41.040+0000] {logging_mixin.py:188} INFO - [2024-05-26T17:45:41.040+0000] {dag.py:3954} INFO - Setting next_dagrun for example_params_trigger_ui to None, run_after=None
[2024-05-26T17:45:41.243+0000] {processor.py:183} INFO - Processing /home/airflow/.local/lib/python3.12/site-packages/airflow/example_dags/example_params_trigger_ui.py took 0.328 seconds
[2024-05-26T17:46:11.476+0000] {processor.py:161} INFO - Started process (PID=341) to work on /home/airflow/.local/lib/python3.12/site-packages/airflow/example_dags/example_params_trigger_ui.py
[2024-05-26T17:46:11.479+0000] {processor.py:830} INFO - Processing file /home/airflow/.local/lib/python3.12/site-packages/airflow/example_dags/example_params_trigger_ui.py for tasks to queue
[2024-05-26T17:46:11.484+0000] {logging_mixin.py:188} INFO - [2024-05-26T17:46:11.483+0000] {dagbag.py:545} INFO - Filling up the DagBag from /home/airflow/.local/lib/python3.12/site-packages/airflow/example_dags/example_params_trigger_ui.py
[2024-05-26T17:46:11.503+0000] {processor.py:840} INFO - DAG(s) 'example_params_trigger_ui' retrieved from /home/airflow/.local/lib/python3.12/site-packages/airflow/example_dags/example_params_trigger_ui.py
[2024-05-26T17:46:11.580+0000] {logging_mixin.py:188} INFO - [2024-05-26T17:46:11.580+0000] {dag.py:3096} INFO - Sync 1 DAGs
[2024-05-26T17:46:11.597+0000] {logging_mixin.py:188} INFO - [2024-05-26T17:46:11.597+0000] {dag.py:3954} INFO - Setting next_dagrun for example_params_trigger_ui to None, run_after=None
[2024-05-26T17:46:11.621+0000] {processor.py:183} INFO - Processing /home/airflow/.local/lib/python3.12/site-packages/airflow/example_dags/example_params_trigger_ui.py took 0.159 seconds
[2024-05-26T17:46:42.009+0000] {processor.py:161} INFO - Started process (PID=399) to work on /home/airflow/.local/lib/python3.12/site-packages/airflow/example_dags/example_params_trigger_ui.py
[2024-05-26T17:46:42.010+0000] {processor.py:830} INFO - Processing file /home/airflow/.local/lib/python3.12/site-packages/airflow/example_dags/example_params_trigger_ui.py for tasks to queue
[2024-05-26T17:46:42.012+0000] {logging_mixin.py:188} INFO - [2024-05-26T17:46:42.012+0000] {dagbag.py:545} INFO - Filling up the DagBag from /home/airflow/.local/lib/python3.12/site-packages/airflow/example_dags/example_params_trigger_ui.py
[2024-05-26T17:46:42.028+0000] {processor.py:840} INFO - DAG(s) 'example_params_trigger_ui' retrieved from /home/airflow/.local/lib/python3.12/site-packages/airflow/example_dags/example_params_trigger_ui.py
[2024-05-26T17:46:42.086+0000] {logging_mixin.py:188} INFO - [2024-05-26T17:46:42.086+0000] {dag.py:3096} INFO - Sync 1 DAGs
[2024-05-26T17:46:42.100+0000] {logging_mixin.py:188} INFO - [2024-05-26T17:46:42.100+0000] {dag.py:3954} INFO - Setting next_dagrun for example_params_trigger_ui to None, run_after=None
[2024-05-26T17:46:42.121+0000] {processor.py:183} INFO - Processing /home/airflow/.local/lib/python3.12/site-packages/airflow/example_dags/example_params_trigger_ui.py took 0.118 seconds
[2024-05-26T17:47:12.604+0000] {processor.py:161} INFO - Started process (PID=457) to work on /home/airflow/.local/lib/python3.12/site-packages/airflow/example_dags/example_params_trigger_ui.py
[2024-05-26T17:47:12.605+0000] {processor.py:830} INFO - Processing file /home/airflow/.local/lib/python3.12/site-packages/airflow/example_dags/example_params_trigger_ui.py for tasks to queue
[2024-05-26T17:47:12.607+0000] {logging_mixin.py:188} INFO - [2024-05-26T17:47:12.607+0000] {dagbag.py:545} INFO - Filling up the DagBag from /home/airflow/.local/lib/python3.12/site-packages/airflow/example_dags/example_params_trigger_ui.py
[2024-05-26T17:47:12.625+0000] {processor.py:840} INFO - DAG(s) 'example_params_trigger_ui' retrieved from /home/airflow/.local/lib/python3.12/site-packages/airflow/example_dags/example_params_trigger_ui.py
[2024-05-26T17:47:12.703+0000] {logging_mixin.py:188} INFO - [2024-05-26T17:47:12.703+0000] {dag.py:3096} INFO - Sync 1 DAGs
[2024-05-26T17:47:12.722+0000] {logging_mixin.py:188} INFO - [2024-05-26T17:47:12.721+0000] {dag.py:3954} INFO - Setting next_dagrun for example_params_trigger_ui to None, run_after=None
[2024-05-26T17:47:12.752+0000] {processor.py:183} INFO - Processing /home/airflow/.local/lib/python3.12/site-packages/airflow/example_dags/example_params_trigger_ui.py took 0.155 seconds
[2024-05-26T17:47:42.847+0000] {processor.py:161} INFO - Started process (PID=515) to work on /home/airflow/.local/lib/python3.12/site-packages/airflow/example_dags/example_params_trigger_ui.py
[2024-05-26T17:47:42.848+0000] {processor.py:830} INFO - Processing file /home/airflow/.local/lib/python3.12/site-packages/airflow/example_dags/example_params_trigger_ui.py for tasks to queue
[2024-05-26T17:47:42.851+0000] {logging_mixin.py:188} INFO - [2024-05-26T17:47:42.850+0000] {dagbag.py:545} INFO - Filling up the DagBag from /home/airflow/.local/lib/python3.12/site-packages/airflow/example_dags/example_params_trigger_ui.py
[2024-05-26T17:47:42.866+0000] {processor.py:840} INFO - DAG(s) 'example_params_trigger_ui' retrieved from /home/airflow/.local/lib/python3.12/site-packages/airflow/example_dags/example_params_trigger_ui.py
[2024-05-26T17:47:42.930+0000] {logging_mixin.py:188} INFO - [2024-05-26T17:47:42.930+0000] {dag.py:3096} INFO - Sync 1 DAGs
[2024-05-26T17:47:42.947+0000] {logging_mixin.py:188} INFO - [2024-05-26T17:47:42.947+0000] {dag.py:3954} INFO - Setting next_dagrun for example_params_trigger_ui to None, run_after=None
[2024-05-26T17:47:42.973+0000] {processor.py:183} INFO - Processing /home/airflow/.local/lib/python3.12/site-packages/airflow/example_dags/example_params_trigger_ui.py took 0.133 seconds
[2024-05-26T17:49:09.039+0000] {processor.py:161} INFO - Started process (PID=53) to work on /home/airflow/.local/lib/python3.12/site-packages/airflow/example_dags/example_params_trigger_ui.py
[2024-05-26T17:49:09.040+0000] {processor.py:830} INFO - Processing file /home/airflow/.local/lib/python3.12/site-packages/airflow/example_dags/example_params_trigger_ui.py for tasks to queue
[2024-05-26T17:49:09.043+0000] {logging_mixin.py:188} INFO - [2024-05-26T17:49:09.042+0000] {dagbag.py:545} INFO - Filling up the DagBag from /home/airflow/.local/lib/python3.12/site-packages/airflow/example_dags/example_params_trigger_ui.py
[2024-05-26T17:49:09.060+0000] {processor.py:840} INFO - DAG(s) 'example_params_trigger_ui' retrieved from /home/airflow/.local/lib/python3.12/site-packages/airflow/example_dags/example_params_trigger_ui.py
[2024-05-26T17:49:09.234+0000] {logging_mixin.py:188} INFO - [2024-05-26T17:49:09.234+0000] {dag.py:3096} INFO - Sync 1 DAGs
[2024-05-26T17:49:09.252+0000] {logging_mixin.py:188} INFO - [2024-05-26T17:49:09.251+0000] {dag.py:3954} INFO - Setting next_dagrun for example_params_trigger_ui to None, run_after=None
[2024-05-26T17:49:09.279+0000] {processor.py:183} INFO - Processing /home/airflow/.local/lib/python3.12/site-packages/airflow/example_dags/example_params_trigger_ui.py took 0.247 seconds
[2024-05-26T17:49:39.380+0000] {processor.py:161} INFO - Started process (PID=111) to work on /home/airflow/.local/lib/python3.12/site-packages/airflow/example_dags/example_params_trigger_ui.py
[2024-05-26T17:49:39.382+0000] {processor.py:830} INFO - Processing file /home/airflow/.local/lib/python3.12/site-packages/airflow/example_dags/example_params_trigger_ui.py for tasks to queue
[2024-05-26T17:49:39.384+0000] {logging_mixin.py:188} INFO - [2024-05-26T17:49:39.383+0000] {dagbag.py:545} INFO - Filling up the DagBag from /home/airflow/.local/lib/python3.12/site-packages/airflow/example_dags/example_params_trigger_ui.py
[2024-05-26T17:49:39.401+0000] {processor.py:840} INFO - DAG(s) 'example_params_trigger_ui' retrieved from /home/airflow/.local/lib/python3.12/site-packages/airflow/example_dags/example_params_trigger_ui.py
[2024-05-26T17:49:39.463+0000] {logging_mixin.py:188} INFO - [2024-05-26T17:49:39.462+0000] {dag.py:3096} INFO - Sync 1 DAGs
[2024-05-26T17:49:39.484+0000] {logging_mixin.py:188} INFO - [2024-05-26T17:49:39.484+0000] {dag.py:3954} INFO - Setting next_dagrun for example_params_trigger_ui to None, run_after=None
[2024-05-26T17:49:39.508+0000] {processor.py:183} INFO - Processing /home/airflow/.local/lib/python3.12/site-packages/airflow/example_dags/example_params_trigger_ui.py took 0.135 seconds
[2024-05-26T17:50:09.694+0000] {processor.py:161} INFO - Started process (PID=168) to work on /home/airflow/.local/lib/python3.12/site-packages/airflow/example_dags/example_params_trigger_ui.py
[2024-05-26T17:50:09.695+0000] {processor.py:830} INFO - Processing file /home/airflow/.local/lib/python3.12/site-packages/airflow/example_dags/example_params_trigger_ui.py for tasks to queue
[2024-05-26T17:50:09.698+0000] {logging_mixin.py:188} INFO - [2024-05-26T17:50:09.698+0000] {dagbag.py:545} INFO - Filling up the DagBag from /home/airflow/.local/lib/python3.12/site-packages/airflow/example_dags/example_params_trigger_ui.py
[2024-05-26T17:50:09.715+0000] {processor.py:840} INFO - DAG(s) 'example_params_trigger_ui' retrieved from /home/airflow/.local/lib/python3.12/site-packages/airflow/example_dags/example_params_trigger_ui.py
[2024-05-26T17:50:09.783+0000] {logging_mixin.py:188} INFO - [2024-05-26T17:50:09.783+0000] {dag.py:3096} INFO - Sync 1 DAGs
[2024-05-26T17:50:09.799+0000] {logging_mixin.py:188} INFO - [2024-05-26T17:50:09.799+0000] {dag.py:3954} INFO - Setting next_dagrun for example_params_trigger_ui to None, run_after=None
[2024-05-26T17:50:09.820+0000] {processor.py:183} INFO - Processing /home/airflow/.local/lib/python3.12/site-packages/airflow/example_dags/example_params_trigger_ui.py took 0.133 seconds
[2024-05-26T17:50:40.060+0000] {processor.py:161} INFO - Started process (PID=225) to work on /home/airflow/.local/lib/python3.12/site-packages/airflow/example_dags/example_params_trigger_ui.py
[2024-05-26T17:50:40.061+0000] {processor.py:830} INFO - Processing file /home/airflow/.local/lib/python3.12/site-packages/airflow/example_dags/example_params_trigger_ui.py for tasks to queue
[2024-05-26T17:50:40.064+0000] {logging_mixin.py:188} INFO - [2024-05-26T17:50:40.063+0000] {dagbag.py:545} INFO - Filling up the DagBag from /home/airflow/.local/lib/python3.12/site-packages/airflow/example_dags/example_params_trigger_ui.py
[2024-05-26T17:50:40.080+0000] {processor.py:840} INFO - DAG(s) 'example_params_trigger_ui' retrieved from /home/airflow/.local/lib/python3.12/site-packages/airflow/example_dags/example_params_trigger_ui.py
[2024-05-26T17:50:40.153+0000] {logging_mixin.py:188} INFO - [2024-05-26T17:50:40.152+0000] {dag.py:3096} INFO - Sync 1 DAGs
[2024-05-26T17:50:40.175+0000] {logging_mixin.py:188} INFO - [2024-05-26T17:50:40.175+0000] {dag.py:3954} INFO - Setting next_dagrun for example_params_trigger_ui to None, run_after=None
[2024-05-26T17:50:40.203+0000] {processor.py:183} INFO - Processing /home/airflow/.local/lib/python3.12/site-packages/airflow/example_dags/example_params_trigger_ui.py took 0.151 seconds
[2024-05-26T17:51:10.373+0000] {processor.py:161} INFO - Started process (PID=282) to work on /home/airflow/.local/lib/python3.12/site-packages/airflow/example_dags/example_params_trigger_ui.py
[2024-05-26T17:51:10.374+0000] {processor.py:830} INFO - Processing file /home/airflow/.local/lib/python3.12/site-packages/airflow/example_dags/example_params_trigger_ui.py for tasks to queue
[2024-05-26T17:51:10.376+0000] {logging_mixin.py:188} INFO - [2024-05-26T17:51:10.376+0000] {dagbag.py:545} INFO - Filling up the DagBag from /home/airflow/.local/lib/python3.12/site-packages/airflow/example_dags/example_params_trigger_ui.py
[2024-05-26T17:51:10.395+0000] {processor.py:840} INFO - DAG(s) 'example_params_trigger_ui' retrieved from /home/airflow/.local/lib/python3.12/site-packages/airflow/example_dags/example_params_trigger_ui.py
[2024-05-26T17:51:10.466+0000] {logging_mixin.py:188} INFO - [2024-05-26T17:51:10.466+0000] {dag.py:3096} INFO - Sync 1 DAGs
[2024-05-26T17:51:10.489+0000] {logging_mixin.py:188} INFO - [2024-05-26T17:51:10.488+0000] {dag.py:3954} INFO - Setting next_dagrun for example_params_trigger_ui to None, run_after=None
[2024-05-26T17:51:10.525+0000] {processor.py:183} INFO - Processing /home/airflow/.local/lib/python3.12/site-packages/airflow/example_dags/example_params_trigger_ui.py took 0.159 seconds
[2024-05-26T17:51:40.631+0000] {processor.py:161} INFO - Started process (PID=340) to work on /home/airflow/.local/lib/python3.12/site-packages/airflow/example_dags/example_params_trigger_ui.py
[2024-05-26T17:51:40.633+0000] {processor.py:830} INFO - Processing file /home/airflow/.local/lib/python3.12/site-packages/airflow/example_dags/example_params_trigger_ui.py for tasks to queue
[2024-05-26T17:51:40.635+0000] {logging_mixin.py:188} INFO - [2024-05-26T17:51:40.634+0000] {dagbag.py:545} INFO - Filling up the DagBag from /home/airflow/.local/lib/python3.12/site-packages/airflow/example_dags/example_params_trigger_ui.py
[2024-05-26T17:51:40.653+0000] {processor.py:840} INFO - DAG(s) 'example_params_trigger_ui' retrieved from /home/airflow/.local/lib/python3.12/site-packages/airflow/example_dags/example_params_trigger_ui.py
[2024-05-26T17:51:40.714+0000] {logging_mixin.py:188} INFO - [2024-05-26T17:51:40.713+0000] {dag.py:3096} INFO - Sync 1 DAGs
[2024-05-26T17:51:40.735+0000] {logging_mixin.py:188} INFO - [2024-05-26T17:51:40.735+0000] {dag.py:3954} INFO - Setting next_dagrun for example_params_trigger_ui to None, run_after=None
[2024-05-26T17:51:40.761+0000] {processor.py:183} INFO - Processing /home/airflow/.local/lib/python3.12/site-packages/airflow/example_dags/example_params_trigger_ui.py took 0.139 seconds
[2024-05-26T17:52:10.934+0000] {processor.py:161} INFO - Started process (PID=398) to work on /home/airflow/.local/lib/python3.12/site-packages/airflow/example_dags/example_params_trigger_ui.py
[2024-05-26T17:52:10.936+0000] {processor.py:830} INFO - Processing file /home/airflow/.local/lib/python3.12/site-packages/airflow/example_dags/example_params_trigger_ui.py for tasks to queue
[2024-05-26T17:52:10.942+0000] {logging_mixin.py:188} INFO - [2024-05-26T17:52:10.941+0000] {dagbag.py:545} INFO - Filling up the DagBag from /home/airflow/.local/lib/python3.12/site-packages/airflow/example_dags/example_params_trigger_ui.py
[2024-05-26T17:52:10.963+0000] {processor.py:840} INFO - DAG(s) 'example_params_trigger_ui' retrieved from /home/airflow/.local/lib/python3.12/site-packages/airflow/example_dags/example_params_trigger_ui.py
[2024-05-26T17:52:11.031+0000] {logging_mixin.py:188} INFO - [2024-05-26T17:52:11.030+0000] {dag.py:3096} INFO - Sync 1 DAGs
[2024-05-26T17:52:11.052+0000] {logging_mixin.py:188} INFO - [2024-05-26T17:52:11.051+0000] {dag.py:3954} INFO - Setting next_dagrun for example_params_trigger_ui to None, run_after=None
[2024-05-26T17:52:11.078+0000] {processor.py:183} INFO - Processing /home/airflow/.local/lib/python3.12/site-packages/airflow/example_dags/example_params_trigger_ui.py took 0.159 seconds
[2024-05-26T17:57:46.902+0000] {processor.py:161} INFO - Started process (PID=53) to work on /home/airflow/.local/lib/python3.12/site-packages/airflow/example_dags/example_params_trigger_ui.py
[2024-05-26T17:57:46.903+0000] {processor.py:830} INFO - Processing file /home/airflow/.local/lib/python3.12/site-packages/airflow/example_dags/example_params_trigger_ui.py for tasks to queue
[2024-05-26T17:57:46.906+0000] {logging_mixin.py:188} INFO - [2024-05-26T17:57:46.905+0000] {dagbag.py:545} INFO - Filling up the DagBag from /home/airflow/.local/lib/python3.12/site-packages/airflow/example_dags/example_params_trigger_ui.py
[2024-05-26T17:57:46.924+0000] {processor.py:840} INFO - DAG(s) 'example_params_trigger_ui' retrieved from /home/airflow/.local/lib/python3.12/site-packages/airflow/example_dags/example_params_trigger_ui.py
[2024-05-26T17:57:46.937+0000] {logging_mixin.py:188} INFO - [2024-05-26T17:57:46.937+0000] {dag.py:3096} INFO - Sync 1 DAGs
[2024-05-26T17:57:46.955+0000] {logging_mixin.py:188} INFO - [2024-05-26T17:57:46.955+0000] {dag.py:3954} INFO - Setting next_dagrun for example_params_trigger_ui to None, run_after=None
[2024-05-26T17:57:46.998+0000] {processor.py:183} INFO - Processing /home/airflow/.local/lib/python3.12/site-packages/airflow/example_dags/example_params_trigger_ui.py took 0.103 seconds
[2024-05-26T17:58:18.390+0000] {processor.py:161} INFO - Started process (PID=111) to work on /home/airflow/.local/lib/python3.12/site-packages/airflow/example_dags/example_params_trigger_ui.py
[2024-05-26T17:58:18.391+0000] {processor.py:830} INFO - Processing file /home/airflow/.local/lib/python3.12/site-packages/airflow/example_dags/example_params_trigger_ui.py for tasks to queue
[2024-05-26T17:58:18.393+0000] {logging_mixin.py:188} INFO - [2024-05-26T17:58:18.393+0000] {dagbag.py:545} INFO - Filling up the DagBag from /home/airflow/.local/lib/python3.12/site-packages/airflow/example_dags/example_params_trigger_ui.py
[2024-05-26T17:58:18.408+0000] {processor.py:840} INFO - DAG(s) 'example_params_trigger_ui' retrieved from /home/airflow/.local/lib/python3.12/site-packages/airflow/example_dags/example_params_trigger_ui.py
[2024-05-26T17:58:18.563+0000] {logging_mixin.py:188} INFO - [2024-05-26T17:58:18.562+0000] {dag.py:3096} INFO - Sync 1 DAGs
[2024-05-26T17:58:18.591+0000] {logging_mixin.py:188} INFO - [2024-05-26T17:58:18.591+0000] {dag.py:3954} INFO - Setting next_dagrun for example_params_trigger_ui to None, run_after=None
[2024-05-26T17:58:18.614+0000] {processor.py:183} INFO - Processing /home/airflow/.local/lib/python3.12/site-packages/airflow/example_dags/example_params_trigger_ui.py took 0.232 seconds
[2024-05-26T17:58:48.678+0000] {processor.py:161} INFO - Started process (PID=169) to work on /home/airflow/.local/lib/python3.12/site-packages/airflow/example_dags/example_params_trigger_ui.py
[2024-05-26T17:58:48.679+0000] {processor.py:830} INFO - Processing file /home/airflow/.local/lib/python3.12/site-packages/airflow/example_dags/example_params_trigger_ui.py for tasks to queue
[2024-05-26T17:58:48.681+0000] {logging_mixin.py:188} INFO - [2024-05-26T17:58:48.681+0000] {dagbag.py:545} INFO - Filling up the DagBag from /home/airflow/.local/lib/python3.12/site-packages/airflow/example_dags/example_params_trigger_ui.py
[2024-05-26T17:58:48.697+0000] {processor.py:840} INFO - DAG(s) 'example_params_trigger_ui' retrieved from /home/airflow/.local/lib/python3.12/site-packages/airflow/example_dags/example_params_trigger_ui.py
[2024-05-26T17:58:48.752+0000] {logging_mixin.py:188} INFO - [2024-05-26T17:58:48.752+0000] {dag.py:3096} INFO - Sync 1 DAGs
[2024-05-26T17:58:48.768+0000] {logging_mixin.py:188} INFO - [2024-05-26T17:58:48.768+0000] {dag.py:3954} INFO - Setting next_dagrun for example_params_trigger_ui to None, run_after=None
[2024-05-26T17:58:48.790+0000] {processor.py:183} INFO - Processing /home/airflow/.local/lib/python3.12/site-packages/airflow/example_dags/example_params_trigger_ui.py took 0.119 seconds
