[2024-05-26T15:21:33.241+0000] {processor.py:161} INFO - Started process (PID=36) to work on /home/airflow/.local/lib/python3.12/site-packages/airflow/example_dags/example_display_name.py
[2024-05-26T15:21:33.243+0000] {processor.py:830} INFO - Processing file /home/airflow/.local/lib/python3.12/site-packages/airflow/example_dags/example_display_name.py for tasks to queue
[2024-05-26T15:21:33.247+0000] {logging_mixin.py:188} INFO - [2024-05-26T15:21:33.246+0000] {dagbag.py:545} INFO - Filling up the DagBag from /home/airflow/.local/lib/python3.12/site-packages/airflow/example_dags/example_display_name.py
[2024-05-26T15:21:33.258+0000] {processor.py:840} INFO - DAG(s) 'example_display_name' retrieved from /home/airflow/.local/lib/python3.12/site-packages/airflow/example_dags/example_display_name.py
[2024-05-26T15:21:33.291+0000] {logging_mixin.py:188} INFO - [2024-05-26T15:21:33.290+0000] {dag.py:3096} INFO - Sync 1 DAGs
[2024-05-26T15:21:33.312+0000] {logging_mixin.py:188} INFO - [2024-05-26T15:21:33.312+0000] {dag.py:3954} INFO - Setting next_dagrun for example_display_name to None, run_after=None
[2024-05-26T15:21:33.336+0000] {processor.py:183} INFO - Processing /home/airflow/.local/lib/python3.12/site-packages/airflow/example_dags/example_display_name.py took 0.101 seconds
[2024-05-26T15:22:03.428+0000] {processor.py:161} INFO - Started process (PID=94) to work on /home/airflow/.local/lib/python3.12/site-packages/airflow/example_dags/example_display_name.py
[2024-05-26T15:22:03.429+0000] {processor.py:830} INFO - Processing file /home/airflow/.local/lib/python3.12/site-packages/airflow/example_dags/example_display_name.py for tasks to queue
[2024-05-26T15:22:03.431+0000] {logging_mixin.py:188} INFO - [2024-05-26T15:22:03.431+0000] {dagbag.py:545} INFO - Filling up the DagBag from /home/airflow/.local/lib/python3.12/site-packages/airflow/example_dags/example_display_name.py
[2024-05-26T15:22:03.437+0000] {processor.py:840} INFO - DAG(s) 'example_display_name' retrieved from /home/airflow/.local/lib/python3.12/site-packages/airflow/example_dags/example_display_name.py
[2024-05-26T15:22:03.460+0000] {logging_mixin.py:188} INFO - [2024-05-26T15:22:03.459+0000] {dag.py:3096} INFO - Sync 1 DAGs
[2024-05-26T15:22:03.477+0000] {logging_mixin.py:188} INFO - [2024-05-26T15:22:03.476+0000] {dag.py:3954} INFO - Setting next_dagrun for example_display_name to None, run_after=None
[2024-05-26T15:22:03.498+0000] {processor.py:183} INFO - Processing /home/airflow/.local/lib/python3.12/site-packages/airflow/example_dags/example_display_name.py took 0.076 seconds
[2024-05-26T15:22:33.759+0000] {processor.py:161} INFO - Started process (PID=152) to work on /home/airflow/.local/lib/python3.12/site-packages/airflow/example_dags/example_display_name.py
[2024-05-26T15:22:33.760+0000] {processor.py:830} INFO - Processing file /home/airflow/.local/lib/python3.12/site-packages/airflow/example_dags/example_display_name.py for tasks to queue
[2024-05-26T15:22:33.762+0000] {logging_mixin.py:188} INFO - [2024-05-26T15:22:33.762+0000] {dagbag.py:545} INFO - Filling up the DagBag from /home/airflow/.local/lib/python3.12/site-packages/airflow/example_dags/example_display_name.py
[2024-05-26T15:22:33.768+0000] {processor.py:840} INFO - DAG(s) 'example_display_name' retrieved from /home/airflow/.local/lib/python3.12/site-packages/airflow/example_dags/example_display_name.py
[2024-05-26T15:22:33.789+0000] {logging_mixin.py:188} INFO - [2024-05-26T15:22:33.788+0000] {dag.py:3096} INFO - Sync 1 DAGs
[2024-05-26T15:22:33.803+0000] {logging_mixin.py:188} INFO - [2024-05-26T15:22:33.803+0000] {dag.py:3954} INFO - Setting next_dagrun for example_display_name to None, run_after=None
[2024-05-26T15:22:33.826+0000] {processor.py:183} INFO - Processing /home/airflow/.local/lib/python3.12/site-packages/airflow/example_dags/example_display_name.py took 0.073 seconds
[2024-05-26T15:23:03.966+0000] {processor.py:161} INFO - Started process (PID=210) to work on /home/airflow/.local/lib/python3.12/site-packages/airflow/example_dags/example_display_name.py
[2024-05-26T15:23:03.968+0000] {processor.py:830} INFO - Processing file /home/airflow/.local/lib/python3.12/site-packages/airflow/example_dags/example_display_name.py for tasks to queue
[2024-05-26T15:23:03.970+0000] {logging_mixin.py:188} INFO - [2024-05-26T15:23:03.970+0000] {dagbag.py:545} INFO - Filling up the DagBag from /home/airflow/.local/lib/python3.12/site-packages/airflow/example_dags/example_display_name.py
[2024-05-26T15:23:03.977+0000] {processor.py:840} INFO - DAG(s) 'example_display_name' retrieved from /home/airflow/.local/lib/python3.12/site-packages/airflow/example_dags/example_display_name.py
[2024-05-26T15:23:04.004+0000] {logging_mixin.py:188} INFO - [2024-05-26T15:23:04.004+0000] {dag.py:3096} INFO - Sync 1 DAGs
[2024-05-26T15:23:04.021+0000] {logging_mixin.py:188} INFO - [2024-05-26T15:23:04.020+0000] {dag.py:3954} INFO - Setting next_dagrun for example_display_name to None, run_after=None
[2024-05-26T15:23:04.042+0000] {processor.py:183} INFO - Processing /home/airflow/.local/lib/python3.12/site-packages/airflow/example_dags/example_display_name.py took 0.083 seconds
[2024-05-26T15:23:35.089+0000] {processor.py:161} INFO - Started process (PID=268) to work on /home/airflow/.local/lib/python3.12/site-packages/airflow/example_dags/example_display_name.py
[2024-05-26T15:23:35.092+0000] {processor.py:830} INFO - Processing file /home/airflow/.local/lib/python3.12/site-packages/airflow/example_dags/example_display_name.py for tasks to queue
[2024-05-26T15:23:35.094+0000] {logging_mixin.py:188} INFO - [2024-05-26T15:23:35.094+0000] {dagbag.py:545} INFO - Filling up the DagBag from /home/airflow/.local/lib/python3.12/site-packages/airflow/example_dags/example_display_name.py
[2024-05-26T15:23:35.100+0000] {processor.py:840} INFO - DAG(s) 'example_display_name' retrieved from /home/airflow/.local/lib/python3.12/site-packages/airflow/example_dags/example_display_name.py
[2024-05-26T15:23:35.119+0000] {logging_mixin.py:188} INFO - [2024-05-26T15:23:35.119+0000] {dag.py:3096} INFO - Sync 1 DAGs
[2024-05-26T15:23:35.135+0000] {logging_mixin.py:188} INFO - [2024-05-26T15:23:35.135+0000] {dag.py:3954} INFO - Setting next_dagrun for example_display_name to None, run_after=None
[2024-05-26T15:23:35.155+0000] {processor.py:183} INFO - Processing /home/airflow/.local/lib/python3.12/site-packages/airflow/example_dags/example_display_name.py took 0.074 seconds
[2024-05-26T15:24:06.135+0000] {processor.py:161} INFO - Started process (PID=326) to work on /home/airflow/.local/lib/python3.12/site-packages/airflow/example_dags/example_display_name.py
[2024-05-26T15:24:06.136+0000] {processor.py:830} INFO - Processing file /home/airflow/.local/lib/python3.12/site-packages/airflow/example_dags/example_display_name.py for tasks to queue
[2024-05-26T15:24:06.140+0000] {logging_mixin.py:188} INFO - [2024-05-26T15:24:06.140+0000] {dagbag.py:545} INFO - Filling up the DagBag from /home/airflow/.local/lib/python3.12/site-packages/airflow/example_dags/example_display_name.py
[2024-05-26T15:24:06.148+0000] {processor.py:840} INFO - DAG(s) 'example_display_name' retrieved from /home/airflow/.local/lib/python3.12/site-packages/airflow/example_dags/example_display_name.py
[2024-05-26T15:24:06.169+0000] {logging_mixin.py:188} INFO - [2024-05-26T15:24:06.168+0000] {dag.py:3096} INFO - Sync 1 DAGs
[2024-05-26T15:24:06.186+0000] {logging_mixin.py:188} INFO - [2024-05-26T15:24:06.186+0000] {dag.py:3954} INFO - Setting next_dagrun for example_display_name to None, run_after=None
[2024-05-26T15:24:06.207+0000] {processor.py:183} INFO - Processing /home/airflow/.local/lib/python3.12/site-packages/airflow/example_dags/example_display_name.py took 0.079 seconds
[2024-05-26T15:24:36.444+0000] {processor.py:161} INFO - Started process (PID=384) to work on /home/airflow/.local/lib/python3.12/site-packages/airflow/example_dags/example_display_name.py
[2024-05-26T15:24:36.445+0000] {processor.py:830} INFO - Processing file /home/airflow/.local/lib/python3.12/site-packages/airflow/example_dags/example_display_name.py for tasks to queue
[2024-05-26T15:24:36.447+0000] {logging_mixin.py:188} INFO - [2024-05-26T15:24:36.447+0000] {dagbag.py:545} INFO - Filling up the DagBag from /home/airflow/.local/lib/python3.12/site-packages/airflow/example_dags/example_display_name.py
[2024-05-26T15:24:36.455+0000] {processor.py:840} INFO - DAG(s) 'example_display_name' retrieved from /home/airflow/.local/lib/python3.12/site-packages/airflow/example_dags/example_display_name.py
[2024-05-26T15:24:36.477+0000] {logging_mixin.py:188} INFO - [2024-05-26T15:24:36.477+0000] {dag.py:3096} INFO - Sync 1 DAGs
[2024-05-26T15:24:36.495+0000] {logging_mixin.py:188} INFO - [2024-05-26T15:24:36.495+0000] {dag.py:3954} INFO - Setting next_dagrun for example_display_name to None, run_after=None
[2024-05-26T15:24:36.516+0000] {processor.py:183} INFO - Processing /home/airflow/.local/lib/python3.12/site-packages/airflow/example_dags/example_display_name.py took 0.080 seconds
[2024-05-26T15:25:06.787+0000] {processor.py:161} INFO - Started process (PID=442) to work on /home/airflow/.local/lib/python3.12/site-packages/airflow/example_dags/example_display_name.py
[2024-05-26T15:25:06.789+0000] {processor.py:830} INFO - Processing file /home/airflow/.local/lib/python3.12/site-packages/airflow/example_dags/example_display_name.py for tasks to queue
[2024-05-26T15:25:06.791+0000] {logging_mixin.py:188} INFO - [2024-05-26T15:25:06.791+0000] {dagbag.py:545} INFO - Filling up the DagBag from /home/airflow/.local/lib/python3.12/site-packages/airflow/example_dags/example_display_name.py
[2024-05-26T15:25:06.798+0000] {processor.py:840} INFO - DAG(s) 'example_display_name' retrieved from /home/airflow/.local/lib/python3.12/site-packages/airflow/example_dags/example_display_name.py
[2024-05-26T15:25:06.821+0000] {logging_mixin.py:188} INFO - [2024-05-26T15:25:06.821+0000] {dag.py:3096} INFO - Sync 1 DAGs
[2024-05-26T15:25:06.840+0000] {logging_mixin.py:188} INFO - [2024-05-26T15:25:06.840+0000] {dag.py:3954} INFO - Setting next_dagrun for example_display_name to None, run_after=None
[2024-05-26T15:25:06.861+0000] {processor.py:183} INFO - Processing /home/airflow/.local/lib/python3.12/site-packages/airflow/example_dags/example_display_name.py took 0.081 seconds
[2024-05-26T15:25:36.974+0000] {processor.py:161} INFO - Started process (PID=500) to work on /home/airflow/.local/lib/python3.12/site-packages/airflow/example_dags/example_display_name.py
[2024-05-26T15:25:36.976+0000] {processor.py:830} INFO - Processing file /home/airflow/.local/lib/python3.12/site-packages/airflow/example_dags/example_display_name.py for tasks to queue
[2024-05-26T15:25:36.981+0000] {logging_mixin.py:188} INFO - [2024-05-26T15:25:36.980+0000] {dagbag.py:545} INFO - Filling up the DagBag from /home/airflow/.local/lib/python3.12/site-packages/airflow/example_dags/example_display_name.py
[2024-05-26T15:25:36.989+0000] {processor.py:840} INFO - DAG(s) 'example_display_name' retrieved from /home/airflow/.local/lib/python3.12/site-packages/airflow/example_dags/example_display_name.py
[2024-05-26T15:25:37.013+0000] {logging_mixin.py:188} INFO - [2024-05-26T15:25:37.013+0000] {dag.py:3096} INFO - Sync 1 DAGs
[2024-05-26T15:25:37.032+0000] {logging_mixin.py:188} INFO - [2024-05-26T15:25:37.032+0000] {dag.py:3954} INFO - Setting next_dagrun for example_display_name to None, run_after=None
[2024-05-26T15:25:37.053+0000] {processor.py:183} INFO - Processing /home/airflow/.local/lib/python3.12/site-packages/airflow/example_dags/example_display_name.py took 0.090 seconds
[2024-05-26T15:26:07.118+0000] {processor.py:161} INFO - Started process (PID=557) to work on /home/airflow/.local/lib/python3.12/site-packages/airflow/example_dags/example_display_name.py
[2024-05-26T15:26:07.119+0000] {processor.py:830} INFO - Processing file /home/airflow/.local/lib/python3.12/site-packages/airflow/example_dags/example_display_name.py for tasks to queue
[2024-05-26T15:26:07.122+0000] {logging_mixin.py:188} INFO - [2024-05-26T15:26:07.121+0000] {dagbag.py:545} INFO - Filling up the DagBag from /home/airflow/.local/lib/python3.12/site-packages/airflow/example_dags/example_display_name.py
[2024-05-26T15:26:07.131+0000] {processor.py:840} INFO - DAG(s) 'example_display_name' retrieved from /home/airflow/.local/lib/python3.12/site-packages/airflow/example_dags/example_display_name.py
[2024-05-26T15:26:07.154+0000] {logging_mixin.py:188} INFO - [2024-05-26T15:26:07.154+0000] {dag.py:3096} INFO - Sync 1 DAGs
[2024-05-26T15:26:07.170+0000] {logging_mixin.py:188} INFO - [2024-05-26T15:26:07.170+0000] {dag.py:3954} INFO - Setting next_dagrun for example_display_name to None, run_after=None
[2024-05-26T15:26:07.194+0000] {processor.py:183} INFO - Processing /home/airflow/.local/lib/python3.12/site-packages/airflow/example_dags/example_display_name.py took 0.086 seconds
[2024-05-26T15:26:37.675+0000] {processor.py:161} INFO - Started process (PID=615) to work on /home/airflow/.local/lib/python3.12/site-packages/airflow/example_dags/example_display_name.py
[2024-05-26T15:26:37.679+0000] {processor.py:830} INFO - Processing file /home/airflow/.local/lib/python3.12/site-packages/airflow/example_dags/example_display_name.py for tasks to queue
[2024-05-26T15:26:37.684+0000] {logging_mixin.py:188} INFO - [2024-05-26T15:26:37.683+0000] {dagbag.py:545} INFO - Filling up the DagBag from /home/airflow/.local/lib/python3.12/site-packages/airflow/example_dags/example_display_name.py
[2024-05-26T15:26:37.697+0000] {processor.py:840} INFO - DAG(s) 'example_display_name' retrieved from /home/airflow/.local/lib/python3.12/site-packages/airflow/example_dags/example_display_name.py
[2024-05-26T15:26:37.724+0000] {logging_mixin.py:188} INFO - [2024-05-26T15:26:37.724+0000] {dag.py:3096} INFO - Sync 1 DAGs
[2024-05-26T15:26:37.741+0000] {logging_mixin.py:188} INFO - [2024-05-26T15:26:37.740+0000] {dag.py:3954} INFO - Setting next_dagrun for example_display_name to None, run_after=None
[2024-05-26T15:26:37.762+0000] {processor.py:183} INFO - Processing /home/airflow/.local/lib/python3.12/site-packages/airflow/example_dags/example_display_name.py took 0.095 seconds
[2024-05-26T15:27:07.983+0000] {processor.py:161} INFO - Started process (PID=673) to work on /home/airflow/.local/lib/python3.12/site-packages/airflow/example_dags/example_display_name.py
[2024-05-26T15:27:07.984+0000] {processor.py:830} INFO - Processing file /home/airflow/.local/lib/python3.12/site-packages/airflow/example_dags/example_display_name.py for tasks to queue
[2024-05-26T15:27:07.986+0000] {logging_mixin.py:188} INFO - [2024-05-26T15:27:07.986+0000] {dagbag.py:545} INFO - Filling up the DagBag from /home/airflow/.local/lib/python3.12/site-packages/airflow/example_dags/example_display_name.py
[2024-05-26T15:27:07.991+0000] {processor.py:840} INFO - DAG(s) 'example_display_name' retrieved from /home/airflow/.local/lib/python3.12/site-packages/airflow/example_dags/example_display_name.py
[2024-05-26T15:27:08.018+0000] {logging_mixin.py:188} INFO - [2024-05-26T15:27:08.017+0000] {dag.py:3096} INFO - Sync 1 DAGs
[2024-05-26T15:27:08.032+0000] {logging_mixin.py:188} INFO - [2024-05-26T15:27:08.032+0000] {dag.py:3954} INFO - Setting next_dagrun for example_display_name to None, run_after=None
[2024-05-26T15:27:08.051+0000] {processor.py:183} INFO - Processing /home/airflow/.local/lib/python3.12/site-packages/airflow/example_dags/example_display_name.py took 0.074 seconds
[2024-05-26T17:43:37.985+0000] {processor.py:161} INFO - Started process (PID=56) to work on /home/airflow/.local/lib/python3.12/site-packages/airflow/example_dags/example_display_name.py
[2024-05-26T17:43:37.988+0000] {processor.py:830} INFO - Processing file /home/airflow/.local/lib/python3.12/site-packages/airflow/example_dags/example_display_name.py for tasks to queue
[2024-05-26T17:43:37.994+0000] {logging_mixin.py:188} INFO - [2024-05-26T17:43:37.993+0000] {dagbag.py:545} INFO - Filling up the DagBag from /home/airflow/.local/lib/python3.12/site-packages/airflow/example_dags/example_display_name.py
[2024-05-26T17:43:38.011+0000] {processor.py:840} INFO - DAG(s) 'example_display_name' retrieved from /home/airflow/.local/lib/python3.12/site-packages/airflow/example_dags/example_display_name.py
[2024-05-26T17:43:38.187+0000] {logging_mixin.py:188} INFO - [2024-05-26T17:43:38.187+0000] {dag.py:3096} INFO - Sync 1 DAGs
[2024-05-26T17:43:38.220+0000] {logging_mixin.py:188} INFO - [2024-05-26T17:43:38.219+0000] {dag.py:3954} INFO - Setting next_dagrun for example_display_name to None, run_after=None
[2024-05-26T17:43:38.255+0000] {processor.py:183} INFO - Processing /home/airflow/.local/lib/python3.12/site-packages/airflow/example_dags/example_display_name.py took 0.300 seconds
[2024-05-26T17:44:08.911+0000] {processor.py:161} INFO - Started process (PID=114) to work on /home/airflow/.local/lib/python3.12/site-packages/airflow/example_dags/example_display_name.py
[2024-05-26T17:44:08.912+0000] {processor.py:830} INFO - Processing file /home/airflow/.local/lib/python3.12/site-packages/airflow/example_dags/example_display_name.py for tasks to queue
[2024-05-26T17:44:08.914+0000] {logging_mixin.py:188} INFO - [2024-05-26T17:44:08.914+0000] {dagbag.py:545} INFO - Filling up the DagBag from /home/airflow/.local/lib/python3.12/site-packages/airflow/example_dags/example_display_name.py
[2024-05-26T17:44:08.921+0000] {processor.py:840} INFO - DAG(s) 'example_display_name' retrieved from /home/airflow/.local/lib/python3.12/site-packages/airflow/example_dags/example_display_name.py
[2024-05-26T17:44:08.945+0000] {logging_mixin.py:188} INFO - [2024-05-26T17:44:08.945+0000] {dag.py:3096} INFO - Sync 1 DAGs
[2024-05-26T17:44:08.961+0000] {logging_mixin.py:188} INFO - [2024-05-26T17:44:08.961+0000] {dag.py:3954} INFO - Setting next_dagrun for example_display_name to None, run_after=None
[2024-05-26T17:44:08.984+0000] {processor.py:183} INFO - Processing /home/airflow/.local/lib/python3.12/site-packages/airflow/example_dags/example_display_name.py took 0.080 seconds
[2024-05-26T17:44:39.442+0000] {processor.py:161} INFO - Started process (PID=172) to work on /home/airflow/.local/lib/python3.12/site-packages/airflow/example_dags/example_display_name.py
[2024-05-26T17:44:39.443+0000] {processor.py:830} INFO - Processing file /home/airflow/.local/lib/python3.12/site-packages/airflow/example_dags/example_display_name.py for tasks to queue
[2024-05-26T17:44:39.445+0000] {logging_mixin.py:188} INFO - [2024-05-26T17:44:39.444+0000] {dagbag.py:545} INFO - Filling up the DagBag from /home/airflow/.local/lib/python3.12/site-packages/airflow/example_dags/example_display_name.py
[2024-05-26T17:44:39.451+0000] {processor.py:840} INFO - DAG(s) 'example_display_name' retrieved from /home/airflow/.local/lib/python3.12/site-packages/airflow/example_dags/example_display_name.py
[2024-05-26T17:44:39.475+0000] {logging_mixin.py:188} INFO - [2024-05-26T17:44:39.474+0000] {dag.py:3096} INFO - Sync 1 DAGs
[2024-05-26T17:44:39.491+0000] {logging_mixin.py:188} INFO - [2024-05-26T17:44:39.490+0000] {dag.py:3954} INFO - Setting next_dagrun for example_display_name to None, run_after=None
[2024-05-26T17:44:39.513+0000] {processor.py:183} INFO - Processing /home/airflow/.local/lib/python3.12/site-packages/airflow/example_dags/example_display_name.py took 0.077 seconds
[2024-05-26T17:45:09.951+0000] {processor.py:161} INFO - Started process (PID=229) to work on /home/airflow/.local/lib/python3.12/site-packages/airflow/example_dags/example_display_name.py
[2024-05-26T17:45:09.952+0000] {processor.py:830} INFO - Processing file /home/airflow/.local/lib/python3.12/site-packages/airflow/example_dags/example_display_name.py for tasks to queue
[2024-05-26T17:45:09.954+0000] {logging_mixin.py:188} INFO - [2024-05-26T17:45:09.954+0000] {dagbag.py:545} INFO - Filling up the DagBag from /home/airflow/.local/lib/python3.12/site-packages/airflow/example_dags/example_display_name.py
[2024-05-26T17:45:09.961+0000] {processor.py:840} INFO - DAG(s) 'example_display_name' retrieved from /home/airflow/.local/lib/python3.12/site-packages/airflow/example_dags/example_display_name.py
[2024-05-26T17:45:09.983+0000] {logging_mixin.py:188} INFO - [2024-05-26T17:45:09.983+0000] {dag.py:3096} INFO - Sync 1 DAGs
[2024-05-26T17:45:09.999+0000] {logging_mixin.py:188} INFO - [2024-05-26T17:45:09.999+0000] {dag.py:3954} INFO - Setting next_dagrun for example_display_name to None, run_after=None
[2024-05-26T17:45:10.021+0000] {processor.py:183} INFO - Processing /home/airflow/.local/lib/python3.12/site-packages/airflow/example_dags/example_display_name.py took 0.076 seconds
[2024-05-26T17:45:41.489+0000] {processor.py:161} INFO - Started process (PID=287) to work on /home/airflow/.local/lib/python3.12/site-packages/airflow/example_dags/example_display_name.py
[2024-05-26T17:45:41.490+0000] {processor.py:830} INFO - Processing file /home/airflow/.local/lib/python3.12/site-packages/airflow/example_dags/example_display_name.py for tasks to queue
[2024-05-26T17:45:41.496+0000] {logging_mixin.py:188} INFO - [2024-05-26T17:45:41.495+0000] {dagbag.py:545} INFO - Filling up the DagBag from /home/airflow/.local/lib/python3.12/site-packages/airflow/example_dags/example_display_name.py
[2024-05-26T17:45:41.504+0000] {processor.py:840} INFO - DAG(s) 'example_display_name' retrieved from /home/airflow/.local/lib/python3.12/site-packages/airflow/example_dags/example_display_name.py
[2024-05-26T17:45:41.536+0000] {logging_mixin.py:188} INFO - [2024-05-26T17:45:41.536+0000] {dag.py:3096} INFO - Sync 1 DAGs
[2024-05-26T17:45:41.550+0000] {logging_mixin.py:188} INFO - [2024-05-26T17:45:41.550+0000] {dag.py:3954} INFO - Setting next_dagrun for example_display_name to None, run_after=None
[2024-05-26T17:45:41.717+0000] {processor.py:183} INFO - Processing /home/airflow/.local/lib/python3.12/site-packages/airflow/example_dags/example_display_name.py took 0.243 seconds
[2024-05-26T17:46:11.795+0000] {processor.py:161} INFO - Started process (PID=344) to work on /home/airflow/.local/lib/python3.12/site-packages/airflow/example_dags/example_display_name.py
[2024-05-26T17:46:11.796+0000] {processor.py:830} INFO - Processing file /home/airflow/.local/lib/python3.12/site-packages/airflow/example_dags/example_display_name.py for tasks to queue
[2024-05-26T17:46:11.799+0000] {logging_mixin.py:188} INFO - [2024-05-26T17:46:11.798+0000] {dagbag.py:545} INFO - Filling up the DagBag from /home/airflow/.local/lib/python3.12/site-packages/airflow/example_dags/example_display_name.py
[2024-05-26T17:46:11.805+0000] {processor.py:840} INFO - DAG(s) 'example_display_name' retrieved from /home/airflow/.local/lib/python3.12/site-packages/airflow/example_dags/example_display_name.py
[2024-05-26T17:46:11.830+0000] {logging_mixin.py:188} INFO - [2024-05-26T17:46:11.830+0000] {dag.py:3096} INFO - Sync 1 DAGs
[2024-05-26T17:46:11.848+0000] {logging_mixin.py:188} INFO - [2024-05-26T17:46:11.848+0000] {dag.py:3954} INFO - Setting next_dagrun for example_display_name to None, run_after=None
[2024-05-26T17:46:11.871+0000] {processor.py:183} INFO - Processing /home/airflow/.local/lib/python3.12/site-packages/airflow/example_dags/example_display_name.py took 0.082 seconds
[2024-05-26T17:46:42.266+0000] {processor.py:161} INFO - Started process (PID=402) to work on /home/airflow/.local/lib/python3.12/site-packages/airflow/example_dags/example_display_name.py
[2024-05-26T17:46:42.267+0000] {processor.py:830} INFO - Processing file /home/airflow/.local/lib/python3.12/site-packages/airflow/example_dags/example_display_name.py for tasks to queue
[2024-05-26T17:46:42.269+0000] {logging_mixin.py:188} INFO - [2024-05-26T17:46:42.269+0000] {dagbag.py:545} INFO - Filling up the DagBag from /home/airflow/.local/lib/python3.12/site-packages/airflow/example_dags/example_display_name.py
[2024-05-26T17:46:42.277+0000] {processor.py:840} INFO - DAG(s) 'example_display_name' retrieved from /home/airflow/.local/lib/python3.12/site-packages/airflow/example_dags/example_display_name.py
[2024-05-26T17:46:42.307+0000] {logging_mixin.py:188} INFO - [2024-05-26T17:46:42.307+0000] {dag.py:3096} INFO - Sync 1 DAGs
[2024-05-26T17:46:42.325+0000] {logging_mixin.py:188} INFO - [2024-05-26T17:46:42.325+0000] {dag.py:3954} INFO - Setting next_dagrun for example_display_name to None, run_after=None
[2024-05-26T17:46:42.349+0000] {processor.py:183} INFO - Processing /home/airflow/.local/lib/python3.12/site-packages/airflow/example_dags/example_display_name.py took 0.090 seconds
[2024-05-26T17:47:12.885+0000] {processor.py:161} INFO - Started process (PID=460) to work on /home/airflow/.local/lib/python3.12/site-packages/airflow/example_dags/example_display_name.py
[2024-05-26T17:47:12.886+0000] {processor.py:830} INFO - Processing file /home/airflow/.local/lib/python3.12/site-packages/airflow/example_dags/example_display_name.py for tasks to queue
[2024-05-26T17:47:12.888+0000] {logging_mixin.py:188} INFO - [2024-05-26T17:47:12.888+0000] {dagbag.py:545} INFO - Filling up the DagBag from /home/airflow/.local/lib/python3.12/site-packages/airflow/example_dags/example_display_name.py
[2024-05-26T17:47:12.894+0000] {processor.py:840} INFO - DAG(s) 'example_display_name' retrieved from /home/airflow/.local/lib/python3.12/site-packages/airflow/example_dags/example_display_name.py
[2024-05-26T17:47:12.915+0000] {logging_mixin.py:188} INFO - [2024-05-26T17:47:12.914+0000] {dag.py:3096} INFO - Sync 1 DAGs
[2024-05-26T17:47:12.929+0000] {logging_mixin.py:188} INFO - [2024-05-26T17:47:12.929+0000] {dag.py:3954} INFO - Setting next_dagrun for example_display_name to None, run_after=None
[2024-05-26T17:47:12.948+0000] {processor.py:183} INFO - Processing /home/airflow/.local/lib/python3.12/site-packages/airflow/example_dags/example_display_name.py took 0.069 seconds
[2024-05-26T17:47:43.032+0000] {processor.py:161} INFO - Started process (PID=518) to work on /home/airflow/.local/lib/python3.12/site-packages/airflow/example_dags/example_display_name.py
[2024-05-26T17:47:43.033+0000] {processor.py:830} INFO - Processing file /home/airflow/.local/lib/python3.12/site-packages/airflow/example_dags/example_display_name.py for tasks to queue
[2024-05-26T17:47:43.035+0000] {logging_mixin.py:188} INFO - [2024-05-26T17:47:43.035+0000] {dagbag.py:545} INFO - Filling up the DagBag from /home/airflow/.local/lib/python3.12/site-packages/airflow/example_dags/example_display_name.py
[2024-05-26T17:47:43.043+0000] {processor.py:840} INFO - DAG(s) 'example_display_name' retrieved from /home/airflow/.local/lib/python3.12/site-packages/airflow/example_dags/example_display_name.py
[2024-05-26T17:47:43.080+0000] {logging_mixin.py:188} INFO - [2024-05-26T17:47:43.079+0000] {dag.py:3096} INFO - Sync 1 DAGs
[2024-05-26T17:47:43.096+0000] {logging_mixin.py:188} INFO - [2024-05-26T17:47:43.096+0000] {dag.py:3954} INFO - Setting next_dagrun for example_display_name to None, run_after=None
[2024-05-26T17:47:43.119+0000] {processor.py:183} INFO - Processing /home/airflow/.local/lib/python3.12/site-packages/airflow/example_dags/example_display_name.py took 0.095 seconds
[2024-05-26T17:49:09.462+0000] {processor.py:161} INFO - Started process (PID=56) to work on /home/airflow/.local/lib/python3.12/site-packages/airflow/example_dags/example_display_name.py
[2024-05-26T17:49:09.464+0000] {processor.py:830} INFO - Processing file /home/airflow/.local/lib/python3.12/site-packages/airflow/example_dags/example_display_name.py for tasks to queue
[2024-05-26T17:49:09.467+0000] {logging_mixin.py:188} INFO - [2024-05-26T17:49:09.466+0000] {dagbag.py:545} INFO - Filling up the DagBag from /home/airflow/.local/lib/python3.12/site-packages/airflow/example_dags/example_display_name.py
[2024-05-26T17:49:09.475+0000] {processor.py:840} INFO - DAG(s) 'example_display_name' retrieved from /home/airflow/.local/lib/python3.12/site-packages/airflow/example_dags/example_display_name.py
[2024-05-26T17:49:09.601+0000] {logging_mixin.py:188} INFO - [2024-05-26T17:49:09.601+0000] {dag.py:3096} INFO - Sync 1 DAGs
[2024-05-26T17:49:09.614+0000] {logging_mixin.py:188} INFO - [2024-05-26T17:49:09.613+0000] {dag.py:3954} INFO - Setting next_dagrun for example_display_name to None, run_after=None
[2024-05-26T17:49:09.642+0000] {processor.py:183} INFO - Processing /home/airflow/.local/lib/python3.12/site-packages/airflow/example_dags/example_display_name.py took 0.191 seconds
[2024-05-26T17:49:40.626+0000] {processor.py:161} INFO - Started process (PID=114) to work on /home/airflow/.local/lib/python3.12/site-packages/airflow/example_dags/example_display_name.py
[2024-05-26T17:49:40.627+0000] {processor.py:830} INFO - Processing file /home/airflow/.local/lib/python3.12/site-packages/airflow/example_dags/example_display_name.py for tasks to queue
[2024-05-26T17:49:40.631+0000] {logging_mixin.py:188} INFO - [2024-05-26T17:49:40.631+0000] {dagbag.py:545} INFO - Filling up the DagBag from /home/airflow/.local/lib/python3.12/site-packages/airflow/example_dags/example_display_name.py
[2024-05-26T17:49:40.639+0000] {processor.py:840} INFO - DAG(s) 'example_display_name' retrieved from /home/airflow/.local/lib/python3.12/site-packages/airflow/example_dags/example_display_name.py
[2024-05-26T17:49:40.665+0000] {logging_mixin.py:188} INFO - [2024-05-26T17:49:40.664+0000] {dag.py:3096} INFO - Sync 1 DAGs
[2024-05-26T17:49:40.679+0000] {logging_mixin.py:188} INFO - [2024-05-26T17:49:40.679+0000] {dag.py:3954} INFO - Setting next_dagrun for example_display_name to None, run_after=None
[2024-05-26T17:49:40.702+0000] {processor.py:183} INFO - Processing /home/airflow/.local/lib/python3.12/site-packages/airflow/example_dags/example_display_name.py took 0.085 seconds
[2024-05-26T17:50:10.954+0000] {processor.py:161} INFO - Started process (PID=171) to work on /home/airflow/.local/lib/python3.12/site-packages/airflow/example_dags/example_display_name.py
[2024-05-26T17:50:10.957+0000] {processor.py:830} INFO - Processing file /home/airflow/.local/lib/python3.12/site-packages/airflow/example_dags/example_display_name.py for tasks to queue
[2024-05-26T17:50:10.962+0000] {logging_mixin.py:188} INFO - [2024-05-26T17:50:10.961+0000] {dagbag.py:545} INFO - Filling up the DagBag from /home/airflow/.local/lib/python3.12/site-packages/airflow/example_dags/example_display_name.py
[2024-05-26T17:50:10.980+0000] {processor.py:840} INFO - DAG(s) 'example_display_name' retrieved from /home/airflow/.local/lib/python3.12/site-packages/airflow/example_dags/example_display_name.py
[2024-05-26T17:50:11.007+0000] {logging_mixin.py:188} INFO - [2024-05-26T17:50:11.006+0000] {dag.py:3096} INFO - Sync 1 DAGs
[2024-05-26T17:50:11.021+0000] {logging_mixin.py:188} INFO - [2024-05-26T17:50:11.020+0000] {dag.py:3954} INFO - Setting next_dagrun for example_display_name to None, run_after=None
[2024-05-26T17:50:11.042+0000] {processor.py:183} INFO - Processing /home/airflow/.local/lib/python3.12/site-packages/airflow/example_dags/example_display_name.py took 0.104 seconds
[2024-05-26T17:50:41.333+0000] {processor.py:161} INFO - Started process (PID=228) to work on /home/airflow/.local/lib/python3.12/site-packages/airflow/example_dags/example_display_name.py
[2024-05-26T17:50:41.334+0000] {processor.py:830} INFO - Processing file /home/airflow/.local/lib/python3.12/site-packages/airflow/example_dags/example_display_name.py for tasks to queue
[2024-05-26T17:50:41.337+0000] {logging_mixin.py:188} INFO - [2024-05-26T17:50:41.336+0000] {dagbag.py:545} INFO - Filling up the DagBag from /home/airflow/.local/lib/python3.12/site-packages/airflow/example_dags/example_display_name.py
[2024-05-26T17:50:41.343+0000] {processor.py:840} INFO - DAG(s) 'example_display_name' retrieved from /home/airflow/.local/lib/python3.12/site-packages/airflow/example_dags/example_display_name.py
[2024-05-26T17:50:41.375+0000] {logging_mixin.py:188} INFO - [2024-05-26T17:50:41.375+0000] {dag.py:3096} INFO - Sync 1 DAGs
[2024-05-26T17:50:41.392+0000] {logging_mixin.py:188} INFO - [2024-05-26T17:50:41.392+0000] {dag.py:3954} INFO - Setting next_dagrun for example_display_name to None, run_after=None
[2024-05-26T17:50:41.415+0000] {processor.py:183} INFO - Processing /home/airflow/.local/lib/python3.12/site-packages/airflow/example_dags/example_display_name.py took 0.090 seconds
[2024-05-26T17:51:11.624+0000] {processor.py:161} INFO - Started process (PID=285) to work on /home/airflow/.local/lib/python3.12/site-packages/airflow/example_dags/example_display_name.py
[2024-05-26T17:51:11.626+0000] {processor.py:830} INFO - Processing file /home/airflow/.local/lib/python3.12/site-packages/airflow/example_dags/example_display_name.py for tasks to queue
[2024-05-26T17:51:11.631+0000] {logging_mixin.py:188} INFO - [2024-05-26T17:51:11.630+0000] {dagbag.py:545} INFO - Filling up the DagBag from /home/airflow/.local/lib/python3.12/site-packages/airflow/example_dags/example_display_name.py
[2024-05-26T17:51:11.648+0000] {processor.py:840} INFO - DAG(s) 'example_display_name' retrieved from /home/airflow/.local/lib/python3.12/site-packages/airflow/example_dags/example_display_name.py
[2024-05-26T17:51:11.674+0000] {logging_mixin.py:188} INFO - [2024-05-26T17:51:11.674+0000] {dag.py:3096} INFO - Sync 1 DAGs
[2024-05-26T17:51:11.691+0000] {logging_mixin.py:188} INFO - [2024-05-26T17:51:11.691+0000] {dag.py:3954} INFO - Setting next_dagrun for example_display_name to None, run_after=None
[2024-05-26T17:51:11.722+0000] {processor.py:183} INFO - Processing /home/airflow/.local/lib/python3.12/site-packages/airflow/example_dags/example_display_name.py took 0.115 seconds
[2024-05-26T17:51:41.861+0000] {processor.py:161} INFO - Started process (PID=343) to work on /home/airflow/.local/lib/python3.12/site-packages/airflow/example_dags/example_display_name.py
[2024-05-26T17:51:41.863+0000] {processor.py:830} INFO - Processing file /home/airflow/.local/lib/python3.12/site-packages/airflow/example_dags/example_display_name.py for tasks to queue
[2024-05-26T17:51:41.865+0000] {logging_mixin.py:188} INFO - [2024-05-26T17:51:41.865+0000] {dagbag.py:545} INFO - Filling up the DagBag from /home/airflow/.local/lib/python3.12/site-packages/airflow/example_dags/example_display_name.py
[2024-05-26T17:51:41.872+0000] {processor.py:840} INFO - DAG(s) 'example_display_name' retrieved from /home/airflow/.local/lib/python3.12/site-packages/airflow/example_dags/example_display_name.py
[2024-05-26T17:51:41.903+0000] {logging_mixin.py:188} INFO - [2024-05-26T17:51:41.903+0000] {dag.py:3096} INFO - Sync 1 DAGs
[2024-05-26T17:51:41.929+0000] {logging_mixin.py:188} INFO - [2024-05-26T17:51:41.928+0000] {dag.py:3954} INFO - Setting next_dagrun for example_display_name to None, run_after=None
[2024-05-26T17:51:41.964+0000] {processor.py:183} INFO - Processing /home/airflow/.local/lib/python3.12/site-packages/airflow/example_dags/example_display_name.py took 0.111 seconds
[2024-05-26T17:52:12.186+0000] {processor.py:161} INFO - Started process (PID=401) to work on /home/airflow/.local/lib/python3.12/site-packages/airflow/example_dags/example_display_name.py
[2024-05-26T17:52:12.188+0000] {processor.py:830} INFO - Processing file /home/airflow/.local/lib/python3.12/site-packages/airflow/example_dags/example_display_name.py for tasks to queue
[2024-05-26T17:52:12.191+0000] {logging_mixin.py:188} INFO - [2024-05-26T17:52:12.191+0000] {dagbag.py:545} INFO - Filling up the DagBag from /home/airflow/.local/lib/python3.12/site-packages/airflow/example_dags/example_display_name.py
[2024-05-26T17:52:12.202+0000] {processor.py:840} INFO - DAG(s) 'example_display_name' retrieved from /home/airflow/.local/lib/python3.12/site-packages/airflow/example_dags/example_display_name.py
[2024-05-26T17:52:12.233+0000] {logging_mixin.py:188} INFO - [2024-05-26T17:52:12.233+0000] {dag.py:3096} INFO - Sync 1 DAGs
[2024-05-26T17:52:12.248+0000] {logging_mixin.py:188} INFO - [2024-05-26T17:52:12.248+0000] {dag.py:3954} INFO - Setting next_dagrun for example_display_name to None, run_after=None
[2024-05-26T17:52:12.272+0000] {processor.py:183} INFO - Processing /home/airflow/.local/lib/python3.12/site-packages/airflow/example_dags/example_display_name.py took 0.096 seconds
[2024-05-26T17:57:47.097+0000] {processor.py:161} INFO - Started process (PID=56) to work on /home/airflow/.local/lib/python3.12/site-packages/airflow/example_dags/example_display_name.py
[2024-05-26T17:57:47.098+0000] {processor.py:830} INFO - Processing file /home/airflow/.local/lib/python3.12/site-packages/airflow/example_dags/example_display_name.py for tasks to queue
[2024-05-26T17:57:47.102+0000] {logging_mixin.py:188} INFO - [2024-05-26T17:57:47.101+0000] {dagbag.py:545} INFO - Filling up the DagBag from /home/airflow/.local/lib/python3.12/site-packages/airflow/example_dags/example_display_name.py
[2024-05-26T17:57:47.114+0000] {processor.py:840} INFO - DAG(s) 'example_display_name' retrieved from /home/airflow/.local/lib/python3.12/site-packages/airflow/example_dags/example_display_name.py
[2024-05-26T17:57:47.135+0000] {logging_mixin.py:188} INFO - [2024-05-26T17:57:47.135+0000] {dag.py:3096} INFO - Sync 1 DAGs
[2024-05-26T17:57:47.161+0000] {logging_mixin.py:188} INFO - [2024-05-26T17:57:47.160+0000] {dag.py:3954} INFO - Setting next_dagrun for example_display_name to None, run_after=None
[2024-05-26T17:57:47.195+0000] {processor.py:183} INFO - Processing /home/airflow/.local/lib/python3.12/site-packages/airflow/example_dags/example_display_name.py took 0.106 seconds
[2024-05-26T17:58:18.782+0000] {processor.py:161} INFO - Started process (PID=114) to work on /home/airflow/.local/lib/python3.12/site-packages/airflow/example_dags/example_display_name.py
[2024-05-26T17:58:18.783+0000] {processor.py:830} INFO - Processing file /home/airflow/.local/lib/python3.12/site-packages/airflow/example_dags/example_display_name.py for tasks to queue
[2024-05-26T17:58:18.785+0000] {logging_mixin.py:188} INFO - [2024-05-26T17:58:18.785+0000] {dagbag.py:545} INFO - Filling up the DagBag from /home/airflow/.local/lib/python3.12/site-packages/airflow/example_dags/example_display_name.py
[2024-05-26T17:58:18.792+0000] {processor.py:840} INFO - DAG(s) 'example_display_name' retrieved from /home/airflow/.local/lib/python3.12/site-packages/airflow/example_dags/example_display_name.py
[2024-05-26T17:58:18.921+0000] {logging_mixin.py:188} INFO - [2024-05-26T17:58:18.921+0000] {dag.py:3096} INFO - Sync 1 DAGs
[2024-05-26T17:58:18.935+0000] {logging_mixin.py:188} INFO - [2024-05-26T17:58:18.934+0000] {dag.py:3954} INFO - Setting next_dagrun for example_display_name to None, run_after=None
[2024-05-26T17:58:18.959+0000] {processor.py:183} INFO - Processing /home/airflow/.local/lib/python3.12/site-packages/airflow/example_dags/example_display_name.py took 0.183 seconds
[2024-05-26T17:58:49.093+0000] {processor.py:161} INFO - Started process (PID=172) to work on /home/airflow/.local/lib/python3.12/site-packages/airflow/example_dags/example_display_name.py
[2024-05-26T17:58:49.094+0000] {processor.py:830} INFO - Processing file /home/airflow/.local/lib/python3.12/site-packages/airflow/example_dags/example_display_name.py for tasks to queue
[2024-05-26T17:58:49.096+0000] {logging_mixin.py:188} INFO - [2024-05-26T17:58:49.096+0000] {dagbag.py:545} INFO - Filling up the DagBag from /home/airflow/.local/lib/python3.12/site-packages/airflow/example_dags/example_display_name.py
[2024-05-26T17:58:49.102+0000] {processor.py:840} INFO - DAG(s) 'example_display_name' retrieved from /home/airflow/.local/lib/python3.12/site-packages/airflow/example_dags/example_display_name.py
[2024-05-26T17:58:49.140+0000] {logging_mixin.py:188} INFO - [2024-05-26T17:58:49.140+0000] {dag.py:3096} INFO - Sync 1 DAGs
[2024-05-26T17:58:49.161+0000] {logging_mixin.py:188} INFO - [2024-05-26T17:58:49.161+0000] {dag.py:3954} INFO - Setting next_dagrun for example_display_name to None, run_after=None
[2024-05-26T17:58:49.181+0000] {processor.py:183} INFO - Processing /home/airflow/.local/lib/python3.12/site-packages/airflow/example_dags/example_display_name.py took 0.095 seconds
