[2024-05-26T15:21:35.183+0000] {processor.py:161} INFO - Started process (PID=57) to work on /home/airflow/.local/lib/python3.12/site-packages/airflow/example_dags/example_sla_dag.py
[2024-05-26T15:21:35.184+0000] {processor.py:830} INFO - Processing file /home/airflow/.local/lib/python3.12/site-packages/airflow/example_dags/example_sla_dag.py for tasks to queue
[2024-05-26T15:21:35.186+0000] {logging_mixin.py:188} INFO - [2024-05-26T15:21:35.186+0000] {dagbag.py:545} INFO - Filling up the DagBag from /home/airflow/.local/lib/python3.12/site-packages/airflow/example_dags/example_sla_dag.py
[2024-05-26T15:21:35.197+0000] {processor.py:840} INFO - DAG(s) 'example_sla_dag' retrieved from /home/airflow/.local/lib/python3.12/site-packages/airflow/example_dags/example_sla_dag.py
[2024-05-26T15:21:35.218+0000] {logging_mixin.py:188} INFO - [2024-05-26T15:21:35.218+0000] {dag.py:3096} INFO - Sync 1 DAGs
[2024-05-26T15:21:35.250+0000] {logging_mixin.py:188} INFO - [2024-05-26T15:21:35.249+0000] {dag.py:3954} INFO - Setting next_dagrun for example_sla_dag to 2024-05-26 15:18:00+00:00, run_after=2024-05-26 15:20:00+00:00
[2024-05-26T15:21:35.274+0000] {processor.py:183} INFO - Processing /home/airflow/.local/lib/python3.12/site-packages/airflow/example_dags/example_sla_dag.py took 0.097 seconds
[2024-05-26T15:22:05.737+0000] {processor.py:161} INFO - Started process (PID=115) to work on /home/airflow/.local/lib/python3.12/site-packages/airflow/example_dags/example_sla_dag.py
[2024-05-26T15:22:05.738+0000] {processor.py:830} INFO - Processing file /home/airflow/.local/lib/python3.12/site-packages/airflow/example_dags/example_sla_dag.py for tasks to queue
[2024-05-26T15:22:05.741+0000] {logging_mixin.py:188} INFO - [2024-05-26T15:22:05.740+0000] {dagbag.py:545} INFO - Filling up the DagBag from /home/airflow/.local/lib/python3.12/site-packages/airflow/example_dags/example_sla_dag.py
[2024-05-26T15:22:05.750+0000] {processor.py:840} INFO - DAG(s) 'example_sla_dag' retrieved from /home/airflow/.local/lib/python3.12/site-packages/airflow/example_dags/example_sla_dag.py
[2024-05-26T15:22:05.775+0000] {logging_mixin.py:188} INFO - [2024-05-26T15:22:05.775+0000] {dag.py:3096} INFO - Sync 1 DAGs
[2024-05-26T15:22:05.806+0000] {logging_mixin.py:188} INFO - [2024-05-26T15:22:05.806+0000] {dag.py:3954} INFO - Setting next_dagrun for example_sla_dag to 2024-05-26 15:20:00+00:00, run_after=2024-05-26 15:22:00+00:00
[2024-05-26T15:22:05.829+0000] {processor.py:183} INFO - Processing /home/airflow/.local/lib/python3.12/site-packages/airflow/example_dags/example_sla_dag.py took 0.097 seconds
[2024-05-26T15:22:36.138+0000] {processor.py:161} INFO - Started process (PID=173) to work on /home/airflow/.local/lib/python3.12/site-packages/airflow/example_dags/example_sla_dag.py
[2024-05-26T15:22:36.139+0000] {processor.py:830} INFO - Processing file /home/airflow/.local/lib/python3.12/site-packages/airflow/example_dags/example_sla_dag.py for tasks to queue
[2024-05-26T15:22:36.141+0000] {logging_mixin.py:188} INFO - [2024-05-26T15:22:36.141+0000] {dagbag.py:545} INFO - Filling up the DagBag from /home/airflow/.local/lib/python3.12/site-packages/airflow/example_dags/example_sla_dag.py
[2024-05-26T15:22:36.150+0000] {processor.py:840} INFO - DAG(s) 'example_sla_dag' retrieved from /home/airflow/.local/lib/python3.12/site-packages/airflow/example_dags/example_sla_dag.py
[2024-05-26T15:22:36.186+0000] {logging_mixin.py:188} INFO - [2024-05-26T15:22:36.185+0000] {dag.py:3096} INFO - Sync 1 DAGs
[2024-05-26T15:22:36.214+0000] {logging_mixin.py:188} INFO - [2024-05-26T15:22:36.214+0000] {dag.py:3954} INFO - Setting next_dagrun for example_sla_dag to 2024-05-26 15:20:00+00:00, run_after=2024-05-26 15:22:00+00:00
[2024-05-26T15:22:36.235+0000] {processor.py:183} INFO - Processing /home/airflow/.local/lib/python3.12/site-packages/airflow/example_dags/example_sla_dag.py took 0.102 seconds
[2024-05-26T15:23:06.398+0000] {processor.py:161} INFO - Started process (PID=231) to work on /home/airflow/.local/lib/python3.12/site-packages/airflow/example_dags/example_sla_dag.py
[2024-05-26T15:23:06.399+0000] {processor.py:830} INFO - Processing file /home/airflow/.local/lib/python3.12/site-packages/airflow/example_dags/example_sla_dag.py for tasks to queue
[2024-05-26T15:23:06.404+0000] {logging_mixin.py:188} INFO - [2024-05-26T15:23:06.403+0000] {dagbag.py:545} INFO - Filling up the DagBag from /home/airflow/.local/lib/python3.12/site-packages/airflow/example_dags/example_sla_dag.py
[2024-05-26T15:23:06.416+0000] {processor.py:840} INFO - DAG(s) 'example_sla_dag' retrieved from /home/airflow/.local/lib/python3.12/site-packages/airflow/example_dags/example_sla_dag.py
[2024-05-26T15:23:06.443+0000] {logging_mixin.py:188} INFO - [2024-05-26T15:23:06.442+0000] {dag.py:3096} INFO - Sync 1 DAGs
[2024-05-26T15:23:06.472+0000] {logging_mixin.py:188} INFO - [2024-05-26T15:23:06.472+0000] {dag.py:3954} INFO - Setting next_dagrun for example_sla_dag to 2024-05-26 15:20:00+00:00, run_after=2024-05-26 15:22:00+00:00
[2024-05-26T15:23:06.496+0000] {processor.py:183} INFO - Processing /home/airflow/.local/lib/python3.12/site-packages/airflow/example_dags/example_sla_dag.py took 0.106 seconds
[2024-05-26T15:23:37.458+0000] {processor.py:161} INFO - Started process (PID=289) to work on /home/airflow/.local/lib/python3.12/site-packages/airflow/example_dags/example_sla_dag.py
[2024-05-26T15:23:37.459+0000] {processor.py:830} INFO - Processing file /home/airflow/.local/lib/python3.12/site-packages/airflow/example_dags/example_sla_dag.py for tasks to queue
[2024-05-26T15:23:37.462+0000] {logging_mixin.py:188} INFO - [2024-05-26T15:23:37.462+0000] {dagbag.py:545} INFO - Filling up the DagBag from /home/airflow/.local/lib/python3.12/site-packages/airflow/example_dags/example_sla_dag.py
[2024-05-26T15:23:37.477+0000] {processor.py:840} INFO - DAG(s) 'example_sla_dag' retrieved from /home/airflow/.local/lib/python3.12/site-packages/airflow/example_dags/example_sla_dag.py
[2024-05-26T15:23:37.502+0000] {logging_mixin.py:188} INFO - [2024-05-26T15:23:37.502+0000] {dag.py:3096} INFO - Sync 1 DAGs
[2024-05-26T15:23:37.532+0000] {logging_mixin.py:188} INFO - [2024-05-26T15:23:37.532+0000] {dag.py:3954} INFO - Setting next_dagrun for example_sla_dag to 2024-05-26 15:20:00+00:00, run_after=2024-05-26 15:22:00+00:00
[2024-05-26T15:23:37.558+0000] {processor.py:183} INFO - Processing /home/airflow/.local/lib/python3.12/site-packages/airflow/example_dags/example_sla_dag.py took 0.106 seconds
[2024-05-26T15:24:08.444+0000] {processor.py:161} INFO - Started process (PID=347) to work on /home/airflow/.local/lib/python3.12/site-packages/airflow/example_dags/example_sla_dag.py
[2024-05-26T15:24:08.445+0000] {processor.py:830} INFO - Processing file /home/airflow/.local/lib/python3.12/site-packages/airflow/example_dags/example_sla_dag.py for tasks to queue
[2024-05-26T15:24:08.447+0000] {logging_mixin.py:188} INFO - [2024-05-26T15:24:08.447+0000] {dagbag.py:545} INFO - Filling up the DagBag from /home/airflow/.local/lib/python3.12/site-packages/airflow/example_dags/example_sla_dag.py
[2024-05-26T15:24:08.457+0000] {processor.py:840} INFO - DAG(s) 'example_sla_dag' retrieved from /home/airflow/.local/lib/python3.12/site-packages/airflow/example_dags/example_sla_dag.py
[2024-05-26T15:24:08.480+0000] {logging_mixin.py:188} INFO - [2024-05-26T15:24:08.480+0000] {dag.py:3096} INFO - Sync 1 DAGs
[2024-05-26T15:24:08.510+0000] {logging_mixin.py:188} INFO - [2024-05-26T15:24:08.510+0000] {dag.py:3954} INFO - Setting next_dagrun for example_sla_dag to 2024-05-26 15:22:00+00:00, run_after=2024-05-26 15:24:00+00:00
[2024-05-26T15:24:08.533+0000] {processor.py:183} INFO - Processing /home/airflow/.local/lib/python3.12/site-packages/airflow/example_dags/example_sla_dag.py took 0.096 seconds
[2024-05-26T15:24:38.835+0000] {processor.py:161} INFO - Started process (PID=405) to work on /home/airflow/.local/lib/python3.12/site-packages/airflow/example_dags/example_sla_dag.py
[2024-05-26T15:24:38.837+0000] {processor.py:830} INFO - Processing file /home/airflow/.local/lib/python3.12/site-packages/airflow/example_dags/example_sla_dag.py for tasks to queue
[2024-05-26T15:24:38.839+0000] {logging_mixin.py:188} INFO - [2024-05-26T15:24:38.839+0000] {dagbag.py:545} INFO - Filling up the DagBag from /home/airflow/.local/lib/python3.12/site-packages/airflow/example_dags/example_sla_dag.py
[2024-05-26T15:24:38.849+0000] {processor.py:840} INFO - DAG(s) 'example_sla_dag' retrieved from /home/airflow/.local/lib/python3.12/site-packages/airflow/example_dags/example_sla_dag.py
[2024-05-26T15:24:38.873+0000] {logging_mixin.py:188} INFO - [2024-05-26T15:24:38.873+0000] {dag.py:3096} INFO - Sync 1 DAGs
[2024-05-26T15:24:38.900+0000] {logging_mixin.py:188} INFO - [2024-05-26T15:24:38.900+0000] {dag.py:3954} INFO - Setting next_dagrun for example_sla_dag to 2024-05-26 15:22:00+00:00, run_after=2024-05-26 15:24:00+00:00
[2024-05-26T15:24:38.923+0000] {processor.py:183} INFO - Processing /home/airflow/.local/lib/python3.12/site-packages/airflow/example_dags/example_sla_dag.py took 0.093 seconds
[2024-05-26T15:25:09.201+0000] {processor.py:161} INFO - Started process (PID=463) to work on /home/airflow/.local/lib/python3.12/site-packages/airflow/example_dags/example_sla_dag.py
[2024-05-26T15:25:09.202+0000] {processor.py:830} INFO - Processing file /home/airflow/.local/lib/python3.12/site-packages/airflow/example_dags/example_sla_dag.py for tasks to queue
[2024-05-26T15:25:09.205+0000] {logging_mixin.py:188} INFO - [2024-05-26T15:25:09.204+0000] {dagbag.py:545} INFO - Filling up the DagBag from /home/airflow/.local/lib/python3.12/site-packages/airflow/example_dags/example_sla_dag.py
[2024-05-26T15:25:09.214+0000] {processor.py:840} INFO - DAG(s) 'example_sla_dag' retrieved from /home/airflow/.local/lib/python3.12/site-packages/airflow/example_dags/example_sla_dag.py
[2024-05-26T15:25:09.236+0000] {logging_mixin.py:188} INFO - [2024-05-26T15:25:09.236+0000] {dag.py:3096} INFO - Sync 1 DAGs
[2024-05-26T15:25:09.267+0000] {logging_mixin.py:188} INFO - [2024-05-26T15:25:09.267+0000] {dag.py:3954} INFO - Setting next_dagrun for example_sla_dag to 2024-05-26 15:22:00+00:00, run_after=2024-05-26 15:24:00+00:00
[2024-05-26T15:25:09.288+0000] {processor.py:183} INFO - Processing /home/airflow/.local/lib/python3.12/site-packages/airflow/example_dags/example_sla_dag.py took 0.094 seconds
[2024-05-26T15:25:39.567+0000] {processor.py:161} INFO - Started process (PID=521) to work on /home/airflow/.local/lib/python3.12/site-packages/airflow/example_dags/example_sla_dag.py
[2024-05-26T15:25:39.568+0000] {processor.py:830} INFO - Processing file /home/airflow/.local/lib/python3.12/site-packages/airflow/example_dags/example_sla_dag.py for tasks to queue
[2024-05-26T15:25:39.571+0000] {logging_mixin.py:188} INFO - [2024-05-26T15:25:39.570+0000] {dagbag.py:545} INFO - Filling up the DagBag from /home/airflow/.local/lib/python3.12/site-packages/airflow/example_dags/example_sla_dag.py
[2024-05-26T15:25:39.583+0000] {processor.py:840} INFO - DAG(s) 'example_sla_dag' retrieved from /home/airflow/.local/lib/python3.12/site-packages/airflow/example_dags/example_sla_dag.py
[2024-05-26T15:25:39.606+0000] {logging_mixin.py:188} INFO - [2024-05-26T15:25:39.606+0000] {dag.py:3096} INFO - Sync 1 DAGs
[2024-05-26T15:25:39.639+0000] {logging_mixin.py:188} INFO - [2024-05-26T15:25:39.639+0000] {dag.py:3954} INFO - Setting next_dagrun for example_sla_dag to 2024-05-26 15:22:00+00:00, run_after=2024-05-26 15:24:00+00:00
[2024-05-26T15:25:39.660+0000] {processor.py:183} INFO - Processing /home/airflow/.local/lib/python3.12/site-packages/airflow/example_dags/example_sla_dag.py took 0.101 seconds
[2024-05-26T15:26:09.995+0000] {processor.py:161} INFO - Started process (PID=579) to work on /home/airflow/.local/lib/python3.12/site-packages/airflow/example_dags/example_sla_dag.py
[2024-05-26T15:26:09.996+0000] {processor.py:830} INFO - Processing file /home/airflow/.local/lib/python3.12/site-packages/airflow/example_dags/example_sla_dag.py for tasks to queue
[2024-05-26T15:26:09.999+0000] {logging_mixin.py:188} INFO - [2024-05-26T15:26:09.998+0000] {dagbag.py:545} INFO - Filling up the DagBag from /home/airflow/.local/lib/python3.12/site-packages/airflow/example_dags/example_sla_dag.py
[2024-05-26T15:26:10.011+0000] {processor.py:840} INFO - DAG(s) 'example_sla_dag' retrieved from /home/airflow/.local/lib/python3.12/site-packages/airflow/example_dags/example_sla_dag.py
[2024-05-26T15:26:10.038+0000] {logging_mixin.py:188} INFO - [2024-05-26T15:26:10.038+0000] {dag.py:3096} INFO - Sync 1 DAGs
[2024-05-26T15:26:10.070+0000] {logging_mixin.py:188} INFO - [2024-05-26T15:26:10.069+0000] {dag.py:3954} INFO - Setting next_dagrun for example_sla_dag to 2024-05-26 15:24:00+00:00, run_after=2024-05-26 15:26:00+00:00
[2024-05-26T15:26:10.093+0000] {processor.py:183} INFO - Processing /home/airflow/.local/lib/python3.12/site-packages/airflow/example_dags/example_sla_dag.py took 0.104 seconds
[2024-05-26T15:26:40.305+0000] {processor.py:161} INFO - Started process (PID=637) to work on /home/airflow/.local/lib/python3.12/site-packages/airflow/example_dags/example_sla_dag.py
[2024-05-26T15:26:40.306+0000] {processor.py:830} INFO - Processing file /home/airflow/.local/lib/python3.12/site-packages/airflow/example_dags/example_sla_dag.py for tasks to queue
[2024-05-26T15:26:40.311+0000] {logging_mixin.py:188} INFO - [2024-05-26T15:26:40.310+0000] {dagbag.py:545} INFO - Filling up the DagBag from /home/airflow/.local/lib/python3.12/site-packages/airflow/example_dags/example_sla_dag.py
[2024-05-26T15:26:40.321+0000] {processor.py:840} INFO - DAG(s) 'example_sla_dag' retrieved from /home/airflow/.local/lib/python3.12/site-packages/airflow/example_dags/example_sla_dag.py
[2024-05-26T15:26:40.342+0000] {logging_mixin.py:188} INFO - [2024-05-26T15:26:40.342+0000] {dag.py:3096} INFO - Sync 1 DAGs
[2024-05-26T15:26:40.372+0000] {logging_mixin.py:188} INFO - [2024-05-26T15:26:40.372+0000] {dag.py:3954} INFO - Setting next_dagrun for example_sla_dag to 2024-05-26 15:24:00+00:00, run_after=2024-05-26 15:26:00+00:00
[2024-05-26T15:26:40.391+0000] {processor.py:183} INFO - Processing /home/airflow/.local/lib/python3.12/site-packages/airflow/example_dags/example_sla_dag.py took 0.093 seconds
[2024-05-26T15:27:10.831+0000] {processor.py:161} INFO - Started process (PID=695) to work on /home/airflow/.local/lib/python3.12/site-packages/airflow/example_dags/example_sla_dag.py
[2024-05-26T15:27:10.834+0000] {processor.py:830} INFO - Processing file /home/airflow/.local/lib/python3.12/site-packages/airflow/example_dags/example_sla_dag.py for tasks to queue
[2024-05-26T15:27:10.836+0000] {logging_mixin.py:188} INFO - [2024-05-26T15:27:10.836+0000] {dagbag.py:545} INFO - Filling up the DagBag from /home/airflow/.local/lib/python3.12/site-packages/airflow/example_dags/example_sla_dag.py
[2024-05-26T15:27:10.846+0000] {processor.py:840} INFO - DAG(s) 'example_sla_dag' retrieved from /home/airflow/.local/lib/python3.12/site-packages/airflow/example_dags/example_sla_dag.py
[2024-05-26T15:27:10.869+0000] {logging_mixin.py:188} INFO - [2024-05-26T15:27:10.869+0000] {dag.py:3096} INFO - Sync 1 DAGs
[2024-05-26T15:27:10.901+0000] {logging_mixin.py:188} INFO - [2024-05-26T15:27:10.901+0000] {dag.py:3954} INFO - Setting next_dagrun for example_sla_dag to 2024-05-26 15:24:00+00:00, run_after=2024-05-26 15:26:00+00:00
[2024-05-26T15:27:10.924+0000] {processor.py:183} INFO - Processing /home/airflow/.local/lib/python3.12/site-packages/airflow/example_dags/example_sla_dag.py took 0.101 seconds
[2024-05-26T17:43:34.683+0000] {processor.py:161} INFO - Started process (PID=27) to work on /home/airflow/.local/lib/python3.12/site-packages/airflow/example_dags/example_sla_dag.py
[2024-05-26T17:43:34.684+0000] {processor.py:830} INFO - Processing file /home/airflow/.local/lib/python3.12/site-packages/airflow/example_dags/example_sla_dag.py for tasks to queue
[2024-05-26T17:43:34.688+0000] {logging_mixin.py:188} INFO - [2024-05-26T17:43:34.687+0000] {dagbag.py:545} INFO - Filling up the DagBag from /home/airflow/.local/lib/python3.12/site-packages/airflow/example_dags/example_sla_dag.py
[2024-05-26T17:43:34.702+0000] {processor.py:840} INFO - DAG(s) 'example_sla_dag' retrieved from /home/airflow/.local/lib/python3.12/site-packages/airflow/example_dags/example_sla_dag.py
[2024-05-26T17:43:34.716+0000] {logging_mixin.py:188} INFO - [2024-05-26T17:43:34.716+0000] {dag.py:3096} INFO - Sync 1 DAGs
[2024-05-26T17:43:34.750+0000] {logging_mixin.py:188} INFO - [2024-05-26T17:43:34.750+0000] {dag.py:3954} INFO - Setting next_dagrun for example_sla_dag to 2024-05-26 17:40:00+00:00, run_after=2024-05-26 17:42:00+00:00
[2024-05-26T17:43:34.771+0000] {processor.py:183} INFO - Processing /home/airflow/.local/lib/python3.12/site-packages/airflow/example_dags/example_sla_dag.py took 0.095 seconds
[2024-05-26T17:44:05.564+0000] {processor.py:161} INFO - Started process (PID=85) to work on /home/airflow/.local/lib/python3.12/site-packages/airflow/example_dags/example_sla_dag.py
[2024-05-26T17:44:05.566+0000] {processor.py:830} INFO - Processing file /home/airflow/.local/lib/python3.12/site-packages/airflow/example_dags/example_sla_dag.py for tasks to queue
[2024-05-26T17:44:05.568+0000] {logging_mixin.py:188} INFO - [2024-05-26T17:44:05.567+0000] {dagbag.py:545} INFO - Filling up the DagBag from /home/airflow/.local/lib/python3.12/site-packages/airflow/example_dags/example_sla_dag.py
[2024-05-26T17:44:05.579+0000] {processor.py:840} INFO - DAG(s) 'example_sla_dag' retrieved from /home/airflow/.local/lib/python3.12/site-packages/airflow/example_dags/example_sla_dag.py
[2024-05-26T17:44:05.711+0000] {logging_mixin.py:188} INFO - [2024-05-26T17:44:05.711+0000] {dag.py:3096} INFO - Sync 1 DAGs
[2024-05-26T17:44:05.741+0000] {logging_mixin.py:188} INFO - [2024-05-26T17:44:05.741+0000] {dag.py:3954} INFO - Setting next_dagrun for example_sla_dag to 2024-05-26 17:42:00+00:00, run_after=2024-05-26 17:44:00+00:00
[2024-05-26T17:44:05.765+0000] {processor.py:183} INFO - Processing /home/airflow/.local/lib/python3.12/site-packages/airflow/example_dags/example_sla_dag.py took 0.207 seconds
[2024-05-26T17:44:36.037+0000] {processor.py:161} INFO - Started process (PID=143) to work on /home/airflow/.local/lib/python3.12/site-packages/airflow/example_dags/example_sla_dag.py
[2024-05-26T17:44:36.038+0000] {processor.py:830} INFO - Processing file /home/airflow/.local/lib/python3.12/site-packages/airflow/example_dags/example_sla_dag.py for tasks to queue
[2024-05-26T17:44:36.040+0000] {logging_mixin.py:188} INFO - [2024-05-26T17:44:36.040+0000] {dagbag.py:545} INFO - Filling up the DagBag from /home/airflow/.local/lib/python3.12/site-packages/airflow/example_dags/example_sla_dag.py
[2024-05-26T17:44:36.050+0000] {processor.py:840} INFO - DAG(s) 'example_sla_dag' retrieved from /home/airflow/.local/lib/python3.12/site-packages/airflow/example_dags/example_sla_dag.py
[2024-05-26T17:44:36.079+0000] {logging_mixin.py:188} INFO - [2024-05-26T17:44:36.078+0000] {dag.py:3096} INFO - Sync 1 DAGs
[2024-05-26T17:44:36.109+0000] {logging_mixin.py:188} INFO - [2024-05-26T17:44:36.108+0000] {dag.py:3954} INFO - Setting next_dagrun for example_sla_dag to 2024-05-26 17:42:00+00:00, run_after=2024-05-26 17:44:00+00:00
[2024-05-26T17:44:36.131+0000] {processor.py:183} INFO - Processing /home/airflow/.local/lib/python3.12/site-packages/airflow/example_dags/example_sla_dag.py took 0.100 seconds
[2024-05-26T17:45:06.610+0000] {processor.py:161} INFO - Started process (PID=200) to work on /home/airflow/.local/lib/python3.12/site-packages/airflow/example_dags/example_sla_dag.py
[2024-05-26T17:45:06.611+0000] {processor.py:830} INFO - Processing file /home/airflow/.local/lib/python3.12/site-packages/airflow/example_dags/example_sla_dag.py for tasks to queue
[2024-05-26T17:45:06.614+0000] {logging_mixin.py:188} INFO - [2024-05-26T17:45:06.614+0000] {dagbag.py:545} INFO - Filling up the DagBag from /home/airflow/.local/lib/python3.12/site-packages/airflow/example_dags/example_sla_dag.py
[2024-05-26T17:45:06.624+0000] {processor.py:840} INFO - DAG(s) 'example_sla_dag' retrieved from /home/airflow/.local/lib/python3.12/site-packages/airflow/example_dags/example_sla_dag.py
[2024-05-26T17:45:06.650+0000] {logging_mixin.py:188} INFO - [2024-05-26T17:45:06.650+0000] {dag.py:3096} INFO - Sync 1 DAGs
[2024-05-26T17:45:06.683+0000] {logging_mixin.py:188} INFO - [2024-05-26T17:45:06.682+0000] {dag.py:3954} INFO - Setting next_dagrun for example_sla_dag to 2024-05-26 17:42:00+00:00, run_after=2024-05-26 17:44:00+00:00
[2024-05-26T17:45:06.706+0000] {processor.py:183} INFO - Processing /home/airflow/.local/lib/python3.12/site-packages/airflow/example_dags/example_sla_dag.py took 0.104 seconds
[2024-05-26T17:45:36.844+0000] {processor.py:161} INFO - Started process (PID=258) to work on /home/airflow/.local/lib/python3.12/site-packages/airflow/example_dags/example_sla_dag.py
[2024-05-26T17:45:36.846+0000] {processor.py:830} INFO - Processing file /home/airflow/.local/lib/python3.12/site-packages/airflow/example_dags/example_sla_dag.py for tasks to queue
[2024-05-26T17:45:36.851+0000] {logging_mixin.py:188} INFO - [2024-05-26T17:45:36.850+0000] {dagbag.py:545} INFO - Filling up the DagBag from /home/airflow/.local/lib/python3.12/site-packages/airflow/example_dags/example_sla_dag.py
[2024-05-26T17:45:36.861+0000] {processor.py:840} INFO - DAG(s) 'example_sla_dag' retrieved from /home/airflow/.local/lib/python3.12/site-packages/airflow/example_dags/example_sla_dag.py
[2024-05-26T17:45:36.893+0000] {logging_mixin.py:188} INFO - [2024-05-26T17:45:36.892+0000] {dag.py:3096} INFO - Sync 1 DAGs
[2024-05-26T17:45:36.923+0000] {logging_mixin.py:188} INFO - [2024-05-26T17:45:36.923+0000] {dag.py:3954} INFO - Setting next_dagrun for example_sla_dag to 2024-05-26 17:42:00+00:00, run_after=2024-05-26 17:44:00+00:00
[2024-05-26T17:45:36.944+0000] {processor.py:183} INFO - Processing /home/airflow/.local/lib/python3.12/site-packages/airflow/example_dags/example_sla_dag.py took 0.115 seconds
[2024-05-26T17:46:07.473+0000] {processor.py:161} INFO - Started process (PID=315) to work on /home/airflow/.local/lib/python3.12/site-packages/airflow/example_dags/example_sla_dag.py
[2024-05-26T17:46:07.474+0000] {processor.py:830} INFO - Processing file /home/airflow/.local/lib/python3.12/site-packages/airflow/example_dags/example_sla_dag.py for tasks to queue
[2024-05-26T17:46:07.476+0000] {logging_mixin.py:188} INFO - [2024-05-26T17:46:07.476+0000] {dagbag.py:545} INFO - Filling up the DagBag from /home/airflow/.local/lib/python3.12/site-packages/airflow/example_dags/example_sla_dag.py
[2024-05-26T17:46:07.485+0000] {processor.py:840} INFO - DAG(s) 'example_sla_dag' retrieved from /home/airflow/.local/lib/python3.12/site-packages/airflow/example_dags/example_sla_dag.py
[2024-05-26T17:46:07.505+0000] {logging_mixin.py:188} INFO - [2024-05-26T17:46:07.505+0000] {dag.py:3096} INFO - Sync 1 DAGs
[2024-05-26T17:46:07.533+0000] {logging_mixin.py:188} INFO - [2024-05-26T17:46:07.532+0000] {dag.py:3954} INFO - Setting next_dagrun for example_sla_dag to 2024-05-26 17:44:00+00:00, run_after=2024-05-26 17:46:00+00:00
[2024-05-26T17:46:07.559+0000] {processor.py:183} INFO - Processing /home/airflow/.local/lib/python3.12/site-packages/airflow/example_dags/example_sla_dag.py took 0.092 seconds
[2024-05-26T17:46:38.021+0000] {processor.py:161} INFO - Started process (PID=373) to work on /home/airflow/.local/lib/python3.12/site-packages/airflow/example_dags/example_sla_dag.py
[2024-05-26T17:46:38.022+0000] {processor.py:830} INFO - Processing file /home/airflow/.local/lib/python3.12/site-packages/airflow/example_dags/example_sla_dag.py for tasks to queue
[2024-05-26T17:46:38.025+0000] {logging_mixin.py:188} INFO - [2024-05-26T17:46:38.024+0000] {dagbag.py:545} INFO - Filling up the DagBag from /home/airflow/.local/lib/python3.12/site-packages/airflow/example_dags/example_sla_dag.py
[2024-05-26T17:46:38.034+0000] {processor.py:840} INFO - DAG(s) 'example_sla_dag' retrieved from /home/airflow/.local/lib/python3.12/site-packages/airflow/example_dags/example_sla_dag.py
[2024-05-26T17:46:38.074+0000] {logging_mixin.py:188} INFO - [2024-05-26T17:46:38.074+0000] {dag.py:3096} INFO - Sync 1 DAGs
[2024-05-26T17:46:38.102+0000] {logging_mixin.py:188} INFO - [2024-05-26T17:46:38.102+0000] {dag.py:3954} INFO - Setting next_dagrun for example_sla_dag to 2024-05-26 17:44:00+00:00, run_after=2024-05-26 17:46:00+00:00
[2024-05-26T17:46:38.125+0000] {processor.py:183} INFO - Processing /home/airflow/.local/lib/python3.12/site-packages/airflow/example_dags/example_sla_dag.py took 0.111 seconds
[2024-05-26T17:47:08.338+0000] {processor.py:161} INFO - Started process (PID=431) to work on /home/airflow/.local/lib/python3.12/site-packages/airflow/example_dags/example_sla_dag.py
[2024-05-26T17:47:08.340+0000] {processor.py:830} INFO - Processing file /home/airflow/.local/lib/python3.12/site-packages/airflow/example_dags/example_sla_dag.py for tasks to queue
[2024-05-26T17:47:08.342+0000] {logging_mixin.py:188} INFO - [2024-05-26T17:47:08.342+0000] {dagbag.py:545} INFO - Filling up the DagBag from /home/airflow/.local/lib/python3.12/site-packages/airflow/example_dags/example_sla_dag.py
[2024-05-26T17:47:08.353+0000] {processor.py:840} INFO - DAG(s) 'example_sla_dag' retrieved from /home/airflow/.local/lib/python3.12/site-packages/airflow/example_dags/example_sla_dag.py
[2024-05-26T17:47:08.378+0000] {logging_mixin.py:188} INFO - [2024-05-26T17:47:08.378+0000] {dag.py:3096} INFO - Sync 1 DAGs
[2024-05-26T17:47:08.408+0000] {logging_mixin.py:188} INFO - [2024-05-26T17:47:08.407+0000] {dag.py:3954} INFO - Setting next_dagrun for example_sla_dag to 2024-05-26 17:44:00+00:00, run_after=2024-05-26 17:46:00+00:00
[2024-05-26T17:47:08.433+0000] {processor.py:183} INFO - Processing /home/airflow/.local/lib/python3.12/site-packages/airflow/example_dags/example_sla_dag.py took 0.101 seconds
[2024-05-26T17:47:38.952+0000] {processor.py:161} INFO - Started process (PID=489) to work on /home/airflow/.local/lib/python3.12/site-packages/airflow/example_dags/example_sla_dag.py
[2024-05-26T17:47:38.953+0000] {processor.py:830} INFO - Processing file /home/airflow/.local/lib/python3.12/site-packages/airflow/example_dags/example_sla_dag.py for tasks to queue
[2024-05-26T17:47:38.955+0000] {logging_mixin.py:188} INFO - [2024-05-26T17:47:38.954+0000] {dagbag.py:545} INFO - Filling up the DagBag from /home/airflow/.local/lib/python3.12/site-packages/airflow/example_dags/example_sla_dag.py
[2024-05-26T17:47:38.964+0000] {processor.py:840} INFO - DAG(s) 'example_sla_dag' retrieved from /home/airflow/.local/lib/python3.12/site-packages/airflow/example_dags/example_sla_dag.py
[2024-05-26T17:47:38.987+0000] {logging_mixin.py:188} INFO - [2024-05-26T17:47:38.987+0000] {dag.py:3096} INFO - Sync 1 DAGs
[2024-05-26T17:47:39.032+0000] {logging_mixin.py:188} INFO - [2024-05-26T17:47:39.032+0000] {dag.py:3954} INFO - Setting next_dagrun for example_sla_dag to 2024-05-26 17:44:00+00:00, run_after=2024-05-26 17:46:00+00:00
[2024-05-26T17:47:39.053+0000] {processor.py:183} INFO - Processing /home/airflow/.local/lib/python3.12/site-packages/airflow/example_dags/example_sla_dag.py took 0.108 seconds
[2024-05-26T17:49:04.637+0000] {processor.py:161} INFO - Started process (PID=27) to work on /home/airflow/.local/lib/python3.12/site-packages/airflow/example_dags/example_sla_dag.py
[2024-05-26T17:49:04.638+0000] {processor.py:830} INFO - Processing file /home/airflow/.local/lib/python3.12/site-packages/airflow/example_dags/example_sla_dag.py for tasks to queue
[2024-05-26T17:49:04.642+0000] {logging_mixin.py:188} INFO - [2024-05-26T17:49:04.642+0000] {dagbag.py:545} INFO - Filling up the DagBag from /home/airflow/.local/lib/python3.12/site-packages/airflow/example_dags/example_sla_dag.py
[2024-05-26T17:49:04.655+0000] {processor.py:840} INFO - DAG(s) 'example_sla_dag' retrieved from /home/airflow/.local/lib/python3.12/site-packages/airflow/example_dags/example_sla_dag.py
[2024-05-26T17:49:04.669+0000] {logging_mixin.py:188} INFO - [2024-05-26T17:49:04.669+0000] {dag.py:3096} INFO - Sync 1 DAGs
[2024-05-26T17:49:04.706+0000] {logging_mixin.py:188} INFO - [2024-05-26T17:49:04.706+0000] {dag.py:3954} INFO - Setting next_dagrun for example_sla_dag to 2024-05-26 17:46:00+00:00, run_after=2024-05-26 17:48:00+00:00
[2024-05-26T17:49:04.728+0000] {processor.py:183} INFO - Processing /home/airflow/.local/lib/python3.12/site-packages/airflow/example_dags/example_sla_dag.py took 0.097 seconds
[2024-05-26T17:49:35.153+0000] {processor.py:161} INFO - Started process (PID=85) to work on /home/airflow/.local/lib/python3.12/site-packages/airflow/example_dags/example_sla_dag.py
[2024-05-26T17:49:35.154+0000] {processor.py:830} INFO - Processing file /home/airflow/.local/lib/python3.12/site-packages/airflow/example_dags/example_sla_dag.py for tasks to queue
[2024-05-26T17:49:35.156+0000] {logging_mixin.py:188} INFO - [2024-05-26T17:49:35.156+0000] {dagbag.py:545} INFO - Filling up the DagBag from /home/airflow/.local/lib/python3.12/site-packages/airflow/example_dags/example_sla_dag.py
[2024-05-26T17:49:35.166+0000] {processor.py:840} INFO - DAG(s) 'example_sla_dag' retrieved from /home/airflow/.local/lib/python3.12/site-packages/airflow/example_dags/example_sla_dag.py
[2024-05-26T17:49:35.287+0000] {logging_mixin.py:188} INFO - [2024-05-26T17:49:35.287+0000] {dag.py:3096} INFO - Sync 1 DAGs
[2024-05-26T17:49:35.315+0000] {logging_mixin.py:188} INFO - [2024-05-26T17:49:35.315+0000] {dag.py:3954} INFO - Setting next_dagrun for example_sla_dag to 2024-05-26 17:46:00+00:00, run_after=2024-05-26 17:48:00+00:00
[2024-05-26T17:49:35.334+0000] {processor.py:183} INFO - Processing /home/airflow/.local/lib/python3.12/site-packages/airflow/example_dags/example_sla_dag.py took 0.187 seconds
[2024-05-26T17:50:05.667+0000] {processor.py:161} INFO - Started process (PID=142) to work on /home/airflow/.local/lib/python3.12/site-packages/airflow/example_dags/example_sla_dag.py
[2024-05-26T17:50:05.668+0000] {processor.py:830} INFO - Processing file /home/airflow/.local/lib/python3.12/site-packages/airflow/example_dags/example_sla_dag.py for tasks to queue
[2024-05-26T17:50:05.672+0000] {logging_mixin.py:188} INFO - [2024-05-26T17:50:05.671+0000] {dagbag.py:545} INFO - Filling up the DagBag from /home/airflow/.local/lib/python3.12/site-packages/airflow/example_dags/example_sla_dag.py
[2024-05-26T17:50:05.682+0000] {processor.py:840} INFO - DAG(s) 'example_sla_dag' retrieved from /home/airflow/.local/lib/python3.12/site-packages/airflow/example_dags/example_sla_dag.py
[2024-05-26T17:50:05.707+0000] {logging_mixin.py:188} INFO - [2024-05-26T17:50:05.707+0000] {dag.py:3096} INFO - Sync 1 DAGs
[2024-05-26T17:50:05.734+0000] {logging_mixin.py:188} INFO - [2024-05-26T17:50:05.734+0000] {dag.py:3954} INFO - Setting next_dagrun for example_sla_dag to 2024-05-26 17:48:00+00:00, run_after=2024-05-26 17:50:00+00:00
[2024-05-26T17:50:05.756+0000] {processor.py:183} INFO - Processing /home/airflow/.local/lib/python3.12/site-packages/airflow/example_dags/example_sla_dag.py took 0.095 seconds
[2024-05-26T17:50:35.888+0000] {processor.py:161} INFO - Started process (PID=199) to work on /home/airflow/.local/lib/python3.12/site-packages/airflow/example_dags/example_sla_dag.py
[2024-05-26T17:50:35.889+0000] {processor.py:830} INFO - Processing file /home/airflow/.local/lib/python3.12/site-packages/airflow/example_dags/example_sla_dag.py for tasks to queue
[2024-05-26T17:50:35.892+0000] {logging_mixin.py:188} INFO - [2024-05-26T17:50:35.891+0000] {dagbag.py:545} INFO - Filling up the DagBag from /home/airflow/.local/lib/python3.12/site-packages/airflow/example_dags/example_sla_dag.py
[2024-05-26T17:50:35.902+0000] {processor.py:840} INFO - DAG(s) 'example_sla_dag' retrieved from /home/airflow/.local/lib/python3.12/site-packages/airflow/example_dags/example_sla_dag.py
[2024-05-26T17:50:35.930+0000] {logging_mixin.py:188} INFO - [2024-05-26T17:50:35.929+0000] {dag.py:3096} INFO - Sync 1 DAGs
[2024-05-26T17:50:35.966+0000] {logging_mixin.py:188} INFO - [2024-05-26T17:50:35.966+0000] {dag.py:3954} INFO - Setting next_dagrun for example_sla_dag to 2024-05-26 17:48:00+00:00, run_after=2024-05-26 17:50:00+00:00
[2024-05-26T17:50:35.991+0000] {processor.py:183} INFO - Processing /home/airflow/.local/lib/python3.12/site-packages/airflow/example_dags/example_sla_dag.py took 0.110 seconds
[2024-05-26T17:51:06.359+0000] {processor.py:161} INFO - Started process (PID=256) to work on /home/airflow/.local/lib/python3.12/site-packages/airflow/example_dags/example_sla_dag.py
[2024-05-26T17:51:06.361+0000] {processor.py:830} INFO - Processing file /home/airflow/.local/lib/python3.12/site-packages/airflow/example_dags/example_sla_dag.py for tasks to queue
[2024-05-26T17:51:06.364+0000] {logging_mixin.py:188} INFO - [2024-05-26T17:51:06.364+0000] {dagbag.py:545} INFO - Filling up the DagBag from /home/airflow/.local/lib/python3.12/site-packages/airflow/example_dags/example_sla_dag.py
[2024-05-26T17:51:06.376+0000] {processor.py:840} INFO - DAG(s) 'example_sla_dag' retrieved from /home/airflow/.local/lib/python3.12/site-packages/airflow/example_dags/example_sla_dag.py
[2024-05-26T17:51:06.398+0000] {logging_mixin.py:188} INFO - [2024-05-26T17:51:06.398+0000] {dag.py:3096} INFO - Sync 1 DAGs
[2024-05-26T17:51:06.434+0000] {logging_mixin.py:188} INFO - [2024-05-26T17:51:06.433+0000] {dag.py:3954} INFO - Setting next_dagrun for example_sla_dag to 2024-05-26 17:48:00+00:00, run_after=2024-05-26 17:50:00+00:00
[2024-05-26T17:51:06.461+0000] {processor.py:183} INFO - Processing /home/airflow/.local/lib/python3.12/site-packages/airflow/example_dags/example_sla_dag.py took 0.109 seconds
[2024-05-26T17:51:36.727+0000] {processor.py:161} INFO - Started process (PID=314) to work on /home/airflow/.local/lib/python3.12/site-packages/airflow/example_dags/example_sla_dag.py
[2024-05-26T17:51:36.728+0000] {processor.py:830} INFO - Processing file /home/airflow/.local/lib/python3.12/site-packages/airflow/example_dags/example_sla_dag.py for tasks to queue
[2024-05-26T17:51:36.730+0000] {logging_mixin.py:188} INFO - [2024-05-26T17:51:36.730+0000] {dagbag.py:545} INFO - Filling up the DagBag from /home/airflow/.local/lib/python3.12/site-packages/airflow/example_dags/example_sla_dag.py
[2024-05-26T17:51:36.743+0000] {processor.py:840} INFO - DAG(s) 'example_sla_dag' retrieved from /home/airflow/.local/lib/python3.12/site-packages/airflow/example_dags/example_sla_dag.py
[2024-05-26T17:51:36.772+0000] {logging_mixin.py:188} INFO - [2024-05-26T17:51:36.772+0000] {dag.py:3096} INFO - Sync 1 DAGs
[2024-05-26T17:51:36.802+0000] {logging_mixin.py:188} INFO - [2024-05-26T17:51:36.802+0000] {dag.py:3954} INFO - Setting next_dagrun for example_sla_dag to 2024-05-26 17:48:00+00:00, run_after=2024-05-26 17:50:00+00:00
[2024-05-26T17:51:36.823+0000] {processor.py:183} INFO - Processing /home/airflow/.local/lib/python3.12/site-packages/airflow/example_dags/example_sla_dag.py took 0.104 seconds
[2024-05-26T17:52:06.920+0000] {processor.py:161} INFO - Started process (PID=372) to work on /home/airflow/.local/lib/python3.12/site-packages/airflow/example_dags/example_sla_dag.py
[2024-05-26T17:52:06.922+0000] {processor.py:830} INFO - Processing file /home/airflow/.local/lib/python3.12/site-packages/airflow/example_dags/example_sla_dag.py for tasks to queue
[2024-05-26T17:52:06.927+0000] {logging_mixin.py:188} INFO - [2024-05-26T17:52:06.926+0000] {dagbag.py:545} INFO - Filling up the DagBag from /home/airflow/.local/lib/python3.12/site-packages/airflow/example_dags/example_sla_dag.py
[2024-05-26T17:52:06.941+0000] {processor.py:840} INFO - DAG(s) 'example_sla_dag' retrieved from /home/airflow/.local/lib/python3.12/site-packages/airflow/example_dags/example_sla_dag.py
[2024-05-26T17:52:06.970+0000] {logging_mixin.py:188} INFO - [2024-05-26T17:52:06.969+0000] {dag.py:3096} INFO - Sync 1 DAGs
[2024-05-26T17:52:07.002+0000] {logging_mixin.py:188} INFO - [2024-05-26T17:52:07.002+0000] {dag.py:3954} INFO - Setting next_dagrun for example_sla_dag to 2024-05-26 17:50:00+00:00, run_after=2024-05-26 17:52:00+00:00
[2024-05-26T17:52:07.039+0000] {processor.py:183} INFO - Processing /home/airflow/.local/lib/python3.12/site-packages/airflow/example_dags/example_sla_dag.py took 0.136 seconds
[2024-05-26T17:57:44.826+0000] {processor.py:161} INFO - Started process (PID=27) to work on /home/airflow/.local/lib/python3.12/site-packages/airflow/example_dags/example_sla_dag.py
[2024-05-26T17:57:44.827+0000] {processor.py:830} INFO - Processing file /home/airflow/.local/lib/python3.12/site-packages/airflow/example_dags/example_sla_dag.py for tasks to queue
[2024-05-26T17:57:44.829+0000] {logging_mixin.py:188} INFO - [2024-05-26T17:57:44.829+0000] {dagbag.py:545} INFO - Filling up the DagBag from /home/airflow/.local/lib/python3.12/site-packages/airflow/example_dags/example_sla_dag.py
[2024-05-26T17:57:44.841+0000] {processor.py:840} INFO - DAG(s) 'example_sla_dag' retrieved from /home/airflow/.local/lib/python3.12/site-packages/airflow/example_dags/example_sla_dag.py
[2024-05-26T17:57:44.852+0000] {logging_mixin.py:188} INFO - [2024-05-26T17:57:44.852+0000] {dag.py:3096} INFO - Sync 1 DAGs
[2024-05-26T17:57:44.883+0000] {logging_mixin.py:188} INFO - [2024-05-26T17:57:44.883+0000] {dag.py:3954} INFO - Setting next_dagrun for example_sla_dag to 2024-05-26 17:54:00+00:00, run_after=2024-05-26 17:56:00+00:00
[2024-05-26T17:57:44.903+0000] {processor.py:183} INFO - Processing /home/airflow/.local/lib/python3.12/site-packages/airflow/example_dags/example_sla_dag.py took 0.083 seconds
[2024-05-26T17:58:15.258+0000] {processor.py:161} INFO - Started process (PID=85) to work on /home/airflow/.local/lib/python3.12/site-packages/airflow/example_dags/example_sla_dag.py
[2024-05-26T17:58:15.260+0000] {processor.py:830} INFO - Processing file /home/airflow/.local/lib/python3.12/site-packages/airflow/example_dags/example_sla_dag.py for tasks to queue
[2024-05-26T17:58:15.263+0000] {logging_mixin.py:188} INFO - [2024-05-26T17:58:15.262+0000] {dagbag.py:545} INFO - Filling up the DagBag from /home/airflow/.local/lib/python3.12/site-packages/airflow/example_dags/example_sla_dag.py
[2024-05-26T17:58:15.273+0000] {processor.py:840} INFO - DAG(s) 'example_sla_dag' retrieved from /home/airflow/.local/lib/python3.12/site-packages/airflow/example_dags/example_sla_dag.py
[2024-05-26T17:58:15.393+0000] {logging_mixin.py:188} INFO - [2024-05-26T17:58:15.392+0000] {dag.py:3096} INFO - Sync 1 DAGs
[2024-05-26T17:58:15.420+0000] {logging_mixin.py:188} INFO - [2024-05-26T17:58:15.420+0000] {dag.py:3954} INFO - Setting next_dagrun for example_sla_dag to 2024-05-26 17:56:00+00:00, run_after=2024-05-26 17:58:00+00:00
[2024-05-26T17:58:15.445+0000] {processor.py:183} INFO - Processing /home/airflow/.local/lib/python3.12/site-packages/airflow/example_dags/example_sla_dag.py took 0.201 seconds
[2024-05-26T17:58:45.688+0000] {processor.py:161} INFO - Started process (PID=143) to work on /home/airflow/.local/lib/python3.12/site-packages/airflow/example_dags/example_sla_dag.py
[2024-05-26T17:58:45.689+0000] {processor.py:830} INFO - Processing file /home/airflow/.local/lib/python3.12/site-packages/airflow/example_dags/example_sla_dag.py for tasks to queue
[2024-05-26T17:58:45.692+0000] {logging_mixin.py:188} INFO - [2024-05-26T17:58:45.691+0000] {dagbag.py:545} INFO - Filling up the DagBag from /home/airflow/.local/lib/python3.12/site-packages/airflow/example_dags/example_sla_dag.py
[2024-05-26T17:58:45.703+0000] {processor.py:840} INFO - DAG(s) 'example_sla_dag' retrieved from /home/airflow/.local/lib/python3.12/site-packages/airflow/example_dags/example_sla_dag.py
[2024-05-26T17:58:45.727+0000] {logging_mixin.py:188} INFO - [2024-05-26T17:58:45.726+0000] {dag.py:3096} INFO - Sync 1 DAGs
[2024-05-26T17:58:45.757+0000] {logging_mixin.py:188} INFO - [2024-05-26T17:58:45.756+0000] {dag.py:3954} INFO - Setting next_dagrun for example_sla_dag to 2024-05-26 17:56:00+00:00, run_after=2024-05-26 17:58:00+00:00
[2024-05-26T17:58:45.775+0000] {processor.py:183} INFO - Processing /home/airflow/.local/lib/python3.12/site-packages/airflow/example_dags/example_sla_dag.py took 0.094 seconds
