[2024-05-26T15:21:35.843+0000] {processor.py:161} INFO - Started process (PID=67) to work on /home/airflow/.local/lib/python3.12/site-packages/airflow/example_dags/example_sensors.py
[2024-05-26T15:21:35.844+0000] {processor.py:830} INFO - Processing file /home/airflow/.local/lib/python3.12/site-packages/airflow/example_dags/example_sensors.py for tasks to queue
[2024-05-26T15:21:35.846+0000] {logging_mixin.py:188} INFO - [2024-05-26T15:21:35.846+0000] {dagbag.py:545} INFO - Filling up the DagBag from /home/airflow/.local/lib/python3.12/site-packages/airflow/example_dags/example_sensors.py
[2024-05-26T15:21:35.856+0000] {processor.py:840} INFO - DAG(s) 'example_sensors' retrieved from /home/airflow/.local/lib/python3.12/site-packages/airflow/example_dags/example_sensors.py
[2024-05-26T15:21:35.889+0000] {logging_mixin.py:188} INFO - [2024-05-26T15:21:35.889+0000] {dag.py:3096} INFO - Sync 1 DAGs
[2024-05-26T15:21:35.907+0000] {logging_mixin.py:188} INFO - [2024-05-26T15:21:35.906+0000] {dag.py:3954} INFO - Setting next_dagrun for example_sensors to None, run_after=None
[2024-05-26T15:21:35.930+0000] {processor.py:183} INFO - Processing /home/airflow/.local/lib/python3.12/site-packages/airflow/example_dags/example_sensors.py took 0.093 seconds
[2024-05-26T15:22:06.329+0000] {processor.py:161} INFO - Started process (PID=125) to work on /home/airflow/.local/lib/python3.12/site-packages/airflow/example_dags/example_sensors.py
[2024-05-26T15:22:06.330+0000] {processor.py:830} INFO - Processing file /home/airflow/.local/lib/python3.12/site-packages/airflow/example_dags/example_sensors.py for tasks to queue
[2024-05-26T15:22:06.332+0000] {logging_mixin.py:188} INFO - [2024-05-26T15:22:06.331+0000] {dagbag.py:545} INFO - Filling up the DagBag from /home/airflow/.local/lib/python3.12/site-packages/airflow/example_dags/example_sensors.py
[2024-05-26T15:22:06.341+0000] {processor.py:840} INFO - DAG(s) 'example_sensors' retrieved from /home/airflow/.local/lib/python3.12/site-packages/airflow/example_dags/example_sensors.py
[2024-05-26T15:22:06.370+0000] {logging_mixin.py:188} INFO - [2024-05-26T15:22:06.370+0000] {dag.py:3096} INFO - Sync 1 DAGs
[2024-05-26T15:22:06.385+0000] {logging_mixin.py:188} INFO - [2024-05-26T15:22:06.385+0000] {dag.py:3954} INFO - Setting next_dagrun for example_sensors to None, run_after=None
[2024-05-26T15:22:06.406+0000] {processor.py:183} INFO - Processing /home/airflow/.local/lib/python3.12/site-packages/airflow/example_dags/example_sensors.py took 0.085 seconds
[2024-05-26T15:22:36.904+0000] {processor.py:161} INFO - Started process (PID=183) to work on /home/airflow/.local/lib/python3.12/site-packages/airflow/example_dags/example_sensors.py
[2024-05-26T15:22:36.905+0000] {processor.py:830} INFO - Processing file /home/airflow/.local/lib/python3.12/site-packages/airflow/example_dags/example_sensors.py for tasks to queue
[2024-05-26T15:22:36.908+0000] {logging_mixin.py:188} INFO - [2024-05-26T15:22:36.908+0000] {dagbag.py:545} INFO - Filling up the DagBag from /home/airflow/.local/lib/python3.12/site-packages/airflow/example_dags/example_sensors.py
[2024-05-26T15:22:36.918+0000] {processor.py:840} INFO - DAG(s) 'example_sensors' retrieved from /home/airflow/.local/lib/python3.12/site-packages/airflow/example_dags/example_sensors.py
[2024-05-26T15:22:36.948+0000] {logging_mixin.py:188} INFO - [2024-05-26T15:22:36.948+0000] {dag.py:3096} INFO - Sync 1 DAGs
[2024-05-26T15:22:36.967+0000] {logging_mixin.py:188} INFO - [2024-05-26T15:22:36.966+0000] {dag.py:3954} INFO - Setting next_dagrun for example_sensors to None, run_after=None
[2024-05-26T15:22:36.988+0000] {processor.py:183} INFO - Processing /home/airflow/.local/lib/python3.12/site-packages/airflow/example_dags/example_sensors.py took 0.090 seconds
[2024-05-26T15:23:07.143+0000] {processor.py:161} INFO - Started process (PID=241) to work on /home/airflow/.local/lib/python3.12/site-packages/airflow/example_dags/example_sensors.py
[2024-05-26T15:23:07.144+0000] {processor.py:830} INFO - Processing file /home/airflow/.local/lib/python3.12/site-packages/airflow/example_dags/example_sensors.py for tasks to queue
[2024-05-26T15:23:07.147+0000] {logging_mixin.py:188} INFO - [2024-05-26T15:23:07.147+0000] {dagbag.py:545} INFO - Filling up the DagBag from /home/airflow/.local/lib/python3.12/site-packages/airflow/example_dags/example_sensors.py
[2024-05-26T15:23:07.158+0000] {processor.py:840} INFO - DAG(s) 'example_sensors' retrieved from /home/airflow/.local/lib/python3.12/site-packages/airflow/example_dags/example_sensors.py
[2024-05-26T15:23:07.195+0000] {logging_mixin.py:188} INFO - [2024-05-26T15:23:07.195+0000] {dag.py:3096} INFO - Sync 1 DAGs
[2024-05-26T15:23:07.214+0000] {logging_mixin.py:188} INFO - [2024-05-26T15:23:07.214+0000] {dag.py:3954} INFO - Setting next_dagrun for example_sensors to None, run_after=None
[2024-05-26T15:23:07.237+0000] {processor.py:183} INFO - Processing /home/airflow/.local/lib/python3.12/site-packages/airflow/example_dags/example_sensors.py took 0.100 seconds
[2024-05-26T15:23:38.229+0000] {processor.py:161} INFO - Started process (PID=299) to work on /home/airflow/.local/lib/python3.12/site-packages/airflow/example_dags/example_sensors.py
[2024-05-26T15:23:38.230+0000] {processor.py:830} INFO - Processing file /home/airflow/.local/lib/python3.12/site-packages/airflow/example_dags/example_sensors.py for tasks to queue
[2024-05-26T15:23:38.233+0000] {logging_mixin.py:188} INFO - [2024-05-26T15:23:38.232+0000] {dagbag.py:545} INFO - Filling up the DagBag from /home/airflow/.local/lib/python3.12/site-packages/airflow/example_dags/example_sensors.py
[2024-05-26T15:23:38.244+0000] {processor.py:840} INFO - DAG(s) 'example_sensors' retrieved from /home/airflow/.local/lib/python3.12/site-packages/airflow/example_dags/example_sensors.py
[2024-05-26T15:23:38.273+0000] {logging_mixin.py:188} INFO - [2024-05-26T15:23:38.272+0000] {dag.py:3096} INFO - Sync 1 DAGs
[2024-05-26T15:23:38.288+0000] {logging_mixin.py:188} INFO - [2024-05-26T15:23:38.288+0000] {dag.py:3954} INFO - Setting next_dagrun for example_sensors to None, run_after=None
[2024-05-26T15:23:38.308+0000] {processor.py:183} INFO - Processing /home/airflow/.local/lib/python3.12/site-packages/airflow/example_dags/example_sensors.py took 0.088 seconds
[2024-05-26T15:24:09.025+0000] {processor.py:161} INFO - Started process (PID=357) to work on /home/airflow/.local/lib/python3.12/site-packages/airflow/example_dags/example_sensors.py
[2024-05-26T15:24:09.026+0000] {processor.py:830} INFO - Processing file /home/airflow/.local/lib/python3.12/site-packages/airflow/example_dags/example_sensors.py for tasks to queue
[2024-05-26T15:24:09.028+0000] {logging_mixin.py:188} INFO - [2024-05-26T15:24:09.028+0000] {dagbag.py:545} INFO - Filling up the DagBag from /home/airflow/.local/lib/python3.12/site-packages/airflow/example_dags/example_sensors.py
[2024-05-26T15:24:09.037+0000] {processor.py:840} INFO - DAG(s) 'example_sensors' retrieved from /home/airflow/.local/lib/python3.12/site-packages/airflow/example_dags/example_sensors.py
[2024-05-26T15:24:09.066+0000] {logging_mixin.py:188} INFO - [2024-05-26T15:24:09.066+0000] {dag.py:3096} INFO - Sync 1 DAGs
[2024-05-26T15:24:09.081+0000] {logging_mixin.py:188} INFO - [2024-05-26T15:24:09.081+0000] {dag.py:3954} INFO - Setting next_dagrun for example_sensors to None, run_after=None
[2024-05-26T15:24:09.100+0000] {processor.py:183} INFO - Processing /home/airflow/.local/lib/python3.12/site-packages/airflow/example_dags/example_sensors.py took 0.082 seconds
[2024-05-26T15:24:39.584+0000] {processor.py:161} INFO - Started process (PID=415) to work on /home/airflow/.local/lib/python3.12/site-packages/airflow/example_dags/example_sensors.py
[2024-05-26T15:24:39.585+0000] {processor.py:830} INFO - Processing file /home/airflow/.local/lib/python3.12/site-packages/airflow/example_dags/example_sensors.py for tasks to queue
[2024-05-26T15:24:39.587+0000] {logging_mixin.py:188} INFO - [2024-05-26T15:24:39.587+0000] {dagbag.py:545} INFO - Filling up the DagBag from /home/airflow/.local/lib/python3.12/site-packages/airflow/example_dags/example_sensors.py
[2024-05-26T15:24:39.598+0000] {processor.py:840} INFO - DAG(s) 'example_sensors' retrieved from /home/airflow/.local/lib/python3.12/site-packages/airflow/example_dags/example_sensors.py
[2024-05-26T15:24:39.648+0000] {logging_mixin.py:188} INFO - [2024-05-26T15:24:39.648+0000] {dag.py:3096} INFO - Sync 1 DAGs
[2024-05-26T15:24:39.664+0000] {logging_mixin.py:188} INFO - [2024-05-26T15:24:39.664+0000] {dag.py:3954} INFO - Setting next_dagrun for example_sensors to None, run_after=None
[2024-05-26T15:24:39.687+0000] {processor.py:183} INFO - Processing /home/airflow/.local/lib/python3.12/site-packages/airflow/example_dags/example_sensors.py took 0.110 seconds
[2024-05-26T15:25:09.808+0000] {processor.py:161} INFO - Started process (PID=473) to work on /home/airflow/.local/lib/python3.12/site-packages/airflow/example_dags/example_sensors.py
[2024-05-26T15:25:09.810+0000] {processor.py:830} INFO - Processing file /home/airflow/.local/lib/python3.12/site-packages/airflow/example_dags/example_sensors.py for tasks to queue
[2024-05-26T15:25:09.815+0000] {logging_mixin.py:188} INFO - [2024-05-26T15:25:09.815+0000] {dagbag.py:545} INFO - Filling up the DagBag from /home/airflow/.local/lib/python3.12/site-packages/airflow/example_dags/example_sensors.py
[2024-05-26T15:25:09.832+0000] {processor.py:840} INFO - DAG(s) 'example_sensors' retrieved from /home/airflow/.local/lib/python3.12/site-packages/airflow/example_dags/example_sensors.py
[2024-05-26T15:25:09.866+0000] {logging_mixin.py:188} INFO - [2024-05-26T15:25:09.866+0000] {dag.py:3096} INFO - Sync 1 DAGs
[2024-05-26T15:25:09.888+0000] {logging_mixin.py:188} INFO - [2024-05-26T15:25:09.888+0000] {dag.py:3954} INFO - Setting next_dagrun for example_sensors to None, run_after=None
[2024-05-26T15:25:09.924+0000] {processor.py:183} INFO - Processing /home/airflow/.local/lib/python3.12/site-packages/airflow/example_dags/example_sensors.py took 0.127 seconds
[2024-05-26T15:25:40.220+0000] {processor.py:161} INFO - Started process (PID=531) to work on /home/airflow/.local/lib/python3.12/site-packages/airflow/example_dags/example_sensors.py
[2024-05-26T15:25:40.221+0000] {processor.py:830} INFO - Processing file /home/airflow/.local/lib/python3.12/site-packages/airflow/example_dags/example_sensors.py for tasks to queue
[2024-05-26T15:25:40.225+0000] {logging_mixin.py:188} INFO - [2024-05-26T15:25:40.224+0000] {dagbag.py:545} INFO - Filling up the DagBag from /home/airflow/.local/lib/python3.12/site-packages/airflow/example_dags/example_sensors.py
[2024-05-26T15:25:40.236+0000] {processor.py:840} INFO - DAG(s) 'example_sensors' retrieved from /home/airflow/.local/lib/python3.12/site-packages/airflow/example_dags/example_sensors.py
[2024-05-26T15:25:40.267+0000] {logging_mixin.py:188} INFO - [2024-05-26T15:25:40.267+0000] {dag.py:3096} INFO - Sync 1 DAGs
[2024-05-26T15:25:40.283+0000] {logging_mixin.py:188} INFO - [2024-05-26T15:25:40.283+0000] {dag.py:3954} INFO - Setting next_dagrun for example_sensors to None, run_after=None
[2024-05-26T15:25:40.306+0000] {processor.py:183} INFO - Processing /home/airflow/.local/lib/python3.12/site-packages/airflow/example_dags/example_sensors.py took 0.093 seconds
[2024-05-26T15:26:10.815+0000] {processor.py:161} INFO - Started process (PID=589) to work on /home/airflow/.local/lib/python3.12/site-packages/airflow/example_dags/example_sensors.py
[2024-05-26T15:26:10.816+0000] {processor.py:830} INFO - Processing file /home/airflow/.local/lib/python3.12/site-packages/airflow/example_dags/example_sensors.py for tasks to queue
[2024-05-26T15:26:10.821+0000] {logging_mixin.py:188} INFO - [2024-05-26T15:26:10.821+0000] {dagbag.py:545} INFO - Filling up the DagBag from /home/airflow/.local/lib/python3.12/site-packages/airflow/example_dags/example_sensors.py
[2024-05-26T15:26:10.834+0000] {processor.py:840} INFO - DAG(s) 'example_sensors' retrieved from /home/airflow/.local/lib/python3.12/site-packages/airflow/example_dags/example_sensors.py
[2024-05-26T15:26:10.871+0000] {logging_mixin.py:188} INFO - [2024-05-26T15:26:10.870+0000] {dag.py:3096} INFO - Sync 1 DAGs
[2024-05-26T15:26:10.887+0000] {logging_mixin.py:188} INFO - [2024-05-26T15:26:10.887+0000] {dag.py:3954} INFO - Setting next_dagrun for example_sensors to None, run_after=None
[2024-05-26T15:26:10.922+0000] {processor.py:183} INFO - Processing /home/airflow/.local/lib/python3.12/site-packages/airflow/example_dags/example_sensors.py took 0.113 seconds
[2024-05-26T15:26:40.991+0000] {processor.py:161} INFO - Started process (PID=647) to work on /home/airflow/.local/lib/python3.12/site-packages/airflow/example_dags/example_sensors.py
[2024-05-26T15:26:40.992+0000] {processor.py:830} INFO - Processing file /home/airflow/.local/lib/python3.12/site-packages/airflow/example_dags/example_sensors.py for tasks to queue
[2024-05-26T15:26:40.994+0000] {logging_mixin.py:188} INFO - [2024-05-26T15:26:40.994+0000] {dagbag.py:545} INFO - Filling up the DagBag from /home/airflow/.local/lib/python3.12/site-packages/airflow/example_dags/example_sensors.py
[2024-05-26T15:26:41.004+0000] {processor.py:840} INFO - DAG(s) 'example_sensors' retrieved from /home/airflow/.local/lib/python3.12/site-packages/airflow/example_dags/example_sensors.py
[2024-05-26T15:26:41.036+0000] {logging_mixin.py:188} INFO - [2024-05-26T15:26:41.035+0000] {dag.py:3096} INFO - Sync 1 DAGs
[2024-05-26T15:26:41.055+0000] {logging_mixin.py:188} INFO - [2024-05-26T15:26:41.054+0000] {dag.py:3954} INFO - Setting next_dagrun for example_sensors to None, run_after=None
[2024-05-26T15:26:41.078+0000] {processor.py:183} INFO - Processing /home/airflow/.local/lib/python3.12/site-packages/airflow/example_dags/example_sensors.py took 0.094 seconds
[2024-05-26T15:27:11.435+0000] {processor.py:161} INFO - Started process (PID=705) to work on /home/airflow/.local/lib/python3.12/site-packages/airflow/example_dags/example_sensors.py
[2024-05-26T15:27:11.436+0000] {processor.py:830} INFO - Processing file /home/airflow/.local/lib/python3.12/site-packages/airflow/example_dags/example_sensors.py for tasks to queue
[2024-05-26T15:27:11.438+0000] {logging_mixin.py:188} INFO - [2024-05-26T15:27:11.438+0000] {dagbag.py:545} INFO - Filling up the DagBag from /home/airflow/.local/lib/python3.12/site-packages/airflow/example_dags/example_sensors.py
[2024-05-26T15:27:11.453+0000] {processor.py:840} INFO - DAG(s) 'example_sensors' retrieved from /home/airflow/.local/lib/python3.12/site-packages/airflow/example_dags/example_sensors.py
[2024-05-26T15:27:11.493+0000] {logging_mixin.py:188} INFO - [2024-05-26T15:27:11.493+0000] {dag.py:3096} INFO - Sync 1 DAGs
[2024-05-26T15:27:11.508+0000] {logging_mixin.py:188} INFO - [2024-05-26T15:27:11.508+0000] {dag.py:3954} INFO - Setting next_dagrun for example_sensors to None, run_after=None
[2024-05-26T15:27:11.531+0000] {processor.py:183} INFO - Processing /home/airflow/.local/lib/python3.12/site-packages/airflow/example_dags/example_sensors.py took 0.102 seconds
[2024-05-26T17:43:40.731+0000] {processor.py:161} INFO - Started process (PID=70) to work on /home/airflow/.local/lib/python3.12/site-packages/airflow/example_dags/example_sensors.py
[2024-05-26T17:43:40.733+0000] {processor.py:830} INFO - Processing file /home/airflow/.local/lib/python3.12/site-packages/airflow/example_dags/example_sensors.py for tasks to queue
[2024-05-26T17:43:40.735+0000] {logging_mixin.py:188} INFO - [2024-05-26T17:43:40.735+0000] {dagbag.py:545} INFO - Filling up the DagBag from /home/airflow/.local/lib/python3.12/site-packages/airflow/example_dags/example_sensors.py
[2024-05-26T17:43:40.750+0000] {processor.py:840} INFO - DAG(s) 'example_sensors' retrieved from /home/airflow/.local/lib/python3.12/site-packages/airflow/example_dags/example_sensors.py
[2024-05-26T17:43:40.896+0000] {logging_mixin.py:188} INFO - [2024-05-26T17:43:40.896+0000] {dag.py:3096} INFO - Sync 1 DAGs
[2024-05-26T17:43:40.910+0000] {logging_mixin.py:188} INFO - [2024-05-26T17:43:40.910+0000] {dag.py:3954} INFO - Setting next_dagrun for example_sensors to None, run_after=None
[2024-05-26T17:43:40.936+0000] {processor.py:183} INFO - Processing /home/airflow/.local/lib/python3.12/site-packages/airflow/example_dags/example_sensors.py took 0.212 seconds
[2024-05-26T17:44:10.967+0000] {processor.py:161} INFO - Started process (PID=129) to work on /home/airflow/.local/lib/python3.12/site-packages/airflow/example_dags/example_sensors.py
[2024-05-26T17:44:10.968+0000] {processor.py:830} INFO - Processing file /home/airflow/.local/lib/python3.12/site-packages/airflow/example_dags/example_sensors.py for tasks to queue
[2024-05-26T17:44:10.971+0000] {logging_mixin.py:188} INFO - [2024-05-26T17:44:10.970+0000] {dagbag.py:545} INFO - Filling up the DagBag from /home/airflow/.local/lib/python3.12/site-packages/airflow/example_dags/example_sensors.py
[2024-05-26T17:44:10.981+0000] {processor.py:840} INFO - DAG(s) 'example_sensors' retrieved from /home/airflow/.local/lib/python3.12/site-packages/airflow/example_dags/example_sensors.py
[2024-05-26T17:44:11.028+0000] {logging_mixin.py:188} INFO - [2024-05-26T17:44:11.028+0000] {dag.py:3096} INFO - Sync 1 DAGs
[2024-05-26T17:44:11.044+0000] {logging_mixin.py:188} INFO - [2024-05-26T17:44:11.044+0000] {dag.py:3954} INFO - Setting next_dagrun for example_sensors to None, run_after=None
[2024-05-26T17:44:11.069+0000] {processor.py:183} INFO - Processing /home/airflow/.local/lib/python3.12/site-packages/airflow/example_dags/example_sensors.py took 0.109 seconds
[2024-05-26T17:44:41.509+0000] {processor.py:161} INFO - Started process (PID=187) to work on /home/airflow/.local/lib/python3.12/site-packages/airflow/example_dags/example_sensors.py
[2024-05-26T17:44:41.510+0000] {processor.py:830} INFO - Processing file /home/airflow/.local/lib/python3.12/site-packages/airflow/example_dags/example_sensors.py for tasks to queue
[2024-05-26T17:44:41.512+0000] {logging_mixin.py:188} INFO - [2024-05-26T17:44:41.511+0000] {dagbag.py:545} INFO - Filling up the DagBag from /home/airflow/.local/lib/python3.12/site-packages/airflow/example_dags/example_sensors.py
[2024-05-26T17:44:41.523+0000] {processor.py:840} INFO - DAG(s) 'example_sensors' retrieved from /home/airflow/.local/lib/python3.12/site-packages/airflow/example_dags/example_sensors.py
[2024-05-26T17:44:41.555+0000] {logging_mixin.py:188} INFO - [2024-05-26T17:44:41.554+0000] {dag.py:3096} INFO - Sync 1 DAGs
[2024-05-26T17:44:41.571+0000] {logging_mixin.py:188} INFO - [2024-05-26T17:44:41.570+0000] {dag.py:3954} INFO - Setting next_dagrun for example_sensors to None, run_after=None
[2024-05-26T17:44:41.591+0000] {processor.py:183} INFO - Processing /home/airflow/.local/lib/python3.12/site-packages/airflow/example_dags/example_sensors.py took 0.089 seconds
[2024-05-26T17:45:11.905+0000] {processor.py:161} INFO - Started process (PID=244) to work on /home/airflow/.local/lib/python3.12/site-packages/airflow/example_dags/example_sensors.py
[2024-05-26T17:45:11.906+0000] {processor.py:830} INFO - Processing file /home/airflow/.local/lib/python3.12/site-packages/airflow/example_dags/example_sensors.py for tasks to queue
[2024-05-26T17:45:11.908+0000] {logging_mixin.py:188} INFO - [2024-05-26T17:45:11.908+0000] {dagbag.py:545} INFO - Filling up the DagBag from /home/airflow/.local/lib/python3.12/site-packages/airflow/example_dags/example_sensors.py
[2024-05-26T17:45:11.919+0000] {processor.py:840} INFO - DAG(s) 'example_sensors' retrieved from /home/airflow/.local/lib/python3.12/site-packages/airflow/example_dags/example_sensors.py
[2024-05-26T17:45:11.950+0000] {logging_mixin.py:188} INFO - [2024-05-26T17:45:11.950+0000] {dag.py:3096} INFO - Sync 1 DAGs
[2024-05-26T17:45:11.968+0000] {logging_mixin.py:188} INFO - [2024-05-26T17:45:11.967+0000] {dag.py:3954} INFO - Setting next_dagrun for example_sensors to None, run_after=None
[2024-05-26T17:45:11.991+0000] {processor.py:183} INFO - Processing /home/airflow/.local/lib/python3.12/site-packages/airflow/example_dags/example_sensors.py took 0.092 seconds
[2024-05-26T17:45:44.309+0000] {processor.py:161} INFO - Started process (PID=301) to work on /home/airflow/.local/lib/python3.12/site-packages/airflow/example_dags/example_sensors.py
[2024-05-26T17:45:44.312+0000] {processor.py:830} INFO - Processing file /home/airflow/.local/lib/python3.12/site-packages/airflow/example_dags/example_sensors.py for tasks to queue
[2024-05-26T17:45:44.317+0000] {logging_mixin.py:188} INFO - [2024-05-26T17:45:44.316+0000] {dagbag.py:545} INFO - Filling up the DagBag from /home/airflow/.local/lib/python3.12/site-packages/airflow/example_dags/example_sensors.py
[2024-05-26T17:45:44.329+0000] {processor.py:840} INFO - DAG(s) 'example_sensors' retrieved from /home/airflow/.local/lib/python3.12/site-packages/airflow/example_dags/example_sensors.py
[2024-05-26T17:45:44.381+0000] {logging_mixin.py:188} INFO - [2024-05-26T17:45:44.381+0000] {dag.py:3096} INFO - Sync 1 DAGs
[2024-05-26T17:45:44.398+0000] {logging_mixin.py:188} INFO - [2024-05-26T17:45:44.397+0000] {dag.py:3954} INFO - Setting next_dagrun for example_sensors to None, run_after=None
[2024-05-26T17:45:44.540+0000] {processor.py:183} INFO - Processing /home/airflow/.local/lib/python3.12/site-packages/airflow/example_dags/example_sensors.py took 0.241 seconds
[2024-05-26T17:46:14.923+0000] {processor.py:161} INFO - Started process (PID=358) to work on /home/airflow/.local/lib/python3.12/site-packages/airflow/example_dags/example_sensors.py
[2024-05-26T17:46:14.924+0000] {processor.py:830} INFO - Processing file /home/airflow/.local/lib/python3.12/site-packages/airflow/example_dags/example_sensors.py for tasks to queue
[2024-05-26T17:46:14.927+0000] {logging_mixin.py:188} INFO - [2024-05-26T17:46:14.927+0000] {dagbag.py:545} INFO - Filling up the DagBag from /home/airflow/.local/lib/python3.12/site-packages/airflow/example_dags/example_sensors.py
[2024-05-26T17:46:14.937+0000] {processor.py:840} INFO - DAG(s) 'example_sensors' retrieved from /home/airflow/.local/lib/python3.12/site-packages/airflow/example_dags/example_sensors.py
[2024-05-26T17:46:14.978+0000] {logging_mixin.py:188} INFO - [2024-05-26T17:46:14.978+0000] {dag.py:3096} INFO - Sync 1 DAGs
[2024-05-26T17:46:15.008+0000] {logging_mixin.py:188} INFO - [2024-05-26T17:46:15.007+0000] {dag.py:3954} INFO - Setting next_dagrun for example_sensors to None, run_after=None
[2024-05-26T17:46:15.035+0000] {processor.py:183} INFO - Processing /home/airflow/.local/lib/python3.12/site-packages/airflow/example_dags/example_sensors.py took 0.119 seconds
[2024-05-26T17:46:45.348+0000] {processor.py:161} INFO - Started process (PID=422) to work on /home/airflow/.local/lib/python3.12/site-packages/airflow/example_dags/example_sensors.py
[2024-05-26T17:46:45.350+0000] {processor.py:830} INFO - Processing file /home/airflow/.local/lib/python3.12/site-packages/airflow/example_dags/example_sensors.py for tasks to queue
[2024-05-26T17:46:45.352+0000] {logging_mixin.py:188} INFO - [2024-05-26T17:46:45.351+0000] {dagbag.py:545} INFO - Filling up the DagBag from /home/airflow/.local/lib/python3.12/site-packages/airflow/example_dags/example_sensors.py
[2024-05-26T17:46:45.362+0000] {processor.py:840} INFO - DAG(s) 'example_sensors' retrieved from /home/airflow/.local/lib/python3.12/site-packages/airflow/example_dags/example_sensors.py
[2024-05-26T17:46:45.397+0000] {logging_mixin.py:188} INFO - [2024-05-26T17:46:45.397+0000] {dag.py:3096} INFO - Sync 1 DAGs
[2024-05-26T17:46:45.413+0000] {logging_mixin.py:188} INFO - [2024-05-26T17:46:45.413+0000] {dag.py:3954} INFO - Setting next_dagrun for example_sensors to None, run_after=None
[2024-05-26T17:46:45.449+0000] {processor.py:183} INFO - Processing /home/airflow/.local/lib/python3.12/site-packages/airflow/example_dags/example_sensors.py took 0.107 seconds
[2024-05-26T17:47:15.882+0000] {processor.py:161} INFO - Started process (PID=480) to work on /home/airflow/.local/lib/python3.12/site-packages/airflow/example_dags/example_sensors.py
[2024-05-26T17:47:15.883+0000] {processor.py:830} INFO - Processing file /home/airflow/.local/lib/python3.12/site-packages/airflow/example_dags/example_sensors.py for tasks to queue
[2024-05-26T17:47:15.886+0000] {logging_mixin.py:188} INFO - [2024-05-26T17:47:15.886+0000] {dagbag.py:545} INFO - Filling up the DagBag from /home/airflow/.local/lib/python3.12/site-packages/airflow/example_dags/example_sensors.py
[2024-05-26T17:47:15.899+0000] {processor.py:840} INFO - DAG(s) 'example_sensors' retrieved from /home/airflow/.local/lib/python3.12/site-packages/airflow/example_dags/example_sensors.py
[2024-05-26T17:47:15.933+0000] {logging_mixin.py:188} INFO - [2024-05-26T17:47:15.932+0000] {dag.py:3096} INFO - Sync 1 DAGs
[2024-05-26T17:47:15.950+0000] {logging_mixin.py:188} INFO - [2024-05-26T17:47:15.949+0000] {dag.py:3954} INFO - Setting next_dagrun for example_sensors to None, run_after=None
[2024-05-26T17:47:15.973+0000] {processor.py:183} INFO - Processing /home/airflow/.local/lib/python3.12/site-packages/airflow/example_dags/example_sensors.py took 0.099 seconds
[2024-05-26T17:47:46.343+0000] {processor.py:161} INFO - Started process (PID=538) to work on /home/airflow/.local/lib/python3.12/site-packages/airflow/example_dags/example_sensors.py
[2024-05-26T17:47:46.344+0000] {processor.py:830} INFO - Processing file /home/airflow/.local/lib/python3.12/site-packages/airflow/example_dags/example_sensors.py for tasks to queue
[2024-05-26T17:47:46.349+0000] {logging_mixin.py:188} INFO - [2024-05-26T17:47:46.348+0000] {dagbag.py:545} INFO - Filling up the DagBag from /home/airflow/.local/lib/python3.12/site-packages/airflow/example_dags/example_sensors.py
[2024-05-26T17:47:46.362+0000] {processor.py:840} INFO - DAG(s) 'example_sensors' retrieved from /home/airflow/.local/lib/python3.12/site-packages/airflow/example_dags/example_sensors.py
[2024-05-26T17:47:46.403+0000] {logging_mixin.py:188} INFO - [2024-05-26T17:47:46.403+0000] {dag.py:3096} INFO - Sync 1 DAGs
[2024-05-26T17:47:46.420+0000] {logging_mixin.py:188} INFO - [2024-05-26T17:47:46.420+0000] {dag.py:3954} INFO - Setting next_dagrun for example_sensors to None, run_after=None
[2024-05-26T17:47:46.447+0000] {processor.py:183} INFO - Processing /home/airflow/.local/lib/python3.12/site-packages/airflow/example_dags/example_sensors.py took 0.115 seconds
[2024-05-26T17:49:11.365+0000] {processor.py:161} INFO - Started process (PID=70) to work on /home/airflow/.local/lib/python3.12/site-packages/airflow/example_dags/example_sensors.py
[2024-05-26T17:49:11.366+0000] {processor.py:830} INFO - Processing file /home/airflow/.local/lib/python3.12/site-packages/airflow/example_dags/example_sensors.py for tasks to queue
[2024-05-26T17:49:11.369+0000] {logging_mixin.py:188} INFO - [2024-05-26T17:49:11.368+0000] {dagbag.py:545} INFO - Filling up the DagBag from /home/airflow/.local/lib/python3.12/site-packages/airflow/example_dags/example_sensors.py
[2024-05-26T17:49:11.381+0000] {processor.py:840} INFO - DAG(s) 'example_sensors' retrieved from /home/airflow/.local/lib/python3.12/site-packages/airflow/example_dags/example_sensors.py
[2024-05-26T17:49:11.520+0000] {logging_mixin.py:188} INFO - [2024-05-26T17:49:11.520+0000] {dag.py:3096} INFO - Sync 1 DAGs
[2024-05-26T17:49:11.534+0000] {logging_mixin.py:188} INFO - [2024-05-26T17:49:11.534+0000] {dag.py:3954} INFO - Setting next_dagrun for example_sensors to None, run_after=None
[2024-05-26T17:49:11.560+0000] {processor.py:183} INFO - Processing /home/airflow/.local/lib/python3.12/site-packages/airflow/example_dags/example_sensors.py took 0.201 seconds
[2024-05-26T17:49:41.665+0000] {processor.py:161} INFO - Started process (PID=129) to work on /home/airflow/.local/lib/python3.12/site-packages/airflow/example_dags/example_sensors.py
[2024-05-26T17:49:41.667+0000] {processor.py:830} INFO - Processing file /home/airflow/.local/lib/python3.12/site-packages/airflow/example_dags/example_sensors.py for tasks to queue
[2024-05-26T17:49:41.669+0000] {logging_mixin.py:188} INFO - [2024-05-26T17:49:41.669+0000] {dagbag.py:545} INFO - Filling up the DagBag from /home/airflow/.local/lib/python3.12/site-packages/airflow/example_dags/example_sensors.py
[2024-05-26T17:49:41.681+0000] {processor.py:840} INFO - DAG(s) 'example_sensors' retrieved from /home/airflow/.local/lib/python3.12/site-packages/airflow/example_dags/example_sensors.py
[2024-05-26T17:49:41.714+0000] {logging_mixin.py:188} INFO - [2024-05-26T17:49:41.714+0000] {dag.py:3096} INFO - Sync 1 DAGs
[2024-05-26T17:49:41.731+0000] {logging_mixin.py:188} INFO - [2024-05-26T17:49:41.731+0000] {dag.py:3954} INFO - Setting next_dagrun for example_sensors to None, run_after=None
[2024-05-26T17:49:41.756+0000] {processor.py:183} INFO - Processing /home/airflow/.local/lib/python3.12/site-packages/airflow/example_dags/example_sensors.py took 0.097 seconds
[2024-05-26T17:50:11.858+0000] {processor.py:161} INFO - Started process (PID=186) to work on /home/airflow/.local/lib/python3.12/site-packages/airflow/example_dags/example_sensors.py
[2024-05-26T17:50:11.860+0000] {processor.py:830} INFO - Processing file /home/airflow/.local/lib/python3.12/site-packages/airflow/example_dags/example_sensors.py for tasks to queue
[2024-05-26T17:50:11.862+0000] {logging_mixin.py:188} INFO - [2024-05-26T17:50:11.862+0000] {dagbag.py:545} INFO - Filling up the DagBag from /home/airflow/.local/lib/python3.12/site-packages/airflow/example_dags/example_sensors.py
[2024-05-26T17:50:11.877+0000] {processor.py:840} INFO - DAG(s) 'example_sensors' retrieved from /home/airflow/.local/lib/python3.12/site-packages/airflow/example_dags/example_sensors.py
[2024-05-26T17:50:11.908+0000] {logging_mixin.py:188} INFO - [2024-05-26T17:50:11.908+0000] {dag.py:3096} INFO - Sync 1 DAGs
[2024-05-26T17:50:11.928+0000] {logging_mixin.py:188} INFO - [2024-05-26T17:50:11.928+0000] {dag.py:3954} INFO - Setting next_dagrun for example_sensors to None, run_after=None
[2024-05-26T17:50:11.952+0000] {processor.py:183} INFO - Processing /home/airflow/.local/lib/python3.12/site-packages/airflow/example_dags/example_sensors.py took 0.101 seconds
[2024-05-26T17:50:42.309+0000] {processor.py:161} INFO - Started process (PID=242) to work on /home/airflow/.local/lib/python3.12/site-packages/airflow/example_dags/example_sensors.py
[2024-05-26T17:50:42.310+0000] {processor.py:830} INFO - Processing file /home/airflow/.local/lib/python3.12/site-packages/airflow/example_dags/example_sensors.py for tasks to queue
[2024-05-26T17:50:42.312+0000] {logging_mixin.py:188} INFO - [2024-05-26T17:50:42.312+0000] {dagbag.py:545} INFO - Filling up the DagBag from /home/airflow/.local/lib/python3.12/site-packages/airflow/example_dags/example_sensors.py
[2024-05-26T17:50:42.325+0000] {processor.py:840} INFO - DAG(s) 'example_sensors' retrieved from /home/airflow/.local/lib/python3.12/site-packages/airflow/example_dags/example_sensors.py
[2024-05-26T17:50:42.357+0000] {logging_mixin.py:188} INFO - [2024-05-26T17:50:42.357+0000] {dag.py:3096} INFO - Sync 1 DAGs
[2024-05-26T17:50:42.377+0000] {logging_mixin.py:188} INFO - [2024-05-26T17:50:42.376+0000] {dag.py:3954} INFO - Setting next_dagrun for example_sensors to None, run_after=None
[2024-05-26T17:50:42.409+0000] {processor.py:183} INFO - Processing /home/airflow/.local/lib/python3.12/site-packages/airflow/example_dags/example_sensors.py took 0.108 seconds
[2024-05-26T17:51:12.637+0000] {processor.py:161} INFO - Started process (PID=299) to work on /home/airflow/.local/lib/python3.12/site-packages/airflow/example_dags/example_sensors.py
[2024-05-26T17:51:12.638+0000] {processor.py:830} INFO - Processing file /home/airflow/.local/lib/python3.12/site-packages/airflow/example_dags/example_sensors.py for tasks to queue
[2024-05-26T17:51:12.640+0000] {logging_mixin.py:188} INFO - [2024-05-26T17:51:12.640+0000] {dagbag.py:545} INFO - Filling up the DagBag from /home/airflow/.local/lib/python3.12/site-packages/airflow/example_dags/example_sensors.py
[2024-05-26T17:51:12.651+0000] {processor.py:840} INFO - DAG(s) 'example_sensors' retrieved from /home/airflow/.local/lib/python3.12/site-packages/airflow/example_dags/example_sensors.py
[2024-05-26T17:51:12.687+0000] {logging_mixin.py:188} INFO - [2024-05-26T17:51:12.686+0000] {dag.py:3096} INFO - Sync 1 DAGs
[2024-05-26T17:51:12.704+0000] {logging_mixin.py:188} INFO - [2024-05-26T17:51:12.704+0000] {dag.py:3954} INFO - Setting next_dagrun for example_sensors to None, run_after=None
[2024-05-26T17:51:12.728+0000] {processor.py:183} INFO - Processing /home/airflow/.local/lib/python3.12/site-packages/airflow/example_dags/example_sensors.py took 0.097 seconds
[2024-05-26T17:51:42.871+0000] {processor.py:161} INFO - Started process (PID=357) to work on /home/airflow/.local/lib/python3.12/site-packages/airflow/example_dags/example_sensors.py
[2024-05-26T17:51:42.873+0000] {processor.py:830} INFO - Processing file /home/airflow/.local/lib/python3.12/site-packages/airflow/example_dags/example_sensors.py for tasks to queue
[2024-05-26T17:51:42.875+0000] {logging_mixin.py:188} INFO - [2024-05-26T17:51:42.874+0000] {dagbag.py:545} INFO - Filling up the DagBag from /home/airflow/.local/lib/python3.12/site-packages/airflow/example_dags/example_sensors.py
[2024-05-26T17:51:42.886+0000] {processor.py:840} INFO - DAG(s) 'example_sensors' retrieved from /home/airflow/.local/lib/python3.12/site-packages/airflow/example_dags/example_sensors.py
[2024-05-26T17:51:42.918+0000] {logging_mixin.py:188} INFO - [2024-05-26T17:51:42.918+0000] {dag.py:3096} INFO - Sync 1 DAGs
[2024-05-26T17:51:42.933+0000] {logging_mixin.py:188} INFO - [2024-05-26T17:51:42.933+0000] {dag.py:3954} INFO - Setting next_dagrun for example_sensors to None, run_after=None
[2024-05-26T17:51:42.959+0000] {processor.py:183} INFO - Processing /home/airflow/.local/lib/python3.12/site-packages/airflow/example_dags/example_sensors.py took 0.094 seconds
[2024-05-26T17:52:13.375+0000] {processor.py:161} INFO - Started process (PID=415) to work on /home/airflow/.local/lib/python3.12/site-packages/airflow/example_dags/example_sensors.py
[2024-05-26T17:52:13.376+0000] {processor.py:830} INFO - Processing file /home/airflow/.local/lib/python3.12/site-packages/airflow/example_dags/example_sensors.py for tasks to queue
[2024-05-26T17:52:13.379+0000] {logging_mixin.py:188} INFO - [2024-05-26T17:52:13.378+0000] {dagbag.py:545} INFO - Filling up the DagBag from /home/airflow/.local/lib/python3.12/site-packages/airflow/example_dags/example_sensors.py
[2024-05-26T17:52:13.391+0000] {processor.py:840} INFO - DAG(s) 'example_sensors' retrieved from /home/airflow/.local/lib/python3.12/site-packages/airflow/example_dags/example_sensors.py
[2024-05-26T17:52:13.428+0000] {logging_mixin.py:188} INFO - [2024-05-26T17:52:13.428+0000] {dag.py:3096} INFO - Sync 1 DAGs
[2024-05-26T17:52:13.445+0000] {logging_mixin.py:188} INFO - [2024-05-26T17:52:13.445+0000] {dag.py:3954} INFO - Setting next_dagrun for example_sensors to None, run_after=None
[2024-05-26T17:52:13.478+0000] {processor.py:183} INFO - Processing /home/airflow/.local/lib/python3.12/site-packages/airflow/example_dags/example_sensors.py took 0.111 seconds
[2024-05-26T17:57:48.405+0000] {processor.py:161} INFO - Started process (PID=70) to work on /home/airflow/.local/lib/python3.12/site-packages/airflow/example_dags/example_sensors.py
[2024-05-26T17:57:48.410+0000] {processor.py:830} INFO - Processing file /home/airflow/.local/lib/python3.12/site-packages/airflow/example_dags/example_sensors.py for tasks to queue
[2024-05-26T17:57:48.416+0000] {logging_mixin.py:188} INFO - [2024-05-26T17:57:48.415+0000] {dagbag.py:545} INFO - Filling up the DagBag from /home/airflow/.local/lib/python3.12/site-packages/airflow/example_dags/example_sensors.py
[2024-05-26T17:57:48.432+0000] {processor.py:840} INFO - DAG(s) 'example_sensors' retrieved from /home/airflow/.local/lib/python3.12/site-packages/airflow/example_dags/example_sensors.py
[2024-05-26T17:57:48.451+0000] {logging_mixin.py:188} INFO - [2024-05-26T17:57:48.451+0000] {dag.py:3096} INFO - Sync 1 DAGs
[2024-05-26T17:57:48.474+0000] {logging_mixin.py:188} INFO - [2024-05-26T17:57:48.474+0000] {dag.py:3954} INFO - Setting next_dagrun for example_sensors to None, run_after=None
[2024-05-26T17:57:48.501+0000] {processor.py:183} INFO - Processing /home/airflow/.local/lib/python3.12/site-packages/airflow/example_dags/example_sensors.py took 0.115 seconds
[2024-05-26T17:58:20.559+0000] {processor.py:161} INFO - Started process (PID=128) to work on /home/airflow/.local/lib/python3.12/site-packages/airflow/example_dags/example_sensors.py
[2024-05-26T17:58:20.560+0000] {processor.py:830} INFO - Processing file /home/airflow/.local/lib/python3.12/site-packages/airflow/example_dags/example_sensors.py for tasks to queue
[2024-05-26T17:58:20.563+0000] {logging_mixin.py:188} INFO - [2024-05-26T17:58:20.563+0000] {dagbag.py:545} INFO - Filling up the DagBag from /home/airflow/.local/lib/python3.12/site-packages/airflow/example_dags/example_sensors.py
[2024-05-26T17:58:20.574+0000] {processor.py:840} INFO - DAG(s) 'example_sensors' retrieved from /home/airflow/.local/lib/python3.12/site-packages/airflow/example_dags/example_sensors.py
[2024-05-26T17:58:20.706+0000] {logging_mixin.py:188} INFO - [2024-05-26T17:58:20.705+0000] {dag.py:3096} INFO - Sync 1 DAGs
[2024-05-26T17:58:20.736+0000] {logging_mixin.py:188} INFO - [2024-05-26T17:58:20.736+0000] {dag.py:3954} INFO - Setting next_dagrun for example_sensors to None, run_after=None
[2024-05-26T17:58:20.771+0000] {processor.py:183} INFO - Processing /home/airflow/.local/lib/python3.12/site-packages/airflow/example_dags/example_sensors.py took 0.218 seconds
[2024-05-26T17:58:51.404+0000] {processor.py:161} INFO - Started process (PID=186) to work on /home/airflow/.local/lib/python3.12/site-packages/airflow/example_dags/example_sensors.py
[2024-05-26T17:58:51.405+0000] {processor.py:830} INFO - Processing file /home/airflow/.local/lib/python3.12/site-packages/airflow/example_dags/example_sensors.py for tasks to queue
[2024-05-26T17:58:51.408+0000] {logging_mixin.py:188} INFO - [2024-05-26T17:58:51.407+0000] {dagbag.py:545} INFO - Filling up the DagBag from /home/airflow/.local/lib/python3.12/site-packages/airflow/example_dags/example_sensors.py
[2024-05-26T17:58:51.420+0000] {processor.py:840} INFO - DAG(s) 'example_sensors' retrieved from /home/airflow/.local/lib/python3.12/site-packages/airflow/example_dags/example_sensors.py
[2024-05-26T17:58:51.462+0000] {logging_mixin.py:188} INFO - [2024-05-26T17:58:51.462+0000] {dag.py:3096} INFO - Sync 1 DAGs
[2024-05-26T17:58:51.477+0000] {logging_mixin.py:188} INFO - [2024-05-26T17:58:51.477+0000] {dag.py:3954} INFO - Setting next_dagrun for example_sensors to None, run_after=None
[2024-05-26T17:58:51.501+0000] {processor.py:183} INFO - Processing /home/airflow/.local/lib/python3.12/site-packages/airflow/example_dags/example_sensors.py took 0.105 seconds
