[2024-05-26T15:21:33.104+0000] {processor.py:161} INFO - Started process (PID=35) to work on /home/airflow/.local/lib/python3.12/site-packages/airflow/example_dags/example_branch_python_dop_operator_3.py
[2024-05-26T15:21:33.107+0000] {processor.py:830} INFO - Processing file /home/airflow/.local/lib/python3.12/site-packages/airflow/example_dags/example_branch_python_dop_operator_3.py for tasks to queue
[2024-05-26T15:21:33.111+0000] {logging_mixin.py:188} INFO - [2024-05-26T15:21:33.110+0000] {dagbag.py:545} INFO - Filling up the DagBag from /home/airflow/.local/lib/python3.12/site-packages/airflow/example_dags/example_branch_python_dop_operator_3.py
[2024-05-26T15:21:33.127+0000] {processor.py:840} INFO - DAG(s) 'example_branch_dop_operator_v3' retrieved from /home/airflow/.local/lib/python3.12/site-packages/airflow/example_dags/example_branch_python_dop_operator_3.py
[2024-05-26T15:21:33.166+0000] {logging_mixin.py:188} INFO - [2024-05-26T15:21:33.165+0000] {dag.py:3096} INFO - Sync 1 DAGs
[2024-05-26T15:21:33.206+0000] {logging_mixin.py:188} INFO - [2024-05-26T15:21:33.206+0000] {dag.py:3954} INFO - Setting next_dagrun for example_branch_dop_operator_v3 to 2024-05-26 15:20:00+00:00, run_after=2024-05-26 15:21:00+00:00
[2024-05-26T15:21:33.227+0000] {processor.py:183} INFO - Processing /home/airflow/.local/lib/python3.12/site-packages/airflow/example_dags/example_branch_python_dop_operator_3.py took 0.135 seconds
[2024-05-26T15:22:03.295+0000] {processor.py:161} INFO - Started process (PID=93) to work on /home/airflow/.local/lib/python3.12/site-packages/airflow/example_dags/example_branch_python_dop_operator_3.py
[2024-05-26T15:22:03.296+0000] {processor.py:830} INFO - Processing file /home/airflow/.local/lib/python3.12/site-packages/airflow/example_dags/example_branch_python_dop_operator_3.py for tasks to queue
[2024-05-26T15:22:03.299+0000] {logging_mixin.py:188} INFO - [2024-05-26T15:22:03.299+0000] {dagbag.py:545} INFO - Filling up the DagBag from /home/airflow/.local/lib/python3.12/site-packages/airflow/example_dags/example_branch_python_dop_operator_3.py
[2024-05-26T15:22:03.313+0000] {processor.py:840} INFO - DAG(s) 'example_branch_dop_operator_v3' retrieved from /home/airflow/.local/lib/python3.12/site-packages/airflow/example_dags/example_branch_python_dop_operator_3.py
[2024-05-26T15:22:03.343+0000] {logging_mixin.py:188} INFO - [2024-05-26T15:22:03.343+0000] {dag.py:3096} INFO - Sync 1 DAGs
[2024-05-26T15:22:03.380+0000] {logging_mixin.py:188} INFO - [2024-05-26T15:22:03.379+0000] {dag.py:3954} INFO - Setting next_dagrun for example_branch_dop_operator_v3 to 2024-05-26 15:21:00+00:00, run_after=2024-05-26 15:22:00+00:00
[2024-05-26T15:22:03.402+0000] {processor.py:183} INFO - Processing /home/airflow/.local/lib/python3.12/site-packages/airflow/example_dags/example_branch_python_dop_operator_3.py took 0.116 seconds
[2024-05-26T15:22:33.632+0000] {processor.py:161} INFO - Started process (PID=151) to work on /home/airflow/.local/lib/python3.12/site-packages/airflow/example_dags/example_branch_python_dop_operator_3.py
[2024-05-26T15:22:33.633+0000] {processor.py:830} INFO - Processing file /home/airflow/.local/lib/python3.12/site-packages/airflow/example_dags/example_branch_python_dop_operator_3.py for tasks to queue
[2024-05-26T15:22:33.635+0000] {logging_mixin.py:188} INFO - [2024-05-26T15:22:33.635+0000] {dagbag.py:545} INFO - Filling up the DagBag from /home/airflow/.local/lib/python3.12/site-packages/airflow/example_dags/example_branch_python_dop_operator_3.py
[2024-05-26T15:22:33.646+0000] {processor.py:840} INFO - DAG(s) 'example_branch_dop_operator_v3' retrieved from /home/airflow/.local/lib/python3.12/site-packages/airflow/example_dags/example_branch_python_dop_operator_3.py
[2024-05-26T15:22:33.680+0000] {logging_mixin.py:188} INFO - [2024-05-26T15:22:33.680+0000] {dag.py:3096} INFO - Sync 1 DAGs
[2024-05-26T15:22:33.708+0000] {logging_mixin.py:188} INFO - [2024-05-26T15:22:33.708+0000] {dag.py:3954} INFO - Setting next_dagrun for example_branch_dop_operator_v3 to 2024-05-26 15:21:00+00:00, run_after=2024-05-26 15:22:00+00:00
[2024-05-26T15:22:33.733+0000] {processor.py:183} INFO - Processing /home/airflow/.local/lib/python3.12/site-packages/airflow/example_dags/example_branch_python_dop_operator_3.py took 0.107 seconds
[2024-05-26T15:23:03.900+0000] {processor.py:161} INFO - Started process (PID=209) to work on /home/airflow/.local/lib/python3.12/site-packages/airflow/example_dags/example_branch_python_dop_operator_3.py
[2024-05-26T15:23:03.901+0000] {processor.py:830} INFO - Processing file /home/airflow/.local/lib/python3.12/site-packages/airflow/example_dags/example_branch_python_dop_operator_3.py for tasks to queue
[2024-05-26T15:23:03.903+0000] {logging_mixin.py:188} INFO - [2024-05-26T15:23:03.903+0000] {dagbag.py:545} INFO - Filling up the DagBag from /home/airflow/.local/lib/python3.12/site-packages/airflow/example_dags/example_branch_python_dop_operator_3.py
[2024-05-26T15:23:03.912+0000] {processor.py:840} INFO - DAG(s) 'example_branch_dop_operator_v3' retrieved from /home/airflow/.local/lib/python3.12/site-packages/airflow/example_dags/example_branch_python_dop_operator_3.py
[2024-05-26T15:23:03.938+0000] {logging_mixin.py:188} INFO - [2024-05-26T15:23:03.938+0000] {dag.py:3096} INFO - Sync 1 DAGs
[2024-05-26T15:23:03.973+0000] {logging_mixin.py:188} INFO - [2024-05-26T15:23:03.973+0000] {dag.py:3954} INFO - Setting next_dagrun for example_branch_dop_operator_v3 to 2024-05-26 15:22:00+00:00, run_after=2024-05-26 15:23:00+00:00
[2024-05-26T15:23:03.994+0000] {processor.py:183} INFO - Processing /home/airflow/.local/lib/python3.12/site-packages/airflow/example_dags/example_branch_python_dop_operator_3.py took 0.100 seconds
[2024-05-26T15:23:35.048+0000] {processor.py:161} INFO - Started process (PID=267) to work on /home/airflow/.local/lib/python3.12/site-packages/airflow/example_dags/example_branch_python_dop_operator_3.py
[2024-05-26T15:23:35.049+0000] {processor.py:830} INFO - Processing file /home/airflow/.local/lib/python3.12/site-packages/airflow/example_dags/example_branch_python_dop_operator_3.py for tasks to queue
[2024-05-26T15:23:35.051+0000] {logging_mixin.py:188} INFO - [2024-05-26T15:23:35.051+0000] {dagbag.py:545} INFO - Filling up the DagBag from /home/airflow/.local/lib/python3.12/site-packages/airflow/example_dags/example_branch_python_dop_operator_3.py
[2024-05-26T15:23:35.061+0000] {processor.py:840} INFO - DAG(s) 'example_branch_dop_operator_v3' retrieved from /home/airflow/.local/lib/python3.12/site-packages/airflow/example_dags/example_branch_python_dop_operator_3.py
[2024-05-26T15:23:35.083+0000] {logging_mixin.py:188} INFO - [2024-05-26T15:23:35.083+0000] {dag.py:3096} INFO - Sync 1 DAGs
[2024-05-26T15:23:35.113+0000] {logging_mixin.py:188} INFO - [2024-05-26T15:23:35.112+0000] {dag.py:3954} INFO - Setting next_dagrun for example_branch_dop_operator_v3 to 2024-05-26 15:22:00+00:00, run_after=2024-05-26 15:23:00+00:00
[2024-05-26T15:23:35.131+0000] {processor.py:183} INFO - Processing /home/airflow/.local/lib/python3.12/site-packages/airflow/example_dags/example_branch_python_dop_operator_3.py took 0.089 seconds
[2024-05-26T15:24:06.026+0000] {processor.py:161} INFO - Started process (PID=325) to work on /home/airflow/.local/lib/python3.12/site-packages/airflow/example_dags/example_branch_python_dop_operator_3.py
[2024-05-26T15:24:06.028+0000] {processor.py:830} INFO - Processing file /home/airflow/.local/lib/python3.12/site-packages/airflow/example_dags/example_branch_python_dop_operator_3.py for tasks to queue
[2024-05-26T15:24:06.033+0000] {logging_mixin.py:188} INFO - [2024-05-26T15:24:06.032+0000] {dagbag.py:545} INFO - Filling up the DagBag from /home/airflow/.local/lib/python3.12/site-packages/airflow/example_dags/example_branch_python_dop_operator_3.py
[2024-05-26T15:24:06.046+0000] {processor.py:840} INFO - DAG(s) 'example_branch_dop_operator_v3' retrieved from /home/airflow/.local/lib/python3.12/site-packages/airflow/example_dags/example_branch_python_dop_operator_3.py
[2024-05-26T15:24:06.073+0000] {logging_mixin.py:188} INFO - [2024-05-26T15:24:06.073+0000] {dag.py:3096} INFO - Sync 1 DAGs
[2024-05-26T15:24:06.113+0000] {logging_mixin.py:188} INFO - [2024-05-26T15:24:06.112+0000] {dag.py:3954} INFO - Setting next_dagrun for example_branch_dop_operator_v3 to 2024-05-26 15:23:00+00:00, run_after=2024-05-26 15:24:00+00:00
[2024-05-26T15:24:06.136+0000] {processor.py:183} INFO - Processing /home/airflow/.local/lib/python3.12/site-packages/airflow/example_dags/example_branch_python_dop_operator_3.py took 0.124 seconds
[2024-05-26T15:24:36.374+0000] {processor.py:161} INFO - Started process (PID=383) to work on /home/airflow/.local/lib/python3.12/site-packages/airflow/example_dags/example_branch_python_dop_operator_3.py
[2024-05-26T15:24:36.375+0000] {processor.py:830} INFO - Processing file /home/airflow/.local/lib/python3.12/site-packages/airflow/example_dags/example_branch_python_dop_operator_3.py for tasks to queue
[2024-05-26T15:24:36.377+0000] {logging_mixin.py:188} INFO - [2024-05-26T15:24:36.377+0000] {dagbag.py:545} INFO - Filling up the DagBag from /home/airflow/.local/lib/python3.12/site-packages/airflow/example_dags/example_branch_python_dop_operator_3.py
[2024-05-26T15:24:36.386+0000] {processor.py:840} INFO - DAG(s) 'example_branch_dop_operator_v3' retrieved from /home/airflow/.local/lib/python3.12/site-packages/airflow/example_dags/example_branch_python_dop_operator_3.py
[2024-05-26T15:24:36.409+0000] {logging_mixin.py:188} INFO - [2024-05-26T15:24:36.409+0000] {dag.py:3096} INFO - Sync 1 DAGs
[2024-05-26T15:24:36.437+0000] {logging_mixin.py:188} INFO - [2024-05-26T15:24:36.437+0000] {dag.py:3954} INFO - Setting next_dagrun for example_branch_dop_operator_v3 to 2024-05-26 15:23:00+00:00, run_after=2024-05-26 15:24:00+00:00
[2024-05-26T15:24:36.459+0000] {processor.py:183} INFO - Processing /home/airflow/.local/lib/python3.12/site-packages/airflow/example_dags/example_branch_python_dop_operator_3.py took 0.092 seconds
[2024-05-26T15:25:06.636+0000] {processor.py:161} INFO - Started process (PID=441) to work on /home/airflow/.local/lib/python3.12/site-packages/airflow/example_dags/example_branch_python_dop_operator_3.py
[2024-05-26T15:25:06.637+0000] {processor.py:830} INFO - Processing file /home/airflow/.local/lib/python3.12/site-packages/airflow/example_dags/example_branch_python_dop_operator_3.py for tasks to queue
[2024-05-26T15:25:06.639+0000] {logging_mixin.py:188} INFO - [2024-05-26T15:25:06.639+0000] {dagbag.py:545} INFO - Filling up the DagBag from /home/airflow/.local/lib/python3.12/site-packages/airflow/example_dags/example_branch_python_dop_operator_3.py
[2024-05-26T15:25:06.650+0000] {processor.py:840} INFO - DAG(s) 'example_branch_dop_operator_v3' retrieved from /home/airflow/.local/lib/python3.12/site-packages/airflow/example_dags/example_branch_python_dop_operator_3.py
[2024-05-26T15:25:06.686+0000] {logging_mixin.py:188} INFO - [2024-05-26T15:25:06.686+0000] {dag.py:3096} INFO - Sync 1 DAGs
[2024-05-26T15:25:06.735+0000] {logging_mixin.py:188} INFO - [2024-05-26T15:25:06.734+0000] {dag.py:3954} INFO - Setting next_dagrun for example_branch_dop_operator_v3 to 2024-05-26 15:24:00+00:00, run_after=2024-05-26 15:25:00+00:00
[2024-05-26T15:25:06.758+0000] {processor.py:183} INFO - Processing /home/airflow/.local/lib/python3.12/site-packages/airflow/example_dags/example_branch_python_dop_operator_3.py took 0.129 seconds
[2024-05-26T15:25:36.810+0000] {processor.py:161} INFO - Started process (PID=498) to work on /home/airflow/.local/lib/python3.12/site-packages/airflow/example_dags/example_branch_python_dop_operator_3.py
[2024-05-26T15:25:36.811+0000] {processor.py:830} INFO - Processing file /home/airflow/.local/lib/python3.12/site-packages/airflow/example_dags/example_branch_python_dop_operator_3.py for tasks to queue
[2024-05-26T15:25:36.813+0000] {logging_mixin.py:188} INFO - [2024-05-26T15:25:36.813+0000] {dagbag.py:545} INFO - Filling up the DagBag from /home/airflow/.local/lib/python3.12/site-packages/airflow/example_dags/example_branch_python_dop_operator_3.py
[2024-05-26T15:25:36.822+0000] {processor.py:840} INFO - DAG(s) 'example_branch_dop_operator_v3' retrieved from /home/airflow/.local/lib/python3.12/site-packages/airflow/example_dags/example_branch_python_dop_operator_3.py
[2024-05-26T15:25:36.852+0000] {logging_mixin.py:188} INFO - [2024-05-26T15:25:36.852+0000] {dag.py:3096} INFO - Sync 1 DAGs
[2024-05-26T15:25:36.883+0000] {logging_mixin.py:188} INFO - [2024-05-26T15:25:36.883+0000] {dag.py:3954} INFO - Setting next_dagrun for example_branch_dop_operator_v3 to 2024-05-26 15:24:00+00:00, run_after=2024-05-26 15:25:00+00:00
[2024-05-26T15:25:36.921+0000] {processor.py:183} INFO - Processing /home/airflow/.local/lib/python3.12/site-packages/airflow/example_dags/example_branch_python_dop_operator_3.py took 0.118 seconds
[2024-05-26T15:26:06.983+0000] {processor.py:161} INFO - Started process (PID=556) to work on /home/airflow/.local/lib/python3.12/site-packages/airflow/example_dags/example_branch_python_dop_operator_3.py
[2024-05-26T15:26:06.984+0000] {processor.py:830} INFO - Processing file /home/airflow/.local/lib/python3.12/site-packages/airflow/example_dags/example_branch_python_dop_operator_3.py for tasks to queue
[2024-05-26T15:26:06.987+0000] {logging_mixin.py:188} INFO - [2024-05-26T15:26:06.987+0000] {dagbag.py:545} INFO - Filling up the DagBag from /home/airflow/.local/lib/python3.12/site-packages/airflow/example_dags/example_branch_python_dop_operator_3.py
[2024-05-26T15:26:06.997+0000] {processor.py:840} INFO - DAG(s) 'example_branch_dop_operator_v3' retrieved from /home/airflow/.local/lib/python3.12/site-packages/airflow/example_dags/example_branch_python_dop_operator_3.py
[2024-05-26T15:26:07.020+0000] {logging_mixin.py:188} INFO - [2024-05-26T15:26:07.020+0000] {dag.py:3096} INFO - Sync 1 DAGs
[2024-05-26T15:26:07.051+0000] {logging_mixin.py:188} INFO - [2024-05-26T15:26:07.051+0000] {dag.py:3954} INFO - Setting next_dagrun for example_branch_dop_operator_v3 to 2024-05-26 15:25:00+00:00, run_after=2024-05-26 15:26:00+00:00
[2024-05-26T15:26:07.080+0000] {processor.py:183} INFO - Processing /home/airflow/.local/lib/python3.12/site-packages/airflow/example_dags/example_branch_python_dop_operator_3.py took 0.105 seconds
[2024-05-26T15:26:37.639+0000] {processor.py:161} INFO - Started process (PID=614) to work on /home/airflow/.local/lib/python3.12/site-packages/airflow/example_dags/example_branch_python_dop_operator_3.py
[2024-05-26T15:26:37.640+0000] {processor.py:830} INFO - Processing file /home/airflow/.local/lib/python3.12/site-packages/airflow/example_dags/example_branch_python_dop_operator_3.py for tasks to queue
[2024-05-26T15:26:37.642+0000] {logging_mixin.py:188} INFO - [2024-05-26T15:26:37.642+0000] {dagbag.py:545} INFO - Filling up the DagBag from /home/airflow/.local/lib/python3.12/site-packages/airflow/example_dags/example_branch_python_dop_operator_3.py
[2024-05-26T15:26:37.652+0000] {processor.py:840} INFO - DAG(s) 'example_branch_dop_operator_v3' retrieved from /home/airflow/.local/lib/python3.12/site-packages/airflow/example_dags/example_branch_python_dop_operator_3.py
[2024-05-26T15:26:37.673+0000] {logging_mixin.py:188} INFO - [2024-05-26T15:26:37.673+0000] {dag.py:3096} INFO - Sync 1 DAGs
[2024-05-26T15:26:37.702+0000] {logging_mixin.py:188} INFO - [2024-05-26T15:26:37.702+0000] {dag.py:3954} INFO - Setting next_dagrun for example_branch_dop_operator_v3 to 2024-05-26 15:25:00+00:00, run_after=2024-05-26 15:26:00+00:00
[2024-05-26T15:26:37.725+0000] {processor.py:183} INFO - Processing /home/airflow/.local/lib/python3.12/site-packages/airflow/example_dags/example_branch_python_dop_operator_3.py took 0.093 seconds
[2024-05-26T15:27:07.931+0000] {processor.py:161} INFO - Started process (PID=672) to work on /home/airflow/.local/lib/python3.12/site-packages/airflow/example_dags/example_branch_python_dop_operator_3.py
[2024-05-26T15:27:07.932+0000] {processor.py:830} INFO - Processing file /home/airflow/.local/lib/python3.12/site-packages/airflow/example_dags/example_branch_python_dop_operator_3.py for tasks to queue
[2024-05-26T15:27:07.934+0000] {logging_mixin.py:188} INFO - [2024-05-26T15:27:07.933+0000] {dagbag.py:545} INFO - Filling up the DagBag from /home/airflow/.local/lib/python3.12/site-packages/airflow/example_dags/example_branch_python_dop_operator_3.py
[2024-05-26T15:27:07.943+0000] {processor.py:840} INFO - DAG(s) 'example_branch_dop_operator_v3' retrieved from /home/airflow/.local/lib/python3.12/site-packages/airflow/example_dags/example_branch_python_dop_operator_3.py
[2024-05-26T15:27:07.969+0000] {logging_mixin.py:188} INFO - [2024-05-26T15:27:07.969+0000] {dag.py:3096} INFO - Sync 1 DAGs
[2024-05-26T15:27:08.001+0000] {logging_mixin.py:188} INFO - [2024-05-26T15:27:08.001+0000] {dag.py:3954} INFO - Setting next_dagrun for example_branch_dop_operator_v3 to 2024-05-26 15:26:00+00:00, run_after=2024-05-26 15:27:00+00:00
[2024-05-26T15:27:08.022+0000] {processor.py:183} INFO - Processing /home/airflow/.local/lib/python3.12/site-packages/airflow/example_dags/example_branch_python_dop_operator_3.py took 0.098 seconds
[2024-05-26T17:43:34.700+0000] {processor.py:161} INFO - Started process (PID=28) to work on /home/airflow/.local/lib/python3.12/site-packages/airflow/example_dags/example_branch_python_dop_operator_3.py
[2024-05-26T17:43:34.701+0000] {processor.py:830} INFO - Processing file /home/airflow/.local/lib/python3.12/site-packages/airflow/example_dags/example_branch_python_dop_operator_3.py for tasks to queue
[2024-05-26T17:43:34.703+0000] {logging_mixin.py:188} INFO - [2024-05-26T17:43:34.703+0000] {dagbag.py:545} INFO - Filling up the DagBag from /home/airflow/.local/lib/python3.12/site-packages/airflow/example_dags/example_branch_python_dop_operator_3.py
[2024-05-26T17:43:34.717+0000] {processor.py:840} INFO - DAG(s) 'example_branch_dop_operator_v3' retrieved from /home/airflow/.local/lib/python3.12/site-packages/airflow/example_dags/example_branch_python_dop_operator_3.py
[2024-05-26T17:43:34.738+0000] {logging_mixin.py:188} INFO - [2024-05-26T17:43:34.738+0000] {dag.py:3096} INFO - Sync 1 DAGs
[2024-05-26T17:43:34.774+0000] {logging_mixin.py:188} INFO - [2024-05-26T17:43:34.774+0000] {dag.py:3954} INFO - Setting next_dagrun for example_branch_dop_operator_v3 to 2024-05-26 17:42:00+00:00, run_after=2024-05-26 17:43:00+00:00
[2024-05-26T17:43:34.799+0000] {processor.py:183} INFO - Processing /home/airflow/.local/lib/python3.12/site-packages/airflow/example_dags/example_branch_python_dop_operator_3.py took 0.107 seconds
[2024-05-26T17:44:05.804+0000] {processor.py:161} INFO - Started process (PID=86) to work on /home/airflow/.local/lib/python3.12/site-packages/airflow/example_dags/example_branch_python_dop_operator_3.py
[2024-05-26T17:44:05.805+0000] {processor.py:830} INFO - Processing file /home/airflow/.local/lib/python3.12/site-packages/airflow/example_dags/example_branch_python_dop_operator_3.py for tasks to queue
[2024-05-26T17:44:05.807+0000] {logging_mixin.py:188} INFO - [2024-05-26T17:44:05.807+0000] {dagbag.py:545} INFO - Filling up the DagBag from /home/airflow/.local/lib/python3.12/site-packages/airflow/example_dags/example_branch_python_dop_operator_3.py
[2024-05-26T17:44:05.821+0000] {processor.py:840} INFO - DAG(s) 'example_branch_dop_operator_v3' retrieved from /home/airflow/.local/lib/python3.12/site-packages/airflow/example_dags/example_branch_python_dop_operator_3.py
[2024-05-26T17:44:05.959+0000] {logging_mixin.py:188} INFO - [2024-05-26T17:44:05.959+0000] {dag.py:3096} INFO - Sync 1 DAGs
[2024-05-26T17:44:05.992+0000] {logging_mixin.py:188} INFO - [2024-05-26T17:44:05.992+0000] {dag.py:3954} INFO - Setting next_dagrun for example_branch_dop_operator_v3 to 2024-05-26 17:43:00+00:00, run_after=2024-05-26 17:44:00+00:00
[2024-05-26T17:44:06.012+0000] {processor.py:183} INFO - Processing /home/airflow/.local/lib/python3.12/site-packages/airflow/example_dags/example_branch_python_dop_operator_3.py took 0.218 seconds
[2024-05-26T17:44:36.172+0000] {processor.py:161} INFO - Started process (PID=144) to work on /home/airflow/.local/lib/python3.12/site-packages/airflow/example_dags/example_branch_python_dop_operator_3.py
[2024-05-26T17:44:36.174+0000] {processor.py:830} INFO - Processing file /home/airflow/.local/lib/python3.12/site-packages/airflow/example_dags/example_branch_python_dop_operator_3.py for tasks to queue
[2024-05-26T17:44:36.179+0000] {logging_mixin.py:188} INFO - [2024-05-26T17:44:36.178+0000] {dagbag.py:545} INFO - Filling up the DagBag from /home/airflow/.local/lib/python3.12/site-packages/airflow/example_dags/example_branch_python_dop_operator_3.py
[2024-05-26T17:44:36.190+0000] {processor.py:840} INFO - DAG(s) 'example_branch_dop_operator_v3' retrieved from /home/airflow/.local/lib/python3.12/site-packages/airflow/example_dags/example_branch_python_dop_operator_3.py
[2024-05-26T17:44:36.214+0000] {logging_mixin.py:188} INFO - [2024-05-26T17:44:36.214+0000] {dag.py:3096} INFO - Sync 1 DAGs
[2024-05-26T17:44:36.259+0000] {logging_mixin.py:188} INFO - [2024-05-26T17:44:36.259+0000] {dag.py:3954} INFO - Setting next_dagrun for example_branch_dop_operator_v3 to 2024-05-26 17:43:00+00:00, run_after=2024-05-26 17:44:00+00:00
[2024-05-26T17:44:36.285+0000] {processor.py:183} INFO - Processing /home/airflow/.local/lib/python3.12/site-packages/airflow/example_dags/example_branch_python_dop_operator_3.py took 0.122 seconds
[2024-05-26T17:45:06.625+0000] {processor.py:161} INFO - Started process (PID=201) to work on /home/airflow/.local/lib/python3.12/site-packages/airflow/example_dags/example_branch_python_dop_operator_3.py
[2024-05-26T17:45:06.626+0000] {processor.py:830} INFO - Processing file /home/airflow/.local/lib/python3.12/site-packages/airflow/example_dags/example_branch_python_dop_operator_3.py for tasks to queue
[2024-05-26T17:45:06.628+0000] {logging_mixin.py:188} INFO - [2024-05-26T17:45:06.628+0000] {dagbag.py:545} INFO - Filling up the DagBag from /home/airflow/.local/lib/python3.12/site-packages/airflow/example_dags/example_branch_python_dop_operator_3.py
[2024-05-26T17:45:06.638+0000] {processor.py:840} INFO - DAG(s) 'example_branch_dop_operator_v3' retrieved from /home/airflow/.local/lib/python3.12/site-packages/airflow/example_dags/example_branch_python_dop_operator_3.py
[2024-05-26T17:45:06.661+0000] {logging_mixin.py:188} INFO - [2024-05-26T17:45:06.660+0000] {dag.py:3096} INFO - Sync 1 DAGs
[2024-05-26T17:45:06.690+0000] {logging_mixin.py:188} INFO - [2024-05-26T17:45:06.690+0000] {dag.py:3954} INFO - Setting next_dagrun for example_branch_dop_operator_v3 to 2024-05-26 17:44:00+00:00, run_after=2024-05-26 17:45:00+00:00
[2024-05-26T17:45:06.712+0000] {processor.py:183} INFO - Processing /home/airflow/.local/lib/python3.12/site-packages/airflow/example_dags/example_branch_python_dop_operator_3.py took 0.094 seconds
[2024-05-26T17:45:36.859+0000] {processor.py:161} INFO - Started process (PID=259) to work on /home/airflow/.local/lib/python3.12/site-packages/airflow/example_dags/example_branch_python_dop_operator_3.py
[2024-05-26T17:45:36.860+0000] {processor.py:830} INFO - Processing file /home/airflow/.local/lib/python3.12/site-packages/airflow/example_dags/example_branch_python_dop_operator_3.py for tasks to queue
[2024-05-26T17:45:36.863+0000] {logging_mixin.py:188} INFO - [2024-05-26T17:45:36.862+0000] {dagbag.py:545} INFO - Filling up the DagBag from /home/airflow/.local/lib/python3.12/site-packages/airflow/example_dags/example_branch_python_dop_operator_3.py
[2024-05-26T17:45:36.872+0000] {processor.py:840} INFO - DAG(s) 'example_branch_dop_operator_v3' retrieved from /home/airflow/.local/lib/python3.12/site-packages/airflow/example_dags/example_branch_python_dop_operator_3.py
[2024-05-26T17:45:36.895+0000] {logging_mixin.py:188} INFO - [2024-05-26T17:45:36.894+0000] {dag.py:3096} INFO - Sync 1 DAGs
[2024-05-26T17:45:36.925+0000] {logging_mixin.py:188} INFO - [2024-05-26T17:45:36.925+0000] {dag.py:3954} INFO - Setting next_dagrun for example_branch_dop_operator_v3 to 2024-05-26 17:44:00+00:00, run_after=2024-05-26 17:45:00+00:00
[2024-05-26T17:45:36.950+0000] {processor.py:183} INFO - Processing /home/airflow/.local/lib/python3.12/site-packages/airflow/example_dags/example_branch_python_dop_operator_3.py took 0.098 seconds
[2024-05-26T17:46:07.590+0000] {processor.py:161} INFO - Started process (PID=316) to work on /home/airflow/.local/lib/python3.12/site-packages/airflow/example_dags/example_branch_python_dop_operator_3.py
[2024-05-26T17:46:07.592+0000] {processor.py:830} INFO - Processing file /home/airflow/.local/lib/python3.12/site-packages/airflow/example_dags/example_branch_python_dop_operator_3.py for tasks to queue
[2024-05-26T17:46:07.598+0000] {logging_mixin.py:188} INFO - [2024-05-26T17:46:07.597+0000] {dagbag.py:545} INFO - Filling up the DagBag from /home/airflow/.local/lib/python3.12/site-packages/airflow/example_dags/example_branch_python_dop_operator_3.py
[2024-05-26T17:46:07.615+0000] {processor.py:840} INFO - DAG(s) 'example_branch_dop_operator_v3' retrieved from /home/airflow/.local/lib/python3.12/site-packages/airflow/example_dags/example_branch_python_dop_operator_3.py
[2024-05-26T17:46:07.638+0000] {logging_mixin.py:188} INFO - [2024-05-26T17:46:07.638+0000] {dag.py:3096} INFO - Sync 1 DAGs
[2024-05-26T17:46:07.670+0000] {logging_mixin.py:188} INFO - [2024-05-26T17:46:07.669+0000] {dag.py:3954} INFO - Setting next_dagrun for example_branch_dop_operator_v3 to 2024-05-26 17:45:00+00:00, run_after=2024-05-26 17:46:00+00:00
[2024-05-26T17:46:07.699+0000] {processor.py:183} INFO - Processing /home/airflow/.local/lib/python3.12/site-packages/airflow/example_dags/example_branch_python_dop_operator_3.py took 0.119 seconds
[2024-05-26T17:46:38.040+0000] {processor.py:161} INFO - Started process (PID=374) to work on /home/airflow/.local/lib/python3.12/site-packages/airflow/example_dags/example_branch_python_dop_operator_3.py
[2024-05-26T17:46:38.042+0000] {processor.py:830} INFO - Processing file /home/airflow/.local/lib/python3.12/site-packages/airflow/example_dags/example_branch_python_dop_operator_3.py for tasks to queue
[2024-05-26T17:46:38.044+0000] {logging_mixin.py:188} INFO - [2024-05-26T17:46:38.043+0000] {dagbag.py:545} INFO - Filling up the DagBag from /home/airflow/.local/lib/python3.12/site-packages/airflow/example_dags/example_branch_python_dop_operator_3.py
[2024-05-26T17:46:38.053+0000] {processor.py:840} INFO - DAG(s) 'example_branch_dop_operator_v3' retrieved from /home/airflow/.local/lib/python3.12/site-packages/airflow/example_dags/example_branch_python_dop_operator_3.py
[2024-05-26T17:46:38.076+0000] {logging_mixin.py:188} INFO - [2024-05-26T17:46:38.076+0000] {dag.py:3096} INFO - Sync 1 DAGs
[2024-05-26T17:46:38.106+0000] {logging_mixin.py:188} INFO - [2024-05-26T17:46:38.105+0000] {dag.py:3954} INFO - Setting next_dagrun for example_branch_dop_operator_v3 to 2024-05-26 17:45:00+00:00, run_after=2024-05-26 17:46:00+00:00
[2024-05-26T17:46:38.127+0000] {processor.py:183} INFO - Processing /home/airflow/.local/lib/python3.12/site-packages/airflow/example_dags/example_branch_python_dop_operator_3.py took 0.095 seconds
[2024-05-26T17:47:08.482+0000] {processor.py:161} INFO - Started process (PID=432) to work on /home/airflow/.local/lib/python3.12/site-packages/airflow/example_dags/example_branch_python_dop_operator_3.py
[2024-05-26T17:47:08.483+0000] {processor.py:830} INFO - Processing file /home/airflow/.local/lib/python3.12/site-packages/airflow/example_dags/example_branch_python_dop_operator_3.py for tasks to queue
[2024-05-26T17:47:08.485+0000] {logging_mixin.py:188} INFO - [2024-05-26T17:47:08.485+0000] {dagbag.py:545} INFO - Filling up the DagBag from /home/airflow/.local/lib/python3.12/site-packages/airflow/example_dags/example_branch_python_dop_operator_3.py
[2024-05-26T17:47:08.495+0000] {processor.py:840} INFO - DAG(s) 'example_branch_dop_operator_v3' retrieved from /home/airflow/.local/lib/python3.12/site-packages/airflow/example_dags/example_branch_python_dop_operator_3.py
[2024-05-26T17:47:08.522+0000] {logging_mixin.py:188} INFO - [2024-05-26T17:47:08.522+0000] {dag.py:3096} INFO - Sync 1 DAGs
[2024-05-26T17:47:08.558+0000] {logging_mixin.py:188} INFO - [2024-05-26T17:47:08.558+0000] {dag.py:3954} INFO - Setting next_dagrun for example_branch_dop_operator_v3 to 2024-05-26 17:46:00+00:00, run_after=2024-05-26 17:47:00+00:00
[2024-05-26T17:47:08.581+0000] {processor.py:183} INFO - Processing /home/airflow/.local/lib/python3.12/site-packages/airflow/example_dags/example_branch_python_dop_operator_3.py took 0.111 seconds
[2024-05-26T17:47:38.982+0000] {processor.py:161} INFO - Started process (PID=490) to work on /home/airflow/.local/lib/python3.12/site-packages/airflow/example_dags/example_branch_python_dop_operator_3.py
[2024-05-26T17:47:38.985+0000] {processor.py:830} INFO - Processing file /home/airflow/.local/lib/python3.12/site-packages/airflow/example_dags/example_branch_python_dop_operator_3.py for tasks to queue
[2024-05-26T17:47:38.991+0000] {logging_mixin.py:188} INFO - [2024-05-26T17:47:38.990+0000] {dagbag.py:545} INFO - Filling up the DagBag from /home/airflow/.local/lib/python3.12/site-packages/airflow/example_dags/example_branch_python_dop_operator_3.py
[2024-05-26T17:47:39.010+0000] {processor.py:840} INFO - DAG(s) 'example_branch_dop_operator_v3' retrieved from /home/airflow/.local/lib/python3.12/site-packages/airflow/example_dags/example_branch_python_dop_operator_3.py
[2024-05-26T17:47:39.036+0000] {logging_mixin.py:188} INFO - [2024-05-26T17:47:39.036+0000] {dag.py:3096} INFO - Sync 1 DAGs
[2024-05-26T17:47:39.066+0000] {logging_mixin.py:188} INFO - [2024-05-26T17:47:39.066+0000] {dag.py:3954} INFO - Setting next_dagrun for example_branch_dop_operator_v3 to 2024-05-26 17:46:00+00:00, run_after=2024-05-26 17:47:00+00:00
[2024-05-26T17:47:39.089+0000] {processor.py:183} INFO - Processing /home/airflow/.local/lib/python3.12/site-packages/airflow/example_dags/example_branch_python_dop_operator_3.py took 0.114 seconds
[2024-05-26T17:49:04.773+0000] {processor.py:161} INFO - Started process (PID=28) to work on /home/airflow/.local/lib/python3.12/site-packages/airflow/example_dags/example_branch_python_dop_operator_3.py
[2024-05-26T17:49:04.774+0000] {processor.py:830} INFO - Processing file /home/airflow/.local/lib/python3.12/site-packages/airflow/example_dags/example_branch_python_dop_operator_3.py for tasks to queue
[2024-05-26T17:49:04.777+0000] {logging_mixin.py:188} INFO - [2024-05-26T17:49:04.777+0000] {dagbag.py:545} INFO - Filling up the DagBag from /home/airflow/.local/lib/python3.12/site-packages/airflow/example_dags/example_branch_python_dop_operator_3.py
[2024-05-26T17:49:04.800+0000] {processor.py:840} INFO - DAG(s) 'example_branch_dop_operator_v3' retrieved from /home/airflow/.local/lib/python3.12/site-packages/airflow/example_dags/example_branch_python_dop_operator_3.py
[2024-05-26T17:49:04.817+0000] {logging_mixin.py:188} INFO - [2024-05-26T17:49:04.817+0000] {dag.py:3096} INFO - Sync 1 DAGs
[2024-05-26T17:49:04.855+0000] {logging_mixin.py:188} INFO - [2024-05-26T17:49:04.855+0000] {dag.py:3954} INFO - Setting next_dagrun for example_branch_dop_operator_v3 to 2024-05-26 17:48:00+00:00, run_after=2024-05-26 17:49:00+00:00
[2024-05-26T17:49:04.878+0000] {processor.py:183} INFO - Processing /home/airflow/.local/lib/python3.12/site-packages/airflow/example_dags/example_branch_python_dop_operator_3.py took 0.117 seconds
[2024-05-26T17:49:35.210+0000] {processor.py:161} INFO - Started process (PID=86) to work on /home/airflow/.local/lib/python3.12/site-packages/airflow/example_dags/example_branch_python_dop_operator_3.py
[2024-05-26T17:49:35.211+0000] {processor.py:830} INFO - Processing file /home/airflow/.local/lib/python3.12/site-packages/airflow/example_dags/example_branch_python_dop_operator_3.py for tasks to queue
[2024-05-26T17:49:35.213+0000] {logging_mixin.py:188} INFO - [2024-05-26T17:49:35.213+0000] {dagbag.py:545} INFO - Filling up the DagBag from /home/airflow/.local/lib/python3.12/site-packages/airflow/example_dags/example_branch_python_dop_operator_3.py
[2024-05-26T17:49:35.224+0000] {processor.py:840} INFO - DAG(s) 'example_branch_dop_operator_v3' retrieved from /home/airflow/.local/lib/python3.12/site-packages/airflow/example_dags/example_branch_python_dop_operator_3.py
[2024-05-26T17:49:35.343+0000] {logging_mixin.py:188} INFO - [2024-05-26T17:49:35.343+0000] {dag.py:3096} INFO - Sync 1 DAGs
[2024-05-26T17:49:35.370+0000] {logging_mixin.py:188} INFO - [2024-05-26T17:49:35.370+0000] {dag.py:3954} INFO - Setting next_dagrun for example_branch_dop_operator_v3 to 2024-05-26 17:48:00+00:00, run_after=2024-05-26 17:49:00+00:00
[2024-05-26T17:49:35.396+0000] {processor.py:183} INFO - Processing /home/airflow/.local/lib/python3.12/site-packages/airflow/example_dags/example_branch_python_dop_operator_3.py took 0.194 seconds
[2024-05-26T17:50:05.697+0000] {processor.py:161} INFO - Started process (PID=143) to work on /home/airflow/.local/lib/python3.12/site-packages/airflow/example_dags/example_branch_python_dop_operator_3.py
[2024-05-26T17:50:05.698+0000] {processor.py:830} INFO - Processing file /home/airflow/.local/lib/python3.12/site-packages/airflow/example_dags/example_branch_python_dop_operator_3.py for tasks to queue
[2024-05-26T17:50:05.700+0000] {logging_mixin.py:188} INFO - [2024-05-26T17:50:05.700+0000] {dagbag.py:545} INFO - Filling up the DagBag from /home/airflow/.local/lib/python3.12/site-packages/airflow/example_dags/example_branch_python_dop_operator_3.py
[2024-05-26T17:50:05.710+0000] {processor.py:840} INFO - DAG(s) 'example_branch_dop_operator_v3' retrieved from /home/airflow/.local/lib/python3.12/site-packages/airflow/example_dags/example_branch_python_dop_operator_3.py
[2024-05-26T17:50:05.736+0000] {logging_mixin.py:188} INFO - [2024-05-26T17:50:05.736+0000] {dag.py:3096} INFO - Sync 1 DAGs
[2024-05-26T17:50:05.778+0000] {logging_mixin.py:188} INFO - [2024-05-26T17:50:05.778+0000] {dag.py:3954} INFO - Setting next_dagrun for example_branch_dop_operator_v3 to 2024-05-26 17:49:00+00:00, run_after=2024-05-26 17:50:00+00:00
[2024-05-26T17:50:05.799+0000] {processor.py:183} INFO - Processing /home/airflow/.local/lib/python3.12/site-packages/airflow/example_dags/example_branch_python_dop_operator_3.py took 0.110 seconds
[2024-05-26T17:50:35.922+0000] {processor.py:161} INFO - Started process (PID=200) to work on /home/airflow/.local/lib/python3.12/site-packages/airflow/example_dags/example_branch_python_dop_operator_3.py
[2024-05-26T17:50:35.924+0000] {processor.py:830} INFO - Processing file /home/airflow/.local/lib/python3.12/site-packages/airflow/example_dags/example_branch_python_dop_operator_3.py for tasks to queue
[2024-05-26T17:50:35.926+0000] {logging_mixin.py:188} INFO - [2024-05-26T17:50:35.926+0000] {dagbag.py:545} INFO - Filling up the DagBag from /home/airflow/.local/lib/python3.12/site-packages/airflow/example_dags/example_branch_python_dop_operator_3.py
[2024-05-26T17:50:35.940+0000] {processor.py:840} INFO - DAG(s) 'example_branch_dop_operator_v3' retrieved from /home/airflow/.local/lib/python3.12/site-packages/airflow/example_dags/example_branch_python_dop_operator_3.py
[2024-05-26T17:50:35.966+0000] {logging_mixin.py:188} INFO - [2024-05-26T17:50:35.966+0000] {dag.py:3096} INFO - Sync 1 DAGs
[2024-05-26T17:50:36.001+0000] {logging_mixin.py:188} INFO - [2024-05-26T17:50:36.000+0000] {dag.py:3954} INFO - Setting next_dagrun for example_branch_dop_operator_v3 to 2024-05-26 17:49:00+00:00, run_after=2024-05-26 17:50:00+00:00
[2024-05-26T17:50:36.026+0000] {processor.py:183} INFO - Processing /home/airflow/.local/lib/python3.12/site-packages/airflow/example_dags/example_branch_python_dop_operator_3.py took 0.113 seconds
[2024-05-26T17:51:06.502+0000] {processor.py:161} INFO - Started process (PID=257) to work on /home/airflow/.local/lib/python3.12/site-packages/airflow/example_dags/example_branch_python_dop_operator_3.py
[2024-05-26T17:51:06.505+0000] {processor.py:830} INFO - Processing file /home/airflow/.local/lib/python3.12/site-packages/airflow/example_dags/example_branch_python_dop_operator_3.py for tasks to queue
[2024-05-26T17:51:06.509+0000] {logging_mixin.py:188} INFO - [2024-05-26T17:51:06.508+0000] {dagbag.py:545} INFO - Filling up the DagBag from /home/airflow/.local/lib/python3.12/site-packages/airflow/example_dags/example_branch_python_dop_operator_3.py
[2024-05-26T17:51:06.521+0000] {processor.py:840} INFO - DAG(s) 'example_branch_dop_operator_v3' retrieved from /home/airflow/.local/lib/python3.12/site-packages/airflow/example_dags/example_branch_python_dop_operator_3.py
[2024-05-26T17:51:06.547+0000] {logging_mixin.py:188} INFO - [2024-05-26T17:51:06.547+0000] {dag.py:3096} INFO - Sync 1 DAGs
[2024-05-26T17:51:06.583+0000] {logging_mixin.py:188} INFO - [2024-05-26T17:51:06.583+0000] {dag.py:3954} INFO - Setting next_dagrun for example_branch_dop_operator_v3 to 2024-05-26 17:50:00+00:00, run_after=2024-05-26 17:51:00+00:00
[2024-05-26T17:51:06.609+0000] {processor.py:183} INFO - Processing /home/airflow/.local/lib/python3.12/site-packages/airflow/example_dags/example_branch_python_dop_operator_3.py took 0.122 seconds
[2024-05-26T17:51:36.760+0000] {processor.py:161} INFO - Started process (PID=315) to work on /home/airflow/.local/lib/python3.12/site-packages/airflow/example_dags/example_branch_python_dop_operator_3.py
[2024-05-26T17:51:36.761+0000] {processor.py:830} INFO - Processing file /home/airflow/.local/lib/python3.12/site-packages/airflow/example_dags/example_branch_python_dop_operator_3.py for tasks to queue
[2024-05-26T17:51:36.765+0000] {logging_mixin.py:188} INFO - [2024-05-26T17:51:36.764+0000] {dagbag.py:545} INFO - Filling up the DagBag from /home/airflow/.local/lib/python3.12/site-packages/airflow/example_dags/example_branch_python_dop_operator_3.py
[2024-05-26T17:51:36.775+0000] {processor.py:840} INFO - DAG(s) 'example_branch_dop_operator_v3' retrieved from /home/airflow/.local/lib/python3.12/site-packages/airflow/example_dags/example_branch_python_dop_operator_3.py
[2024-05-26T17:51:36.804+0000] {logging_mixin.py:188} INFO - [2024-05-26T17:51:36.804+0000] {dag.py:3096} INFO - Sync 1 DAGs
[2024-05-26T17:51:36.835+0000] {logging_mixin.py:188} INFO - [2024-05-26T17:51:36.835+0000] {dag.py:3954} INFO - Setting next_dagrun for example_branch_dop_operator_v3 to 2024-05-26 17:50:00+00:00, run_after=2024-05-26 17:51:00+00:00
[2024-05-26T17:51:36.861+0000] {processor.py:183} INFO - Processing /home/airflow/.local/lib/python3.12/site-packages/airflow/example_dags/example_branch_python_dop_operator_3.py took 0.108 seconds
[2024-05-26T17:52:07.054+0000] {processor.py:161} INFO - Started process (PID=373) to work on /home/airflow/.local/lib/python3.12/site-packages/airflow/example_dags/example_branch_python_dop_operator_3.py
[2024-05-26T17:52:07.055+0000] {processor.py:830} INFO - Processing file /home/airflow/.local/lib/python3.12/site-packages/airflow/example_dags/example_branch_python_dop_operator_3.py for tasks to queue
[2024-05-26T17:52:07.057+0000] {logging_mixin.py:188} INFO - [2024-05-26T17:52:07.057+0000] {dagbag.py:545} INFO - Filling up the DagBag from /home/airflow/.local/lib/python3.12/site-packages/airflow/example_dags/example_branch_python_dop_operator_3.py
[2024-05-26T17:52:07.067+0000] {processor.py:840} INFO - DAG(s) 'example_branch_dop_operator_v3' retrieved from /home/airflow/.local/lib/python3.12/site-packages/airflow/example_dags/example_branch_python_dop_operator_3.py
[2024-05-26T17:52:07.088+0000] {logging_mixin.py:188} INFO - [2024-05-26T17:52:07.088+0000] {dag.py:3096} INFO - Sync 1 DAGs
[2024-05-26T17:52:07.117+0000] {logging_mixin.py:188} INFO - [2024-05-26T17:52:07.117+0000] {dag.py:3954} INFO - Setting next_dagrun for example_branch_dop_operator_v3 to 2024-05-26 17:51:00+00:00, run_after=2024-05-26 17:52:00+00:00
[2024-05-26T17:52:07.138+0000] {processor.py:183} INFO - Processing /home/airflow/.local/lib/python3.12/site-packages/airflow/example_dags/example_branch_python_dop_operator_3.py took 0.092 seconds
[2024-05-26T17:57:44.841+0000] {processor.py:161} INFO - Started process (PID=28) to work on /home/airflow/.local/lib/python3.12/site-packages/airflow/example_dags/example_branch_python_dop_operator_3.py
[2024-05-26T17:57:44.842+0000] {processor.py:830} INFO - Processing file /home/airflow/.local/lib/python3.12/site-packages/airflow/example_dags/example_branch_python_dop_operator_3.py for tasks to queue
[2024-05-26T17:57:44.844+0000] {logging_mixin.py:188} INFO - [2024-05-26T17:57:44.844+0000] {dagbag.py:545} INFO - Filling up the DagBag from /home/airflow/.local/lib/python3.12/site-packages/airflow/example_dags/example_branch_python_dop_operator_3.py
[2024-05-26T17:57:44.858+0000] {processor.py:840} INFO - DAG(s) 'example_branch_dop_operator_v3' retrieved from /home/airflow/.local/lib/python3.12/site-packages/airflow/example_dags/example_branch_python_dop_operator_3.py
[2024-05-26T17:57:44.873+0000] {logging_mixin.py:188} INFO - [2024-05-26T17:57:44.873+0000] {dag.py:3096} INFO - Sync 1 DAGs
[2024-05-26T17:57:44.907+0000] {logging_mixin.py:188} INFO - [2024-05-26T17:57:44.907+0000] {dag.py:3954} INFO - Setting next_dagrun for example_branch_dop_operator_v3 to 2024-05-26 17:56:00+00:00, run_after=2024-05-26 17:57:00+00:00
[2024-05-26T17:57:44.932+0000] {processor.py:183} INFO - Processing /home/airflow/.local/lib/python3.12/site-packages/airflow/example_dags/example_branch_python_dop_operator_3.py took 0.099 seconds
[2024-05-26T17:58:15.479+0000] {processor.py:161} INFO - Started process (PID=86) to work on /home/airflow/.local/lib/python3.12/site-packages/airflow/example_dags/example_branch_python_dop_operator_3.py
[2024-05-26T17:58:15.480+0000] {processor.py:830} INFO - Processing file /home/airflow/.local/lib/python3.12/site-packages/airflow/example_dags/example_branch_python_dop_operator_3.py for tasks to queue
[2024-05-26T17:58:15.483+0000] {logging_mixin.py:188} INFO - [2024-05-26T17:58:15.482+0000] {dagbag.py:545} INFO - Filling up the DagBag from /home/airflow/.local/lib/python3.12/site-packages/airflow/example_dags/example_branch_python_dop_operator_3.py
[2024-05-26T17:58:15.493+0000] {processor.py:840} INFO - DAG(s) 'example_branch_dop_operator_v3' retrieved from /home/airflow/.local/lib/python3.12/site-packages/airflow/example_dags/example_branch_python_dop_operator_3.py
[2024-05-26T17:58:15.638+0000] {logging_mixin.py:188} INFO - [2024-05-26T17:58:15.637+0000] {dag.py:3096} INFO - Sync 1 DAGs
[2024-05-26T17:58:15.666+0000] {logging_mixin.py:188} INFO - [2024-05-26T17:58:15.666+0000] {dag.py:3954} INFO - Setting next_dagrun for example_branch_dop_operator_v3 to 2024-05-26 17:57:00+00:00, run_after=2024-05-26 17:58:00+00:00
[2024-05-26T17:58:15.691+0000] {processor.py:183} INFO - Processing /home/airflow/.local/lib/python3.12/site-packages/airflow/example_dags/example_branch_python_dop_operator_3.py took 0.218 seconds
[2024-05-26T17:58:45.732+0000] {processor.py:161} INFO - Started process (PID=144) to work on /home/airflow/.local/lib/python3.12/site-packages/airflow/example_dags/example_branch_python_dop_operator_3.py
[2024-05-26T17:58:45.733+0000] {processor.py:830} INFO - Processing file /home/airflow/.local/lib/python3.12/site-packages/airflow/example_dags/example_branch_python_dop_operator_3.py for tasks to queue
[2024-05-26T17:58:45.735+0000] {logging_mixin.py:188} INFO - [2024-05-26T17:58:45.735+0000] {dagbag.py:545} INFO - Filling up the DagBag from /home/airflow/.local/lib/python3.12/site-packages/airflow/example_dags/example_branch_python_dop_operator_3.py
[2024-05-26T17:58:45.744+0000] {processor.py:840} INFO - DAG(s) 'example_branch_dop_operator_v3' retrieved from /home/airflow/.local/lib/python3.12/site-packages/airflow/example_dags/example_branch_python_dop_operator_3.py
[2024-05-26T17:58:45.783+0000] {logging_mixin.py:188} INFO - [2024-05-26T17:58:45.783+0000] {dag.py:3096} INFO - Sync 1 DAGs
[2024-05-26T17:58:45.813+0000] {logging_mixin.py:188} INFO - [2024-05-26T17:58:45.812+0000] {dag.py:3954} INFO - Setting next_dagrun for example_branch_dop_operator_v3 to 2024-05-26 17:57:00+00:00, run_after=2024-05-26 17:58:00+00:00
[2024-05-26T17:58:45.834+0000] {processor.py:183} INFO - Processing /home/airflow/.local/lib/python3.12/site-packages/airflow/example_dags/example_branch_python_dop_operator_3.py took 0.109 seconds
