[2024-05-26T15:21:32.927+0000] {processor.py:161} INFO - Started process (PID=34) to work on /home/airflow/.local/lib/python3.12/site-packages/airflow/example_dags/example_external_task_marker_dag.py
[2024-05-26T15:21:32.928+0000] {processor.py:830} INFO - Processing file /home/airflow/.local/lib/python3.12/site-packages/airflow/example_dags/example_external_task_marker_dag.py for tasks to queue
[2024-05-26T15:21:32.930+0000] {logging_mixin.py:188} INFO - [2024-05-26T15:21:32.930+0000] {dagbag.py:545} INFO - Filling up the DagBag from /home/airflow/.local/lib/python3.12/site-packages/airflow/example_dags/example_external_task_marker_dag.py
[2024-05-26T15:21:32.942+0000] {processor.py:840} INFO - DAG(s) 'example_external_task_marker_child', 'example_external_task_marker_parent' retrieved from /home/airflow/.local/lib/python3.12/site-packages/airflow/example_dags/example_external_task_marker_dag.py
[2024-05-26T15:21:32.982+0000] {logging_mixin.py:188} INFO - [2024-05-26T15:21:32.982+0000] {dag.py:3096} INFO - Sync 2 DAGs
[2024-05-26T15:21:33.003+0000] {logging_mixin.py:188} INFO - [2024-05-26T15:21:33.003+0000] {dag.py:3954} INFO - Setting next_dagrun for example_external_task_marker_child to None, run_after=None
[2024-05-26T15:21:33.008+0000] {logging_mixin.py:188} INFO - [2024-05-26T15:21:33.008+0000] {dag.py:3954} INFO - Setting next_dagrun for example_external_task_marker_parent to None, run_after=None
[2024-05-26T15:21:33.046+0000] {processor.py:183} INFO - Processing /home/airflow/.local/lib/python3.12/site-packages/airflow/example_dags/example_external_task_marker_dag.py took 0.125 seconds
[2024-05-26T15:22:03.157+0000] {processor.py:161} INFO - Started process (PID=91) to work on /home/airflow/.local/lib/python3.12/site-packages/airflow/example_dags/example_external_task_marker_dag.py
[2024-05-26T15:22:03.159+0000] {processor.py:830} INFO - Processing file /home/airflow/.local/lib/python3.12/site-packages/airflow/example_dags/example_external_task_marker_dag.py for tasks to queue
[2024-05-26T15:22:03.163+0000] {logging_mixin.py:188} INFO - [2024-05-26T15:22:03.162+0000] {dagbag.py:545} INFO - Filling up the DagBag from /home/airflow/.local/lib/python3.12/site-packages/airflow/example_dags/example_external_task_marker_dag.py
[2024-05-26T15:22:03.171+0000] {processor.py:840} INFO - DAG(s) 'example_external_task_marker_child', 'example_external_task_marker_parent' retrieved from /home/airflow/.local/lib/python3.12/site-packages/airflow/example_dags/example_external_task_marker_dag.py
[2024-05-26T15:22:03.198+0000] {logging_mixin.py:188} INFO - [2024-05-26T15:22:03.197+0000] {dag.py:3096} INFO - Sync 2 DAGs
[2024-05-26T15:22:03.214+0000] {logging_mixin.py:188} INFO - [2024-05-26T15:22:03.214+0000] {dag.py:3954} INFO - Setting next_dagrun for example_external_task_marker_child to None, run_after=None
[2024-05-26T15:22:03.219+0000] {logging_mixin.py:188} INFO - [2024-05-26T15:22:03.219+0000] {dag.py:3954} INFO - Setting next_dagrun for example_external_task_marker_parent to None, run_after=None
[2024-05-26T15:22:03.241+0000] {processor.py:183} INFO - Processing /home/airflow/.local/lib/python3.12/site-packages/airflow/example_dags/example_external_task_marker_dag.py took 0.092 seconds
[2024-05-26T15:22:33.479+0000] {processor.py:161} INFO - Started process (PID=149) to work on /home/airflow/.local/lib/python3.12/site-packages/airflow/example_dags/example_external_task_marker_dag.py
[2024-05-26T15:22:33.480+0000] {processor.py:830} INFO - Processing file /home/airflow/.local/lib/python3.12/site-packages/airflow/example_dags/example_external_task_marker_dag.py for tasks to queue
[2024-05-26T15:22:33.482+0000] {logging_mixin.py:188} INFO - [2024-05-26T15:22:33.482+0000] {dagbag.py:545} INFO - Filling up the DagBag from /home/airflow/.local/lib/python3.12/site-packages/airflow/example_dags/example_external_task_marker_dag.py
[2024-05-26T15:22:33.488+0000] {processor.py:840} INFO - DAG(s) 'example_external_task_marker_child', 'example_external_task_marker_parent' retrieved from /home/airflow/.local/lib/python3.12/site-packages/airflow/example_dags/example_external_task_marker_dag.py
[2024-05-26T15:22:33.518+0000] {logging_mixin.py:188} INFO - [2024-05-26T15:22:33.518+0000] {dag.py:3096} INFO - Sync 2 DAGs
[2024-05-26T15:22:33.535+0000] {logging_mixin.py:188} INFO - [2024-05-26T15:22:33.535+0000] {dag.py:3954} INFO - Setting next_dagrun for example_external_task_marker_child to None, run_after=None
[2024-05-26T15:22:33.540+0000] {logging_mixin.py:188} INFO - [2024-05-26T15:22:33.539+0000] {dag.py:3954} INFO - Setting next_dagrun for example_external_task_marker_parent to None, run_after=None
[2024-05-26T15:22:33.577+0000] {processor.py:183} INFO - Processing /home/airflow/.local/lib/python3.12/site-packages/airflow/example_dags/example_external_task_marker_dag.py took 0.104 seconds
[2024-05-26T15:23:03.802+0000] {processor.py:161} INFO - Started process (PID=207) to work on /home/airflow/.local/lib/python3.12/site-packages/airflow/example_dags/example_external_task_marker_dag.py
[2024-05-26T15:23:03.803+0000] {processor.py:830} INFO - Processing file /home/airflow/.local/lib/python3.12/site-packages/airflow/example_dags/example_external_task_marker_dag.py for tasks to queue
[2024-05-26T15:23:03.806+0000] {logging_mixin.py:188} INFO - [2024-05-26T15:23:03.805+0000] {dagbag.py:545} INFO - Filling up the DagBag from /home/airflow/.local/lib/python3.12/site-packages/airflow/example_dags/example_external_task_marker_dag.py
[2024-05-26T15:23:03.813+0000] {processor.py:840} INFO - DAG(s) 'example_external_task_marker_parent', 'example_external_task_marker_child' retrieved from /home/airflow/.local/lib/python3.12/site-packages/airflow/example_dags/example_external_task_marker_dag.py
[2024-05-26T15:23:03.839+0000] {logging_mixin.py:188} INFO - [2024-05-26T15:23:03.838+0000] {dag.py:3096} INFO - Sync 2 DAGs
[2024-05-26T15:23:03.854+0000] {logging_mixin.py:188} INFO - [2024-05-26T15:23:03.854+0000] {dag.py:3954} INFO - Setting next_dagrun for example_external_task_marker_child to None, run_after=None
[2024-05-26T15:23:03.858+0000] {logging_mixin.py:188} INFO - [2024-05-26T15:23:03.858+0000] {dag.py:3954} INFO - Setting next_dagrun for example_external_task_marker_parent to None, run_after=None
[2024-05-26T15:23:03.874+0000] {processor.py:183} INFO - Processing /home/airflow/.local/lib/python3.12/site-packages/airflow/example_dags/example_external_task_marker_dag.py took 0.078 seconds
[2024-05-26T15:23:34.951+0000] {processor.py:161} INFO - Started process (PID=266) to work on /home/airflow/.local/lib/python3.12/site-packages/airflow/example_dags/example_external_task_marker_dag.py
[2024-05-26T15:23:34.952+0000] {processor.py:830} INFO - Processing file /home/airflow/.local/lib/python3.12/site-packages/airflow/example_dags/example_external_task_marker_dag.py for tasks to queue
[2024-05-26T15:23:34.954+0000] {logging_mixin.py:188} INFO - [2024-05-26T15:23:34.954+0000] {dagbag.py:545} INFO - Filling up the DagBag from /home/airflow/.local/lib/python3.12/site-packages/airflow/example_dags/example_external_task_marker_dag.py
[2024-05-26T15:23:34.961+0000] {processor.py:840} INFO - DAG(s) 'example_external_task_marker_parent', 'example_external_task_marker_child' retrieved from /home/airflow/.local/lib/python3.12/site-packages/airflow/example_dags/example_external_task_marker_dag.py
[2024-05-26T15:23:35.008+0000] {logging_mixin.py:188} INFO - [2024-05-26T15:23:35.007+0000] {dag.py:3096} INFO - Sync 2 DAGs
[2024-05-26T15:23:35.023+0000] {logging_mixin.py:188} INFO - [2024-05-26T15:23:35.022+0000] {dag.py:3954} INFO - Setting next_dagrun for example_external_task_marker_child to None, run_after=None
[2024-05-26T15:23:35.027+0000] {logging_mixin.py:188} INFO - [2024-05-26T15:23:35.027+0000] {dag.py:3954} INFO - Setting next_dagrun for example_external_task_marker_parent to None, run_after=None
[2024-05-26T15:23:35.054+0000] {processor.py:183} INFO - Processing /home/airflow/.local/lib/python3.12/site-packages/airflow/example_dags/example_external_task_marker_dag.py took 0.109 seconds
[2024-05-26T15:24:06.002+0000] {processor.py:161} INFO - Started process (PID=324) to work on /home/airflow/.local/lib/python3.12/site-packages/airflow/example_dags/example_external_task_marker_dag.py
[2024-05-26T15:24:06.006+0000] {processor.py:830} INFO - Processing file /home/airflow/.local/lib/python3.12/site-packages/airflow/example_dags/example_external_task_marker_dag.py for tasks to queue
[2024-05-26T15:24:06.008+0000] {logging_mixin.py:188} INFO - [2024-05-26T15:24:06.008+0000] {dagbag.py:545} INFO - Filling up the DagBag from /home/airflow/.local/lib/python3.12/site-packages/airflow/example_dags/example_external_task_marker_dag.py
[2024-05-26T15:24:06.016+0000] {processor.py:840} INFO - DAG(s) 'example_external_task_marker_child', 'example_external_task_marker_parent' retrieved from /home/airflow/.local/lib/python3.12/site-packages/airflow/example_dags/example_external_task_marker_dag.py
[2024-05-26T15:24:06.056+0000] {logging_mixin.py:188} INFO - [2024-05-26T15:24:06.056+0000] {dag.py:3096} INFO - Sync 2 DAGs
[2024-05-26T15:24:06.077+0000] {logging_mixin.py:188} INFO - [2024-05-26T15:24:06.077+0000] {dag.py:3954} INFO - Setting next_dagrun for example_external_task_marker_child to None, run_after=None
[2024-05-26T15:24:06.083+0000] {logging_mixin.py:188} INFO - [2024-05-26T15:24:06.083+0000] {dag.py:3954} INFO - Setting next_dagrun for example_external_task_marker_parent to None, run_after=None
[2024-05-26T15:24:06.106+0000] {processor.py:183} INFO - Processing /home/airflow/.local/lib/python3.12/site-packages/airflow/example_dags/example_external_task_marker_dag.py took 0.110 seconds
[2024-05-26T15:24:36.322+0000] {processor.py:161} INFO - Started process (PID=382) to work on /home/airflow/.local/lib/python3.12/site-packages/airflow/example_dags/example_external_task_marker_dag.py
[2024-05-26T15:24:36.323+0000] {processor.py:830} INFO - Processing file /home/airflow/.local/lib/python3.12/site-packages/airflow/example_dags/example_external_task_marker_dag.py for tasks to queue
[2024-05-26T15:24:36.325+0000] {logging_mixin.py:188} INFO - [2024-05-26T15:24:36.325+0000] {dagbag.py:545} INFO - Filling up the DagBag from /home/airflow/.local/lib/python3.12/site-packages/airflow/example_dags/example_external_task_marker_dag.py
[2024-05-26T15:24:36.332+0000] {processor.py:840} INFO - DAG(s) 'example_external_task_marker_child', 'example_external_task_marker_parent' retrieved from /home/airflow/.local/lib/python3.12/site-packages/airflow/example_dags/example_external_task_marker_dag.py
[2024-05-26T15:24:36.373+0000] {logging_mixin.py:188} INFO - [2024-05-26T15:24:36.372+0000] {dag.py:3096} INFO - Sync 2 DAGs
[2024-05-26T15:24:36.389+0000] {logging_mixin.py:188} INFO - [2024-05-26T15:24:36.389+0000] {dag.py:3954} INFO - Setting next_dagrun for example_external_task_marker_child to None, run_after=None
[2024-05-26T15:24:36.394+0000] {logging_mixin.py:188} INFO - [2024-05-26T15:24:36.394+0000] {dag.py:3954} INFO - Setting next_dagrun for example_external_task_marker_parent to None, run_after=None
[2024-05-26T15:24:36.414+0000] {processor.py:183} INFO - Processing /home/airflow/.local/lib/python3.12/site-packages/airflow/example_dags/example_external_task_marker_dag.py took 0.099 seconds
[2024-05-26T15:25:06.497+0000] {processor.py:161} INFO - Started process (PID=440) to work on /home/airflow/.local/lib/python3.12/site-packages/airflow/example_dags/example_external_task_marker_dag.py
[2024-05-26T15:25:06.498+0000] {processor.py:830} INFO - Processing file /home/airflow/.local/lib/python3.12/site-packages/airflow/example_dags/example_external_task_marker_dag.py for tasks to queue
[2024-05-26T15:25:06.500+0000] {logging_mixin.py:188} INFO - [2024-05-26T15:25:06.500+0000] {dagbag.py:545} INFO - Filling up the DagBag from /home/airflow/.local/lib/python3.12/site-packages/airflow/example_dags/example_external_task_marker_dag.py
[2024-05-26T15:25:06.507+0000] {processor.py:840} INFO - DAG(s) 'example_external_task_marker_parent', 'example_external_task_marker_child' retrieved from /home/airflow/.local/lib/python3.12/site-packages/airflow/example_dags/example_external_task_marker_dag.py
[2024-05-26T15:25:06.545+0000] {logging_mixin.py:188} INFO - [2024-05-26T15:25:06.545+0000] {dag.py:3096} INFO - Sync 2 DAGs
[2024-05-26T15:25:06.570+0000] {logging_mixin.py:188} INFO - [2024-05-26T15:25:06.569+0000] {dag.py:3954} INFO - Setting next_dagrun for example_external_task_marker_child to None, run_after=None
[2024-05-26T15:25:06.576+0000] {logging_mixin.py:188} INFO - [2024-05-26T15:25:06.576+0000] {dag.py:3954} INFO - Setting next_dagrun for example_external_task_marker_parent to None, run_after=None
[2024-05-26T15:25:06.601+0000] {processor.py:183} INFO - Processing /home/airflow/.local/lib/python3.12/site-packages/airflow/example_dags/example_external_task_marker_dag.py took 0.111 seconds
[2024-05-26T15:25:36.675+0000] {processor.py:161} INFO - Started process (PID=497) to work on /home/airflow/.local/lib/python3.12/site-packages/airflow/example_dags/example_external_task_marker_dag.py
[2024-05-26T15:25:36.676+0000] {processor.py:830} INFO - Processing file /home/airflow/.local/lib/python3.12/site-packages/airflow/example_dags/example_external_task_marker_dag.py for tasks to queue
[2024-05-26T15:25:36.678+0000] {logging_mixin.py:188} INFO - [2024-05-26T15:25:36.678+0000] {dagbag.py:545} INFO - Filling up the DagBag from /home/airflow/.local/lib/python3.12/site-packages/airflow/example_dags/example_external_task_marker_dag.py
[2024-05-26T15:25:36.685+0000] {processor.py:840} INFO - DAG(s) 'example_external_task_marker_parent', 'example_external_task_marker_child' retrieved from /home/airflow/.local/lib/python3.12/site-packages/airflow/example_dags/example_external_task_marker_dag.py
[2024-05-26T15:25:36.732+0000] {logging_mixin.py:188} INFO - [2024-05-26T15:25:36.732+0000] {dag.py:3096} INFO - Sync 2 DAGs
[2024-05-26T15:25:36.755+0000] {logging_mixin.py:188} INFO - [2024-05-26T15:25:36.754+0000] {dag.py:3954} INFO - Setting next_dagrun for example_external_task_marker_child to None, run_after=None
[2024-05-26T15:25:36.759+0000] {logging_mixin.py:188} INFO - [2024-05-26T15:25:36.759+0000] {dag.py:3954} INFO - Setting next_dagrun for example_external_task_marker_parent to None, run_after=None
[2024-05-26T15:25:36.775+0000] {processor.py:183} INFO - Processing /home/airflow/.local/lib/python3.12/site-packages/airflow/example_dags/example_external_task_marker_dag.py took 0.106 seconds
[2024-05-26T15:26:06.853+0000] {processor.py:161} INFO - Started process (PID=555) to work on /home/airflow/.local/lib/python3.12/site-packages/airflow/example_dags/example_external_task_marker_dag.py
[2024-05-26T15:26:06.854+0000] {processor.py:830} INFO - Processing file /home/airflow/.local/lib/python3.12/site-packages/airflow/example_dags/example_external_task_marker_dag.py for tasks to queue
[2024-05-26T15:26:06.857+0000] {logging_mixin.py:188} INFO - [2024-05-26T15:26:06.856+0000] {dagbag.py:545} INFO - Filling up the DagBag from /home/airflow/.local/lib/python3.12/site-packages/airflow/example_dags/example_external_task_marker_dag.py
[2024-05-26T15:26:06.864+0000] {processor.py:840} INFO - DAG(s) 'example_external_task_marker_parent', 'example_external_task_marker_child' retrieved from /home/airflow/.local/lib/python3.12/site-packages/airflow/example_dags/example_external_task_marker_dag.py
[2024-05-26T15:26:06.892+0000] {logging_mixin.py:188} INFO - [2024-05-26T15:26:06.891+0000] {dag.py:3096} INFO - Sync 2 DAGs
[2024-05-26T15:26:06.908+0000] {logging_mixin.py:188} INFO - [2024-05-26T15:26:06.908+0000] {dag.py:3954} INFO - Setting next_dagrun for example_external_task_marker_child to None, run_after=None
[2024-05-26T15:26:06.913+0000] {logging_mixin.py:188} INFO - [2024-05-26T15:26:06.913+0000] {dag.py:3954} INFO - Setting next_dagrun for example_external_task_marker_parent to None, run_after=None
[2024-05-26T15:26:06.944+0000] {processor.py:183} INFO - Processing /home/airflow/.local/lib/python3.12/site-packages/airflow/example_dags/example_external_task_marker_dag.py took 0.100 seconds
[2024-05-26T15:26:37.527+0000] {processor.py:161} INFO - Started process (PID=613) to work on /home/airflow/.local/lib/python3.12/site-packages/airflow/example_dags/example_external_task_marker_dag.py
[2024-05-26T15:26:37.528+0000] {processor.py:830} INFO - Processing file /home/airflow/.local/lib/python3.12/site-packages/airflow/example_dags/example_external_task_marker_dag.py for tasks to queue
[2024-05-26T15:26:37.530+0000] {logging_mixin.py:188} INFO - [2024-05-26T15:26:37.530+0000] {dagbag.py:545} INFO - Filling up the DagBag from /home/airflow/.local/lib/python3.12/site-packages/airflow/example_dags/example_external_task_marker_dag.py
[2024-05-26T15:26:37.536+0000] {processor.py:840} INFO - DAG(s) 'example_external_task_marker_parent', 'example_external_task_marker_child' retrieved from /home/airflow/.local/lib/python3.12/site-packages/airflow/example_dags/example_external_task_marker_dag.py
[2024-05-26T15:26:37.564+0000] {logging_mixin.py:188} INFO - [2024-05-26T15:26:37.564+0000] {dag.py:3096} INFO - Sync 2 DAGs
[2024-05-26T15:26:37.582+0000] {logging_mixin.py:188} INFO - [2024-05-26T15:26:37.581+0000] {dag.py:3954} INFO - Setting next_dagrun for example_external_task_marker_child to None, run_after=None
[2024-05-26T15:26:37.590+0000] {logging_mixin.py:188} INFO - [2024-05-26T15:26:37.589+0000] {dag.py:3954} INFO - Setting next_dagrun for example_external_task_marker_parent to None, run_after=None
[2024-05-26T15:26:37.610+0000] {processor.py:183} INFO - Processing /home/airflow/.local/lib/python3.12/site-packages/airflow/example_dags/example_external_task_marker_dag.py took 0.090 seconds
[2024-05-26T15:27:07.825+0000] {processor.py:161} INFO - Started process (PID=670) to work on /home/airflow/.local/lib/python3.12/site-packages/airflow/example_dags/example_external_task_marker_dag.py
[2024-05-26T15:27:07.826+0000] {processor.py:830} INFO - Processing file /home/airflow/.local/lib/python3.12/site-packages/airflow/example_dags/example_external_task_marker_dag.py for tasks to queue
[2024-05-26T15:27:07.829+0000] {logging_mixin.py:188} INFO - [2024-05-26T15:27:07.828+0000] {dagbag.py:545} INFO - Filling up the DagBag from /home/airflow/.local/lib/python3.12/site-packages/airflow/example_dags/example_external_task_marker_dag.py
[2024-05-26T15:27:07.835+0000] {processor.py:840} INFO - DAG(s) 'example_external_task_marker_child', 'example_external_task_marker_parent' retrieved from /home/airflow/.local/lib/python3.12/site-packages/airflow/example_dags/example_external_task_marker_dag.py
[2024-05-26T15:27:07.861+0000] {logging_mixin.py:188} INFO - [2024-05-26T15:27:07.861+0000] {dag.py:3096} INFO - Sync 2 DAGs
[2024-05-26T15:27:07.876+0000] {logging_mixin.py:188} INFO - [2024-05-26T15:27:07.876+0000] {dag.py:3954} INFO - Setting next_dagrun for example_external_task_marker_child to None, run_after=None
[2024-05-26T15:27:07.881+0000] {logging_mixin.py:188} INFO - [2024-05-26T15:27:07.880+0000] {dag.py:3954} INFO - Setting next_dagrun for example_external_task_marker_parent to None, run_after=None
[2024-05-26T15:27:07.898+0000] {processor.py:183} INFO - Processing /home/airflow/.local/lib/python3.12/site-packages/airflow/example_dags/example_external_task_marker_dag.py took 0.078 seconds
[2024-05-26T17:43:39.878+0000] {processor.py:161} INFO - Started process (PID=65) to work on /home/airflow/.local/lib/python3.12/site-packages/airflow/example_dags/example_external_task_marker_dag.py
[2024-05-26T17:43:39.879+0000] {processor.py:830} INFO - Processing file /home/airflow/.local/lib/python3.12/site-packages/airflow/example_dags/example_external_task_marker_dag.py for tasks to queue
[2024-05-26T17:43:39.881+0000] {logging_mixin.py:188} INFO - [2024-05-26T17:43:39.881+0000] {dagbag.py:545} INFO - Filling up the DagBag from /home/airflow/.local/lib/python3.12/site-packages/airflow/example_dags/example_external_task_marker_dag.py
[2024-05-26T17:43:39.889+0000] {processor.py:840} INFO - DAG(s) 'example_external_task_marker_parent', 'example_external_task_marker_child' retrieved from /home/airflow/.local/lib/python3.12/site-packages/airflow/example_dags/example_external_task_marker_dag.py
[2024-05-26T17:43:40.027+0000] {logging_mixin.py:188} INFO - [2024-05-26T17:43:40.026+0000] {dag.py:3096} INFO - Sync 2 DAGs
[2024-05-26T17:43:40.042+0000] {logging_mixin.py:188} INFO - [2024-05-26T17:43:40.041+0000] {dag.py:3954} INFO - Setting next_dagrun for example_external_task_marker_child to None, run_after=None
[2024-05-26T17:43:40.046+0000] {logging_mixin.py:188} INFO - [2024-05-26T17:43:40.046+0000] {dag.py:3954} INFO - Setting next_dagrun for example_external_task_marker_parent to None, run_after=None
[2024-05-26T17:43:40.069+0000] {processor.py:183} INFO - Processing /home/airflow/.local/lib/python3.12/site-packages/airflow/example_dags/example_external_task_marker_dag.py took 0.199 seconds
[2024-05-26T17:44:10.559+0000] {processor.py:161} INFO - Started process (PID=123) to work on /home/airflow/.local/lib/python3.12/site-packages/airflow/example_dags/example_external_task_marker_dag.py
[2024-05-26T17:44:10.561+0000] {processor.py:830} INFO - Processing file /home/airflow/.local/lib/python3.12/site-packages/airflow/example_dags/example_external_task_marker_dag.py for tasks to queue
[2024-05-26T17:44:10.563+0000] {logging_mixin.py:188} INFO - [2024-05-26T17:44:10.563+0000] {dagbag.py:545} INFO - Filling up the DagBag from /home/airflow/.local/lib/python3.12/site-packages/airflow/example_dags/example_external_task_marker_dag.py
[2024-05-26T17:44:10.570+0000] {processor.py:840} INFO - DAG(s) 'example_external_task_marker_child', 'example_external_task_marker_parent' retrieved from /home/airflow/.local/lib/python3.12/site-packages/airflow/example_dags/example_external_task_marker_dag.py
[2024-05-26T17:44:10.601+0000] {logging_mixin.py:188} INFO - [2024-05-26T17:44:10.600+0000] {dag.py:3096} INFO - Sync 2 DAGs
[2024-05-26T17:44:10.621+0000] {logging_mixin.py:188} INFO - [2024-05-26T17:44:10.621+0000] {dag.py:3954} INFO - Setting next_dagrun for example_external_task_marker_child to None, run_after=None
[2024-05-26T17:44:10.627+0000] {logging_mixin.py:188} INFO - [2024-05-26T17:44:10.627+0000] {dag.py:3954} INFO - Setting next_dagrun for example_external_task_marker_parent to None, run_after=None
[2024-05-26T17:44:10.647+0000] {processor.py:183} INFO - Processing /home/airflow/.local/lib/python3.12/site-packages/airflow/example_dags/example_external_task_marker_dag.py took 0.095 seconds
[2024-05-26T17:44:41.162+0000] {processor.py:161} INFO - Started process (PID=181) to work on /home/airflow/.local/lib/python3.12/site-packages/airflow/example_dags/example_external_task_marker_dag.py
[2024-05-26T17:44:41.163+0000] {processor.py:830} INFO - Processing file /home/airflow/.local/lib/python3.12/site-packages/airflow/example_dags/example_external_task_marker_dag.py for tasks to queue
[2024-05-26T17:44:41.165+0000] {logging_mixin.py:188} INFO - [2024-05-26T17:44:41.165+0000] {dagbag.py:545} INFO - Filling up the DagBag from /home/airflow/.local/lib/python3.12/site-packages/airflow/example_dags/example_external_task_marker_dag.py
[2024-05-26T17:44:41.173+0000] {processor.py:840} INFO - DAG(s) 'example_external_task_marker_parent', 'example_external_task_marker_child' retrieved from /home/airflow/.local/lib/python3.12/site-packages/airflow/example_dags/example_external_task_marker_dag.py
[2024-05-26T17:44:41.200+0000] {logging_mixin.py:188} INFO - [2024-05-26T17:44:41.200+0000] {dag.py:3096} INFO - Sync 2 DAGs
[2024-05-26T17:44:41.216+0000] {logging_mixin.py:188} INFO - [2024-05-26T17:44:41.216+0000] {dag.py:3954} INFO - Setting next_dagrun for example_external_task_marker_child to None, run_after=None
[2024-05-26T17:44:41.222+0000] {logging_mixin.py:188} INFO - [2024-05-26T17:44:41.221+0000] {dag.py:3954} INFO - Setting next_dagrun for example_external_task_marker_parent to None, run_after=None
[2024-05-26T17:44:41.245+0000] {processor.py:183} INFO - Processing /home/airflow/.local/lib/python3.12/site-packages/airflow/example_dags/example_external_task_marker_dag.py took 0.093 seconds
[2024-05-26T17:45:11.496+0000] {processor.py:161} INFO - Started process (PID=238) to work on /home/airflow/.local/lib/python3.12/site-packages/airflow/example_dags/example_external_task_marker_dag.py
[2024-05-26T17:45:11.497+0000] {processor.py:830} INFO - Processing file /home/airflow/.local/lib/python3.12/site-packages/airflow/example_dags/example_external_task_marker_dag.py for tasks to queue
[2024-05-26T17:45:11.500+0000] {logging_mixin.py:188} INFO - [2024-05-26T17:45:11.499+0000] {dagbag.py:545} INFO - Filling up the DagBag from /home/airflow/.local/lib/python3.12/site-packages/airflow/example_dags/example_external_task_marker_dag.py
[2024-05-26T17:45:11.507+0000] {processor.py:840} INFO - DAG(s) 'example_external_task_marker_child', 'example_external_task_marker_parent' retrieved from /home/airflow/.local/lib/python3.12/site-packages/airflow/example_dags/example_external_task_marker_dag.py
[2024-05-26T17:45:11.531+0000] {logging_mixin.py:188} INFO - [2024-05-26T17:45:11.531+0000] {dag.py:3096} INFO - Sync 2 DAGs
[2024-05-26T17:45:11.547+0000] {logging_mixin.py:188} INFO - [2024-05-26T17:45:11.547+0000] {dag.py:3954} INFO - Setting next_dagrun for example_external_task_marker_child to None, run_after=None
[2024-05-26T17:45:11.553+0000] {logging_mixin.py:188} INFO - [2024-05-26T17:45:11.553+0000] {dag.py:3954} INFO - Setting next_dagrun for example_external_task_marker_parent to None, run_after=None
[2024-05-26T17:45:11.573+0000] {processor.py:183} INFO - Processing /home/airflow/.local/lib/python3.12/site-packages/airflow/example_dags/example_external_task_marker_dag.py took 0.083 seconds
[2024-05-26T17:45:43.424+0000] {processor.py:161} INFO - Started process (PID=296) to work on /home/airflow/.local/lib/python3.12/site-packages/airflow/example_dags/example_external_task_marker_dag.py
[2024-05-26T17:45:43.425+0000] {processor.py:830} INFO - Processing file /home/airflow/.local/lib/python3.12/site-packages/airflow/example_dags/example_external_task_marker_dag.py for tasks to queue
[2024-05-26T17:45:43.427+0000] {logging_mixin.py:188} INFO - [2024-05-26T17:45:43.427+0000] {dagbag.py:545} INFO - Filling up the DagBag from /home/airflow/.local/lib/python3.12/site-packages/airflow/example_dags/example_external_task_marker_dag.py
[2024-05-26T17:45:43.434+0000] {processor.py:840} INFO - DAG(s) 'example_external_task_marker_parent', 'example_external_task_marker_child' retrieved from /home/airflow/.local/lib/python3.12/site-packages/airflow/example_dags/example_external_task_marker_dag.py
[2024-05-26T17:45:43.465+0000] {logging_mixin.py:188} INFO - [2024-05-26T17:45:43.465+0000] {dag.py:3096} INFO - Sync 2 DAGs
[2024-05-26T17:45:43.481+0000] {logging_mixin.py:188} INFO - [2024-05-26T17:45:43.481+0000] {dag.py:3954} INFO - Setting next_dagrun for example_external_task_marker_child to None, run_after=None
[2024-05-26T17:45:43.487+0000] {logging_mixin.py:188} INFO - [2024-05-26T17:45:43.486+0000] {dag.py:3954} INFO - Setting next_dagrun for example_external_task_marker_parent to None, run_after=None
[2024-05-26T17:45:43.682+0000] {processor.py:183} INFO - Processing /home/airflow/.local/lib/python3.12/site-packages/airflow/example_dags/example_external_task_marker_dag.py took 0.265 seconds
[2024-05-26T17:46:14.435+0000] {processor.py:161} INFO - Started process (PID=353) to work on /home/airflow/.local/lib/python3.12/site-packages/airflow/example_dags/example_external_task_marker_dag.py
[2024-05-26T17:46:14.436+0000] {processor.py:830} INFO - Processing file /home/airflow/.local/lib/python3.12/site-packages/airflow/example_dags/example_external_task_marker_dag.py for tasks to queue
[2024-05-26T17:46:14.437+0000] {logging_mixin.py:188} INFO - [2024-05-26T17:46:14.437+0000] {dagbag.py:545} INFO - Filling up the DagBag from /home/airflow/.local/lib/python3.12/site-packages/airflow/example_dags/example_external_task_marker_dag.py
[2024-05-26T17:46:14.444+0000] {processor.py:840} INFO - DAG(s) 'example_external_task_marker_child', 'example_external_task_marker_parent' retrieved from /home/airflow/.local/lib/python3.12/site-packages/airflow/example_dags/example_external_task_marker_dag.py
[2024-05-26T17:46:14.476+0000] {logging_mixin.py:188} INFO - [2024-05-26T17:46:14.475+0000] {dag.py:3096} INFO - Sync 2 DAGs
[2024-05-26T17:46:14.494+0000] {logging_mixin.py:188} INFO - [2024-05-26T17:46:14.493+0000] {dag.py:3954} INFO - Setting next_dagrun for example_external_task_marker_child to None, run_after=None
[2024-05-26T17:46:14.499+0000] {logging_mixin.py:188} INFO - [2024-05-26T17:46:14.499+0000] {dag.py:3954} INFO - Setting next_dagrun for example_external_task_marker_parent to None, run_after=None
[2024-05-26T17:46:14.519+0000] {processor.py:183} INFO - Processing /home/airflow/.local/lib/python3.12/site-packages/airflow/example_dags/example_external_task_marker_dag.py took 0.091 seconds
[2024-05-26T17:46:44.870+0000] {processor.py:161} INFO - Started process (PID=411) to work on /home/airflow/.local/lib/python3.12/site-packages/airflow/example_dags/example_external_task_marker_dag.py
[2024-05-26T17:46:44.871+0000] {processor.py:830} INFO - Processing file /home/airflow/.local/lib/python3.12/site-packages/airflow/example_dags/example_external_task_marker_dag.py for tasks to queue
[2024-05-26T17:46:44.874+0000] {logging_mixin.py:188} INFO - [2024-05-26T17:46:44.874+0000] {dagbag.py:545} INFO - Filling up the DagBag from /home/airflow/.local/lib/python3.12/site-packages/airflow/example_dags/example_external_task_marker_dag.py
[2024-05-26T17:46:44.881+0000] {processor.py:840} INFO - DAG(s) 'example_external_task_marker_parent', 'example_external_task_marker_child' retrieved from /home/airflow/.local/lib/python3.12/site-packages/airflow/example_dags/example_external_task_marker_dag.py
[2024-05-26T17:46:44.914+0000] {logging_mixin.py:188} INFO - [2024-05-26T17:46:44.914+0000] {dag.py:3096} INFO - Sync 2 DAGs
[2024-05-26T17:46:44.932+0000] {logging_mixin.py:188} INFO - [2024-05-26T17:46:44.932+0000] {dag.py:3954} INFO - Setting next_dagrun for example_external_task_marker_child to None, run_after=None
[2024-05-26T17:46:44.937+0000] {logging_mixin.py:188} INFO - [2024-05-26T17:46:44.937+0000] {dag.py:3954} INFO - Setting next_dagrun for example_external_task_marker_parent to None, run_after=None
[2024-05-26T17:46:44.956+0000] {processor.py:183} INFO - Processing /home/airflow/.local/lib/python3.12/site-packages/airflow/example_dags/example_external_task_marker_dag.py took 0.093 seconds
[2024-05-26T17:47:15.489+0000] {processor.py:161} INFO - Started process (PID=475) to work on /home/airflow/.local/lib/python3.12/site-packages/airflow/example_dags/example_external_task_marker_dag.py
[2024-05-26T17:47:15.490+0000] {processor.py:830} INFO - Processing file /home/airflow/.local/lib/python3.12/site-packages/airflow/example_dags/example_external_task_marker_dag.py for tasks to queue
[2024-05-26T17:47:15.493+0000] {logging_mixin.py:188} INFO - [2024-05-26T17:47:15.492+0000] {dagbag.py:545} INFO - Filling up the DagBag from /home/airflow/.local/lib/python3.12/site-packages/airflow/example_dags/example_external_task_marker_dag.py
[2024-05-26T17:47:15.502+0000] {processor.py:840} INFO - DAG(s) 'example_external_task_marker_parent', 'example_external_task_marker_child' retrieved from /home/airflow/.local/lib/python3.12/site-packages/airflow/example_dags/example_external_task_marker_dag.py
[2024-05-26T17:47:15.539+0000] {logging_mixin.py:188} INFO - [2024-05-26T17:47:15.539+0000] {dag.py:3096} INFO - Sync 2 DAGs
[2024-05-26T17:47:15.560+0000] {logging_mixin.py:188} INFO - [2024-05-26T17:47:15.560+0000] {dag.py:3954} INFO - Setting next_dagrun for example_external_task_marker_child to None, run_after=None
[2024-05-26T17:47:15.565+0000] {logging_mixin.py:188} INFO - [2024-05-26T17:47:15.564+0000] {dag.py:3954} INFO - Setting next_dagrun for example_external_task_marker_parent to None, run_after=None
[2024-05-26T17:47:15.586+0000] {processor.py:183} INFO - Processing /home/airflow/.local/lib/python3.12/site-packages/airflow/example_dags/example_external_task_marker_dag.py took 0.107 seconds
[2024-05-26T17:47:45.877+0000] {processor.py:161} INFO - Started process (PID=533) to work on /home/airflow/.local/lib/python3.12/site-packages/airflow/example_dags/example_external_task_marker_dag.py
[2024-05-26T17:47:45.878+0000] {processor.py:830} INFO - Processing file /home/airflow/.local/lib/python3.12/site-packages/airflow/example_dags/example_external_task_marker_dag.py for tasks to queue
[2024-05-26T17:47:45.881+0000] {logging_mixin.py:188} INFO - [2024-05-26T17:47:45.881+0000] {dagbag.py:545} INFO - Filling up the DagBag from /home/airflow/.local/lib/python3.12/site-packages/airflow/example_dags/example_external_task_marker_dag.py
[2024-05-26T17:47:45.888+0000] {processor.py:840} INFO - DAG(s) 'example_external_task_marker_child', 'example_external_task_marker_parent' retrieved from /home/airflow/.local/lib/python3.12/site-packages/airflow/example_dags/example_external_task_marker_dag.py
[2024-05-26T17:47:45.917+0000] {logging_mixin.py:188} INFO - [2024-05-26T17:47:45.917+0000] {dag.py:3096} INFO - Sync 2 DAGs
[2024-05-26T17:47:45.938+0000] {logging_mixin.py:188} INFO - [2024-05-26T17:47:45.938+0000] {dag.py:3954} INFO - Setting next_dagrun for example_external_task_marker_child to None, run_after=None
[2024-05-26T17:47:45.943+0000] {logging_mixin.py:188} INFO - [2024-05-26T17:47:45.943+0000] {dag.py:3954} INFO - Setting next_dagrun for example_external_task_marker_parent to None, run_after=None
[2024-05-26T17:47:45.964+0000] {processor.py:183} INFO - Processing /home/airflow/.local/lib/python3.12/site-packages/airflow/example_dags/example_external_task_marker_dag.py took 0.096 seconds
[2024-05-26T17:49:10.461+0000] {processor.py:161} INFO - Started process (PID=65) to work on /home/airflow/.local/lib/python3.12/site-packages/airflow/example_dags/example_external_task_marker_dag.py
[2024-05-26T17:49:10.462+0000] {processor.py:830} INFO - Processing file /home/airflow/.local/lib/python3.12/site-packages/airflow/example_dags/example_external_task_marker_dag.py for tasks to queue
[2024-05-26T17:49:10.464+0000] {logging_mixin.py:188} INFO - [2024-05-26T17:49:10.464+0000] {dagbag.py:545} INFO - Filling up the DagBag from /home/airflow/.local/lib/python3.12/site-packages/airflow/example_dags/example_external_task_marker_dag.py
[2024-05-26T17:49:10.472+0000] {processor.py:840} INFO - DAG(s) 'example_external_task_marker_child', 'example_external_task_marker_parent' retrieved from /home/airflow/.local/lib/python3.12/site-packages/airflow/example_dags/example_external_task_marker_dag.py
[2024-05-26T17:49:10.607+0000] {logging_mixin.py:188} INFO - [2024-05-26T17:49:10.607+0000] {dag.py:3096} INFO - Sync 2 DAGs
[2024-05-26T17:49:10.623+0000] {logging_mixin.py:188} INFO - [2024-05-26T17:49:10.622+0000] {dag.py:3954} INFO - Setting next_dagrun for example_external_task_marker_child to None, run_after=None
[2024-05-26T17:49:10.627+0000] {logging_mixin.py:188} INFO - [2024-05-26T17:49:10.627+0000] {dag.py:3954} INFO - Setting next_dagrun for example_external_task_marker_parent to None, run_after=None
[2024-05-26T17:49:10.648+0000] {processor.py:183} INFO - Processing /home/airflow/.local/lib/python3.12/site-packages/airflow/example_dags/example_external_task_marker_dag.py took 0.194 seconds
[2024-05-26T17:49:41.218+0000] {processor.py:161} INFO - Started process (PID=123) to work on /home/airflow/.local/lib/python3.12/site-packages/airflow/example_dags/example_external_task_marker_dag.py
[2024-05-26T17:49:41.221+0000] {processor.py:830} INFO - Processing file /home/airflow/.local/lib/python3.12/site-packages/airflow/example_dags/example_external_task_marker_dag.py for tasks to queue
[2024-05-26T17:49:41.223+0000] {logging_mixin.py:188} INFO - [2024-05-26T17:49:41.223+0000] {dagbag.py:545} INFO - Filling up the DagBag from /home/airflow/.local/lib/python3.12/site-packages/airflow/example_dags/example_external_task_marker_dag.py
[2024-05-26T17:49:41.230+0000] {processor.py:840} INFO - DAG(s) 'example_external_task_marker_child', 'example_external_task_marker_parent' retrieved from /home/airflow/.local/lib/python3.12/site-packages/airflow/example_dags/example_external_task_marker_dag.py
[2024-05-26T17:49:41.276+0000] {logging_mixin.py:188} INFO - [2024-05-26T17:49:41.276+0000] {dag.py:3096} INFO - Sync 2 DAGs
[2024-05-26T17:49:41.294+0000] {logging_mixin.py:188} INFO - [2024-05-26T17:49:41.294+0000] {dag.py:3954} INFO - Setting next_dagrun for example_external_task_marker_child to None, run_after=None
[2024-05-26T17:49:41.299+0000] {logging_mixin.py:188} INFO - [2024-05-26T17:49:41.299+0000] {dag.py:3954} INFO - Setting next_dagrun for example_external_task_marker_parent to None, run_after=None
[2024-05-26T17:49:41.316+0000] {processor.py:183} INFO - Processing /home/airflow/.local/lib/python3.12/site-packages/airflow/example_dags/example_external_task_marker_dag.py took 0.115 seconds
[2024-05-26T17:50:11.416+0000] {processor.py:161} INFO - Started process (PID=179) to work on /home/airflow/.local/lib/python3.12/site-packages/airflow/example_dags/example_external_task_marker_dag.py
[2024-05-26T17:50:11.417+0000] {processor.py:830} INFO - Processing file /home/airflow/.local/lib/python3.12/site-packages/airflow/example_dags/example_external_task_marker_dag.py for tasks to queue
[2024-05-26T17:50:11.420+0000] {logging_mixin.py:188} INFO - [2024-05-26T17:50:11.420+0000] {dagbag.py:545} INFO - Filling up the DagBag from /home/airflow/.local/lib/python3.12/site-packages/airflow/example_dags/example_external_task_marker_dag.py
[2024-05-26T17:50:11.428+0000] {processor.py:840} INFO - DAG(s) 'example_external_task_marker_child', 'example_external_task_marker_parent' retrieved from /home/airflow/.local/lib/python3.12/site-packages/airflow/example_dags/example_external_task_marker_dag.py
[2024-05-26T17:50:11.457+0000] {logging_mixin.py:188} INFO - [2024-05-26T17:50:11.457+0000] {dag.py:3096} INFO - Sync 2 DAGs
[2024-05-26T17:50:11.475+0000] {logging_mixin.py:188} INFO - [2024-05-26T17:50:11.475+0000] {dag.py:3954} INFO - Setting next_dagrun for example_external_task_marker_child to None, run_after=None
[2024-05-26T17:50:11.480+0000] {logging_mixin.py:188} INFO - [2024-05-26T17:50:11.480+0000] {dag.py:3954} INFO - Setting next_dagrun for example_external_task_marker_parent to None, run_after=None
[2024-05-26T17:50:11.502+0000] {processor.py:183} INFO - Processing /home/airflow/.local/lib/python3.12/site-packages/airflow/example_dags/example_external_task_marker_dag.py took 0.095 seconds
[2024-05-26T17:50:41.905+0000] {processor.py:161} INFO - Started process (PID=236) to work on /home/airflow/.local/lib/python3.12/site-packages/airflow/example_dags/example_external_task_marker_dag.py
[2024-05-26T17:50:41.907+0000] {processor.py:830} INFO - Processing file /home/airflow/.local/lib/python3.12/site-packages/airflow/example_dags/example_external_task_marker_dag.py for tasks to queue
[2024-05-26T17:50:41.909+0000] {logging_mixin.py:188} INFO - [2024-05-26T17:50:41.909+0000] {dagbag.py:545} INFO - Filling up the DagBag from /home/airflow/.local/lib/python3.12/site-packages/airflow/example_dags/example_external_task_marker_dag.py
[2024-05-26T17:50:41.917+0000] {processor.py:840} INFO - DAG(s) 'example_external_task_marker_child', 'example_external_task_marker_parent' retrieved from /home/airflow/.local/lib/python3.12/site-packages/airflow/example_dags/example_external_task_marker_dag.py
[2024-05-26T17:50:41.950+0000] {logging_mixin.py:188} INFO - [2024-05-26T17:50:41.950+0000] {dag.py:3096} INFO - Sync 2 DAGs
[2024-05-26T17:50:41.967+0000] {logging_mixin.py:188} INFO - [2024-05-26T17:50:41.967+0000] {dag.py:3954} INFO - Setting next_dagrun for example_external_task_marker_child to None, run_after=None
[2024-05-26T17:50:41.974+0000] {logging_mixin.py:188} INFO - [2024-05-26T17:50:41.974+0000] {dag.py:3954} INFO - Setting next_dagrun for example_external_task_marker_parent to None, run_after=None
[2024-05-26T17:50:42.001+0000] {processor.py:183} INFO - Processing /home/airflow/.local/lib/python3.12/site-packages/airflow/example_dags/example_external_task_marker_dag.py took 0.102 seconds
[2024-05-26T17:51:12.148+0000] {processor.py:161} INFO - Started process (PID=293) to work on /home/airflow/.local/lib/python3.12/site-packages/airflow/example_dags/example_external_task_marker_dag.py
[2024-05-26T17:51:12.149+0000] {processor.py:830} INFO - Processing file /home/airflow/.local/lib/python3.12/site-packages/airflow/example_dags/example_external_task_marker_dag.py for tasks to queue
[2024-05-26T17:51:12.151+0000] {logging_mixin.py:188} INFO - [2024-05-26T17:51:12.151+0000] {dagbag.py:545} INFO - Filling up the DagBag from /home/airflow/.local/lib/python3.12/site-packages/airflow/example_dags/example_external_task_marker_dag.py
[2024-05-26T17:51:12.159+0000] {processor.py:840} INFO - DAG(s) 'example_external_task_marker_child', 'example_external_task_marker_parent' retrieved from /home/airflow/.local/lib/python3.12/site-packages/airflow/example_dags/example_external_task_marker_dag.py
[2024-05-26T17:51:12.194+0000] {logging_mixin.py:188} INFO - [2024-05-26T17:51:12.194+0000] {dag.py:3096} INFO - Sync 2 DAGs
[2024-05-26T17:51:12.212+0000] {logging_mixin.py:188} INFO - [2024-05-26T17:51:12.212+0000] {dag.py:3954} INFO - Setting next_dagrun for example_external_task_marker_child to None, run_after=None
[2024-05-26T17:51:12.218+0000] {logging_mixin.py:188} INFO - [2024-05-26T17:51:12.218+0000] {dag.py:3954} INFO - Setting next_dagrun for example_external_task_marker_parent to None, run_after=None
[2024-05-26T17:51:12.244+0000] {processor.py:183} INFO - Processing /home/airflow/.local/lib/python3.12/site-packages/airflow/example_dags/example_external_task_marker_dag.py took 0.103 seconds
[2024-05-26T17:51:42.371+0000] {processor.py:161} INFO - Started process (PID=351) to work on /home/airflow/.local/lib/python3.12/site-packages/airflow/example_dags/example_external_task_marker_dag.py
[2024-05-26T17:51:42.372+0000] {processor.py:830} INFO - Processing file /home/airflow/.local/lib/python3.12/site-packages/airflow/example_dags/example_external_task_marker_dag.py for tasks to queue
[2024-05-26T17:51:42.375+0000] {logging_mixin.py:188} INFO - [2024-05-26T17:51:42.374+0000] {dagbag.py:545} INFO - Filling up the DagBag from /home/airflow/.local/lib/python3.12/site-packages/airflow/example_dags/example_external_task_marker_dag.py
[2024-05-26T17:51:42.385+0000] {processor.py:840} INFO - DAG(s) 'example_external_task_marker_parent', 'example_external_task_marker_child' retrieved from /home/airflow/.local/lib/python3.12/site-packages/airflow/example_dags/example_external_task_marker_dag.py
[2024-05-26T17:51:42.418+0000] {logging_mixin.py:188} INFO - [2024-05-26T17:51:42.418+0000] {dag.py:3096} INFO - Sync 2 DAGs
[2024-05-26T17:51:42.438+0000] {logging_mixin.py:188} INFO - [2024-05-26T17:51:42.438+0000] {dag.py:3954} INFO - Setting next_dagrun for example_external_task_marker_child to None, run_after=None
[2024-05-26T17:51:42.445+0000] {logging_mixin.py:188} INFO - [2024-05-26T17:51:42.444+0000] {dag.py:3954} INFO - Setting next_dagrun for example_external_task_marker_parent to None, run_after=None
[2024-05-26T17:51:42.471+0000] {processor.py:183} INFO - Processing /home/airflow/.local/lib/python3.12/site-packages/airflow/example_dags/example_external_task_marker_dag.py took 0.109 seconds
[2024-05-26T17:52:13.012+0000] {processor.py:161} INFO - Started process (PID=410) to work on /home/airflow/.local/lib/python3.12/site-packages/airflow/example_dags/example_external_task_marker_dag.py
[2024-05-26T17:52:13.013+0000] {processor.py:830} INFO - Processing file /home/airflow/.local/lib/python3.12/site-packages/airflow/example_dags/example_external_task_marker_dag.py for tasks to queue
[2024-05-26T17:52:13.016+0000] {logging_mixin.py:188} INFO - [2024-05-26T17:52:13.015+0000] {dagbag.py:545} INFO - Filling up the DagBag from /home/airflow/.local/lib/python3.12/site-packages/airflow/example_dags/example_external_task_marker_dag.py
[2024-05-26T17:52:13.022+0000] {processor.py:840} INFO - DAG(s) 'example_external_task_marker_child', 'example_external_task_marker_parent' retrieved from /home/airflow/.local/lib/python3.12/site-packages/airflow/example_dags/example_external_task_marker_dag.py
[2024-05-26T17:52:13.053+0000] {logging_mixin.py:188} INFO - [2024-05-26T17:52:13.053+0000] {dag.py:3096} INFO - Sync 2 DAGs
[2024-05-26T17:52:13.070+0000] {logging_mixin.py:188} INFO - [2024-05-26T17:52:13.069+0000] {dag.py:3954} INFO - Setting next_dagrun for example_external_task_marker_child to None, run_after=None
[2024-05-26T17:52:13.075+0000] {logging_mixin.py:188} INFO - [2024-05-26T17:52:13.075+0000] {dag.py:3954} INFO - Setting next_dagrun for example_external_task_marker_parent to None, run_after=None
[2024-05-26T17:52:13.093+0000] {processor.py:183} INFO - Processing /home/airflow/.local/lib/python3.12/site-packages/airflow/example_dags/example_external_task_marker_dag.py took 0.089 seconds
[2024-05-26T17:57:47.777+0000] {processor.py:161} INFO - Started process (PID=65) to work on /home/airflow/.local/lib/python3.12/site-packages/airflow/example_dags/example_external_task_marker_dag.py
[2024-05-26T17:57:47.778+0000] {processor.py:830} INFO - Processing file /home/airflow/.local/lib/python3.12/site-packages/airflow/example_dags/example_external_task_marker_dag.py for tasks to queue
[2024-05-26T17:57:47.781+0000] {logging_mixin.py:188} INFO - [2024-05-26T17:57:47.780+0000] {dagbag.py:545} INFO - Filling up the DagBag from /home/airflow/.local/lib/python3.12/site-packages/airflow/example_dags/example_external_task_marker_dag.py
[2024-05-26T17:57:47.790+0000] {processor.py:840} INFO - DAG(s) 'example_external_task_marker_child', 'example_external_task_marker_parent' retrieved from /home/airflow/.local/lib/python3.12/site-packages/airflow/example_dags/example_external_task_marker_dag.py
[2024-05-26T17:57:47.811+0000] {logging_mixin.py:188} INFO - [2024-05-26T17:57:47.811+0000] {dag.py:3096} INFO - Sync 2 DAGs
[2024-05-26T17:57:47.833+0000] {logging_mixin.py:188} INFO - [2024-05-26T17:57:47.833+0000] {dag.py:3954} INFO - Setting next_dagrun for example_external_task_marker_child to None, run_after=None
[2024-05-26T17:57:47.840+0000] {logging_mixin.py:188} INFO - [2024-05-26T17:57:47.840+0000] {dag.py:3954} INFO - Setting next_dagrun for example_external_task_marker_parent to None, run_after=None
[2024-05-26T17:57:47.865+0000] {processor.py:183} INFO - Processing /home/airflow/.local/lib/python3.12/site-packages/airflow/example_dags/example_external_task_marker_dag.py took 0.095 seconds
[2024-05-26T17:58:19.816+0000] {processor.py:161} INFO - Started process (PID=123) to work on /home/airflow/.local/lib/python3.12/site-packages/airflow/example_dags/example_external_task_marker_dag.py
[2024-05-26T17:58:19.817+0000] {processor.py:830} INFO - Processing file /home/airflow/.local/lib/python3.12/site-packages/airflow/example_dags/example_external_task_marker_dag.py for tasks to queue
[2024-05-26T17:58:19.820+0000] {logging_mixin.py:188} INFO - [2024-05-26T17:58:19.819+0000] {dagbag.py:545} INFO - Filling up the DagBag from /home/airflow/.local/lib/python3.12/site-packages/airflow/example_dags/example_external_task_marker_dag.py
[2024-05-26T17:58:19.828+0000] {processor.py:840} INFO - DAG(s) 'example_external_task_marker_child', 'example_external_task_marker_parent' retrieved from /home/airflow/.local/lib/python3.12/site-packages/airflow/example_dags/example_external_task_marker_dag.py
[2024-05-26T17:58:19.979+0000] {logging_mixin.py:188} INFO - [2024-05-26T17:58:19.979+0000] {dag.py:3096} INFO - Sync 2 DAGs
[2024-05-26T17:58:19.992+0000] {logging_mixin.py:188} INFO - [2024-05-26T17:58:19.992+0000] {dag.py:3954} INFO - Setting next_dagrun for example_external_task_marker_child to None, run_after=None
[2024-05-26T17:58:19.996+0000] {logging_mixin.py:188} INFO - [2024-05-26T17:58:19.996+0000] {dag.py:3954} INFO - Setting next_dagrun for example_external_task_marker_parent to None, run_after=None
[2024-05-26T17:58:20.022+0000] {processor.py:183} INFO - Processing /home/airflow/.local/lib/python3.12/site-packages/airflow/example_dags/example_external_task_marker_dag.py took 0.214 seconds
[2024-05-26T17:58:50.901+0000] {processor.py:161} INFO - Started process (PID=181) to work on /home/airflow/.local/lib/python3.12/site-packages/airflow/example_dags/example_external_task_marker_dag.py
[2024-05-26T17:58:50.903+0000] {processor.py:830} INFO - Processing file /home/airflow/.local/lib/python3.12/site-packages/airflow/example_dags/example_external_task_marker_dag.py for tasks to queue
[2024-05-26T17:58:50.909+0000] {logging_mixin.py:188} INFO - [2024-05-26T17:58:50.908+0000] {dagbag.py:545} INFO - Filling up the DagBag from /home/airflow/.local/lib/python3.12/site-packages/airflow/example_dags/example_external_task_marker_dag.py
[2024-05-26T17:58:50.920+0000] {processor.py:840} INFO - DAG(s) 'example_external_task_marker_parent', 'example_external_task_marker_child' retrieved from /home/airflow/.local/lib/python3.12/site-packages/airflow/example_dags/example_external_task_marker_dag.py
[2024-05-26T17:58:50.953+0000] {logging_mixin.py:188} INFO - [2024-05-26T17:58:50.952+0000] {dag.py:3096} INFO - Sync 2 DAGs
[2024-05-26T17:58:50.969+0000] {logging_mixin.py:188} INFO - [2024-05-26T17:58:50.969+0000] {dag.py:3954} INFO - Setting next_dagrun for example_external_task_marker_child to None, run_after=None
[2024-05-26T17:58:50.975+0000] {logging_mixin.py:188} INFO - [2024-05-26T17:58:50.974+0000] {dag.py:3954} INFO - Setting next_dagrun for example_external_task_marker_parent to None, run_after=None
[2024-05-26T17:58:50.995+0000] {processor.py:183} INFO - Processing /home/airflow/.local/lib/python3.12/site-packages/airflow/example_dags/example_external_task_marker_dag.py took 0.114 seconds
