[2024-05-26T15:21:34.849+0000] {processor.py:161} INFO - Started process (PID=53) to work on /home/airflow/.local/lib/python3.12/site-packages/airflow/example_dags/example_branch_datetime_operator.py
[2024-05-26T15:21:34.851+0000] {processor.py:830} INFO - Processing file /home/airflow/.local/lib/python3.12/site-packages/airflow/example_dags/example_branch_datetime_operator.py for tasks to queue
[2024-05-26T15:21:34.854+0000] {logging_mixin.py:188} INFO - [2024-05-26T15:21:34.854+0000] {dagbag.py:545} INFO - Filling up the DagBag from /home/airflow/.local/lib/python3.12/site-packages/airflow/example_dags/example_branch_datetime_operator.py
[2024-05-26T15:21:34.866+0000] {processor.py:840} INFO - DAG(s) 'example_branch_datetime_operator', 'example_branch_datetime_operator_2', 'example_branch_datetime_operator_3' retrieved from /home/airflow/.local/lib/python3.12/site-packages/airflow/example_dags/example_branch_datetime_operator.py
[2024-05-26T15:21:34.909+0000] {logging_mixin.py:188} INFO - [2024-05-26T15:21:34.909+0000] {dag.py:3096} INFO - Sync 3 DAGs
[2024-05-26T15:21:34.952+0000] {logging_mixin.py:188} INFO - [2024-05-26T15:21:34.952+0000] {dag.py:3954} INFO - Setting next_dagrun for example_branch_datetime_operator to 2024-05-25 00:00:00+00:00, run_after=2024-05-26 00:00:00+00:00
[2024-05-26T15:21:34.959+0000] {logging_mixin.py:188} INFO - [2024-05-26T15:21:34.959+0000] {dag.py:3954} INFO - Setting next_dagrun for example_branch_datetime_operator_2 to 2024-05-25 00:00:00+00:00, run_after=2024-05-26 00:00:00+00:00
[2024-05-26T15:21:34.963+0000] {logging_mixin.py:188} INFO - [2024-05-26T15:21:34.963+0000] {dag.py:3954} INFO - Setting next_dagrun for example_branch_datetime_operator_3 to 2024-05-25 00:00:00+00:00, run_after=2024-05-26 00:00:00+00:00
[2024-05-26T15:21:34.988+0000] {processor.py:183} INFO - Processing /home/airflow/.local/lib/python3.12/site-packages/airflow/example_dags/example_branch_datetime_operator.py took 0.145 seconds
[2024-05-26T15:22:05.451+0000] {processor.py:161} INFO - Started process (PID=111) to work on /home/airflow/.local/lib/python3.12/site-packages/airflow/example_dags/example_branch_datetime_operator.py
[2024-05-26T15:22:05.454+0000] {processor.py:830} INFO - Processing file /home/airflow/.local/lib/python3.12/site-packages/airflow/example_dags/example_branch_datetime_operator.py for tasks to queue
[2024-05-26T15:22:05.457+0000] {logging_mixin.py:188} INFO - [2024-05-26T15:22:05.456+0000] {dagbag.py:545} INFO - Filling up the DagBag from /home/airflow/.local/lib/python3.12/site-packages/airflow/example_dags/example_branch_datetime_operator.py
[2024-05-26T15:22:05.470+0000] {processor.py:840} INFO - DAG(s) 'example_branch_datetime_operator_3', 'example_branch_datetime_operator', 'example_branch_datetime_operator_2' retrieved from /home/airflow/.local/lib/python3.12/site-packages/airflow/example_dags/example_branch_datetime_operator.py
[2024-05-26T15:22:05.517+0000] {logging_mixin.py:188} INFO - [2024-05-26T15:22:05.516+0000] {dag.py:3096} INFO - Sync 3 DAGs
[2024-05-26T15:22:05.549+0000] {logging_mixin.py:188} INFO - [2024-05-26T15:22:05.548+0000] {dag.py:3954} INFO - Setting next_dagrun for example_branch_datetime_operator to 2024-05-25 00:00:00+00:00, run_after=2024-05-26 00:00:00+00:00
[2024-05-26T15:22:05.555+0000] {logging_mixin.py:188} INFO - [2024-05-26T15:22:05.555+0000] {dag.py:3954} INFO - Setting next_dagrun for example_branch_datetime_operator_2 to 2024-05-25 00:00:00+00:00, run_after=2024-05-26 00:00:00+00:00
[2024-05-26T15:22:05.559+0000] {logging_mixin.py:188} INFO - [2024-05-26T15:22:05.558+0000] {dag.py:3954} INFO - Setting next_dagrun for example_branch_datetime_operator_3 to 2024-05-25 00:00:00+00:00, run_after=2024-05-26 00:00:00+00:00
[2024-05-26T15:22:05.576+0000] {processor.py:183} INFO - Processing /home/airflow/.local/lib/python3.12/site-packages/airflow/example_dags/example_branch_datetime_operator.py took 0.132 seconds
[2024-05-26T15:22:35.863+0000] {processor.py:161} INFO - Started process (PID=169) to work on /home/airflow/.local/lib/python3.12/site-packages/airflow/example_dags/example_branch_datetime_operator.py
[2024-05-26T15:22:35.864+0000] {processor.py:830} INFO - Processing file /home/airflow/.local/lib/python3.12/site-packages/airflow/example_dags/example_branch_datetime_operator.py for tasks to queue
[2024-05-26T15:22:35.866+0000] {logging_mixin.py:188} INFO - [2024-05-26T15:22:35.866+0000] {dagbag.py:545} INFO - Filling up the DagBag from /home/airflow/.local/lib/python3.12/site-packages/airflow/example_dags/example_branch_datetime_operator.py
[2024-05-26T15:22:35.878+0000] {processor.py:840} INFO - DAG(s) 'example_branch_datetime_operator', 'example_branch_datetime_operator_2', 'example_branch_datetime_operator_3' retrieved from /home/airflow/.local/lib/python3.12/site-packages/airflow/example_dags/example_branch_datetime_operator.py
[2024-05-26T15:22:35.915+0000] {logging_mixin.py:188} INFO - [2024-05-26T15:22:35.915+0000] {dag.py:3096} INFO - Sync 3 DAGs
[2024-05-26T15:22:35.954+0000] {logging_mixin.py:188} INFO - [2024-05-26T15:22:35.953+0000] {dag.py:3954} INFO - Setting next_dagrun for example_branch_datetime_operator to 2024-05-25 00:00:00+00:00, run_after=2024-05-26 00:00:00+00:00
[2024-05-26T15:22:35.962+0000] {logging_mixin.py:188} INFO - [2024-05-26T15:22:35.961+0000] {dag.py:3954} INFO - Setting next_dagrun for example_branch_datetime_operator_2 to 2024-05-25 00:00:00+00:00, run_after=2024-05-26 00:00:00+00:00
[2024-05-26T15:22:35.966+0000] {logging_mixin.py:188} INFO - [2024-05-26T15:22:35.966+0000] {dag.py:3954} INFO - Setting next_dagrun for example_branch_datetime_operator_3 to 2024-05-25 00:00:00+00:00, run_after=2024-05-26 00:00:00+00:00
[2024-05-26T15:22:35.987+0000] {processor.py:183} INFO - Processing /home/airflow/.local/lib/python3.12/site-packages/airflow/example_dags/example_branch_datetime_operator.py took 0.129 seconds
[2024-05-26T15:23:06.139+0000] {processor.py:161} INFO - Started process (PID=227) to work on /home/airflow/.local/lib/python3.12/site-packages/airflow/example_dags/example_branch_datetime_operator.py
[2024-05-26T15:23:06.140+0000] {processor.py:830} INFO - Processing file /home/airflow/.local/lib/python3.12/site-packages/airflow/example_dags/example_branch_datetime_operator.py for tasks to queue
[2024-05-26T15:23:06.143+0000] {logging_mixin.py:188} INFO - [2024-05-26T15:23:06.142+0000] {dagbag.py:545} INFO - Filling up the DagBag from /home/airflow/.local/lib/python3.12/site-packages/airflow/example_dags/example_branch_datetime_operator.py
[2024-05-26T15:23:06.156+0000] {processor.py:840} INFO - DAG(s) 'example_branch_datetime_operator', 'example_branch_datetime_operator_3', 'example_branch_datetime_operator_2' retrieved from /home/airflow/.local/lib/python3.12/site-packages/airflow/example_dags/example_branch_datetime_operator.py
[2024-05-26T15:23:06.189+0000] {logging_mixin.py:188} INFO - [2024-05-26T15:23:06.188+0000] {dag.py:3096} INFO - Sync 3 DAGs
[2024-05-26T15:23:06.216+0000] {logging_mixin.py:188} INFO - [2024-05-26T15:23:06.216+0000] {dag.py:3954} INFO - Setting next_dagrun for example_branch_datetime_operator to 2024-05-25 00:00:00+00:00, run_after=2024-05-26 00:00:00+00:00
[2024-05-26T15:23:06.222+0000] {logging_mixin.py:188} INFO - [2024-05-26T15:23:06.222+0000] {dag.py:3954} INFO - Setting next_dagrun for example_branch_datetime_operator_2 to 2024-05-25 00:00:00+00:00, run_after=2024-05-26 00:00:00+00:00
[2024-05-26T15:23:06.225+0000] {logging_mixin.py:188} INFO - [2024-05-26T15:23:06.225+0000] {dag.py:3954} INFO - Setting next_dagrun for example_branch_datetime_operator_3 to 2024-05-25 00:00:00+00:00, run_after=2024-05-26 00:00:00+00:00
[2024-05-26T15:23:06.244+0000] {processor.py:183} INFO - Processing /home/airflow/.local/lib/python3.12/site-packages/airflow/example_dags/example_branch_datetime_operator.py took 0.112 seconds
[2024-05-26T15:23:37.210+0000] {processor.py:161} INFO - Started process (PID=285) to work on /home/airflow/.local/lib/python3.12/site-packages/airflow/example_dags/example_branch_datetime_operator.py
[2024-05-26T15:23:37.211+0000] {processor.py:830} INFO - Processing file /home/airflow/.local/lib/python3.12/site-packages/airflow/example_dags/example_branch_datetime_operator.py for tasks to queue
[2024-05-26T15:23:37.214+0000] {logging_mixin.py:188} INFO - [2024-05-26T15:23:37.214+0000] {dagbag.py:545} INFO - Filling up the DagBag from /home/airflow/.local/lib/python3.12/site-packages/airflow/example_dags/example_branch_datetime_operator.py
[2024-05-26T15:23:37.228+0000] {processor.py:840} INFO - DAG(s) 'example_branch_datetime_operator_3', 'example_branch_datetime_operator_2', 'example_branch_datetime_operator' retrieved from /home/airflow/.local/lib/python3.12/site-packages/airflow/example_dags/example_branch_datetime_operator.py
[2024-05-26T15:23:37.257+0000] {logging_mixin.py:188} INFO - [2024-05-26T15:23:37.257+0000] {dag.py:3096} INFO - Sync 3 DAGs
[2024-05-26T15:23:37.289+0000] {logging_mixin.py:188} INFO - [2024-05-26T15:23:37.289+0000] {dag.py:3954} INFO - Setting next_dagrun for example_branch_datetime_operator to 2024-05-25 00:00:00+00:00, run_after=2024-05-26 00:00:00+00:00
[2024-05-26T15:23:37.296+0000] {logging_mixin.py:188} INFO - [2024-05-26T15:23:37.296+0000] {dag.py:3954} INFO - Setting next_dagrun for example_branch_datetime_operator_2 to 2024-05-25 00:00:00+00:00, run_after=2024-05-26 00:00:00+00:00
[2024-05-26T15:23:37.299+0000] {logging_mixin.py:188} INFO - [2024-05-26T15:23:37.299+0000] {dag.py:3954} INFO - Setting next_dagrun for example_branch_datetime_operator_3 to 2024-05-25 00:00:00+00:00, run_after=2024-05-26 00:00:00+00:00
[2024-05-26T15:23:37.318+0000] {processor.py:183} INFO - Processing /home/airflow/.local/lib/python3.12/site-packages/airflow/example_dags/example_branch_datetime_operator.py took 0.115 seconds
[2024-05-26T15:24:08.190+0000] {processor.py:161} INFO - Started process (PID=343) to work on /home/airflow/.local/lib/python3.12/site-packages/airflow/example_dags/example_branch_datetime_operator.py
[2024-05-26T15:24:08.191+0000] {processor.py:830} INFO - Processing file /home/airflow/.local/lib/python3.12/site-packages/airflow/example_dags/example_branch_datetime_operator.py for tasks to queue
[2024-05-26T15:24:08.193+0000] {logging_mixin.py:188} INFO - [2024-05-26T15:24:08.192+0000] {dagbag.py:545} INFO - Filling up the DagBag from /home/airflow/.local/lib/python3.12/site-packages/airflow/example_dags/example_branch_datetime_operator.py
[2024-05-26T15:24:08.204+0000] {processor.py:840} INFO - DAG(s) 'example_branch_datetime_operator', 'example_branch_datetime_operator_3', 'example_branch_datetime_operator_2' retrieved from /home/airflow/.local/lib/python3.12/site-packages/airflow/example_dags/example_branch_datetime_operator.py
[2024-05-26T15:24:08.238+0000] {logging_mixin.py:188} INFO - [2024-05-26T15:24:08.237+0000] {dag.py:3096} INFO - Sync 3 DAGs
[2024-05-26T15:24:08.269+0000] {logging_mixin.py:188} INFO - [2024-05-26T15:24:08.269+0000] {dag.py:3954} INFO - Setting next_dagrun for example_branch_datetime_operator to 2024-05-25 00:00:00+00:00, run_after=2024-05-26 00:00:00+00:00
[2024-05-26T15:24:08.275+0000] {logging_mixin.py:188} INFO - [2024-05-26T15:24:08.275+0000] {dag.py:3954} INFO - Setting next_dagrun for example_branch_datetime_operator_2 to 2024-05-25 00:00:00+00:00, run_after=2024-05-26 00:00:00+00:00
[2024-05-26T15:24:08.278+0000] {logging_mixin.py:188} INFO - [2024-05-26T15:24:08.278+0000] {dag.py:3954} INFO - Setting next_dagrun for example_branch_datetime_operator_3 to 2024-05-25 00:00:00+00:00, run_after=2024-05-26 00:00:00+00:00
[2024-05-26T15:24:08.297+0000] {processor.py:183} INFO - Processing /home/airflow/.local/lib/python3.12/site-packages/airflow/example_dags/example_branch_datetime_operator.py took 0.114 seconds
[2024-05-26T15:24:38.596+0000] {processor.py:161} INFO - Started process (PID=401) to work on /home/airflow/.local/lib/python3.12/site-packages/airflow/example_dags/example_branch_datetime_operator.py
[2024-05-26T15:24:38.597+0000] {processor.py:830} INFO - Processing file /home/airflow/.local/lib/python3.12/site-packages/airflow/example_dags/example_branch_datetime_operator.py for tasks to queue
[2024-05-26T15:24:38.599+0000] {logging_mixin.py:188} INFO - [2024-05-26T15:24:38.598+0000] {dagbag.py:545} INFO - Filling up the DagBag from /home/airflow/.local/lib/python3.12/site-packages/airflow/example_dags/example_branch_datetime_operator.py
[2024-05-26T15:24:38.609+0000] {processor.py:840} INFO - DAG(s) 'example_branch_datetime_operator_3', 'example_branch_datetime_operator', 'example_branch_datetime_operator_2' retrieved from /home/airflow/.local/lib/python3.12/site-packages/airflow/example_dags/example_branch_datetime_operator.py
[2024-05-26T15:24:38.643+0000] {logging_mixin.py:188} INFO - [2024-05-26T15:24:38.643+0000] {dag.py:3096} INFO - Sync 3 DAGs
[2024-05-26T15:24:38.669+0000] {logging_mixin.py:188} INFO - [2024-05-26T15:24:38.669+0000] {dag.py:3954} INFO - Setting next_dagrun for example_branch_datetime_operator to 2024-05-25 00:00:00+00:00, run_after=2024-05-26 00:00:00+00:00
[2024-05-26T15:24:38.675+0000] {logging_mixin.py:188} INFO - [2024-05-26T15:24:38.675+0000] {dag.py:3954} INFO - Setting next_dagrun for example_branch_datetime_operator_2 to 2024-05-25 00:00:00+00:00, run_after=2024-05-26 00:00:00+00:00
[2024-05-26T15:24:38.678+0000] {logging_mixin.py:188} INFO - [2024-05-26T15:24:38.678+0000] {dag.py:3954} INFO - Setting next_dagrun for example_branch_datetime_operator_3 to 2024-05-25 00:00:00+00:00, run_after=2024-05-26 00:00:00+00:00
[2024-05-26T15:24:38.695+0000] {processor.py:183} INFO - Processing /home/airflow/.local/lib/python3.12/site-packages/airflow/example_dags/example_branch_datetime_operator.py took 0.106 seconds
[2024-05-26T15:25:08.946+0000] {processor.py:161} INFO - Started process (PID=459) to work on /home/airflow/.local/lib/python3.12/site-packages/airflow/example_dags/example_branch_datetime_operator.py
[2024-05-26T15:25:08.947+0000] {processor.py:830} INFO - Processing file /home/airflow/.local/lib/python3.12/site-packages/airflow/example_dags/example_branch_datetime_operator.py for tasks to queue
[2024-05-26T15:25:08.949+0000] {logging_mixin.py:188} INFO - [2024-05-26T15:25:08.949+0000] {dagbag.py:545} INFO - Filling up the DagBag from /home/airflow/.local/lib/python3.12/site-packages/airflow/example_dags/example_branch_datetime_operator.py
[2024-05-26T15:25:08.960+0000] {processor.py:840} INFO - DAG(s) 'example_branch_datetime_operator', 'example_branch_datetime_operator_3', 'example_branch_datetime_operator_2' retrieved from /home/airflow/.local/lib/python3.12/site-packages/airflow/example_dags/example_branch_datetime_operator.py
[2024-05-26T15:25:08.990+0000] {logging_mixin.py:188} INFO - [2024-05-26T15:25:08.990+0000] {dag.py:3096} INFO - Sync 3 DAGs
[2024-05-26T15:25:09.019+0000] {logging_mixin.py:188} INFO - [2024-05-26T15:25:09.019+0000] {dag.py:3954} INFO - Setting next_dagrun for example_branch_datetime_operator to 2024-05-25 00:00:00+00:00, run_after=2024-05-26 00:00:00+00:00
[2024-05-26T15:25:09.028+0000] {logging_mixin.py:188} INFO - [2024-05-26T15:25:09.028+0000] {dag.py:3954} INFO - Setting next_dagrun for example_branch_datetime_operator_2 to 2024-05-25 00:00:00+00:00, run_after=2024-05-26 00:00:00+00:00
[2024-05-26T15:25:09.032+0000] {logging_mixin.py:188} INFO - [2024-05-26T15:25:09.031+0000] {dag.py:3954} INFO - Setting next_dagrun for example_branch_datetime_operator_3 to 2024-05-25 00:00:00+00:00, run_after=2024-05-26 00:00:00+00:00
[2024-05-26T15:25:09.049+0000] {processor.py:183} INFO - Processing /home/airflow/.local/lib/python3.12/site-packages/airflow/example_dags/example_branch_datetime_operator.py took 0.110 seconds
[2024-05-26T15:25:39.289+0000] {processor.py:161} INFO - Started process (PID=517) to work on /home/airflow/.local/lib/python3.12/site-packages/airflow/example_dags/example_branch_datetime_operator.py
[2024-05-26T15:25:39.290+0000] {processor.py:830} INFO - Processing file /home/airflow/.local/lib/python3.12/site-packages/airflow/example_dags/example_branch_datetime_operator.py for tasks to queue
[2024-05-26T15:25:39.292+0000] {logging_mixin.py:188} INFO - [2024-05-26T15:25:39.292+0000] {dagbag.py:545} INFO - Filling up the DagBag from /home/airflow/.local/lib/python3.12/site-packages/airflow/example_dags/example_branch_datetime_operator.py
[2024-05-26T15:25:39.304+0000] {processor.py:840} INFO - DAG(s) 'example_branch_datetime_operator_2', 'example_branch_datetime_operator', 'example_branch_datetime_operator_3' retrieved from /home/airflow/.local/lib/python3.12/site-packages/airflow/example_dags/example_branch_datetime_operator.py
[2024-05-26T15:25:39.340+0000] {logging_mixin.py:188} INFO - [2024-05-26T15:25:39.339+0000] {dag.py:3096} INFO - Sync 3 DAGs
[2024-05-26T15:25:39.369+0000] {logging_mixin.py:188} INFO - [2024-05-26T15:25:39.369+0000] {dag.py:3954} INFO - Setting next_dagrun for example_branch_datetime_operator to 2024-05-25 00:00:00+00:00, run_after=2024-05-26 00:00:00+00:00
[2024-05-26T15:25:39.376+0000] {logging_mixin.py:188} INFO - [2024-05-26T15:25:39.376+0000] {dag.py:3954} INFO - Setting next_dagrun for example_branch_datetime_operator_2 to 2024-05-25 00:00:00+00:00, run_after=2024-05-26 00:00:00+00:00
[2024-05-26T15:25:39.380+0000] {logging_mixin.py:188} INFO - [2024-05-26T15:25:39.379+0000] {dag.py:3954} INFO - Setting next_dagrun for example_branch_datetime_operator_3 to 2024-05-25 00:00:00+00:00, run_after=2024-05-26 00:00:00+00:00
[2024-05-26T15:25:39.401+0000] {processor.py:183} INFO - Processing /home/airflow/.local/lib/python3.12/site-packages/airflow/example_dags/example_branch_datetime_operator.py took 0.119 seconds
[2024-05-26T15:26:09.723+0000] {processor.py:161} INFO - Started process (PID=575) to work on /home/airflow/.local/lib/python3.12/site-packages/airflow/example_dags/example_branch_datetime_operator.py
[2024-05-26T15:26:09.726+0000] {processor.py:830} INFO - Processing file /home/airflow/.local/lib/python3.12/site-packages/airflow/example_dags/example_branch_datetime_operator.py for tasks to queue
[2024-05-26T15:26:09.728+0000] {logging_mixin.py:188} INFO - [2024-05-26T15:26:09.728+0000] {dagbag.py:545} INFO - Filling up the DagBag from /home/airflow/.local/lib/python3.12/site-packages/airflow/example_dags/example_branch_datetime_operator.py
[2024-05-26T15:26:09.739+0000] {processor.py:840} INFO - DAG(s) 'example_branch_datetime_operator', 'example_branch_datetime_operator_3', 'example_branch_datetime_operator_2' retrieved from /home/airflow/.local/lib/python3.12/site-packages/airflow/example_dags/example_branch_datetime_operator.py
[2024-05-26T15:26:09.771+0000] {logging_mixin.py:188} INFO - [2024-05-26T15:26:09.771+0000] {dag.py:3096} INFO - Sync 3 DAGs
[2024-05-26T15:26:09.799+0000] {logging_mixin.py:188} INFO - [2024-05-26T15:26:09.799+0000] {dag.py:3954} INFO - Setting next_dagrun for example_branch_datetime_operator to 2024-05-25 00:00:00+00:00, run_after=2024-05-26 00:00:00+00:00
[2024-05-26T15:26:09.807+0000] {logging_mixin.py:188} INFO - [2024-05-26T15:26:09.807+0000] {dag.py:3954} INFO - Setting next_dagrun for example_branch_datetime_operator_2 to 2024-05-25 00:00:00+00:00, run_after=2024-05-26 00:00:00+00:00
[2024-05-26T15:26:09.811+0000] {logging_mixin.py:188} INFO - [2024-05-26T15:26:09.810+0000] {dag.py:3954} INFO - Setting next_dagrun for example_branch_datetime_operator_3 to 2024-05-25 00:00:00+00:00, run_after=2024-05-26 00:00:00+00:00
[2024-05-26T15:26:09.831+0000] {processor.py:183} INFO - Processing /home/airflow/.local/lib/python3.12/site-packages/airflow/example_dags/example_branch_datetime_operator.py took 0.114 seconds
[2024-05-26T15:26:40.063+0000] {processor.py:161} INFO - Started process (PID=633) to work on /home/airflow/.local/lib/python3.12/site-packages/airflow/example_dags/example_branch_datetime_operator.py
[2024-05-26T15:26:40.064+0000] {processor.py:830} INFO - Processing file /home/airflow/.local/lib/python3.12/site-packages/airflow/example_dags/example_branch_datetime_operator.py for tasks to queue
[2024-05-26T15:26:40.066+0000] {logging_mixin.py:188} INFO - [2024-05-26T15:26:40.066+0000] {dagbag.py:545} INFO - Filling up the DagBag from /home/airflow/.local/lib/python3.12/site-packages/airflow/example_dags/example_branch_datetime_operator.py
[2024-05-26T15:26:40.079+0000] {processor.py:840} INFO - DAG(s) 'example_branch_datetime_operator', 'example_branch_datetime_operator_2', 'example_branch_datetime_operator_3' retrieved from /home/airflow/.local/lib/python3.12/site-packages/airflow/example_dags/example_branch_datetime_operator.py
[2024-05-26T15:26:40.114+0000] {logging_mixin.py:188} INFO - [2024-05-26T15:26:40.114+0000] {dag.py:3096} INFO - Sync 3 DAGs
[2024-05-26T15:26:40.141+0000] {logging_mixin.py:188} INFO - [2024-05-26T15:26:40.141+0000] {dag.py:3954} INFO - Setting next_dagrun for example_branch_datetime_operator to 2024-05-25 00:00:00+00:00, run_after=2024-05-26 00:00:00+00:00
[2024-05-26T15:26:40.149+0000] {logging_mixin.py:188} INFO - [2024-05-26T15:26:40.149+0000] {dag.py:3954} INFO - Setting next_dagrun for example_branch_datetime_operator_2 to 2024-05-25 00:00:00+00:00, run_after=2024-05-26 00:00:00+00:00
[2024-05-26T15:26:40.154+0000] {logging_mixin.py:188} INFO - [2024-05-26T15:26:40.153+0000] {dag.py:3954} INFO - Setting next_dagrun for example_branch_datetime_operator_3 to 2024-05-25 00:00:00+00:00, run_after=2024-05-26 00:00:00+00:00
[2024-05-26T15:26:40.173+0000] {processor.py:183} INFO - Processing /home/airflow/.local/lib/python3.12/site-packages/airflow/example_dags/example_branch_datetime_operator.py took 0.116 seconds
[2024-05-26T15:27:10.646+0000] {processor.py:161} INFO - Started process (PID=692) to work on /home/airflow/.local/lib/python3.12/site-packages/airflow/example_dags/example_branch_datetime_operator.py
[2024-05-26T15:27:10.647+0000] {processor.py:830} INFO - Processing file /home/airflow/.local/lib/python3.12/site-packages/airflow/example_dags/example_branch_datetime_operator.py for tasks to queue
[2024-05-26T15:27:10.649+0000] {logging_mixin.py:188} INFO - [2024-05-26T15:27:10.649+0000] {dagbag.py:545} INFO - Filling up the DagBag from /home/airflow/.local/lib/python3.12/site-packages/airflow/example_dags/example_branch_datetime_operator.py
[2024-05-26T15:27:10.661+0000] {processor.py:840} INFO - DAG(s) 'example_branch_datetime_operator_2', 'example_branch_datetime_operator_3', 'example_branch_datetime_operator' retrieved from /home/airflow/.local/lib/python3.12/site-packages/airflow/example_dags/example_branch_datetime_operator.py
[2024-05-26T15:27:10.695+0000] {logging_mixin.py:188} INFO - [2024-05-26T15:27:10.695+0000] {dag.py:3096} INFO - Sync 3 DAGs
[2024-05-26T15:27:10.727+0000] {logging_mixin.py:188} INFO - [2024-05-26T15:27:10.726+0000] {dag.py:3954} INFO - Setting next_dagrun for example_branch_datetime_operator to 2024-05-25 00:00:00+00:00, run_after=2024-05-26 00:00:00+00:00
[2024-05-26T15:27:10.736+0000] {logging_mixin.py:188} INFO - [2024-05-26T15:27:10.736+0000] {dag.py:3954} INFO - Setting next_dagrun for example_branch_datetime_operator_2 to 2024-05-25 00:00:00+00:00, run_after=2024-05-26 00:00:00+00:00
[2024-05-26T15:27:10.740+0000] {logging_mixin.py:188} INFO - [2024-05-26T15:27:10.740+0000] {dag.py:3954} INFO - Setting next_dagrun for example_branch_datetime_operator_3 to 2024-05-25 00:00:00+00:00, run_after=2024-05-26 00:00:00+00:00
[2024-05-26T15:27:10.760+0000] {processor.py:183} INFO - Processing /home/airflow/.local/lib/python3.12/site-packages/airflow/example_dags/example_branch_datetime_operator.py took 0.127 seconds
[2024-05-26T17:43:34.808+0000] {processor.py:161} INFO - Started process (PID=29) to work on /home/airflow/.local/lib/python3.12/site-packages/airflow/example_dags/example_branch_datetime_operator.py
[2024-05-26T17:43:34.812+0000] {processor.py:830} INFO - Processing file /home/airflow/.local/lib/python3.12/site-packages/airflow/example_dags/example_branch_datetime_operator.py for tasks to queue
[2024-05-26T17:43:34.816+0000] {logging_mixin.py:188} INFO - [2024-05-26T17:43:34.815+0000] {dagbag.py:545} INFO - Filling up the DagBag from /home/airflow/.local/lib/python3.12/site-packages/airflow/example_dags/example_branch_datetime_operator.py
[2024-05-26T17:43:34.835+0000] {processor.py:840} INFO - DAG(s) 'example_branch_datetime_operator_3', 'example_branch_datetime_operator_2', 'example_branch_datetime_operator' retrieved from /home/airflow/.local/lib/python3.12/site-packages/airflow/example_dags/example_branch_datetime_operator.py
[2024-05-26T17:43:34.851+0000] {logging_mixin.py:188} INFO - [2024-05-26T17:43:34.850+0000] {dag.py:3096} INFO - Sync 3 DAGs
[2024-05-26T17:43:34.885+0000] {logging_mixin.py:188} INFO - [2024-05-26T17:43:34.885+0000] {dag.py:3954} INFO - Setting next_dagrun for example_branch_datetime_operator to 2024-05-25 00:00:00+00:00, run_after=2024-05-26 00:00:00+00:00
[2024-05-26T17:43:34.893+0000] {logging_mixin.py:188} INFO - [2024-05-26T17:43:34.892+0000] {dag.py:3954} INFO - Setting next_dagrun for example_branch_datetime_operator_2 to 2024-05-25 00:00:00+00:00, run_after=2024-05-26 00:00:00+00:00
[2024-05-26T17:43:34.897+0000] {logging_mixin.py:188} INFO - [2024-05-26T17:43:34.897+0000] {dag.py:3954} INFO - Setting next_dagrun for example_branch_datetime_operator_3 to 2024-05-25 00:00:00+00:00, run_after=2024-05-26 00:00:00+00:00
[2024-05-26T17:43:34.919+0000] {processor.py:183} INFO - Processing /home/airflow/.local/lib/python3.12/site-packages/airflow/example_dags/example_branch_datetime_operator.py took 0.120 seconds
[2024-05-26T17:44:05.819+0000] {processor.py:161} INFO - Started process (PID=87) to work on /home/airflow/.local/lib/python3.12/site-packages/airflow/example_dags/example_branch_datetime_operator.py
[2024-05-26T17:44:05.820+0000] {processor.py:830} INFO - Processing file /home/airflow/.local/lib/python3.12/site-packages/airflow/example_dags/example_branch_datetime_operator.py for tasks to queue
[2024-05-26T17:44:05.822+0000] {logging_mixin.py:188} INFO - [2024-05-26T17:44:05.822+0000] {dagbag.py:545} INFO - Filling up the DagBag from /home/airflow/.local/lib/python3.12/site-packages/airflow/example_dags/example_branch_datetime_operator.py
[2024-05-26T17:44:05.836+0000] {processor.py:840} INFO - DAG(s) 'example_branch_datetime_operator', 'example_branch_datetime_operator_2', 'example_branch_datetime_operator_3' retrieved from /home/airflow/.local/lib/python3.12/site-packages/airflow/example_dags/example_branch_datetime_operator.py
[2024-05-26T17:44:05.987+0000] {logging_mixin.py:188} INFO - [2024-05-26T17:44:05.987+0000] {dag.py:3096} INFO - Sync 3 DAGs
[2024-05-26T17:44:06.019+0000] {logging_mixin.py:188} INFO - [2024-05-26T17:44:06.018+0000] {dag.py:3954} INFO - Setting next_dagrun for example_branch_datetime_operator to 2024-05-25 00:00:00+00:00, run_after=2024-05-26 00:00:00+00:00
[2024-05-26T17:44:06.025+0000] {logging_mixin.py:188} INFO - [2024-05-26T17:44:06.025+0000] {dag.py:3954} INFO - Setting next_dagrun for example_branch_datetime_operator_2 to 2024-05-25 00:00:00+00:00, run_after=2024-05-26 00:00:00+00:00
[2024-05-26T17:44:06.030+0000] {logging_mixin.py:188} INFO - [2024-05-26T17:44:06.029+0000] {dag.py:3954} INFO - Setting next_dagrun for example_branch_datetime_operator_3 to 2024-05-25 00:00:00+00:00, run_after=2024-05-26 00:00:00+00:00
[2024-05-26T17:44:06.057+0000] {processor.py:183} INFO - Processing /home/airflow/.local/lib/python3.12/site-packages/airflow/example_dags/example_branch_datetime_operator.py took 0.246 seconds
[2024-05-26T17:44:36.193+0000] {processor.py:161} INFO - Started process (PID=145) to work on /home/airflow/.local/lib/python3.12/site-packages/airflow/example_dags/example_branch_datetime_operator.py
[2024-05-26T17:44:36.195+0000] {processor.py:830} INFO - Processing file /home/airflow/.local/lib/python3.12/site-packages/airflow/example_dags/example_branch_datetime_operator.py for tasks to queue
[2024-05-26T17:44:36.197+0000] {logging_mixin.py:188} INFO - [2024-05-26T17:44:36.196+0000] {dagbag.py:545} INFO - Filling up the DagBag from /home/airflow/.local/lib/python3.12/site-packages/airflow/example_dags/example_branch_datetime_operator.py
[2024-05-26T17:44:36.208+0000] {processor.py:840} INFO - DAG(s) 'example_branch_datetime_operator_3', 'example_branch_datetime_operator_2', 'example_branch_datetime_operator' retrieved from /home/airflow/.local/lib/python3.12/site-packages/airflow/example_dags/example_branch_datetime_operator.py
[2024-05-26T17:44:36.247+0000] {logging_mixin.py:188} INFO - [2024-05-26T17:44:36.247+0000] {dag.py:3096} INFO - Sync 3 DAGs
[2024-05-26T17:44:36.283+0000] {logging_mixin.py:188} INFO - [2024-05-26T17:44:36.283+0000] {dag.py:3954} INFO - Setting next_dagrun for example_branch_datetime_operator to 2024-05-25 00:00:00+00:00, run_after=2024-05-26 00:00:00+00:00
[2024-05-26T17:44:36.292+0000] {logging_mixin.py:188} INFO - [2024-05-26T17:44:36.291+0000] {dag.py:3954} INFO - Setting next_dagrun for example_branch_datetime_operator_2 to 2024-05-25 00:00:00+00:00, run_after=2024-05-26 00:00:00+00:00
[2024-05-26T17:44:36.296+0000] {logging_mixin.py:188} INFO - [2024-05-26T17:44:36.296+0000] {dag.py:3954} INFO - Setting next_dagrun for example_branch_datetime_operator_3 to 2024-05-25 00:00:00+00:00, run_after=2024-05-26 00:00:00+00:00
[2024-05-26T17:44:36.318+0000] {processor.py:183} INFO - Processing /home/airflow/.local/lib/python3.12/site-packages/airflow/example_dags/example_branch_datetime_operator.py took 0.141 seconds
[2024-05-26T17:45:06.744+0000] {processor.py:161} INFO - Started process (PID=202) to work on /home/airflow/.local/lib/python3.12/site-packages/airflow/example_dags/example_branch_datetime_operator.py
[2024-05-26T17:45:06.747+0000] {processor.py:830} INFO - Processing file /home/airflow/.local/lib/python3.12/site-packages/airflow/example_dags/example_branch_datetime_operator.py for tasks to queue
[2024-05-26T17:45:06.749+0000] {logging_mixin.py:188} INFO - [2024-05-26T17:45:06.749+0000] {dagbag.py:545} INFO - Filling up the DagBag from /home/airflow/.local/lib/python3.12/site-packages/airflow/example_dags/example_branch_datetime_operator.py
[2024-05-26T17:45:06.762+0000] {processor.py:840} INFO - DAG(s) 'example_branch_datetime_operator_2', 'example_branch_datetime_operator', 'example_branch_datetime_operator_3' retrieved from /home/airflow/.local/lib/python3.12/site-packages/airflow/example_dags/example_branch_datetime_operator.py
[2024-05-26T17:45:06.794+0000] {logging_mixin.py:188} INFO - [2024-05-26T17:45:06.794+0000] {dag.py:3096} INFO - Sync 3 DAGs
[2024-05-26T17:45:06.820+0000] {logging_mixin.py:188} INFO - [2024-05-26T17:45:06.820+0000] {dag.py:3954} INFO - Setting next_dagrun for example_branch_datetime_operator to 2024-05-25 00:00:00+00:00, run_after=2024-05-26 00:00:00+00:00
[2024-05-26T17:45:06.827+0000] {logging_mixin.py:188} INFO - [2024-05-26T17:45:06.826+0000] {dag.py:3954} INFO - Setting next_dagrun for example_branch_datetime_operator_2 to 2024-05-25 00:00:00+00:00, run_after=2024-05-26 00:00:00+00:00
[2024-05-26T17:45:06.830+0000] {logging_mixin.py:188} INFO - [2024-05-26T17:45:06.830+0000] {dag.py:3954} INFO - Setting next_dagrun for example_branch_datetime_operator_3 to 2024-05-25 00:00:00+00:00, run_after=2024-05-26 00:00:00+00:00
[2024-05-26T17:45:06.869+0000] {processor.py:183} INFO - Processing /home/airflow/.local/lib/python3.12/site-packages/airflow/example_dags/example_branch_datetime_operator.py took 0.139 seconds
[2024-05-26T17:45:36.973+0000] {processor.py:161} INFO - Started process (PID=260) to work on /home/airflow/.local/lib/python3.12/site-packages/airflow/example_dags/example_branch_datetime_operator.py
[2024-05-26T17:45:36.974+0000] {processor.py:830} INFO - Processing file /home/airflow/.local/lib/python3.12/site-packages/airflow/example_dags/example_branch_datetime_operator.py for tasks to queue
[2024-05-26T17:45:36.977+0000] {logging_mixin.py:188} INFO - [2024-05-26T17:45:36.976+0000] {dagbag.py:545} INFO - Filling up the DagBag from /home/airflow/.local/lib/python3.12/site-packages/airflow/example_dags/example_branch_datetime_operator.py
[2024-05-26T17:45:36.991+0000] {processor.py:840} INFO - DAG(s) 'example_branch_datetime_operator_3', 'example_branch_datetime_operator', 'example_branch_datetime_operator_2' retrieved from /home/airflow/.local/lib/python3.12/site-packages/airflow/example_dags/example_branch_datetime_operator.py
[2024-05-26T17:45:37.026+0000] {logging_mixin.py:188} INFO - [2024-05-26T17:45:37.025+0000] {dag.py:3096} INFO - Sync 3 DAGs
[2024-05-26T17:45:37.053+0000] {logging_mixin.py:188} INFO - [2024-05-26T17:45:37.053+0000] {dag.py:3954} INFO - Setting next_dagrun for example_branch_datetime_operator to 2024-05-25 00:00:00+00:00, run_after=2024-05-26 00:00:00+00:00
[2024-05-26T17:45:37.060+0000] {logging_mixin.py:188} INFO - [2024-05-26T17:45:37.060+0000] {dag.py:3954} INFO - Setting next_dagrun for example_branch_datetime_operator_2 to 2024-05-25 00:00:00+00:00, run_after=2024-05-26 00:00:00+00:00
[2024-05-26T17:45:37.064+0000] {logging_mixin.py:188} INFO - [2024-05-26T17:45:37.064+0000] {dag.py:3954} INFO - Setting next_dagrun for example_branch_datetime_operator_3 to 2024-05-25 00:00:00+00:00, run_after=2024-05-26 00:00:00+00:00
[2024-05-26T17:45:37.083+0000] {processor.py:183} INFO - Processing /home/airflow/.local/lib/python3.12/site-packages/airflow/example_dags/example_branch_datetime_operator.py took 0.116 seconds
[2024-05-26T17:46:07.594+0000] {processor.py:161} INFO - Started process (PID=317) to work on /home/airflow/.local/lib/python3.12/site-packages/airflow/example_dags/example_branch_datetime_operator.py
[2024-05-26T17:46:07.595+0000] {processor.py:830} INFO - Processing file /home/airflow/.local/lib/python3.12/site-packages/airflow/example_dags/example_branch_datetime_operator.py for tasks to queue
[2024-05-26T17:46:07.598+0000] {logging_mixin.py:188} INFO - [2024-05-26T17:46:07.597+0000] {dagbag.py:545} INFO - Filling up the DagBag from /home/airflow/.local/lib/python3.12/site-packages/airflow/example_dags/example_branch_datetime_operator.py
[2024-05-26T17:46:07.610+0000] {processor.py:840} INFO - DAG(s) 'example_branch_datetime_operator_3', 'example_branch_datetime_operator', 'example_branch_datetime_operator_2' retrieved from /home/airflow/.local/lib/python3.12/site-packages/airflow/example_dags/example_branch_datetime_operator.py
[2024-05-26T17:46:07.645+0000] {logging_mixin.py:188} INFO - [2024-05-26T17:46:07.645+0000] {dag.py:3096} INFO - Sync 3 DAGs
[2024-05-26T17:46:07.676+0000] {logging_mixin.py:188} INFO - [2024-05-26T17:46:07.675+0000] {dag.py:3954} INFO - Setting next_dagrun for example_branch_datetime_operator to 2024-05-25 00:00:00+00:00, run_after=2024-05-26 00:00:00+00:00
[2024-05-26T17:46:07.684+0000] {logging_mixin.py:188} INFO - [2024-05-26T17:46:07.683+0000] {dag.py:3954} INFO - Setting next_dagrun for example_branch_datetime_operator_2 to 2024-05-25 00:00:00+00:00, run_after=2024-05-26 00:00:00+00:00
[2024-05-26T17:46:07.688+0000] {logging_mixin.py:188} INFO - [2024-05-26T17:46:07.688+0000] {dag.py:3954} INFO - Setting next_dagrun for example_branch_datetime_operator_3 to 2024-05-25 00:00:00+00:00, run_after=2024-05-26 00:00:00+00:00
[2024-05-26T17:46:07.709+0000] {processor.py:183} INFO - Processing /home/airflow/.local/lib/python3.12/site-packages/airflow/example_dags/example_branch_datetime_operator.py took 0.122 seconds
[2024-05-26T17:46:38.153+0000] {processor.py:161} INFO - Started process (PID=375) to work on /home/airflow/.local/lib/python3.12/site-packages/airflow/example_dags/example_branch_datetime_operator.py
[2024-05-26T17:46:38.154+0000] {processor.py:830} INFO - Processing file /home/airflow/.local/lib/python3.12/site-packages/airflow/example_dags/example_branch_datetime_operator.py for tasks to queue
[2024-05-26T17:46:38.156+0000] {logging_mixin.py:188} INFO - [2024-05-26T17:46:38.156+0000] {dagbag.py:545} INFO - Filling up the DagBag from /home/airflow/.local/lib/python3.12/site-packages/airflow/example_dags/example_branch_datetime_operator.py
[2024-05-26T17:46:38.167+0000] {processor.py:840} INFO - DAG(s) 'example_branch_datetime_operator_3', 'example_branch_datetime_operator_2', 'example_branch_datetime_operator' retrieved from /home/airflow/.local/lib/python3.12/site-packages/airflow/example_dags/example_branch_datetime_operator.py
[2024-05-26T17:46:38.198+0000] {logging_mixin.py:188} INFO - [2024-05-26T17:46:38.198+0000] {dag.py:3096} INFO - Sync 3 DAGs
[2024-05-26T17:46:38.227+0000] {logging_mixin.py:188} INFO - [2024-05-26T17:46:38.227+0000] {dag.py:3954} INFO - Setting next_dagrun for example_branch_datetime_operator to 2024-05-25 00:00:00+00:00, run_after=2024-05-26 00:00:00+00:00
[2024-05-26T17:46:38.234+0000] {logging_mixin.py:188} INFO - [2024-05-26T17:46:38.233+0000] {dag.py:3954} INFO - Setting next_dagrun for example_branch_datetime_operator_2 to 2024-05-25 00:00:00+00:00, run_after=2024-05-26 00:00:00+00:00
[2024-05-26T17:46:38.237+0000] {logging_mixin.py:188} INFO - [2024-05-26T17:46:38.237+0000] {dag.py:3954} INFO - Setting next_dagrun for example_branch_datetime_operator_3 to 2024-05-25 00:00:00+00:00, run_after=2024-05-26 00:00:00+00:00
[2024-05-26T17:46:38.257+0000] {processor.py:183} INFO - Processing /home/airflow/.local/lib/python3.12/site-packages/airflow/example_dags/example_branch_datetime_operator.py took 0.110 seconds
[2024-05-26T17:47:08.616+0000] {processor.py:161} INFO - Started process (PID=433) to work on /home/airflow/.local/lib/python3.12/site-packages/airflow/example_dags/example_branch_datetime_operator.py
[2024-05-26T17:47:08.618+0000] {processor.py:830} INFO - Processing file /home/airflow/.local/lib/python3.12/site-packages/airflow/example_dags/example_branch_datetime_operator.py for tasks to queue
[2024-05-26T17:47:08.628+0000] {logging_mixin.py:188} INFO - [2024-05-26T17:47:08.626+0000] {dagbag.py:545} INFO - Filling up the DagBag from /home/airflow/.local/lib/python3.12/site-packages/airflow/example_dags/example_branch_datetime_operator.py
[2024-05-26T17:47:08.666+0000] {processor.py:840} INFO - DAG(s) 'example_branch_datetime_operator_3', 'example_branch_datetime_operator_2', 'example_branch_datetime_operator' retrieved from /home/airflow/.local/lib/python3.12/site-packages/airflow/example_dags/example_branch_datetime_operator.py
[2024-05-26T17:47:08.707+0000] {logging_mixin.py:188} INFO - [2024-05-26T17:47:08.707+0000] {dag.py:3096} INFO - Sync 3 DAGs
[2024-05-26T17:47:08.740+0000] {logging_mixin.py:188} INFO - [2024-05-26T17:47:08.740+0000] {dag.py:3954} INFO - Setting next_dagrun for example_branch_datetime_operator to 2024-05-25 00:00:00+00:00, run_after=2024-05-26 00:00:00+00:00
[2024-05-26T17:47:08.747+0000] {logging_mixin.py:188} INFO - [2024-05-26T17:47:08.747+0000] {dag.py:3954} INFO - Setting next_dagrun for example_branch_datetime_operator_2 to 2024-05-25 00:00:00+00:00, run_after=2024-05-26 00:00:00+00:00
[2024-05-26T17:47:08.753+0000] {logging_mixin.py:188} INFO - [2024-05-26T17:47:08.753+0000] {dag.py:3954} INFO - Setting next_dagrun for example_branch_datetime_operator_3 to 2024-05-25 00:00:00+00:00, run_after=2024-05-26 00:00:00+00:00
[2024-05-26T17:47:08.778+0000] {processor.py:183} INFO - Processing /home/airflow/.local/lib/python3.12/site-packages/airflow/example_dags/example_branch_datetime_operator.py took 0.172 seconds
[2024-05-26T17:47:39.088+0000] {processor.py:161} INFO - Started process (PID=491) to work on /home/airflow/.local/lib/python3.12/site-packages/airflow/example_dags/example_branch_datetime_operator.py
[2024-05-26T17:47:39.089+0000] {processor.py:830} INFO - Processing file /home/airflow/.local/lib/python3.12/site-packages/airflow/example_dags/example_branch_datetime_operator.py for tasks to queue
[2024-05-26T17:47:39.091+0000] {logging_mixin.py:188} INFO - [2024-05-26T17:47:39.091+0000] {dagbag.py:545} INFO - Filling up the DagBag from /home/airflow/.local/lib/python3.12/site-packages/airflow/example_dags/example_branch_datetime_operator.py
[2024-05-26T17:47:39.119+0000] {processor.py:840} INFO - DAG(s) 'example_branch_datetime_operator_3', 'example_branch_datetime_operator', 'example_branch_datetime_operator_2' retrieved from /home/airflow/.local/lib/python3.12/site-packages/airflow/example_dags/example_branch_datetime_operator.py
[2024-05-26T17:47:39.155+0000] {logging_mixin.py:188} INFO - [2024-05-26T17:47:39.154+0000] {dag.py:3096} INFO - Sync 3 DAGs
[2024-05-26T17:47:39.188+0000] {logging_mixin.py:188} INFO - [2024-05-26T17:47:39.188+0000] {dag.py:3954} INFO - Setting next_dagrun for example_branch_datetime_operator to 2024-05-25 00:00:00+00:00, run_after=2024-05-26 00:00:00+00:00
[2024-05-26T17:47:39.195+0000] {logging_mixin.py:188} INFO - [2024-05-26T17:47:39.195+0000] {dag.py:3954} INFO - Setting next_dagrun for example_branch_datetime_operator_2 to 2024-05-25 00:00:00+00:00, run_after=2024-05-26 00:00:00+00:00
[2024-05-26T17:47:39.202+0000] {logging_mixin.py:188} INFO - [2024-05-26T17:47:39.201+0000] {dag.py:3954} INFO - Setting next_dagrun for example_branch_datetime_operator_3 to 2024-05-25 00:00:00+00:00, run_after=2024-05-26 00:00:00+00:00
[2024-05-26T17:47:39.226+0000] {processor.py:183} INFO - Processing /home/airflow/.local/lib/python3.12/site-packages/airflow/example_dags/example_branch_datetime_operator.py took 0.145 seconds
[2024-05-26T17:49:04.810+0000] {processor.py:161} INFO - Started process (PID=29) to work on /home/airflow/.local/lib/python3.12/site-packages/airflow/example_dags/example_branch_datetime_operator.py
[2024-05-26T17:49:04.811+0000] {processor.py:830} INFO - Processing file /home/airflow/.local/lib/python3.12/site-packages/airflow/example_dags/example_branch_datetime_operator.py for tasks to queue
[2024-05-26T17:49:04.813+0000] {logging_mixin.py:188} INFO - [2024-05-26T17:49:04.813+0000] {dagbag.py:545} INFO - Filling up the DagBag from /home/airflow/.local/lib/python3.12/site-packages/airflow/example_dags/example_branch_datetime_operator.py
[2024-05-26T17:49:04.832+0000] {processor.py:840} INFO - DAG(s) 'example_branch_datetime_operator', 'example_branch_datetime_operator_2', 'example_branch_datetime_operator_3' retrieved from /home/airflow/.local/lib/python3.12/site-packages/airflow/example_dags/example_branch_datetime_operator.py
[2024-05-26T17:49:04.852+0000] {logging_mixin.py:188} INFO - [2024-05-26T17:49:04.852+0000] {dag.py:3096} INFO - Sync 3 DAGs
[2024-05-26T17:49:04.888+0000] {logging_mixin.py:188} INFO - [2024-05-26T17:49:04.888+0000] {dag.py:3954} INFO - Setting next_dagrun for example_branch_datetime_operator to 2024-05-25 00:00:00+00:00, run_after=2024-05-26 00:00:00+00:00
[2024-05-26T17:49:04.895+0000] {logging_mixin.py:188} INFO - [2024-05-26T17:49:04.894+0000] {dag.py:3954} INFO - Setting next_dagrun for example_branch_datetime_operator_2 to 2024-05-25 00:00:00+00:00, run_after=2024-05-26 00:00:00+00:00
[2024-05-26T17:49:04.898+0000] {logging_mixin.py:188} INFO - [2024-05-26T17:49:04.898+0000] {dag.py:3954} INFO - Setting next_dagrun for example_branch_datetime_operator_3 to 2024-05-25 00:00:00+00:00, run_after=2024-05-26 00:00:00+00:00
[2024-05-26T17:49:04.919+0000] {processor.py:183} INFO - Processing /home/airflow/.local/lib/python3.12/site-packages/airflow/example_dags/example_branch_datetime_operator.py took 0.118 seconds
[2024-05-26T17:49:35.376+0000] {processor.py:161} INFO - Started process (PID=87) to work on /home/airflow/.local/lib/python3.12/site-packages/airflow/example_dags/example_branch_datetime_operator.py
[2024-05-26T17:49:35.378+0000] {processor.py:830} INFO - Processing file /home/airflow/.local/lib/python3.12/site-packages/airflow/example_dags/example_branch_datetime_operator.py for tasks to queue
[2024-05-26T17:49:35.383+0000] {logging_mixin.py:188} INFO - [2024-05-26T17:49:35.382+0000] {dagbag.py:545} INFO - Filling up the DagBag from /home/airflow/.local/lib/python3.12/site-packages/airflow/example_dags/example_branch_datetime_operator.py
[2024-05-26T17:49:35.405+0000] {processor.py:840} INFO - DAG(s) 'example_branch_datetime_operator_3', 'example_branch_datetime_operator_2', 'example_branch_datetime_operator' retrieved from /home/airflow/.local/lib/python3.12/site-packages/airflow/example_dags/example_branch_datetime_operator.py
[2024-05-26T17:49:35.568+0000] {logging_mixin.py:188} INFO - [2024-05-26T17:49:35.568+0000] {dag.py:3096} INFO - Sync 3 DAGs
[2024-05-26T17:49:35.596+0000] {logging_mixin.py:188} INFO - [2024-05-26T17:49:35.596+0000] {dag.py:3954} INFO - Setting next_dagrun for example_branch_datetime_operator to 2024-05-25 00:00:00+00:00, run_after=2024-05-26 00:00:00+00:00
[2024-05-26T17:49:35.605+0000] {logging_mixin.py:188} INFO - [2024-05-26T17:49:35.605+0000] {dag.py:3954} INFO - Setting next_dagrun for example_branch_datetime_operator_2 to 2024-05-25 00:00:00+00:00, run_after=2024-05-26 00:00:00+00:00
[2024-05-26T17:49:35.608+0000] {logging_mixin.py:188} INFO - [2024-05-26T17:49:35.608+0000] {dag.py:3954} INFO - Setting next_dagrun for example_branch_datetime_operator_3 to 2024-05-25 00:00:00+00:00, run_after=2024-05-26 00:00:00+00:00
[2024-05-26T17:49:35.635+0000] {processor.py:183} INFO - Processing /home/airflow/.local/lib/python3.12/site-packages/airflow/example_dags/example_branch_datetime_operator.py took 0.268 seconds
[2024-05-26T17:50:05.789+0000] {processor.py:161} INFO - Started process (PID=144) to work on /home/airflow/.local/lib/python3.12/site-packages/airflow/example_dags/example_branch_datetime_operator.py
[2024-05-26T17:50:05.790+0000] {processor.py:830} INFO - Processing file /home/airflow/.local/lib/python3.12/site-packages/airflow/example_dags/example_branch_datetime_operator.py for tasks to queue
[2024-05-26T17:50:05.792+0000] {logging_mixin.py:188} INFO - [2024-05-26T17:50:05.792+0000] {dagbag.py:545} INFO - Filling up the DagBag from /home/airflow/.local/lib/python3.12/site-packages/airflow/example_dags/example_branch_datetime_operator.py
[2024-05-26T17:50:05.804+0000] {processor.py:840} INFO - DAG(s) 'example_branch_datetime_operator_3', 'example_branch_datetime_operator_2', 'example_branch_datetime_operator' retrieved from /home/airflow/.local/lib/python3.12/site-packages/airflow/example_dags/example_branch_datetime_operator.py
[2024-05-26T17:50:05.834+0000] {logging_mixin.py:188} INFO - [2024-05-26T17:50:05.834+0000] {dag.py:3096} INFO - Sync 3 DAGs
[2024-05-26T17:50:05.860+0000] {logging_mixin.py:188} INFO - [2024-05-26T17:50:05.860+0000] {dag.py:3954} INFO - Setting next_dagrun for example_branch_datetime_operator to 2024-05-25 00:00:00+00:00, run_after=2024-05-26 00:00:00+00:00
[2024-05-26T17:50:05.866+0000] {logging_mixin.py:188} INFO - [2024-05-26T17:50:05.866+0000] {dag.py:3954} INFO - Setting next_dagrun for example_branch_datetime_operator_2 to 2024-05-25 00:00:00+00:00, run_after=2024-05-26 00:00:00+00:00
[2024-05-26T17:50:05.869+0000] {logging_mixin.py:188} INFO - [2024-05-26T17:50:05.869+0000] {dag.py:3954} INFO - Setting next_dagrun for example_branch_datetime_operator_3 to 2024-05-25 00:00:00+00:00, run_after=2024-05-26 00:00:00+00:00
[2024-05-26T17:50:05.890+0000] {processor.py:183} INFO - Processing /home/airflow/.local/lib/python3.12/site-packages/airflow/example_dags/example_branch_datetime_operator.py took 0.108 seconds
[2024-05-26T17:50:36.022+0000] {processor.py:161} INFO - Started process (PID=201) to work on /home/airflow/.local/lib/python3.12/site-packages/airflow/example_dags/example_branch_datetime_operator.py
[2024-05-26T17:50:36.023+0000] {processor.py:830} INFO - Processing file /home/airflow/.local/lib/python3.12/site-packages/airflow/example_dags/example_branch_datetime_operator.py for tasks to queue
[2024-05-26T17:50:36.026+0000] {logging_mixin.py:188} INFO - [2024-05-26T17:50:36.026+0000] {dagbag.py:545} INFO - Filling up the DagBag from /home/airflow/.local/lib/python3.12/site-packages/airflow/example_dags/example_branch_datetime_operator.py
[2024-05-26T17:50:36.037+0000] {processor.py:840} INFO - DAG(s) 'example_branch_datetime_operator', 'example_branch_datetime_operator_2', 'example_branch_datetime_operator_3' retrieved from /home/airflow/.local/lib/python3.12/site-packages/airflow/example_dags/example_branch_datetime_operator.py
[2024-05-26T17:50:36.069+0000] {logging_mixin.py:188} INFO - [2024-05-26T17:50:36.069+0000] {dag.py:3096} INFO - Sync 3 DAGs
[2024-05-26T17:50:36.101+0000] {logging_mixin.py:188} INFO - [2024-05-26T17:50:36.100+0000] {dag.py:3954} INFO - Setting next_dagrun for example_branch_datetime_operator to 2024-05-25 00:00:00+00:00, run_after=2024-05-26 00:00:00+00:00
[2024-05-26T17:50:36.106+0000] {logging_mixin.py:188} INFO - [2024-05-26T17:50:36.106+0000] {dag.py:3954} INFO - Setting next_dagrun for example_branch_datetime_operator_2 to 2024-05-25 00:00:00+00:00, run_after=2024-05-26 00:00:00+00:00
[2024-05-26T17:50:36.110+0000] {logging_mixin.py:188} INFO - [2024-05-26T17:50:36.109+0000] {dag.py:3954} INFO - Setting next_dagrun for example_branch_datetime_operator_3 to 2024-05-25 00:00:00+00:00, run_after=2024-05-26 00:00:00+00:00
[2024-05-26T17:50:36.127+0000] {processor.py:183} INFO - Processing /home/airflow/.local/lib/python3.12/site-packages/airflow/example_dags/example_branch_datetime_operator.py took 0.111 seconds
[2024-05-26T17:51:06.499+0000] {processor.py:161} INFO - Started process (PID=258) to work on /home/airflow/.local/lib/python3.12/site-packages/airflow/example_dags/example_branch_datetime_operator.py
[2024-05-26T17:51:06.501+0000] {processor.py:830} INFO - Processing file /home/airflow/.local/lib/python3.12/site-packages/airflow/example_dags/example_branch_datetime_operator.py for tasks to queue
[2024-05-26T17:51:06.503+0000] {logging_mixin.py:188} INFO - [2024-05-26T17:51:06.503+0000] {dagbag.py:545} INFO - Filling up the DagBag from /home/airflow/.local/lib/python3.12/site-packages/airflow/example_dags/example_branch_datetime_operator.py
[2024-05-26T17:51:06.518+0000] {processor.py:840} INFO - DAG(s) 'example_branch_datetime_operator_2', 'example_branch_datetime_operator_3', 'example_branch_datetime_operator' retrieved from /home/airflow/.local/lib/python3.12/site-packages/airflow/example_dags/example_branch_datetime_operator.py
[2024-05-26T17:51:06.558+0000] {logging_mixin.py:188} INFO - [2024-05-26T17:51:06.557+0000] {dag.py:3096} INFO - Sync 3 DAGs
[2024-05-26T17:51:06.593+0000] {logging_mixin.py:188} INFO - [2024-05-26T17:51:06.593+0000] {dag.py:3954} INFO - Setting next_dagrun for example_branch_datetime_operator to 2024-05-25 00:00:00+00:00, run_after=2024-05-26 00:00:00+00:00
[2024-05-26T17:51:06.601+0000] {logging_mixin.py:188} INFO - [2024-05-26T17:51:06.601+0000] {dag.py:3954} INFO - Setting next_dagrun for example_branch_datetime_operator_2 to 2024-05-25 00:00:00+00:00, run_after=2024-05-26 00:00:00+00:00
[2024-05-26T17:51:06.605+0000] {logging_mixin.py:188} INFO - [2024-05-26T17:51:06.605+0000] {dag.py:3954} INFO - Setting next_dagrun for example_branch_datetime_operator_3 to 2024-05-25 00:00:00+00:00, run_after=2024-05-26 00:00:00+00:00
[2024-05-26T17:51:06.627+0000] {processor.py:183} INFO - Processing /home/airflow/.local/lib/python3.12/site-packages/airflow/example_dags/example_branch_datetime_operator.py took 0.135 seconds
[2024-05-26T17:51:36.853+0000] {processor.py:161} INFO - Started process (PID=316) to work on /home/airflow/.local/lib/python3.12/site-packages/airflow/example_dags/example_branch_datetime_operator.py
[2024-05-26T17:51:36.855+0000] {processor.py:830} INFO - Processing file /home/airflow/.local/lib/python3.12/site-packages/airflow/example_dags/example_branch_datetime_operator.py for tasks to queue
[2024-05-26T17:51:36.858+0000] {logging_mixin.py:188} INFO - [2024-05-26T17:51:36.857+0000] {dagbag.py:545} INFO - Filling up the DagBag from /home/airflow/.local/lib/python3.12/site-packages/airflow/example_dags/example_branch_datetime_operator.py
[2024-05-26T17:51:36.873+0000] {processor.py:840} INFO - DAG(s) 'example_branch_datetime_operator', 'example_branch_datetime_operator_3', 'example_branch_datetime_operator_2' retrieved from /home/airflow/.local/lib/python3.12/site-packages/airflow/example_dags/example_branch_datetime_operator.py
[2024-05-26T17:51:36.909+0000] {logging_mixin.py:188} INFO - [2024-05-26T17:51:36.909+0000] {dag.py:3096} INFO - Sync 3 DAGs
[2024-05-26T17:51:36.940+0000] {logging_mixin.py:188} INFO - [2024-05-26T17:51:36.940+0000] {dag.py:3954} INFO - Setting next_dagrun for example_branch_datetime_operator to 2024-05-25 00:00:00+00:00, run_after=2024-05-26 00:00:00+00:00
[2024-05-26T17:51:36.950+0000] {logging_mixin.py:188} INFO - [2024-05-26T17:51:36.949+0000] {dag.py:3954} INFO - Setting next_dagrun for example_branch_datetime_operator_2 to 2024-05-25 00:00:00+00:00, run_after=2024-05-26 00:00:00+00:00
[2024-05-26T17:51:36.954+0000] {logging_mixin.py:188} INFO - [2024-05-26T17:51:36.954+0000] {dag.py:3954} INFO - Setting next_dagrun for example_branch_datetime_operator_3 to 2024-05-25 00:00:00+00:00, run_after=2024-05-26 00:00:00+00:00
[2024-05-26T17:51:36.980+0000] {processor.py:183} INFO - Processing /home/airflow/.local/lib/python3.12/site-packages/airflow/example_dags/example_branch_datetime_operator.py took 0.134 seconds
[2024-05-26T17:52:07.071+0000] {processor.py:161} INFO - Started process (PID=374) to work on /home/airflow/.local/lib/python3.12/site-packages/airflow/example_dags/example_branch_datetime_operator.py
[2024-05-26T17:52:07.072+0000] {processor.py:830} INFO - Processing file /home/airflow/.local/lib/python3.12/site-packages/airflow/example_dags/example_branch_datetime_operator.py for tasks to queue
[2024-05-26T17:52:07.074+0000] {logging_mixin.py:188} INFO - [2024-05-26T17:52:07.073+0000] {dagbag.py:545} INFO - Filling up the DagBag from /home/airflow/.local/lib/python3.12/site-packages/airflow/example_dags/example_branch_datetime_operator.py
[2024-05-26T17:52:07.085+0000] {processor.py:840} INFO - DAG(s) 'example_branch_datetime_operator', 'example_branch_datetime_operator_3', 'example_branch_datetime_operator_2' retrieved from /home/airflow/.local/lib/python3.12/site-packages/airflow/example_dags/example_branch_datetime_operator.py
[2024-05-26T17:52:07.114+0000] {logging_mixin.py:188} INFO - [2024-05-26T17:52:07.114+0000] {dag.py:3096} INFO - Sync 3 DAGs
[2024-05-26T17:52:07.142+0000] {logging_mixin.py:188} INFO - [2024-05-26T17:52:07.141+0000] {dag.py:3954} INFO - Setting next_dagrun for example_branch_datetime_operator to 2024-05-25 00:00:00+00:00, run_after=2024-05-26 00:00:00+00:00
[2024-05-26T17:52:07.148+0000] {logging_mixin.py:188} INFO - [2024-05-26T17:52:07.148+0000] {dag.py:3954} INFO - Setting next_dagrun for example_branch_datetime_operator_2 to 2024-05-25 00:00:00+00:00, run_after=2024-05-26 00:00:00+00:00
[2024-05-26T17:52:07.152+0000] {logging_mixin.py:188} INFO - [2024-05-26T17:52:07.152+0000] {dag.py:3954} INFO - Setting next_dagrun for example_branch_datetime_operator_3 to 2024-05-25 00:00:00+00:00, run_after=2024-05-26 00:00:00+00:00
[2024-05-26T17:52:07.178+0000] {processor.py:183} INFO - Processing /home/airflow/.local/lib/python3.12/site-packages/airflow/example_dags/example_branch_datetime_operator.py took 0.114 seconds
[2024-05-26T17:57:44.939+0000] {processor.py:161} INFO - Started process (PID=29) to work on /home/airflow/.local/lib/python3.12/site-packages/airflow/example_dags/example_branch_datetime_operator.py
[2024-05-26T17:57:44.940+0000] {processor.py:830} INFO - Processing file /home/airflow/.local/lib/python3.12/site-packages/airflow/example_dags/example_branch_datetime_operator.py for tasks to queue
[2024-05-26T17:57:44.943+0000] {logging_mixin.py:188} INFO - [2024-05-26T17:57:44.942+0000] {dagbag.py:545} INFO - Filling up the DagBag from /home/airflow/.local/lib/python3.12/site-packages/airflow/example_dags/example_branch_datetime_operator.py
[2024-05-26T17:57:44.961+0000] {processor.py:840} INFO - DAG(s) 'example_branch_datetime_operator_3', 'example_branch_datetime_operator', 'example_branch_datetime_operator_2' retrieved from /home/airflow/.local/lib/python3.12/site-packages/airflow/example_dags/example_branch_datetime_operator.py
[2024-05-26T17:57:44.979+0000] {logging_mixin.py:188} INFO - [2024-05-26T17:57:44.978+0000] {dag.py:3096} INFO - Sync 3 DAGs
[2024-05-26T17:57:45.014+0000] {logging_mixin.py:188} INFO - [2024-05-26T17:57:45.014+0000] {dag.py:3954} INFO - Setting next_dagrun for example_branch_datetime_operator to 2024-05-25 00:00:00+00:00, run_after=2024-05-26 00:00:00+00:00
[2024-05-26T17:57:45.021+0000] {logging_mixin.py:188} INFO - [2024-05-26T17:57:45.020+0000] {dag.py:3954} INFO - Setting next_dagrun for example_branch_datetime_operator_2 to 2024-05-25 00:00:00+00:00, run_after=2024-05-26 00:00:00+00:00
[2024-05-26T17:57:45.024+0000] {logging_mixin.py:188} INFO - [2024-05-26T17:57:45.024+0000] {dag.py:3954} INFO - Setting next_dagrun for example_branch_datetime_operator_3 to 2024-05-25 00:00:00+00:00, run_after=2024-05-26 00:00:00+00:00
[2024-05-26T17:57:45.043+0000] {processor.py:183} INFO - Processing /home/airflow/.local/lib/python3.12/site-packages/airflow/example_dags/example_branch_datetime_operator.py took 0.111 seconds
[2024-05-26T17:58:15.504+0000] {processor.py:161} INFO - Started process (PID=87) to work on /home/airflow/.local/lib/python3.12/site-packages/airflow/example_dags/example_branch_datetime_operator.py
[2024-05-26T17:58:15.507+0000] {processor.py:830} INFO - Processing file /home/airflow/.local/lib/python3.12/site-packages/airflow/example_dags/example_branch_datetime_operator.py for tasks to queue
[2024-05-26T17:58:15.512+0000] {logging_mixin.py:188} INFO - [2024-05-26T17:58:15.511+0000] {dagbag.py:545} INFO - Filling up the DagBag from /home/airflow/.local/lib/python3.12/site-packages/airflow/example_dags/example_branch_datetime_operator.py
[2024-05-26T17:58:15.527+0000] {processor.py:840} INFO - DAG(s) 'example_branch_datetime_operator', 'example_branch_datetime_operator_2', 'example_branch_datetime_operator_3' retrieved from /home/airflow/.local/lib/python3.12/site-packages/airflow/example_dags/example_branch_datetime_operator.py
[2024-05-26T17:58:15.675+0000] {logging_mixin.py:188} INFO - [2024-05-26T17:58:15.675+0000] {dag.py:3096} INFO - Sync 3 DAGs
[2024-05-26T17:58:15.703+0000] {logging_mixin.py:188} INFO - [2024-05-26T17:58:15.703+0000] {dag.py:3954} INFO - Setting next_dagrun for example_branch_datetime_operator to 2024-05-25 00:00:00+00:00, run_after=2024-05-26 00:00:00+00:00
[2024-05-26T17:58:15.709+0000] {logging_mixin.py:188} INFO - [2024-05-26T17:58:15.709+0000] {dag.py:3954} INFO - Setting next_dagrun for example_branch_datetime_operator_2 to 2024-05-25 00:00:00+00:00, run_after=2024-05-26 00:00:00+00:00
[2024-05-26T17:58:15.713+0000] {logging_mixin.py:188} INFO - [2024-05-26T17:58:15.712+0000] {dag.py:3954} INFO - Setting next_dagrun for example_branch_datetime_operator_3 to 2024-05-25 00:00:00+00:00, run_after=2024-05-26 00:00:00+00:00
[2024-05-26T17:58:15.739+0000] {processor.py:183} INFO - Processing /home/airflow/.local/lib/python3.12/site-packages/airflow/example_dags/example_branch_datetime_operator.py took 0.251 seconds
[2024-05-26T17:58:45.803+0000] {processor.py:161} INFO - Started process (PID=145) to work on /home/airflow/.local/lib/python3.12/site-packages/airflow/example_dags/example_branch_datetime_operator.py
[2024-05-26T17:58:45.804+0000] {processor.py:830} INFO - Processing file /home/airflow/.local/lib/python3.12/site-packages/airflow/example_dags/example_branch_datetime_operator.py for tasks to queue
[2024-05-26T17:58:45.807+0000] {logging_mixin.py:188} INFO - [2024-05-26T17:58:45.806+0000] {dagbag.py:545} INFO - Filling up the DagBag from /home/airflow/.local/lib/python3.12/site-packages/airflow/example_dags/example_branch_datetime_operator.py
[2024-05-26T17:58:45.821+0000] {processor.py:840} INFO - DAG(s) 'example_branch_datetime_operator', 'example_branch_datetime_operator_2', 'example_branch_datetime_operator_3' retrieved from /home/airflow/.local/lib/python3.12/site-packages/airflow/example_dags/example_branch_datetime_operator.py
[2024-05-26T17:58:45.852+0000] {logging_mixin.py:188} INFO - [2024-05-26T17:58:45.852+0000] {dag.py:3096} INFO - Sync 3 DAGs
[2024-05-26T17:58:45.881+0000] {logging_mixin.py:188} INFO - [2024-05-26T17:58:45.881+0000] {dag.py:3954} INFO - Setting next_dagrun for example_branch_datetime_operator to 2024-05-25 00:00:00+00:00, run_after=2024-05-26 00:00:00+00:00
[2024-05-26T17:58:45.887+0000] {logging_mixin.py:188} INFO - [2024-05-26T17:58:45.887+0000] {dag.py:3954} INFO - Setting next_dagrun for example_branch_datetime_operator_2 to 2024-05-25 00:00:00+00:00, run_after=2024-05-26 00:00:00+00:00
[2024-05-26T17:58:45.891+0000] {logging_mixin.py:188} INFO - [2024-05-26T17:58:45.890+0000] {dag.py:3954} INFO - Setting next_dagrun for example_branch_datetime_operator_3 to 2024-05-25 00:00:00+00:00, run_after=2024-05-26 00:00:00+00:00
[2024-05-26T17:58:45.908+0000] {processor.py:183} INFO - Processing /home/airflow/.local/lib/python3.12/site-packages/airflow/example_dags/example_branch_datetime_operator.py took 0.111 seconds
