[2024-05-26T15:21:35.427+0000] {processor.py:161} INFO - Started process (PID=61) to work on /home/airflow/.local/lib/python3.12/site-packages/airflow/example_dags/example_nested_branch_dag.py
[2024-05-26T15:21:35.429+0000] {processor.py:830} INFO - Processing file /home/airflow/.local/lib/python3.12/site-packages/airflow/example_dags/example_nested_branch_dag.py for tasks to queue
[2024-05-26T15:21:35.433+0000] {logging_mixin.py:188} INFO - [2024-05-26T15:21:35.433+0000] {dagbag.py:545} INFO - Filling up the DagBag from /home/airflow/.local/lib/python3.12/site-packages/airflow/example_dags/example_nested_branch_dag.py
[2024-05-26T15:21:35.444+0000] {processor.py:840} INFO - DAG(s) 'example_nested_branch_dag' retrieved from /home/airflow/.local/lib/python3.12/site-packages/airflow/example_dags/example_nested_branch_dag.py
[2024-05-26T15:21:35.467+0000] {logging_mixin.py:188} INFO - [2024-05-26T15:21:35.467+0000] {dag.py:3096} INFO - Sync 1 DAGs
[2024-05-26T15:21:35.499+0000] {logging_mixin.py:188} INFO - [2024-05-26T15:21:35.499+0000] {dag.py:3954} INFO - Setting next_dagrun for example_nested_branch_dag to 2024-05-25 00:00:00+00:00, run_after=2024-05-26 00:00:00+00:00
[2024-05-26T15:21:35.523+0000] {processor.py:183} INFO - Processing /home/airflow/.local/lib/python3.12/site-packages/airflow/example_dags/example_nested_branch_dag.py took 0.102 seconds
[2024-05-26T15:22:05.972+0000] {processor.py:161} INFO - Started process (PID=119) to work on /home/airflow/.local/lib/python3.12/site-packages/airflow/example_dags/example_nested_branch_dag.py
[2024-05-26T15:22:05.973+0000] {processor.py:830} INFO - Processing file /home/airflow/.local/lib/python3.12/site-packages/airflow/example_dags/example_nested_branch_dag.py for tasks to queue
[2024-05-26T15:22:05.978+0000] {logging_mixin.py:188} INFO - [2024-05-26T15:22:05.977+0000] {dagbag.py:545} INFO - Filling up the DagBag from /home/airflow/.local/lib/python3.12/site-packages/airflow/example_dags/example_nested_branch_dag.py
[2024-05-26T15:22:05.992+0000] {processor.py:840} INFO - DAG(s) 'example_nested_branch_dag' retrieved from /home/airflow/.local/lib/python3.12/site-packages/airflow/example_dags/example_nested_branch_dag.py
[2024-05-26T15:22:06.018+0000] {logging_mixin.py:188} INFO - [2024-05-26T15:22:06.018+0000] {dag.py:3096} INFO - Sync 1 DAGs
[2024-05-26T15:22:06.052+0000] {logging_mixin.py:188} INFO - [2024-05-26T15:22:06.052+0000] {dag.py:3954} INFO - Setting next_dagrun for example_nested_branch_dag to 2024-05-25 00:00:00+00:00, run_after=2024-05-26 00:00:00+00:00
[2024-05-26T15:22:06.075+0000] {processor.py:183} INFO - Processing /home/airflow/.local/lib/python3.12/site-packages/airflow/example_dags/example_nested_branch_dag.py took 0.109 seconds
[2024-05-26T15:22:36.418+0000] {processor.py:161} INFO - Started process (PID=177) to work on /home/airflow/.local/lib/python3.12/site-packages/airflow/example_dags/example_nested_branch_dag.py
[2024-05-26T15:22:36.419+0000] {processor.py:830} INFO - Processing file /home/airflow/.local/lib/python3.12/site-packages/airflow/example_dags/example_nested_branch_dag.py for tasks to queue
[2024-05-26T15:22:36.421+0000] {logging_mixin.py:188} INFO - [2024-05-26T15:22:36.421+0000] {dagbag.py:545} INFO - Filling up the DagBag from /home/airflow/.local/lib/python3.12/site-packages/airflow/example_dags/example_nested_branch_dag.py
[2024-05-26T15:22:36.433+0000] {processor.py:840} INFO - DAG(s) 'example_nested_branch_dag' retrieved from /home/airflow/.local/lib/python3.12/site-packages/airflow/example_dags/example_nested_branch_dag.py
[2024-05-26T15:22:36.459+0000] {logging_mixin.py:188} INFO - [2024-05-26T15:22:36.459+0000] {dag.py:3096} INFO - Sync 1 DAGs
[2024-05-26T15:22:36.485+0000] {logging_mixin.py:188} INFO - [2024-05-26T15:22:36.485+0000] {dag.py:3954} INFO - Setting next_dagrun for example_nested_branch_dag to 2024-05-25 00:00:00+00:00, run_after=2024-05-26 00:00:00+00:00
[2024-05-26T15:22:36.506+0000] {processor.py:183} INFO - Processing /home/airflow/.local/lib/python3.12/site-packages/airflow/example_dags/example_nested_branch_dag.py took 0.095 seconds
[2024-05-26T15:23:06.769+0000] {processor.py:161} INFO - Started process (PID=235) to work on /home/airflow/.local/lib/python3.12/site-packages/airflow/example_dags/example_nested_branch_dag.py
[2024-05-26T15:23:06.770+0000] {processor.py:830} INFO - Processing file /home/airflow/.local/lib/python3.12/site-packages/airflow/example_dags/example_nested_branch_dag.py for tasks to queue
[2024-05-26T15:23:06.772+0000] {logging_mixin.py:188} INFO - [2024-05-26T15:23:06.772+0000] {dagbag.py:545} INFO - Filling up the DagBag from /home/airflow/.local/lib/python3.12/site-packages/airflow/example_dags/example_nested_branch_dag.py
[2024-05-26T15:23:06.784+0000] {processor.py:840} INFO - DAG(s) 'example_nested_branch_dag' retrieved from /home/airflow/.local/lib/python3.12/site-packages/airflow/example_dags/example_nested_branch_dag.py
[2024-05-26T15:23:06.821+0000] {logging_mixin.py:188} INFO - [2024-05-26T15:23:06.821+0000] {dag.py:3096} INFO - Sync 1 DAGs
[2024-05-26T15:23:06.851+0000] {logging_mixin.py:188} INFO - [2024-05-26T15:23:06.851+0000] {dag.py:3954} INFO - Setting next_dagrun for example_nested_branch_dag to 2024-05-25 00:00:00+00:00, run_after=2024-05-26 00:00:00+00:00
[2024-05-26T15:23:06.874+0000] {processor.py:183} INFO - Processing /home/airflow/.local/lib/python3.12/site-packages/airflow/example_dags/example_nested_branch_dag.py took 0.111 seconds
[2024-05-26T15:23:37.715+0000] {processor.py:161} INFO - Started process (PID=293) to work on /home/airflow/.local/lib/python3.12/site-packages/airflow/example_dags/example_nested_branch_dag.py
[2024-05-26T15:23:37.716+0000] {processor.py:830} INFO - Processing file /home/airflow/.local/lib/python3.12/site-packages/airflow/example_dags/example_nested_branch_dag.py for tasks to queue
[2024-05-26T15:23:37.719+0000] {logging_mixin.py:188} INFO - [2024-05-26T15:23:37.718+0000] {dagbag.py:545} INFO - Filling up the DagBag from /home/airflow/.local/lib/python3.12/site-packages/airflow/example_dags/example_nested_branch_dag.py
[2024-05-26T15:23:37.732+0000] {processor.py:840} INFO - DAG(s) 'example_nested_branch_dag' retrieved from /home/airflow/.local/lib/python3.12/site-packages/airflow/example_dags/example_nested_branch_dag.py
[2024-05-26T15:23:37.763+0000] {logging_mixin.py:188} INFO - [2024-05-26T15:23:37.763+0000] {dag.py:3096} INFO - Sync 1 DAGs
[2024-05-26T15:23:37.795+0000] {logging_mixin.py:188} INFO - [2024-05-26T15:23:37.794+0000] {dag.py:3954} INFO - Setting next_dagrun for example_nested_branch_dag to 2024-05-25 00:00:00+00:00, run_after=2024-05-26 00:00:00+00:00
[2024-05-26T15:23:37.816+0000] {processor.py:183} INFO - Processing /home/airflow/.local/lib/python3.12/site-packages/airflow/example_dags/example_nested_branch_dag.py took 0.107 seconds
[2024-05-26T15:24:08.678+0000] {processor.py:161} INFO - Started process (PID=351) to work on /home/airflow/.local/lib/python3.12/site-packages/airflow/example_dags/example_nested_branch_dag.py
[2024-05-26T15:24:08.679+0000] {processor.py:830} INFO - Processing file /home/airflow/.local/lib/python3.12/site-packages/airflow/example_dags/example_nested_branch_dag.py for tasks to queue
[2024-05-26T15:24:08.681+0000] {logging_mixin.py:188} INFO - [2024-05-26T15:24:08.681+0000] {dagbag.py:545} INFO - Filling up the DagBag from /home/airflow/.local/lib/python3.12/site-packages/airflow/example_dags/example_nested_branch_dag.py
[2024-05-26T15:24:08.692+0000] {processor.py:840} INFO - DAG(s) 'example_nested_branch_dag' retrieved from /home/airflow/.local/lib/python3.12/site-packages/airflow/example_dags/example_nested_branch_dag.py
[2024-05-26T15:24:08.722+0000] {logging_mixin.py:188} INFO - [2024-05-26T15:24:08.722+0000] {dag.py:3096} INFO - Sync 1 DAGs
[2024-05-26T15:24:08.751+0000] {logging_mixin.py:188} INFO - [2024-05-26T15:24:08.751+0000] {dag.py:3954} INFO - Setting next_dagrun for example_nested_branch_dag to 2024-05-25 00:00:00+00:00, run_after=2024-05-26 00:00:00+00:00
[2024-05-26T15:24:08.776+0000] {processor.py:183} INFO - Processing /home/airflow/.local/lib/python3.12/site-packages/airflow/example_dags/example_nested_branch_dag.py took 0.104 seconds
[2024-05-26T15:24:39.068+0000] {processor.py:161} INFO - Started process (PID=409) to work on /home/airflow/.local/lib/python3.12/site-packages/airflow/example_dags/example_nested_branch_dag.py
[2024-05-26T15:24:39.069+0000] {processor.py:830} INFO - Processing file /home/airflow/.local/lib/python3.12/site-packages/airflow/example_dags/example_nested_branch_dag.py for tasks to queue
[2024-05-26T15:24:39.071+0000] {logging_mixin.py:188} INFO - [2024-05-26T15:24:39.071+0000] {dagbag.py:545} INFO - Filling up the DagBag from /home/airflow/.local/lib/python3.12/site-packages/airflow/example_dags/example_nested_branch_dag.py
[2024-05-26T15:24:39.085+0000] {processor.py:840} INFO - DAG(s) 'example_nested_branch_dag' retrieved from /home/airflow/.local/lib/python3.12/site-packages/airflow/example_dags/example_nested_branch_dag.py
[2024-05-26T15:24:39.122+0000] {logging_mixin.py:188} INFO - [2024-05-26T15:24:39.121+0000] {dag.py:3096} INFO - Sync 1 DAGs
[2024-05-26T15:24:39.152+0000] {logging_mixin.py:188} INFO - [2024-05-26T15:24:39.151+0000] {dag.py:3954} INFO - Setting next_dagrun for example_nested_branch_dag to 2024-05-25 00:00:00+00:00, run_after=2024-05-26 00:00:00+00:00
[2024-05-26T15:24:39.174+0000] {processor.py:183} INFO - Processing /home/airflow/.local/lib/python3.12/site-packages/airflow/example_dags/example_nested_branch_dag.py took 0.113 seconds
[2024-05-26T15:25:09.440+0000] {processor.py:161} INFO - Started process (PID=467) to work on /home/airflow/.local/lib/python3.12/site-packages/airflow/example_dags/example_nested_branch_dag.py
[2024-05-26T15:25:09.441+0000] {processor.py:830} INFO - Processing file /home/airflow/.local/lib/python3.12/site-packages/airflow/example_dags/example_nested_branch_dag.py for tasks to queue
[2024-05-26T15:25:09.444+0000] {logging_mixin.py:188} INFO - [2024-05-26T15:25:09.443+0000] {dagbag.py:545} INFO - Filling up the DagBag from /home/airflow/.local/lib/python3.12/site-packages/airflow/example_dags/example_nested_branch_dag.py
[2024-05-26T15:25:09.457+0000] {processor.py:840} INFO - DAG(s) 'example_nested_branch_dag' retrieved from /home/airflow/.local/lib/python3.12/site-packages/airflow/example_dags/example_nested_branch_dag.py
[2024-05-26T15:25:09.482+0000] {logging_mixin.py:188} INFO - [2024-05-26T15:25:09.481+0000] {dag.py:3096} INFO - Sync 1 DAGs
[2024-05-26T15:25:09.507+0000] {logging_mixin.py:188} INFO - [2024-05-26T15:25:09.507+0000] {dag.py:3954} INFO - Setting next_dagrun for example_nested_branch_dag to 2024-05-25 00:00:00+00:00, run_after=2024-05-26 00:00:00+00:00
[2024-05-26T15:25:09.526+0000] {processor.py:183} INFO - Processing /home/airflow/.local/lib/python3.12/site-packages/airflow/example_dags/example_nested_branch_dag.py took 0.093 seconds
[2024-05-26T15:25:39.836+0000] {processor.py:161} INFO - Started process (PID=525) to work on /home/airflow/.local/lib/python3.12/site-packages/airflow/example_dags/example_nested_branch_dag.py
[2024-05-26T15:25:39.837+0000] {processor.py:830} INFO - Processing file /home/airflow/.local/lib/python3.12/site-packages/airflow/example_dags/example_nested_branch_dag.py for tasks to queue
[2024-05-26T15:25:39.839+0000] {logging_mixin.py:188} INFO - [2024-05-26T15:25:39.839+0000] {dagbag.py:545} INFO - Filling up the DagBag from /home/airflow/.local/lib/python3.12/site-packages/airflow/example_dags/example_nested_branch_dag.py
[2024-05-26T15:25:39.851+0000] {processor.py:840} INFO - DAG(s) 'example_nested_branch_dag' retrieved from /home/airflow/.local/lib/python3.12/site-packages/airflow/example_dags/example_nested_branch_dag.py
[2024-05-26T15:25:39.878+0000] {logging_mixin.py:188} INFO - [2024-05-26T15:25:39.878+0000] {dag.py:3096} INFO - Sync 1 DAGs
[2024-05-26T15:25:39.906+0000] {logging_mixin.py:188} INFO - [2024-05-26T15:25:39.905+0000] {dag.py:3954} INFO - Setting next_dagrun for example_nested_branch_dag to 2024-05-25 00:00:00+00:00, run_after=2024-05-26 00:00:00+00:00
[2024-05-26T15:25:39.928+0000] {processor.py:183} INFO - Processing /home/airflow/.local/lib/python3.12/site-packages/airflow/example_dags/example_nested_branch_dag.py took 0.100 seconds
[2024-05-26T15:26:10.393+0000] {processor.py:161} INFO - Started process (PID=583) to work on /home/airflow/.local/lib/python3.12/site-packages/airflow/example_dags/example_nested_branch_dag.py
[2024-05-26T15:26:10.395+0000] {processor.py:830} INFO - Processing file /home/airflow/.local/lib/python3.12/site-packages/airflow/example_dags/example_nested_branch_dag.py for tasks to queue
[2024-05-26T15:26:10.401+0000] {logging_mixin.py:188} INFO - [2024-05-26T15:26:10.400+0000] {dagbag.py:545} INFO - Filling up the DagBag from /home/airflow/.local/lib/python3.12/site-packages/airflow/example_dags/example_nested_branch_dag.py
[2024-05-26T15:26:10.419+0000] {processor.py:840} INFO - DAG(s) 'example_nested_branch_dag' retrieved from /home/airflow/.local/lib/python3.12/site-packages/airflow/example_dags/example_nested_branch_dag.py
[2024-05-26T15:26:10.443+0000] {logging_mixin.py:188} INFO - [2024-05-26T15:26:10.443+0000] {dag.py:3096} INFO - Sync 1 DAGs
[2024-05-26T15:26:10.474+0000] {logging_mixin.py:188} INFO - [2024-05-26T15:26:10.474+0000] {dag.py:3954} INFO - Setting next_dagrun for example_nested_branch_dag to 2024-05-25 00:00:00+00:00, run_after=2024-05-26 00:00:00+00:00
[2024-05-26T15:26:10.497+0000] {processor.py:183} INFO - Processing /home/airflow/.local/lib/python3.12/site-packages/airflow/example_dags/example_nested_branch_dag.py took 0.120 seconds
[2024-05-26T15:26:40.583+0000] {processor.py:161} INFO - Started process (PID=642) to work on /home/airflow/.local/lib/python3.12/site-packages/airflow/example_dags/example_nested_branch_dag.py
[2024-05-26T15:26:40.584+0000] {processor.py:830} INFO - Processing file /home/airflow/.local/lib/python3.12/site-packages/airflow/example_dags/example_nested_branch_dag.py for tasks to queue
[2024-05-26T15:26:40.587+0000] {logging_mixin.py:188} INFO - [2024-05-26T15:26:40.587+0000] {dagbag.py:545} INFO - Filling up the DagBag from /home/airflow/.local/lib/python3.12/site-packages/airflow/example_dags/example_nested_branch_dag.py
[2024-05-26T15:26:40.600+0000] {processor.py:840} INFO - DAG(s) 'example_nested_branch_dag' retrieved from /home/airflow/.local/lib/python3.12/site-packages/airflow/example_dags/example_nested_branch_dag.py
[2024-05-26T15:26:40.628+0000] {logging_mixin.py:188} INFO - [2024-05-26T15:26:40.628+0000] {dag.py:3096} INFO - Sync 1 DAGs
[2024-05-26T15:26:40.655+0000] {logging_mixin.py:188} INFO - [2024-05-26T15:26:40.655+0000] {dag.py:3954} INFO - Setting next_dagrun for example_nested_branch_dag to 2024-05-25 00:00:00+00:00, run_after=2024-05-26 00:00:00+00:00
[2024-05-26T15:26:40.676+0000] {processor.py:183} INFO - Processing /home/airflow/.local/lib/python3.12/site-packages/airflow/example_dags/example_nested_branch_dag.py took 0.100 seconds
[2024-05-26T15:27:11.146+0000] {processor.py:161} INFO - Started process (PID=700) to work on /home/airflow/.local/lib/python3.12/site-packages/airflow/example_dags/example_nested_branch_dag.py
[2024-05-26T15:27:11.147+0000] {processor.py:830} INFO - Processing file /home/airflow/.local/lib/python3.12/site-packages/airflow/example_dags/example_nested_branch_dag.py for tasks to queue
[2024-05-26T15:27:11.149+0000] {logging_mixin.py:188} INFO - [2024-05-26T15:27:11.148+0000] {dagbag.py:545} INFO - Filling up the DagBag from /home/airflow/.local/lib/python3.12/site-packages/airflow/example_dags/example_nested_branch_dag.py
[2024-05-26T15:27:11.160+0000] {processor.py:840} INFO - DAG(s) 'example_nested_branch_dag' retrieved from /home/airflow/.local/lib/python3.12/site-packages/airflow/example_dags/example_nested_branch_dag.py
[2024-05-26T15:27:11.186+0000] {logging_mixin.py:188} INFO - [2024-05-26T15:27:11.186+0000] {dag.py:3096} INFO - Sync 1 DAGs
[2024-05-26T15:27:11.215+0000] {logging_mixin.py:188} INFO - [2024-05-26T15:27:11.214+0000] {dag.py:3954} INFO - Setting next_dagrun for example_nested_branch_dag to 2024-05-25 00:00:00+00:00, run_after=2024-05-26 00:00:00+00:00
[2024-05-26T15:27:11.238+0000] {processor.py:183} INFO - Processing /home/airflow/.local/lib/python3.12/site-packages/airflow/example_dags/example_nested_branch_dag.py took 0.098 seconds
[2024-05-26T17:43:34.957+0000] {processor.py:161} INFO - Started process (PID=31) to work on /home/airflow/.local/lib/python3.12/site-packages/airflow/example_dags/example_nested_branch_dag.py
[2024-05-26T17:43:34.961+0000] {processor.py:830} INFO - Processing file /home/airflow/.local/lib/python3.12/site-packages/airflow/example_dags/example_nested_branch_dag.py for tasks to queue
[2024-05-26T17:43:34.966+0000] {logging_mixin.py:188} INFO - [2024-05-26T17:43:34.965+0000] {dagbag.py:545} INFO - Filling up the DagBag from /home/airflow/.local/lib/python3.12/site-packages/airflow/example_dags/example_nested_branch_dag.py
[2024-05-26T17:43:34.987+0000] {processor.py:840} INFO - DAG(s) 'example_nested_branch_dag' retrieved from /home/airflow/.local/lib/python3.12/site-packages/airflow/example_dags/example_nested_branch_dag.py
[2024-05-26T17:43:35.014+0000] {logging_mixin.py:188} INFO - [2024-05-26T17:43:35.014+0000] {dag.py:3096} INFO - Sync 1 DAGs
[2024-05-26T17:43:35.063+0000] {logging_mixin.py:188} INFO - [2024-05-26T17:43:35.063+0000] {dag.py:3954} INFO - Setting next_dagrun for example_nested_branch_dag to 2024-05-25 00:00:00+00:00, run_after=2024-05-26 00:00:00+00:00
[2024-05-26T17:43:35.084+0000] {processor.py:183} INFO - Processing /home/airflow/.local/lib/python3.12/site-packages/airflow/example_dags/example_nested_branch_dag.py took 0.136 seconds
[2024-05-26T17:44:06.093+0000] {processor.py:161} INFO - Started process (PID=89) to work on /home/airflow/.local/lib/python3.12/site-packages/airflow/example_dags/example_nested_branch_dag.py
[2024-05-26T17:44:06.094+0000] {processor.py:830} INFO - Processing file /home/airflow/.local/lib/python3.12/site-packages/airflow/example_dags/example_nested_branch_dag.py for tasks to queue
[2024-05-26T17:44:06.098+0000] {logging_mixin.py:188} INFO - [2024-05-26T17:44:06.097+0000] {dagbag.py:545} INFO - Filling up the DagBag from /home/airflow/.local/lib/python3.12/site-packages/airflow/example_dags/example_nested_branch_dag.py
[2024-05-26T17:44:06.110+0000] {processor.py:840} INFO - DAG(s) 'example_nested_branch_dag' retrieved from /home/airflow/.local/lib/python3.12/site-packages/airflow/example_dags/example_nested_branch_dag.py
[2024-05-26T17:44:06.234+0000] {logging_mixin.py:188} INFO - [2024-05-26T17:44:06.234+0000] {dag.py:3096} INFO - Sync 1 DAGs
[2024-05-26T17:44:06.259+0000] {logging_mixin.py:188} INFO - [2024-05-26T17:44:06.259+0000] {dag.py:3954} INFO - Setting next_dagrun for example_nested_branch_dag to 2024-05-25 00:00:00+00:00, run_after=2024-05-26 00:00:00+00:00
[2024-05-26T17:44:06.286+0000] {processor.py:183} INFO - Processing /home/airflow/.local/lib/python3.12/site-packages/airflow/example_dags/example_nested_branch_dag.py took 0.200 seconds
[2024-05-26T17:44:36.350+0000] {processor.py:161} INFO - Started process (PID=147) to work on /home/airflow/.local/lib/python3.12/site-packages/airflow/example_dags/example_nested_branch_dag.py
[2024-05-26T17:44:36.352+0000] {processor.py:830} INFO - Processing file /home/airflow/.local/lib/python3.12/site-packages/airflow/example_dags/example_nested_branch_dag.py for tasks to queue
[2024-05-26T17:44:36.355+0000] {logging_mixin.py:188} INFO - [2024-05-26T17:44:36.354+0000] {dagbag.py:545} INFO - Filling up the DagBag from /home/airflow/.local/lib/python3.12/site-packages/airflow/example_dags/example_nested_branch_dag.py
[2024-05-26T17:44:36.367+0000] {processor.py:840} INFO - DAG(s) 'example_nested_branch_dag' retrieved from /home/airflow/.local/lib/python3.12/site-packages/airflow/example_dags/example_nested_branch_dag.py
[2024-05-26T17:44:36.396+0000] {logging_mixin.py:188} INFO - [2024-05-26T17:44:36.395+0000] {dag.py:3096} INFO - Sync 1 DAGs
[2024-05-26T17:44:36.422+0000] {logging_mixin.py:188} INFO - [2024-05-26T17:44:36.422+0000] {dag.py:3954} INFO - Setting next_dagrun for example_nested_branch_dag to 2024-05-25 00:00:00+00:00, run_after=2024-05-26 00:00:00+00:00
[2024-05-26T17:44:36.455+0000] {processor.py:183} INFO - Processing /home/airflow/.local/lib/python3.12/site-packages/airflow/example_dags/example_nested_branch_dag.py took 0.112 seconds
[2024-05-26T17:45:06.909+0000] {processor.py:161} INFO - Started process (PID=204) to work on /home/airflow/.local/lib/python3.12/site-packages/airflow/example_dags/example_nested_branch_dag.py
[2024-05-26T17:45:06.911+0000] {processor.py:830} INFO - Processing file /home/airflow/.local/lib/python3.12/site-packages/airflow/example_dags/example_nested_branch_dag.py for tasks to queue
[2024-05-26T17:45:06.913+0000] {logging_mixin.py:188} INFO - [2024-05-26T17:45:06.913+0000] {dagbag.py:545} INFO - Filling up the DagBag from /home/airflow/.local/lib/python3.12/site-packages/airflow/example_dags/example_nested_branch_dag.py
[2024-05-26T17:45:06.928+0000] {processor.py:840} INFO - DAG(s) 'example_nested_branch_dag' retrieved from /home/airflow/.local/lib/python3.12/site-packages/airflow/example_dags/example_nested_branch_dag.py
[2024-05-26T17:45:06.958+0000] {logging_mixin.py:188} INFO - [2024-05-26T17:45:06.958+0000] {dag.py:3096} INFO - Sync 1 DAGs
[2024-05-26T17:45:06.992+0000] {logging_mixin.py:188} INFO - [2024-05-26T17:45:06.991+0000] {dag.py:3954} INFO - Setting next_dagrun for example_nested_branch_dag to 2024-05-25 00:00:00+00:00, run_after=2024-05-26 00:00:00+00:00
[2024-05-26T17:45:07.023+0000] {processor.py:183} INFO - Processing /home/airflow/.local/lib/python3.12/site-packages/airflow/example_dags/example_nested_branch_dag.py took 0.122 seconds
[2024-05-26T17:45:37.141+0000] {processor.py:161} INFO - Started process (PID=262) to work on /home/airflow/.local/lib/python3.12/site-packages/airflow/example_dags/example_nested_branch_dag.py
[2024-05-26T17:45:37.143+0000] {processor.py:830} INFO - Processing file /home/airflow/.local/lib/python3.12/site-packages/airflow/example_dags/example_nested_branch_dag.py for tasks to queue
[2024-05-26T17:45:37.147+0000] {logging_mixin.py:188} INFO - [2024-05-26T17:45:37.147+0000] {dagbag.py:545} INFO - Filling up the DagBag from /home/airflow/.local/lib/python3.12/site-packages/airflow/example_dags/example_nested_branch_dag.py
[2024-05-26T17:45:37.161+0000] {processor.py:840} INFO - DAG(s) 'example_nested_branch_dag' retrieved from /home/airflow/.local/lib/python3.12/site-packages/airflow/example_dags/example_nested_branch_dag.py
[2024-05-26T17:45:37.191+0000] {logging_mixin.py:188} INFO - [2024-05-26T17:45:37.191+0000] {dag.py:3096} INFO - Sync 1 DAGs
[2024-05-26T17:45:37.218+0000] {logging_mixin.py:188} INFO - [2024-05-26T17:45:37.217+0000] {dag.py:3954} INFO - Setting next_dagrun for example_nested_branch_dag to 2024-05-25 00:00:00+00:00, run_after=2024-05-26 00:00:00+00:00
[2024-05-26T17:45:37.241+0000] {processor.py:183} INFO - Processing /home/airflow/.local/lib/python3.12/site-packages/airflow/example_dags/example_nested_branch_dag.py took 0.117 seconds
[2024-05-26T17:46:07.848+0000] {processor.py:161} INFO - Started process (PID=319) to work on /home/airflow/.local/lib/python3.12/site-packages/airflow/example_dags/example_nested_branch_dag.py
[2024-05-26T17:46:07.851+0000] {processor.py:830} INFO - Processing file /home/airflow/.local/lib/python3.12/site-packages/airflow/example_dags/example_nested_branch_dag.py for tasks to queue
[2024-05-26T17:46:07.855+0000] {logging_mixin.py:188} INFO - [2024-05-26T17:46:07.854+0000] {dagbag.py:545} INFO - Filling up the DagBag from /home/airflow/.local/lib/python3.12/site-packages/airflow/example_dags/example_nested_branch_dag.py
[2024-05-26T17:46:07.868+0000] {processor.py:840} INFO - DAG(s) 'example_nested_branch_dag' retrieved from /home/airflow/.local/lib/python3.12/site-packages/airflow/example_dags/example_nested_branch_dag.py
[2024-05-26T17:46:07.897+0000] {logging_mixin.py:188} INFO - [2024-05-26T17:46:07.896+0000] {dag.py:3096} INFO - Sync 1 DAGs
[2024-05-26T17:46:07.924+0000] {logging_mixin.py:188} INFO - [2024-05-26T17:46:07.924+0000] {dag.py:3954} INFO - Setting next_dagrun for example_nested_branch_dag to 2024-05-25 00:00:00+00:00, run_after=2024-05-26 00:00:00+00:00
[2024-05-26T17:46:07.947+0000] {processor.py:183} INFO - Processing /home/airflow/.local/lib/python3.12/site-packages/airflow/example_dags/example_nested_branch_dag.py took 0.113 seconds
[2024-05-26T17:46:38.432+0000] {processor.py:161} INFO - Started process (PID=377) to work on /home/airflow/.local/lib/python3.12/site-packages/airflow/example_dags/example_nested_branch_dag.py
[2024-05-26T17:46:38.434+0000] {processor.py:830} INFO - Processing file /home/airflow/.local/lib/python3.12/site-packages/airflow/example_dags/example_nested_branch_dag.py for tasks to queue
[2024-05-26T17:46:38.441+0000] {logging_mixin.py:188} INFO - [2024-05-26T17:46:38.440+0000] {dagbag.py:545} INFO - Filling up the DagBag from /home/airflow/.local/lib/python3.12/site-packages/airflow/example_dags/example_nested_branch_dag.py
[2024-05-26T17:46:38.456+0000] {processor.py:840} INFO - DAG(s) 'example_nested_branch_dag' retrieved from /home/airflow/.local/lib/python3.12/site-packages/airflow/example_dags/example_nested_branch_dag.py
[2024-05-26T17:46:38.483+0000] {logging_mixin.py:188} INFO - [2024-05-26T17:46:38.483+0000] {dag.py:3096} INFO - Sync 1 DAGs
[2024-05-26T17:46:38.511+0000] {logging_mixin.py:188} INFO - [2024-05-26T17:46:38.510+0000] {dag.py:3954} INFO - Setting next_dagrun for example_nested_branch_dag to 2024-05-25 00:00:00+00:00, run_after=2024-05-26 00:00:00+00:00
[2024-05-26T17:46:38.533+0000] {processor.py:183} INFO - Processing /home/airflow/.local/lib/python3.12/site-packages/airflow/example_dags/example_nested_branch_dag.py took 0.116 seconds
[2024-05-26T17:47:08.752+0000] {processor.py:161} INFO - Started process (PID=435) to work on /home/airflow/.local/lib/python3.12/site-packages/airflow/example_dags/example_nested_branch_dag.py
[2024-05-26T17:47:08.753+0000] {processor.py:830} INFO - Processing file /home/airflow/.local/lib/python3.12/site-packages/airflow/example_dags/example_nested_branch_dag.py for tasks to queue
[2024-05-26T17:47:08.755+0000] {logging_mixin.py:188} INFO - [2024-05-26T17:47:08.755+0000] {dagbag.py:545} INFO - Filling up the DagBag from /home/airflow/.local/lib/python3.12/site-packages/airflow/example_dags/example_nested_branch_dag.py
[2024-05-26T17:47:08.767+0000] {processor.py:840} INFO - DAG(s) 'example_nested_branch_dag' retrieved from /home/airflow/.local/lib/python3.12/site-packages/airflow/example_dags/example_nested_branch_dag.py
[2024-05-26T17:47:08.794+0000] {logging_mixin.py:188} INFO - [2024-05-26T17:47:08.794+0000] {dag.py:3096} INFO - Sync 1 DAGs
[2024-05-26T17:47:08.824+0000] {logging_mixin.py:188} INFO - [2024-05-26T17:47:08.824+0000] {dag.py:3954} INFO - Setting next_dagrun for example_nested_branch_dag to 2024-05-25 00:00:00+00:00, run_after=2024-05-26 00:00:00+00:00
[2024-05-26T17:47:08.846+0000] {processor.py:183} INFO - Processing /home/airflow/.local/lib/python3.12/site-packages/airflow/example_dags/example_nested_branch_dag.py took 0.101 seconds
[2024-05-26T17:47:39.248+0000] {processor.py:161} INFO - Started process (PID=493) to work on /home/airflow/.local/lib/python3.12/site-packages/airflow/example_dags/example_nested_branch_dag.py
[2024-05-26T17:47:39.249+0000] {processor.py:830} INFO - Processing file /home/airflow/.local/lib/python3.12/site-packages/airflow/example_dags/example_nested_branch_dag.py for tasks to queue
[2024-05-26T17:47:39.252+0000] {logging_mixin.py:188} INFO - [2024-05-26T17:47:39.251+0000] {dagbag.py:545} INFO - Filling up the DagBag from /home/airflow/.local/lib/python3.12/site-packages/airflow/example_dags/example_nested_branch_dag.py
[2024-05-26T17:47:39.264+0000] {processor.py:840} INFO - DAG(s) 'example_nested_branch_dag' retrieved from /home/airflow/.local/lib/python3.12/site-packages/airflow/example_dags/example_nested_branch_dag.py
[2024-05-26T17:47:39.291+0000] {logging_mixin.py:188} INFO - [2024-05-26T17:47:39.291+0000] {dag.py:3096} INFO - Sync 1 DAGs
[2024-05-26T17:47:39.320+0000] {logging_mixin.py:188} INFO - [2024-05-26T17:47:39.320+0000] {dag.py:3954} INFO - Setting next_dagrun for example_nested_branch_dag to 2024-05-25 00:00:00+00:00, run_after=2024-05-26 00:00:00+00:00
[2024-05-26T17:47:39.345+0000] {processor.py:183} INFO - Processing /home/airflow/.local/lib/python3.12/site-packages/airflow/example_dags/example_nested_branch_dag.py took 0.102 seconds
[2024-05-26T17:49:04.961+0000] {processor.py:161} INFO - Started process (PID=31) to work on /home/airflow/.local/lib/python3.12/site-packages/airflow/example_dags/example_nested_branch_dag.py
[2024-05-26T17:49:04.963+0000] {processor.py:830} INFO - Processing file /home/airflow/.local/lib/python3.12/site-packages/airflow/example_dags/example_nested_branch_dag.py for tasks to queue
[2024-05-26T17:49:04.965+0000] {logging_mixin.py:188} INFO - [2024-05-26T17:49:04.965+0000] {dagbag.py:545} INFO - Filling up the DagBag from /home/airflow/.local/lib/python3.12/site-packages/airflow/example_dags/example_nested_branch_dag.py
[2024-05-26T17:49:04.981+0000] {processor.py:840} INFO - DAG(s) 'example_nested_branch_dag' retrieved from /home/airflow/.local/lib/python3.12/site-packages/airflow/example_dags/example_nested_branch_dag.py
[2024-05-26T17:49:04.995+0000] {logging_mixin.py:188} INFO - [2024-05-26T17:49:04.995+0000] {dag.py:3096} INFO - Sync 1 DAGs
[2024-05-26T17:49:05.037+0000] {logging_mixin.py:188} INFO - [2024-05-26T17:49:05.036+0000] {dag.py:3954} INFO - Setting next_dagrun for example_nested_branch_dag to 2024-05-25 00:00:00+00:00, run_after=2024-05-26 00:00:00+00:00
[2024-05-26T17:49:05.060+0000] {processor.py:183} INFO - Processing /home/airflow/.local/lib/python3.12/site-packages/airflow/example_dags/example_nested_branch_dag.py took 0.107 seconds
[2024-05-26T17:49:35.675+0000] {processor.py:161} INFO - Started process (PID=89) to work on /home/airflow/.local/lib/python3.12/site-packages/airflow/example_dags/example_nested_branch_dag.py
[2024-05-26T17:49:35.676+0000] {processor.py:830} INFO - Processing file /home/airflow/.local/lib/python3.12/site-packages/airflow/example_dags/example_nested_branch_dag.py for tasks to queue
[2024-05-26T17:49:35.678+0000] {logging_mixin.py:188} INFO - [2024-05-26T17:49:35.678+0000] {dagbag.py:545} INFO - Filling up the DagBag from /home/airflow/.local/lib/python3.12/site-packages/airflow/example_dags/example_nested_branch_dag.py
[2024-05-26T17:49:35.689+0000] {processor.py:840} INFO - DAG(s) 'example_nested_branch_dag' retrieved from /home/airflow/.local/lib/python3.12/site-packages/airflow/example_dags/example_nested_branch_dag.py
[2024-05-26T17:49:35.819+0000] {logging_mixin.py:188} INFO - [2024-05-26T17:49:35.818+0000] {dag.py:3096} INFO - Sync 1 DAGs
[2024-05-26T17:49:35.873+0000] {logging_mixin.py:188} INFO - [2024-05-26T17:49:35.872+0000] {dag.py:3954} INFO - Setting next_dagrun for example_nested_branch_dag to 2024-05-25 00:00:00+00:00, run_after=2024-05-26 00:00:00+00:00
[2024-05-26T17:49:35.908+0000] {processor.py:183} INFO - Processing /home/airflow/.local/lib/python3.12/site-packages/airflow/example_dags/example_nested_branch_dag.py took 0.246 seconds
[2024-05-26T17:50:06.062+0000] {processor.py:161} INFO - Started process (PID=147) to work on /home/airflow/.local/lib/python3.12/site-packages/airflow/example_dags/example_nested_branch_dag.py
[2024-05-26T17:50:06.064+0000] {processor.py:830} INFO - Processing file /home/airflow/.local/lib/python3.12/site-packages/airflow/example_dags/example_nested_branch_dag.py for tasks to queue
[2024-05-26T17:50:06.068+0000] {logging_mixin.py:188} INFO - [2024-05-26T17:50:06.067+0000] {dagbag.py:545} INFO - Filling up the DagBag from /home/airflow/.local/lib/python3.12/site-packages/airflow/example_dags/example_nested_branch_dag.py
[2024-05-26T17:50:06.086+0000] {processor.py:840} INFO - DAG(s) 'example_nested_branch_dag' retrieved from /home/airflow/.local/lib/python3.12/site-packages/airflow/example_dags/example_nested_branch_dag.py
[2024-05-26T17:50:06.120+0000] {logging_mixin.py:188} INFO - [2024-05-26T17:50:06.120+0000] {dag.py:3096} INFO - Sync 1 DAGs
[2024-05-26T17:50:06.153+0000] {logging_mixin.py:188} INFO - [2024-05-26T17:50:06.152+0000] {dag.py:3954} INFO - Setting next_dagrun for example_nested_branch_dag to 2024-05-25 00:00:00+00:00, run_after=2024-05-26 00:00:00+00:00
[2024-05-26T17:50:06.177+0000] {processor.py:183} INFO - Processing /home/airflow/.local/lib/python3.12/site-packages/airflow/example_dags/example_nested_branch_dag.py took 0.130 seconds
[2024-05-26T17:50:36.267+0000] {processor.py:161} INFO - Started process (PID=204) to work on /home/airflow/.local/lib/python3.12/site-packages/airflow/example_dags/example_nested_branch_dag.py
[2024-05-26T17:50:36.268+0000] {processor.py:830} INFO - Processing file /home/airflow/.local/lib/python3.12/site-packages/airflow/example_dags/example_nested_branch_dag.py for tasks to queue
[2024-05-26T17:50:36.270+0000] {logging_mixin.py:188} INFO - [2024-05-26T17:50:36.270+0000] {dagbag.py:545} INFO - Filling up the DagBag from /home/airflow/.local/lib/python3.12/site-packages/airflow/example_dags/example_nested_branch_dag.py
[2024-05-26T17:50:36.282+0000] {processor.py:840} INFO - DAG(s) 'example_nested_branch_dag' retrieved from /home/airflow/.local/lib/python3.12/site-packages/airflow/example_dags/example_nested_branch_dag.py
[2024-05-26T17:50:36.308+0000] {logging_mixin.py:188} INFO - [2024-05-26T17:50:36.308+0000] {dag.py:3096} INFO - Sync 1 DAGs
[2024-05-26T17:50:36.347+0000] {logging_mixin.py:188} INFO - [2024-05-26T17:50:36.347+0000] {dag.py:3954} INFO - Setting next_dagrun for example_nested_branch_dag to 2024-05-25 00:00:00+00:00, run_after=2024-05-26 00:00:00+00:00
[2024-05-26T17:50:36.370+0000] {processor.py:183} INFO - Processing /home/airflow/.local/lib/python3.12/site-packages/airflow/example_dags/example_nested_branch_dag.py took 0.111 seconds
[2024-05-26T17:51:06.675+0000] {processor.py:161} INFO - Started process (PID=260) to work on /home/airflow/.local/lib/python3.12/site-packages/airflow/example_dags/example_nested_branch_dag.py
[2024-05-26T17:51:06.679+0000] {processor.py:830} INFO - Processing file /home/airflow/.local/lib/python3.12/site-packages/airflow/example_dags/example_nested_branch_dag.py for tasks to queue
[2024-05-26T17:51:06.681+0000] {logging_mixin.py:188} INFO - [2024-05-26T17:51:06.681+0000] {dagbag.py:545} INFO - Filling up the DagBag from /home/airflow/.local/lib/python3.12/site-packages/airflow/example_dags/example_nested_branch_dag.py
[2024-05-26T17:51:06.694+0000] {processor.py:840} INFO - DAG(s) 'example_nested_branch_dag' retrieved from /home/airflow/.local/lib/python3.12/site-packages/airflow/example_dags/example_nested_branch_dag.py
[2024-05-26T17:51:06.721+0000] {logging_mixin.py:188} INFO - [2024-05-26T17:51:06.721+0000] {dag.py:3096} INFO - Sync 1 DAGs
[2024-05-26T17:51:06.755+0000] {logging_mixin.py:188} INFO - [2024-05-26T17:51:06.755+0000] {dag.py:3954} INFO - Setting next_dagrun for example_nested_branch_dag to 2024-05-25 00:00:00+00:00, run_after=2024-05-26 00:00:00+00:00
[2024-05-26T17:51:06.781+0000] {processor.py:183} INFO - Processing /home/airflow/.local/lib/python3.12/site-packages/airflow/example_dags/example_nested_branch_dag.py took 0.117 seconds
[2024-05-26T17:51:37.013+0000] {processor.py:161} INFO - Started process (PID=318) to work on /home/airflow/.local/lib/python3.12/site-packages/airflow/example_dags/example_nested_branch_dag.py
[2024-05-26T17:51:37.015+0000] {processor.py:830} INFO - Processing file /home/airflow/.local/lib/python3.12/site-packages/airflow/example_dags/example_nested_branch_dag.py for tasks to queue
[2024-05-26T17:51:37.019+0000] {logging_mixin.py:188} INFO - [2024-05-26T17:51:37.019+0000] {dagbag.py:545} INFO - Filling up the DagBag from /home/airflow/.local/lib/python3.12/site-packages/airflow/example_dags/example_nested_branch_dag.py
[2024-05-26T17:51:37.031+0000] {processor.py:840} INFO - DAG(s) 'example_nested_branch_dag' retrieved from /home/airflow/.local/lib/python3.12/site-packages/airflow/example_dags/example_nested_branch_dag.py
[2024-05-26T17:51:37.064+0000] {logging_mixin.py:188} INFO - [2024-05-26T17:51:37.064+0000] {dag.py:3096} INFO - Sync 1 DAGs
[2024-05-26T17:51:37.095+0000] {logging_mixin.py:188} INFO - [2024-05-26T17:51:37.095+0000] {dag.py:3954} INFO - Setting next_dagrun for example_nested_branch_dag to 2024-05-25 00:00:00+00:00, run_after=2024-05-26 00:00:00+00:00
[2024-05-26T17:51:37.119+0000] {processor.py:183} INFO - Processing /home/airflow/.local/lib/python3.12/site-packages/airflow/example_dags/example_nested_branch_dag.py took 0.114 seconds
[2024-05-26T17:52:07.221+0000] {processor.py:161} INFO - Started process (PID=376) to work on /home/airflow/.local/lib/python3.12/site-packages/airflow/example_dags/example_nested_branch_dag.py
[2024-05-26T17:52:07.221+0000] {processor.py:830} INFO - Processing file /home/airflow/.local/lib/python3.12/site-packages/airflow/example_dags/example_nested_branch_dag.py for tasks to queue
[2024-05-26T17:52:07.224+0000] {logging_mixin.py:188} INFO - [2024-05-26T17:52:07.224+0000] {dagbag.py:545} INFO - Filling up the DagBag from /home/airflow/.local/lib/python3.12/site-packages/airflow/example_dags/example_nested_branch_dag.py
[2024-05-26T17:52:07.237+0000] {processor.py:840} INFO - DAG(s) 'example_nested_branch_dag' retrieved from /home/airflow/.local/lib/python3.12/site-packages/airflow/example_dags/example_nested_branch_dag.py
[2024-05-26T17:52:07.275+0000] {logging_mixin.py:188} INFO - [2024-05-26T17:52:07.275+0000] {dag.py:3096} INFO - Sync 1 DAGs
[2024-05-26T17:52:07.300+0000] {logging_mixin.py:188} INFO - [2024-05-26T17:52:07.300+0000] {dag.py:3954} INFO - Setting next_dagrun for example_nested_branch_dag to 2024-05-25 00:00:00+00:00, run_after=2024-05-26 00:00:00+00:00
[2024-05-26T17:52:07.320+0000] {processor.py:183} INFO - Processing /home/airflow/.local/lib/python3.12/site-packages/airflow/example_dags/example_nested_branch_dag.py took 0.112 seconds
[2024-05-26T17:57:45.085+0000] {processor.py:161} INFO - Started process (PID=31) to work on /home/airflow/.local/lib/python3.12/site-packages/airflow/example_dags/example_nested_branch_dag.py
[2024-05-26T17:57:45.087+0000] {processor.py:830} INFO - Processing file /home/airflow/.local/lib/python3.12/site-packages/airflow/example_dags/example_nested_branch_dag.py for tasks to queue
[2024-05-26T17:57:45.090+0000] {logging_mixin.py:188} INFO - [2024-05-26T17:57:45.090+0000] {dagbag.py:545} INFO - Filling up the DagBag from /home/airflow/.local/lib/python3.12/site-packages/airflow/example_dags/example_nested_branch_dag.py
[2024-05-26T17:57:45.115+0000] {processor.py:840} INFO - DAG(s) 'example_nested_branch_dag' retrieved from /home/airflow/.local/lib/python3.12/site-packages/airflow/example_dags/example_nested_branch_dag.py
[2024-05-26T17:57:45.147+0000] {logging_mixin.py:188} INFO - [2024-05-26T17:57:45.147+0000] {dag.py:3096} INFO - Sync 1 DAGs
[2024-05-26T17:57:45.182+0000] {logging_mixin.py:188} INFO - [2024-05-26T17:57:45.182+0000] {dag.py:3954} INFO - Setting next_dagrun for example_nested_branch_dag to 2024-05-25 00:00:00+00:00, run_after=2024-05-26 00:00:00+00:00
[2024-05-26T17:57:45.204+0000] {processor.py:183} INFO - Processing /home/airflow/.local/lib/python3.12/site-packages/airflow/example_dags/example_nested_branch_dag.py took 0.132 seconds
[2024-05-26T17:58:15.776+0000] {processor.py:161} INFO - Started process (PID=89) to work on /home/airflow/.local/lib/python3.12/site-packages/airflow/example_dags/example_nested_branch_dag.py
[2024-05-26T17:58:15.777+0000] {processor.py:830} INFO - Processing file /home/airflow/.local/lib/python3.12/site-packages/airflow/example_dags/example_nested_branch_dag.py for tasks to queue
[2024-05-26T17:58:15.780+0000] {logging_mixin.py:188} INFO - [2024-05-26T17:58:15.779+0000] {dagbag.py:545} INFO - Filling up the DagBag from /home/airflow/.local/lib/python3.12/site-packages/airflow/example_dags/example_nested_branch_dag.py
[2024-05-26T17:58:15.791+0000] {processor.py:840} INFO - DAG(s) 'example_nested_branch_dag' retrieved from /home/airflow/.local/lib/python3.12/site-packages/airflow/example_dags/example_nested_branch_dag.py
[2024-05-26T17:58:15.915+0000] {logging_mixin.py:188} INFO - [2024-05-26T17:58:15.915+0000] {dag.py:3096} INFO - Sync 1 DAGs
[2024-05-26T17:58:15.943+0000] {logging_mixin.py:188} INFO - [2024-05-26T17:58:15.943+0000] {dag.py:3954} INFO - Setting next_dagrun for example_nested_branch_dag to 2024-05-25 00:00:00+00:00, run_after=2024-05-26 00:00:00+00:00
[2024-05-26T17:58:15.972+0000] {processor.py:183} INFO - Processing /home/airflow/.local/lib/python3.12/site-packages/airflow/example_dags/example_nested_branch_dag.py took 0.205 seconds
[2024-05-26T17:58:46.884+0000] {processor.py:161} INFO - Started process (PID=147) to work on /home/airflow/.local/lib/python3.12/site-packages/airflow/example_dags/example_nested_branch_dag.py
[2024-05-26T17:58:46.885+0000] {processor.py:830} INFO - Processing file /home/airflow/.local/lib/python3.12/site-packages/airflow/example_dags/example_nested_branch_dag.py for tasks to queue
[2024-05-26T17:58:46.888+0000] {logging_mixin.py:188} INFO - [2024-05-26T17:58:46.887+0000] {dagbag.py:545} INFO - Filling up the DagBag from /home/airflow/.local/lib/python3.12/site-packages/airflow/example_dags/example_nested_branch_dag.py
[2024-05-26T17:58:46.900+0000] {processor.py:840} INFO - DAG(s) 'example_nested_branch_dag' retrieved from /home/airflow/.local/lib/python3.12/site-packages/airflow/example_dags/example_nested_branch_dag.py
[2024-05-26T17:58:46.930+0000] {logging_mixin.py:188} INFO - [2024-05-26T17:58:46.930+0000] {dag.py:3096} INFO - Sync 1 DAGs
[2024-05-26T17:58:46.959+0000] {logging_mixin.py:188} INFO - [2024-05-26T17:58:46.959+0000] {dag.py:3954} INFO - Setting next_dagrun for example_nested_branch_dag to 2024-05-25 00:00:00+00:00, run_after=2024-05-26 00:00:00+00:00
[2024-05-26T17:58:46.987+0000] {processor.py:183} INFO - Processing /home/airflow/.local/lib/python3.12/site-packages/airflow/example_dags/example_nested_branch_dag.py took 0.109 seconds
