[2024-05-26T15:21:35.309+0000] {processor.py:161} INFO - Started process (PID=59) to work on /home/airflow/.local/lib/python3.12/site-packages/airflow/example_dags/tutorial.py
[2024-05-26T15:21:35.310+0000] {processor.py:830} INFO - Processing file /home/airflow/.local/lib/python3.12/site-packages/airflow/example_dags/tutorial.py for tasks to queue
[2024-05-26T15:21:35.313+0000] {logging_mixin.py:188} INFO - [2024-05-26T15:21:35.312+0000] {dagbag.py:545} INFO - Filling up the DagBag from /home/airflow/.local/lib/python3.12/site-packages/airflow/example_dags/tutorial.py
[2024-05-26T15:21:35.319+0000] {processor.py:840} INFO - DAG(s) 'tutorial' retrieved from /home/airflow/.local/lib/python3.12/site-packages/airflow/example_dags/tutorial.py
[2024-05-26T15:21:35.343+0000] {logging_mixin.py:188} INFO - [2024-05-26T15:21:35.342+0000] {dag.py:3096} INFO - Sync 1 DAGs
[2024-05-26T15:21:35.380+0000] {logging_mixin.py:188} INFO - [2024-05-26T15:21:35.380+0000] {dag.py:3954} INFO - Setting next_dagrun for tutorial to 2024-05-25 00:00:00+00:00, run_after=2024-05-26 00:00:00+00:00
[2024-05-26T15:21:35.400+0000] {processor.py:183} INFO - Processing /home/airflow/.local/lib/python3.12/site-packages/airflow/example_dags/tutorial.py took 0.097 seconds
[2024-05-26T15:22:05.856+0000] {processor.py:161} INFO - Started process (PID=117) to work on /home/airflow/.local/lib/python3.12/site-packages/airflow/example_dags/tutorial.py
[2024-05-26T15:22:05.857+0000] {processor.py:830} INFO - Processing file /home/airflow/.local/lib/python3.12/site-packages/airflow/example_dags/tutorial.py for tasks to queue
[2024-05-26T15:22:05.859+0000] {logging_mixin.py:188} INFO - [2024-05-26T15:22:05.859+0000] {dagbag.py:545} INFO - Filling up the DagBag from /home/airflow/.local/lib/python3.12/site-packages/airflow/example_dags/tutorial.py
[2024-05-26T15:22:05.866+0000] {processor.py:840} INFO - DAG(s) 'tutorial' retrieved from /home/airflow/.local/lib/python3.12/site-packages/airflow/example_dags/tutorial.py
[2024-05-26T15:22:05.887+0000] {logging_mixin.py:188} INFO - [2024-05-26T15:22:05.886+0000] {dag.py:3096} INFO - Sync 1 DAGs
[2024-05-26T15:22:05.916+0000] {logging_mixin.py:188} INFO - [2024-05-26T15:22:05.916+0000] {dag.py:3954} INFO - Setting next_dagrun for tutorial to 2024-05-25 00:00:00+00:00, run_after=2024-05-26 00:00:00+00:00
[2024-05-26T15:22:05.939+0000] {processor.py:183} INFO - Processing /home/airflow/.local/lib/python3.12/site-packages/airflow/example_dags/tutorial.py took 0.088 seconds
[2024-05-26T15:22:36.270+0000] {processor.py:161} INFO - Started process (PID=175) to work on /home/airflow/.local/lib/python3.12/site-packages/airflow/example_dags/tutorial.py
[2024-05-26T15:22:36.272+0000] {processor.py:830} INFO - Processing file /home/airflow/.local/lib/python3.12/site-packages/airflow/example_dags/tutorial.py for tasks to queue
[2024-05-26T15:22:36.276+0000] {logging_mixin.py:188} INFO - [2024-05-26T15:22:36.276+0000] {dagbag.py:545} INFO - Filling up the DagBag from /home/airflow/.local/lib/python3.12/site-packages/airflow/example_dags/tutorial.py
[2024-05-26T15:22:36.283+0000] {processor.py:840} INFO - DAG(s) 'tutorial' retrieved from /home/airflow/.local/lib/python3.12/site-packages/airflow/example_dags/tutorial.py
[2024-05-26T15:22:36.320+0000] {logging_mixin.py:188} INFO - [2024-05-26T15:22:36.320+0000] {dag.py:3096} INFO - Sync 1 DAGs
[2024-05-26T15:22:36.347+0000] {logging_mixin.py:188} INFO - [2024-05-26T15:22:36.347+0000] {dag.py:3954} INFO - Setting next_dagrun for tutorial to 2024-05-25 00:00:00+00:00, run_after=2024-05-26 00:00:00+00:00
[2024-05-26T15:22:36.373+0000] {processor.py:183} INFO - Processing /home/airflow/.local/lib/python3.12/site-packages/airflow/example_dags/tutorial.py took 0.109 seconds
[2024-05-26T15:23:06.414+0000] {processor.py:161} INFO - Started process (PID=232) to work on /home/airflow/.local/lib/python3.12/site-packages/airflow/example_dags/tutorial.py
[2024-05-26T15:23:06.416+0000] {processor.py:830} INFO - Processing file /home/airflow/.local/lib/python3.12/site-packages/airflow/example_dags/tutorial.py for tasks to queue
[2024-05-26T15:23:06.418+0000] {logging_mixin.py:188} INFO - [2024-05-26T15:23:06.418+0000] {dagbag.py:545} INFO - Filling up the DagBag from /home/airflow/.local/lib/python3.12/site-packages/airflow/example_dags/tutorial.py
[2024-05-26T15:23:06.426+0000] {processor.py:840} INFO - DAG(s) 'tutorial' retrieved from /home/airflow/.local/lib/python3.12/site-packages/airflow/example_dags/tutorial.py
[2024-05-26T15:23:06.450+0000] {logging_mixin.py:188} INFO - [2024-05-26T15:23:06.449+0000] {dag.py:3096} INFO - Sync 1 DAGs
[2024-05-26T15:23:06.477+0000] {logging_mixin.py:188} INFO - [2024-05-26T15:23:06.477+0000] {dag.py:3954} INFO - Setting next_dagrun for tutorial to 2024-05-25 00:00:00+00:00, run_after=2024-05-26 00:00:00+00:00
[2024-05-26T15:23:06.501+0000] {processor.py:183} INFO - Processing /home/airflow/.local/lib/python3.12/site-packages/airflow/example_dags/tutorial.py took 0.096 seconds
[2024-05-26T15:23:37.590+0000] {processor.py:161} INFO - Started process (PID=291) to work on /home/airflow/.local/lib/python3.12/site-packages/airflow/example_dags/tutorial.py
[2024-05-26T15:23:37.591+0000] {processor.py:830} INFO - Processing file /home/airflow/.local/lib/python3.12/site-packages/airflow/example_dags/tutorial.py for tasks to queue
[2024-05-26T15:23:37.593+0000] {logging_mixin.py:188} INFO - [2024-05-26T15:23:37.593+0000] {dagbag.py:545} INFO - Filling up the DagBag from /home/airflow/.local/lib/python3.12/site-packages/airflow/example_dags/tutorial.py
[2024-05-26T15:23:37.600+0000] {processor.py:840} INFO - DAG(s) 'tutorial' retrieved from /home/airflow/.local/lib/python3.12/site-packages/airflow/example_dags/tutorial.py
[2024-05-26T15:23:37.621+0000] {logging_mixin.py:188} INFO - [2024-05-26T15:23:37.621+0000] {dag.py:3096} INFO - Sync 1 DAGs
[2024-05-26T15:23:37.649+0000] {logging_mixin.py:188} INFO - [2024-05-26T15:23:37.648+0000] {dag.py:3954} INFO - Setting next_dagrun for tutorial to 2024-05-25 00:00:00+00:00, run_after=2024-05-26 00:00:00+00:00
[2024-05-26T15:23:37.671+0000] {processor.py:183} INFO - Processing /home/airflow/.local/lib/python3.12/site-packages/airflow/example_dags/tutorial.py took 0.089 seconds
[2024-05-26T15:24:08.573+0000] {processor.py:161} INFO - Started process (PID=349) to work on /home/airflow/.local/lib/python3.12/site-packages/airflow/example_dags/tutorial.py
[2024-05-26T15:24:08.575+0000] {processor.py:830} INFO - Processing file /home/airflow/.local/lib/python3.12/site-packages/airflow/example_dags/tutorial.py for tasks to queue
[2024-05-26T15:24:08.577+0000] {logging_mixin.py:188} INFO - [2024-05-26T15:24:08.577+0000] {dagbag.py:545} INFO - Filling up the DagBag from /home/airflow/.local/lib/python3.12/site-packages/airflow/example_dags/tutorial.py
[2024-05-26T15:24:08.584+0000] {processor.py:840} INFO - DAG(s) 'tutorial' retrieved from /home/airflow/.local/lib/python3.12/site-packages/airflow/example_dags/tutorial.py
[2024-05-26T15:24:08.605+0000] {logging_mixin.py:188} INFO - [2024-05-26T15:24:08.604+0000] {dag.py:3096} INFO - Sync 1 DAGs
[2024-05-26T15:24:08.631+0000] {logging_mixin.py:188} INFO - [2024-05-26T15:24:08.631+0000] {dag.py:3954} INFO - Setting next_dagrun for tutorial to 2024-05-25 00:00:00+00:00, run_after=2024-05-26 00:00:00+00:00
[2024-05-26T15:24:08.652+0000] {processor.py:183} INFO - Processing /home/airflow/.local/lib/python3.12/site-packages/airflow/example_dags/tutorial.py took 0.088 seconds
[2024-05-26T15:24:38.947+0000] {processor.py:161} INFO - Started process (PID=407) to work on /home/airflow/.local/lib/python3.12/site-packages/airflow/example_dags/tutorial.py
[2024-05-26T15:24:38.948+0000] {processor.py:830} INFO - Processing file /home/airflow/.local/lib/python3.12/site-packages/airflow/example_dags/tutorial.py for tasks to queue
[2024-05-26T15:24:38.950+0000] {logging_mixin.py:188} INFO - [2024-05-26T15:24:38.950+0000] {dagbag.py:545} INFO - Filling up the DagBag from /home/airflow/.local/lib/python3.12/site-packages/airflow/example_dags/tutorial.py
[2024-05-26T15:24:38.956+0000] {processor.py:840} INFO - DAG(s) 'tutorial' retrieved from /home/airflow/.local/lib/python3.12/site-packages/airflow/example_dags/tutorial.py
[2024-05-26T15:24:38.981+0000] {logging_mixin.py:188} INFO - [2024-05-26T15:24:38.981+0000] {dag.py:3096} INFO - Sync 1 DAGs
[2024-05-26T15:24:39.010+0000] {logging_mixin.py:188} INFO - [2024-05-26T15:24:39.010+0000] {dag.py:3954} INFO - Setting next_dagrun for tutorial to 2024-05-25 00:00:00+00:00, run_after=2024-05-26 00:00:00+00:00
[2024-05-26T15:24:39.034+0000] {processor.py:183} INFO - Processing /home/airflow/.local/lib/python3.12/site-packages/airflow/example_dags/tutorial.py took 0.092 seconds
[2024-05-26T15:25:09.327+0000] {processor.py:161} INFO - Started process (PID=465) to work on /home/airflow/.local/lib/python3.12/site-packages/airflow/example_dags/tutorial.py
[2024-05-26T15:25:09.328+0000] {processor.py:830} INFO - Processing file /home/airflow/.local/lib/python3.12/site-packages/airflow/example_dags/tutorial.py for tasks to queue
[2024-05-26T15:25:09.330+0000] {logging_mixin.py:188} INFO - [2024-05-26T15:25:09.330+0000] {dagbag.py:545} INFO - Filling up the DagBag from /home/airflow/.local/lib/python3.12/site-packages/airflow/example_dags/tutorial.py
[2024-05-26T15:25:09.337+0000] {processor.py:840} INFO - DAG(s) 'tutorial' retrieved from /home/airflow/.local/lib/python3.12/site-packages/airflow/example_dags/tutorial.py
[2024-05-26T15:25:09.361+0000] {logging_mixin.py:188} INFO - [2024-05-26T15:25:09.360+0000] {dag.py:3096} INFO - Sync 1 DAGs
[2024-05-26T15:25:09.386+0000] {logging_mixin.py:188} INFO - [2024-05-26T15:25:09.386+0000] {dag.py:3954} INFO - Setting next_dagrun for tutorial to 2024-05-25 00:00:00+00:00, run_after=2024-05-26 00:00:00+00:00
[2024-05-26T15:25:09.410+0000] {processor.py:183} INFO - Processing /home/airflow/.local/lib/python3.12/site-packages/airflow/example_dags/tutorial.py took 0.097 seconds
[2024-05-26T15:25:39.708+0000] {processor.py:161} INFO - Started process (PID=523) to work on /home/airflow/.local/lib/python3.12/site-packages/airflow/example_dags/tutorial.py
[2024-05-26T15:25:39.710+0000] {processor.py:830} INFO - Processing file /home/airflow/.local/lib/python3.12/site-packages/airflow/example_dags/tutorial.py for tasks to queue
[2024-05-26T15:25:39.714+0000] {logging_mixin.py:188} INFO - [2024-05-26T15:25:39.713+0000] {dagbag.py:545} INFO - Filling up the DagBag from /home/airflow/.local/lib/python3.12/site-packages/airflow/example_dags/tutorial.py
[2024-05-26T15:25:39.722+0000] {processor.py:840} INFO - DAG(s) 'tutorial' retrieved from /home/airflow/.local/lib/python3.12/site-packages/airflow/example_dags/tutorial.py
[2024-05-26T15:25:39.744+0000] {logging_mixin.py:188} INFO - [2024-05-26T15:25:39.744+0000] {dag.py:3096} INFO - Sync 1 DAGs
[2024-05-26T15:25:39.774+0000] {logging_mixin.py:188} INFO - [2024-05-26T15:25:39.774+0000] {dag.py:3954} INFO - Setting next_dagrun for tutorial to 2024-05-25 00:00:00+00:00, run_after=2024-05-26 00:00:00+00:00
[2024-05-26T15:25:39.801+0000] {processor.py:183} INFO - Processing /home/airflow/.local/lib/python3.12/site-packages/airflow/example_dags/tutorial.py took 0.100 seconds
[2024-05-26T15:26:10.138+0000] {processor.py:161} INFO - Started process (PID=581) to work on /home/airflow/.local/lib/python3.12/site-packages/airflow/example_dags/tutorial.py
[2024-05-26T15:26:10.139+0000] {processor.py:830} INFO - Processing file /home/airflow/.local/lib/python3.12/site-packages/airflow/example_dags/tutorial.py for tasks to queue
[2024-05-26T15:26:10.141+0000] {logging_mixin.py:188} INFO - [2024-05-26T15:26:10.141+0000] {dagbag.py:545} INFO - Filling up the DagBag from /home/airflow/.local/lib/python3.12/site-packages/airflow/example_dags/tutorial.py
[2024-05-26T15:26:10.149+0000] {processor.py:840} INFO - DAG(s) 'tutorial' retrieved from /home/airflow/.local/lib/python3.12/site-packages/airflow/example_dags/tutorial.py
[2024-05-26T15:26:10.172+0000] {logging_mixin.py:188} INFO - [2024-05-26T15:26:10.172+0000] {dag.py:3096} INFO - Sync 1 DAGs
[2024-05-26T15:26:10.202+0000] {logging_mixin.py:188} INFO - [2024-05-26T15:26:10.201+0000] {dag.py:3954} INFO - Setting next_dagrun for tutorial to 2024-05-25 00:00:00+00:00, run_after=2024-05-26 00:00:00+00:00
[2024-05-26T15:26:10.228+0000] {processor.py:183} INFO - Processing /home/airflow/.local/lib/python3.12/site-packages/airflow/example_dags/tutorial.py took 0.098 seconds
[2024-05-26T15:26:40.417+0000] {processor.py:161} INFO - Started process (PID=639) to work on /home/airflow/.local/lib/python3.12/site-packages/airflow/example_dags/tutorial.py
[2024-05-26T15:26:40.418+0000] {processor.py:830} INFO - Processing file /home/airflow/.local/lib/python3.12/site-packages/airflow/example_dags/tutorial.py for tasks to queue
[2024-05-26T15:26:40.420+0000] {logging_mixin.py:188} INFO - [2024-05-26T15:26:40.419+0000] {dagbag.py:545} INFO - Filling up the DagBag from /home/airflow/.local/lib/python3.12/site-packages/airflow/example_dags/tutorial.py
[2024-05-26T15:26:40.428+0000] {processor.py:840} INFO - DAG(s) 'tutorial' retrieved from /home/airflow/.local/lib/python3.12/site-packages/airflow/example_dags/tutorial.py
[2024-05-26T15:26:40.449+0000] {logging_mixin.py:188} INFO - [2024-05-26T15:26:40.448+0000] {dag.py:3096} INFO - Sync 1 DAGs
[2024-05-26T15:26:40.474+0000] {logging_mixin.py:188} INFO - [2024-05-26T15:26:40.473+0000] {dag.py:3954} INFO - Setting next_dagrun for tutorial to 2024-05-25 00:00:00+00:00, run_after=2024-05-26 00:00:00+00:00
[2024-05-26T15:26:40.495+0000] {processor.py:183} INFO - Processing /home/airflow/.local/lib/python3.12/site-packages/airflow/example_dags/tutorial.py took 0.085 seconds
[2024-05-26T15:27:10.959+0000] {processor.py:161} INFO - Started process (PID=697) to work on /home/airflow/.local/lib/python3.12/site-packages/airflow/example_dags/tutorial.py
[2024-05-26T15:27:10.960+0000] {processor.py:830} INFO - Processing file /home/airflow/.local/lib/python3.12/site-packages/airflow/example_dags/tutorial.py for tasks to queue
[2024-05-26T15:27:10.962+0000] {logging_mixin.py:188} INFO - [2024-05-26T15:27:10.962+0000] {dagbag.py:545} INFO - Filling up the DagBag from /home/airflow/.local/lib/python3.12/site-packages/airflow/example_dags/tutorial.py
[2024-05-26T15:27:10.969+0000] {processor.py:840} INFO - DAG(s) 'tutorial' retrieved from /home/airflow/.local/lib/python3.12/site-packages/airflow/example_dags/tutorial.py
[2024-05-26T15:27:10.990+0000] {logging_mixin.py:188} INFO - [2024-05-26T15:27:10.990+0000] {dag.py:3096} INFO - Sync 1 DAGs
[2024-05-26T15:27:11.017+0000] {logging_mixin.py:188} INFO - [2024-05-26T15:27:11.017+0000] {dag.py:3954} INFO - Setting next_dagrun for tutorial to 2024-05-25 00:00:00+00:00, run_after=2024-05-26 00:00:00+00:00
[2024-05-26T15:27:11.037+0000] {processor.py:183} INFO - Processing /home/airflow/.local/lib/python3.12/site-packages/airflow/example_dags/tutorial.py took 0.085 seconds
[2024-05-26T17:43:34.542+0000] {processor.py:161} INFO - Started process (PID=26) to work on /home/airflow/.local/lib/python3.12/site-packages/airflow/example_dags/tutorial.py
[2024-05-26T17:43:34.544+0000] {processor.py:830} INFO - Processing file /home/airflow/.local/lib/python3.12/site-packages/airflow/example_dags/tutorial.py for tasks to queue
[2024-05-26T17:43:34.548+0000] {logging_mixin.py:188} INFO - [2024-05-26T17:43:34.548+0000] {dagbag.py:545} INFO - Filling up the DagBag from /home/airflow/.local/lib/python3.12/site-packages/airflow/example_dags/tutorial.py
[2024-05-26T17:43:34.563+0000] {processor.py:840} INFO - DAG(s) 'tutorial' retrieved from /home/airflow/.local/lib/python3.12/site-packages/airflow/example_dags/tutorial.py
[2024-05-26T17:43:34.600+0000] {logging_mixin.py:188} INFO - [2024-05-26T17:43:34.599+0000] {dag.py:3096} INFO - Sync 1 DAGs
[2024-05-26T17:43:34.629+0000] {logging_mixin.py:188} INFO - [2024-05-26T17:43:34.629+0000] {dag.py:3954} INFO - Setting next_dagrun for tutorial to 2024-05-25 00:00:00+00:00, run_after=2024-05-26 00:00:00+00:00
[2024-05-26T17:43:34.654+0000] {processor.py:183} INFO - Processing /home/airflow/.local/lib/python3.12/site-packages/airflow/example_dags/tutorial.py took 0.119 seconds
[2024-05-26T17:44:05.327+0000] {processor.py:161} INFO - Started process (PID=84) to work on /home/airflow/.local/lib/python3.12/site-packages/airflow/example_dags/tutorial.py
[2024-05-26T17:44:05.328+0000] {processor.py:830} INFO - Processing file /home/airflow/.local/lib/python3.12/site-packages/airflow/example_dags/tutorial.py for tasks to queue
[2024-05-26T17:44:05.332+0000] {logging_mixin.py:188} INFO - [2024-05-26T17:44:05.332+0000] {dagbag.py:545} INFO - Filling up the DagBag from /home/airflow/.local/lib/python3.12/site-packages/airflow/example_dags/tutorial.py
[2024-05-26T17:44:05.343+0000] {processor.py:840} INFO - DAG(s) 'tutorial' retrieved from /home/airflow/.local/lib/python3.12/site-packages/airflow/example_dags/tutorial.py
[2024-05-26T17:44:05.471+0000] {logging_mixin.py:188} INFO - [2024-05-26T17:44:05.471+0000] {dag.py:3096} INFO - Sync 1 DAGs
[2024-05-26T17:44:05.508+0000] {logging_mixin.py:188} INFO - [2024-05-26T17:44:05.508+0000] {dag.py:3954} INFO - Setting next_dagrun for tutorial to 2024-05-25 00:00:00+00:00, run_after=2024-05-26 00:00:00+00:00
[2024-05-26T17:44:05.538+0000] {processor.py:183} INFO - Processing /home/airflow/.local/lib/python3.12/site-packages/airflow/example_dags/tutorial.py took 0.231 seconds
[2024-05-26T17:44:35.912+0000] {processor.py:161} INFO - Started process (PID=142) to work on /home/airflow/.local/lib/python3.12/site-packages/airflow/example_dags/tutorial.py
[2024-05-26T17:44:35.915+0000] {processor.py:830} INFO - Processing file /home/airflow/.local/lib/python3.12/site-packages/airflow/example_dags/tutorial.py for tasks to queue
[2024-05-26T17:44:35.919+0000] {logging_mixin.py:188} INFO - [2024-05-26T17:44:35.918+0000] {dagbag.py:545} INFO - Filling up the DagBag from /home/airflow/.local/lib/python3.12/site-packages/airflow/example_dags/tutorial.py
[2024-05-26T17:44:35.933+0000] {processor.py:840} INFO - DAG(s) 'tutorial' retrieved from /home/airflow/.local/lib/python3.12/site-packages/airflow/example_dags/tutorial.py
[2024-05-26T17:44:35.959+0000] {logging_mixin.py:188} INFO - [2024-05-26T17:44:35.959+0000] {dag.py:3096} INFO - Sync 1 DAGs
[2024-05-26T17:44:35.989+0000] {logging_mixin.py:188} INFO - [2024-05-26T17:44:35.988+0000] {dag.py:3954} INFO - Setting next_dagrun for tutorial to 2024-05-25 00:00:00+00:00, run_after=2024-05-26 00:00:00+00:00
[2024-05-26T17:44:36.010+0000] {processor.py:183} INFO - Processing /home/airflow/.local/lib/python3.12/site-packages/airflow/example_dags/tutorial.py took 0.115 seconds
[2024-05-26T17:45:06.483+0000] {processor.py:161} INFO - Started process (PID=199) to work on /home/airflow/.local/lib/python3.12/site-packages/airflow/example_dags/tutorial.py
[2024-05-26T17:45:06.485+0000] {processor.py:830} INFO - Processing file /home/airflow/.local/lib/python3.12/site-packages/airflow/example_dags/tutorial.py for tasks to queue
[2024-05-26T17:45:06.491+0000] {logging_mixin.py:188} INFO - [2024-05-26T17:45:06.490+0000] {dagbag.py:545} INFO - Filling up the DagBag from /home/airflow/.local/lib/python3.12/site-packages/airflow/example_dags/tutorial.py
[2024-05-26T17:45:06.497+0000] {processor.py:840} INFO - DAG(s) 'tutorial' retrieved from /home/airflow/.local/lib/python3.12/site-packages/airflow/example_dags/tutorial.py
[2024-05-26T17:45:06.521+0000] {logging_mixin.py:188} INFO - [2024-05-26T17:45:06.520+0000] {dag.py:3096} INFO - Sync 1 DAGs
[2024-05-26T17:45:06.546+0000] {logging_mixin.py:188} INFO - [2024-05-26T17:45:06.545+0000] {dag.py:3954} INFO - Setting next_dagrun for tutorial to 2024-05-25 00:00:00+00:00, run_after=2024-05-26 00:00:00+00:00
[2024-05-26T17:45:06.568+0000] {processor.py:183} INFO - Processing /home/airflow/.local/lib/python3.12/site-packages/airflow/example_dags/tutorial.py took 0.105 seconds
[2024-05-26T17:45:36.723+0000] {processor.py:161} INFO - Started process (PID=257) to work on /home/airflow/.local/lib/python3.12/site-packages/airflow/example_dags/tutorial.py
[2024-05-26T17:45:36.725+0000] {processor.py:830} INFO - Processing file /home/airflow/.local/lib/python3.12/site-packages/airflow/example_dags/tutorial.py for tasks to queue
[2024-05-26T17:45:36.730+0000] {logging_mixin.py:188} INFO - [2024-05-26T17:45:36.729+0000] {dagbag.py:545} INFO - Filling up the DagBag from /home/airflow/.local/lib/python3.12/site-packages/airflow/example_dags/tutorial.py
[2024-05-26T17:45:36.745+0000] {processor.py:840} INFO - DAG(s) 'tutorial' retrieved from /home/airflow/.local/lib/python3.12/site-packages/airflow/example_dags/tutorial.py
[2024-05-26T17:45:36.773+0000] {logging_mixin.py:188} INFO - [2024-05-26T17:45:36.773+0000] {dag.py:3096} INFO - Sync 1 DAGs
[2024-05-26T17:45:36.807+0000] {logging_mixin.py:188} INFO - [2024-05-26T17:45:36.807+0000] {dag.py:3954} INFO - Setting next_dagrun for tutorial to 2024-05-25 00:00:00+00:00, run_after=2024-05-26 00:00:00+00:00
[2024-05-26T17:45:36.831+0000] {processor.py:183} INFO - Processing /home/airflow/.local/lib/python3.12/site-packages/airflow/example_dags/tutorial.py took 0.123 seconds
[2024-05-26T17:46:07.349+0000] {processor.py:161} INFO - Started process (PID=314) to work on /home/airflow/.local/lib/python3.12/site-packages/airflow/example_dags/tutorial.py
[2024-05-26T17:46:07.354+0000] {processor.py:830} INFO - Processing file /home/airflow/.local/lib/python3.12/site-packages/airflow/example_dags/tutorial.py for tasks to queue
[2024-05-26T17:46:07.360+0000] {logging_mixin.py:188} INFO - [2024-05-26T17:46:07.359+0000] {dagbag.py:545} INFO - Filling up the DagBag from /home/airflow/.local/lib/python3.12/site-packages/airflow/example_dags/tutorial.py
[2024-05-26T17:46:07.375+0000] {processor.py:840} INFO - DAG(s) 'tutorial' retrieved from /home/airflow/.local/lib/python3.12/site-packages/airflow/example_dags/tutorial.py
[2024-05-26T17:46:07.398+0000] {logging_mixin.py:188} INFO - [2024-05-26T17:46:07.398+0000] {dag.py:3096} INFO - Sync 1 DAGs
[2024-05-26T17:46:07.425+0000] {logging_mixin.py:188} INFO - [2024-05-26T17:46:07.425+0000] {dag.py:3954} INFO - Setting next_dagrun for tutorial to 2024-05-25 00:00:00+00:00, run_after=2024-05-26 00:00:00+00:00
[2024-05-26T17:46:07.448+0000] {processor.py:183} INFO - Processing /home/airflow/.local/lib/python3.12/site-packages/airflow/example_dags/tutorial.py took 0.117 seconds
[2024-05-26T17:46:37.889+0000] {processor.py:161} INFO - Started process (PID=372) to work on /home/airflow/.local/lib/python3.12/site-packages/airflow/example_dags/tutorial.py
[2024-05-26T17:46:37.893+0000] {processor.py:830} INFO - Processing file /home/airflow/.local/lib/python3.12/site-packages/airflow/example_dags/tutorial.py for tasks to queue
[2024-05-26T17:46:37.896+0000] {logging_mixin.py:188} INFO - [2024-05-26T17:46:37.896+0000] {dagbag.py:545} INFO - Filling up the DagBag from /home/airflow/.local/lib/python3.12/site-packages/airflow/example_dags/tutorial.py
[2024-05-26T17:46:37.906+0000] {processor.py:840} INFO - DAG(s) 'tutorial' retrieved from /home/airflow/.local/lib/python3.12/site-packages/airflow/example_dags/tutorial.py
[2024-05-26T17:46:37.957+0000] {logging_mixin.py:188} INFO - [2024-05-26T17:46:37.957+0000] {dag.py:3096} INFO - Sync 1 DAGs
[2024-05-26T17:46:37.986+0000] {logging_mixin.py:188} INFO - [2024-05-26T17:46:37.985+0000] {dag.py:3954} INFO - Setting next_dagrun for tutorial to 2024-05-25 00:00:00+00:00, run_after=2024-05-26 00:00:00+00:00
[2024-05-26T17:46:38.008+0000] {processor.py:183} INFO - Processing /home/airflow/.local/lib/python3.12/site-packages/airflow/example_dags/tutorial.py took 0.129 seconds
[2024-05-26T17:47:08.201+0000] {processor.py:161} INFO - Started process (PID=430) to work on /home/airflow/.local/lib/python3.12/site-packages/airflow/example_dags/tutorial.py
[2024-05-26T17:47:08.203+0000] {processor.py:830} INFO - Processing file /home/airflow/.local/lib/python3.12/site-packages/airflow/example_dags/tutorial.py for tasks to queue
[2024-05-26T17:47:08.208+0000] {logging_mixin.py:188} INFO - [2024-05-26T17:47:08.207+0000] {dagbag.py:545} INFO - Filling up the DagBag from /home/airflow/.local/lib/python3.12/site-packages/airflow/example_dags/tutorial.py
[2024-05-26T17:47:08.224+0000] {processor.py:840} INFO - DAG(s) 'tutorial' retrieved from /home/airflow/.local/lib/python3.12/site-packages/airflow/example_dags/tutorial.py
[2024-05-26T17:47:08.255+0000] {logging_mixin.py:188} INFO - [2024-05-26T17:47:08.255+0000] {dag.py:3096} INFO - Sync 1 DAGs
[2024-05-26T17:47:08.283+0000] {logging_mixin.py:188} INFO - [2024-05-26T17:47:08.283+0000] {dag.py:3954} INFO - Setting next_dagrun for tutorial to 2024-05-25 00:00:00+00:00, run_after=2024-05-26 00:00:00+00:00
[2024-05-26T17:47:08.313+0000] {processor.py:183} INFO - Processing /home/airflow/.local/lib/python3.12/site-packages/airflow/example_dags/tutorial.py took 0.127 seconds
[2024-05-26T17:47:38.830+0000] {processor.py:161} INFO - Started process (PID=488) to work on /home/airflow/.local/lib/python3.12/site-packages/airflow/example_dags/tutorial.py
[2024-05-26T17:47:38.831+0000] {processor.py:830} INFO - Processing file /home/airflow/.local/lib/python3.12/site-packages/airflow/example_dags/tutorial.py for tasks to queue
[2024-05-26T17:47:38.834+0000] {logging_mixin.py:188} INFO - [2024-05-26T17:47:38.833+0000] {dagbag.py:545} INFO - Filling up the DagBag from /home/airflow/.local/lib/python3.12/site-packages/airflow/example_dags/tutorial.py
[2024-05-26T17:47:38.849+0000] {processor.py:840} INFO - DAG(s) 'tutorial' retrieved from /home/airflow/.local/lib/python3.12/site-packages/airflow/example_dags/tutorial.py
[2024-05-26T17:47:38.875+0000] {logging_mixin.py:188} INFO - [2024-05-26T17:47:38.874+0000] {dag.py:3096} INFO - Sync 1 DAGs
[2024-05-26T17:47:38.915+0000] {logging_mixin.py:188} INFO - [2024-05-26T17:47:38.915+0000] {dag.py:3954} INFO - Setting next_dagrun for tutorial to 2024-05-25 00:00:00+00:00, run_after=2024-05-26 00:00:00+00:00
[2024-05-26T17:47:38.946+0000] {processor.py:183} INFO - Processing /home/airflow/.local/lib/python3.12/site-packages/airflow/example_dags/tutorial.py took 0.126 seconds
[2024-05-26T17:49:04.494+0000] {processor.py:161} INFO - Started process (PID=26) to work on /home/airflow/.local/lib/python3.12/site-packages/airflow/example_dags/tutorial.py
[2024-05-26T17:49:04.495+0000] {processor.py:830} INFO - Processing file /home/airflow/.local/lib/python3.12/site-packages/airflow/example_dags/tutorial.py for tasks to queue
[2024-05-26T17:49:04.501+0000] {logging_mixin.py:188} INFO - [2024-05-26T17:49:04.500+0000] {dagbag.py:545} INFO - Filling up the DagBag from /home/airflow/.local/lib/python3.12/site-packages/airflow/example_dags/tutorial.py
[2024-05-26T17:49:04.521+0000] {processor.py:840} INFO - DAG(s) 'tutorial' retrieved from /home/airflow/.local/lib/python3.12/site-packages/airflow/example_dags/tutorial.py
[2024-05-26T17:49:04.553+0000] {logging_mixin.py:188} INFO - [2024-05-26T17:49:04.553+0000] {dag.py:3096} INFO - Sync 1 DAGs
[2024-05-26T17:49:04.580+0000] {logging_mixin.py:188} INFO - [2024-05-26T17:49:04.580+0000] {dag.py:3954} INFO - Setting next_dagrun for tutorial to 2024-05-25 00:00:00+00:00, run_after=2024-05-26 00:00:00+00:00
[2024-05-26T17:49:04.605+0000] {processor.py:183} INFO - Processing /home/airflow/.local/lib/python3.12/site-packages/airflow/example_dags/tutorial.py took 0.125 seconds
[2024-05-26T17:49:34.915+0000] {processor.py:161} INFO - Started process (PID=84) to work on /home/airflow/.local/lib/python3.12/site-packages/airflow/example_dags/tutorial.py
[2024-05-26T17:49:34.916+0000] {processor.py:830} INFO - Processing file /home/airflow/.local/lib/python3.12/site-packages/airflow/example_dags/tutorial.py for tasks to queue
[2024-05-26T17:49:34.920+0000] {logging_mixin.py:188} INFO - [2024-05-26T17:49:34.920+0000] {dagbag.py:545} INFO - Filling up the DagBag from /home/airflow/.local/lib/python3.12/site-packages/airflow/example_dags/tutorial.py
[2024-05-26T17:49:34.935+0000] {processor.py:840} INFO - DAG(s) 'tutorial' retrieved from /home/airflow/.local/lib/python3.12/site-packages/airflow/example_dags/tutorial.py
[2024-05-26T17:49:35.074+0000] {logging_mixin.py:188} INFO - [2024-05-26T17:49:35.074+0000] {dag.py:3096} INFO - Sync 1 DAGs
[2024-05-26T17:49:35.102+0000] {logging_mixin.py:188} INFO - [2024-05-26T17:49:35.102+0000] {dag.py:3954} INFO - Setting next_dagrun for tutorial to 2024-05-25 00:00:00+00:00, run_after=2024-05-26 00:00:00+00:00
[2024-05-26T17:49:35.127+0000] {processor.py:183} INFO - Processing /home/airflow/.local/lib/python3.12/site-packages/airflow/example_dags/tutorial.py took 0.218 seconds
[2024-05-26T17:50:05.543+0000] {processor.py:161} INFO - Started process (PID=141) to work on /home/airflow/.local/lib/python3.12/site-packages/airflow/example_dags/tutorial.py
[2024-05-26T17:50:05.546+0000] {processor.py:830} INFO - Processing file /home/airflow/.local/lib/python3.12/site-packages/airflow/example_dags/tutorial.py for tasks to queue
[2024-05-26T17:50:05.552+0000] {logging_mixin.py:188} INFO - [2024-05-26T17:50:05.551+0000] {dagbag.py:545} INFO - Filling up the DagBag from /home/airflow/.local/lib/python3.12/site-packages/airflow/example_dags/tutorial.py
[2024-05-26T17:50:05.562+0000] {processor.py:840} INFO - DAG(s) 'tutorial' retrieved from /home/airflow/.local/lib/python3.12/site-packages/airflow/example_dags/tutorial.py
[2024-05-26T17:50:05.605+0000] {logging_mixin.py:188} INFO - [2024-05-26T17:50:05.604+0000] {dag.py:3096} INFO - Sync 1 DAGs
[2024-05-26T17:50:05.634+0000] {logging_mixin.py:188} INFO - [2024-05-26T17:50:05.634+0000] {dag.py:3954} INFO - Setting next_dagrun for tutorial to 2024-05-25 00:00:00+00:00, run_after=2024-05-26 00:00:00+00:00
[2024-05-26T17:50:05.655+0000] {processor.py:183} INFO - Processing /home/airflow/.local/lib/python3.12/site-packages/airflow/example_dags/tutorial.py took 0.132 seconds
[2024-05-26T17:50:35.761+0000] {processor.py:161} INFO - Started process (PID=198) to work on /home/airflow/.local/lib/python3.12/site-packages/airflow/example_dags/tutorial.py
[2024-05-26T17:50:35.763+0000] {processor.py:830} INFO - Processing file /home/airflow/.local/lib/python3.12/site-packages/airflow/example_dags/tutorial.py for tasks to queue
[2024-05-26T17:50:35.767+0000] {logging_mixin.py:188} INFO - [2024-05-26T17:50:35.766+0000] {dagbag.py:545} INFO - Filling up the DagBag from /home/airflow/.local/lib/python3.12/site-packages/airflow/example_dags/tutorial.py
[2024-05-26T17:50:35.782+0000] {processor.py:840} INFO - DAG(s) 'tutorial' retrieved from /home/airflow/.local/lib/python3.12/site-packages/airflow/example_dags/tutorial.py
[2024-05-26T17:50:35.808+0000] {logging_mixin.py:188} INFO - [2024-05-26T17:50:35.808+0000] {dag.py:3096} INFO - Sync 1 DAGs
[2024-05-26T17:50:35.834+0000] {logging_mixin.py:188} INFO - [2024-05-26T17:50:35.834+0000] {dag.py:3954} INFO - Setting next_dagrun for tutorial to 2024-05-25 00:00:00+00:00, run_after=2024-05-26 00:00:00+00:00
[2024-05-26T17:50:35.858+0000] {processor.py:183} INFO - Processing /home/airflow/.local/lib/python3.12/site-packages/airflow/example_dags/tutorial.py took 0.113 seconds
[2024-05-26T17:51:06.226+0000] {processor.py:161} INFO - Started process (PID=255) to work on /home/airflow/.local/lib/python3.12/site-packages/airflow/example_dags/tutorial.py
[2024-05-26T17:51:06.228+0000] {processor.py:830} INFO - Processing file /home/airflow/.local/lib/python3.12/site-packages/airflow/example_dags/tutorial.py for tasks to queue
[2024-05-26T17:51:06.231+0000] {logging_mixin.py:188} INFO - [2024-05-26T17:51:06.230+0000] {dagbag.py:545} INFO - Filling up the DagBag from /home/airflow/.local/lib/python3.12/site-packages/airflow/example_dags/tutorial.py
[2024-05-26T17:51:06.240+0000] {processor.py:840} INFO - DAG(s) 'tutorial' retrieved from /home/airflow/.local/lib/python3.12/site-packages/airflow/example_dags/tutorial.py
[2024-05-26T17:51:06.270+0000] {logging_mixin.py:188} INFO - [2024-05-26T17:51:06.269+0000] {dag.py:3096} INFO - Sync 1 DAGs
[2024-05-26T17:51:06.299+0000] {logging_mixin.py:188} INFO - [2024-05-26T17:51:06.299+0000] {dag.py:3954} INFO - Setting next_dagrun for tutorial to 2024-05-25 00:00:00+00:00, run_after=2024-05-26 00:00:00+00:00
[2024-05-26T17:51:06.325+0000] {processor.py:183} INFO - Processing /home/airflow/.local/lib/python3.12/site-packages/airflow/example_dags/tutorial.py took 0.119 seconds
[2024-05-26T17:51:36.603+0000] {processor.py:161} INFO - Started process (PID=313) to work on /home/airflow/.local/lib/python3.12/site-packages/airflow/example_dags/tutorial.py
[2024-05-26T17:51:36.604+0000] {processor.py:830} INFO - Processing file /home/airflow/.local/lib/python3.12/site-packages/airflow/example_dags/tutorial.py for tasks to queue
[2024-05-26T17:51:36.606+0000] {logging_mixin.py:188} INFO - [2024-05-26T17:51:36.606+0000] {dagbag.py:545} INFO - Filling up the DagBag from /home/airflow/.local/lib/python3.12/site-packages/airflow/example_dags/tutorial.py
[2024-05-26T17:51:36.613+0000] {processor.py:840} INFO - DAG(s) 'tutorial' retrieved from /home/airflow/.local/lib/python3.12/site-packages/airflow/example_dags/tutorial.py
[2024-05-26T17:51:36.643+0000] {logging_mixin.py:188} INFO - [2024-05-26T17:51:36.643+0000] {dag.py:3096} INFO - Sync 1 DAGs
[2024-05-26T17:51:36.671+0000] {logging_mixin.py:188} INFO - [2024-05-26T17:51:36.671+0000] {dag.py:3954} INFO - Setting next_dagrun for tutorial to 2024-05-25 00:00:00+00:00, run_after=2024-05-26 00:00:00+00:00
[2024-05-26T17:51:36.695+0000] {processor.py:183} INFO - Processing /home/airflow/.local/lib/python3.12/site-packages/airflow/example_dags/tutorial.py took 0.099 seconds
[2024-05-26T17:52:06.770+0000] {processor.py:161} INFO - Started process (PID=370) to work on /home/airflow/.local/lib/python3.12/site-packages/airflow/example_dags/tutorial.py
[2024-05-26T17:52:06.773+0000] {processor.py:830} INFO - Processing file /home/airflow/.local/lib/python3.12/site-packages/airflow/example_dags/tutorial.py for tasks to queue
[2024-05-26T17:52:06.778+0000] {logging_mixin.py:188} INFO - [2024-05-26T17:52:06.777+0000] {dagbag.py:545} INFO - Filling up the DagBag from /home/airflow/.local/lib/python3.12/site-packages/airflow/example_dags/tutorial.py
[2024-05-26T17:52:06.794+0000] {processor.py:840} INFO - DAG(s) 'tutorial' retrieved from /home/airflow/.local/lib/python3.12/site-packages/airflow/example_dags/tutorial.py
[2024-05-26T17:52:06.823+0000] {logging_mixin.py:188} INFO - [2024-05-26T17:52:06.823+0000] {dag.py:3096} INFO - Sync 1 DAGs
[2024-05-26T17:52:06.850+0000] {logging_mixin.py:188} INFO - [2024-05-26T17:52:06.849+0000] {dag.py:3954} INFO - Setting next_dagrun for tutorial to 2024-05-25 00:00:00+00:00, run_after=2024-05-26 00:00:00+00:00
[2024-05-26T17:52:06.871+0000] {processor.py:183} INFO - Processing /home/airflow/.local/lib/python3.12/site-packages/airflow/example_dags/tutorial.py took 0.116 seconds
[2024-05-26T17:57:44.703+0000] {processor.py:161} INFO - Started process (PID=26) to work on /home/airflow/.local/lib/python3.12/site-packages/airflow/example_dags/tutorial.py
[2024-05-26T17:57:44.704+0000] {processor.py:830} INFO - Processing file /home/airflow/.local/lib/python3.12/site-packages/airflow/example_dags/tutorial.py for tasks to queue
[2024-05-26T17:57:44.708+0000] {logging_mixin.py:188} INFO - [2024-05-26T17:57:44.707+0000] {dagbag.py:545} INFO - Filling up the DagBag from /home/airflow/.local/lib/python3.12/site-packages/airflow/example_dags/tutorial.py
[2024-05-26T17:57:44.724+0000] {processor.py:840} INFO - DAG(s) 'tutorial' retrieved from /home/airflow/.local/lib/python3.12/site-packages/airflow/example_dags/tutorial.py
[2024-05-26T17:57:44.755+0000] {logging_mixin.py:188} INFO - [2024-05-26T17:57:44.755+0000] {dag.py:3096} INFO - Sync 1 DAGs
[2024-05-26T17:57:44.782+0000] {logging_mixin.py:188} INFO - [2024-05-26T17:57:44.782+0000] {dag.py:3954} INFO - Setting next_dagrun for tutorial to 2024-05-25 00:00:00+00:00, run_after=2024-05-26 00:00:00+00:00
[2024-05-26T17:57:44.804+0000] {processor.py:183} INFO - Processing /home/airflow/.local/lib/python3.12/site-packages/airflow/example_dags/tutorial.py took 0.122 seconds
[2024-05-26T17:58:14.897+0000] {processor.py:161} INFO - Started process (PID=84) to work on /home/airflow/.local/lib/python3.12/site-packages/airflow/example_dags/tutorial.py
[2024-05-26T17:58:14.899+0000] {processor.py:830} INFO - Processing file /home/airflow/.local/lib/python3.12/site-packages/airflow/example_dags/tutorial.py for tasks to queue
[2024-05-26T17:58:14.904+0000] {logging_mixin.py:188} INFO - [2024-05-26T17:58:14.903+0000] {dagbag.py:545} INFO - Filling up the DagBag from /home/airflow/.local/lib/python3.12/site-packages/airflow/example_dags/tutorial.py
[2024-05-26T17:58:14.921+0000] {processor.py:840} INFO - DAG(s) 'tutorial' retrieved from /home/airflow/.local/lib/python3.12/site-packages/airflow/example_dags/tutorial.py
[2024-05-26T17:58:15.161+0000] {logging_mixin.py:188} INFO - [2024-05-26T17:58:15.161+0000] {dag.py:3096} INFO - Sync 1 DAGs
[2024-05-26T17:58:15.185+0000] {logging_mixin.py:188} INFO - [2024-05-26T17:58:15.185+0000] {dag.py:3954} INFO - Setting next_dagrun for tutorial to 2024-05-25 00:00:00+00:00, run_after=2024-05-26 00:00:00+00:00
[2024-05-26T17:58:15.210+0000] {processor.py:183} INFO - Processing /home/airflow/.local/lib/python3.12/site-packages/airflow/example_dags/tutorial.py took 0.330 seconds
[2024-05-26T17:58:45.569+0000] {processor.py:161} INFO - Started process (PID=142) to work on /home/airflow/.local/lib/python3.12/site-packages/airflow/example_dags/tutorial.py
[2024-05-26T17:58:45.573+0000] {processor.py:830} INFO - Processing file /home/airflow/.local/lib/python3.12/site-packages/airflow/example_dags/tutorial.py for tasks to queue
[2024-05-26T17:58:45.576+0000] {logging_mixin.py:188} INFO - [2024-05-26T17:58:45.575+0000] {dagbag.py:545} INFO - Filling up the DagBag from /home/airflow/.local/lib/python3.12/site-packages/airflow/example_dags/tutorial.py
[2024-05-26T17:58:45.584+0000] {processor.py:840} INFO - DAG(s) 'tutorial' retrieved from /home/airflow/.local/lib/python3.12/site-packages/airflow/example_dags/tutorial.py
[2024-05-26T17:58:45.628+0000] {logging_mixin.py:188} INFO - [2024-05-26T17:58:45.627+0000] {dag.py:3096} INFO - Sync 1 DAGs
[2024-05-26T17:58:45.668+0000] {logging_mixin.py:188} INFO - [2024-05-26T17:58:45.667+0000] {dag.py:3954} INFO - Setting next_dagrun for tutorial to 2024-05-25 00:00:00+00:00, run_after=2024-05-26 00:00:00+00:00
[2024-05-26T17:58:45.690+0000] {processor.py:183} INFO - Processing /home/airflow/.local/lib/python3.12/site-packages/airflow/example_dags/tutorial.py took 0.137 seconds
