[2024-05-26T15:21:35.016+0000] {processor.py:161} INFO - Started process (PID=54) to work on /home/airflow/.local/lib/python3.12/site-packages/airflow/example_dags/tutorial_dag.py
[2024-05-26T15:21:35.017+0000] {processor.py:830} INFO - Processing file /home/airflow/.local/lib/python3.12/site-packages/airflow/example_dags/tutorial_dag.py for tasks to queue
[2024-05-26T15:21:35.019+0000] {logging_mixin.py:188} INFO - [2024-05-26T15:21:35.019+0000] {dagbag.py:545} INFO - Filling up the DagBag from /home/airflow/.local/lib/python3.12/site-packages/airflow/example_dags/tutorial_dag.py
[2024-05-26T15:21:35.027+0000] {processor.py:840} INFO - DAG(s) 'tutorial_dag' retrieved from /home/airflow/.local/lib/python3.12/site-packages/airflow/example_dags/tutorial_dag.py
[2024-05-26T15:21:35.065+0000] {logging_mixin.py:188} INFO - [2024-05-26T15:21:35.065+0000] {dag.py:3096} INFO - Sync 1 DAGs
[2024-05-26T15:21:35.089+0000] {logging_mixin.py:188} INFO - [2024-05-26T15:21:35.089+0000] {dag.py:3954} INFO - Setting next_dagrun for tutorial_dag to None, run_after=None
[2024-05-26T15:21:35.115+0000] {processor.py:183} INFO - Processing /home/airflow/.local/lib/python3.12/site-packages/airflow/example_dags/tutorial_dag.py took 0.106 seconds
[2024-05-26T15:22:05.525+0000] {processor.py:161} INFO - Started process (PID=112) to work on /home/airflow/.local/lib/python3.12/site-packages/airflow/example_dags/tutorial_dag.py
[2024-05-26T15:22:05.526+0000] {processor.py:830} INFO - Processing file /home/airflow/.local/lib/python3.12/site-packages/airflow/example_dags/tutorial_dag.py for tasks to queue
[2024-05-26T15:22:05.528+0000] {logging_mixin.py:188} INFO - [2024-05-26T15:22:05.528+0000] {dagbag.py:545} INFO - Filling up the DagBag from /home/airflow/.local/lib/python3.12/site-packages/airflow/example_dags/tutorial_dag.py
[2024-05-26T15:22:05.535+0000] {processor.py:840} INFO - DAG(s) 'tutorial_dag' retrieved from /home/airflow/.local/lib/python3.12/site-packages/airflow/example_dags/tutorial_dag.py
[2024-05-26T15:22:05.560+0000] {logging_mixin.py:188} INFO - [2024-05-26T15:22:05.560+0000] {dag.py:3096} INFO - Sync 1 DAGs
[2024-05-26T15:22:05.579+0000] {logging_mixin.py:188} INFO - [2024-05-26T15:22:05.578+0000] {dag.py:3954} INFO - Setting next_dagrun for tutorial_dag to None, run_after=None
[2024-05-26T15:22:05.603+0000] {processor.py:183} INFO - Processing /home/airflow/.local/lib/python3.12/site-packages/airflow/example_dags/tutorial_dag.py took 0.084 seconds
[2024-05-26T15:22:35.926+0000] {processor.py:161} INFO - Started process (PID=170) to work on /home/airflow/.local/lib/python3.12/site-packages/airflow/example_dags/tutorial_dag.py
[2024-05-26T15:22:35.927+0000] {processor.py:830} INFO - Processing file /home/airflow/.local/lib/python3.12/site-packages/airflow/example_dags/tutorial_dag.py for tasks to queue
[2024-05-26T15:22:35.929+0000] {logging_mixin.py:188} INFO - [2024-05-26T15:22:35.928+0000] {dagbag.py:545} INFO - Filling up the DagBag from /home/airflow/.local/lib/python3.12/site-packages/airflow/example_dags/tutorial_dag.py
[2024-05-26T15:22:35.934+0000] {processor.py:840} INFO - DAG(s) 'tutorial_dag' retrieved from /home/airflow/.local/lib/python3.12/site-packages/airflow/example_dags/tutorial_dag.py
[2024-05-26T15:22:35.966+0000] {logging_mixin.py:188} INFO - [2024-05-26T15:22:35.966+0000] {dag.py:3096} INFO - Sync 1 DAGs
[2024-05-26T15:22:35.981+0000] {logging_mixin.py:188} INFO - [2024-05-26T15:22:35.981+0000] {dag.py:3954} INFO - Setting next_dagrun for tutorial_dag to None, run_after=None
[2024-05-26T15:22:36.001+0000] {processor.py:183} INFO - Processing /home/airflow/.local/lib/python3.12/site-packages/airflow/example_dags/tutorial_dag.py took 0.081 seconds
[2024-05-26T15:23:06.190+0000] {processor.py:161} INFO - Started process (PID=228) to work on /home/airflow/.local/lib/python3.12/site-packages/airflow/example_dags/tutorial_dag.py
[2024-05-26T15:23:06.192+0000] {processor.py:830} INFO - Processing file /home/airflow/.local/lib/python3.12/site-packages/airflow/example_dags/tutorial_dag.py for tasks to queue
[2024-05-26T15:23:06.194+0000] {logging_mixin.py:188} INFO - [2024-05-26T15:23:06.194+0000] {dagbag.py:545} INFO - Filling up the DagBag from /home/airflow/.local/lib/python3.12/site-packages/airflow/example_dags/tutorial_dag.py
[2024-05-26T15:23:06.200+0000] {processor.py:840} INFO - DAG(s) 'tutorial_dag' retrieved from /home/airflow/.local/lib/python3.12/site-packages/airflow/example_dags/tutorial_dag.py
[2024-05-26T15:23:06.223+0000] {logging_mixin.py:188} INFO - [2024-05-26T15:23:06.222+0000] {dag.py:3096} INFO - Sync 1 DAGs
[2024-05-26T15:23:06.239+0000] {logging_mixin.py:188} INFO - [2024-05-26T15:23:06.238+0000] {dag.py:3954} INFO - Setting next_dagrun for tutorial_dag to None, run_after=None
[2024-05-26T15:23:06.259+0000] {processor.py:183} INFO - Processing /home/airflow/.local/lib/python3.12/site-packages/airflow/example_dags/tutorial_dag.py took 0.076 seconds
[2024-05-26T15:23:37.254+0000] {processor.py:161} INFO - Started process (PID=286) to work on /home/airflow/.local/lib/python3.12/site-packages/airflow/example_dags/tutorial_dag.py
[2024-05-26T15:23:37.255+0000] {processor.py:830} INFO - Processing file /home/airflow/.local/lib/python3.12/site-packages/airflow/example_dags/tutorial_dag.py for tasks to queue
[2024-05-26T15:23:37.257+0000] {logging_mixin.py:188} INFO - [2024-05-26T15:23:37.256+0000] {dagbag.py:545} INFO - Filling up the DagBag from /home/airflow/.local/lib/python3.12/site-packages/airflow/example_dags/tutorial_dag.py
[2024-05-26T15:23:37.262+0000] {processor.py:840} INFO - DAG(s) 'tutorial_dag' retrieved from /home/airflow/.local/lib/python3.12/site-packages/airflow/example_dags/tutorial_dag.py
[2024-05-26T15:23:37.284+0000] {logging_mixin.py:188} INFO - [2024-05-26T15:23:37.283+0000] {dag.py:3096} INFO - Sync 1 DAGs
[2024-05-26T15:23:37.298+0000] {logging_mixin.py:188} INFO - [2024-05-26T15:23:37.298+0000] {dag.py:3954} INFO - Setting next_dagrun for tutorial_dag to None, run_after=None
[2024-05-26T15:23:37.321+0000] {processor.py:183} INFO - Processing /home/airflow/.local/lib/python3.12/site-packages/airflow/example_dags/tutorial_dag.py took 0.079 seconds
[2024-05-26T15:24:08.282+0000] {processor.py:161} INFO - Started process (PID=344) to work on /home/airflow/.local/lib/python3.12/site-packages/airflow/example_dags/tutorial_dag.py
[2024-05-26T15:24:08.283+0000] {processor.py:830} INFO - Processing file /home/airflow/.local/lib/python3.12/site-packages/airflow/example_dags/tutorial_dag.py for tasks to queue
[2024-05-26T15:24:08.285+0000] {logging_mixin.py:188} INFO - [2024-05-26T15:24:08.285+0000] {dagbag.py:545} INFO - Filling up the DagBag from /home/airflow/.local/lib/python3.12/site-packages/airflow/example_dags/tutorial_dag.py
[2024-05-26T15:24:08.291+0000] {processor.py:840} INFO - DAG(s) 'tutorial_dag' retrieved from /home/airflow/.local/lib/python3.12/site-packages/airflow/example_dags/tutorial_dag.py
[2024-05-26T15:24:08.314+0000] {logging_mixin.py:188} INFO - [2024-05-26T15:24:08.313+0000] {dag.py:3096} INFO - Sync 1 DAGs
[2024-05-26T15:24:08.329+0000] {logging_mixin.py:188} INFO - [2024-05-26T15:24:08.329+0000] {dag.py:3954} INFO - Setting next_dagrun for tutorial_dag to None, run_after=None
[2024-05-26T15:24:08.349+0000] {processor.py:183} INFO - Processing /home/airflow/.local/lib/python3.12/site-packages/airflow/example_dags/tutorial_dag.py took 0.081 seconds
[2024-05-26T15:24:38.684+0000] {processor.py:161} INFO - Started process (PID=402) to work on /home/airflow/.local/lib/python3.12/site-packages/airflow/example_dags/tutorial_dag.py
[2024-05-26T15:24:38.685+0000] {processor.py:830} INFO - Processing file /home/airflow/.local/lib/python3.12/site-packages/airflow/example_dags/tutorial_dag.py for tasks to queue
[2024-05-26T15:24:38.688+0000] {logging_mixin.py:188} INFO - [2024-05-26T15:24:38.687+0000] {dagbag.py:545} INFO - Filling up the DagBag from /home/airflow/.local/lib/python3.12/site-packages/airflow/example_dags/tutorial_dag.py
[2024-05-26T15:24:38.694+0000] {processor.py:840} INFO - DAG(s) 'tutorial_dag' retrieved from /home/airflow/.local/lib/python3.12/site-packages/airflow/example_dags/tutorial_dag.py
[2024-05-26T15:24:38.716+0000] {logging_mixin.py:188} INFO - [2024-05-26T15:24:38.716+0000] {dag.py:3096} INFO - Sync 1 DAGs
[2024-05-26T15:24:38.731+0000] {logging_mixin.py:188} INFO - [2024-05-26T15:24:38.731+0000] {dag.py:3954} INFO - Setting next_dagrun for tutorial_dag to None, run_after=None
[2024-05-26T15:24:38.751+0000] {processor.py:183} INFO - Processing /home/airflow/.local/lib/python3.12/site-packages/airflow/example_dags/tutorial_dag.py took 0.075 seconds
[2024-05-26T15:25:09.012+0000] {processor.py:161} INFO - Started process (PID=460) to work on /home/airflow/.local/lib/python3.12/site-packages/airflow/example_dags/tutorial_dag.py
[2024-05-26T15:25:09.013+0000] {processor.py:830} INFO - Processing file /home/airflow/.local/lib/python3.12/site-packages/airflow/example_dags/tutorial_dag.py for tasks to queue
[2024-05-26T15:25:09.015+0000] {logging_mixin.py:188} INFO - [2024-05-26T15:25:09.015+0000] {dagbag.py:545} INFO - Filling up the DagBag from /home/airflow/.local/lib/python3.12/site-packages/airflow/example_dags/tutorial_dag.py
[2024-05-26T15:25:09.023+0000] {processor.py:840} INFO - DAG(s) 'tutorial_dag' retrieved from /home/airflow/.local/lib/python3.12/site-packages/airflow/example_dags/tutorial_dag.py
[2024-05-26T15:25:09.058+0000] {logging_mixin.py:188} INFO - [2024-05-26T15:25:09.058+0000] {dag.py:3096} INFO - Sync 1 DAGs
[2024-05-26T15:25:09.073+0000] {logging_mixin.py:188} INFO - [2024-05-26T15:25:09.073+0000] {dag.py:3954} INFO - Setting next_dagrun for tutorial_dag to None, run_after=None
[2024-05-26T15:25:09.096+0000] {processor.py:183} INFO - Processing /home/airflow/.local/lib/python3.12/site-packages/airflow/example_dags/tutorial_dag.py took 0.092 seconds
[2024-05-26T15:25:39.361+0000] {processor.py:161} INFO - Started process (PID=518) to work on /home/airflow/.local/lib/python3.12/site-packages/airflow/example_dags/tutorial_dag.py
[2024-05-26T15:25:39.362+0000] {processor.py:830} INFO - Processing file /home/airflow/.local/lib/python3.12/site-packages/airflow/example_dags/tutorial_dag.py for tasks to queue
[2024-05-26T15:25:39.364+0000] {logging_mixin.py:188} INFO - [2024-05-26T15:25:39.364+0000] {dagbag.py:545} INFO - Filling up the DagBag from /home/airflow/.local/lib/python3.12/site-packages/airflow/example_dags/tutorial_dag.py
[2024-05-26T15:25:39.371+0000] {processor.py:840} INFO - DAG(s) 'tutorial_dag' retrieved from /home/airflow/.local/lib/python3.12/site-packages/airflow/example_dags/tutorial_dag.py
[2024-05-26T15:25:39.399+0000] {logging_mixin.py:188} INFO - [2024-05-26T15:25:39.398+0000] {dag.py:3096} INFO - Sync 1 DAGs
[2024-05-26T15:25:39.419+0000] {logging_mixin.py:188} INFO - [2024-05-26T15:25:39.419+0000] {dag.py:3954} INFO - Setting next_dagrun for tutorial_dag to None, run_after=None
[2024-05-26T15:25:39.444+0000] {processor.py:183} INFO - Processing /home/airflow/.local/lib/python3.12/site-packages/airflow/example_dags/tutorial_dag.py took 0.089 seconds
[2024-05-26T15:26:09.756+0000] {processor.py:161} INFO - Started process (PID=576) to work on /home/airflow/.local/lib/python3.12/site-packages/airflow/example_dags/tutorial_dag.py
[2024-05-26T15:26:09.757+0000] {processor.py:830} INFO - Processing file /home/airflow/.local/lib/python3.12/site-packages/airflow/example_dags/tutorial_dag.py for tasks to queue
[2024-05-26T15:26:09.759+0000] {logging_mixin.py:188} INFO - [2024-05-26T15:26:09.758+0000] {dagbag.py:545} INFO - Filling up the DagBag from /home/airflow/.local/lib/python3.12/site-packages/airflow/example_dags/tutorial_dag.py
[2024-05-26T15:26:09.764+0000] {processor.py:840} INFO - DAG(s) 'tutorial_dag' retrieved from /home/airflow/.local/lib/python3.12/site-packages/airflow/example_dags/tutorial_dag.py
[2024-05-26T15:26:09.789+0000] {logging_mixin.py:188} INFO - [2024-05-26T15:26:09.789+0000] {dag.py:3096} INFO - Sync 1 DAGs
[2024-05-26T15:26:09.804+0000] {logging_mixin.py:188} INFO - [2024-05-26T15:26:09.804+0000] {dag.py:3954} INFO - Setting next_dagrun for tutorial_dag to None, run_after=None
[2024-05-26T15:26:09.827+0000] {processor.py:183} INFO - Processing /home/airflow/.local/lib/python3.12/site-packages/airflow/example_dags/tutorial_dag.py took 0.082 seconds
[2024-05-26T15:26:40.080+0000] {processor.py:161} INFO - Started process (PID=634) to work on /home/airflow/.local/lib/python3.12/site-packages/airflow/example_dags/tutorial_dag.py
[2024-05-26T15:26:40.082+0000] {processor.py:830} INFO - Processing file /home/airflow/.local/lib/python3.12/site-packages/airflow/example_dags/tutorial_dag.py for tasks to queue
[2024-05-26T15:26:40.084+0000] {logging_mixin.py:188} INFO - [2024-05-26T15:26:40.084+0000] {dagbag.py:545} INFO - Filling up the DagBag from /home/airflow/.local/lib/python3.12/site-packages/airflow/example_dags/tutorial_dag.py
[2024-05-26T15:26:40.091+0000] {processor.py:840} INFO - DAG(s) 'tutorial_dag' retrieved from /home/airflow/.local/lib/python3.12/site-packages/airflow/example_dags/tutorial_dag.py
[2024-05-26T15:26:40.113+0000] {logging_mixin.py:188} INFO - [2024-05-26T15:26:40.113+0000] {dag.py:3096} INFO - Sync 1 DAGs
[2024-05-26T15:26:40.128+0000] {logging_mixin.py:188} INFO - [2024-05-26T15:26:40.128+0000] {dag.py:3954} INFO - Setting next_dagrun for tutorial_dag to None, run_after=None
[2024-05-26T15:26:40.151+0000] {processor.py:183} INFO - Processing /home/airflow/.local/lib/python3.12/site-packages/airflow/example_dags/tutorial_dag.py took 0.077 seconds
[2024-05-26T15:27:10.608+0000] {processor.py:161} INFO - Started process (PID=691) to work on /home/airflow/.local/lib/python3.12/site-packages/airflow/example_dags/tutorial_dag.py
[2024-05-26T15:27:10.609+0000] {processor.py:830} INFO - Processing file /home/airflow/.local/lib/python3.12/site-packages/airflow/example_dags/tutorial_dag.py for tasks to queue
[2024-05-26T15:27:10.611+0000] {logging_mixin.py:188} INFO - [2024-05-26T15:27:10.610+0000] {dagbag.py:545} INFO - Filling up the DagBag from /home/airflow/.local/lib/python3.12/site-packages/airflow/example_dags/tutorial_dag.py
[2024-05-26T15:27:10.617+0000] {processor.py:840} INFO - DAG(s) 'tutorial_dag' retrieved from /home/airflow/.local/lib/python3.12/site-packages/airflow/example_dags/tutorial_dag.py
[2024-05-26T15:27:10.639+0000] {logging_mixin.py:188} INFO - [2024-05-26T15:27:10.639+0000] {dag.py:3096} INFO - Sync 1 DAGs
[2024-05-26T15:27:10.656+0000] {logging_mixin.py:188} INFO - [2024-05-26T15:27:10.656+0000] {dag.py:3954} INFO - Setting next_dagrun for tutorial_dag to None, run_after=None
[2024-05-26T15:27:10.678+0000] {processor.py:183} INFO - Processing /home/airflow/.local/lib/python3.12/site-packages/airflow/example_dags/tutorial_dag.py took 0.077 seconds
[2024-05-26T17:43:36.424+0000] {processor.py:161} INFO - Started process (PID=46) to work on /home/airflow/.local/lib/python3.12/site-packages/airflow/example_dags/tutorial_dag.py
[2024-05-26T17:43:36.427+0000] {processor.py:830} INFO - Processing file /home/airflow/.local/lib/python3.12/site-packages/airflow/example_dags/tutorial_dag.py for tasks to queue
[2024-05-26T17:43:36.433+0000] {logging_mixin.py:188} INFO - [2024-05-26T17:43:36.432+0000] {dagbag.py:545} INFO - Filling up the DagBag from /home/airflow/.local/lib/python3.12/site-packages/airflow/example_dags/tutorial_dag.py
[2024-05-26T17:43:36.452+0000] {processor.py:840} INFO - DAG(s) 'tutorial_dag' retrieved from /home/airflow/.local/lib/python3.12/site-packages/airflow/example_dags/tutorial_dag.py
[2024-05-26T17:43:36.476+0000] {logging_mixin.py:188} INFO - [2024-05-26T17:43:36.475+0000] {dag.py:3096} INFO - Sync 1 DAGs
[2024-05-26T17:43:36.500+0000] {logging_mixin.py:188} INFO - [2024-05-26T17:43:36.500+0000] {dag.py:3954} INFO - Setting next_dagrun for tutorial_dag to None, run_after=None
[2024-05-26T17:43:36.529+0000] {processor.py:183} INFO - Processing /home/airflow/.local/lib/python3.12/site-packages/airflow/example_dags/tutorial_dag.py took 0.119 seconds
[2024-05-26T17:44:08.107+0000] {processor.py:161} INFO - Started process (PID=104) to work on /home/airflow/.local/lib/python3.12/site-packages/airflow/example_dags/tutorial_dag.py
[2024-05-26T17:44:08.108+0000] {processor.py:830} INFO - Processing file /home/airflow/.local/lib/python3.12/site-packages/airflow/example_dags/tutorial_dag.py for tasks to queue
[2024-05-26T17:44:08.111+0000] {logging_mixin.py:188} INFO - [2024-05-26T17:44:08.111+0000] {dagbag.py:545} INFO - Filling up the DagBag from /home/airflow/.local/lib/python3.12/site-packages/airflow/example_dags/tutorial_dag.py
[2024-05-26T17:44:08.121+0000] {processor.py:840} INFO - DAG(s) 'tutorial_dag' retrieved from /home/airflow/.local/lib/python3.12/site-packages/airflow/example_dags/tutorial_dag.py
[2024-05-26T17:44:08.259+0000] {logging_mixin.py:188} INFO - [2024-05-26T17:44:08.258+0000] {dag.py:3096} INFO - Sync 1 DAGs
[2024-05-26T17:44:08.282+0000] {logging_mixin.py:188} INFO - [2024-05-26T17:44:08.281+0000] {dag.py:3954} INFO - Setting next_dagrun for tutorial_dag to None, run_after=None
[2024-05-26T17:44:08.320+0000] {processor.py:183} INFO - Processing /home/airflow/.local/lib/python3.12/site-packages/airflow/example_dags/tutorial_dag.py took 0.220 seconds
[2024-05-26T17:44:38.630+0000] {processor.py:161} INFO - Started process (PID=162) to work on /home/airflow/.local/lib/python3.12/site-packages/airflow/example_dags/tutorial_dag.py
[2024-05-26T17:44:38.631+0000] {processor.py:830} INFO - Processing file /home/airflow/.local/lib/python3.12/site-packages/airflow/example_dags/tutorial_dag.py for tasks to queue
[2024-05-26T17:44:38.633+0000] {logging_mixin.py:188} INFO - [2024-05-26T17:44:38.633+0000] {dagbag.py:545} INFO - Filling up the DagBag from /home/airflow/.local/lib/python3.12/site-packages/airflow/example_dags/tutorial_dag.py
[2024-05-26T17:44:38.639+0000] {processor.py:840} INFO - DAG(s) 'tutorial_dag' retrieved from /home/airflow/.local/lib/python3.12/site-packages/airflow/example_dags/tutorial_dag.py
[2024-05-26T17:44:38.661+0000] {logging_mixin.py:188} INFO - [2024-05-26T17:44:38.660+0000] {dag.py:3096} INFO - Sync 1 DAGs
[2024-05-26T17:44:38.676+0000] {logging_mixin.py:188} INFO - [2024-05-26T17:44:38.675+0000] {dag.py:3954} INFO - Setting next_dagrun for tutorial_dag to None, run_after=None
[2024-05-26T17:44:38.697+0000] {processor.py:183} INFO - Processing /home/airflow/.local/lib/python3.12/site-packages/airflow/example_dags/tutorial_dag.py took 0.073 seconds
[2024-05-26T17:45:09.097+0000] {processor.py:161} INFO - Started process (PID=219) to work on /home/airflow/.local/lib/python3.12/site-packages/airflow/example_dags/tutorial_dag.py
[2024-05-26T17:45:09.099+0000] {processor.py:830} INFO - Processing file /home/airflow/.local/lib/python3.12/site-packages/airflow/example_dags/tutorial_dag.py for tasks to queue
[2024-05-26T17:45:09.102+0000] {logging_mixin.py:188} INFO - [2024-05-26T17:45:09.101+0000] {dagbag.py:545} INFO - Filling up the DagBag from /home/airflow/.local/lib/python3.12/site-packages/airflow/example_dags/tutorial_dag.py
[2024-05-26T17:45:09.107+0000] {processor.py:840} INFO - DAG(s) 'tutorial_dag' retrieved from /home/airflow/.local/lib/python3.12/site-packages/airflow/example_dags/tutorial_dag.py
[2024-05-26T17:45:09.141+0000] {logging_mixin.py:188} INFO - [2024-05-26T17:45:09.141+0000] {dag.py:3096} INFO - Sync 1 DAGs
[2024-05-26T17:45:09.157+0000] {logging_mixin.py:188} INFO - [2024-05-26T17:45:09.156+0000] {dag.py:3954} INFO - Setting next_dagrun for tutorial_dag to None, run_after=None
[2024-05-26T17:45:09.179+0000] {processor.py:183} INFO - Processing /home/airflow/.local/lib/python3.12/site-packages/airflow/example_dags/tutorial_dag.py took 0.097 seconds
[2024-05-26T17:45:39.720+0000] {processor.py:161} INFO - Started process (PID=277) to work on /home/airflow/.local/lib/python3.12/site-packages/airflow/example_dags/tutorial_dag.py
[2024-05-26T17:45:39.721+0000] {processor.py:830} INFO - Processing file /home/airflow/.local/lib/python3.12/site-packages/airflow/example_dags/tutorial_dag.py for tasks to queue
[2024-05-26T17:45:39.723+0000] {logging_mixin.py:188} INFO - [2024-05-26T17:45:39.723+0000] {dagbag.py:545} INFO - Filling up the DagBag from /home/airflow/.local/lib/python3.12/site-packages/airflow/example_dags/tutorial_dag.py
[2024-05-26T17:45:39.728+0000] {processor.py:840} INFO - DAG(s) 'tutorial_dag' retrieved from /home/airflow/.local/lib/python3.12/site-packages/airflow/example_dags/tutorial_dag.py
[2024-05-26T17:45:39.751+0000] {logging_mixin.py:188} INFO - [2024-05-26T17:45:39.751+0000] {dag.py:3096} INFO - Sync 1 DAGs
[2024-05-26T17:45:39.766+0000] {logging_mixin.py:188} INFO - [2024-05-26T17:45:39.766+0000] {dag.py:3954} INFO - Setting next_dagrun for tutorial_dag to None, run_after=None
[2024-05-26T17:45:39.969+0000] {processor.py:183} INFO - Processing /home/airflow/.local/lib/python3.12/site-packages/airflow/example_dags/tutorial_dag.py took 0.256 seconds
[2024-05-26T17:46:10.863+0000] {processor.py:161} INFO - Started process (PID=334) to work on /home/airflow/.local/lib/python3.12/site-packages/airflow/example_dags/tutorial_dag.py
[2024-05-26T17:46:10.865+0000] {processor.py:830} INFO - Processing file /home/airflow/.local/lib/python3.12/site-packages/airflow/example_dags/tutorial_dag.py for tasks to queue
[2024-05-26T17:46:10.867+0000] {logging_mixin.py:188} INFO - [2024-05-26T17:46:10.867+0000] {dagbag.py:545} INFO - Filling up the DagBag from /home/airflow/.local/lib/python3.12/site-packages/airflow/example_dags/tutorial_dag.py
[2024-05-26T17:46:10.876+0000] {processor.py:840} INFO - DAG(s) 'tutorial_dag' retrieved from /home/airflow/.local/lib/python3.12/site-packages/airflow/example_dags/tutorial_dag.py
[2024-05-26T17:46:10.903+0000] {logging_mixin.py:188} INFO - [2024-05-26T17:46:10.902+0000] {dag.py:3096} INFO - Sync 1 DAGs
[2024-05-26T17:46:10.920+0000] {logging_mixin.py:188} INFO - [2024-05-26T17:46:10.920+0000] {dag.py:3954} INFO - Setting next_dagrun for tutorial_dag to None, run_after=None
[2024-05-26T17:46:10.943+0000] {processor.py:183} INFO - Processing /home/airflow/.local/lib/python3.12/site-packages/airflow/example_dags/tutorial_dag.py took 0.087 seconds
[2024-05-26T17:46:41.457+0000] {processor.py:161} INFO - Started process (PID=392) to work on /home/airflow/.local/lib/python3.12/site-packages/airflow/example_dags/tutorial_dag.py
[2024-05-26T17:46:41.458+0000] {processor.py:830} INFO - Processing file /home/airflow/.local/lib/python3.12/site-packages/airflow/example_dags/tutorial_dag.py for tasks to queue
[2024-05-26T17:46:41.462+0000] {logging_mixin.py:188} INFO - [2024-05-26T17:46:41.461+0000] {dagbag.py:545} INFO - Filling up the DagBag from /home/airflow/.local/lib/python3.12/site-packages/airflow/example_dags/tutorial_dag.py
[2024-05-26T17:46:41.469+0000] {processor.py:840} INFO - DAG(s) 'tutorial_dag' retrieved from /home/airflow/.local/lib/python3.12/site-packages/airflow/example_dags/tutorial_dag.py
[2024-05-26T17:46:41.498+0000] {logging_mixin.py:188} INFO - [2024-05-26T17:46:41.498+0000] {dag.py:3096} INFO - Sync 1 DAGs
[2024-05-26T17:46:41.515+0000] {logging_mixin.py:188} INFO - [2024-05-26T17:46:41.515+0000] {dag.py:3954} INFO - Setting next_dagrun for tutorial_dag to None, run_after=None
[2024-05-26T17:46:41.547+0000] {processor.py:183} INFO - Processing /home/airflow/.local/lib/python3.12/site-packages/airflow/example_dags/tutorial_dag.py took 0.099 seconds
[2024-05-26T17:47:12.073+0000] {processor.py:161} INFO - Started process (PID=450) to work on /home/airflow/.local/lib/python3.12/site-packages/airflow/example_dags/tutorial_dag.py
[2024-05-26T17:47:12.076+0000] {processor.py:830} INFO - Processing file /home/airflow/.local/lib/python3.12/site-packages/airflow/example_dags/tutorial_dag.py for tasks to queue
[2024-05-26T17:47:12.080+0000] {logging_mixin.py:188} INFO - [2024-05-26T17:47:12.079+0000] {dagbag.py:545} INFO - Filling up the DagBag from /home/airflow/.local/lib/python3.12/site-packages/airflow/example_dags/tutorial_dag.py
[2024-05-26T17:47:12.089+0000] {processor.py:840} INFO - DAG(s) 'tutorial_dag' retrieved from /home/airflow/.local/lib/python3.12/site-packages/airflow/example_dags/tutorial_dag.py
[2024-05-26T17:47:12.125+0000] {logging_mixin.py:188} INFO - [2024-05-26T17:47:12.124+0000] {dag.py:3096} INFO - Sync 1 DAGs
[2024-05-26T17:47:12.149+0000] {logging_mixin.py:188} INFO - [2024-05-26T17:47:12.149+0000] {dag.py:3954} INFO - Setting next_dagrun for tutorial_dag to None, run_after=None
[2024-05-26T17:47:12.185+0000] {processor.py:183} INFO - Processing /home/airflow/.local/lib/python3.12/site-packages/airflow/example_dags/tutorial_dag.py took 0.119 seconds
[2024-05-26T17:47:42.344+0000] {processor.py:161} INFO - Started process (PID=508) to work on /home/airflow/.local/lib/python3.12/site-packages/airflow/example_dags/tutorial_dag.py
[2024-05-26T17:47:42.346+0000] {processor.py:830} INFO - Processing file /home/airflow/.local/lib/python3.12/site-packages/airflow/example_dags/tutorial_dag.py for tasks to queue
[2024-05-26T17:47:42.350+0000] {logging_mixin.py:188} INFO - [2024-05-26T17:47:42.349+0000] {dagbag.py:545} INFO - Filling up the DagBag from /home/airflow/.local/lib/python3.12/site-packages/airflow/example_dags/tutorial_dag.py
[2024-05-26T17:47:42.363+0000] {processor.py:840} INFO - DAG(s) 'tutorial_dag' retrieved from /home/airflow/.local/lib/python3.12/site-packages/airflow/example_dags/tutorial_dag.py
[2024-05-26T17:47:42.411+0000] {logging_mixin.py:188} INFO - [2024-05-26T17:47:42.410+0000] {dag.py:3096} INFO - Sync 1 DAGs
[2024-05-26T17:47:42.426+0000] {logging_mixin.py:188} INFO - [2024-05-26T17:47:42.426+0000] {dag.py:3954} INFO - Setting next_dagrun for tutorial_dag to None, run_after=None
[2024-05-26T17:47:42.450+0000] {processor.py:183} INFO - Processing /home/airflow/.local/lib/python3.12/site-packages/airflow/example_dags/tutorial_dag.py took 0.113 seconds
[2024-05-26T17:49:08.260+0000] {processor.py:161} INFO - Started process (PID=46) to work on /home/airflow/.local/lib/python3.12/site-packages/airflow/example_dags/tutorial_dag.py
[2024-05-26T17:49:08.262+0000] {processor.py:830} INFO - Processing file /home/airflow/.local/lib/python3.12/site-packages/airflow/example_dags/tutorial_dag.py for tasks to queue
[2024-05-26T17:49:08.264+0000] {logging_mixin.py:188} INFO - [2024-05-26T17:49:08.264+0000] {dagbag.py:545} INFO - Filling up the DagBag from /home/airflow/.local/lib/python3.12/site-packages/airflow/example_dags/tutorial_dag.py
[2024-05-26T17:49:08.274+0000] {processor.py:840} INFO - DAG(s) 'tutorial_dag' retrieved from /home/airflow/.local/lib/python3.12/site-packages/airflow/example_dags/tutorial_dag.py
[2024-05-26T17:49:08.401+0000] {logging_mixin.py:188} INFO - [2024-05-26T17:49:08.401+0000] {dag.py:3096} INFO - Sync 1 DAGs
[2024-05-26T17:49:08.417+0000] {logging_mixin.py:188} INFO - [2024-05-26T17:49:08.417+0000] {dag.py:3954} INFO - Setting next_dagrun for tutorial_dag to None, run_after=None
[2024-05-26T17:49:08.439+0000] {processor.py:183} INFO - Processing /home/airflow/.local/lib/python3.12/site-packages/airflow/example_dags/tutorial_dag.py took 0.196 seconds
[2024-05-26T17:49:38.950+0000] {processor.py:161} INFO - Started process (PID=104) to work on /home/airflow/.local/lib/python3.12/site-packages/airflow/example_dags/tutorial_dag.py
[2024-05-26T17:49:38.951+0000] {processor.py:830} INFO - Processing file /home/airflow/.local/lib/python3.12/site-packages/airflow/example_dags/tutorial_dag.py for tasks to queue
[2024-05-26T17:49:38.953+0000] {logging_mixin.py:188} INFO - [2024-05-26T17:49:38.953+0000] {dagbag.py:545} INFO - Filling up the DagBag from /home/airflow/.local/lib/python3.12/site-packages/airflow/example_dags/tutorial_dag.py
[2024-05-26T17:49:38.959+0000] {processor.py:840} INFO - DAG(s) 'tutorial_dag' retrieved from /home/airflow/.local/lib/python3.12/site-packages/airflow/example_dags/tutorial_dag.py
[2024-05-26T17:49:38.984+0000] {logging_mixin.py:188} INFO - [2024-05-26T17:49:38.983+0000] {dag.py:3096} INFO - Sync 1 DAGs
[2024-05-26T17:49:39.002+0000] {logging_mixin.py:188} INFO - [2024-05-26T17:49:39.001+0000] {dag.py:3954} INFO - Setting next_dagrun for tutorial_dag to None, run_after=None
[2024-05-26T17:49:39.025+0000] {processor.py:183} INFO - Processing /home/airflow/.local/lib/python3.12/site-packages/airflow/example_dags/tutorial_dag.py took 0.081 seconds
[2024-05-26T17:50:09.281+0000] {processor.py:161} INFO - Started process (PID=161) to work on /home/airflow/.local/lib/python3.12/site-packages/airflow/example_dags/tutorial_dag.py
[2024-05-26T17:50:09.283+0000] {processor.py:830} INFO - Processing file /home/airflow/.local/lib/python3.12/site-packages/airflow/example_dags/tutorial_dag.py for tasks to queue
[2024-05-26T17:50:09.286+0000] {logging_mixin.py:188} INFO - [2024-05-26T17:50:09.286+0000] {dagbag.py:545} INFO - Filling up the DagBag from /home/airflow/.local/lib/python3.12/site-packages/airflow/example_dags/tutorial_dag.py
[2024-05-26T17:50:09.293+0000] {processor.py:840} INFO - DAG(s) 'tutorial_dag' retrieved from /home/airflow/.local/lib/python3.12/site-packages/airflow/example_dags/tutorial_dag.py
[2024-05-26T17:50:09.317+0000] {logging_mixin.py:188} INFO - [2024-05-26T17:50:09.317+0000] {dag.py:3096} INFO - Sync 1 DAGs
[2024-05-26T17:50:09.333+0000] {logging_mixin.py:188} INFO - [2024-05-26T17:50:09.333+0000] {dag.py:3954} INFO - Setting next_dagrun for tutorial_dag to None, run_after=None
[2024-05-26T17:50:09.355+0000] {processor.py:183} INFO - Processing /home/airflow/.local/lib/python3.12/site-packages/airflow/example_dags/tutorial_dag.py took 0.080 seconds
[2024-05-26T17:50:39.626+0000] {processor.py:161} INFO - Started process (PID=218) to work on /home/airflow/.local/lib/python3.12/site-packages/airflow/example_dags/tutorial_dag.py
[2024-05-26T17:50:39.629+0000] {processor.py:830} INFO - Processing file /home/airflow/.local/lib/python3.12/site-packages/airflow/example_dags/tutorial_dag.py for tasks to queue
[2024-05-26T17:50:39.631+0000] {logging_mixin.py:188} INFO - [2024-05-26T17:50:39.631+0000] {dagbag.py:545} INFO - Filling up the DagBag from /home/airflow/.local/lib/python3.12/site-packages/airflow/example_dags/tutorial_dag.py
[2024-05-26T17:50:39.637+0000] {processor.py:840} INFO - DAG(s) 'tutorial_dag' retrieved from /home/airflow/.local/lib/python3.12/site-packages/airflow/example_dags/tutorial_dag.py
[2024-05-26T17:50:39.672+0000] {logging_mixin.py:188} INFO - [2024-05-26T17:50:39.671+0000] {dag.py:3096} INFO - Sync 1 DAGs
[2024-05-26T17:50:39.693+0000] {logging_mixin.py:188} INFO - [2024-05-26T17:50:39.693+0000] {dag.py:3954} INFO - Setting next_dagrun for tutorial_dag to None, run_after=None
[2024-05-26T17:50:39.718+0000] {processor.py:183} INFO - Processing /home/airflow/.local/lib/python3.12/site-packages/airflow/example_dags/tutorial_dag.py took 0.099 seconds
[2024-05-26T17:51:09.905+0000] {processor.py:161} INFO - Started process (PID=275) to work on /home/airflow/.local/lib/python3.12/site-packages/airflow/example_dags/tutorial_dag.py
[2024-05-26T17:51:09.906+0000] {processor.py:830} INFO - Processing file /home/airflow/.local/lib/python3.12/site-packages/airflow/example_dags/tutorial_dag.py for tasks to queue
[2024-05-26T17:51:09.909+0000] {logging_mixin.py:188} INFO - [2024-05-26T17:51:09.908+0000] {dagbag.py:545} INFO - Filling up the DagBag from /home/airflow/.local/lib/python3.12/site-packages/airflow/example_dags/tutorial_dag.py
[2024-05-26T17:51:09.918+0000] {processor.py:840} INFO - DAG(s) 'tutorial_dag' retrieved from /home/airflow/.local/lib/python3.12/site-packages/airflow/example_dags/tutorial_dag.py
[2024-05-26T17:51:09.942+0000] {logging_mixin.py:188} INFO - [2024-05-26T17:51:09.942+0000] {dag.py:3096} INFO - Sync 1 DAGs
[2024-05-26T17:51:09.959+0000] {logging_mixin.py:188} INFO - [2024-05-26T17:51:09.958+0000] {dag.py:3954} INFO - Setting next_dagrun for tutorial_dag to None, run_after=None
[2024-05-26T17:51:09.984+0000] {processor.py:183} INFO - Processing /home/airflow/.local/lib/python3.12/site-packages/airflow/example_dags/tutorial_dag.py took 0.086 seconds
[2024-05-26T17:51:40.186+0000] {processor.py:161} INFO - Started process (PID=333) to work on /home/airflow/.local/lib/python3.12/site-packages/airflow/example_dags/tutorial_dag.py
[2024-05-26T17:51:40.187+0000] {processor.py:830} INFO - Processing file /home/airflow/.local/lib/python3.12/site-packages/airflow/example_dags/tutorial_dag.py for tasks to queue
[2024-05-26T17:51:40.189+0000] {logging_mixin.py:188} INFO - [2024-05-26T17:51:40.189+0000] {dagbag.py:545} INFO - Filling up the DagBag from /home/airflow/.local/lib/python3.12/site-packages/airflow/example_dags/tutorial_dag.py
[2024-05-26T17:51:40.195+0000] {processor.py:840} INFO - DAG(s) 'tutorial_dag' retrieved from /home/airflow/.local/lib/python3.12/site-packages/airflow/example_dags/tutorial_dag.py
[2024-05-26T17:51:40.220+0000] {logging_mixin.py:188} INFO - [2024-05-26T17:51:40.220+0000] {dag.py:3096} INFO - Sync 1 DAGs
[2024-05-26T17:51:40.240+0000] {logging_mixin.py:188} INFO - [2024-05-26T17:51:40.239+0000] {dag.py:3954} INFO - Setting next_dagrun for tutorial_dag to None, run_after=None
[2024-05-26T17:51:40.266+0000] {processor.py:183} INFO - Processing /home/airflow/.local/lib/python3.12/site-packages/airflow/example_dags/tutorial_dag.py took 0.087 seconds
[2024-05-26T17:52:10.506+0000] {processor.py:161} INFO - Started process (PID=391) to work on /home/airflow/.local/lib/python3.12/site-packages/airflow/example_dags/tutorial_dag.py
[2024-05-26T17:52:10.507+0000] {processor.py:830} INFO - Processing file /home/airflow/.local/lib/python3.12/site-packages/airflow/example_dags/tutorial_dag.py for tasks to queue
[2024-05-26T17:52:10.510+0000] {logging_mixin.py:188} INFO - [2024-05-26T17:52:10.510+0000] {dagbag.py:545} INFO - Filling up the DagBag from /home/airflow/.local/lib/python3.12/site-packages/airflow/example_dags/tutorial_dag.py
[2024-05-26T17:52:10.518+0000] {processor.py:840} INFO - DAG(s) 'tutorial_dag' retrieved from /home/airflow/.local/lib/python3.12/site-packages/airflow/example_dags/tutorial_dag.py
[2024-05-26T17:52:10.542+0000] {logging_mixin.py:188} INFO - [2024-05-26T17:52:10.542+0000] {dag.py:3096} INFO - Sync 1 DAGs
[2024-05-26T17:52:10.558+0000] {logging_mixin.py:188} INFO - [2024-05-26T17:52:10.557+0000] {dag.py:3954} INFO - Setting next_dagrun for tutorial_dag to None, run_after=None
[2024-05-26T17:52:10.584+0000] {processor.py:183} INFO - Processing /home/airflow/.local/lib/python3.12/site-packages/airflow/example_dags/tutorial_dag.py took 0.086 seconds
[2024-05-26T17:57:46.401+0000] {processor.py:161} INFO - Started process (PID=46) to work on /home/airflow/.local/lib/python3.12/site-packages/airflow/example_dags/tutorial_dag.py
[2024-05-26T17:57:46.402+0000] {processor.py:830} INFO - Processing file /home/airflow/.local/lib/python3.12/site-packages/airflow/example_dags/tutorial_dag.py for tasks to queue
[2024-05-26T17:57:46.403+0000] {logging_mixin.py:188} INFO - [2024-05-26T17:57:46.403+0000] {dagbag.py:545} INFO - Filling up the DagBag from /home/airflow/.local/lib/python3.12/site-packages/airflow/example_dags/tutorial_dag.py
[2024-05-26T17:57:46.410+0000] {processor.py:840} INFO - DAG(s) 'tutorial_dag' retrieved from /home/airflow/.local/lib/python3.12/site-packages/airflow/example_dags/tutorial_dag.py
[2024-05-26T17:57:46.424+0000] {logging_mixin.py:188} INFO - [2024-05-26T17:57:46.424+0000] {dag.py:3096} INFO - Sync 1 DAGs
[2024-05-26T17:57:46.440+0000] {logging_mixin.py:188} INFO - [2024-05-26T17:57:46.439+0000] {dag.py:3954} INFO - Setting next_dagrun for tutorial_dag to None, run_after=None
[2024-05-26T17:57:46.467+0000] {processor.py:183} INFO - Processing /home/airflow/.local/lib/python3.12/site-packages/airflow/example_dags/tutorial_dag.py took 0.073 seconds
[2024-05-26T17:58:17.584+0000] {processor.py:161} INFO - Started process (PID=104) to work on /home/airflow/.local/lib/python3.12/site-packages/airflow/example_dags/tutorial_dag.py
[2024-05-26T17:58:17.585+0000] {processor.py:830} INFO - Processing file /home/airflow/.local/lib/python3.12/site-packages/airflow/example_dags/tutorial_dag.py for tasks to queue
[2024-05-26T17:58:17.587+0000] {logging_mixin.py:188} INFO - [2024-05-26T17:58:17.587+0000] {dagbag.py:545} INFO - Filling up the DagBag from /home/airflow/.local/lib/python3.12/site-packages/airflow/example_dags/tutorial_dag.py
[2024-05-26T17:58:17.593+0000] {processor.py:840} INFO - DAG(s) 'tutorial_dag' retrieved from /home/airflow/.local/lib/python3.12/site-packages/airflow/example_dags/tutorial_dag.py
[2024-05-26T17:58:17.729+0000] {logging_mixin.py:188} INFO - [2024-05-26T17:58:17.729+0000] {dag.py:3096} INFO - Sync 1 DAGs
[2024-05-26T17:58:17.743+0000] {logging_mixin.py:188} INFO - [2024-05-26T17:58:17.743+0000] {dag.py:3954} INFO - Setting next_dagrun for tutorial_dag to None, run_after=None
[2024-05-26T17:58:17.765+0000] {processor.py:183} INFO - Processing /home/airflow/.local/lib/python3.12/site-packages/airflow/example_dags/tutorial_dag.py took 0.188 seconds
[2024-05-26T17:58:47.973+0000] {processor.py:161} INFO - Started process (PID=162) to work on /home/airflow/.local/lib/python3.12/site-packages/airflow/example_dags/tutorial_dag.py
[2024-05-26T17:58:47.974+0000] {processor.py:830} INFO - Processing file /home/airflow/.local/lib/python3.12/site-packages/airflow/example_dags/tutorial_dag.py for tasks to queue
[2024-05-26T17:58:47.976+0000] {logging_mixin.py:188} INFO - [2024-05-26T17:58:47.976+0000] {dagbag.py:545} INFO - Filling up the DagBag from /home/airflow/.local/lib/python3.12/site-packages/airflow/example_dags/tutorial_dag.py
[2024-05-26T17:58:47.982+0000] {processor.py:840} INFO - DAG(s) 'tutorial_dag' retrieved from /home/airflow/.local/lib/python3.12/site-packages/airflow/example_dags/tutorial_dag.py
[2024-05-26T17:58:48.006+0000] {logging_mixin.py:188} INFO - [2024-05-26T17:58:48.006+0000] {dag.py:3096} INFO - Sync 1 DAGs
[2024-05-26T17:58:48.021+0000] {logging_mixin.py:188} INFO - [2024-05-26T17:58:48.021+0000] {dag.py:3954} INFO - Setting next_dagrun for tutorial_dag to None, run_after=None
[2024-05-26T17:58:48.044+0000] {processor.py:183} INFO - Processing /home/airflow/.local/lib/python3.12/site-packages/airflow/example_dags/tutorial_dag.py took 0.084 seconds
