[2024-05-25T22:01:30.095+0000] {processor.py:161} INFO - Started process (PID=70) to work on /home/airflow/.local/lib/python3.12/site-packages/airflow/example_dags/example_bash_decorator.py
[2024-05-25T22:01:30.096+0000] {processor.py:830} INFO - Processing file /home/airflow/.local/lib/python3.12/site-packages/airflow/example_dags/example_bash_decorator.py for tasks to queue
[2024-05-25T22:01:30.098+0000] {logging_mixin.py:188} INFO - [2024-05-25T22:01:30.098+0000] {dagbag.py:545} INFO - Filling up the DagBag from /home/airflow/.local/lib/python3.12/site-packages/airflow/example_dags/example_bash_decorator.py
[2024-05-25T22:01:30.115+0000] {processor.py:840} INFO - DAG(s) 'example_bash_decorator' retrieved from /home/airflow/.local/lib/python3.12/site-packages/airflow/example_dags/example_bash_decorator.py
[2024-05-25T22:01:30.241+0000] {logging_mixin.py:188} INFO - [2024-05-25T22:01:30.241+0000] {dag.py:3096} INFO - Sync 1 DAGs
[2024-05-25T22:01:30.268+0000] {logging_mixin.py:188} INFO - [2024-05-25T22:01:30.267+0000] {dag.py:3954} INFO - Setting next_dagrun for example_bash_decorator to None, run_after=None
[2024-05-25T22:01:30.299+0000] {processor.py:183} INFO - Processing /home/airflow/.local/lib/python3.12/site-packages/airflow/example_dags/example_bash_decorator.py took 0.210 seconds
[2024-05-25T22:02:00.464+0000] {processor.py:161} INFO - Started process (PID=128) to work on /home/airflow/.local/lib/python3.12/site-packages/airflow/example_dags/example_bash_decorator.py
[2024-05-25T22:02:00.465+0000] {processor.py:830} INFO - Processing file /home/airflow/.local/lib/python3.12/site-packages/airflow/example_dags/example_bash_decorator.py for tasks to queue
[2024-05-25T22:02:00.467+0000] {logging_mixin.py:188} INFO - [2024-05-25T22:02:00.467+0000] {dagbag.py:545} INFO - Filling up the DagBag from /home/airflow/.local/lib/python3.12/site-packages/airflow/example_dags/example_bash_decorator.py
[2024-05-25T22:02:00.483+0000] {processor.py:840} INFO - DAG(s) 'example_bash_decorator' retrieved from /home/airflow/.local/lib/python3.12/site-packages/airflow/example_dags/example_bash_decorator.py
[2024-05-25T22:02:00.515+0000] {logging_mixin.py:188} INFO - [2024-05-25T22:02:00.515+0000] {dag.py:3096} INFO - Sync 1 DAGs
[2024-05-25T22:02:00.532+0000] {logging_mixin.py:188} INFO - [2024-05-25T22:02:00.531+0000] {dag.py:3954} INFO - Setting next_dagrun for example_bash_decorator to None, run_after=None
[2024-05-25T22:02:00.552+0000] {processor.py:183} INFO - Processing /home/airflow/.local/lib/python3.12/site-packages/airflow/example_dags/example_bash_decorator.py took 0.098 seconds
[2024-05-25T22:02:30.786+0000] {processor.py:161} INFO - Started process (PID=186) to work on /home/airflow/.local/lib/python3.12/site-packages/airflow/example_dags/example_bash_decorator.py
[2024-05-25T22:02:30.787+0000] {processor.py:830} INFO - Processing file /home/airflow/.local/lib/python3.12/site-packages/airflow/example_dags/example_bash_decorator.py for tasks to queue
[2024-05-25T22:02:30.791+0000] {logging_mixin.py:188} INFO - [2024-05-25T22:02:30.790+0000] {dagbag.py:545} INFO - Filling up the DagBag from /home/airflow/.local/lib/python3.12/site-packages/airflow/example_dags/example_bash_decorator.py
[2024-05-25T22:02:30.822+0000] {processor.py:840} INFO - DAG(s) 'example_bash_decorator' retrieved from /home/airflow/.local/lib/python3.12/site-packages/airflow/example_dags/example_bash_decorator.py
[2024-05-25T22:02:30.859+0000] {logging_mixin.py:188} INFO - [2024-05-25T22:02:30.859+0000] {dag.py:3096} INFO - Sync 1 DAGs
[2024-05-25T22:02:30.880+0000] {logging_mixin.py:188} INFO - [2024-05-25T22:02:30.879+0000] {dag.py:3954} INFO - Setting next_dagrun for example_bash_decorator to None, run_after=None
[2024-05-25T22:02:30.906+0000] {processor.py:183} INFO - Processing /home/airflow/.local/lib/python3.12/site-packages/airflow/example_dags/example_bash_decorator.py took 0.128 seconds
[2024-05-25T22:03:01.601+0000] {processor.py:161} INFO - Started process (PID=244) to work on /home/airflow/.local/lib/python3.12/site-packages/airflow/example_dags/example_bash_decorator.py
[2024-05-25T22:03:01.602+0000] {processor.py:830} INFO - Processing file /home/airflow/.local/lib/python3.12/site-packages/airflow/example_dags/example_bash_decorator.py for tasks to queue
[2024-05-25T22:03:01.605+0000] {logging_mixin.py:188} INFO - [2024-05-25T22:03:01.605+0000] {dagbag.py:545} INFO - Filling up the DagBag from /home/airflow/.local/lib/python3.12/site-packages/airflow/example_dags/example_bash_decorator.py
[2024-05-25T22:03:01.622+0000] {processor.py:840} INFO - DAG(s) 'example_bash_decorator' retrieved from /home/airflow/.local/lib/python3.12/site-packages/airflow/example_dags/example_bash_decorator.py
[2024-05-25T22:03:01.649+0000] {logging_mixin.py:188} INFO - [2024-05-25T22:03:01.648+0000] {dag.py:3096} INFO - Sync 1 DAGs
[2024-05-25T22:03:01.663+0000] {logging_mixin.py:188} INFO - [2024-05-25T22:03:01.662+0000] {dag.py:3954} INFO - Setting next_dagrun for example_bash_decorator to None, run_after=None
[2024-05-25T22:03:01.682+0000] {processor.py:183} INFO - Processing /home/airflow/.local/lib/python3.12/site-packages/airflow/example_dags/example_bash_decorator.py took 0.088 seconds
[2024-05-25T22:03:32.103+0000] {processor.py:161} INFO - Started process (PID=302) to work on /home/airflow/.local/lib/python3.12/site-packages/airflow/example_dags/example_bash_decorator.py
[2024-05-25T22:03:32.104+0000] {processor.py:830} INFO - Processing file /home/airflow/.local/lib/python3.12/site-packages/airflow/example_dags/example_bash_decorator.py for tasks to queue
[2024-05-25T22:03:32.108+0000] {logging_mixin.py:188} INFO - [2024-05-25T22:03:32.107+0000] {dagbag.py:545} INFO - Filling up the DagBag from /home/airflow/.local/lib/python3.12/site-packages/airflow/example_dags/example_bash_decorator.py
[2024-05-25T22:03:32.131+0000] {processor.py:840} INFO - DAG(s) 'example_bash_decorator' retrieved from /home/airflow/.local/lib/python3.12/site-packages/airflow/example_dags/example_bash_decorator.py
[2024-05-25T22:03:32.159+0000] {logging_mixin.py:188} INFO - [2024-05-25T22:03:32.159+0000] {dag.py:3096} INFO - Sync 1 DAGs
[2024-05-25T22:03:32.175+0000] {logging_mixin.py:188} INFO - [2024-05-25T22:03:32.174+0000] {dag.py:3954} INFO - Setting next_dagrun for example_bash_decorator to None, run_after=None
[2024-05-25T22:03:32.198+0000] {processor.py:183} INFO - Processing /home/airflow/.local/lib/python3.12/site-packages/airflow/example_dags/example_bash_decorator.py took 0.104 seconds
[2024-05-25T22:04:02.865+0000] {processor.py:161} INFO - Started process (PID=360) to work on /home/airflow/.local/lib/python3.12/site-packages/airflow/example_dags/example_bash_decorator.py
[2024-05-25T22:04:02.868+0000] {processor.py:830} INFO - Processing file /home/airflow/.local/lib/python3.12/site-packages/airflow/example_dags/example_bash_decorator.py for tasks to queue
[2024-05-25T22:04:02.873+0000] {logging_mixin.py:188} INFO - [2024-05-25T22:04:02.872+0000] {dagbag.py:545} INFO - Filling up the DagBag from /home/airflow/.local/lib/python3.12/site-packages/airflow/example_dags/example_bash_decorator.py
[2024-05-25T22:04:02.891+0000] {processor.py:840} INFO - DAG(s) 'example_bash_decorator' retrieved from /home/airflow/.local/lib/python3.12/site-packages/airflow/example_dags/example_bash_decorator.py
[2024-05-25T22:04:02.917+0000] {logging_mixin.py:188} INFO - [2024-05-25T22:04:02.916+0000] {dag.py:3096} INFO - Sync 1 DAGs
[2024-05-25T22:04:02.933+0000] {logging_mixin.py:188} INFO - [2024-05-25T22:04:02.932+0000] {dag.py:3954} INFO - Setting next_dagrun for example_bash_decorator to None, run_after=None
[2024-05-25T22:04:02.954+0000] {processor.py:183} INFO - Processing /home/airflow/.local/lib/python3.12/site-packages/airflow/example_dags/example_bash_decorator.py took 0.104 seconds
[2024-05-25T22:04:33.164+0000] {processor.py:161} INFO - Started process (PID=418) to work on /home/airflow/.local/lib/python3.12/site-packages/airflow/example_dags/example_bash_decorator.py
[2024-05-25T22:04:33.165+0000] {processor.py:830} INFO - Processing file /home/airflow/.local/lib/python3.12/site-packages/airflow/example_dags/example_bash_decorator.py for tasks to queue
[2024-05-25T22:04:33.173+0000] {logging_mixin.py:188} INFO - [2024-05-25T22:04:33.172+0000] {dagbag.py:545} INFO - Filling up the DagBag from /home/airflow/.local/lib/python3.12/site-packages/airflow/example_dags/example_bash_decorator.py
[2024-05-25T22:04:33.189+0000] {processor.py:840} INFO - DAG(s) 'example_bash_decorator' retrieved from /home/airflow/.local/lib/python3.12/site-packages/airflow/example_dags/example_bash_decorator.py
[2024-05-25T22:04:33.220+0000] {logging_mixin.py:188} INFO - [2024-05-25T22:04:33.220+0000] {dag.py:3096} INFO - Sync 1 DAGs
[2024-05-25T22:04:33.239+0000] {logging_mixin.py:188} INFO - [2024-05-25T22:04:33.239+0000] {dag.py:3954} INFO - Setting next_dagrun for example_bash_decorator to None, run_after=None
[2024-05-25T22:04:33.263+0000] {processor.py:183} INFO - Processing /home/airflow/.local/lib/python3.12/site-packages/airflow/example_dags/example_bash_decorator.py took 0.106 seconds
[2024-05-25T22:05:03.666+0000] {processor.py:161} INFO - Started process (PID=475) to work on /home/airflow/.local/lib/python3.12/site-packages/airflow/example_dags/example_bash_decorator.py
[2024-05-25T22:05:03.667+0000] {processor.py:830} INFO - Processing file /home/airflow/.local/lib/python3.12/site-packages/airflow/example_dags/example_bash_decorator.py for tasks to queue
[2024-05-25T22:05:03.669+0000] {logging_mixin.py:188} INFO - [2024-05-25T22:05:03.668+0000] {dagbag.py:545} INFO - Filling up the DagBag from /home/airflow/.local/lib/python3.12/site-packages/airflow/example_dags/example_bash_decorator.py
[2024-05-25T22:05:03.684+0000] {processor.py:840} INFO - DAG(s) 'example_bash_decorator' retrieved from /home/airflow/.local/lib/python3.12/site-packages/airflow/example_dags/example_bash_decorator.py
[2024-05-25T22:05:03.710+0000] {logging_mixin.py:188} INFO - [2024-05-25T22:05:03.710+0000] {dag.py:3096} INFO - Sync 1 DAGs
[2024-05-25T22:05:03.728+0000] {logging_mixin.py:188} INFO - [2024-05-25T22:05:03.728+0000] {dag.py:3954} INFO - Setting next_dagrun for example_bash_decorator to None, run_after=None
[2024-05-25T22:05:03.751+0000] {processor.py:183} INFO - Processing /home/airflow/.local/lib/python3.12/site-packages/airflow/example_dags/example_bash_decorator.py took 0.092 seconds
[2024-05-25T22:05:34.025+0000] {processor.py:161} INFO - Started process (PID=533) to work on /home/airflow/.local/lib/python3.12/site-packages/airflow/example_dags/example_bash_decorator.py
[2024-05-25T22:05:34.026+0000] {processor.py:830} INFO - Processing file /home/airflow/.local/lib/python3.12/site-packages/airflow/example_dags/example_bash_decorator.py for tasks to queue
[2024-05-25T22:05:34.028+0000] {logging_mixin.py:188} INFO - [2024-05-25T22:05:34.028+0000] {dagbag.py:545} INFO - Filling up the DagBag from /home/airflow/.local/lib/python3.12/site-packages/airflow/example_dags/example_bash_decorator.py
[2024-05-25T22:05:34.043+0000] {processor.py:840} INFO - DAG(s) 'example_bash_decorator' retrieved from /home/airflow/.local/lib/python3.12/site-packages/airflow/example_dags/example_bash_decorator.py
[2024-05-25T22:05:34.073+0000] {logging_mixin.py:188} INFO - [2024-05-25T22:05:34.073+0000] {dag.py:3096} INFO - Sync 1 DAGs
[2024-05-25T22:05:34.088+0000] {logging_mixin.py:188} INFO - [2024-05-25T22:05:34.088+0000] {dag.py:3954} INFO - Setting next_dagrun for example_bash_decorator to None, run_after=None
[2024-05-25T22:05:34.108+0000] {processor.py:183} INFO - Processing /home/airflow/.local/lib/python3.12/site-packages/airflow/example_dags/example_bash_decorator.py took 0.089 seconds
[2024-05-25T22:06:04.467+0000] {processor.py:161} INFO - Started process (PID=590) to work on /home/airflow/.local/lib/python3.12/site-packages/airflow/example_dags/example_bash_decorator.py
[2024-05-25T22:06:04.468+0000] {processor.py:830} INFO - Processing file /home/airflow/.local/lib/python3.12/site-packages/airflow/example_dags/example_bash_decorator.py for tasks to queue
[2024-05-25T22:06:04.470+0000] {logging_mixin.py:188} INFO - [2024-05-25T22:06:04.469+0000] {dagbag.py:545} INFO - Filling up the DagBag from /home/airflow/.local/lib/python3.12/site-packages/airflow/example_dags/example_bash_decorator.py
[2024-05-25T22:06:04.487+0000] {processor.py:840} INFO - DAG(s) 'example_bash_decorator' retrieved from /home/airflow/.local/lib/python3.12/site-packages/airflow/example_dags/example_bash_decorator.py
[2024-05-25T22:06:04.513+0000] {logging_mixin.py:188} INFO - [2024-05-25T22:06:04.513+0000] {dag.py:3096} INFO - Sync 1 DAGs
[2024-05-25T22:06:04.528+0000] {logging_mixin.py:188} INFO - [2024-05-25T22:06:04.528+0000] {dag.py:3954} INFO - Setting next_dagrun for example_bash_decorator to None, run_after=None
[2024-05-25T22:06:04.547+0000] {processor.py:183} INFO - Processing /home/airflow/.local/lib/python3.12/site-packages/airflow/example_dags/example_bash_decorator.py took 0.087 seconds
[2024-05-25T22:06:34.917+0000] {processor.py:161} INFO - Started process (PID=647) to work on /home/airflow/.local/lib/python3.12/site-packages/airflow/example_dags/example_bash_decorator.py
[2024-05-25T22:06:34.918+0000] {processor.py:830} INFO - Processing file /home/airflow/.local/lib/python3.12/site-packages/airflow/example_dags/example_bash_decorator.py for tasks to queue
[2024-05-25T22:06:34.920+0000] {logging_mixin.py:188} INFO - [2024-05-25T22:06:34.920+0000] {dagbag.py:545} INFO - Filling up the DagBag from /home/airflow/.local/lib/python3.12/site-packages/airflow/example_dags/example_bash_decorator.py
[2024-05-25T22:06:34.935+0000] {processor.py:840} INFO - DAG(s) 'example_bash_decorator' retrieved from /home/airflow/.local/lib/python3.12/site-packages/airflow/example_dags/example_bash_decorator.py
[2024-05-25T22:06:34.969+0000] {logging_mixin.py:188} INFO - [2024-05-25T22:06:34.969+0000] {dag.py:3096} INFO - Sync 1 DAGs
[2024-05-25T22:06:34.988+0000] {logging_mixin.py:188} INFO - [2024-05-25T22:06:34.988+0000] {dag.py:3954} INFO - Setting next_dagrun for example_bash_decorator to None, run_after=None
[2024-05-25T22:06:35.011+0000] {processor.py:183} INFO - Processing /home/airflow/.local/lib/python3.12/site-packages/airflow/example_dags/example_bash_decorator.py took 0.101 seconds
[2024-05-25T22:07:05.105+0000] {processor.py:161} INFO - Started process (PID=704) to work on /home/airflow/.local/lib/python3.12/site-packages/airflow/example_dags/example_bash_decorator.py
[2024-05-25T22:07:05.107+0000] {processor.py:830} INFO - Processing file /home/airflow/.local/lib/python3.12/site-packages/airflow/example_dags/example_bash_decorator.py for tasks to queue
[2024-05-25T22:07:05.112+0000] {logging_mixin.py:188} INFO - [2024-05-25T22:07:05.111+0000] {dagbag.py:545} INFO - Filling up the DagBag from /home/airflow/.local/lib/python3.12/site-packages/airflow/example_dags/example_bash_decorator.py
[2024-05-25T22:07:05.131+0000] {processor.py:840} INFO - DAG(s) 'example_bash_decorator' retrieved from /home/airflow/.local/lib/python3.12/site-packages/airflow/example_dags/example_bash_decorator.py
[2024-05-25T22:07:05.171+0000] {logging_mixin.py:188} INFO - [2024-05-25T22:07:05.170+0000] {dag.py:3096} INFO - Sync 1 DAGs
[2024-05-25T22:07:05.186+0000] {logging_mixin.py:188} INFO - [2024-05-25T22:07:05.186+0000] {dag.py:3954} INFO - Setting next_dagrun for example_bash_decorator to None, run_after=None
[2024-05-25T22:07:05.209+0000] {processor.py:183} INFO - Processing /home/airflow/.local/lib/python3.12/site-packages/airflow/example_dags/example_bash_decorator.py took 0.118 seconds
[2024-05-25T22:07:35.844+0000] {processor.py:161} INFO - Started process (PID=762) to work on /home/airflow/.local/lib/python3.12/site-packages/airflow/example_dags/example_bash_decorator.py
[2024-05-25T22:07:35.845+0000] {processor.py:830} INFO - Processing file /home/airflow/.local/lib/python3.12/site-packages/airflow/example_dags/example_bash_decorator.py for tasks to queue
[2024-05-25T22:07:35.849+0000] {logging_mixin.py:188} INFO - [2024-05-25T22:07:35.848+0000] {dagbag.py:545} INFO - Filling up the DagBag from /home/airflow/.local/lib/python3.12/site-packages/airflow/example_dags/example_bash_decorator.py
[2024-05-25T22:07:35.868+0000] {processor.py:840} INFO - DAG(s) 'example_bash_decorator' retrieved from /home/airflow/.local/lib/python3.12/site-packages/airflow/example_dags/example_bash_decorator.py
[2024-05-25T22:07:35.898+0000] {logging_mixin.py:188} INFO - [2024-05-25T22:07:35.897+0000] {dag.py:3096} INFO - Sync 1 DAGs
[2024-05-25T22:07:35.921+0000] {logging_mixin.py:188} INFO - [2024-05-25T22:07:35.920+0000] {dag.py:3954} INFO - Setting next_dagrun for example_bash_decorator to None, run_after=None
[2024-05-25T22:07:35.943+0000] {processor.py:183} INFO - Processing /home/airflow/.local/lib/python3.12/site-packages/airflow/example_dags/example_bash_decorator.py took 0.107 seconds
[2024-05-25T22:08:06.175+0000] {processor.py:161} INFO - Started process (PID=820) to work on /home/airflow/.local/lib/python3.12/site-packages/airflow/example_dags/example_bash_decorator.py
[2024-05-25T22:08:06.176+0000] {processor.py:830} INFO - Processing file /home/airflow/.local/lib/python3.12/site-packages/airflow/example_dags/example_bash_decorator.py for tasks to queue
[2024-05-25T22:08:06.178+0000] {logging_mixin.py:188} INFO - [2024-05-25T22:08:06.177+0000] {dagbag.py:545} INFO - Filling up the DagBag from /home/airflow/.local/lib/python3.12/site-packages/airflow/example_dags/example_bash_decorator.py
[2024-05-25T22:08:06.192+0000] {processor.py:840} INFO - DAG(s) 'example_bash_decorator' retrieved from /home/airflow/.local/lib/python3.12/site-packages/airflow/example_dags/example_bash_decorator.py
[2024-05-25T22:08:06.219+0000] {logging_mixin.py:188} INFO - [2024-05-25T22:08:06.219+0000] {dag.py:3096} INFO - Sync 1 DAGs
[2024-05-25T22:08:06.234+0000] {logging_mixin.py:188} INFO - [2024-05-25T22:08:06.234+0000] {dag.py:3954} INFO - Setting next_dagrun for example_bash_decorator to None, run_after=None
[2024-05-25T22:08:06.255+0000] {processor.py:183} INFO - Processing /home/airflow/.local/lib/python3.12/site-packages/airflow/example_dags/example_bash_decorator.py took 0.086 seconds
[2024-05-25T22:08:36.406+0000] {processor.py:161} INFO - Started process (PID=878) to work on /home/airflow/.local/lib/python3.12/site-packages/airflow/example_dags/example_bash_decorator.py
[2024-05-25T22:08:36.407+0000] {processor.py:830} INFO - Processing file /home/airflow/.local/lib/python3.12/site-packages/airflow/example_dags/example_bash_decorator.py for tasks to queue
[2024-05-25T22:08:36.410+0000] {logging_mixin.py:188} INFO - [2024-05-25T22:08:36.410+0000] {dagbag.py:545} INFO - Filling up the DagBag from /home/airflow/.local/lib/python3.12/site-packages/airflow/example_dags/example_bash_decorator.py
[2024-05-25T22:08:36.428+0000] {processor.py:840} INFO - DAG(s) 'example_bash_decorator' retrieved from /home/airflow/.local/lib/python3.12/site-packages/airflow/example_dags/example_bash_decorator.py
[2024-05-25T22:08:36.456+0000] {logging_mixin.py:188} INFO - [2024-05-25T22:08:36.455+0000] {dag.py:3096} INFO - Sync 1 DAGs
[2024-05-25T22:08:36.470+0000] {logging_mixin.py:188} INFO - [2024-05-25T22:08:36.470+0000] {dag.py:3954} INFO - Setting next_dagrun for example_bash_decorator to None, run_after=None
[2024-05-25T22:08:36.493+0000] {processor.py:183} INFO - Processing /home/airflow/.local/lib/python3.12/site-packages/airflow/example_dags/example_bash_decorator.py took 0.094 seconds
[2024-05-25T22:09:06.612+0000] {processor.py:161} INFO - Started process (PID=936) to work on /home/airflow/.local/lib/python3.12/site-packages/airflow/example_dags/example_bash_decorator.py
[2024-05-25T22:09:06.613+0000] {processor.py:830} INFO - Processing file /home/airflow/.local/lib/python3.12/site-packages/airflow/example_dags/example_bash_decorator.py for tasks to queue
[2024-05-25T22:09:06.615+0000] {logging_mixin.py:188} INFO - [2024-05-25T22:09:06.615+0000] {dagbag.py:545} INFO - Filling up the DagBag from /home/airflow/.local/lib/python3.12/site-packages/airflow/example_dags/example_bash_decorator.py
[2024-05-25T22:09:06.630+0000] {processor.py:840} INFO - DAG(s) 'example_bash_decorator' retrieved from /home/airflow/.local/lib/python3.12/site-packages/airflow/example_dags/example_bash_decorator.py
[2024-05-25T22:09:06.660+0000] {logging_mixin.py:188} INFO - [2024-05-25T22:09:06.660+0000] {dag.py:3096} INFO - Sync 1 DAGs
[2024-05-25T22:09:06.675+0000] {logging_mixin.py:188} INFO - [2024-05-25T22:09:06.674+0000] {dag.py:3954} INFO - Setting next_dagrun for example_bash_decorator to None, run_after=None
[2024-05-25T22:09:06.694+0000] {processor.py:183} INFO - Processing /home/airflow/.local/lib/python3.12/site-packages/airflow/example_dags/example_bash_decorator.py took 0.088 seconds
[2024-05-25T22:09:37.670+0000] {processor.py:161} INFO - Started process (PID=999) to work on /home/airflow/.local/lib/python3.12/site-packages/airflow/example_dags/example_bash_decorator.py
[2024-05-25T22:09:37.671+0000] {processor.py:830} INFO - Processing file /home/airflow/.local/lib/python3.12/site-packages/airflow/example_dags/example_bash_decorator.py for tasks to queue
[2024-05-25T22:09:37.674+0000] {logging_mixin.py:188} INFO - [2024-05-25T22:09:37.673+0000] {dagbag.py:545} INFO - Filling up the DagBag from /home/airflow/.local/lib/python3.12/site-packages/airflow/example_dags/example_bash_decorator.py
[2024-05-25T22:09:37.690+0000] {processor.py:840} INFO - DAG(s) 'example_bash_decorator' retrieved from /home/airflow/.local/lib/python3.12/site-packages/airflow/example_dags/example_bash_decorator.py
[2024-05-25T22:09:37.725+0000] {logging_mixin.py:188} INFO - [2024-05-25T22:09:37.725+0000] {dag.py:3096} INFO - Sync 1 DAGs
[2024-05-25T22:09:37.746+0000] {logging_mixin.py:188} INFO - [2024-05-25T22:09:37.746+0000] {dag.py:3954} INFO - Setting next_dagrun for example_bash_decorator to None, run_after=None
[2024-05-25T22:09:37.770+0000] {processor.py:183} INFO - Processing /home/airflow/.local/lib/python3.12/site-packages/airflow/example_dags/example_bash_decorator.py took 0.106 seconds
[2024-05-25T22:10:08.551+0000] {processor.py:161} INFO - Started process (PID=1057) to work on /home/airflow/.local/lib/python3.12/site-packages/airflow/example_dags/example_bash_decorator.py
[2024-05-25T22:10:08.552+0000] {processor.py:830} INFO - Processing file /home/airflow/.local/lib/python3.12/site-packages/airflow/example_dags/example_bash_decorator.py for tasks to queue
[2024-05-25T22:10:08.554+0000] {logging_mixin.py:188} INFO - [2024-05-25T22:10:08.553+0000] {dagbag.py:545} INFO - Filling up the DagBag from /home/airflow/.local/lib/python3.12/site-packages/airflow/example_dags/example_bash_decorator.py
[2024-05-25T22:10:08.568+0000] {processor.py:840} INFO - DAG(s) 'example_bash_decorator' retrieved from /home/airflow/.local/lib/python3.12/site-packages/airflow/example_dags/example_bash_decorator.py
[2024-05-25T22:10:08.598+0000] {logging_mixin.py:188} INFO - [2024-05-25T22:10:08.598+0000] {dag.py:3096} INFO - Sync 1 DAGs
[2024-05-25T22:10:08.613+0000] {logging_mixin.py:188} INFO - [2024-05-25T22:10:08.613+0000] {dag.py:3954} INFO - Setting next_dagrun for example_bash_decorator to None, run_after=None
[2024-05-25T22:10:08.633+0000] {processor.py:183} INFO - Processing /home/airflow/.local/lib/python3.12/site-packages/airflow/example_dags/example_bash_decorator.py took 0.088 seconds
[2024-05-25T22:10:39.173+0000] {processor.py:161} INFO - Started process (PID=1114) to work on /home/airflow/.local/lib/python3.12/site-packages/airflow/example_dags/example_bash_decorator.py
[2024-05-25T22:10:39.174+0000] {processor.py:830} INFO - Processing file /home/airflow/.local/lib/python3.12/site-packages/airflow/example_dags/example_bash_decorator.py for tasks to queue
[2024-05-25T22:10:39.176+0000] {logging_mixin.py:188} INFO - [2024-05-25T22:10:39.175+0000] {dagbag.py:545} INFO - Filling up the DagBag from /home/airflow/.local/lib/python3.12/site-packages/airflow/example_dags/example_bash_decorator.py
[2024-05-25T22:10:39.190+0000] {processor.py:840} INFO - DAG(s) 'example_bash_decorator' retrieved from /home/airflow/.local/lib/python3.12/site-packages/airflow/example_dags/example_bash_decorator.py
[2024-05-25T22:10:39.216+0000] {logging_mixin.py:188} INFO - [2024-05-25T22:10:39.216+0000] {dag.py:3096} INFO - Sync 1 DAGs
[2024-05-25T22:10:39.230+0000] {logging_mixin.py:188} INFO - [2024-05-25T22:10:39.230+0000] {dag.py:3954} INFO - Setting next_dagrun for example_bash_decorator to None, run_after=None
[2024-05-25T22:10:39.248+0000] {processor.py:183} INFO - Processing /home/airflow/.local/lib/python3.12/site-packages/airflow/example_dags/example_bash_decorator.py took 0.082 seconds
[2024-05-25T22:11:09.518+0000] {processor.py:161} INFO - Started process (PID=1171) to work on /home/airflow/.local/lib/python3.12/site-packages/airflow/example_dags/example_bash_decorator.py
[2024-05-25T22:11:09.519+0000] {processor.py:830} INFO - Processing file /home/airflow/.local/lib/python3.12/site-packages/airflow/example_dags/example_bash_decorator.py for tasks to queue
[2024-05-25T22:11:09.521+0000] {logging_mixin.py:188} INFO - [2024-05-25T22:11:09.521+0000] {dagbag.py:545} INFO - Filling up the DagBag from /home/airflow/.local/lib/python3.12/site-packages/airflow/example_dags/example_bash_decorator.py
[2024-05-25T22:11:09.536+0000] {processor.py:840} INFO - DAG(s) 'example_bash_decorator' retrieved from /home/airflow/.local/lib/python3.12/site-packages/airflow/example_dags/example_bash_decorator.py
[2024-05-25T22:11:09.566+0000] {logging_mixin.py:188} INFO - [2024-05-25T22:11:09.565+0000] {dag.py:3096} INFO - Sync 1 DAGs
[2024-05-25T22:11:09.581+0000] {logging_mixin.py:188} INFO - [2024-05-25T22:11:09.580+0000] {dag.py:3954} INFO - Setting next_dagrun for example_bash_decorator to None, run_after=None
[2024-05-25T22:11:09.601+0000] {processor.py:183} INFO - Processing /home/airflow/.local/lib/python3.12/site-packages/airflow/example_dags/example_bash_decorator.py took 0.089 seconds
[2024-05-25T22:11:39.752+0000] {processor.py:161} INFO - Started process (PID=1229) to work on /home/airflow/.local/lib/python3.12/site-packages/airflow/example_dags/example_bash_decorator.py
[2024-05-25T22:11:39.753+0000] {processor.py:830} INFO - Processing file /home/airflow/.local/lib/python3.12/site-packages/airflow/example_dags/example_bash_decorator.py for tasks to queue
[2024-05-25T22:11:39.756+0000] {logging_mixin.py:188} INFO - [2024-05-25T22:11:39.756+0000] {dagbag.py:545} INFO - Filling up the DagBag from /home/airflow/.local/lib/python3.12/site-packages/airflow/example_dags/example_bash_decorator.py
[2024-05-25T22:11:39.789+0000] {processor.py:840} INFO - DAG(s) 'example_bash_decorator' retrieved from /home/airflow/.local/lib/python3.12/site-packages/airflow/example_dags/example_bash_decorator.py
[2024-05-25T22:11:39.820+0000] {logging_mixin.py:188} INFO - [2024-05-25T22:11:39.820+0000] {dag.py:3096} INFO - Sync 1 DAGs
[2024-05-25T22:11:39.837+0000] {logging_mixin.py:188} INFO - [2024-05-25T22:11:39.837+0000] {dag.py:3954} INFO - Setting next_dagrun for example_bash_decorator to None, run_after=None
[2024-05-25T22:11:39.858+0000] {processor.py:183} INFO - Processing /home/airflow/.local/lib/python3.12/site-packages/airflow/example_dags/example_bash_decorator.py took 0.115 seconds
[2024-05-25T22:12:10.412+0000] {processor.py:161} INFO - Started process (PID=1286) to work on /home/airflow/.local/lib/python3.12/site-packages/airflow/example_dags/example_bash_decorator.py
[2024-05-25T22:12:10.413+0000] {processor.py:830} INFO - Processing file /home/airflow/.local/lib/python3.12/site-packages/airflow/example_dags/example_bash_decorator.py for tasks to queue
[2024-05-25T22:12:10.416+0000] {logging_mixin.py:188} INFO - [2024-05-25T22:12:10.415+0000] {dagbag.py:545} INFO - Filling up the DagBag from /home/airflow/.local/lib/python3.12/site-packages/airflow/example_dags/example_bash_decorator.py
[2024-05-25T22:12:10.433+0000] {processor.py:840} INFO - DAG(s) 'example_bash_decorator' retrieved from /home/airflow/.local/lib/python3.12/site-packages/airflow/example_dags/example_bash_decorator.py
[2024-05-25T22:12:10.461+0000] {logging_mixin.py:188} INFO - [2024-05-25T22:12:10.461+0000] {dag.py:3096} INFO - Sync 1 DAGs
[2024-05-25T22:12:10.477+0000] {logging_mixin.py:188} INFO - [2024-05-25T22:12:10.476+0000] {dag.py:3954} INFO - Setting next_dagrun for example_bash_decorator to None, run_after=None
[2024-05-25T22:12:10.500+0000] {processor.py:183} INFO - Processing /home/airflow/.local/lib/python3.12/site-packages/airflow/example_dags/example_bash_decorator.py took 0.094 seconds
[2024-05-25T22:12:40.908+0000] {processor.py:161} INFO - Started process (PID=1351) to work on /home/airflow/.local/lib/python3.12/site-packages/airflow/example_dags/example_bash_decorator.py
[2024-05-25T22:12:40.909+0000] {processor.py:830} INFO - Processing file /home/airflow/.local/lib/python3.12/site-packages/airflow/example_dags/example_bash_decorator.py for tasks to queue
[2024-05-25T22:12:40.911+0000] {logging_mixin.py:188} INFO - [2024-05-25T22:12:40.911+0000] {dagbag.py:545} INFO - Filling up the DagBag from /home/airflow/.local/lib/python3.12/site-packages/airflow/example_dags/example_bash_decorator.py
[2024-05-25T22:12:40.929+0000] {processor.py:840} INFO - DAG(s) 'example_bash_decorator' retrieved from /home/airflow/.local/lib/python3.12/site-packages/airflow/example_dags/example_bash_decorator.py
[2024-05-25T22:12:40.957+0000] {logging_mixin.py:188} INFO - [2024-05-25T22:12:40.957+0000] {dag.py:3096} INFO - Sync 1 DAGs
[2024-05-25T22:12:40.972+0000] {logging_mixin.py:188} INFO - [2024-05-25T22:12:40.972+0000] {dag.py:3954} INFO - Setting next_dagrun for example_bash_decorator to None, run_after=None
[2024-05-25T22:12:40.992+0000] {processor.py:183} INFO - Processing /home/airflow/.local/lib/python3.12/site-packages/airflow/example_dags/example_bash_decorator.py took 0.093 seconds
[2024-05-25T22:13:11.842+0000] {processor.py:161} INFO - Started process (PID=1417) to work on /home/airflow/.local/lib/python3.12/site-packages/airflow/example_dags/example_bash_decorator.py
[2024-05-25T22:13:11.844+0000] {processor.py:830} INFO - Processing file /home/airflow/.local/lib/python3.12/site-packages/airflow/example_dags/example_bash_decorator.py for tasks to queue
[2024-05-25T22:13:11.846+0000] {logging_mixin.py:188} INFO - [2024-05-25T22:13:11.846+0000] {dagbag.py:545} INFO - Filling up the DagBag from /home/airflow/.local/lib/python3.12/site-packages/airflow/example_dags/example_bash_decorator.py
[2024-05-25T22:13:11.865+0000] {processor.py:840} INFO - DAG(s) 'example_bash_decorator' retrieved from /home/airflow/.local/lib/python3.12/site-packages/airflow/example_dags/example_bash_decorator.py
[2024-05-25T22:13:11.901+0000] {logging_mixin.py:188} INFO - [2024-05-25T22:13:11.901+0000] {dag.py:3096} INFO - Sync 1 DAGs
[2024-05-25T22:13:11.916+0000] {logging_mixin.py:188} INFO - [2024-05-25T22:13:11.916+0000] {dag.py:3954} INFO - Setting next_dagrun for example_bash_decorator to None, run_after=None
[2024-05-25T22:13:11.936+0000] {processor.py:183} INFO - Processing /home/airflow/.local/lib/python3.12/site-packages/airflow/example_dags/example_bash_decorator.py took 0.101 seconds
[2024-05-25T22:13:42.106+0000] {processor.py:161} INFO - Started process (PID=1475) to work on /home/airflow/.local/lib/python3.12/site-packages/airflow/example_dags/example_bash_decorator.py
[2024-05-25T22:13:42.108+0000] {processor.py:830} INFO - Processing file /home/airflow/.local/lib/python3.12/site-packages/airflow/example_dags/example_bash_decorator.py for tasks to queue
[2024-05-25T22:13:42.114+0000] {logging_mixin.py:188} INFO - [2024-05-25T22:13:42.113+0000] {dagbag.py:545} INFO - Filling up the DagBag from /home/airflow/.local/lib/python3.12/site-packages/airflow/example_dags/example_bash_decorator.py
[2024-05-25T22:13:42.135+0000] {processor.py:840} INFO - DAG(s) 'example_bash_decorator' retrieved from /home/airflow/.local/lib/python3.12/site-packages/airflow/example_dags/example_bash_decorator.py
[2024-05-25T22:13:42.166+0000] {logging_mixin.py:188} INFO - [2024-05-25T22:13:42.165+0000] {dag.py:3096} INFO - Sync 1 DAGs
[2024-05-25T22:13:42.182+0000] {logging_mixin.py:188} INFO - [2024-05-25T22:13:42.182+0000] {dag.py:3954} INFO - Setting next_dagrun for example_bash_decorator to None, run_after=None
[2024-05-25T22:13:42.207+0000] {processor.py:183} INFO - Processing /home/airflow/.local/lib/python3.12/site-packages/airflow/example_dags/example_bash_decorator.py took 0.116 seconds
[2024-05-25T22:14:12.265+0000] {processor.py:161} INFO - Started process (PID=1533) to work on /home/airflow/.local/lib/python3.12/site-packages/airflow/example_dags/example_bash_decorator.py
[2024-05-25T22:14:12.265+0000] {processor.py:830} INFO - Processing file /home/airflow/.local/lib/python3.12/site-packages/airflow/example_dags/example_bash_decorator.py for tasks to queue
[2024-05-25T22:14:12.268+0000] {logging_mixin.py:188} INFO - [2024-05-25T22:14:12.268+0000] {dagbag.py:545} INFO - Filling up the DagBag from /home/airflow/.local/lib/python3.12/site-packages/airflow/example_dags/example_bash_decorator.py
[2024-05-25T22:14:12.283+0000] {processor.py:840} INFO - DAG(s) 'example_bash_decorator' retrieved from /home/airflow/.local/lib/python3.12/site-packages/airflow/example_dags/example_bash_decorator.py
[2024-05-25T22:14:12.317+0000] {logging_mixin.py:188} INFO - [2024-05-25T22:14:12.316+0000] {dag.py:3096} INFO - Sync 1 DAGs
[2024-05-25T22:14:12.331+0000] {logging_mixin.py:188} INFO - [2024-05-25T22:14:12.331+0000] {dag.py:3954} INFO - Setting next_dagrun for example_bash_decorator to None, run_after=None
[2024-05-25T22:14:12.359+0000] {processor.py:183} INFO - Processing /home/airflow/.local/lib/python3.12/site-packages/airflow/example_dags/example_bash_decorator.py took 0.101 seconds
[2024-05-25T22:14:42.746+0000] {processor.py:161} INFO - Started process (PID=1592) to work on /home/airflow/.local/lib/python3.12/site-packages/airflow/example_dags/example_bash_decorator.py
[2024-05-25T22:14:42.748+0000] {processor.py:830} INFO - Processing file /home/airflow/.local/lib/python3.12/site-packages/airflow/example_dags/example_bash_decorator.py for tasks to queue
[2024-05-25T22:14:42.752+0000] {logging_mixin.py:188} INFO - [2024-05-25T22:14:42.751+0000] {dagbag.py:545} INFO - Filling up the DagBag from /home/airflow/.local/lib/python3.12/site-packages/airflow/example_dags/example_bash_decorator.py
[2024-05-25T22:14:42.769+0000] {processor.py:840} INFO - DAG(s) 'example_bash_decorator' retrieved from /home/airflow/.local/lib/python3.12/site-packages/airflow/example_dags/example_bash_decorator.py
[2024-05-25T22:14:42.796+0000] {logging_mixin.py:188} INFO - [2024-05-25T22:14:42.796+0000] {dag.py:3096} INFO - Sync 1 DAGs
[2024-05-25T22:14:42.810+0000] {logging_mixin.py:188} INFO - [2024-05-25T22:14:42.810+0000] {dag.py:3954} INFO - Setting next_dagrun for example_bash_decorator to None, run_after=None
[2024-05-25T22:14:42.833+0000] {processor.py:183} INFO - Processing /home/airflow/.local/lib/python3.12/site-packages/airflow/example_dags/example_bash_decorator.py took 0.104 seconds
[2024-05-25T22:15:13.226+0000] {processor.py:161} INFO - Started process (PID=1650) to work on /home/airflow/.local/lib/python3.12/site-packages/airflow/example_dags/example_bash_decorator.py
[2024-05-25T22:15:13.227+0000] {processor.py:830} INFO - Processing file /home/airflow/.local/lib/python3.12/site-packages/airflow/example_dags/example_bash_decorator.py for tasks to queue
[2024-05-25T22:15:13.229+0000] {logging_mixin.py:188} INFO - [2024-05-25T22:15:13.229+0000] {dagbag.py:545} INFO - Filling up the DagBag from /home/airflow/.local/lib/python3.12/site-packages/airflow/example_dags/example_bash_decorator.py
[2024-05-25T22:15:13.245+0000] {processor.py:840} INFO - DAG(s) 'example_bash_decorator' retrieved from /home/airflow/.local/lib/python3.12/site-packages/airflow/example_dags/example_bash_decorator.py
[2024-05-25T22:15:13.271+0000] {logging_mixin.py:188} INFO - [2024-05-25T22:15:13.271+0000] {dag.py:3096} INFO - Sync 1 DAGs
[2024-05-25T22:15:13.288+0000] {logging_mixin.py:188} INFO - [2024-05-25T22:15:13.288+0000] {dag.py:3954} INFO - Setting next_dagrun for example_bash_decorator to None, run_after=None
[2024-05-25T22:15:13.311+0000] {processor.py:183} INFO - Processing /home/airflow/.local/lib/python3.12/site-packages/airflow/example_dags/example_bash_decorator.py took 0.091 seconds
[2024-05-25T22:15:43.688+0000] {processor.py:161} INFO - Started process (PID=1708) to work on /home/airflow/.local/lib/python3.12/site-packages/airflow/example_dags/example_bash_decorator.py
[2024-05-25T22:15:43.690+0000] {processor.py:830} INFO - Processing file /home/airflow/.local/lib/python3.12/site-packages/airflow/example_dags/example_bash_decorator.py for tasks to queue
[2024-05-25T22:15:43.693+0000] {logging_mixin.py:188} INFO - [2024-05-25T22:15:43.692+0000] {dagbag.py:545} INFO - Filling up the DagBag from /home/airflow/.local/lib/python3.12/site-packages/airflow/example_dags/example_bash_decorator.py
[2024-05-25T22:15:43.711+0000] {processor.py:840} INFO - DAG(s) 'example_bash_decorator' retrieved from /home/airflow/.local/lib/python3.12/site-packages/airflow/example_dags/example_bash_decorator.py
[2024-05-25T22:15:43.741+0000] {logging_mixin.py:188} INFO - [2024-05-25T22:15:43.741+0000] {dag.py:3096} INFO - Sync 1 DAGs
[2024-05-25T22:15:43.757+0000] {logging_mixin.py:188} INFO - [2024-05-25T22:15:43.756+0000] {dag.py:3954} INFO - Setting next_dagrun for example_bash_decorator to None, run_after=None
[2024-05-25T22:15:43.788+0000] {processor.py:183} INFO - Processing /home/airflow/.local/lib/python3.12/site-packages/airflow/example_dags/example_bash_decorator.py took 0.107 seconds
[2024-05-25T22:16:16.021+0000] {processor.py:161} INFO - Started process (PID=1766) to work on /home/airflow/.local/lib/python3.12/site-packages/airflow/example_dags/example_bash_decorator.py
[2024-05-25T22:16:16.022+0000] {processor.py:830} INFO - Processing file /home/airflow/.local/lib/python3.12/site-packages/airflow/example_dags/example_bash_decorator.py for tasks to queue
[2024-05-25T22:16:16.025+0000] {logging_mixin.py:188} INFO - [2024-05-25T22:16:16.025+0000] {dagbag.py:545} INFO - Filling up the DagBag from /home/airflow/.local/lib/python3.12/site-packages/airflow/example_dags/example_bash_decorator.py
[2024-05-25T22:16:16.060+0000] {processor.py:840} INFO - DAG(s) 'example_bash_decorator' retrieved from /home/airflow/.local/lib/python3.12/site-packages/airflow/example_dags/example_bash_decorator.py
[2024-05-25T22:16:16.089+0000] {logging_mixin.py:188} INFO - [2024-05-25T22:16:16.089+0000] {dag.py:3096} INFO - Sync 1 DAGs
[2024-05-25T22:16:16.105+0000] {logging_mixin.py:188} INFO - [2024-05-25T22:16:16.105+0000] {dag.py:3954} INFO - Setting next_dagrun for example_bash_decorator to None, run_after=None
[2024-05-25T22:16:16.135+0000] {processor.py:183} INFO - Processing /home/airflow/.local/lib/python3.12/site-packages/airflow/example_dags/example_bash_decorator.py took 0.122 seconds
[2024-05-25T22:16:46.866+0000] {processor.py:161} INFO - Started process (PID=1824) to work on /home/airflow/.local/lib/python3.12/site-packages/airflow/example_dags/example_bash_decorator.py
[2024-05-25T22:16:46.868+0000] {processor.py:830} INFO - Processing file /home/airflow/.local/lib/python3.12/site-packages/airflow/example_dags/example_bash_decorator.py for tasks to queue
[2024-05-25T22:16:46.871+0000] {logging_mixin.py:188} INFO - [2024-05-25T22:16:46.871+0000] {dagbag.py:545} INFO - Filling up the DagBag from /home/airflow/.local/lib/python3.12/site-packages/airflow/example_dags/example_bash_decorator.py
[2024-05-25T22:16:46.887+0000] {processor.py:840} INFO - DAG(s) 'example_bash_decorator' retrieved from /home/airflow/.local/lib/python3.12/site-packages/airflow/example_dags/example_bash_decorator.py
[2024-05-25T22:16:47.039+0000] {logging_mixin.py:188} INFO - [2024-05-25T22:16:47.038+0000] {dag.py:3096} INFO - Sync 1 DAGs
[2024-05-25T22:16:47.054+0000] {logging_mixin.py:188} INFO - [2024-05-25T22:16:47.053+0000] {dag.py:3954} INFO - Setting next_dagrun for example_bash_decorator to None, run_after=None
[2024-05-25T22:16:47.078+0000] {processor.py:183} INFO - Processing /home/airflow/.local/lib/python3.12/site-packages/airflow/example_dags/example_bash_decorator.py took 0.226 seconds
[2024-05-25T22:17:17.705+0000] {processor.py:161} INFO - Started process (PID=1882) to work on /home/airflow/.local/lib/python3.12/site-packages/airflow/example_dags/example_bash_decorator.py
[2024-05-25T22:17:17.707+0000] {processor.py:830} INFO - Processing file /home/airflow/.local/lib/python3.12/site-packages/airflow/example_dags/example_bash_decorator.py for tasks to queue
[2024-05-25T22:17:17.710+0000] {logging_mixin.py:188} INFO - [2024-05-25T22:17:17.709+0000] {dagbag.py:545} INFO - Filling up the DagBag from /home/airflow/.local/lib/python3.12/site-packages/airflow/example_dags/example_bash_decorator.py
[2024-05-25T22:17:17.733+0000] {processor.py:840} INFO - DAG(s) 'example_bash_decorator' retrieved from /home/airflow/.local/lib/python3.12/site-packages/airflow/example_dags/example_bash_decorator.py
[2024-05-25T22:17:17.772+0000] {logging_mixin.py:188} INFO - [2024-05-25T22:17:17.771+0000] {dag.py:3096} INFO - Sync 1 DAGs
[2024-05-25T22:17:17.913+0000] {logging_mixin.py:188} INFO - [2024-05-25T22:17:17.913+0000] {dag.py:3954} INFO - Setting next_dagrun for example_bash_decorator to None, run_after=None
[2024-05-25T22:17:17.933+0000] {processor.py:183} INFO - Processing /home/airflow/.local/lib/python3.12/site-packages/airflow/example_dags/example_bash_decorator.py took 0.242 seconds
[2024-05-25T22:17:48.334+0000] {processor.py:161} INFO - Started process (PID=1940) to work on /home/airflow/.local/lib/python3.12/site-packages/airflow/example_dags/example_bash_decorator.py
[2024-05-25T22:17:48.339+0000] {processor.py:830} INFO - Processing file /home/airflow/.local/lib/python3.12/site-packages/airflow/example_dags/example_bash_decorator.py for tasks to queue
[2024-05-25T22:17:48.344+0000] {logging_mixin.py:188} INFO - [2024-05-25T22:17:48.343+0000] {dagbag.py:545} INFO - Filling up the DagBag from /home/airflow/.local/lib/python3.12/site-packages/airflow/example_dags/example_bash_decorator.py
[2024-05-25T22:17:48.364+0000] {processor.py:840} INFO - DAG(s) 'example_bash_decorator' retrieved from /home/airflow/.local/lib/python3.12/site-packages/airflow/example_dags/example_bash_decorator.py
[2024-05-25T22:17:48.391+0000] {logging_mixin.py:188} INFO - [2024-05-25T22:17:48.391+0000] {dag.py:3096} INFO - Sync 1 DAGs
[2024-05-25T22:17:48.405+0000] {logging_mixin.py:188} INFO - [2024-05-25T22:17:48.405+0000] {dag.py:3954} INFO - Setting next_dagrun for example_bash_decorator to None, run_after=None
[2024-05-25T22:17:48.424+0000] {processor.py:183} INFO - Processing /home/airflow/.local/lib/python3.12/site-packages/airflow/example_dags/example_bash_decorator.py took 0.105 seconds
[2024-05-25T22:18:18.574+0000] {processor.py:161} INFO - Started process (PID=1998) to work on /home/airflow/.local/lib/python3.12/site-packages/airflow/example_dags/example_bash_decorator.py
[2024-05-25T22:18:18.578+0000] {processor.py:830} INFO - Processing file /home/airflow/.local/lib/python3.12/site-packages/airflow/example_dags/example_bash_decorator.py for tasks to queue
[2024-05-25T22:18:18.581+0000] {logging_mixin.py:188} INFO - [2024-05-25T22:18:18.580+0000] {dagbag.py:545} INFO - Filling up the DagBag from /home/airflow/.local/lib/python3.12/site-packages/airflow/example_dags/example_bash_decorator.py
[2024-05-25T22:18:18.596+0000] {processor.py:840} INFO - DAG(s) 'example_bash_decorator' retrieved from /home/airflow/.local/lib/python3.12/site-packages/airflow/example_dags/example_bash_decorator.py
[2024-05-25T22:18:18.628+0000] {logging_mixin.py:188} INFO - [2024-05-25T22:18:18.627+0000] {dag.py:3096} INFO - Sync 1 DAGs
[2024-05-25T22:18:18.656+0000] {logging_mixin.py:188} INFO - [2024-05-25T22:18:18.656+0000] {dag.py:3954} INFO - Setting next_dagrun for example_bash_decorator to None, run_after=None
[2024-05-25T22:18:18.678+0000] {processor.py:183} INFO - Processing /home/airflow/.local/lib/python3.12/site-packages/airflow/example_dags/example_bash_decorator.py took 0.113 seconds
[2024-05-25T22:18:48.810+0000] {processor.py:161} INFO - Started process (PID=2056) to work on /home/airflow/.local/lib/python3.12/site-packages/airflow/example_dags/example_bash_decorator.py
[2024-05-25T22:18:48.811+0000] {processor.py:830} INFO - Processing file /home/airflow/.local/lib/python3.12/site-packages/airflow/example_dags/example_bash_decorator.py for tasks to queue
[2024-05-25T22:18:48.813+0000] {logging_mixin.py:188} INFO - [2024-05-25T22:18:48.812+0000] {dagbag.py:545} INFO - Filling up the DagBag from /home/airflow/.local/lib/python3.12/site-packages/airflow/example_dags/example_bash_decorator.py
[2024-05-25T22:18:48.828+0000] {processor.py:840} INFO - DAG(s) 'example_bash_decorator' retrieved from /home/airflow/.local/lib/python3.12/site-packages/airflow/example_dags/example_bash_decorator.py
[2024-05-25T22:18:48.855+0000] {logging_mixin.py:188} INFO - [2024-05-25T22:18:48.854+0000] {dag.py:3096} INFO - Sync 1 DAGs
[2024-05-25T22:18:48.870+0000] {logging_mixin.py:188} INFO - [2024-05-25T22:18:48.870+0000] {dag.py:3954} INFO - Setting next_dagrun for example_bash_decorator to None, run_after=None
[2024-05-25T22:18:48.894+0000] {processor.py:183} INFO - Processing /home/airflow/.local/lib/python3.12/site-packages/airflow/example_dags/example_bash_decorator.py took 0.092 seconds
[2024-05-25T22:19:19.004+0000] {processor.py:161} INFO - Started process (PID=2114) to work on /home/airflow/.local/lib/python3.12/site-packages/airflow/example_dags/example_bash_decorator.py
[2024-05-25T22:19:19.005+0000] {processor.py:830} INFO - Processing file /home/airflow/.local/lib/python3.12/site-packages/airflow/example_dags/example_bash_decorator.py for tasks to queue
[2024-05-25T22:19:19.009+0000] {logging_mixin.py:188} INFO - [2024-05-25T22:19:19.008+0000] {dagbag.py:545} INFO - Filling up the DagBag from /home/airflow/.local/lib/python3.12/site-packages/airflow/example_dags/example_bash_decorator.py
[2024-05-25T22:19:19.027+0000] {processor.py:840} INFO - DAG(s) 'example_bash_decorator' retrieved from /home/airflow/.local/lib/python3.12/site-packages/airflow/example_dags/example_bash_decorator.py
[2024-05-25T22:19:19.058+0000] {logging_mixin.py:188} INFO - [2024-05-25T22:19:19.058+0000] {dag.py:3096} INFO - Sync 1 DAGs
[2024-05-25T22:19:19.074+0000] {logging_mixin.py:188} INFO - [2024-05-25T22:19:19.074+0000] {dag.py:3954} INFO - Setting next_dagrun for example_bash_decorator to None, run_after=None
[2024-05-25T22:19:19.098+0000] {processor.py:183} INFO - Processing /home/airflow/.local/lib/python3.12/site-packages/airflow/example_dags/example_bash_decorator.py took 0.100 seconds
