[2024-05-25T22:01:25.143+0000] {processor.py:161} INFO - Started process (PID=27) to work on /home/airflow/.local/lib/python3.12/site-packages/airflow/example_dags/example_subdag_operator.py
[2024-05-25T22:01:25.146+0000] {processor.py:830} INFO - Processing file /home/airflow/.local/lib/python3.12/site-packages/airflow/example_dags/example_subdag_operator.py for tasks to queue
[2024-05-25T22:01:25.153+0000] {logging_mixin.py:188} INFO - [2024-05-25T22:01:25.152+0000] {dagbag.py:545} INFO - Filling up the DagBag from /home/airflow/.local/lib/python3.12/site-packages/airflow/example_dags/example_subdag_operator.py
[2024-05-25T22:01:25.200+0000] {processor.py:840} INFO - DAG(s) 'example_subdag_operator.section-1', 'example_subdag_operator.section-2', 'example_subdag_operator' retrieved from /home/airflow/.local/lib/python3.12/site-packages/airflow/example_dags/example_subdag_operator.py
[2024-05-25T22:01:25.222+0000] {logging_mixin.py:188} INFO - [2024-05-25T22:01:25.222+0000] {dag.py:3096} INFO - Sync 3 DAGs
[2024-05-25T22:01:25.258+0000] {logging_mixin.py:188} INFO - [2024-05-25T22:01:25.257+0000] {dag.py:3954} INFO - Setting next_dagrun for example_subdag_operator to 2022-01-01 00:00:00+00:00, run_after=2022-01-01 00:00:00+00:00
[2024-05-25T22:01:25.263+0000] {logging_mixin.py:188} INFO - [2024-05-25T22:01:25.263+0000] {dag.py:3954} INFO - Setting next_dagrun for example_subdag_operator.section-1 to None, run_after=None
[2024-05-25T22:01:25.267+0000] {logging_mixin.py:188} INFO - [2024-05-25T22:01:25.266+0000] {dag.py:3954} INFO - Setting next_dagrun for example_subdag_operator.section-2 to None, run_after=None
[2024-05-25T22:01:25.280+0000] {logging_mixin.py:188} INFO - [2024-05-25T22:01:25.280+0000] {dag.py:3096} INFO - Sync 2 DAGs
[2024-05-25T22:01:25.290+0000] {logging_mixin.py:188} INFO - [2024-05-25T22:01:25.290+0000] {dag.py:3954} INFO - Setting next_dagrun for example_subdag_operator.section-1 to None, run_after=None
[2024-05-25T22:01:25.292+0000] {logging_mixin.py:188} INFO - [2024-05-25T22:01:25.291+0000] {dag.py:3954} INFO - Setting next_dagrun for example_subdag_operator.section-2 to None, run_after=None
[2024-05-25T22:01:25.305+0000] {processor.py:183} INFO - Processing /home/airflow/.local/lib/python3.12/site-packages/airflow/example_dags/example_subdag_operator.py took 0.172 seconds
[2024-05-25T22:01:55.678+0000] {processor.py:161} INFO - Started process (PID=85) to work on /home/airflow/.local/lib/python3.12/site-packages/airflow/example_dags/example_subdag_operator.py
[2024-05-25T22:01:55.679+0000] {processor.py:830} INFO - Processing file /home/airflow/.local/lib/python3.12/site-packages/airflow/example_dags/example_subdag_operator.py for tasks to queue
[2024-05-25T22:01:55.685+0000] {logging_mixin.py:188} INFO - [2024-05-25T22:01:55.684+0000] {dagbag.py:545} INFO - Filling up the DagBag from /home/airflow/.local/lib/python3.12/site-packages/airflow/example_dags/example_subdag_operator.py
[2024-05-25T22:01:55.718+0000] {processor.py:840} INFO - DAG(s) 'example_subdag_operator.section-1', 'example_subdag_operator.section-2', 'example_subdag_operator' retrieved from /home/airflow/.local/lib/python3.12/site-packages/airflow/example_dags/example_subdag_operator.py
[2024-05-25T22:01:55.832+0000] {logging_mixin.py:188} INFO - [2024-05-25T22:01:55.832+0000] {dag.py:3096} INFO - Sync 3 DAGs
[2024-05-25T22:01:55.856+0000] {logging_mixin.py:188} INFO - [2024-05-25T22:01:55.855+0000] {dag.py:3954} INFO - Setting next_dagrun for example_subdag_operator to 2022-01-01 00:00:00+00:00, run_after=2022-01-01 00:00:00+00:00
[2024-05-25T22:01:55.859+0000] {logging_mixin.py:188} INFO - [2024-05-25T22:01:55.859+0000] {dag.py:3954} INFO - Setting next_dagrun for example_subdag_operator.section-1 to None, run_after=None
[2024-05-25T22:01:55.861+0000] {logging_mixin.py:188} INFO - [2024-05-25T22:01:55.861+0000] {dag.py:3954} INFO - Setting next_dagrun for example_subdag_operator.section-2 to None, run_after=None
[2024-05-25T22:01:55.871+0000] {logging_mixin.py:188} INFO - [2024-05-25T22:01:55.871+0000] {dag.py:3096} INFO - Sync 2 DAGs
[2024-05-25T22:01:55.882+0000] {logging_mixin.py:188} INFO - [2024-05-25T22:01:55.882+0000] {dag.py:3954} INFO - Setting next_dagrun for example_subdag_operator.section-1 to None, run_after=None
[2024-05-25T22:01:55.883+0000] {logging_mixin.py:188} INFO - [2024-05-25T22:01:55.883+0000] {dag.py:3954} INFO - Setting next_dagrun for example_subdag_operator.section-2 to None, run_after=None
[2024-05-25T22:01:55.898+0000] {processor.py:183} INFO - Processing /home/airflow/.local/lib/python3.12/site-packages/airflow/example_dags/example_subdag_operator.py took 0.245 seconds
[2024-05-25T22:02:26.055+0000] {processor.py:161} INFO - Started process (PID=143) to work on /home/airflow/.local/lib/python3.12/site-packages/airflow/example_dags/example_subdag_operator.py
[2024-05-25T22:02:26.057+0000] {processor.py:830} INFO - Processing file /home/airflow/.local/lib/python3.12/site-packages/airflow/example_dags/example_subdag_operator.py for tasks to queue
[2024-05-25T22:02:26.062+0000] {logging_mixin.py:188} INFO - [2024-05-25T22:02:26.061+0000] {dagbag.py:545} INFO - Filling up the DagBag from /home/airflow/.local/lib/python3.12/site-packages/airflow/example_dags/example_subdag_operator.py
[2024-05-25T22:02:26.107+0000] {processor.py:840} INFO - DAG(s) 'example_subdag_operator.section-1', 'example_subdag_operator.section-2', 'example_subdag_operator' retrieved from /home/airflow/.local/lib/python3.12/site-packages/airflow/example_dags/example_subdag_operator.py
[2024-05-25T22:02:26.125+0000] {logging_mixin.py:188} INFO - [2024-05-25T22:02:26.124+0000] {dag.py:3096} INFO - Sync 3 DAGs
[2024-05-25T22:02:26.148+0000] {logging_mixin.py:188} INFO - [2024-05-25T22:02:26.148+0000] {dag.py:3954} INFO - Setting next_dagrun for example_subdag_operator to 2022-01-01 00:00:00+00:00, run_after=2022-01-01 00:00:00+00:00
[2024-05-25T22:02:26.153+0000] {logging_mixin.py:188} INFO - [2024-05-25T22:02:26.152+0000] {dag.py:3954} INFO - Setting next_dagrun for example_subdag_operator.section-1 to None, run_after=None
[2024-05-25T22:02:26.154+0000] {logging_mixin.py:188} INFO - [2024-05-25T22:02:26.154+0000] {dag.py:3954} INFO - Setting next_dagrun for example_subdag_operator.section-2 to None, run_after=None
[2024-05-25T22:02:26.162+0000] {logging_mixin.py:188} INFO - [2024-05-25T22:02:26.162+0000] {dag.py:3096} INFO - Sync 2 DAGs
[2024-05-25T22:02:26.168+0000] {logging_mixin.py:188} INFO - [2024-05-25T22:02:26.167+0000] {dag.py:3954} INFO - Setting next_dagrun for example_subdag_operator.section-1 to None, run_after=None
[2024-05-25T22:02:26.168+0000] {logging_mixin.py:188} INFO - [2024-05-25T22:02:26.168+0000] {dag.py:3954} INFO - Setting next_dagrun for example_subdag_operator.section-2 to None, run_after=None
[2024-05-25T22:02:26.180+0000] {processor.py:183} INFO - Processing /home/airflow/.local/lib/python3.12/site-packages/airflow/example_dags/example_subdag_operator.py took 0.131 seconds
[2024-05-25T22:02:56.303+0000] {processor.py:161} INFO - Started process (PID=201) to work on /home/airflow/.local/lib/python3.12/site-packages/airflow/example_dags/example_subdag_operator.py
[2024-05-25T22:02:56.305+0000] {processor.py:830} INFO - Processing file /home/airflow/.local/lib/python3.12/site-packages/airflow/example_dags/example_subdag_operator.py for tasks to queue
[2024-05-25T22:02:56.311+0000] {logging_mixin.py:188} INFO - [2024-05-25T22:02:56.310+0000] {dagbag.py:545} INFO - Filling up the DagBag from /home/airflow/.local/lib/python3.12/site-packages/airflow/example_dags/example_subdag_operator.py
[2024-05-25T22:02:56.340+0000] {processor.py:840} INFO - DAG(s) 'example_subdag_operator.section-1', 'example_subdag_operator.section-2', 'example_subdag_operator' retrieved from /home/airflow/.local/lib/python3.12/site-packages/airflow/example_dags/example_subdag_operator.py
[2024-05-25T22:02:56.361+0000] {logging_mixin.py:188} INFO - [2024-05-25T22:02:56.361+0000] {dag.py:3096} INFO - Sync 3 DAGs
[2024-05-25T22:02:56.399+0000] {logging_mixin.py:188} INFO - [2024-05-25T22:02:56.398+0000] {dag.py:3954} INFO - Setting next_dagrun for example_subdag_operator to 2022-01-01 00:00:00+00:00, run_after=2022-01-01 00:00:00+00:00
[2024-05-25T22:02:56.405+0000] {logging_mixin.py:188} INFO - [2024-05-25T22:02:56.404+0000] {dag.py:3954} INFO - Setting next_dagrun for example_subdag_operator.section-1 to None, run_after=None
[2024-05-25T22:02:56.407+0000] {logging_mixin.py:188} INFO - [2024-05-25T22:02:56.406+0000] {dag.py:3954} INFO - Setting next_dagrun for example_subdag_operator.section-2 to None, run_after=None
[2024-05-25T22:02:56.417+0000] {logging_mixin.py:188} INFO - [2024-05-25T22:02:56.416+0000] {dag.py:3096} INFO - Sync 2 DAGs
[2024-05-25T22:02:56.425+0000] {logging_mixin.py:188} INFO - [2024-05-25T22:02:56.425+0000] {dag.py:3954} INFO - Setting next_dagrun for example_subdag_operator.section-1 to None, run_after=None
[2024-05-25T22:02:56.426+0000] {logging_mixin.py:188} INFO - [2024-05-25T22:02:56.426+0000] {dag.py:3954} INFO - Setting next_dagrun for example_subdag_operator.section-2 to None, run_after=None
[2024-05-25T22:02:56.440+0000] {processor.py:183} INFO - Processing /home/airflow/.local/lib/python3.12/site-packages/airflow/example_dags/example_subdag_operator.py took 0.154 seconds
[2024-05-25T22:03:26.564+0000] {processor.py:161} INFO - Started process (PID=259) to work on /home/airflow/.local/lib/python3.12/site-packages/airflow/example_dags/example_subdag_operator.py
[2024-05-25T22:03:26.566+0000] {processor.py:830} INFO - Processing file /home/airflow/.local/lib/python3.12/site-packages/airflow/example_dags/example_subdag_operator.py for tasks to queue
[2024-05-25T22:03:26.569+0000] {logging_mixin.py:188} INFO - [2024-05-25T22:03:26.568+0000] {dagbag.py:545} INFO - Filling up the DagBag from /home/airflow/.local/lib/python3.12/site-packages/airflow/example_dags/example_subdag_operator.py
[2024-05-25T22:03:26.605+0000] {processor.py:840} INFO - DAG(s) 'example_subdag_operator.section-1', 'example_subdag_operator.section-2', 'example_subdag_operator' retrieved from /home/airflow/.local/lib/python3.12/site-packages/airflow/example_dags/example_subdag_operator.py
[2024-05-25T22:03:26.629+0000] {logging_mixin.py:188} INFO - [2024-05-25T22:03:26.629+0000] {dag.py:3096} INFO - Sync 3 DAGs
[2024-05-25T22:03:26.657+0000] {logging_mixin.py:188} INFO - [2024-05-25T22:03:26.656+0000] {dag.py:3954} INFO - Setting next_dagrun for example_subdag_operator to 2022-01-01 00:00:00+00:00, run_after=2022-01-01 00:00:00+00:00
[2024-05-25T22:03:26.663+0000] {logging_mixin.py:188} INFO - [2024-05-25T22:03:26.663+0000] {dag.py:3954} INFO - Setting next_dagrun for example_subdag_operator.section-1 to None, run_after=None
[2024-05-25T22:03:26.668+0000] {logging_mixin.py:188} INFO - [2024-05-25T22:03:26.667+0000] {dag.py:3954} INFO - Setting next_dagrun for example_subdag_operator.section-2 to None, run_after=None
[2024-05-25T22:03:26.681+0000] {logging_mixin.py:188} INFO - [2024-05-25T22:03:26.681+0000] {dag.py:3096} INFO - Sync 2 DAGs
[2024-05-25T22:03:26.690+0000] {logging_mixin.py:188} INFO - [2024-05-25T22:03:26.690+0000] {dag.py:3954} INFO - Setting next_dagrun for example_subdag_operator.section-1 to None, run_after=None
[2024-05-25T22:03:26.691+0000] {logging_mixin.py:188} INFO - [2024-05-25T22:03:26.691+0000] {dag.py:3954} INFO - Setting next_dagrun for example_subdag_operator.section-2 to None, run_after=None
[2024-05-25T22:03:26.711+0000] {processor.py:183} INFO - Processing /home/airflow/.local/lib/python3.12/site-packages/airflow/example_dags/example_subdag_operator.py took 0.157 seconds
[2024-05-25T22:03:57.217+0000] {processor.py:161} INFO - Started process (PID=317) to work on /home/airflow/.local/lib/python3.12/site-packages/airflow/example_dags/example_subdag_operator.py
[2024-05-25T22:03:57.219+0000] {processor.py:830} INFO - Processing file /home/airflow/.local/lib/python3.12/site-packages/airflow/example_dags/example_subdag_operator.py for tasks to queue
[2024-05-25T22:03:57.224+0000] {logging_mixin.py:188} INFO - [2024-05-25T22:03:57.223+0000] {dagbag.py:545} INFO - Filling up the DagBag from /home/airflow/.local/lib/python3.12/site-packages/airflow/example_dags/example_subdag_operator.py
[2024-05-25T22:03:57.269+0000] {processor.py:840} INFO - DAG(s) 'example_subdag_operator.section-1', 'example_subdag_operator.section-2', 'example_subdag_operator' retrieved from /home/airflow/.local/lib/python3.12/site-packages/airflow/example_dags/example_subdag_operator.py
[2024-05-25T22:03:57.288+0000] {logging_mixin.py:188} INFO - [2024-05-25T22:03:57.288+0000] {dag.py:3096} INFO - Sync 3 DAGs
[2024-05-25T22:03:57.318+0000] {logging_mixin.py:188} INFO - [2024-05-25T22:03:57.318+0000] {dag.py:3954} INFO - Setting next_dagrun for example_subdag_operator to 2022-01-01 00:00:00+00:00, run_after=2022-01-01 00:00:00+00:00
[2024-05-25T22:03:57.325+0000] {logging_mixin.py:188} INFO - [2024-05-25T22:03:57.324+0000] {dag.py:3954} INFO - Setting next_dagrun for example_subdag_operator.section-1 to None, run_after=None
[2024-05-25T22:03:57.327+0000] {logging_mixin.py:188} INFO - [2024-05-25T22:03:57.327+0000] {dag.py:3954} INFO - Setting next_dagrun for example_subdag_operator.section-2 to None, run_after=None
[2024-05-25T22:03:57.345+0000] {logging_mixin.py:188} INFO - [2024-05-25T22:03:57.345+0000] {dag.py:3096} INFO - Sync 2 DAGs
[2024-05-25T22:03:57.359+0000] {logging_mixin.py:188} INFO - [2024-05-25T22:03:57.359+0000] {dag.py:3954} INFO - Setting next_dagrun for example_subdag_operator.section-1 to None, run_after=None
[2024-05-25T22:03:57.360+0000] {logging_mixin.py:188} INFO - [2024-05-25T22:03:57.360+0000] {dag.py:3954} INFO - Setting next_dagrun for example_subdag_operator.section-2 to None, run_after=None
[2024-05-25T22:03:57.374+0000] {processor.py:183} INFO - Processing /home/airflow/.local/lib/python3.12/site-packages/airflow/example_dags/example_subdag_operator.py took 0.174 seconds
[2024-05-25T22:04:27.875+0000] {processor.py:161} INFO - Started process (PID=375) to work on /home/airflow/.local/lib/python3.12/site-packages/airflow/example_dags/example_subdag_operator.py
[2024-05-25T22:04:27.877+0000] {processor.py:830} INFO - Processing file /home/airflow/.local/lib/python3.12/site-packages/airflow/example_dags/example_subdag_operator.py for tasks to queue
[2024-05-25T22:04:27.882+0000] {logging_mixin.py:188} INFO - [2024-05-25T22:04:27.881+0000] {dagbag.py:545} INFO - Filling up the DagBag from /home/airflow/.local/lib/python3.12/site-packages/airflow/example_dags/example_subdag_operator.py
[2024-05-25T22:04:27.910+0000] {processor.py:840} INFO - DAG(s) 'example_subdag_operator.section-1', 'example_subdag_operator.section-2', 'example_subdag_operator' retrieved from /home/airflow/.local/lib/python3.12/site-packages/airflow/example_dags/example_subdag_operator.py
[2024-05-25T22:04:27.930+0000] {logging_mixin.py:188} INFO - [2024-05-25T22:04:27.930+0000] {dag.py:3096} INFO - Sync 3 DAGs
[2024-05-25T22:04:27.957+0000] {logging_mixin.py:188} INFO - [2024-05-25T22:04:27.957+0000] {dag.py:3954} INFO - Setting next_dagrun for example_subdag_operator to 2022-01-01 00:00:00+00:00, run_after=2022-01-01 00:00:00+00:00
[2024-05-25T22:04:27.962+0000] {logging_mixin.py:188} INFO - [2024-05-25T22:04:27.962+0000] {dag.py:3954} INFO - Setting next_dagrun for example_subdag_operator.section-1 to None, run_after=None
[2024-05-25T22:04:27.964+0000] {logging_mixin.py:188} INFO - [2024-05-25T22:04:27.964+0000] {dag.py:3954} INFO - Setting next_dagrun for example_subdag_operator.section-2 to None, run_after=None
[2024-05-25T22:04:27.974+0000] {logging_mixin.py:188} INFO - [2024-05-25T22:04:27.974+0000] {dag.py:3096} INFO - Sync 2 DAGs
[2024-05-25T22:04:27.982+0000] {logging_mixin.py:188} INFO - [2024-05-25T22:04:27.982+0000] {dag.py:3954} INFO - Setting next_dagrun for example_subdag_operator.section-1 to None, run_after=None
[2024-05-25T22:04:27.983+0000] {logging_mixin.py:188} INFO - [2024-05-25T22:04:27.982+0000] {dag.py:3954} INFO - Setting next_dagrun for example_subdag_operator.section-2 to None, run_after=None
[2024-05-25T22:04:27.997+0000] {processor.py:183} INFO - Processing /home/airflow/.local/lib/python3.12/site-packages/airflow/example_dags/example_subdag_operator.py took 0.144 seconds
[2024-05-25T22:04:58.236+0000] {processor.py:161} INFO - Started process (PID=432) to work on /home/airflow/.local/lib/python3.12/site-packages/airflow/example_dags/example_subdag_operator.py
[2024-05-25T22:04:58.237+0000] {processor.py:830} INFO - Processing file /home/airflow/.local/lib/python3.12/site-packages/airflow/example_dags/example_subdag_operator.py for tasks to queue
[2024-05-25T22:04:58.241+0000] {logging_mixin.py:188} INFO - [2024-05-25T22:04:58.241+0000] {dagbag.py:545} INFO - Filling up the DagBag from /home/airflow/.local/lib/python3.12/site-packages/airflow/example_dags/example_subdag_operator.py
[2024-05-25T22:04:58.271+0000] {processor.py:840} INFO - DAG(s) 'example_subdag_operator.section-1', 'example_subdag_operator.section-2', 'example_subdag_operator' retrieved from /home/airflow/.local/lib/python3.12/site-packages/airflow/example_dags/example_subdag_operator.py
[2024-05-25T22:04:58.290+0000] {logging_mixin.py:188} INFO - [2024-05-25T22:04:58.290+0000] {dag.py:3096} INFO - Sync 3 DAGs
[2024-05-25T22:04:58.314+0000] {logging_mixin.py:188} INFO - [2024-05-25T22:04:58.314+0000] {dag.py:3954} INFO - Setting next_dagrun for example_subdag_operator to 2022-01-01 00:00:00+00:00, run_after=2022-01-01 00:00:00+00:00
[2024-05-25T22:04:58.318+0000] {logging_mixin.py:188} INFO - [2024-05-25T22:04:58.318+0000] {dag.py:3954} INFO - Setting next_dagrun for example_subdag_operator.section-1 to None, run_after=None
[2024-05-25T22:04:58.320+0000] {logging_mixin.py:188} INFO - [2024-05-25T22:04:58.319+0000] {dag.py:3954} INFO - Setting next_dagrun for example_subdag_operator.section-2 to None, run_after=None
[2024-05-25T22:04:58.328+0000] {logging_mixin.py:188} INFO - [2024-05-25T22:04:58.328+0000] {dag.py:3096} INFO - Sync 2 DAGs
[2024-05-25T22:04:58.334+0000] {logging_mixin.py:188} INFO - [2024-05-25T22:04:58.334+0000] {dag.py:3954} INFO - Setting next_dagrun for example_subdag_operator.section-1 to None, run_after=None
[2024-05-25T22:04:58.336+0000] {logging_mixin.py:188} INFO - [2024-05-25T22:04:58.335+0000] {dag.py:3954} INFO - Setting next_dagrun for example_subdag_operator.section-2 to None, run_after=None
[2024-05-25T22:04:58.347+0000] {processor.py:183} INFO - Processing /home/airflow/.local/lib/python3.12/site-packages/airflow/example_dags/example_subdag_operator.py took 0.120 seconds
[2024-05-25T22:05:28.662+0000] {processor.py:161} INFO - Started process (PID=490) to work on /home/airflow/.local/lib/python3.12/site-packages/airflow/example_dags/example_subdag_operator.py
[2024-05-25T22:05:28.664+0000] {processor.py:830} INFO - Processing file /home/airflow/.local/lib/python3.12/site-packages/airflow/example_dags/example_subdag_operator.py for tasks to queue
[2024-05-25T22:05:28.670+0000] {logging_mixin.py:188} INFO - [2024-05-25T22:05:28.669+0000] {dagbag.py:545} INFO - Filling up the DagBag from /home/airflow/.local/lib/python3.12/site-packages/airflow/example_dags/example_subdag_operator.py
[2024-05-25T22:05:28.709+0000] {processor.py:840} INFO - DAG(s) 'example_subdag_operator.section-1', 'example_subdag_operator.section-2', 'example_subdag_operator' retrieved from /home/airflow/.local/lib/python3.12/site-packages/airflow/example_dags/example_subdag_operator.py
[2024-05-25T22:05:28.730+0000] {logging_mixin.py:188} INFO - [2024-05-25T22:05:28.730+0000] {dag.py:3096} INFO - Sync 3 DAGs
[2024-05-25T22:05:28.758+0000] {logging_mixin.py:188} INFO - [2024-05-25T22:05:28.758+0000] {dag.py:3954} INFO - Setting next_dagrun for example_subdag_operator to 2022-01-01 00:00:00+00:00, run_after=2022-01-01 00:00:00+00:00
[2024-05-25T22:05:28.765+0000] {logging_mixin.py:188} INFO - [2024-05-25T22:05:28.765+0000] {dag.py:3954} INFO - Setting next_dagrun for example_subdag_operator.section-1 to None, run_after=None
[2024-05-25T22:05:28.767+0000] {logging_mixin.py:188} INFO - [2024-05-25T22:05:28.767+0000] {dag.py:3954} INFO - Setting next_dagrun for example_subdag_operator.section-2 to None, run_after=None
[2024-05-25T22:05:28.777+0000] {logging_mixin.py:188} INFO - [2024-05-25T22:05:28.777+0000] {dag.py:3096} INFO - Sync 2 DAGs
[2024-05-25T22:05:28.785+0000] {logging_mixin.py:188} INFO - [2024-05-25T22:05:28.785+0000] {dag.py:3954} INFO - Setting next_dagrun for example_subdag_operator.section-1 to None, run_after=None
[2024-05-25T22:05:28.786+0000] {logging_mixin.py:188} INFO - [2024-05-25T22:05:28.786+0000] {dag.py:3954} INFO - Setting next_dagrun for example_subdag_operator.section-2 to None, run_after=None
[2024-05-25T22:05:28.807+0000] {processor.py:183} INFO - Processing /home/airflow/.local/lib/python3.12/site-packages/airflow/example_dags/example_subdag_operator.py took 0.163 seconds
[2024-05-25T22:05:59.090+0000] {processor.py:161} INFO - Started process (PID=547) to work on /home/airflow/.local/lib/python3.12/site-packages/airflow/example_dags/example_subdag_operator.py
[2024-05-25T22:05:59.091+0000] {processor.py:830} INFO - Processing file /home/airflow/.local/lib/python3.12/site-packages/airflow/example_dags/example_subdag_operator.py for tasks to queue
[2024-05-25T22:05:59.095+0000] {logging_mixin.py:188} INFO - [2024-05-25T22:05:59.094+0000] {dagbag.py:545} INFO - Filling up the DagBag from /home/airflow/.local/lib/python3.12/site-packages/airflow/example_dags/example_subdag_operator.py
[2024-05-25T22:05:59.138+0000] {processor.py:840} INFO - DAG(s) 'example_subdag_operator.section-1', 'example_subdag_operator.section-2', 'example_subdag_operator' retrieved from /home/airflow/.local/lib/python3.12/site-packages/airflow/example_dags/example_subdag_operator.py
[2024-05-25T22:05:59.171+0000] {logging_mixin.py:188} INFO - [2024-05-25T22:05:59.171+0000] {dag.py:3096} INFO - Sync 3 DAGs
[2024-05-25T22:05:59.195+0000] {logging_mixin.py:188} INFO - [2024-05-25T22:05:59.195+0000] {dag.py:3954} INFO - Setting next_dagrun for example_subdag_operator to 2022-01-01 00:00:00+00:00, run_after=2022-01-01 00:00:00+00:00
[2024-05-25T22:05:59.201+0000] {logging_mixin.py:188} INFO - [2024-05-25T22:05:59.200+0000] {dag.py:3954} INFO - Setting next_dagrun for example_subdag_operator.section-1 to None, run_after=None
[2024-05-25T22:05:59.205+0000] {logging_mixin.py:188} INFO - [2024-05-25T22:05:59.204+0000] {dag.py:3954} INFO - Setting next_dagrun for example_subdag_operator.section-2 to None, run_after=None
[2024-05-25T22:05:59.214+0000] {logging_mixin.py:188} INFO - [2024-05-25T22:05:59.214+0000] {dag.py:3096} INFO - Sync 2 DAGs
[2024-05-25T22:05:59.221+0000] {logging_mixin.py:188} INFO - [2024-05-25T22:05:59.220+0000] {dag.py:3954} INFO - Setting next_dagrun for example_subdag_operator.section-1 to None, run_after=None
[2024-05-25T22:05:59.221+0000] {logging_mixin.py:188} INFO - [2024-05-25T22:05:59.221+0000] {dag.py:3954} INFO - Setting next_dagrun for example_subdag_operator.section-2 to None, run_after=None
[2024-05-25T22:05:59.232+0000] {processor.py:183} INFO - Processing /home/airflow/.local/lib/python3.12/site-packages/airflow/example_dags/example_subdag_operator.py took 0.158 seconds
[2024-05-25T22:06:29.565+0000] {processor.py:161} INFO - Started process (PID=604) to work on /home/airflow/.local/lib/python3.12/site-packages/airflow/example_dags/example_subdag_operator.py
[2024-05-25T22:06:29.567+0000] {processor.py:830} INFO - Processing file /home/airflow/.local/lib/python3.12/site-packages/airflow/example_dags/example_subdag_operator.py for tasks to queue
[2024-05-25T22:06:29.571+0000] {logging_mixin.py:188} INFO - [2024-05-25T22:06:29.570+0000] {dagbag.py:545} INFO - Filling up the DagBag from /home/airflow/.local/lib/python3.12/site-packages/airflow/example_dags/example_subdag_operator.py
[2024-05-25T22:06:29.621+0000] {processor.py:840} INFO - DAG(s) 'example_subdag_operator.section-1', 'example_subdag_operator.section-2', 'example_subdag_operator' retrieved from /home/airflow/.local/lib/python3.12/site-packages/airflow/example_dags/example_subdag_operator.py
[2024-05-25T22:06:29.648+0000] {logging_mixin.py:188} INFO - [2024-05-25T22:06:29.648+0000] {dag.py:3096} INFO - Sync 3 DAGs
[2024-05-25T22:06:29.675+0000] {logging_mixin.py:188} INFO - [2024-05-25T22:06:29.674+0000] {dag.py:3954} INFO - Setting next_dagrun for example_subdag_operator to 2022-01-01 00:00:00+00:00, run_after=2022-01-01 00:00:00+00:00
[2024-05-25T22:06:29.680+0000] {logging_mixin.py:188} INFO - [2024-05-25T22:06:29.679+0000] {dag.py:3954} INFO - Setting next_dagrun for example_subdag_operator.section-1 to None, run_after=None
[2024-05-25T22:06:29.681+0000] {logging_mixin.py:188} INFO - [2024-05-25T22:06:29.681+0000] {dag.py:3954} INFO - Setting next_dagrun for example_subdag_operator.section-2 to None, run_after=None
[2024-05-25T22:06:29.690+0000] {logging_mixin.py:188} INFO - [2024-05-25T22:06:29.690+0000] {dag.py:3096} INFO - Sync 2 DAGs
[2024-05-25T22:06:29.697+0000] {logging_mixin.py:188} INFO - [2024-05-25T22:06:29.697+0000] {dag.py:3954} INFO - Setting next_dagrun for example_subdag_operator.section-1 to None, run_after=None
[2024-05-25T22:06:29.698+0000] {logging_mixin.py:188} INFO - [2024-05-25T22:06:29.698+0000] {dag.py:3954} INFO - Setting next_dagrun for example_subdag_operator.section-2 to None, run_after=None
[2024-05-25T22:06:29.713+0000] {processor.py:183} INFO - Processing /home/airflow/.local/lib/python3.12/site-packages/airflow/example_dags/example_subdag_operator.py took 0.164 seconds
[2024-05-25T22:06:59.980+0000] {processor.py:161} INFO - Started process (PID=661) to work on /home/airflow/.local/lib/python3.12/site-packages/airflow/example_dags/example_subdag_operator.py
[2024-05-25T22:06:59.982+0000] {processor.py:830} INFO - Processing file /home/airflow/.local/lib/python3.12/site-packages/airflow/example_dags/example_subdag_operator.py for tasks to queue
[2024-05-25T22:06:59.987+0000] {logging_mixin.py:188} INFO - [2024-05-25T22:06:59.986+0000] {dagbag.py:545} INFO - Filling up the DagBag from /home/airflow/.local/lib/python3.12/site-packages/airflow/example_dags/example_subdag_operator.py
[2024-05-25T22:07:00.019+0000] {processor.py:840} INFO - DAG(s) 'example_subdag_operator.section-1', 'example_subdag_operator.section-2', 'example_subdag_operator' retrieved from /home/airflow/.local/lib/python3.12/site-packages/airflow/example_dags/example_subdag_operator.py
[2024-05-25T22:07:00.038+0000] {logging_mixin.py:188} INFO - [2024-05-25T22:07:00.038+0000] {dag.py:3096} INFO - Sync 3 DAGs
[2024-05-25T22:07:00.065+0000] {logging_mixin.py:188} INFO - [2024-05-25T22:07:00.065+0000] {dag.py:3954} INFO - Setting next_dagrun for example_subdag_operator to 2022-01-01 00:00:00+00:00, run_after=2022-01-01 00:00:00+00:00
[2024-05-25T22:07:00.070+0000] {logging_mixin.py:188} INFO - [2024-05-25T22:07:00.070+0000] {dag.py:3954} INFO - Setting next_dagrun for example_subdag_operator.section-1 to None, run_after=None
[2024-05-25T22:07:00.073+0000] {logging_mixin.py:188} INFO - [2024-05-25T22:07:00.072+0000] {dag.py:3954} INFO - Setting next_dagrun for example_subdag_operator.section-2 to None, run_after=None
[2024-05-25T22:07:00.090+0000] {logging_mixin.py:188} INFO - [2024-05-25T22:07:00.090+0000] {dag.py:3096} INFO - Sync 2 DAGs
[2024-05-25T22:07:00.107+0000] {logging_mixin.py:188} INFO - [2024-05-25T22:07:00.107+0000] {dag.py:3954} INFO - Setting next_dagrun for example_subdag_operator.section-1 to None, run_after=None
[2024-05-25T22:07:00.109+0000] {logging_mixin.py:188} INFO - [2024-05-25T22:07:00.108+0000] {dag.py:3954} INFO - Setting next_dagrun for example_subdag_operator.section-2 to None, run_after=None
[2024-05-25T22:07:00.123+0000] {processor.py:183} INFO - Processing /home/airflow/.local/lib/python3.12/site-packages/airflow/example_dags/example_subdag_operator.py took 0.159 seconds
[2024-05-25T22:07:30.600+0000] {processor.py:161} INFO - Started process (PID=719) to work on /home/airflow/.local/lib/python3.12/site-packages/airflow/example_dags/example_subdag_operator.py
[2024-05-25T22:07:30.602+0000] {processor.py:830} INFO - Processing file /home/airflow/.local/lib/python3.12/site-packages/airflow/example_dags/example_subdag_operator.py for tasks to queue
[2024-05-25T22:07:30.608+0000] {logging_mixin.py:188} INFO - [2024-05-25T22:07:30.607+0000] {dagbag.py:545} INFO - Filling up the DagBag from /home/airflow/.local/lib/python3.12/site-packages/airflow/example_dags/example_subdag_operator.py
[2024-05-25T22:07:30.648+0000] {processor.py:840} INFO - DAG(s) 'example_subdag_operator.section-1', 'example_subdag_operator.section-2', 'example_subdag_operator' retrieved from /home/airflow/.local/lib/python3.12/site-packages/airflow/example_dags/example_subdag_operator.py
[2024-05-25T22:07:30.670+0000] {logging_mixin.py:188} INFO - [2024-05-25T22:07:30.670+0000] {dag.py:3096} INFO - Sync 3 DAGs
[2024-05-25T22:07:30.694+0000] {logging_mixin.py:188} INFO - [2024-05-25T22:07:30.694+0000] {dag.py:3954} INFO - Setting next_dagrun for example_subdag_operator to 2022-01-01 00:00:00+00:00, run_after=2022-01-01 00:00:00+00:00
[2024-05-25T22:07:30.699+0000] {logging_mixin.py:188} INFO - [2024-05-25T22:07:30.699+0000] {dag.py:3954} INFO - Setting next_dagrun for example_subdag_operator.section-1 to None, run_after=None
[2024-05-25T22:07:30.701+0000] {logging_mixin.py:188} INFO - [2024-05-25T22:07:30.701+0000] {dag.py:3954} INFO - Setting next_dagrun for example_subdag_operator.section-2 to None, run_after=None
[2024-05-25T22:07:30.711+0000] {logging_mixin.py:188} INFO - [2024-05-25T22:07:30.711+0000] {dag.py:3096} INFO - Sync 2 DAGs
[2024-05-25T22:07:30.718+0000] {logging_mixin.py:188} INFO - [2024-05-25T22:07:30.718+0000] {dag.py:3954} INFO - Setting next_dagrun for example_subdag_operator.section-1 to None, run_after=None
[2024-05-25T22:07:30.720+0000] {logging_mixin.py:188} INFO - [2024-05-25T22:07:30.719+0000] {dag.py:3954} INFO - Setting next_dagrun for example_subdag_operator.section-2 to None, run_after=None
[2024-05-25T22:07:30.736+0000] {processor.py:183} INFO - Processing /home/airflow/.local/lib/python3.12/site-packages/airflow/example_dags/example_subdag_operator.py took 0.153 seconds
[2024-05-25T22:08:00.844+0000] {processor.py:161} INFO - Started process (PID=777) to work on /home/airflow/.local/lib/python3.12/site-packages/airflow/example_dags/example_subdag_operator.py
[2024-05-25T22:08:00.849+0000] {processor.py:830} INFO - Processing file /home/airflow/.local/lib/python3.12/site-packages/airflow/example_dags/example_subdag_operator.py for tasks to queue
[2024-05-25T22:08:00.856+0000] {logging_mixin.py:188} INFO - [2024-05-25T22:08:00.855+0000] {dagbag.py:545} INFO - Filling up the DagBag from /home/airflow/.local/lib/python3.12/site-packages/airflow/example_dags/example_subdag_operator.py
[2024-05-25T22:08:00.893+0000] {processor.py:840} INFO - DAG(s) 'example_subdag_operator.section-1', 'example_subdag_operator.section-2', 'example_subdag_operator' retrieved from /home/airflow/.local/lib/python3.12/site-packages/airflow/example_dags/example_subdag_operator.py
[2024-05-25T22:08:00.911+0000] {logging_mixin.py:188} INFO - [2024-05-25T22:08:00.911+0000] {dag.py:3096} INFO - Sync 3 DAGs
[2024-05-25T22:08:00.935+0000] {logging_mixin.py:188} INFO - [2024-05-25T22:08:00.934+0000] {dag.py:3954} INFO - Setting next_dagrun for example_subdag_operator to 2022-01-01 00:00:00+00:00, run_after=2022-01-01 00:00:00+00:00
[2024-05-25T22:08:00.940+0000] {logging_mixin.py:188} INFO - [2024-05-25T22:08:00.939+0000] {dag.py:3954} INFO - Setting next_dagrun for example_subdag_operator.section-1 to None, run_after=None
[2024-05-25T22:08:00.941+0000] {logging_mixin.py:188} INFO - [2024-05-25T22:08:00.941+0000] {dag.py:3954} INFO - Setting next_dagrun for example_subdag_operator.section-2 to None, run_after=None
[2024-05-25T22:08:00.949+0000] {logging_mixin.py:188} INFO - [2024-05-25T22:08:00.949+0000] {dag.py:3096} INFO - Sync 2 DAGs
[2024-05-25T22:08:00.956+0000] {logging_mixin.py:188} INFO - [2024-05-25T22:08:00.956+0000] {dag.py:3954} INFO - Setting next_dagrun for example_subdag_operator.section-1 to None, run_after=None
[2024-05-25T22:08:00.956+0000] {logging_mixin.py:188} INFO - [2024-05-25T22:08:00.956+0000] {dag.py:3954} INFO - Setting next_dagrun for example_subdag_operator.section-2 to None, run_after=None
[2024-05-25T22:08:00.967+0000] {processor.py:183} INFO - Processing /home/airflow/.local/lib/python3.12/site-packages/airflow/example_dags/example_subdag_operator.py took 0.138 seconds
[2024-05-25T22:08:31.218+0000] {processor.py:161} INFO - Started process (PID=835) to work on /home/airflow/.local/lib/python3.12/site-packages/airflow/example_dags/example_subdag_operator.py
[2024-05-25T22:08:31.220+0000] {processor.py:830} INFO - Processing file /home/airflow/.local/lib/python3.12/site-packages/airflow/example_dags/example_subdag_operator.py for tasks to queue
[2024-05-25T22:08:31.225+0000] {logging_mixin.py:188} INFO - [2024-05-25T22:08:31.224+0000] {dagbag.py:545} INFO - Filling up the DagBag from /home/airflow/.local/lib/python3.12/site-packages/airflow/example_dags/example_subdag_operator.py
[2024-05-25T22:08:31.260+0000] {processor.py:840} INFO - DAG(s) 'example_subdag_operator.section-1', 'example_subdag_operator.section-2', 'example_subdag_operator' retrieved from /home/airflow/.local/lib/python3.12/site-packages/airflow/example_dags/example_subdag_operator.py
[2024-05-25T22:08:31.281+0000] {logging_mixin.py:188} INFO - [2024-05-25T22:08:31.280+0000] {dag.py:3096} INFO - Sync 3 DAGs
[2024-05-25T22:08:31.308+0000] {logging_mixin.py:188} INFO - [2024-05-25T22:08:31.308+0000] {dag.py:3954} INFO - Setting next_dagrun for example_subdag_operator to 2022-01-01 00:00:00+00:00, run_after=2022-01-01 00:00:00+00:00
[2024-05-25T22:08:31.314+0000] {logging_mixin.py:188} INFO - [2024-05-25T22:08:31.313+0000] {dag.py:3954} INFO - Setting next_dagrun for example_subdag_operator.section-1 to None, run_after=None
[2024-05-25T22:08:31.316+0000] {logging_mixin.py:188} INFO - [2024-05-25T22:08:31.316+0000] {dag.py:3954} INFO - Setting next_dagrun for example_subdag_operator.section-2 to None, run_after=None
[2024-05-25T22:08:31.329+0000] {logging_mixin.py:188} INFO - [2024-05-25T22:08:31.329+0000] {dag.py:3096} INFO - Sync 2 DAGs
[2024-05-25T22:08:31.336+0000] {logging_mixin.py:188} INFO - [2024-05-25T22:08:31.336+0000] {dag.py:3954} INFO - Setting next_dagrun for example_subdag_operator.section-1 to None, run_after=None
[2024-05-25T22:08:31.338+0000] {logging_mixin.py:188} INFO - [2024-05-25T22:08:31.338+0000] {dag.py:3954} INFO - Setting next_dagrun for example_subdag_operator.section-2 to None, run_after=None
[2024-05-25T22:08:31.352+0000] {processor.py:183} INFO - Processing /home/airflow/.local/lib/python3.12/site-packages/airflow/example_dags/example_subdag_operator.py took 0.152 seconds
[2024-05-25T22:09:01.565+0000] {processor.py:161} INFO - Started process (PID=893) to work on /home/airflow/.local/lib/python3.12/site-packages/airflow/example_dags/example_subdag_operator.py
[2024-05-25T22:09:01.570+0000] {processor.py:830} INFO - Processing file /home/airflow/.local/lib/python3.12/site-packages/airflow/example_dags/example_subdag_operator.py for tasks to queue
[2024-05-25T22:09:01.575+0000] {logging_mixin.py:188} INFO - [2024-05-25T22:09:01.575+0000] {dagbag.py:545} INFO - Filling up the DagBag from /home/airflow/.local/lib/python3.12/site-packages/airflow/example_dags/example_subdag_operator.py
[2024-05-25T22:09:01.611+0000] {processor.py:840} INFO - DAG(s) 'example_subdag_operator.section-1', 'example_subdag_operator.section-2', 'example_subdag_operator' retrieved from /home/airflow/.local/lib/python3.12/site-packages/airflow/example_dags/example_subdag_operator.py
[2024-05-25T22:09:01.632+0000] {logging_mixin.py:188} INFO - [2024-05-25T22:09:01.631+0000] {dag.py:3096} INFO - Sync 3 DAGs
[2024-05-25T22:09:01.666+0000] {logging_mixin.py:188} INFO - [2024-05-25T22:09:01.665+0000] {dag.py:3954} INFO - Setting next_dagrun for example_subdag_operator to 2022-01-01 00:00:00+00:00, run_after=2022-01-01 00:00:00+00:00
[2024-05-25T22:09:01.672+0000] {logging_mixin.py:188} INFO - [2024-05-25T22:09:01.671+0000] {dag.py:3954} INFO - Setting next_dagrun for example_subdag_operator.section-1 to None, run_after=None
[2024-05-25T22:09:01.673+0000] {logging_mixin.py:188} INFO - [2024-05-25T22:09:01.673+0000] {dag.py:3954} INFO - Setting next_dagrun for example_subdag_operator.section-2 to None, run_after=None
[2024-05-25T22:09:01.682+0000] {logging_mixin.py:188} INFO - [2024-05-25T22:09:01.682+0000] {dag.py:3096} INFO - Sync 2 DAGs
[2024-05-25T22:09:01.690+0000] {logging_mixin.py:188} INFO - [2024-05-25T22:09:01.690+0000] {dag.py:3954} INFO - Setting next_dagrun for example_subdag_operator.section-1 to None, run_after=None
[2024-05-25T22:09:01.691+0000] {logging_mixin.py:188} INFO - [2024-05-25T22:09:01.691+0000] {dag.py:3954} INFO - Setting next_dagrun for example_subdag_operator.section-2 to None, run_after=None
[2024-05-25T22:09:01.704+0000] {processor.py:183} INFO - Processing /home/airflow/.local/lib/python3.12/site-packages/airflow/example_dags/example_subdag_operator.py took 0.155 seconds
[2024-05-25T22:09:32.577+0000] {processor.py:161} INFO - Started process (PID=950) to work on /home/airflow/.local/lib/python3.12/site-packages/airflow/example_dags/example_subdag_operator.py
[2024-05-25T22:09:32.579+0000] {processor.py:830} INFO - Processing file /home/airflow/.local/lib/python3.12/site-packages/airflow/example_dags/example_subdag_operator.py for tasks to queue
[2024-05-25T22:09:32.584+0000] {logging_mixin.py:188} INFO - [2024-05-25T22:09:32.583+0000] {dagbag.py:545} INFO - Filling up the DagBag from /home/airflow/.local/lib/python3.12/site-packages/airflow/example_dags/example_subdag_operator.py
[2024-05-25T22:09:32.624+0000] {processor.py:840} INFO - DAG(s) 'example_subdag_operator.section-1', 'example_subdag_operator.section-2', 'example_subdag_operator' retrieved from /home/airflow/.local/lib/python3.12/site-packages/airflow/example_dags/example_subdag_operator.py
[2024-05-25T22:09:32.659+0000] {logging_mixin.py:188} INFO - [2024-05-25T22:09:32.659+0000] {dag.py:3096} INFO - Sync 3 DAGs
[2024-05-25T22:09:32.686+0000] {logging_mixin.py:188} INFO - [2024-05-25T22:09:32.686+0000] {dag.py:3954} INFO - Setting next_dagrun for example_subdag_operator to 2022-01-01 00:00:00+00:00, run_after=2022-01-01 00:00:00+00:00
[2024-05-25T22:09:32.692+0000] {logging_mixin.py:188} INFO - [2024-05-25T22:09:32.692+0000] {dag.py:3954} INFO - Setting next_dagrun for example_subdag_operator.section-1 to None, run_after=None
[2024-05-25T22:09:32.698+0000] {logging_mixin.py:188} INFO - [2024-05-25T22:09:32.698+0000] {dag.py:3954} INFO - Setting next_dagrun for example_subdag_operator.section-2 to None, run_after=None
[2024-05-25T22:09:32.717+0000] {logging_mixin.py:188} INFO - [2024-05-25T22:09:32.717+0000] {dag.py:3096} INFO - Sync 2 DAGs
[2024-05-25T22:09:32.726+0000] {logging_mixin.py:188} INFO - [2024-05-25T22:09:32.725+0000] {dag.py:3954} INFO - Setting next_dagrun for example_subdag_operator.section-1 to None, run_after=None
[2024-05-25T22:09:32.726+0000] {logging_mixin.py:188} INFO - [2024-05-25T22:09:32.726+0000] {dag.py:3954} INFO - Setting next_dagrun for example_subdag_operator.section-2 to None, run_after=None
[2024-05-25T22:09:32.739+0000] {processor.py:183} INFO - Processing /home/airflow/.local/lib/python3.12/site-packages/airflow/example_dags/example_subdag_operator.py took 0.176 seconds
[2024-05-25T22:10:03.219+0000] {processor.py:161} INFO - Started process (PID=1008) to work on /home/airflow/.local/lib/python3.12/site-packages/airflow/example_dags/example_subdag_operator.py
[2024-05-25T22:10:03.221+0000] {processor.py:830} INFO - Processing file /home/airflow/.local/lib/python3.12/site-packages/airflow/example_dags/example_subdag_operator.py for tasks to queue
[2024-05-25T22:10:03.227+0000] {logging_mixin.py:188} INFO - [2024-05-25T22:10:03.226+0000] {dagbag.py:545} INFO - Filling up the DagBag from /home/airflow/.local/lib/python3.12/site-packages/airflow/example_dags/example_subdag_operator.py
[2024-05-25T22:10:03.266+0000] {processor.py:840} INFO - DAG(s) 'example_subdag_operator.section-1', 'example_subdag_operator.section-2', 'example_subdag_operator' retrieved from /home/airflow/.local/lib/python3.12/site-packages/airflow/example_dags/example_subdag_operator.py
[2024-05-25T22:10:03.286+0000] {logging_mixin.py:188} INFO - [2024-05-25T22:10:03.286+0000] {dag.py:3096} INFO - Sync 3 DAGs
[2024-05-25T22:10:03.314+0000] {logging_mixin.py:188} INFO - [2024-05-25T22:10:03.314+0000] {dag.py:3954} INFO - Setting next_dagrun for example_subdag_operator to 2022-01-01 00:00:00+00:00, run_after=2022-01-01 00:00:00+00:00
[2024-05-25T22:10:03.319+0000] {logging_mixin.py:188} INFO - [2024-05-25T22:10:03.319+0000] {dag.py:3954} INFO - Setting next_dagrun for example_subdag_operator.section-1 to None, run_after=None
[2024-05-25T22:10:03.320+0000] {logging_mixin.py:188} INFO - [2024-05-25T22:10:03.320+0000] {dag.py:3954} INFO - Setting next_dagrun for example_subdag_operator.section-2 to None, run_after=None
[2024-05-25T22:10:03.334+0000] {logging_mixin.py:188} INFO - [2024-05-25T22:10:03.334+0000] {dag.py:3096} INFO - Sync 2 DAGs
[2024-05-25T22:10:03.343+0000] {logging_mixin.py:188} INFO - [2024-05-25T22:10:03.342+0000] {dag.py:3954} INFO - Setting next_dagrun for example_subdag_operator.section-1 to None, run_after=None
[2024-05-25T22:10:03.346+0000] {logging_mixin.py:188} INFO - [2024-05-25T22:10:03.345+0000] {dag.py:3954} INFO - Setting next_dagrun for example_subdag_operator.section-2 to None, run_after=None
[2024-05-25T22:10:03.357+0000] {processor.py:183} INFO - Processing /home/airflow/.local/lib/python3.12/site-packages/airflow/example_dags/example_subdag_operator.py took 0.158 seconds
[2024-05-25T22:10:33.591+0000] {processor.py:161} INFO - Started process (PID=1066) to work on /home/airflow/.local/lib/python3.12/site-packages/airflow/example_dags/example_subdag_operator.py
[2024-05-25T22:10:33.596+0000] {processor.py:830} INFO - Processing file /home/airflow/.local/lib/python3.12/site-packages/airflow/example_dags/example_subdag_operator.py for tasks to queue
[2024-05-25T22:10:33.603+0000] {logging_mixin.py:188} INFO - [2024-05-25T22:10:33.602+0000] {dagbag.py:545} INFO - Filling up the DagBag from /home/airflow/.local/lib/python3.12/site-packages/airflow/example_dags/example_subdag_operator.py
[2024-05-25T22:10:33.642+0000] {processor.py:840} INFO - DAG(s) 'example_subdag_operator.section-1', 'example_subdag_operator.section-2', 'example_subdag_operator' retrieved from /home/airflow/.local/lib/python3.12/site-packages/airflow/example_dags/example_subdag_operator.py
[2024-05-25T22:10:33.660+0000] {logging_mixin.py:188} INFO - [2024-05-25T22:10:33.659+0000] {dag.py:3096} INFO - Sync 3 DAGs
[2024-05-25T22:10:33.692+0000] {logging_mixin.py:188} INFO - [2024-05-25T22:10:33.692+0000] {dag.py:3954} INFO - Setting next_dagrun for example_subdag_operator to 2022-01-01 00:00:00+00:00, run_after=2022-01-01 00:00:00+00:00
[2024-05-25T22:10:33.698+0000] {logging_mixin.py:188} INFO - [2024-05-25T22:10:33.698+0000] {dag.py:3954} INFO - Setting next_dagrun for example_subdag_operator.section-1 to None, run_after=None
[2024-05-25T22:10:33.699+0000] {logging_mixin.py:188} INFO - [2024-05-25T22:10:33.699+0000] {dag.py:3954} INFO - Setting next_dagrun for example_subdag_operator.section-2 to None, run_after=None
[2024-05-25T22:10:33.710+0000] {logging_mixin.py:188} INFO - [2024-05-25T22:10:33.709+0000] {dag.py:3096} INFO - Sync 2 DAGs
[2024-05-25T22:10:33.716+0000] {logging_mixin.py:188} INFO - [2024-05-25T22:10:33.716+0000] {dag.py:3954} INFO - Setting next_dagrun for example_subdag_operator.section-1 to None, run_after=None
[2024-05-25T22:10:33.717+0000] {logging_mixin.py:188} INFO - [2024-05-25T22:10:33.716+0000] {dag.py:3954} INFO - Setting next_dagrun for example_subdag_operator.section-2 to None, run_after=None
[2024-05-25T22:10:33.729+0000] {processor.py:183} INFO - Processing /home/airflow/.local/lib/python3.12/site-packages/airflow/example_dags/example_subdag_operator.py took 0.154 seconds
[2024-05-25T22:11:04.196+0000] {processor.py:161} INFO - Started process (PID=1123) to work on /home/airflow/.local/lib/python3.12/site-packages/airflow/example_dags/example_subdag_operator.py
[2024-05-25T22:11:04.200+0000] {processor.py:830} INFO - Processing file /home/airflow/.local/lib/python3.12/site-packages/airflow/example_dags/example_subdag_operator.py for tasks to queue
[2024-05-25T22:11:04.204+0000] {logging_mixin.py:188} INFO - [2024-05-25T22:11:04.203+0000] {dagbag.py:545} INFO - Filling up the DagBag from /home/airflow/.local/lib/python3.12/site-packages/airflow/example_dags/example_subdag_operator.py
[2024-05-25T22:11:04.247+0000] {processor.py:840} INFO - DAG(s) 'example_subdag_operator.section-1', 'example_subdag_operator.section-2', 'example_subdag_operator' retrieved from /home/airflow/.local/lib/python3.12/site-packages/airflow/example_dags/example_subdag_operator.py
[2024-05-25T22:11:04.264+0000] {logging_mixin.py:188} INFO - [2024-05-25T22:11:04.264+0000] {dag.py:3096} INFO - Sync 3 DAGs
[2024-05-25T22:11:04.290+0000] {logging_mixin.py:188} INFO - [2024-05-25T22:11:04.290+0000] {dag.py:3954} INFO - Setting next_dagrun for example_subdag_operator to 2022-01-01 00:00:00+00:00, run_after=2022-01-01 00:00:00+00:00
[2024-05-25T22:11:04.298+0000] {logging_mixin.py:188} INFO - [2024-05-25T22:11:04.298+0000] {dag.py:3954} INFO - Setting next_dagrun for example_subdag_operator.section-1 to None, run_after=None
[2024-05-25T22:11:04.300+0000] {logging_mixin.py:188} INFO - [2024-05-25T22:11:04.300+0000] {dag.py:3954} INFO - Setting next_dagrun for example_subdag_operator.section-2 to None, run_after=None
[2024-05-25T22:11:04.309+0000] {logging_mixin.py:188} INFO - [2024-05-25T22:11:04.308+0000] {dag.py:3096} INFO - Sync 2 DAGs
[2024-05-25T22:11:04.317+0000] {logging_mixin.py:188} INFO - [2024-05-25T22:11:04.317+0000] {dag.py:3954} INFO - Setting next_dagrun for example_subdag_operator.section-1 to None, run_after=None
[2024-05-25T22:11:04.318+0000] {logging_mixin.py:188} INFO - [2024-05-25T22:11:04.317+0000] {dag.py:3954} INFO - Setting next_dagrun for example_subdag_operator.section-2 to None, run_after=None
[2024-05-25T22:11:04.329+0000] {processor.py:183} INFO - Processing /home/airflow/.local/lib/python3.12/site-packages/airflow/example_dags/example_subdag_operator.py took 0.139 seconds
[2024-05-25T22:11:34.643+0000] {processor.py:161} INFO - Started process (PID=1180) to work on /home/airflow/.local/lib/python3.12/site-packages/airflow/example_dags/example_subdag_operator.py
[2024-05-25T22:11:34.644+0000] {processor.py:830} INFO - Processing file /home/airflow/.local/lib/python3.12/site-packages/airflow/example_dags/example_subdag_operator.py for tasks to queue
[2024-05-25T22:11:34.647+0000] {logging_mixin.py:188} INFO - [2024-05-25T22:11:34.646+0000] {dagbag.py:545} INFO - Filling up the DagBag from /home/airflow/.local/lib/python3.12/site-packages/airflow/example_dags/example_subdag_operator.py
[2024-05-25T22:11:34.678+0000] {processor.py:840} INFO - DAG(s) 'example_subdag_operator.section-1', 'example_subdag_operator.section-2', 'example_subdag_operator' retrieved from /home/airflow/.local/lib/python3.12/site-packages/airflow/example_dags/example_subdag_operator.py
[2024-05-25T22:11:34.701+0000] {logging_mixin.py:188} INFO - [2024-05-25T22:11:34.700+0000] {dag.py:3096} INFO - Sync 3 DAGs
[2024-05-25T22:11:34.759+0000] {logging_mixin.py:188} INFO - [2024-05-25T22:11:34.759+0000] {dag.py:3954} INFO - Setting next_dagrun for example_subdag_operator to 2022-01-01 00:00:00+00:00, run_after=2022-01-01 00:00:00+00:00
[2024-05-25T22:11:34.764+0000] {logging_mixin.py:188} INFO - [2024-05-25T22:11:34.764+0000] {dag.py:3954} INFO - Setting next_dagrun for example_subdag_operator.section-1 to None, run_after=None
[2024-05-25T22:11:34.767+0000] {logging_mixin.py:188} INFO - [2024-05-25T22:11:34.767+0000] {dag.py:3954} INFO - Setting next_dagrun for example_subdag_operator.section-2 to None, run_after=None
[2024-05-25T22:11:34.777+0000] {logging_mixin.py:188} INFO - [2024-05-25T22:11:34.776+0000] {dag.py:3096} INFO - Sync 2 DAGs
[2024-05-25T22:11:34.783+0000] {logging_mixin.py:188} INFO - [2024-05-25T22:11:34.783+0000] {dag.py:3954} INFO - Setting next_dagrun for example_subdag_operator.section-1 to None, run_after=None
[2024-05-25T22:11:34.784+0000] {logging_mixin.py:188} INFO - [2024-05-25T22:11:34.784+0000] {dag.py:3954} INFO - Setting next_dagrun for example_subdag_operator.section-2 to None, run_after=None
[2024-05-25T22:11:34.798+0000] {processor.py:183} INFO - Processing /home/airflow/.local/lib/python3.12/site-packages/airflow/example_dags/example_subdag_operator.py took 0.172 seconds
[2024-05-25T22:12:05.234+0000] {processor.py:161} INFO - Started process (PID=1238) to work on /home/airflow/.local/lib/python3.12/site-packages/airflow/example_dags/example_subdag_operator.py
[2024-05-25T22:12:05.236+0000] {processor.py:830} INFO - Processing file /home/airflow/.local/lib/python3.12/site-packages/airflow/example_dags/example_subdag_operator.py for tasks to queue
[2024-05-25T22:12:05.245+0000] {logging_mixin.py:188} INFO - [2024-05-25T22:12:05.243+0000] {dagbag.py:545} INFO - Filling up the DagBag from /home/airflow/.local/lib/python3.12/site-packages/airflow/example_dags/example_subdag_operator.py
[2024-05-25T22:12:05.287+0000] {processor.py:840} INFO - DAG(s) 'example_subdag_operator.section-1', 'example_subdag_operator.section-2', 'example_subdag_operator' retrieved from /home/airflow/.local/lib/python3.12/site-packages/airflow/example_dags/example_subdag_operator.py
[2024-05-25T22:12:05.312+0000] {logging_mixin.py:188} INFO - [2024-05-25T22:12:05.312+0000] {dag.py:3096} INFO - Sync 3 DAGs
[2024-05-25T22:12:05.349+0000] {logging_mixin.py:188} INFO - [2024-05-25T22:12:05.348+0000] {dag.py:3954} INFO - Setting next_dagrun for example_subdag_operator to 2022-01-01 00:00:00+00:00, run_after=2022-01-01 00:00:00+00:00
[2024-05-25T22:12:05.354+0000] {logging_mixin.py:188} INFO - [2024-05-25T22:12:05.354+0000] {dag.py:3954} INFO - Setting next_dagrun for example_subdag_operator.section-1 to None, run_after=None
[2024-05-25T22:12:05.356+0000] {logging_mixin.py:188} INFO - [2024-05-25T22:12:05.355+0000] {dag.py:3954} INFO - Setting next_dagrun for example_subdag_operator.section-2 to None, run_after=None
[2024-05-25T22:12:05.366+0000] {logging_mixin.py:188} INFO - [2024-05-25T22:12:05.366+0000] {dag.py:3096} INFO - Sync 2 DAGs
[2024-05-25T22:12:05.375+0000] {logging_mixin.py:188} INFO - [2024-05-25T22:12:05.374+0000] {dag.py:3954} INFO - Setting next_dagrun for example_subdag_operator.section-1 to None, run_after=None
[2024-05-25T22:12:05.375+0000] {logging_mixin.py:188} INFO - [2024-05-25T22:12:05.375+0000] {dag.py:3954} INFO - Setting next_dagrun for example_subdag_operator.section-2 to None, run_after=None
[2024-05-25T22:12:05.391+0000] {processor.py:183} INFO - Processing /home/airflow/.local/lib/python3.12/site-packages/airflow/example_dags/example_subdag_operator.py took 0.176 seconds
[2024-05-25T22:12:35.849+0000] {processor.py:161} INFO - Started process (PID=1295) to work on /home/airflow/.local/lib/python3.12/site-packages/airflow/example_dags/example_subdag_operator.py
[2024-05-25T22:12:35.850+0000] {processor.py:830} INFO - Processing file /home/airflow/.local/lib/python3.12/site-packages/airflow/example_dags/example_subdag_operator.py for tasks to queue
[2024-05-25T22:12:35.854+0000] {logging_mixin.py:188} INFO - [2024-05-25T22:12:35.853+0000] {dagbag.py:545} INFO - Filling up the DagBag from /home/airflow/.local/lib/python3.12/site-packages/airflow/example_dags/example_subdag_operator.py
[2024-05-25T22:12:35.909+0000] {processor.py:840} INFO - DAG(s) 'example_subdag_operator.section-1', 'example_subdag_operator.section-2', 'example_subdag_operator' retrieved from /home/airflow/.local/lib/python3.12/site-packages/airflow/example_dags/example_subdag_operator.py
[2024-05-25T22:12:35.936+0000] {logging_mixin.py:188} INFO - [2024-05-25T22:12:35.936+0000] {dag.py:3096} INFO - Sync 3 DAGs
[2024-05-25T22:12:35.967+0000] {logging_mixin.py:188} INFO - [2024-05-25T22:12:35.967+0000] {dag.py:3954} INFO - Setting next_dagrun for example_subdag_operator to 2022-01-01 00:00:00+00:00, run_after=2022-01-01 00:00:00+00:00
[2024-05-25T22:12:35.973+0000] {logging_mixin.py:188} INFO - [2024-05-25T22:12:35.973+0000] {dag.py:3954} INFO - Setting next_dagrun for example_subdag_operator.section-1 to None, run_after=None
[2024-05-25T22:12:35.976+0000] {logging_mixin.py:188} INFO - [2024-05-25T22:12:35.975+0000] {dag.py:3954} INFO - Setting next_dagrun for example_subdag_operator.section-2 to None, run_after=None
[2024-05-25T22:12:35.986+0000] {logging_mixin.py:188} INFO - [2024-05-25T22:12:35.985+0000] {dag.py:3096} INFO - Sync 2 DAGs
[2024-05-25T22:12:35.995+0000] {logging_mixin.py:188} INFO - [2024-05-25T22:12:35.994+0000] {dag.py:3954} INFO - Setting next_dagrun for example_subdag_operator.section-1 to None, run_after=None
[2024-05-25T22:12:35.995+0000] {logging_mixin.py:188} INFO - [2024-05-25T22:12:35.995+0000] {dag.py:3954} INFO - Setting next_dagrun for example_subdag_operator.section-2 to None, run_after=None
[2024-05-25T22:12:36.011+0000] {processor.py:183} INFO - Processing /home/airflow/.local/lib/python3.12/site-packages/airflow/example_dags/example_subdag_operator.py took 0.172 seconds
[2024-05-25T22:13:06.364+0000] {processor.py:161} INFO - Started process (PID=1368) to work on /home/airflow/.local/lib/python3.12/site-packages/airflow/example_dags/example_subdag_operator.py
[2024-05-25T22:13:06.366+0000] {processor.py:830} INFO - Processing file /home/airflow/.local/lib/python3.12/site-packages/airflow/example_dags/example_subdag_operator.py for tasks to queue
[2024-05-25T22:13:06.371+0000] {logging_mixin.py:188} INFO - [2024-05-25T22:13:06.370+0000] {dagbag.py:545} INFO - Filling up the DagBag from /home/airflow/.local/lib/python3.12/site-packages/airflow/example_dags/example_subdag_operator.py
[2024-05-25T22:13:06.427+0000] {processor.py:840} INFO - DAG(s) 'example_subdag_operator.section-1', 'example_subdag_operator.section-2', 'example_subdag_operator' retrieved from /home/airflow/.local/lib/python3.12/site-packages/airflow/example_dags/example_subdag_operator.py
[2024-05-25T22:13:06.445+0000] {logging_mixin.py:188} INFO - [2024-05-25T22:13:06.445+0000] {dag.py:3096} INFO - Sync 3 DAGs
[2024-05-25T22:13:06.476+0000] {logging_mixin.py:188} INFO - [2024-05-25T22:13:06.475+0000] {dag.py:3954} INFO - Setting next_dagrun for example_subdag_operator to 2022-01-01 00:00:00+00:00, run_after=2022-01-01 00:00:00+00:00
[2024-05-25T22:13:06.480+0000] {logging_mixin.py:188} INFO - [2024-05-25T22:13:06.480+0000] {dag.py:3954} INFO - Setting next_dagrun for example_subdag_operator.section-1 to None, run_after=None
[2024-05-25T22:13:06.482+0000] {logging_mixin.py:188} INFO - [2024-05-25T22:13:06.482+0000] {dag.py:3954} INFO - Setting next_dagrun for example_subdag_operator.section-2 to None, run_after=None
[2024-05-25T22:13:06.492+0000] {logging_mixin.py:188} INFO - [2024-05-25T22:13:06.492+0000] {dag.py:3096} INFO - Sync 2 DAGs
[2024-05-25T22:13:06.501+0000] {logging_mixin.py:188} INFO - [2024-05-25T22:13:06.500+0000] {dag.py:3954} INFO - Setting next_dagrun for example_subdag_operator.section-1 to None, run_after=None
[2024-05-25T22:13:06.501+0000] {logging_mixin.py:188} INFO - [2024-05-25T22:13:06.501+0000] {dag.py:3954} INFO - Setting next_dagrun for example_subdag_operator.section-2 to None, run_after=None
[2024-05-25T22:13:06.516+0000] {processor.py:183} INFO - Processing /home/airflow/.local/lib/python3.12/site-packages/airflow/example_dags/example_subdag_operator.py took 0.159 seconds
[2024-05-25T22:13:36.920+0000] {processor.py:161} INFO - Started process (PID=1426) to work on /home/airflow/.local/lib/python3.12/site-packages/airflow/example_dags/example_subdag_operator.py
[2024-05-25T22:13:36.924+0000] {processor.py:830} INFO - Processing file /home/airflow/.local/lib/python3.12/site-packages/airflow/example_dags/example_subdag_operator.py for tasks to queue
[2024-05-25T22:13:36.930+0000] {logging_mixin.py:188} INFO - [2024-05-25T22:13:36.929+0000] {dagbag.py:545} INFO - Filling up the DagBag from /home/airflow/.local/lib/python3.12/site-packages/airflow/example_dags/example_subdag_operator.py
[2024-05-25T22:13:36.970+0000] {processor.py:840} INFO - DAG(s) 'example_subdag_operator.section-1', 'example_subdag_operator.section-2', 'example_subdag_operator' retrieved from /home/airflow/.local/lib/python3.12/site-packages/airflow/example_dags/example_subdag_operator.py
[2024-05-25T22:13:36.988+0000] {logging_mixin.py:188} INFO - [2024-05-25T22:13:36.988+0000] {dag.py:3096} INFO - Sync 3 DAGs
[2024-05-25T22:13:37.013+0000] {logging_mixin.py:188} INFO - [2024-05-25T22:13:37.013+0000] {dag.py:3954} INFO - Setting next_dagrun for example_subdag_operator to 2022-01-01 00:00:00+00:00, run_after=2022-01-01 00:00:00+00:00
[2024-05-25T22:13:37.018+0000] {logging_mixin.py:188} INFO - [2024-05-25T22:13:37.018+0000] {dag.py:3954} INFO - Setting next_dagrun for example_subdag_operator.section-1 to None, run_after=None
[2024-05-25T22:13:37.020+0000] {logging_mixin.py:188} INFO - [2024-05-25T22:13:37.020+0000] {dag.py:3954} INFO - Setting next_dagrun for example_subdag_operator.section-2 to None, run_after=None
[2024-05-25T22:13:37.027+0000] {logging_mixin.py:188} INFO - [2024-05-25T22:13:37.027+0000] {dag.py:3096} INFO - Sync 2 DAGs
[2024-05-25T22:13:37.033+0000] {logging_mixin.py:188} INFO - [2024-05-25T22:13:37.033+0000] {dag.py:3954} INFO - Setting next_dagrun for example_subdag_operator.section-1 to None, run_after=None
[2024-05-25T22:13:37.034+0000] {logging_mixin.py:188} INFO - [2024-05-25T22:13:37.034+0000] {dag.py:3954} INFO - Setting next_dagrun for example_subdag_operator.section-2 to None, run_after=None
[2024-05-25T22:13:37.048+0000] {processor.py:183} INFO - Processing /home/airflow/.local/lib/python3.12/site-packages/airflow/example_dags/example_subdag_operator.py took 0.140 seconds
[2024-05-25T22:14:07.116+0000] {processor.py:161} INFO - Started process (PID=1484) to work on /home/airflow/.local/lib/python3.12/site-packages/airflow/example_dags/example_subdag_operator.py
[2024-05-25T22:14:07.119+0000] {processor.py:830} INFO - Processing file /home/airflow/.local/lib/python3.12/site-packages/airflow/example_dags/example_subdag_operator.py for tasks to queue
[2024-05-25T22:14:07.126+0000] {logging_mixin.py:188} INFO - [2024-05-25T22:14:07.125+0000] {dagbag.py:545} INFO - Filling up the DagBag from /home/airflow/.local/lib/python3.12/site-packages/airflow/example_dags/example_subdag_operator.py
[2024-05-25T22:14:07.167+0000] {processor.py:840} INFO - DAG(s) 'example_subdag_operator.section-1', 'example_subdag_operator.section-2', 'example_subdag_operator' retrieved from /home/airflow/.local/lib/python3.12/site-packages/airflow/example_dags/example_subdag_operator.py
[2024-05-25T22:14:07.188+0000] {logging_mixin.py:188} INFO - [2024-05-25T22:14:07.187+0000] {dag.py:3096} INFO - Sync 3 DAGs
[2024-05-25T22:14:07.218+0000] {logging_mixin.py:188} INFO - [2024-05-25T22:14:07.218+0000] {dag.py:3954} INFO - Setting next_dagrun for example_subdag_operator to 2022-01-01 00:00:00+00:00, run_after=2022-01-01 00:00:00+00:00
[2024-05-25T22:14:07.225+0000] {logging_mixin.py:188} INFO - [2024-05-25T22:14:07.224+0000] {dag.py:3954} INFO - Setting next_dagrun for example_subdag_operator.section-1 to None, run_after=None
[2024-05-25T22:14:07.227+0000] {logging_mixin.py:188} INFO - [2024-05-25T22:14:07.227+0000] {dag.py:3954} INFO - Setting next_dagrun for example_subdag_operator.section-2 to None, run_after=None
[2024-05-25T22:14:07.239+0000] {logging_mixin.py:188} INFO - [2024-05-25T22:14:07.238+0000] {dag.py:3096} INFO - Sync 2 DAGs
[2024-05-25T22:14:07.247+0000] {logging_mixin.py:188} INFO - [2024-05-25T22:14:07.247+0000] {dag.py:3954} INFO - Setting next_dagrun for example_subdag_operator.section-1 to None, run_after=None
[2024-05-25T22:14:07.248+0000] {logging_mixin.py:188} INFO - [2024-05-25T22:14:07.247+0000] {dag.py:3954} INFO - Setting next_dagrun for example_subdag_operator.section-2 to None, run_after=None
[2024-05-25T22:14:07.260+0000] {processor.py:183} INFO - Processing /home/airflow/.local/lib/python3.12/site-packages/airflow/example_dags/example_subdag_operator.py took 0.159 seconds
[2024-05-25T22:14:37.378+0000] {processor.py:161} INFO - Started process (PID=1542) to work on /home/airflow/.local/lib/python3.12/site-packages/airflow/example_dags/example_subdag_operator.py
[2024-05-25T22:14:37.380+0000] {processor.py:830} INFO - Processing file /home/airflow/.local/lib/python3.12/site-packages/airflow/example_dags/example_subdag_operator.py for tasks to queue
[2024-05-25T22:14:37.387+0000] {logging_mixin.py:188} INFO - [2024-05-25T22:14:37.386+0000] {dagbag.py:545} INFO - Filling up the DagBag from /home/airflow/.local/lib/python3.12/site-packages/airflow/example_dags/example_subdag_operator.py
[2024-05-25T22:14:37.423+0000] {processor.py:840} INFO - DAG(s) 'example_subdag_operator.section-1', 'example_subdag_operator.section-2', 'example_subdag_operator' retrieved from /home/airflow/.local/lib/python3.12/site-packages/airflow/example_dags/example_subdag_operator.py
[2024-05-25T22:14:37.442+0000] {logging_mixin.py:188} INFO - [2024-05-25T22:14:37.441+0000] {dag.py:3096} INFO - Sync 3 DAGs
[2024-05-25T22:14:37.467+0000] {logging_mixin.py:188} INFO - [2024-05-25T22:14:37.466+0000] {dag.py:3954} INFO - Setting next_dagrun for example_subdag_operator to 2022-01-01 00:00:00+00:00, run_after=2022-01-01 00:00:00+00:00
[2024-05-25T22:14:37.471+0000] {logging_mixin.py:188} INFO - [2024-05-25T22:14:37.471+0000] {dag.py:3954} INFO - Setting next_dagrun for example_subdag_operator.section-1 to None, run_after=None
[2024-05-25T22:14:37.473+0000] {logging_mixin.py:188} INFO - [2024-05-25T22:14:37.473+0000] {dag.py:3954} INFO - Setting next_dagrun for example_subdag_operator.section-2 to None, run_after=None
[2024-05-25T22:14:37.481+0000] {logging_mixin.py:188} INFO - [2024-05-25T22:14:37.481+0000] {dag.py:3096} INFO - Sync 2 DAGs
[2024-05-25T22:14:37.489+0000] {logging_mixin.py:188} INFO - [2024-05-25T22:14:37.489+0000] {dag.py:3954} INFO - Setting next_dagrun for example_subdag_operator.section-1 to None, run_after=None
[2024-05-25T22:14:37.490+0000] {logging_mixin.py:188} INFO - [2024-05-25T22:14:37.489+0000] {dag.py:3954} INFO - Setting next_dagrun for example_subdag_operator.section-2 to None, run_after=None
[2024-05-25T22:14:37.503+0000] {processor.py:183} INFO - Processing /home/airflow/.local/lib/python3.12/site-packages/airflow/example_dags/example_subdag_operator.py took 0.139 seconds
[2024-05-25T22:15:07.708+0000] {processor.py:161} INFO - Started process (PID=1601) to work on /home/airflow/.local/lib/python3.12/site-packages/airflow/example_dags/example_subdag_operator.py
[2024-05-25T22:15:07.710+0000] {processor.py:830} INFO - Processing file /home/airflow/.local/lib/python3.12/site-packages/airflow/example_dags/example_subdag_operator.py for tasks to queue
[2024-05-25T22:15:07.715+0000] {logging_mixin.py:188} INFO - [2024-05-25T22:15:07.714+0000] {dagbag.py:545} INFO - Filling up the DagBag from /home/airflow/.local/lib/python3.12/site-packages/airflow/example_dags/example_subdag_operator.py
[2024-05-25T22:15:07.762+0000] {processor.py:840} INFO - DAG(s) 'example_subdag_operator.section-1', 'example_subdag_operator.section-2', 'example_subdag_operator' retrieved from /home/airflow/.local/lib/python3.12/site-packages/airflow/example_dags/example_subdag_operator.py
[2024-05-25T22:15:07.781+0000] {logging_mixin.py:188} INFO - [2024-05-25T22:15:07.781+0000] {dag.py:3096} INFO - Sync 3 DAGs
[2024-05-25T22:15:07.815+0000] {logging_mixin.py:188} INFO - [2024-05-25T22:15:07.815+0000] {dag.py:3954} INFO - Setting next_dagrun for example_subdag_operator to 2022-01-01 00:00:00+00:00, run_after=2022-01-01 00:00:00+00:00
[2024-05-25T22:15:07.821+0000] {logging_mixin.py:188} INFO - [2024-05-25T22:15:07.821+0000] {dag.py:3954} INFO - Setting next_dagrun for example_subdag_operator.section-1 to None, run_after=None
[2024-05-25T22:15:07.822+0000] {logging_mixin.py:188} INFO - [2024-05-25T22:15:07.822+0000] {dag.py:3954} INFO - Setting next_dagrun for example_subdag_operator.section-2 to None, run_after=None
[2024-05-25T22:15:07.832+0000] {logging_mixin.py:188} INFO - [2024-05-25T22:15:07.832+0000] {dag.py:3096} INFO - Sync 2 DAGs
[2024-05-25T22:15:07.839+0000] {logging_mixin.py:188} INFO - [2024-05-25T22:15:07.838+0000] {dag.py:3954} INFO - Setting next_dagrun for example_subdag_operator.section-1 to None, run_after=None
[2024-05-25T22:15:07.839+0000] {logging_mixin.py:188} INFO - [2024-05-25T22:15:07.839+0000] {dag.py:3954} INFO - Setting next_dagrun for example_subdag_operator.section-2 to None, run_after=None
[2024-05-25T22:15:07.853+0000] {processor.py:183} INFO - Processing /home/airflow/.local/lib/python3.12/site-packages/airflow/example_dags/example_subdag_operator.py took 0.160 seconds
[2024-05-25T22:15:38.310+0000] {processor.py:161} INFO - Started process (PID=1665) to work on /home/airflow/.local/lib/python3.12/site-packages/airflow/example_dags/example_subdag_operator.py
[2024-05-25T22:15:38.312+0000] {processor.py:830} INFO - Processing file /home/airflow/.local/lib/python3.12/site-packages/airflow/example_dags/example_subdag_operator.py for tasks to queue
[2024-05-25T22:15:38.317+0000] {logging_mixin.py:188} INFO - [2024-05-25T22:15:38.316+0000] {dagbag.py:545} INFO - Filling up the DagBag from /home/airflow/.local/lib/python3.12/site-packages/airflow/example_dags/example_subdag_operator.py
[2024-05-25T22:15:38.376+0000] {processor.py:840} INFO - DAG(s) 'example_subdag_operator.section-1', 'example_subdag_operator.section-2', 'example_subdag_operator' retrieved from /home/airflow/.local/lib/python3.12/site-packages/airflow/example_dags/example_subdag_operator.py
[2024-05-25T22:15:38.403+0000] {logging_mixin.py:188} INFO - [2024-05-25T22:15:38.403+0000] {dag.py:3096} INFO - Sync 3 DAGs
[2024-05-25T22:15:38.436+0000] {logging_mixin.py:188} INFO - [2024-05-25T22:15:38.436+0000] {dag.py:3954} INFO - Setting next_dagrun for example_subdag_operator to 2022-01-01 00:00:00+00:00, run_after=2022-01-01 00:00:00+00:00
[2024-05-25T22:15:38.441+0000] {logging_mixin.py:188} INFO - [2024-05-25T22:15:38.441+0000] {dag.py:3954} INFO - Setting next_dagrun for example_subdag_operator.section-1 to None, run_after=None
[2024-05-25T22:15:38.444+0000] {logging_mixin.py:188} INFO - [2024-05-25T22:15:38.444+0000] {dag.py:3954} INFO - Setting next_dagrun for example_subdag_operator.section-2 to None, run_after=None
[2024-05-25T22:15:38.457+0000] {logging_mixin.py:188} INFO - [2024-05-25T22:15:38.457+0000] {dag.py:3096} INFO - Sync 2 DAGs
[2024-05-25T22:15:38.464+0000] {logging_mixin.py:188} INFO - [2024-05-25T22:15:38.464+0000] {dag.py:3954} INFO - Setting next_dagrun for example_subdag_operator.section-1 to None, run_after=None
[2024-05-25T22:15:38.465+0000] {logging_mixin.py:188} INFO - [2024-05-25T22:15:38.465+0000] {dag.py:3954} INFO - Setting next_dagrun for example_subdag_operator.section-2 to None, run_after=None
[2024-05-25T22:15:38.477+0000] {processor.py:183} INFO - Processing /home/airflow/.local/lib/python3.12/site-packages/airflow/example_dags/example_subdag_operator.py took 0.183 seconds
[2024-05-25T22:16:08.710+0000] {processor.py:161} INFO - Started process (PID=1723) to work on /home/airflow/.local/lib/python3.12/site-packages/airflow/example_dags/example_subdag_operator.py
[2024-05-25T22:16:08.712+0000] {processor.py:830} INFO - Processing file /home/airflow/.local/lib/python3.12/site-packages/airflow/example_dags/example_subdag_operator.py for tasks to queue
[2024-05-25T22:16:08.714+0000] {logging_mixin.py:188} INFO - [2024-05-25T22:16:08.714+0000] {dagbag.py:545} INFO - Filling up the DagBag from /home/airflow/.local/lib/python3.12/site-packages/airflow/example_dags/example_subdag_operator.py
[2024-05-25T22:16:08.746+0000] {processor.py:840} INFO - DAG(s) 'example_subdag_operator.section-1', 'example_subdag_operator.section-2', 'example_subdag_operator' retrieved from /home/airflow/.local/lib/python3.12/site-packages/airflow/example_dags/example_subdag_operator.py
[2024-05-25T22:16:08.770+0000] {logging_mixin.py:188} INFO - [2024-05-25T22:16:08.770+0000] {dag.py:3096} INFO - Sync 3 DAGs
[2024-05-25T22:16:08.794+0000] {logging_mixin.py:188} INFO - [2024-05-25T22:16:08.794+0000] {dag.py:3954} INFO - Setting next_dagrun for example_subdag_operator to 2022-01-01 00:00:00+00:00, run_after=2022-01-01 00:00:00+00:00
[2024-05-25T22:16:08.800+0000] {logging_mixin.py:188} INFO - [2024-05-25T22:16:08.800+0000] {dag.py:3954} INFO - Setting next_dagrun for example_subdag_operator.section-1 to None, run_after=None
[2024-05-25T22:16:08.802+0000] {logging_mixin.py:188} INFO - [2024-05-25T22:16:08.801+0000] {dag.py:3954} INFO - Setting next_dagrun for example_subdag_operator.section-2 to None, run_after=None
[2024-05-25T22:16:08.811+0000] {logging_mixin.py:188} INFO - [2024-05-25T22:16:08.810+0000] {dag.py:3096} INFO - Sync 2 DAGs
[2024-05-25T22:16:08.817+0000] {logging_mixin.py:188} INFO - [2024-05-25T22:16:08.816+0000] {dag.py:3954} INFO - Setting next_dagrun for example_subdag_operator.section-1 to None, run_after=None
[2024-05-25T22:16:08.817+0000] {logging_mixin.py:188} INFO - [2024-05-25T22:16:08.817+0000] {dag.py:3954} INFO - Setting next_dagrun for example_subdag_operator.section-2 to None, run_after=None
[2024-05-25T22:16:08.829+0000] {processor.py:183} INFO - Processing /home/airflow/.local/lib/python3.12/site-packages/airflow/example_dags/example_subdag_operator.py took 0.126 seconds
[2024-05-25T22:16:39.038+0000] {processor.py:161} INFO - Started process (PID=1781) to work on /home/airflow/.local/lib/python3.12/site-packages/airflow/example_dags/example_subdag_operator.py
[2024-05-25T22:16:39.041+0000] {processor.py:830} INFO - Processing file /home/airflow/.local/lib/python3.12/site-packages/airflow/example_dags/example_subdag_operator.py for tasks to queue
[2024-05-25T22:16:39.047+0000] {logging_mixin.py:188} INFO - [2024-05-25T22:16:39.046+0000] {dagbag.py:545} INFO - Filling up the DagBag from /home/airflow/.local/lib/python3.12/site-packages/airflow/example_dags/example_subdag_operator.py
[2024-05-25T22:16:39.085+0000] {processor.py:840} INFO - DAG(s) 'example_subdag_operator.section-1', 'example_subdag_operator.section-2', 'example_subdag_operator' retrieved from /home/airflow/.local/lib/python3.12/site-packages/airflow/example_dags/example_subdag_operator.py
[2024-05-25T22:16:39.103+0000] {logging_mixin.py:188} INFO - [2024-05-25T22:16:39.103+0000] {dag.py:3096} INFO - Sync 3 DAGs
[2024-05-25T22:16:39.131+0000] {logging_mixin.py:188} INFO - [2024-05-25T22:16:39.131+0000] {dag.py:3954} INFO - Setting next_dagrun for example_subdag_operator to 2022-01-01 00:00:00+00:00, run_after=2022-01-01 00:00:00+00:00
[2024-05-25T22:16:39.137+0000] {logging_mixin.py:188} INFO - [2024-05-25T22:16:39.137+0000] {dag.py:3954} INFO - Setting next_dagrun for example_subdag_operator.section-1 to None, run_after=None
[2024-05-25T22:16:39.138+0000] {logging_mixin.py:188} INFO - [2024-05-25T22:16:39.138+0000] {dag.py:3954} INFO - Setting next_dagrun for example_subdag_operator.section-2 to None, run_after=None
[2024-05-25T22:16:39.146+0000] {logging_mixin.py:188} INFO - [2024-05-25T22:16:39.146+0000] {dag.py:3096} INFO - Sync 2 DAGs
[2024-05-25T22:16:39.152+0000] {logging_mixin.py:188} INFO - [2024-05-25T22:16:39.152+0000] {dag.py:3954} INFO - Setting next_dagrun for example_subdag_operator.section-1 to None, run_after=None
[2024-05-25T22:16:39.153+0000] {logging_mixin.py:188} INFO - [2024-05-25T22:16:39.153+0000] {dag.py:3954} INFO - Setting next_dagrun for example_subdag_operator.section-2 to None, run_after=None
[2024-05-25T22:16:39.167+0000] {processor.py:183} INFO - Processing /home/airflow/.local/lib/python3.12/site-packages/airflow/example_dags/example_subdag_operator.py took 0.143 seconds
[2024-05-25T22:17:09.532+0000] {processor.py:161} INFO - Started process (PID=1839) to work on /home/airflow/.local/lib/python3.12/site-packages/airflow/example_dags/example_subdag_operator.py
[2024-05-25T22:17:09.536+0000] {processor.py:830} INFO - Processing file /home/airflow/.local/lib/python3.12/site-packages/airflow/example_dags/example_subdag_operator.py for tasks to queue
[2024-05-25T22:17:09.544+0000] {logging_mixin.py:188} INFO - [2024-05-25T22:17:09.544+0000] {dagbag.py:545} INFO - Filling up the DagBag from /home/airflow/.local/lib/python3.12/site-packages/airflow/example_dags/example_subdag_operator.py
[2024-05-25T22:17:09.602+0000] {processor.py:840} INFO - DAG(s) 'example_subdag_operator.section-1', 'example_subdag_operator.section-2', 'example_subdag_operator' retrieved from /home/airflow/.local/lib/python3.12/site-packages/airflow/example_dags/example_subdag_operator.py
[2024-05-25T22:17:09.622+0000] {logging_mixin.py:188} INFO - [2024-05-25T22:17:09.621+0000] {dag.py:3096} INFO - Sync 3 DAGs
[2024-05-25T22:17:09.649+0000] {logging_mixin.py:188} INFO - [2024-05-25T22:17:09.649+0000] {dag.py:3954} INFO - Setting next_dagrun for example_subdag_operator to 2022-01-01 00:00:00+00:00, run_after=2022-01-01 00:00:00+00:00
[2024-05-25T22:17:09.654+0000] {logging_mixin.py:188} INFO - [2024-05-25T22:17:09.654+0000] {dag.py:3954} INFO - Setting next_dagrun for example_subdag_operator.section-1 to None, run_after=None
[2024-05-25T22:17:09.656+0000] {logging_mixin.py:188} INFO - [2024-05-25T22:17:09.656+0000] {dag.py:3954} INFO - Setting next_dagrun for example_subdag_operator.section-2 to None, run_after=None
[2024-05-25T22:17:09.665+0000] {logging_mixin.py:188} INFO - [2024-05-25T22:17:09.664+0000] {dag.py:3096} INFO - Sync 2 DAGs
[2024-05-25T22:17:09.671+0000] {logging_mixin.py:188} INFO - [2024-05-25T22:17:09.671+0000] {dag.py:3954} INFO - Setting next_dagrun for example_subdag_operator.section-1 to None, run_after=None
[2024-05-25T22:17:09.671+0000] {logging_mixin.py:188} INFO - [2024-05-25T22:17:09.671+0000] {dag.py:3954} INFO - Setting next_dagrun for example_subdag_operator.section-2 to None, run_after=None
[2024-05-25T22:17:09.687+0000] {processor.py:183} INFO - Processing /home/airflow/.local/lib/python3.12/site-packages/airflow/example_dags/example_subdag_operator.py took 0.171 seconds
[2024-05-25T22:17:39.864+0000] {processor.py:161} INFO - Started process (PID=1897) to work on /home/airflow/.local/lib/python3.12/site-packages/airflow/example_dags/example_subdag_operator.py
[2024-05-25T22:17:39.866+0000] {processor.py:830} INFO - Processing file /home/airflow/.local/lib/python3.12/site-packages/airflow/example_dags/example_subdag_operator.py for tasks to queue
[2024-05-25T22:17:39.872+0000] {logging_mixin.py:188} INFO - [2024-05-25T22:17:39.871+0000] {dagbag.py:545} INFO - Filling up the DagBag from /home/airflow/.local/lib/python3.12/site-packages/airflow/example_dags/example_subdag_operator.py
[2024-05-25T22:17:40.045+0000] {processor.py:840} INFO - DAG(s) 'example_subdag_operator.section-1', 'example_subdag_operator.section-2', 'example_subdag_operator' retrieved from /home/airflow/.local/lib/python3.12/site-packages/airflow/example_dags/example_subdag_operator.py
[2024-05-25T22:17:40.062+0000] {logging_mixin.py:188} INFO - [2024-05-25T22:17:40.062+0000] {dag.py:3096} INFO - Sync 3 DAGs
[2024-05-25T22:17:40.085+0000] {logging_mixin.py:188} INFO - [2024-05-25T22:17:40.084+0000] {dag.py:3954} INFO - Setting next_dagrun for example_subdag_operator to 2022-01-01 00:00:00+00:00, run_after=2022-01-01 00:00:00+00:00
[2024-05-25T22:17:40.089+0000] {logging_mixin.py:188} INFO - [2024-05-25T22:17:40.089+0000] {dag.py:3954} INFO - Setting next_dagrun for example_subdag_operator.section-1 to None, run_after=None
[2024-05-25T22:17:40.091+0000] {logging_mixin.py:188} INFO - [2024-05-25T22:17:40.090+0000] {dag.py:3954} INFO - Setting next_dagrun for example_subdag_operator.section-2 to None, run_after=None
[2024-05-25T22:17:40.098+0000] {logging_mixin.py:188} INFO - [2024-05-25T22:17:40.098+0000] {dag.py:3096} INFO - Sync 2 DAGs
[2024-05-25T22:17:40.104+0000] {logging_mixin.py:188} INFO - [2024-05-25T22:17:40.104+0000] {dag.py:3954} INFO - Setting next_dagrun for example_subdag_operator.section-1 to None, run_after=None
[2024-05-25T22:17:40.105+0000] {logging_mixin.py:188} INFO - [2024-05-25T22:17:40.105+0000] {dag.py:3954} INFO - Setting next_dagrun for example_subdag_operator.section-2 to None, run_after=None
[2024-05-25T22:17:40.115+0000] {processor.py:183} INFO - Processing /home/airflow/.local/lib/python3.12/site-packages/airflow/example_dags/example_subdag_operator.py took 0.268 seconds
[2024-05-25T22:18:10.343+0000] {processor.py:161} INFO - Started process (PID=1956) to work on /home/airflow/.local/lib/python3.12/site-packages/airflow/example_dags/example_subdag_operator.py
[2024-05-25T22:18:10.344+0000] {processor.py:830} INFO - Processing file /home/airflow/.local/lib/python3.12/site-packages/airflow/example_dags/example_subdag_operator.py for tasks to queue
[2024-05-25T22:18:10.347+0000] {logging_mixin.py:188} INFO - [2024-05-25T22:18:10.346+0000] {dagbag.py:545} INFO - Filling up the DagBag from /home/airflow/.local/lib/python3.12/site-packages/airflow/example_dags/example_subdag_operator.py
[2024-05-25T22:18:10.377+0000] {processor.py:840} INFO - DAG(s) 'example_subdag_operator.section-1', 'example_subdag_operator.section-2', 'example_subdag_operator' retrieved from /home/airflow/.local/lib/python3.12/site-packages/airflow/example_dags/example_subdag_operator.py
[2024-05-25T22:18:10.397+0000] {logging_mixin.py:188} INFO - [2024-05-25T22:18:10.397+0000] {dag.py:3096} INFO - Sync 3 DAGs
[2024-05-25T22:18:10.427+0000] {logging_mixin.py:188} INFO - [2024-05-25T22:18:10.427+0000] {dag.py:3954} INFO - Setting next_dagrun for example_subdag_operator to 2022-01-01 00:00:00+00:00, run_after=2022-01-01 00:00:00+00:00
[2024-05-25T22:18:10.432+0000] {logging_mixin.py:188} INFO - [2024-05-25T22:18:10.431+0000] {dag.py:3954} INFO - Setting next_dagrun for example_subdag_operator.section-1 to None, run_after=None
[2024-05-25T22:18:10.434+0000] {logging_mixin.py:188} INFO - [2024-05-25T22:18:10.434+0000] {dag.py:3954} INFO - Setting next_dagrun for example_subdag_operator.section-2 to None, run_after=None
[2024-05-25T22:18:10.444+0000] {logging_mixin.py:188} INFO - [2024-05-25T22:18:10.443+0000] {dag.py:3096} INFO - Sync 2 DAGs
[2024-05-25T22:18:10.450+0000] {logging_mixin.py:188} INFO - [2024-05-25T22:18:10.450+0000] {dag.py:3954} INFO - Setting next_dagrun for example_subdag_operator.section-1 to None, run_after=None
[2024-05-25T22:18:10.451+0000] {logging_mixin.py:188} INFO - [2024-05-25T22:18:10.451+0000] {dag.py:3954} INFO - Setting next_dagrun for example_subdag_operator.section-2 to None, run_after=None
[2024-05-25T22:18:10.465+0000] {processor.py:183} INFO - Processing /home/airflow/.local/lib/python3.12/site-packages/airflow/example_dags/example_subdag_operator.py took 0.128 seconds
[2024-05-25T22:18:40.576+0000] {processor.py:161} INFO - Started process (PID=2014) to work on /home/airflow/.local/lib/python3.12/site-packages/airflow/example_dags/example_subdag_operator.py
[2024-05-25T22:18:40.577+0000] {processor.py:830} INFO - Processing file /home/airflow/.local/lib/python3.12/site-packages/airflow/example_dags/example_subdag_operator.py for tasks to queue
[2024-05-25T22:18:40.579+0000] {logging_mixin.py:188} INFO - [2024-05-25T22:18:40.579+0000] {dagbag.py:545} INFO - Filling up the DagBag from /home/airflow/.local/lib/python3.12/site-packages/airflow/example_dags/example_subdag_operator.py
[2024-05-25T22:18:40.618+0000] {processor.py:840} INFO - DAG(s) 'example_subdag_operator.section-1', 'example_subdag_operator.section-2', 'example_subdag_operator' retrieved from /home/airflow/.local/lib/python3.12/site-packages/airflow/example_dags/example_subdag_operator.py
[2024-05-25T22:18:40.642+0000] {logging_mixin.py:188} INFO - [2024-05-25T22:18:40.641+0000] {dag.py:3096} INFO - Sync 3 DAGs
[2024-05-25T22:18:40.668+0000] {logging_mixin.py:188} INFO - [2024-05-25T22:18:40.667+0000] {dag.py:3954} INFO - Setting next_dagrun for example_subdag_operator to 2022-01-01 00:00:00+00:00, run_after=2022-01-01 00:00:00+00:00
[2024-05-25T22:18:40.673+0000] {logging_mixin.py:188} INFO - [2024-05-25T22:18:40.673+0000] {dag.py:3954} INFO - Setting next_dagrun for example_subdag_operator.section-1 to None, run_after=None
[2024-05-25T22:18:40.675+0000] {logging_mixin.py:188} INFO - [2024-05-25T22:18:40.674+0000] {dag.py:3954} INFO - Setting next_dagrun for example_subdag_operator.section-2 to None, run_after=None
[2024-05-25T22:18:40.683+0000] {logging_mixin.py:188} INFO - [2024-05-25T22:18:40.682+0000] {dag.py:3096} INFO - Sync 2 DAGs
[2024-05-25T22:18:40.690+0000] {logging_mixin.py:188} INFO - [2024-05-25T22:18:40.690+0000] {dag.py:3954} INFO - Setting next_dagrun for example_subdag_operator.section-1 to None, run_after=None
[2024-05-25T22:18:40.691+0000] {logging_mixin.py:188} INFO - [2024-05-25T22:18:40.691+0000] {dag.py:3954} INFO - Setting next_dagrun for example_subdag_operator.section-2 to None, run_after=None
[2024-05-25T22:18:40.716+0000] {processor.py:183} INFO - Processing /home/airflow/.local/lib/python3.12/site-packages/airflow/example_dags/example_subdag_operator.py took 0.147 seconds
[2024-05-25T22:19:10.860+0000] {processor.py:161} INFO - Started process (PID=2072) to work on /home/airflow/.local/lib/python3.12/site-packages/airflow/example_dags/example_subdag_operator.py
[2024-05-25T22:19:10.862+0000] {processor.py:830} INFO - Processing file /home/airflow/.local/lib/python3.12/site-packages/airflow/example_dags/example_subdag_operator.py for tasks to queue
[2024-05-25T22:19:10.866+0000] {logging_mixin.py:188} INFO - [2024-05-25T22:19:10.866+0000] {dagbag.py:545} INFO - Filling up the DagBag from /home/airflow/.local/lib/python3.12/site-packages/airflow/example_dags/example_subdag_operator.py
[2024-05-25T22:19:10.908+0000] {processor.py:840} INFO - DAG(s) 'example_subdag_operator.section-1', 'example_subdag_operator.section-2', 'example_subdag_operator' retrieved from /home/airflow/.local/lib/python3.12/site-packages/airflow/example_dags/example_subdag_operator.py
[2024-05-25T22:19:10.937+0000] {logging_mixin.py:188} INFO - [2024-05-25T22:19:10.937+0000] {dag.py:3096} INFO - Sync 3 DAGs
[2024-05-25T22:19:10.966+0000] {logging_mixin.py:188} INFO - [2024-05-25T22:19:10.965+0000] {dag.py:3954} INFO - Setting next_dagrun for example_subdag_operator to 2022-01-01 00:00:00+00:00, run_after=2022-01-01 00:00:00+00:00
[2024-05-25T22:19:10.971+0000] {logging_mixin.py:188} INFO - [2024-05-25T22:19:10.970+0000] {dag.py:3954} INFO - Setting next_dagrun for example_subdag_operator.section-1 to None, run_after=None
[2024-05-25T22:19:10.974+0000] {logging_mixin.py:188} INFO - [2024-05-25T22:19:10.973+0000] {dag.py:3954} INFO - Setting next_dagrun for example_subdag_operator.section-2 to None, run_after=None
[2024-05-25T22:19:10.991+0000] {logging_mixin.py:188} INFO - [2024-05-25T22:19:10.991+0000] {dag.py:3096} INFO - Sync 2 DAGs
[2024-05-25T22:19:11.003+0000] {logging_mixin.py:188} INFO - [2024-05-25T22:19:11.002+0000] {dag.py:3954} INFO - Setting next_dagrun for example_subdag_operator.section-1 to None, run_after=None
[2024-05-25T22:19:11.004+0000] {logging_mixin.py:188} INFO - [2024-05-25T22:19:11.004+0000] {dag.py:3954} INFO - Setting next_dagrun for example_subdag_operator.section-2 to None, run_after=None
[2024-05-25T22:19:11.027+0000] {processor.py:183} INFO - Processing /home/airflow/.local/lib/python3.12/site-packages/airflow/example_dags/example_subdag_operator.py took 0.183 seconds
