[2024-05-25T22:01:27.043+0000] {processor.py:161} INFO - Started process (PID=44) to work on /home/airflow/.local/lib/python3.12/site-packages/airflow/example_dags/example_latest_only.py
[2024-05-25T22:01:27.046+0000] {processor.py:830} INFO - Processing file /home/airflow/.local/lib/python3.12/site-packages/airflow/example_dags/example_latest_only.py for tasks to queue
[2024-05-25T22:01:27.052+0000] {logging_mixin.py:188} INFO - [2024-05-25T22:01:27.050+0000] {dagbag.py:545} INFO - Filling up the DagBag from /home/airflow/.local/lib/python3.12/site-packages/airflow/example_dags/example_latest_only.py
[2024-05-25T22:01:27.065+0000] {processor.py:840} INFO - DAG(s) 'latest_only' retrieved from /home/airflow/.local/lib/python3.12/site-packages/airflow/example_dags/example_latest_only.py
[2024-05-25T22:01:27.089+0000] {logging_mixin.py:188} INFO - [2024-05-25T22:01:27.089+0000] {dag.py:3096} INFO - Sync 1 DAGs
[2024-05-25T22:01:27.128+0000] {logging_mixin.py:188} INFO - [2024-05-25T22:01:27.128+0000] {dag.py:3954} INFO - Setting next_dagrun for latest_only to 2024-05-25 16:00:00+00:00, run_after=2024-05-25 20:00:00+00:00
[2024-05-25T22:01:27.156+0000] {processor.py:183} INFO - Processing /home/airflow/.local/lib/python3.12/site-packages/airflow/example_dags/example_latest_only.py took 0.132 seconds
[2024-05-25T22:01:57.847+0000] {processor.py:161} INFO - Started process (PID=102) to work on /home/airflow/.local/lib/python3.12/site-packages/airflow/example_dags/example_latest_only.py
[2024-05-25T22:01:57.848+0000] {processor.py:830} INFO - Processing file /home/airflow/.local/lib/python3.12/site-packages/airflow/example_dags/example_latest_only.py for tasks to queue
[2024-05-25T22:01:57.850+0000] {logging_mixin.py:188} INFO - [2024-05-25T22:01:57.850+0000] {dagbag.py:545} INFO - Filling up the DagBag from /home/airflow/.local/lib/python3.12/site-packages/airflow/example_dags/example_latest_only.py
[2024-05-25T22:01:57.856+0000] {processor.py:840} INFO - DAG(s) 'latest_only' retrieved from /home/airflow/.local/lib/python3.12/site-packages/airflow/example_dags/example_latest_only.py
[2024-05-25T22:01:57.972+0000] {logging_mixin.py:188} INFO - [2024-05-25T22:01:57.971+0000] {dag.py:3096} INFO - Sync 1 DAGs
[2024-05-25T22:01:57.995+0000] {logging_mixin.py:188} INFO - [2024-05-25T22:01:57.994+0000] {dag.py:3954} INFO - Setting next_dagrun for latest_only to 2024-05-25 16:00:00+00:00, run_after=2024-05-25 20:00:00+00:00
[2024-05-25T22:01:58.013+0000] {processor.py:183} INFO - Processing /home/airflow/.local/lib/python3.12/site-packages/airflow/example_dags/example_latest_only.py took 0.172 seconds
[2024-05-25T22:02:28.493+0000] {processor.py:161} INFO - Started process (PID=160) to work on /home/airflow/.local/lib/python3.12/site-packages/airflow/example_dags/example_latest_only.py
[2024-05-25T22:02:28.494+0000] {processor.py:830} INFO - Processing file /home/airflow/.local/lib/python3.12/site-packages/airflow/example_dags/example_latest_only.py for tasks to queue
[2024-05-25T22:02:28.496+0000] {logging_mixin.py:188} INFO - [2024-05-25T22:02:28.496+0000] {dagbag.py:545} INFO - Filling up the DagBag from /home/airflow/.local/lib/python3.12/site-packages/airflow/example_dags/example_latest_only.py
[2024-05-25T22:02:28.501+0000] {processor.py:840} INFO - DAG(s) 'latest_only' retrieved from /home/airflow/.local/lib/python3.12/site-packages/airflow/example_dags/example_latest_only.py
[2024-05-25T22:02:28.523+0000] {logging_mixin.py:188} INFO - [2024-05-25T22:02:28.522+0000] {dag.py:3096} INFO - Sync 1 DAGs
[2024-05-25T22:02:28.546+0000] {logging_mixin.py:188} INFO - [2024-05-25T22:02:28.546+0000] {dag.py:3954} INFO - Setting next_dagrun for latest_only to 2024-05-25 16:00:00+00:00, run_after=2024-05-25 20:00:00+00:00
[2024-05-25T22:02:28.567+0000] {processor.py:183} INFO - Processing /home/airflow/.local/lib/python3.12/site-packages/airflow/example_dags/example_latest_only.py took 0.080 seconds
[2024-05-25T22:02:58.804+0000] {processor.py:161} INFO - Started process (PID=218) to work on /home/airflow/.local/lib/python3.12/site-packages/airflow/example_dags/example_latest_only.py
[2024-05-25T22:02:58.805+0000] {processor.py:830} INFO - Processing file /home/airflow/.local/lib/python3.12/site-packages/airflow/example_dags/example_latest_only.py for tasks to queue
[2024-05-25T22:02:58.807+0000] {logging_mixin.py:188} INFO - [2024-05-25T22:02:58.807+0000] {dagbag.py:545} INFO - Filling up the DagBag from /home/airflow/.local/lib/python3.12/site-packages/airflow/example_dags/example_latest_only.py
[2024-05-25T22:02:58.813+0000] {processor.py:840} INFO - DAG(s) 'latest_only' retrieved from /home/airflow/.local/lib/python3.12/site-packages/airflow/example_dags/example_latest_only.py
[2024-05-25T22:02:58.838+0000] {logging_mixin.py:188} INFO - [2024-05-25T22:02:58.838+0000] {dag.py:3096} INFO - Sync 1 DAGs
[2024-05-25T22:02:58.867+0000] {logging_mixin.py:188} INFO - [2024-05-25T22:02:58.867+0000] {dag.py:3954} INFO - Setting next_dagrun for latest_only to 2024-05-25 16:00:00+00:00, run_after=2024-05-25 20:00:00+00:00
[2024-05-25T22:02:58.893+0000] {processor.py:183} INFO - Processing /home/airflow/.local/lib/python3.12/site-packages/airflow/example_dags/example_latest_only.py took 0.096 seconds
[2024-05-25T22:03:29.146+0000] {processor.py:161} INFO - Started process (PID=276) to work on /home/airflow/.local/lib/python3.12/site-packages/airflow/example_dags/example_latest_only.py
[2024-05-25T22:03:29.147+0000] {processor.py:830} INFO - Processing file /home/airflow/.local/lib/python3.12/site-packages/airflow/example_dags/example_latest_only.py for tasks to queue
[2024-05-25T22:03:29.150+0000] {logging_mixin.py:188} INFO - [2024-05-25T22:03:29.149+0000] {dagbag.py:545} INFO - Filling up the DagBag from /home/airflow/.local/lib/python3.12/site-packages/airflow/example_dags/example_latest_only.py
[2024-05-25T22:03:29.156+0000] {processor.py:840} INFO - DAG(s) 'latest_only' retrieved from /home/airflow/.local/lib/python3.12/site-packages/airflow/example_dags/example_latest_only.py
[2024-05-25T22:03:29.178+0000] {logging_mixin.py:188} INFO - [2024-05-25T22:03:29.178+0000] {dag.py:3096} INFO - Sync 1 DAGs
[2024-05-25T22:03:29.205+0000] {logging_mixin.py:188} INFO - [2024-05-25T22:03:29.205+0000] {dag.py:3954} INFO - Setting next_dagrun for latest_only to 2024-05-25 16:00:00+00:00, run_after=2024-05-25 20:00:00+00:00
[2024-05-25T22:03:29.230+0000] {processor.py:183} INFO - Processing /home/airflow/.local/lib/python3.12/site-packages/airflow/example_dags/example_latest_only.py took 0.091 seconds
[2024-05-25T22:03:59.796+0000] {processor.py:161} INFO - Started process (PID=334) to work on /home/airflow/.local/lib/python3.12/site-packages/airflow/example_dags/example_latest_only.py
[2024-05-25T22:03:59.798+0000] {processor.py:830} INFO - Processing file /home/airflow/.local/lib/python3.12/site-packages/airflow/example_dags/example_latest_only.py for tasks to queue
[2024-05-25T22:03:59.802+0000] {logging_mixin.py:188} INFO - [2024-05-25T22:03:59.802+0000] {dagbag.py:545} INFO - Filling up the DagBag from /home/airflow/.local/lib/python3.12/site-packages/airflow/example_dags/example_latest_only.py
[2024-05-25T22:03:59.812+0000] {processor.py:840} INFO - DAG(s) 'latest_only' retrieved from /home/airflow/.local/lib/python3.12/site-packages/airflow/example_dags/example_latest_only.py
[2024-05-25T22:03:59.836+0000] {logging_mixin.py:188} INFO - [2024-05-25T22:03:59.836+0000] {dag.py:3096} INFO - Sync 1 DAGs
[2024-05-25T22:03:59.863+0000] {logging_mixin.py:188} INFO - [2024-05-25T22:03:59.863+0000] {dag.py:3954} INFO - Setting next_dagrun for latest_only to 2024-05-25 16:00:00+00:00, run_after=2024-05-25 20:00:00+00:00
[2024-05-25T22:03:59.886+0000] {processor.py:183} INFO - Processing /home/airflow/.local/lib/python3.12/site-packages/airflow/example_dags/example_latest_only.py took 0.104 seconds
[2024-05-25T22:04:30.357+0000] {processor.py:161} INFO - Started process (PID=392) to work on /home/airflow/.local/lib/python3.12/site-packages/airflow/example_dags/example_latest_only.py
[2024-05-25T22:04:30.358+0000] {processor.py:830} INFO - Processing file /home/airflow/.local/lib/python3.12/site-packages/airflow/example_dags/example_latest_only.py for tasks to queue
[2024-05-25T22:04:30.360+0000] {logging_mixin.py:188} INFO - [2024-05-25T22:04:30.360+0000] {dagbag.py:545} INFO - Filling up the DagBag from /home/airflow/.local/lib/python3.12/site-packages/airflow/example_dags/example_latest_only.py
[2024-05-25T22:04:30.366+0000] {processor.py:840} INFO - DAG(s) 'latest_only' retrieved from /home/airflow/.local/lib/python3.12/site-packages/airflow/example_dags/example_latest_only.py
[2024-05-25T22:04:30.389+0000] {logging_mixin.py:188} INFO - [2024-05-25T22:04:30.389+0000] {dag.py:3096} INFO - Sync 1 DAGs
[2024-05-25T22:04:30.426+0000] {logging_mixin.py:188} INFO - [2024-05-25T22:04:30.426+0000] {dag.py:3954} INFO - Setting next_dagrun for latest_only to 2024-05-25 16:00:00+00:00, run_after=2024-05-25 20:00:00+00:00
[2024-05-25T22:04:30.453+0000] {processor.py:183} INFO - Processing /home/airflow/.local/lib/python3.12/site-packages/airflow/example_dags/example_latest_only.py took 0.103 seconds
[2024-05-25T22:05:00.583+0000] {processor.py:161} INFO - Started process (PID=449) to work on /home/airflow/.local/lib/python3.12/site-packages/airflow/example_dags/example_latest_only.py
[2024-05-25T22:05:00.584+0000] {processor.py:830} INFO - Processing file /home/airflow/.local/lib/python3.12/site-packages/airflow/example_dags/example_latest_only.py for tasks to queue
[2024-05-25T22:05:00.587+0000] {logging_mixin.py:188} INFO - [2024-05-25T22:05:00.586+0000] {dagbag.py:545} INFO - Filling up the DagBag from /home/airflow/.local/lib/python3.12/site-packages/airflow/example_dags/example_latest_only.py
[2024-05-25T22:05:00.594+0000] {processor.py:840} INFO - DAG(s) 'latest_only' retrieved from /home/airflow/.local/lib/python3.12/site-packages/airflow/example_dags/example_latest_only.py
[2024-05-25T22:05:00.619+0000] {logging_mixin.py:188} INFO - [2024-05-25T22:05:00.618+0000] {dag.py:3096} INFO - Sync 1 DAGs
[2024-05-25T22:05:00.650+0000] {logging_mixin.py:188} INFO - [2024-05-25T22:05:00.650+0000] {dag.py:3954} INFO - Setting next_dagrun for latest_only to 2024-05-25 16:00:00+00:00, run_after=2024-05-25 20:00:00+00:00
[2024-05-25T22:05:00.671+0000] {processor.py:183} INFO - Processing /home/airflow/.local/lib/python3.12/site-packages/airflow/example_dags/example_latest_only.py took 0.095 seconds
[2024-05-25T22:05:31.092+0000] {processor.py:161} INFO - Started process (PID=507) to work on /home/airflow/.local/lib/python3.12/site-packages/airflow/example_dags/example_latest_only.py
[2024-05-25T22:05:31.093+0000] {processor.py:830} INFO - Processing file /home/airflow/.local/lib/python3.12/site-packages/airflow/example_dags/example_latest_only.py for tasks to queue
[2024-05-25T22:05:31.096+0000] {logging_mixin.py:188} INFO - [2024-05-25T22:05:31.095+0000] {dagbag.py:545} INFO - Filling up the DagBag from /home/airflow/.local/lib/python3.12/site-packages/airflow/example_dags/example_latest_only.py
[2024-05-25T22:05:31.101+0000] {processor.py:840} INFO - DAG(s) 'latest_only' retrieved from /home/airflow/.local/lib/python3.12/site-packages/airflow/example_dags/example_latest_only.py
[2024-05-25T22:05:31.126+0000] {logging_mixin.py:188} INFO - [2024-05-25T22:05:31.126+0000] {dag.py:3096} INFO - Sync 1 DAGs
[2024-05-25T22:05:31.153+0000] {logging_mixin.py:188} INFO - [2024-05-25T22:05:31.152+0000] {dag.py:3954} INFO - Setting next_dagrun for latest_only to 2024-05-25 16:00:00+00:00, run_after=2024-05-25 20:00:00+00:00
[2024-05-25T22:05:31.173+0000] {processor.py:183} INFO - Processing /home/airflow/.local/lib/python3.12/site-packages/airflow/example_dags/example_latest_only.py took 0.091 seconds
[2024-05-25T22:06:01.478+0000] {processor.py:161} INFO - Started process (PID=564) to work on /home/airflow/.local/lib/python3.12/site-packages/airflow/example_dags/example_latest_only.py
[2024-05-25T22:06:01.479+0000] {processor.py:830} INFO - Processing file /home/airflow/.local/lib/python3.12/site-packages/airflow/example_dags/example_latest_only.py for tasks to queue
[2024-05-25T22:06:01.481+0000] {logging_mixin.py:188} INFO - [2024-05-25T22:06:01.481+0000] {dagbag.py:545} INFO - Filling up the DagBag from /home/airflow/.local/lib/python3.12/site-packages/airflow/example_dags/example_latest_only.py
[2024-05-25T22:06:01.487+0000] {processor.py:840} INFO - DAG(s) 'latest_only' retrieved from /home/airflow/.local/lib/python3.12/site-packages/airflow/example_dags/example_latest_only.py
[2024-05-25T22:06:01.509+0000] {logging_mixin.py:188} INFO - [2024-05-25T22:06:01.508+0000] {dag.py:3096} INFO - Sync 1 DAGs
[2024-05-25T22:06:01.534+0000] {logging_mixin.py:188} INFO - [2024-05-25T22:06:01.534+0000] {dag.py:3954} INFO - Setting next_dagrun for latest_only to 2024-05-25 16:00:00+00:00, run_after=2024-05-25 20:00:00+00:00
[2024-05-25T22:06:01.559+0000] {processor.py:183} INFO - Processing /home/airflow/.local/lib/python3.12/site-packages/airflow/example_dags/example_latest_only.py took 0.086 seconds
[2024-05-25T22:06:32.041+0000] {processor.py:161} INFO - Started process (PID=621) to work on /home/airflow/.local/lib/python3.12/site-packages/airflow/example_dags/example_latest_only.py
[2024-05-25T22:06:32.043+0000] {processor.py:830} INFO - Processing file /home/airflow/.local/lib/python3.12/site-packages/airflow/example_dags/example_latest_only.py for tasks to queue
[2024-05-25T22:06:32.048+0000] {logging_mixin.py:188} INFO - [2024-05-25T22:06:32.047+0000] {dagbag.py:545} INFO - Filling up the DagBag from /home/airflow/.local/lib/python3.12/site-packages/airflow/example_dags/example_latest_only.py
[2024-05-25T22:06:32.055+0000] {processor.py:840} INFO - DAG(s) 'latest_only' retrieved from /home/airflow/.local/lib/python3.12/site-packages/airflow/example_dags/example_latest_only.py
[2024-05-25T22:06:32.083+0000] {logging_mixin.py:188} INFO - [2024-05-25T22:06:32.082+0000] {dag.py:3096} INFO - Sync 1 DAGs
[2024-05-25T22:06:32.108+0000] {logging_mixin.py:188} INFO - [2024-05-25T22:06:32.108+0000] {dag.py:3954} INFO - Setting next_dagrun for latest_only to 2024-05-25 16:00:00+00:00, run_after=2024-05-25 20:00:00+00:00
[2024-05-25T22:06:32.132+0000] {processor.py:183} INFO - Processing /home/airflow/.local/lib/python3.12/site-packages/airflow/example_dags/example_latest_only.py took 0.106 seconds
[2024-05-25T22:07:02.353+0000] {processor.py:161} INFO - Started process (PID=678) to work on /home/airflow/.local/lib/python3.12/site-packages/airflow/example_dags/example_latest_only.py
[2024-05-25T22:07:02.354+0000] {processor.py:830} INFO - Processing file /home/airflow/.local/lib/python3.12/site-packages/airflow/example_dags/example_latest_only.py for tasks to queue
[2024-05-25T22:07:02.356+0000] {logging_mixin.py:188} INFO - [2024-05-25T22:07:02.355+0000] {dagbag.py:545} INFO - Filling up the DagBag from /home/airflow/.local/lib/python3.12/site-packages/airflow/example_dags/example_latest_only.py
[2024-05-25T22:07:02.361+0000] {processor.py:840} INFO - DAG(s) 'latest_only' retrieved from /home/airflow/.local/lib/python3.12/site-packages/airflow/example_dags/example_latest_only.py
[2024-05-25T22:07:02.388+0000] {logging_mixin.py:188} INFO - [2024-05-25T22:07:02.387+0000] {dag.py:3096} INFO - Sync 1 DAGs
[2024-05-25T22:07:02.416+0000] {logging_mixin.py:188} INFO - [2024-05-25T22:07:02.416+0000] {dag.py:3954} INFO - Setting next_dagrun for latest_only to 2024-05-25 16:00:00+00:00, run_after=2024-05-25 20:00:00+00:00
[2024-05-25T22:07:02.443+0000] {processor.py:183} INFO - Processing /home/airflow/.local/lib/python3.12/site-packages/airflow/example_dags/example_latest_only.py took 0.097 seconds
[2024-05-25T22:07:33.036+0000] {processor.py:161} INFO - Started process (PID=736) to work on /home/airflow/.local/lib/python3.12/site-packages/airflow/example_dags/example_latest_only.py
[2024-05-25T22:07:33.037+0000] {processor.py:830} INFO - Processing file /home/airflow/.local/lib/python3.12/site-packages/airflow/example_dags/example_latest_only.py for tasks to queue
[2024-05-25T22:07:33.039+0000] {logging_mixin.py:188} INFO - [2024-05-25T22:07:33.039+0000] {dagbag.py:545} INFO - Filling up the DagBag from /home/airflow/.local/lib/python3.12/site-packages/airflow/example_dags/example_latest_only.py
[2024-05-25T22:07:33.045+0000] {processor.py:840} INFO - DAG(s) 'latest_only' retrieved from /home/airflow/.local/lib/python3.12/site-packages/airflow/example_dags/example_latest_only.py
[2024-05-25T22:07:33.075+0000] {logging_mixin.py:188} INFO - [2024-05-25T22:07:33.074+0000] {dag.py:3096} INFO - Sync 1 DAGs
[2024-05-25T22:07:33.101+0000] {logging_mixin.py:188} INFO - [2024-05-25T22:07:33.101+0000] {dag.py:3954} INFO - Setting next_dagrun for latest_only to 2024-05-25 16:00:00+00:00, run_after=2024-05-25 20:00:00+00:00
[2024-05-25T22:07:33.128+0000] {processor.py:183} INFO - Processing /home/airflow/.local/lib/python3.12/site-packages/airflow/example_dags/example_latest_only.py took 0.098 seconds
[2024-05-25T22:08:03.326+0000] {processor.py:161} INFO - Started process (PID=794) to work on /home/airflow/.local/lib/python3.12/site-packages/airflow/example_dags/example_latest_only.py
[2024-05-25T22:08:03.327+0000] {processor.py:830} INFO - Processing file /home/airflow/.local/lib/python3.12/site-packages/airflow/example_dags/example_latest_only.py for tasks to queue
[2024-05-25T22:08:03.329+0000] {logging_mixin.py:188} INFO - [2024-05-25T22:08:03.328+0000] {dagbag.py:545} INFO - Filling up the DagBag from /home/airflow/.local/lib/python3.12/site-packages/airflow/example_dags/example_latest_only.py
[2024-05-25T22:08:03.334+0000] {processor.py:840} INFO - DAG(s) 'latest_only' retrieved from /home/airflow/.local/lib/python3.12/site-packages/airflow/example_dags/example_latest_only.py
[2024-05-25T22:08:03.357+0000] {logging_mixin.py:188} INFO - [2024-05-25T22:08:03.356+0000] {dag.py:3096} INFO - Sync 1 DAGs
[2024-05-25T22:08:03.386+0000] {logging_mixin.py:188} INFO - [2024-05-25T22:08:03.385+0000] {dag.py:3954} INFO - Setting next_dagrun for latest_only to 2024-05-25 16:00:00+00:00, run_after=2024-05-25 20:00:00+00:00
[2024-05-25T22:08:03.415+0000] {processor.py:183} INFO - Processing /home/airflow/.local/lib/python3.12/site-packages/airflow/example_dags/example_latest_only.py took 0.096 seconds
[2024-05-25T22:08:33.551+0000] {processor.py:161} INFO - Started process (PID=852) to work on /home/airflow/.local/lib/python3.12/site-packages/airflow/example_dags/example_latest_only.py
[2024-05-25T22:08:33.552+0000] {processor.py:830} INFO - Processing file /home/airflow/.local/lib/python3.12/site-packages/airflow/example_dags/example_latest_only.py for tasks to queue
[2024-05-25T22:08:33.555+0000] {logging_mixin.py:188} INFO - [2024-05-25T22:08:33.554+0000] {dagbag.py:545} INFO - Filling up the DagBag from /home/airflow/.local/lib/python3.12/site-packages/airflow/example_dags/example_latest_only.py
[2024-05-25T22:08:33.563+0000] {processor.py:840} INFO - DAG(s) 'latest_only' retrieved from /home/airflow/.local/lib/python3.12/site-packages/airflow/example_dags/example_latest_only.py
[2024-05-25T22:08:33.587+0000] {logging_mixin.py:188} INFO - [2024-05-25T22:08:33.586+0000] {dag.py:3096} INFO - Sync 1 DAGs
[2024-05-25T22:08:33.612+0000] {logging_mixin.py:188} INFO - [2024-05-25T22:08:33.612+0000] {dag.py:3954} INFO - Setting next_dagrun for latest_only to 2024-05-25 16:00:00+00:00, run_after=2024-05-25 20:00:00+00:00
[2024-05-25T22:08:33.633+0000] {processor.py:183} INFO - Processing /home/airflow/.local/lib/python3.12/site-packages/airflow/example_dags/example_latest_only.py took 0.091 seconds
[2024-05-25T22:09:04.828+0000] {processor.py:161} INFO - Started process (PID=910) to work on /home/airflow/.local/lib/python3.12/site-packages/airflow/example_dags/example_latest_only.py
[2024-05-25T22:09:04.829+0000] {processor.py:830} INFO - Processing file /home/airflow/.local/lib/python3.12/site-packages/airflow/example_dags/example_latest_only.py for tasks to queue
[2024-05-25T22:09:04.832+0000] {logging_mixin.py:188} INFO - [2024-05-25T22:09:04.832+0000] {dagbag.py:545} INFO - Filling up the DagBag from /home/airflow/.local/lib/python3.12/site-packages/airflow/example_dags/example_latest_only.py
[2024-05-25T22:09:04.838+0000] {processor.py:840} INFO - DAG(s) 'latest_only' retrieved from /home/airflow/.local/lib/python3.12/site-packages/airflow/example_dags/example_latest_only.py
[2024-05-25T22:09:04.863+0000] {logging_mixin.py:188} INFO - [2024-05-25T22:09:04.863+0000] {dag.py:3096} INFO - Sync 1 DAGs
[2024-05-25T22:09:04.890+0000] {logging_mixin.py:188} INFO - [2024-05-25T22:09:04.890+0000] {dag.py:3954} INFO - Setting next_dagrun for latest_only to 2024-05-25 16:00:00+00:00, run_after=2024-05-25 20:00:00+00:00
[2024-05-25T22:09:05.102+0000] {processor.py:183} INFO - Processing /home/airflow/.local/lib/python3.12/site-packages/airflow/example_dags/example_latest_only.py took 0.283 seconds
[2024-05-25T22:09:35.960+0000] {processor.py:161} INFO - Started process (PID=967) to work on /home/airflow/.local/lib/python3.12/site-packages/airflow/example_dags/example_latest_only.py
[2024-05-25T22:09:35.964+0000] {processor.py:830} INFO - Processing file /home/airflow/.local/lib/python3.12/site-packages/airflow/example_dags/example_latest_only.py for tasks to queue
[2024-05-25T22:09:35.969+0000] {logging_mixin.py:188} INFO - [2024-05-25T22:09:35.968+0000] {dagbag.py:545} INFO - Filling up the DagBag from /home/airflow/.local/lib/python3.12/site-packages/airflow/example_dags/example_latest_only.py
[2024-05-25T22:09:35.982+0000] {processor.py:840} INFO - DAG(s) 'latest_only' retrieved from /home/airflow/.local/lib/python3.12/site-packages/airflow/example_dags/example_latest_only.py
[2024-05-25T22:09:36.007+0000] {logging_mixin.py:188} INFO - [2024-05-25T22:09:36.006+0000] {dag.py:3096} INFO - Sync 1 DAGs
[2024-05-25T22:09:36.043+0000] {logging_mixin.py:188} INFO - [2024-05-25T22:09:36.043+0000] {dag.py:3954} INFO - Setting next_dagrun for latest_only to 2024-05-25 16:00:00+00:00, run_after=2024-05-25 20:00:00+00:00
[2024-05-25T22:09:36.071+0000] {processor.py:183} INFO - Processing /home/airflow/.local/lib/python3.12/site-packages/airflow/example_dags/example_latest_only.py took 0.128 seconds
[2024-05-25T22:10:06.462+0000] {processor.py:161} INFO - Started process (PID=1025) to work on /home/airflow/.local/lib/python3.12/site-packages/airflow/example_dags/example_latest_only.py
[2024-05-25T22:10:06.463+0000] {processor.py:830} INFO - Processing file /home/airflow/.local/lib/python3.12/site-packages/airflow/example_dags/example_latest_only.py for tasks to queue
[2024-05-25T22:10:06.466+0000] {logging_mixin.py:188} INFO - [2024-05-25T22:10:06.466+0000] {dagbag.py:545} INFO - Filling up the DagBag from /home/airflow/.local/lib/python3.12/site-packages/airflow/example_dags/example_latest_only.py
[2024-05-25T22:10:06.480+0000] {processor.py:840} INFO - DAG(s) 'latest_only' retrieved from /home/airflow/.local/lib/python3.12/site-packages/airflow/example_dags/example_latest_only.py
[2024-05-25T22:10:06.503+0000] {logging_mixin.py:188} INFO - [2024-05-25T22:10:06.503+0000] {dag.py:3096} INFO - Sync 1 DAGs
[2024-05-25T22:10:06.530+0000] {logging_mixin.py:188} INFO - [2024-05-25T22:10:06.529+0000] {dag.py:3954} INFO - Setting next_dagrun for latest_only to 2024-05-25 16:00:00+00:00, run_after=2024-05-25 20:00:00+00:00
[2024-05-25T22:10:06.551+0000] {processor.py:183} INFO - Processing /home/airflow/.local/lib/python3.12/site-packages/airflow/example_dags/example_latest_only.py took 0.102 seconds
[2024-05-25T22:10:37.015+0000] {processor.py:161} INFO - Started process (PID=1083) to work on /home/airflow/.local/lib/python3.12/site-packages/airflow/example_dags/example_latest_only.py
[2024-05-25T22:10:37.018+0000] {processor.py:830} INFO - Processing file /home/airflow/.local/lib/python3.12/site-packages/airflow/example_dags/example_latest_only.py for tasks to queue
[2024-05-25T22:10:37.023+0000] {logging_mixin.py:188} INFO - [2024-05-25T22:10:37.022+0000] {dagbag.py:545} INFO - Filling up the DagBag from /home/airflow/.local/lib/python3.12/site-packages/airflow/example_dags/example_latest_only.py
[2024-05-25T22:10:37.038+0000] {processor.py:840} INFO - DAG(s) 'latest_only' retrieved from /home/airflow/.local/lib/python3.12/site-packages/airflow/example_dags/example_latest_only.py
[2024-05-25T22:10:37.068+0000] {logging_mixin.py:188} INFO - [2024-05-25T22:10:37.068+0000] {dag.py:3096} INFO - Sync 1 DAGs
[2024-05-25T22:10:37.097+0000] {logging_mixin.py:188} INFO - [2024-05-25T22:10:37.097+0000] {dag.py:3954} INFO - Setting next_dagrun for latest_only to 2024-05-25 16:00:00+00:00, run_after=2024-05-25 20:00:00+00:00
[2024-05-25T22:10:37.120+0000] {processor.py:183} INFO - Processing /home/airflow/.local/lib/python3.12/site-packages/airflow/example_dags/example_latest_only.py took 0.127 seconds
[2024-05-25T22:11:07.423+0000] {processor.py:161} INFO - Started process (PID=1140) to work on /home/airflow/.local/lib/python3.12/site-packages/airflow/example_dags/example_latest_only.py
[2024-05-25T22:11:07.425+0000] {processor.py:830} INFO - Processing file /home/airflow/.local/lib/python3.12/site-packages/airflow/example_dags/example_latest_only.py for tasks to queue
[2024-05-25T22:11:07.430+0000] {logging_mixin.py:188} INFO - [2024-05-25T22:11:07.429+0000] {dagbag.py:545} INFO - Filling up the DagBag from /home/airflow/.local/lib/python3.12/site-packages/airflow/example_dags/example_latest_only.py
[2024-05-25T22:11:07.443+0000] {processor.py:840} INFO - DAG(s) 'latest_only' retrieved from /home/airflow/.local/lib/python3.12/site-packages/airflow/example_dags/example_latest_only.py
[2024-05-25T22:11:07.464+0000] {logging_mixin.py:188} INFO - [2024-05-25T22:11:07.463+0000] {dag.py:3096} INFO - Sync 1 DAGs
[2024-05-25T22:11:07.494+0000] {logging_mixin.py:188} INFO - [2024-05-25T22:11:07.493+0000] {dag.py:3954} INFO - Setting next_dagrun for latest_only to 2024-05-25 16:00:00+00:00, run_after=2024-05-25 20:00:00+00:00
[2024-05-25T22:11:07.530+0000] {processor.py:183} INFO - Processing /home/airflow/.local/lib/python3.12/site-packages/airflow/example_dags/example_latest_only.py took 0.122 seconds
[2024-05-25T22:11:37.953+0000] {processor.py:161} INFO - Started process (PID=1203) to work on /home/airflow/.local/lib/python3.12/site-packages/airflow/example_dags/example_latest_only.py
[2024-05-25T22:11:37.957+0000] {processor.py:830} INFO - Processing file /home/airflow/.local/lib/python3.12/site-packages/airflow/example_dags/example_latest_only.py for tasks to queue
[2024-05-25T22:11:37.962+0000] {logging_mixin.py:188} INFO - [2024-05-25T22:11:37.961+0000] {dagbag.py:545} INFO - Filling up the DagBag from /home/airflow/.local/lib/python3.12/site-packages/airflow/example_dags/example_latest_only.py
[2024-05-25T22:11:37.974+0000] {processor.py:840} INFO - DAG(s) 'latest_only' retrieved from /home/airflow/.local/lib/python3.12/site-packages/airflow/example_dags/example_latest_only.py
[2024-05-25T22:11:37.998+0000] {logging_mixin.py:188} INFO - [2024-05-25T22:11:37.998+0000] {dag.py:3096} INFO - Sync 1 DAGs
[2024-05-25T22:11:38.024+0000] {logging_mixin.py:188} INFO - [2024-05-25T22:11:38.024+0000] {dag.py:3954} INFO - Setting next_dagrun for latest_only to 2024-05-25 16:00:00+00:00, run_after=2024-05-25 20:00:00+00:00
[2024-05-25T22:11:38.047+0000] {processor.py:183} INFO - Processing /home/airflow/.local/lib/python3.12/site-packages/airflow/example_dags/example_latest_only.py took 0.110 seconds
[2024-05-25T22:12:08.485+0000] {processor.py:161} INFO - Started process (PID=1260) to work on /home/airflow/.local/lib/python3.12/site-packages/airflow/example_dags/example_latest_only.py
[2024-05-25T22:12:08.486+0000] {processor.py:830} INFO - Processing file /home/airflow/.local/lib/python3.12/site-packages/airflow/example_dags/example_latest_only.py for tasks to queue
[2024-05-25T22:12:08.490+0000] {logging_mixin.py:188} INFO - [2024-05-25T22:12:08.490+0000] {dagbag.py:545} INFO - Filling up the DagBag from /home/airflow/.local/lib/python3.12/site-packages/airflow/example_dags/example_latest_only.py
[2024-05-25T22:12:08.497+0000] {processor.py:840} INFO - DAG(s) 'latest_only' retrieved from /home/airflow/.local/lib/python3.12/site-packages/airflow/example_dags/example_latest_only.py
[2024-05-25T22:12:08.521+0000] {logging_mixin.py:188} INFO - [2024-05-25T22:12:08.520+0000] {dag.py:3096} INFO - Sync 1 DAGs
[2024-05-25T22:12:08.549+0000] {logging_mixin.py:188} INFO - [2024-05-25T22:12:08.548+0000] {dag.py:3954} INFO - Setting next_dagrun for latest_only to 2024-05-25 16:00:00+00:00, run_after=2024-05-25 20:00:00+00:00
[2024-05-25T22:12:08.572+0000] {processor.py:183} INFO - Processing /home/airflow/.local/lib/python3.12/site-packages/airflow/example_dags/example_latest_only.py took 0.096 seconds
[2024-05-25T22:12:39.158+0000] {processor.py:161} INFO - Started process (PID=1317) to work on /home/airflow/.local/lib/python3.12/site-packages/airflow/example_dags/example_latest_only.py
[2024-05-25T22:12:39.160+0000] {processor.py:830} INFO - Processing file /home/airflow/.local/lib/python3.12/site-packages/airflow/example_dags/example_latest_only.py for tasks to queue
[2024-05-25T22:12:39.165+0000] {logging_mixin.py:188} INFO - [2024-05-25T22:12:39.164+0000] {dagbag.py:545} INFO - Filling up the DagBag from /home/airflow/.local/lib/python3.12/site-packages/airflow/example_dags/example_latest_only.py
[2024-05-25T22:12:39.176+0000] {processor.py:840} INFO - DAG(s) 'latest_only' retrieved from /home/airflow/.local/lib/python3.12/site-packages/airflow/example_dags/example_latest_only.py
[2024-05-25T22:12:39.204+0000] {logging_mixin.py:188} INFO - [2024-05-25T22:12:39.203+0000] {dag.py:3096} INFO - Sync 1 DAGs
[2024-05-25T22:12:39.233+0000] {logging_mixin.py:188} INFO - [2024-05-25T22:12:39.232+0000] {dag.py:3954} INFO - Setting next_dagrun for latest_only to 2024-05-25 16:00:00+00:00, run_after=2024-05-25 20:00:00+00:00
[2024-05-25T22:12:39.258+0000] {processor.py:183} INFO - Processing /home/airflow/.local/lib/python3.12/site-packages/airflow/example_dags/example_latest_only.py took 0.120 seconds
[2024-05-25T22:13:09.671+0000] {processor.py:161} INFO - Started process (PID=1391) to work on /home/airflow/.local/lib/python3.12/site-packages/airflow/example_dags/example_latest_only.py
[2024-05-25T22:13:09.676+0000] {processor.py:830} INFO - Processing file /home/airflow/.local/lib/python3.12/site-packages/airflow/example_dags/example_latest_only.py for tasks to queue
[2024-05-25T22:13:09.681+0000] {logging_mixin.py:188} INFO - [2024-05-25T22:13:09.680+0000] {dagbag.py:545} INFO - Filling up the DagBag from /home/airflow/.local/lib/python3.12/site-packages/airflow/example_dags/example_latest_only.py
[2024-05-25T22:13:09.694+0000] {processor.py:840} INFO - DAG(s) 'latest_only' retrieved from /home/airflow/.local/lib/python3.12/site-packages/airflow/example_dags/example_latest_only.py
[2024-05-25T22:13:09.719+0000] {logging_mixin.py:188} INFO - [2024-05-25T22:13:09.719+0000] {dag.py:3096} INFO - Sync 1 DAGs
[2024-05-25T22:13:09.746+0000] {logging_mixin.py:188} INFO - [2024-05-25T22:13:09.746+0000] {dag.py:3954} INFO - Setting next_dagrun for latest_only to 2024-05-25 16:00:00+00:00, run_after=2024-05-25 20:00:00+00:00
[2024-05-25T22:13:09.773+0000] {processor.py:183} INFO - Processing /home/airflow/.local/lib/python3.12/site-packages/airflow/example_dags/example_latest_only.py took 0.122 seconds
[2024-05-25T22:13:40.227+0000] {processor.py:161} INFO - Started process (PID=1449) to work on /home/airflow/.local/lib/python3.12/site-packages/airflow/example_dags/example_latest_only.py
[2024-05-25T22:13:40.230+0000] {processor.py:830} INFO - Processing file /home/airflow/.local/lib/python3.12/site-packages/airflow/example_dags/example_latest_only.py for tasks to queue
[2024-05-25T22:13:40.233+0000] {logging_mixin.py:188} INFO - [2024-05-25T22:13:40.232+0000] {dagbag.py:545} INFO - Filling up the DagBag from /home/airflow/.local/lib/python3.12/site-packages/airflow/example_dags/example_latest_only.py
[2024-05-25T22:13:40.240+0000] {processor.py:840} INFO - DAG(s) 'latest_only' retrieved from /home/airflow/.local/lib/python3.12/site-packages/airflow/example_dags/example_latest_only.py
[2024-05-25T22:13:40.270+0000] {logging_mixin.py:188} INFO - [2024-05-25T22:13:40.269+0000] {dag.py:3096} INFO - Sync 1 DAGs
[2024-05-25T22:13:40.300+0000] {logging_mixin.py:188} INFO - [2024-05-25T22:13:40.300+0000] {dag.py:3954} INFO - Setting next_dagrun for latest_only to 2024-05-25 16:00:00+00:00, run_after=2024-05-25 20:00:00+00:00
[2024-05-25T22:13:40.325+0000] {processor.py:183} INFO - Processing /home/airflow/.local/lib/python3.12/site-packages/airflow/example_dags/example_latest_only.py took 0.113 seconds
[2024-05-25T22:14:10.505+0000] {processor.py:161} INFO - Started process (PID=1507) to work on /home/airflow/.local/lib/python3.12/site-packages/airflow/example_dags/example_latest_only.py
[2024-05-25T22:14:10.506+0000] {processor.py:830} INFO - Processing file /home/airflow/.local/lib/python3.12/site-packages/airflow/example_dags/example_latest_only.py for tasks to queue
[2024-05-25T22:14:10.508+0000] {logging_mixin.py:188} INFO - [2024-05-25T22:14:10.508+0000] {dagbag.py:545} INFO - Filling up the DagBag from /home/airflow/.local/lib/python3.12/site-packages/airflow/example_dags/example_latest_only.py
[2024-05-25T22:14:10.515+0000] {processor.py:840} INFO - DAG(s) 'latest_only' retrieved from /home/airflow/.local/lib/python3.12/site-packages/airflow/example_dags/example_latest_only.py
[2024-05-25T22:14:10.539+0000] {logging_mixin.py:188} INFO - [2024-05-25T22:14:10.538+0000] {dag.py:3096} INFO - Sync 1 DAGs
[2024-05-25T22:14:10.567+0000] {logging_mixin.py:188} INFO - [2024-05-25T22:14:10.566+0000] {dag.py:3954} INFO - Setting next_dagrun for latest_only to 2024-05-25 16:00:00+00:00, run_after=2024-05-25 20:00:00+00:00
[2024-05-25T22:14:10.588+0000] {processor.py:183} INFO - Processing /home/airflow/.local/lib/python3.12/site-packages/airflow/example_dags/example_latest_only.py took 0.094 seconds
[2024-05-25T22:14:40.940+0000] {processor.py:161} INFO - Started process (PID=1566) to work on /home/airflow/.local/lib/python3.12/site-packages/airflow/example_dags/example_latest_only.py
[2024-05-25T22:14:40.943+0000] {processor.py:830} INFO - Processing file /home/airflow/.local/lib/python3.12/site-packages/airflow/example_dags/example_latest_only.py for tasks to queue
[2024-05-25T22:14:40.948+0000] {logging_mixin.py:188} INFO - [2024-05-25T22:14:40.947+0000] {dagbag.py:545} INFO - Filling up the DagBag from /home/airflow/.local/lib/python3.12/site-packages/airflow/example_dags/example_latest_only.py
[2024-05-25T22:14:40.957+0000] {processor.py:840} INFO - DAG(s) 'latest_only' retrieved from /home/airflow/.local/lib/python3.12/site-packages/airflow/example_dags/example_latest_only.py
[2024-05-25T22:14:40.989+0000] {logging_mixin.py:188} INFO - [2024-05-25T22:14:40.988+0000] {dag.py:3096} INFO - Sync 1 DAGs
[2024-05-25T22:14:41.018+0000] {logging_mixin.py:188} INFO - [2024-05-25T22:14:41.018+0000] {dag.py:3954} INFO - Setting next_dagrun for latest_only to 2024-05-25 16:00:00+00:00, run_after=2024-05-25 20:00:00+00:00
[2024-05-25T22:14:41.040+0000] {processor.py:183} INFO - Processing /home/airflow/.local/lib/python3.12/site-packages/airflow/example_dags/example_latest_only.py took 0.114 seconds
[2024-05-25T22:15:11.272+0000] {processor.py:161} INFO - Started process (PID=1624) to work on /home/airflow/.local/lib/python3.12/site-packages/airflow/example_dags/example_latest_only.py
[2024-05-25T22:15:11.274+0000] {processor.py:830} INFO - Processing file /home/airflow/.local/lib/python3.12/site-packages/airflow/example_dags/example_latest_only.py for tasks to queue
[2024-05-25T22:15:11.278+0000] {logging_mixin.py:188} INFO - [2024-05-25T22:15:11.277+0000] {dagbag.py:545} INFO - Filling up the DagBag from /home/airflow/.local/lib/python3.12/site-packages/airflow/example_dags/example_latest_only.py
[2024-05-25T22:15:11.291+0000] {processor.py:840} INFO - DAG(s) 'latest_only' retrieved from /home/airflow/.local/lib/python3.12/site-packages/airflow/example_dags/example_latest_only.py
[2024-05-25T22:15:11.313+0000] {logging_mixin.py:188} INFO - [2024-05-25T22:15:11.313+0000] {dag.py:3096} INFO - Sync 1 DAGs
[2024-05-25T22:15:11.338+0000] {logging_mixin.py:188} INFO - [2024-05-25T22:15:11.338+0000] {dag.py:3954} INFO - Setting next_dagrun for latest_only to 2024-05-25 16:00:00+00:00, run_after=2024-05-25 20:00:00+00:00
[2024-05-25T22:15:11.360+0000] {processor.py:183} INFO - Processing /home/airflow/.local/lib/python3.12/site-packages/airflow/example_dags/example_latest_only.py took 0.105 seconds
[2024-05-25T22:15:41.851+0000] {processor.py:161} INFO - Started process (PID=1682) to work on /home/airflow/.local/lib/python3.12/site-packages/airflow/example_dags/example_latest_only.py
[2024-05-25T22:15:41.853+0000] {processor.py:830} INFO - Processing file /home/airflow/.local/lib/python3.12/site-packages/airflow/example_dags/example_latest_only.py for tasks to queue
[2024-05-25T22:15:41.857+0000] {logging_mixin.py:188} INFO - [2024-05-25T22:15:41.856+0000] {dagbag.py:545} INFO - Filling up the DagBag from /home/airflow/.local/lib/python3.12/site-packages/airflow/example_dags/example_latest_only.py
[2024-05-25T22:15:41.869+0000] {processor.py:840} INFO - DAG(s) 'latest_only' retrieved from /home/airflow/.local/lib/python3.12/site-packages/airflow/example_dags/example_latest_only.py
[2024-05-25T22:15:41.911+0000] {logging_mixin.py:188} INFO - [2024-05-25T22:15:41.911+0000] {dag.py:3096} INFO - Sync 1 DAGs
[2024-05-25T22:15:42.095+0000] {logging_mixin.py:188} INFO - [2024-05-25T22:15:42.094+0000] {dag.py:3954} INFO - Setting next_dagrun for latest_only to 2024-05-25 16:00:00+00:00, run_after=2024-05-25 20:00:00+00:00
[2024-05-25T22:15:42.117+0000] {processor.py:183} INFO - Processing /home/airflow/.local/lib/python3.12/site-packages/airflow/example_dags/example_latest_only.py took 0.282 seconds
[2024-05-25T22:16:12.300+0000] {processor.py:161} INFO - Started process (PID=1740) to work on /home/airflow/.local/lib/python3.12/site-packages/airflow/example_dags/example_latest_only.py
[2024-05-25T22:16:12.301+0000] {processor.py:830} INFO - Processing file /home/airflow/.local/lib/python3.12/site-packages/airflow/example_dags/example_latest_only.py for tasks to queue
[2024-05-25T22:16:12.304+0000] {logging_mixin.py:188} INFO - [2024-05-25T22:16:12.304+0000] {dagbag.py:545} INFO - Filling up the DagBag from /home/airflow/.local/lib/python3.12/site-packages/airflow/example_dags/example_latest_only.py
[2024-05-25T22:16:12.315+0000] {processor.py:840} INFO - DAG(s) 'latest_only' retrieved from /home/airflow/.local/lib/python3.12/site-packages/airflow/example_dags/example_latest_only.py
[2024-05-25T22:16:12.348+0000] {logging_mixin.py:188} INFO - [2024-05-25T22:16:12.348+0000] {dag.py:3096} INFO - Sync 1 DAGs
[2024-05-25T22:16:12.376+0000] {logging_mixin.py:188} INFO - [2024-05-25T22:16:12.376+0000] {dag.py:3954} INFO - Setting next_dagrun for latest_only to 2024-05-25 16:00:00+00:00, run_after=2024-05-25 20:00:00+00:00
[2024-05-25T22:16:12.522+0000] {processor.py:183} INFO - Processing /home/airflow/.local/lib/python3.12/site-packages/airflow/example_dags/example_latest_only.py took 0.235 seconds
[2024-05-25T22:16:42.927+0000] {processor.py:161} INFO - Started process (PID=1798) to work on /home/airflow/.local/lib/python3.12/site-packages/airflow/example_dags/example_latest_only.py
[2024-05-25T22:16:42.929+0000] {processor.py:830} INFO - Processing file /home/airflow/.local/lib/python3.12/site-packages/airflow/example_dags/example_latest_only.py for tasks to queue
[2024-05-25T22:16:42.934+0000] {logging_mixin.py:188} INFO - [2024-05-25T22:16:42.933+0000] {dagbag.py:545} INFO - Filling up the DagBag from /home/airflow/.local/lib/python3.12/site-packages/airflow/example_dags/example_latest_only.py
[2024-05-25T22:16:42.945+0000] {processor.py:840} INFO - DAG(s) 'latest_only' retrieved from /home/airflow/.local/lib/python3.12/site-packages/airflow/example_dags/example_latest_only.py
[2024-05-25T22:16:42.968+0000] {logging_mixin.py:188} INFO - [2024-05-25T22:16:42.967+0000] {dag.py:3096} INFO - Sync 1 DAGs
[2024-05-25T22:16:42.992+0000] {logging_mixin.py:188} INFO - [2024-05-25T22:16:42.992+0000] {dag.py:3954} INFO - Setting next_dagrun for latest_only to 2024-05-25 16:00:00+00:00, run_after=2024-05-25 20:00:00+00:00
[2024-05-25T22:16:43.137+0000] {processor.py:183} INFO - Processing /home/airflow/.local/lib/python3.12/site-packages/airflow/example_dags/example_latest_only.py took 0.226 seconds
[2024-05-25T22:17:13.993+0000] {processor.py:161} INFO - Started process (PID=1856) to work on /home/airflow/.local/lib/python3.12/site-packages/airflow/example_dags/example_latest_only.py
[2024-05-25T22:17:13.996+0000] {processor.py:830} INFO - Processing file /home/airflow/.local/lib/python3.12/site-packages/airflow/example_dags/example_latest_only.py for tasks to queue
[2024-05-25T22:17:14.000+0000] {logging_mixin.py:188} INFO - [2024-05-25T22:17:13.999+0000] {dagbag.py:545} INFO - Filling up the DagBag from /home/airflow/.local/lib/python3.12/site-packages/airflow/example_dags/example_latest_only.py
[2024-05-25T22:17:14.006+0000] {processor.py:840} INFO - DAG(s) 'latest_only' retrieved from /home/airflow/.local/lib/python3.12/site-packages/airflow/example_dags/example_latest_only.py
[2024-05-25T22:17:14.030+0000] {logging_mixin.py:188} INFO - [2024-05-25T22:17:14.030+0000] {dag.py:3096} INFO - Sync 1 DAGs
[2024-05-25T22:17:14.056+0000] {logging_mixin.py:188} INFO - [2024-05-25T22:17:14.056+0000] {dag.py:3954} INFO - Setting next_dagrun for latest_only to 2024-05-25 16:00:00+00:00, run_after=2024-05-25 20:00:00+00:00
[2024-05-25T22:17:14.078+0000] {processor.py:183} INFO - Processing /home/airflow/.local/lib/python3.12/site-packages/airflow/example_dags/example_latest_only.py took 0.092 seconds
[2024-05-25T22:17:44.421+0000] {processor.py:161} INFO - Started process (PID=1914) to work on /home/airflow/.local/lib/python3.12/site-packages/airflow/example_dags/example_latest_only.py
[2024-05-25T22:17:44.422+0000] {processor.py:830} INFO - Processing file /home/airflow/.local/lib/python3.12/site-packages/airflow/example_dags/example_latest_only.py for tasks to queue
[2024-05-25T22:17:44.425+0000] {logging_mixin.py:188} INFO - [2024-05-25T22:17:44.424+0000] {dagbag.py:545} INFO - Filling up the DagBag from /home/airflow/.local/lib/python3.12/site-packages/airflow/example_dags/example_latest_only.py
[2024-05-25T22:17:44.431+0000] {processor.py:840} INFO - DAG(s) 'latest_only' retrieved from /home/airflow/.local/lib/python3.12/site-packages/airflow/example_dags/example_latest_only.py
[2024-05-25T22:17:44.454+0000] {logging_mixin.py:188} INFO - [2024-05-25T22:17:44.454+0000] {dag.py:3096} INFO - Sync 1 DAGs
[2024-05-25T22:17:44.480+0000] {logging_mixin.py:188} INFO - [2024-05-25T22:17:44.480+0000] {dag.py:3954} INFO - Setting next_dagrun for latest_only to 2024-05-25 16:00:00+00:00, run_after=2024-05-25 20:00:00+00:00
[2024-05-25T22:17:44.506+0000] {processor.py:183} INFO - Processing /home/airflow/.local/lib/python3.12/site-packages/airflow/example_dags/example_latest_only.py took 0.095 seconds
[2024-05-25T22:18:14.753+0000] {processor.py:161} INFO - Started process (PID=1972) to work on /home/airflow/.local/lib/python3.12/site-packages/airflow/example_dags/example_latest_only.py
[2024-05-25T22:18:14.754+0000] {processor.py:830} INFO - Processing file /home/airflow/.local/lib/python3.12/site-packages/airflow/example_dags/example_latest_only.py for tasks to queue
[2024-05-25T22:18:14.756+0000] {logging_mixin.py:188} INFO - [2024-05-25T22:18:14.756+0000] {dagbag.py:545} INFO - Filling up the DagBag from /home/airflow/.local/lib/python3.12/site-packages/airflow/example_dags/example_latest_only.py
[2024-05-25T22:18:14.762+0000] {processor.py:840} INFO - DAG(s) 'latest_only' retrieved from /home/airflow/.local/lib/python3.12/site-packages/airflow/example_dags/example_latest_only.py
[2024-05-25T22:18:14.784+0000] {logging_mixin.py:188} INFO - [2024-05-25T22:18:14.784+0000] {dag.py:3096} INFO - Sync 1 DAGs
[2024-05-25T22:18:14.809+0000] {logging_mixin.py:188} INFO - [2024-05-25T22:18:14.809+0000] {dag.py:3954} INFO - Setting next_dagrun for latest_only to 2024-05-25 16:00:00+00:00, run_after=2024-05-25 20:00:00+00:00
[2024-05-25T22:18:14.830+0000] {processor.py:183} INFO - Processing /home/airflow/.local/lib/python3.12/site-packages/airflow/example_dags/example_latest_only.py took 0.083 seconds
[2024-05-25T22:18:45.865+0000] {processor.py:161} INFO - Started process (PID=2030) to work on /home/airflow/.local/lib/python3.12/site-packages/airflow/example_dags/example_latest_only.py
[2024-05-25T22:18:45.866+0000] {processor.py:830} INFO - Processing file /home/airflow/.local/lib/python3.12/site-packages/airflow/example_dags/example_latest_only.py for tasks to queue
[2024-05-25T22:18:45.868+0000] {logging_mixin.py:188} INFO - [2024-05-25T22:18:45.868+0000] {dagbag.py:545} INFO - Filling up the DagBag from /home/airflow/.local/lib/python3.12/site-packages/airflow/example_dags/example_latest_only.py
[2024-05-25T22:18:45.874+0000] {processor.py:840} INFO - DAG(s) 'latest_only' retrieved from /home/airflow/.local/lib/python3.12/site-packages/airflow/example_dags/example_latest_only.py
[2024-05-25T22:18:45.907+0000] {logging_mixin.py:188} INFO - [2024-05-25T22:18:45.906+0000] {dag.py:3096} INFO - Sync 1 DAGs
[2024-05-25T22:18:45.936+0000] {logging_mixin.py:188} INFO - [2024-05-25T22:18:45.936+0000] {dag.py:3954} INFO - Setting next_dagrun for latest_only to 2024-05-25 16:00:00+00:00, run_after=2024-05-25 20:00:00+00:00
[2024-05-25T22:18:45.961+0000] {processor.py:183} INFO - Processing /home/airflow/.local/lib/python3.12/site-packages/airflow/example_dags/example_latest_only.py took 0.103 seconds
[2024-05-25T22:19:16.250+0000] {processor.py:161} INFO - Started process (PID=2088) to work on /home/airflow/.local/lib/python3.12/site-packages/airflow/example_dags/example_latest_only.py
[2024-05-25T22:19:16.252+0000] {processor.py:830} INFO - Processing file /home/airflow/.local/lib/python3.12/site-packages/airflow/example_dags/example_latest_only.py for tasks to queue
[2024-05-25T22:19:16.257+0000] {logging_mixin.py:188} INFO - [2024-05-25T22:19:16.256+0000] {dagbag.py:545} INFO - Filling up the DagBag from /home/airflow/.local/lib/python3.12/site-packages/airflow/example_dags/example_latest_only.py
[2024-05-25T22:19:16.264+0000] {processor.py:840} INFO - DAG(s) 'latest_only' retrieved from /home/airflow/.local/lib/python3.12/site-packages/airflow/example_dags/example_latest_only.py
[2024-05-25T22:19:16.285+0000] {logging_mixin.py:188} INFO - [2024-05-25T22:19:16.285+0000] {dag.py:3096} INFO - Sync 1 DAGs
[2024-05-25T22:19:16.310+0000] {logging_mixin.py:188} INFO - [2024-05-25T22:19:16.309+0000] {dag.py:3954} INFO - Setting next_dagrun for latest_only to 2024-05-25 16:00:00+00:00, run_after=2024-05-25 20:00:00+00:00
[2024-05-25T22:19:16.333+0000] {processor.py:183} INFO - Processing /home/airflow/.local/lib/python3.12/site-packages/airflow/example_dags/example_latest_only.py took 0.093 seconds
