[2024-05-25T22:01:27.015+0000] {processor.py:161} INFO - Started process (PID=43) to work on /home/airflow/.local/lib/python3.12/site-packages/airflow/example_dags/example_setup_teardown_taskflow.py
[2024-05-25T22:01:27.018+0000] {processor.py:830} INFO - Processing file /home/airflow/.local/lib/python3.12/site-packages/airflow/example_dags/example_setup_teardown_taskflow.py for tasks to queue
[2024-05-25T22:01:27.024+0000] {logging_mixin.py:188} INFO - [2024-05-25T22:01:27.023+0000] {dagbag.py:545} INFO - Filling up the DagBag from /home/airflow/.local/lib/python3.12/site-packages/airflow/example_dags/example_setup_teardown_taskflow.py
[2024-05-25T22:01:27.048+0000] {processor.py:840} INFO - DAG(s) 'example_setup_teardown_taskflow' retrieved from /home/airflow/.local/lib/python3.12/site-packages/airflow/example_dags/example_setup_teardown_taskflow.py
[2024-05-25T22:01:27.071+0000] {logging_mixin.py:188} INFO - [2024-05-25T22:01:27.070+0000] {dag.py:3096} INFO - Sync 1 DAGs
[2024-05-25T22:01:27.107+0000] {logging_mixin.py:188} INFO - [2024-05-25T22:01:27.106+0000] {dag.py:3954} INFO - Setting next_dagrun for example_setup_teardown_taskflow to 2024-05-24 00:00:00+00:00, run_after=2024-05-25 00:00:00+00:00
[2024-05-25T22:01:27.138+0000] {processor.py:183} INFO - Processing /home/airflow/.local/lib/python3.12/site-packages/airflow/example_dags/example_setup_teardown_taskflow.py took 0.141 seconds
[2024-05-25T22:01:57.687+0000] {processor.py:161} INFO - Started process (PID=101) to work on /home/airflow/.local/lib/python3.12/site-packages/airflow/example_dags/example_setup_teardown_taskflow.py
[2024-05-25T22:01:57.688+0000] {processor.py:830} INFO - Processing file /home/airflow/.local/lib/python3.12/site-packages/airflow/example_dags/example_setup_teardown_taskflow.py for tasks to queue
[2024-05-25T22:01:57.690+0000] {logging_mixin.py:188} INFO - [2024-05-25T22:01:57.690+0000] {dagbag.py:545} INFO - Filling up the DagBag from /home/airflow/.local/lib/python3.12/site-packages/airflow/example_dags/example_setup_teardown_taskflow.py
[2024-05-25T22:01:57.701+0000] {processor.py:840} INFO - DAG(s) 'example_setup_teardown_taskflow' retrieved from /home/airflow/.local/lib/python3.12/site-packages/airflow/example_dags/example_setup_teardown_taskflow.py
[2024-05-25T22:01:57.834+0000] {logging_mixin.py:188} INFO - [2024-05-25T22:01:57.834+0000] {dag.py:3096} INFO - Sync 1 DAGs
[2024-05-25T22:01:57.873+0000] {logging_mixin.py:188} INFO - [2024-05-25T22:01:57.873+0000] {dag.py:3954} INFO - Setting next_dagrun for example_setup_teardown_taskflow to 2024-05-24 00:00:00+00:00, run_after=2024-05-25 00:00:00+00:00
[2024-05-25T22:01:57.895+0000] {processor.py:183} INFO - Processing /home/airflow/.local/lib/python3.12/site-packages/airflow/example_dags/example_setup_teardown_taskflow.py took 0.214 seconds
[2024-05-25T22:02:28.422+0000] {processor.py:161} INFO - Started process (PID=159) to work on /home/airflow/.local/lib/python3.12/site-packages/airflow/example_dags/example_setup_teardown_taskflow.py
[2024-05-25T22:02:28.424+0000] {processor.py:830} INFO - Processing file /home/airflow/.local/lib/python3.12/site-packages/airflow/example_dags/example_setup_teardown_taskflow.py for tasks to queue
[2024-05-25T22:02:28.427+0000] {logging_mixin.py:188} INFO - [2024-05-25T22:02:28.426+0000] {dagbag.py:545} INFO - Filling up the DagBag from /home/airflow/.local/lib/python3.12/site-packages/airflow/example_dags/example_setup_teardown_taskflow.py
[2024-05-25T22:02:28.442+0000] {processor.py:840} INFO - DAG(s) 'example_setup_teardown_taskflow' retrieved from /home/airflow/.local/lib/python3.12/site-packages/airflow/example_dags/example_setup_teardown_taskflow.py
[2024-05-25T22:02:28.471+0000] {logging_mixin.py:188} INFO - [2024-05-25T22:02:28.471+0000] {dag.py:3096} INFO - Sync 1 DAGs
[2024-05-25T22:02:28.499+0000] {logging_mixin.py:188} INFO - [2024-05-25T22:02:28.498+0000] {dag.py:3954} INFO - Setting next_dagrun for example_setup_teardown_taskflow to 2024-05-24 00:00:00+00:00, run_after=2024-05-25 00:00:00+00:00
[2024-05-25T22:02:28.520+0000] {processor.py:183} INFO - Processing /home/airflow/.local/lib/python3.12/site-packages/airflow/example_dags/example_setup_teardown_taskflow.py took 0.104 seconds
[2024-05-25T22:02:58.718+0000] {processor.py:161} INFO - Started process (PID=217) to work on /home/airflow/.local/lib/python3.12/site-packages/airflow/example_dags/example_setup_teardown_taskflow.py
[2024-05-25T22:02:58.719+0000] {processor.py:830} INFO - Processing file /home/airflow/.local/lib/python3.12/site-packages/airflow/example_dags/example_setup_teardown_taskflow.py for tasks to queue
[2024-05-25T22:02:58.721+0000] {logging_mixin.py:188} INFO - [2024-05-25T22:02:58.720+0000] {dagbag.py:545} INFO - Filling up the DagBag from /home/airflow/.local/lib/python3.12/site-packages/airflow/example_dags/example_setup_teardown_taskflow.py
[2024-05-25T22:02:58.732+0000] {processor.py:840} INFO - DAG(s) 'example_setup_teardown_taskflow' retrieved from /home/airflow/.local/lib/python3.12/site-packages/airflow/example_dags/example_setup_teardown_taskflow.py
[2024-05-25T22:02:58.760+0000] {logging_mixin.py:188} INFO - [2024-05-25T22:02:58.760+0000] {dag.py:3096} INFO - Sync 1 DAGs
[2024-05-25T22:02:58.787+0000] {logging_mixin.py:188} INFO - [2024-05-25T22:02:58.787+0000] {dag.py:3954} INFO - Setting next_dagrun for example_setup_teardown_taskflow to 2024-05-24 00:00:00+00:00, run_after=2024-05-25 00:00:00+00:00
[2024-05-25T22:02:58.808+0000] {processor.py:183} INFO - Processing /home/airflow/.local/lib/python3.12/site-packages/airflow/example_dags/example_setup_teardown_taskflow.py took 0.098 seconds
[2024-05-25T22:03:29.061+0000] {processor.py:161} INFO - Started process (PID=275) to work on /home/airflow/.local/lib/python3.12/site-packages/airflow/example_dags/example_setup_teardown_taskflow.py
[2024-05-25T22:03:29.063+0000] {processor.py:830} INFO - Processing file /home/airflow/.local/lib/python3.12/site-packages/airflow/example_dags/example_setup_teardown_taskflow.py for tasks to queue
[2024-05-25T22:03:29.065+0000] {logging_mixin.py:188} INFO - [2024-05-25T22:03:29.065+0000] {dagbag.py:545} INFO - Filling up the DagBag from /home/airflow/.local/lib/python3.12/site-packages/airflow/example_dags/example_setup_teardown_taskflow.py
[2024-05-25T22:03:29.078+0000] {processor.py:840} INFO - DAG(s) 'example_setup_teardown_taskflow' retrieved from /home/airflow/.local/lib/python3.12/site-packages/airflow/example_dags/example_setup_teardown_taskflow.py
[2024-05-25T22:03:29.108+0000] {logging_mixin.py:188} INFO - [2024-05-25T22:03:29.108+0000] {dag.py:3096} INFO - Sync 1 DAGs
[2024-05-25T22:03:29.138+0000] {logging_mixin.py:188} INFO - [2024-05-25T22:03:29.138+0000] {dag.py:3954} INFO - Setting next_dagrun for example_setup_teardown_taskflow to 2024-05-24 00:00:00+00:00, run_after=2024-05-25 00:00:00+00:00
[2024-05-25T22:03:29.169+0000] {processor.py:183} INFO - Processing /home/airflow/.local/lib/python3.12/site-packages/airflow/example_dags/example_setup_teardown_taskflow.py took 0.115 seconds
[2024-05-25T22:03:59.774+0000] {processor.py:161} INFO - Started process (PID=333) to work on /home/airflow/.local/lib/python3.12/site-packages/airflow/example_dags/example_setup_teardown_taskflow.py
[2024-05-25T22:03:59.775+0000] {processor.py:830} INFO - Processing file /home/airflow/.local/lib/python3.12/site-packages/airflow/example_dags/example_setup_teardown_taskflow.py for tasks to queue
[2024-05-25T22:03:59.778+0000] {logging_mixin.py:188} INFO - [2024-05-25T22:03:59.778+0000] {dagbag.py:545} INFO - Filling up the DagBag from /home/airflow/.local/lib/python3.12/site-packages/airflow/example_dags/example_setup_teardown_taskflow.py
[2024-05-25T22:03:59.789+0000] {processor.py:840} INFO - DAG(s) 'example_setup_teardown_taskflow' retrieved from /home/airflow/.local/lib/python3.12/site-packages/airflow/example_dags/example_setup_teardown_taskflow.py
[2024-05-25T22:03:59.828+0000] {logging_mixin.py:188} INFO - [2024-05-25T22:03:59.828+0000] {dag.py:3096} INFO - Sync 1 DAGs
[2024-05-25T22:03:59.856+0000] {logging_mixin.py:188} INFO - [2024-05-25T22:03:59.856+0000] {dag.py:3954} INFO - Setting next_dagrun for example_setup_teardown_taskflow to 2024-05-24 00:00:00+00:00, run_after=2024-05-25 00:00:00+00:00
[2024-05-25T22:03:59.878+0000] {processor.py:183} INFO - Processing /home/airflow/.local/lib/python3.12/site-packages/airflow/example_dags/example_setup_teardown_taskflow.py took 0.111 seconds
[2024-05-25T22:04:30.236+0000] {processor.py:161} INFO - Started process (PID=391) to work on /home/airflow/.local/lib/python3.12/site-packages/airflow/example_dags/example_setup_teardown_taskflow.py
[2024-05-25T22:04:30.238+0000] {processor.py:830} INFO - Processing file /home/airflow/.local/lib/python3.12/site-packages/airflow/example_dags/example_setup_teardown_taskflow.py for tasks to queue
[2024-05-25T22:04:30.241+0000] {logging_mixin.py:188} INFO - [2024-05-25T22:04:30.240+0000] {dagbag.py:545} INFO - Filling up the DagBag from /home/airflow/.local/lib/python3.12/site-packages/airflow/example_dags/example_setup_teardown_taskflow.py
[2024-05-25T22:04:30.255+0000] {processor.py:840} INFO - DAG(s) 'example_setup_teardown_taskflow' retrieved from /home/airflow/.local/lib/python3.12/site-packages/airflow/example_dags/example_setup_teardown_taskflow.py
[2024-05-25T22:04:30.293+0000] {logging_mixin.py:188} INFO - [2024-05-25T22:04:30.292+0000] {dag.py:3096} INFO - Sync 1 DAGs
[2024-05-25T22:04:30.322+0000] {logging_mixin.py:188} INFO - [2024-05-25T22:04:30.321+0000] {dag.py:3954} INFO - Setting next_dagrun for example_setup_teardown_taskflow to 2024-05-24 00:00:00+00:00, run_after=2024-05-25 00:00:00+00:00
[2024-05-25T22:04:30.345+0000] {processor.py:183} INFO - Processing /home/airflow/.local/lib/python3.12/site-packages/airflow/example_dags/example_setup_teardown_taskflow.py took 0.118 seconds
[2024-05-25T22:05:00.564+0000] {processor.py:161} INFO - Started process (PID=448) to work on /home/airflow/.local/lib/python3.12/site-packages/airflow/example_dags/example_setup_teardown_taskflow.py
[2024-05-25T22:05:00.566+0000] {processor.py:830} INFO - Processing file /home/airflow/.local/lib/python3.12/site-packages/airflow/example_dags/example_setup_teardown_taskflow.py for tasks to queue
[2024-05-25T22:05:00.568+0000] {logging_mixin.py:188} INFO - [2024-05-25T22:05:00.567+0000] {dagbag.py:545} INFO - Filling up the DagBag from /home/airflow/.local/lib/python3.12/site-packages/airflow/example_dags/example_setup_teardown_taskflow.py
[2024-05-25T22:05:00.578+0000] {processor.py:840} INFO - DAG(s) 'example_setup_teardown_taskflow' retrieved from /home/airflow/.local/lib/python3.12/site-packages/airflow/example_dags/example_setup_teardown_taskflow.py
[2024-05-25T22:05:00.605+0000] {logging_mixin.py:188} INFO - [2024-05-25T22:05:00.605+0000] {dag.py:3096} INFO - Sync 1 DAGs
[2024-05-25T22:05:00.632+0000] {logging_mixin.py:188} INFO - [2024-05-25T22:05:00.632+0000] {dag.py:3954} INFO - Setting next_dagrun for example_setup_teardown_taskflow to 2024-05-24 00:00:00+00:00, run_after=2024-05-25 00:00:00+00:00
[2024-05-25T22:05:00.656+0000] {processor.py:183} INFO - Processing /home/airflow/.local/lib/python3.12/site-packages/airflow/example_dags/example_setup_teardown_taskflow.py took 0.099 seconds
[2024-05-25T22:05:30.991+0000] {processor.py:161} INFO - Started process (PID=506) to work on /home/airflow/.local/lib/python3.12/site-packages/airflow/example_dags/example_setup_teardown_taskflow.py
[2024-05-25T22:05:30.992+0000] {processor.py:830} INFO - Processing file /home/airflow/.local/lib/python3.12/site-packages/airflow/example_dags/example_setup_teardown_taskflow.py for tasks to queue
[2024-05-25T22:05:30.996+0000] {logging_mixin.py:188} INFO - [2024-05-25T22:05:30.995+0000] {dagbag.py:545} INFO - Filling up the DagBag from /home/airflow/.local/lib/python3.12/site-packages/airflow/example_dags/example_setup_teardown_taskflow.py
[2024-05-25T22:05:31.013+0000] {processor.py:840} INFO - DAG(s) 'example_setup_teardown_taskflow' retrieved from /home/airflow/.local/lib/python3.12/site-packages/airflow/example_dags/example_setup_teardown_taskflow.py
[2024-05-25T22:05:31.039+0000] {logging_mixin.py:188} INFO - [2024-05-25T22:05:31.038+0000] {dag.py:3096} INFO - Sync 1 DAGs
[2024-05-25T22:05:31.089+0000] {logging_mixin.py:188} INFO - [2024-05-25T22:05:31.089+0000] {dag.py:3954} INFO - Setting next_dagrun for example_setup_teardown_taskflow to 2024-05-24 00:00:00+00:00, run_after=2024-05-25 00:00:00+00:00
[2024-05-25T22:05:31.112+0000] {processor.py:183} INFO - Processing /home/airflow/.local/lib/python3.12/site-packages/airflow/example_dags/example_setup_teardown_taskflow.py took 0.130 seconds
[2024-05-25T22:06:01.380+0000] {processor.py:161} INFO - Started process (PID=563) to work on /home/airflow/.local/lib/python3.12/site-packages/airflow/example_dags/example_setup_teardown_taskflow.py
[2024-05-25T22:06:01.381+0000] {processor.py:830} INFO - Processing file /home/airflow/.local/lib/python3.12/site-packages/airflow/example_dags/example_setup_teardown_taskflow.py for tasks to queue
[2024-05-25T22:06:01.383+0000] {logging_mixin.py:188} INFO - [2024-05-25T22:06:01.383+0000] {dagbag.py:545} INFO - Filling up the DagBag from /home/airflow/.local/lib/python3.12/site-packages/airflow/example_dags/example_setup_teardown_taskflow.py
[2024-05-25T22:06:01.393+0000] {processor.py:840} INFO - DAG(s) 'example_setup_teardown_taskflow' retrieved from /home/airflow/.local/lib/python3.12/site-packages/airflow/example_dags/example_setup_teardown_taskflow.py
[2024-05-25T22:06:01.416+0000] {logging_mixin.py:188} INFO - [2024-05-25T22:06:01.416+0000] {dag.py:3096} INFO - Sync 1 DAGs
[2024-05-25T22:06:01.442+0000] {logging_mixin.py:188} INFO - [2024-05-25T22:06:01.442+0000] {dag.py:3954} INFO - Setting next_dagrun for example_setup_teardown_taskflow to 2024-05-24 00:00:00+00:00, run_after=2024-05-25 00:00:00+00:00
[2024-05-25T22:06:01.463+0000] {processor.py:183} INFO - Processing /home/airflow/.local/lib/python3.12/site-packages/airflow/example_dags/example_setup_teardown_taskflow.py took 0.089 seconds
[2024-05-25T22:06:31.994+0000] {processor.py:161} INFO - Started process (PID=620) to work on /home/airflow/.local/lib/python3.12/site-packages/airflow/example_dags/example_setup_teardown_taskflow.py
[2024-05-25T22:06:31.995+0000] {processor.py:830} INFO - Processing file /home/airflow/.local/lib/python3.12/site-packages/airflow/example_dags/example_setup_teardown_taskflow.py for tasks to queue
[2024-05-25T22:06:31.997+0000] {logging_mixin.py:188} INFO - [2024-05-25T22:06:31.996+0000] {dagbag.py:545} INFO - Filling up the DagBag from /home/airflow/.local/lib/python3.12/site-packages/airflow/example_dags/example_setup_teardown_taskflow.py
[2024-05-25T22:06:32.008+0000] {processor.py:840} INFO - DAG(s) 'example_setup_teardown_taskflow' retrieved from /home/airflow/.local/lib/python3.12/site-packages/airflow/example_dags/example_setup_teardown_taskflow.py
[2024-05-25T22:06:32.033+0000] {logging_mixin.py:188} INFO - [2024-05-25T22:06:32.032+0000] {dag.py:3096} INFO - Sync 1 DAGs
[2024-05-25T22:06:32.061+0000] {logging_mixin.py:188} INFO - [2024-05-25T22:06:32.061+0000] {dag.py:3954} INFO - Setting next_dagrun for example_setup_teardown_taskflow to 2024-05-24 00:00:00+00:00, run_after=2024-05-25 00:00:00+00:00
[2024-05-25T22:06:32.089+0000] {processor.py:183} INFO - Processing /home/airflow/.local/lib/python3.12/site-packages/airflow/example_dags/example_setup_teardown_taskflow.py took 0.102 seconds
[2024-05-25T22:07:02.319+0000] {processor.py:161} INFO - Started process (PID=677) to work on /home/airflow/.local/lib/python3.12/site-packages/airflow/example_dags/example_setup_teardown_taskflow.py
[2024-05-25T22:07:02.320+0000] {processor.py:830} INFO - Processing file /home/airflow/.local/lib/python3.12/site-packages/airflow/example_dags/example_setup_teardown_taskflow.py for tasks to queue
[2024-05-25T22:07:02.323+0000] {logging_mixin.py:188} INFO - [2024-05-25T22:07:02.323+0000] {dagbag.py:545} INFO - Filling up the DagBag from /home/airflow/.local/lib/python3.12/site-packages/airflow/example_dags/example_setup_teardown_taskflow.py
[2024-05-25T22:07:02.334+0000] {processor.py:840} INFO - DAG(s) 'example_setup_teardown_taskflow' retrieved from /home/airflow/.local/lib/python3.12/site-packages/airflow/example_dags/example_setup_teardown_taskflow.py
[2024-05-25T22:07:02.369+0000] {logging_mixin.py:188} INFO - [2024-05-25T22:07:02.368+0000] {dag.py:3096} INFO - Sync 1 DAGs
[2024-05-25T22:07:02.401+0000] {logging_mixin.py:188} INFO - [2024-05-25T22:07:02.400+0000] {dag.py:3954} INFO - Setting next_dagrun for example_setup_teardown_taskflow to 2024-05-24 00:00:00+00:00, run_after=2024-05-25 00:00:00+00:00
[2024-05-25T22:07:02.423+0000] {processor.py:183} INFO - Processing /home/airflow/.local/lib/python3.12/site-packages/airflow/example_dags/example_setup_teardown_taskflow.py took 0.110 seconds
[2024-05-25T22:07:32.936+0000] {processor.py:161} INFO - Started process (PID=735) to work on /home/airflow/.local/lib/python3.12/site-packages/airflow/example_dags/example_setup_teardown_taskflow.py
[2024-05-25T22:07:32.937+0000] {processor.py:830} INFO - Processing file /home/airflow/.local/lib/python3.12/site-packages/airflow/example_dags/example_setup_teardown_taskflow.py for tasks to queue
[2024-05-25T22:07:32.940+0000] {logging_mixin.py:188} INFO - [2024-05-25T22:07:32.939+0000] {dagbag.py:545} INFO - Filling up the DagBag from /home/airflow/.local/lib/python3.12/site-packages/airflow/example_dags/example_setup_teardown_taskflow.py
[2024-05-25T22:07:32.952+0000] {processor.py:840} INFO - DAG(s) 'example_setup_teardown_taskflow' retrieved from /home/airflow/.local/lib/python3.12/site-packages/airflow/example_dags/example_setup_teardown_taskflow.py
[2024-05-25T22:07:32.984+0000] {logging_mixin.py:188} INFO - [2024-05-25T22:07:32.983+0000] {dag.py:3096} INFO - Sync 1 DAGs
[2024-05-25T22:07:33.017+0000] {logging_mixin.py:188} INFO - [2024-05-25T22:07:33.016+0000] {dag.py:3954} INFO - Setting next_dagrun for example_setup_teardown_taskflow to 2024-05-24 00:00:00+00:00, run_after=2024-05-25 00:00:00+00:00
[2024-05-25T22:07:33.053+0000] {processor.py:183} INFO - Processing /home/airflow/.local/lib/python3.12/site-packages/airflow/example_dags/example_setup_teardown_taskflow.py took 0.128 seconds
[2024-05-25T22:08:03.291+0000] {processor.py:161} INFO - Started process (PID=793) to work on /home/airflow/.local/lib/python3.12/site-packages/airflow/example_dags/example_setup_teardown_taskflow.py
[2024-05-25T22:08:03.292+0000] {processor.py:830} INFO - Processing file /home/airflow/.local/lib/python3.12/site-packages/airflow/example_dags/example_setup_teardown_taskflow.py for tasks to queue
[2024-05-25T22:08:03.294+0000] {logging_mixin.py:188} INFO - [2024-05-25T22:08:03.294+0000] {dagbag.py:545} INFO - Filling up the DagBag from /home/airflow/.local/lib/python3.12/site-packages/airflow/example_dags/example_setup_teardown_taskflow.py
[2024-05-25T22:08:03.309+0000] {processor.py:840} INFO - DAG(s) 'example_setup_teardown_taskflow' retrieved from /home/airflow/.local/lib/python3.12/site-packages/airflow/example_dags/example_setup_teardown_taskflow.py
[2024-05-25T22:08:03.336+0000] {logging_mixin.py:188} INFO - [2024-05-25T22:08:03.336+0000] {dag.py:3096} INFO - Sync 1 DAGs
[2024-05-25T22:08:03.364+0000] {logging_mixin.py:188} INFO - [2024-05-25T22:08:03.363+0000] {dag.py:3954} INFO - Setting next_dagrun for example_setup_teardown_taskflow to 2024-05-24 00:00:00+00:00, run_after=2024-05-25 00:00:00+00:00
[2024-05-25T22:08:03.391+0000] {processor.py:183} INFO - Processing /home/airflow/.local/lib/python3.12/site-packages/airflow/example_dags/example_setup_teardown_taskflow.py took 0.107 seconds
[2024-05-25T22:08:33.463+0000] {processor.py:161} INFO - Started process (PID=851) to work on /home/airflow/.local/lib/python3.12/site-packages/airflow/example_dags/example_setup_teardown_taskflow.py
[2024-05-25T22:08:33.464+0000] {processor.py:830} INFO - Processing file /home/airflow/.local/lib/python3.12/site-packages/airflow/example_dags/example_setup_teardown_taskflow.py for tasks to queue
[2024-05-25T22:08:33.466+0000] {logging_mixin.py:188} INFO - [2024-05-25T22:08:33.465+0000] {dagbag.py:545} INFO - Filling up the DagBag from /home/airflow/.local/lib/python3.12/site-packages/airflow/example_dags/example_setup_teardown_taskflow.py
[2024-05-25T22:08:33.476+0000] {processor.py:840} INFO - DAG(s) 'example_setup_teardown_taskflow' retrieved from /home/airflow/.local/lib/python3.12/site-packages/airflow/example_dags/example_setup_teardown_taskflow.py
[2024-05-25T22:08:33.502+0000] {logging_mixin.py:188} INFO - [2024-05-25T22:08:33.502+0000] {dag.py:3096} INFO - Sync 1 DAGs
[2024-05-25T22:08:33.532+0000] {logging_mixin.py:188} INFO - [2024-05-25T22:08:33.531+0000] {dag.py:3954} INFO - Setting next_dagrun for example_setup_teardown_taskflow to 2024-05-24 00:00:00+00:00, run_after=2024-05-25 00:00:00+00:00
[2024-05-25T22:08:33.554+0000] {processor.py:183} INFO - Processing /home/airflow/.local/lib/python3.12/site-packages/airflow/example_dags/example_setup_teardown_taskflow.py took 0.098 seconds
[2024-05-25T22:09:04.756+0000] {processor.py:161} INFO - Started process (PID=909) to work on /home/airflow/.local/lib/python3.12/site-packages/airflow/example_dags/example_setup_teardown_taskflow.py
[2024-05-25T22:09:04.757+0000] {processor.py:830} INFO - Processing file /home/airflow/.local/lib/python3.12/site-packages/airflow/example_dags/example_setup_teardown_taskflow.py for tasks to queue
[2024-05-25T22:09:04.759+0000] {logging_mixin.py:188} INFO - [2024-05-25T22:09:04.759+0000] {dagbag.py:545} INFO - Filling up the DagBag from /home/airflow/.local/lib/python3.12/site-packages/airflow/example_dags/example_setup_teardown_taskflow.py
[2024-05-25T22:09:04.770+0000] {processor.py:840} INFO - DAG(s) 'example_setup_teardown_taskflow' retrieved from /home/airflow/.local/lib/python3.12/site-packages/airflow/example_dags/example_setup_teardown_taskflow.py
[2024-05-25T22:09:04.822+0000] {logging_mixin.py:188} INFO - [2024-05-25T22:09:04.821+0000] {dag.py:3096} INFO - Sync 1 DAGs
[2024-05-25T22:09:04.852+0000] {logging_mixin.py:188} INFO - [2024-05-25T22:09:04.852+0000] {dag.py:3954} INFO - Setting next_dagrun for example_setup_teardown_taskflow to 2024-05-24 00:00:00+00:00, run_after=2024-05-25 00:00:00+00:00
[2024-05-25T22:09:04.985+0000] {processor.py:183} INFO - Processing /home/airflow/.local/lib/python3.12/site-packages/airflow/example_dags/example_setup_teardown_taskflow.py took 0.243 seconds
[2024-05-25T22:09:35.945+0000] {processor.py:161} INFO - Started process (PID=966) to work on /home/airflow/.local/lib/python3.12/site-packages/airflow/example_dags/example_setup_teardown_taskflow.py
[2024-05-25T22:09:35.947+0000] {processor.py:830} INFO - Processing file /home/airflow/.local/lib/python3.12/site-packages/airflow/example_dags/example_setup_teardown_taskflow.py for tasks to queue
[2024-05-25T22:09:35.952+0000] {logging_mixin.py:188} INFO - [2024-05-25T22:09:35.951+0000] {dagbag.py:545} INFO - Filling up the DagBag from /home/airflow/.local/lib/python3.12/site-packages/airflow/example_dags/example_setup_teardown_taskflow.py
[2024-05-25T22:09:35.970+0000] {processor.py:840} INFO - DAG(s) 'example_setup_teardown_taskflow' retrieved from /home/airflow/.local/lib/python3.12/site-packages/airflow/example_dags/example_setup_teardown_taskflow.py
[2024-05-25T22:09:35.998+0000] {logging_mixin.py:188} INFO - [2024-05-25T22:09:35.998+0000] {dag.py:3096} INFO - Sync 1 DAGs
[2024-05-25T22:09:36.025+0000] {logging_mixin.py:188} INFO - [2024-05-25T22:09:36.025+0000] {dag.py:3954} INFO - Setting next_dagrun for example_setup_teardown_taskflow to 2024-05-24 00:00:00+00:00, run_after=2024-05-25 00:00:00+00:00
[2024-05-25T22:09:36.050+0000] {processor.py:183} INFO - Processing /home/airflow/.local/lib/python3.12/site-packages/airflow/example_dags/example_setup_teardown_taskflow.py took 0.123 seconds
[2024-05-25T22:10:06.450+0000] {processor.py:161} INFO - Started process (PID=1024) to work on /home/airflow/.local/lib/python3.12/site-packages/airflow/example_dags/example_setup_teardown_taskflow.py
[2024-05-25T22:10:06.453+0000] {processor.py:830} INFO - Processing file /home/airflow/.local/lib/python3.12/site-packages/airflow/example_dags/example_setup_teardown_taskflow.py for tasks to queue
[2024-05-25T22:10:06.459+0000] {logging_mixin.py:188} INFO - [2024-05-25T22:10:06.458+0000] {dagbag.py:545} INFO - Filling up the DagBag from /home/airflow/.local/lib/python3.12/site-packages/airflow/example_dags/example_setup_teardown_taskflow.py
[2024-05-25T22:10:06.472+0000] {processor.py:840} INFO - DAG(s) 'example_setup_teardown_taskflow' retrieved from /home/airflow/.local/lib/python3.12/site-packages/airflow/example_dags/example_setup_teardown_taskflow.py
[2024-05-25T22:10:06.499+0000] {logging_mixin.py:188} INFO - [2024-05-25T22:10:06.499+0000] {dag.py:3096} INFO - Sync 1 DAGs
[2024-05-25T22:10:06.525+0000] {logging_mixin.py:188} INFO - [2024-05-25T22:10:06.525+0000] {dag.py:3954} INFO - Setting next_dagrun for example_setup_teardown_taskflow to 2024-05-24 00:00:00+00:00, run_after=2024-05-25 00:00:00+00:00
[2024-05-25T22:10:06.548+0000] {processor.py:183} INFO - Processing /home/airflow/.local/lib/python3.12/site-packages/airflow/example_dags/example_setup_teardown_taskflow.py took 0.114 seconds
[2024-05-25T22:10:36.993+0000] {processor.py:161} INFO - Started process (PID=1082) to work on /home/airflow/.local/lib/python3.12/site-packages/airflow/example_dags/example_setup_teardown_taskflow.py
[2024-05-25T22:10:36.996+0000] {processor.py:830} INFO - Processing file /home/airflow/.local/lib/python3.12/site-packages/airflow/example_dags/example_setup_teardown_taskflow.py for tasks to queue
[2024-05-25T22:10:37.002+0000] {logging_mixin.py:188} INFO - [2024-05-25T22:10:37.001+0000] {dagbag.py:545} INFO - Filling up the DagBag from /home/airflow/.local/lib/python3.12/site-packages/airflow/example_dags/example_setup_teardown_taskflow.py
[2024-05-25T22:10:37.024+0000] {processor.py:840} INFO - DAG(s) 'example_setup_teardown_taskflow' retrieved from /home/airflow/.local/lib/python3.12/site-packages/airflow/example_dags/example_setup_teardown_taskflow.py
[2024-05-25T22:10:37.064+0000] {logging_mixin.py:188} INFO - [2024-05-25T22:10:37.063+0000] {dag.py:3096} INFO - Sync 1 DAGs
[2024-05-25T22:10:37.089+0000] {logging_mixin.py:188} INFO - [2024-05-25T22:10:37.089+0000] {dag.py:3954} INFO - Setting next_dagrun for example_setup_teardown_taskflow to 2024-05-24 00:00:00+00:00, run_after=2024-05-25 00:00:00+00:00
[2024-05-25T22:10:37.110+0000] {processor.py:183} INFO - Processing /home/airflow/.local/lib/python3.12/site-packages/airflow/example_dags/example_setup_teardown_taskflow.py took 0.135 seconds
[2024-05-25T22:11:07.411+0000] {processor.py:161} INFO - Started process (PID=1139) to work on /home/airflow/.local/lib/python3.12/site-packages/airflow/example_dags/example_setup_teardown_taskflow.py
[2024-05-25T22:11:07.413+0000] {processor.py:830} INFO - Processing file /home/airflow/.local/lib/python3.12/site-packages/airflow/example_dags/example_setup_teardown_taskflow.py for tasks to queue
[2024-05-25T22:11:07.418+0000] {logging_mixin.py:188} INFO - [2024-05-25T22:11:07.417+0000] {dagbag.py:545} INFO - Filling up the DagBag from /home/airflow/.local/lib/python3.12/site-packages/airflow/example_dags/example_setup_teardown_taskflow.py
[2024-05-25T22:11:07.438+0000] {processor.py:840} INFO - DAG(s) 'example_setup_teardown_taskflow' retrieved from /home/airflow/.local/lib/python3.12/site-packages/airflow/example_dags/example_setup_teardown_taskflow.py
[2024-05-25T22:11:07.485+0000] {logging_mixin.py:188} INFO - [2024-05-25T22:11:07.485+0000] {dag.py:3096} INFO - Sync 1 DAGs
[2024-05-25T22:11:07.520+0000] {logging_mixin.py:188} INFO - [2024-05-25T22:11:07.520+0000] {dag.py:3954} INFO - Setting next_dagrun for example_setup_teardown_taskflow to 2024-05-24 00:00:00+00:00, run_after=2024-05-25 00:00:00+00:00
[2024-05-25T22:11:07.549+0000] {processor.py:183} INFO - Processing /home/airflow/.local/lib/python3.12/site-packages/airflow/example_dags/example_setup_teardown_taskflow.py took 0.152 seconds
[2024-05-25T22:11:37.939+0000] {processor.py:161} INFO - Started process (PID=1202) to work on /home/airflow/.local/lib/python3.12/site-packages/airflow/example_dags/example_setup_teardown_taskflow.py
[2024-05-25T22:11:37.942+0000] {processor.py:830} INFO - Processing file /home/airflow/.local/lib/python3.12/site-packages/airflow/example_dags/example_setup_teardown_taskflow.py for tasks to queue
[2024-05-25T22:11:37.947+0000] {logging_mixin.py:188} INFO - [2024-05-25T22:11:37.946+0000] {dagbag.py:545} INFO - Filling up the DagBag from /home/airflow/.local/lib/python3.12/site-packages/airflow/example_dags/example_setup_teardown_taskflow.py
[2024-05-25T22:11:37.968+0000] {processor.py:840} INFO - DAG(s) 'example_setup_teardown_taskflow' retrieved from /home/airflow/.local/lib/python3.12/site-packages/airflow/example_dags/example_setup_teardown_taskflow.py
[2024-05-25T22:11:37.995+0000] {logging_mixin.py:188} INFO - [2024-05-25T22:11:37.994+0000] {dag.py:3096} INFO - Sync 1 DAGs
[2024-05-25T22:11:38.021+0000] {logging_mixin.py:188} INFO - [2024-05-25T22:11:38.021+0000] {dag.py:3954} INFO - Setting next_dagrun for example_setup_teardown_taskflow to 2024-05-24 00:00:00+00:00, run_after=2024-05-25 00:00:00+00:00
[2024-05-25T22:11:38.043+0000] {processor.py:183} INFO - Processing /home/airflow/.local/lib/python3.12/site-packages/airflow/example_dags/example_setup_teardown_taskflow.py took 0.121 seconds
[2024-05-25T22:12:08.475+0000] {processor.py:161} INFO - Started process (PID=1259) to work on /home/airflow/.local/lib/python3.12/site-packages/airflow/example_dags/example_setup_teardown_taskflow.py
[2024-05-25T22:12:08.477+0000] {processor.py:830} INFO - Processing file /home/airflow/.local/lib/python3.12/site-packages/airflow/example_dags/example_setup_teardown_taskflow.py for tasks to queue
[2024-05-25T22:12:08.481+0000] {logging_mixin.py:188} INFO - [2024-05-25T22:12:08.480+0000] {dagbag.py:545} INFO - Filling up the DagBag from /home/airflow/.local/lib/python3.12/site-packages/airflow/example_dags/example_setup_teardown_taskflow.py
[2024-05-25T22:12:08.499+0000] {processor.py:840} INFO - DAG(s) 'example_setup_teardown_taskflow' retrieved from /home/airflow/.local/lib/python3.12/site-packages/airflow/example_dags/example_setup_teardown_taskflow.py
[2024-05-25T22:12:08.525+0000] {logging_mixin.py:188} INFO - [2024-05-25T22:12:08.524+0000] {dag.py:3096} INFO - Sync 1 DAGs
[2024-05-25T22:12:08.553+0000] {logging_mixin.py:188} INFO - [2024-05-25T22:12:08.553+0000] {dag.py:3954} INFO - Setting next_dagrun for example_setup_teardown_taskflow to 2024-05-24 00:00:00+00:00, run_after=2024-05-25 00:00:00+00:00
[2024-05-25T22:12:08.573+0000] {processor.py:183} INFO - Processing /home/airflow/.local/lib/python3.12/site-packages/airflow/example_dags/example_setup_teardown_taskflow.py took 0.114 seconds
[2024-05-25T22:12:39.143+0000] {processor.py:161} INFO - Started process (PID=1316) to work on /home/airflow/.local/lib/python3.12/site-packages/airflow/example_dags/example_setup_teardown_taskflow.py
[2024-05-25T22:12:39.146+0000] {processor.py:830} INFO - Processing file /home/airflow/.local/lib/python3.12/site-packages/airflow/example_dags/example_setup_teardown_taskflow.py for tasks to queue
[2024-05-25T22:12:39.152+0000] {logging_mixin.py:188} INFO - [2024-05-25T22:12:39.151+0000] {dagbag.py:545} INFO - Filling up the DagBag from /home/airflow/.local/lib/python3.12/site-packages/airflow/example_dags/example_setup_teardown_taskflow.py
[2024-05-25T22:12:39.169+0000] {processor.py:840} INFO - DAG(s) 'example_setup_teardown_taskflow' retrieved from /home/airflow/.local/lib/python3.12/site-packages/airflow/example_dags/example_setup_teardown_taskflow.py
[2024-05-25T22:12:39.200+0000] {logging_mixin.py:188} INFO - [2024-05-25T22:12:39.200+0000] {dag.py:3096} INFO - Sync 1 DAGs
[2024-05-25T22:12:39.229+0000] {logging_mixin.py:188} INFO - [2024-05-25T22:12:39.229+0000] {dag.py:3954} INFO - Setting next_dagrun for example_setup_teardown_taskflow to 2024-05-24 00:00:00+00:00, run_after=2024-05-25 00:00:00+00:00
[2024-05-25T22:12:39.262+0000] {processor.py:183} INFO - Processing /home/airflow/.local/lib/python3.12/site-packages/airflow/example_dags/example_setup_teardown_taskflow.py took 0.139 seconds
[2024-05-25T22:13:09.652+0000] {processor.py:161} INFO - Started process (PID=1390) to work on /home/airflow/.local/lib/python3.12/site-packages/airflow/example_dags/example_setup_teardown_taskflow.py
[2024-05-25T22:13:09.654+0000] {processor.py:830} INFO - Processing file /home/airflow/.local/lib/python3.12/site-packages/airflow/example_dags/example_setup_teardown_taskflow.py for tasks to queue
[2024-05-25T22:13:09.659+0000] {logging_mixin.py:188} INFO - [2024-05-25T22:13:09.658+0000] {dagbag.py:545} INFO - Filling up the DagBag from /home/airflow/.local/lib/python3.12/site-packages/airflow/example_dags/example_setup_teardown_taskflow.py
[2024-05-25T22:13:09.681+0000] {processor.py:840} INFO - DAG(s) 'example_setup_teardown_taskflow' retrieved from /home/airflow/.local/lib/python3.12/site-packages/airflow/example_dags/example_setup_teardown_taskflow.py
[2024-05-25T22:13:09.717+0000] {logging_mixin.py:188} INFO - [2024-05-25T22:13:09.717+0000] {dag.py:3096} INFO - Sync 1 DAGs
[2024-05-25T22:13:09.749+0000] {logging_mixin.py:188} INFO - [2024-05-25T22:13:09.748+0000] {dag.py:3954} INFO - Setting next_dagrun for example_setup_teardown_taskflow to 2024-05-24 00:00:00+00:00, run_after=2024-05-25 00:00:00+00:00
[2024-05-25T22:13:09.776+0000] {processor.py:183} INFO - Processing /home/airflow/.local/lib/python3.12/site-packages/airflow/example_dags/example_setup_teardown_taskflow.py took 0.140 seconds
[2024-05-25T22:13:40.212+0000] {processor.py:161} INFO - Started process (PID=1448) to work on /home/airflow/.local/lib/python3.12/site-packages/airflow/example_dags/example_setup_teardown_taskflow.py
[2024-05-25T22:13:40.215+0000] {processor.py:830} INFO - Processing file /home/airflow/.local/lib/python3.12/site-packages/airflow/example_dags/example_setup_teardown_taskflow.py for tasks to queue
[2024-05-25T22:13:40.220+0000] {logging_mixin.py:188} INFO - [2024-05-25T22:13:40.219+0000] {dagbag.py:545} INFO - Filling up the DagBag from /home/airflow/.local/lib/python3.12/site-packages/airflow/example_dags/example_setup_teardown_taskflow.py
[2024-05-25T22:13:40.235+0000] {processor.py:840} INFO - DAG(s) 'example_setup_teardown_taskflow' retrieved from /home/airflow/.local/lib/python3.12/site-packages/airflow/example_dags/example_setup_teardown_taskflow.py
[2024-05-25T22:13:40.274+0000] {logging_mixin.py:188} INFO - [2024-05-25T22:13:40.273+0000] {dag.py:3096} INFO - Sync 1 DAGs
[2024-05-25T22:13:40.308+0000] {logging_mixin.py:188} INFO - [2024-05-25T22:13:40.307+0000] {dag.py:3954} INFO - Setting next_dagrun for example_setup_teardown_taskflow to 2024-05-24 00:00:00+00:00, run_after=2024-05-25 00:00:00+00:00
[2024-05-25T22:13:40.337+0000] {processor.py:183} INFO - Processing /home/airflow/.local/lib/python3.12/site-packages/airflow/example_dags/example_setup_teardown_taskflow.py took 0.143 seconds
[2024-05-25T22:14:10.484+0000] {processor.py:161} INFO - Started process (PID=1506) to work on /home/airflow/.local/lib/python3.12/site-packages/airflow/example_dags/example_setup_teardown_taskflow.py
[2024-05-25T22:14:10.485+0000] {processor.py:830} INFO - Processing file /home/airflow/.local/lib/python3.12/site-packages/airflow/example_dags/example_setup_teardown_taskflow.py for tasks to queue
[2024-05-25T22:14:10.487+0000] {logging_mixin.py:188} INFO - [2024-05-25T22:14:10.487+0000] {dagbag.py:545} INFO - Filling up the DagBag from /home/airflow/.local/lib/python3.12/site-packages/airflow/example_dags/example_setup_teardown_taskflow.py
[2024-05-25T22:14:10.513+0000] {processor.py:840} INFO - DAG(s) 'example_setup_teardown_taskflow' retrieved from /home/airflow/.local/lib/python3.12/site-packages/airflow/example_dags/example_setup_teardown_taskflow.py
[2024-05-25T22:14:10.542+0000] {logging_mixin.py:188} INFO - [2024-05-25T22:14:10.542+0000] {dag.py:3096} INFO - Sync 1 DAGs
[2024-05-25T22:14:10.565+0000] {logging_mixin.py:188} INFO - [2024-05-25T22:14:10.565+0000] {dag.py:3954} INFO - Setting next_dagrun for example_setup_teardown_taskflow to 2024-05-24 00:00:00+00:00, run_after=2024-05-25 00:00:00+00:00
[2024-05-25T22:14:10.588+0000] {processor.py:183} INFO - Processing /home/airflow/.local/lib/python3.12/site-packages/airflow/example_dags/example_setup_teardown_taskflow.py took 0.110 seconds
[2024-05-25T22:14:40.934+0000] {processor.py:161} INFO - Started process (PID=1565) to work on /home/airflow/.local/lib/python3.12/site-packages/airflow/example_dags/example_setup_teardown_taskflow.py
[2024-05-25T22:14:40.936+0000] {processor.py:830} INFO - Processing file /home/airflow/.local/lib/python3.12/site-packages/airflow/example_dags/example_setup_teardown_taskflow.py for tasks to queue
[2024-05-25T22:14:40.942+0000] {logging_mixin.py:188} INFO - [2024-05-25T22:14:40.941+0000] {dagbag.py:545} INFO - Filling up the DagBag from /home/airflow/.local/lib/python3.12/site-packages/airflow/example_dags/example_setup_teardown_taskflow.py
[2024-05-25T22:14:40.962+0000] {processor.py:840} INFO - DAG(s) 'example_setup_teardown_taskflow' retrieved from /home/airflow/.local/lib/python3.12/site-packages/airflow/example_dags/example_setup_teardown_taskflow.py
[2024-05-25T22:14:40.992+0000] {logging_mixin.py:188} INFO - [2024-05-25T22:14:40.992+0000] {dag.py:3096} INFO - Sync 1 DAGs
[2024-05-25T22:14:41.024+0000] {logging_mixin.py:188} INFO - [2024-05-25T22:14:41.024+0000] {dag.py:3954} INFO - Setting next_dagrun for example_setup_teardown_taskflow to 2024-05-24 00:00:00+00:00, run_after=2024-05-25 00:00:00+00:00
[2024-05-25T22:14:41.042+0000] {processor.py:183} INFO - Processing /home/airflow/.local/lib/python3.12/site-packages/airflow/example_dags/example_setup_teardown_taskflow.py took 0.123 seconds
[2024-05-25T22:15:11.258+0000] {processor.py:161} INFO - Started process (PID=1623) to work on /home/airflow/.local/lib/python3.12/site-packages/airflow/example_dags/example_setup_teardown_taskflow.py
[2024-05-25T22:15:11.260+0000] {processor.py:830} INFO - Processing file /home/airflow/.local/lib/python3.12/site-packages/airflow/example_dags/example_setup_teardown_taskflow.py for tasks to queue
[2024-05-25T22:15:11.265+0000] {logging_mixin.py:188} INFO - [2024-05-25T22:15:11.264+0000] {dagbag.py:545} INFO - Filling up the DagBag from /home/airflow/.local/lib/python3.12/site-packages/airflow/example_dags/example_setup_teardown_taskflow.py
[2024-05-25T22:15:11.287+0000] {processor.py:840} INFO - DAG(s) 'example_setup_teardown_taskflow' retrieved from /home/airflow/.local/lib/python3.12/site-packages/airflow/example_dags/example_setup_teardown_taskflow.py
[2024-05-25T22:15:11.315+0000] {logging_mixin.py:188} INFO - [2024-05-25T22:15:11.314+0000] {dag.py:3096} INFO - Sync 1 DAGs
[2024-05-25T22:15:11.340+0000] {logging_mixin.py:188} INFO - [2024-05-25T22:15:11.339+0000] {dag.py:3954} INFO - Setting next_dagrun for example_setup_teardown_taskflow to 2024-05-24 00:00:00+00:00, run_after=2024-05-25 00:00:00+00:00
[2024-05-25T22:15:11.360+0000] {processor.py:183} INFO - Processing /home/airflow/.local/lib/python3.12/site-packages/airflow/example_dags/example_setup_teardown_taskflow.py took 0.117 seconds
[2024-05-25T22:15:41.838+0000] {processor.py:161} INFO - Started process (PID=1681) to work on /home/airflow/.local/lib/python3.12/site-packages/airflow/example_dags/example_setup_teardown_taskflow.py
[2024-05-25T22:15:41.843+0000] {processor.py:830} INFO - Processing file /home/airflow/.local/lib/python3.12/site-packages/airflow/example_dags/example_setup_teardown_taskflow.py for tasks to queue
[2024-05-25T22:15:41.847+0000] {logging_mixin.py:188} INFO - [2024-05-25T22:15:41.847+0000] {dagbag.py:545} INFO - Filling up the DagBag from /home/airflow/.local/lib/python3.12/site-packages/airflow/example_dags/example_setup_teardown_taskflow.py
[2024-05-25T22:15:41.872+0000] {processor.py:840} INFO - DAG(s) 'example_setup_teardown_taskflow' retrieved from /home/airflow/.local/lib/python3.12/site-packages/airflow/example_dags/example_setup_teardown_taskflow.py
[2024-05-25T22:15:41.898+0000] {logging_mixin.py:188} INFO - [2024-05-25T22:15:41.898+0000] {dag.py:3096} INFO - Sync 1 DAGs
[2024-05-25T22:15:41.924+0000] {logging_mixin.py:188} INFO - [2024-05-25T22:15:41.923+0000] {dag.py:3954} INFO - Setting next_dagrun for example_setup_teardown_taskflow to 2024-05-24 00:00:00+00:00, run_after=2024-05-25 00:00:00+00:00
[2024-05-25T22:15:41.944+0000] {processor.py:183} INFO - Processing /home/airflow/.local/lib/python3.12/site-packages/airflow/example_dags/example_setup_teardown_taskflow.py took 0.120 seconds
[2024-05-25T22:16:12.291+0000] {processor.py:161} INFO - Started process (PID=1739) to work on /home/airflow/.local/lib/python3.12/site-packages/airflow/example_dags/example_setup_teardown_taskflow.py
[2024-05-25T22:16:12.292+0000] {processor.py:830} INFO - Processing file /home/airflow/.local/lib/python3.12/site-packages/airflow/example_dags/example_setup_teardown_taskflow.py for tasks to queue
[2024-05-25T22:16:12.296+0000] {logging_mixin.py:188} INFO - [2024-05-25T22:16:12.295+0000] {dagbag.py:545} INFO - Filling up the DagBag from /home/airflow/.local/lib/python3.12/site-packages/airflow/example_dags/example_setup_teardown_taskflow.py
[2024-05-25T22:16:12.310+0000] {processor.py:840} INFO - DAG(s) 'example_setup_teardown_taskflow' retrieved from /home/airflow/.local/lib/python3.12/site-packages/airflow/example_dags/example_setup_teardown_taskflow.py
[2024-05-25T22:16:12.342+0000] {logging_mixin.py:188} INFO - [2024-05-25T22:16:12.341+0000] {dag.py:3096} INFO - Sync 1 DAGs
[2024-05-25T22:16:12.368+0000] {logging_mixin.py:188} INFO - [2024-05-25T22:16:12.368+0000] {dag.py:3954} INFO - Setting next_dagrun for example_setup_teardown_taskflow to 2024-05-24 00:00:00+00:00, run_after=2024-05-25 00:00:00+00:00
[2024-05-25T22:16:12.524+0000] {processor.py:183} INFO - Processing /home/airflow/.local/lib/python3.12/site-packages/airflow/example_dags/example_setup_teardown_taskflow.py took 0.242 seconds
[2024-05-25T22:16:42.901+0000] {processor.py:161} INFO - Started process (PID=1797) to work on /home/airflow/.local/lib/python3.12/site-packages/airflow/example_dags/example_setup_teardown_taskflow.py
[2024-05-25T22:16:42.902+0000] {processor.py:830} INFO - Processing file /home/airflow/.local/lib/python3.12/site-packages/airflow/example_dags/example_setup_teardown_taskflow.py for tasks to queue
[2024-05-25T22:16:42.904+0000] {logging_mixin.py:188} INFO - [2024-05-25T22:16:42.904+0000] {dagbag.py:545} INFO - Filling up the DagBag from /home/airflow/.local/lib/python3.12/site-packages/airflow/example_dags/example_setup_teardown_taskflow.py
[2024-05-25T22:16:42.915+0000] {processor.py:840} INFO - DAG(s) 'example_setup_teardown_taskflow' retrieved from /home/airflow/.local/lib/python3.12/site-packages/airflow/example_dags/example_setup_teardown_taskflow.py
[2024-05-25T22:16:42.948+0000] {logging_mixin.py:188} INFO - [2024-05-25T22:16:42.948+0000] {dag.py:3096} INFO - Sync 1 DAGs
[2024-05-25T22:16:42.978+0000] {logging_mixin.py:188} INFO - [2024-05-25T22:16:42.977+0000] {dag.py:3954} INFO - Setting next_dagrun for example_setup_teardown_taskflow to 2024-05-24 00:00:00+00:00, run_after=2024-05-25 00:00:00+00:00
[2024-05-25T22:16:43.128+0000] {processor.py:183} INFO - Processing /home/airflow/.local/lib/python3.12/site-packages/airflow/example_dags/example_setup_teardown_taskflow.py took 0.234 seconds
[2024-05-25T22:17:13.910+0000] {processor.py:161} INFO - Started process (PID=1855) to work on /home/airflow/.local/lib/python3.12/site-packages/airflow/example_dags/example_setup_teardown_taskflow.py
[2024-05-25T22:17:13.911+0000] {processor.py:830} INFO - Processing file /home/airflow/.local/lib/python3.12/site-packages/airflow/example_dags/example_setup_teardown_taskflow.py for tasks to queue
[2024-05-25T22:17:13.913+0000] {logging_mixin.py:188} INFO - [2024-05-25T22:17:13.913+0000] {dagbag.py:545} INFO - Filling up the DagBag from /home/airflow/.local/lib/python3.12/site-packages/airflow/example_dags/example_setup_teardown_taskflow.py
[2024-05-25T22:17:13.924+0000] {processor.py:840} INFO - DAG(s) 'example_setup_teardown_taskflow' retrieved from /home/airflow/.local/lib/python3.12/site-packages/airflow/example_dags/example_setup_teardown_taskflow.py
[2024-05-25T22:17:13.949+0000] {logging_mixin.py:188} INFO - [2024-05-25T22:17:13.949+0000] {dag.py:3096} INFO - Sync 1 DAGs
[2024-05-25T22:17:13.989+0000] {logging_mixin.py:188} INFO - [2024-05-25T22:17:13.989+0000] {dag.py:3954} INFO - Setting next_dagrun for example_setup_teardown_taskflow to 2024-05-24 00:00:00+00:00, run_after=2024-05-25 00:00:00+00:00
[2024-05-25T22:17:14.012+0000] {processor.py:183} INFO - Processing /home/airflow/.local/lib/python3.12/site-packages/airflow/example_dags/example_setup_teardown_taskflow.py took 0.108 seconds
[2024-05-25T22:17:44.342+0000] {processor.py:161} INFO - Started process (PID=1913) to work on /home/airflow/.local/lib/python3.12/site-packages/airflow/example_dags/example_setup_teardown_taskflow.py
[2024-05-25T22:17:44.343+0000] {processor.py:830} INFO - Processing file /home/airflow/.local/lib/python3.12/site-packages/airflow/example_dags/example_setup_teardown_taskflow.py for tasks to queue
[2024-05-25T22:17:44.345+0000] {logging_mixin.py:188} INFO - [2024-05-25T22:17:44.345+0000] {dagbag.py:545} INFO - Filling up the DagBag from /home/airflow/.local/lib/python3.12/site-packages/airflow/example_dags/example_setup_teardown_taskflow.py
[2024-05-25T22:17:44.355+0000] {processor.py:840} INFO - DAG(s) 'example_setup_teardown_taskflow' retrieved from /home/airflow/.local/lib/python3.12/site-packages/airflow/example_dags/example_setup_teardown_taskflow.py
[2024-05-25T22:17:44.380+0000] {logging_mixin.py:188} INFO - [2024-05-25T22:17:44.379+0000] {dag.py:3096} INFO - Sync 1 DAGs
[2024-05-25T22:17:44.410+0000] {logging_mixin.py:188} INFO - [2024-05-25T22:17:44.410+0000] {dag.py:3954} INFO - Setting next_dagrun for example_setup_teardown_taskflow to 2024-05-24 00:00:00+00:00, run_after=2024-05-25 00:00:00+00:00
[2024-05-25T22:17:44.435+0000] {processor.py:183} INFO - Processing /home/airflow/.local/lib/python3.12/site-packages/airflow/example_dags/example_setup_teardown_taskflow.py took 0.100 seconds
[2024-05-25T22:18:14.689+0000] {processor.py:161} INFO - Started process (PID=1971) to work on /home/airflow/.local/lib/python3.12/site-packages/airflow/example_dags/example_setup_teardown_taskflow.py
[2024-05-25T22:18:14.690+0000] {processor.py:830} INFO - Processing file /home/airflow/.local/lib/python3.12/site-packages/airflow/example_dags/example_setup_teardown_taskflow.py for tasks to queue
[2024-05-25T22:18:14.693+0000] {logging_mixin.py:188} INFO - [2024-05-25T22:18:14.692+0000] {dagbag.py:545} INFO - Filling up the DagBag from /home/airflow/.local/lib/python3.12/site-packages/airflow/example_dags/example_setup_teardown_taskflow.py
[2024-05-25T22:18:14.703+0000] {processor.py:840} INFO - DAG(s) 'example_setup_teardown_taskflow' retrieved from /home/airflow/.local/lib/python3.12/site-packages/airflow/example_dags/example_setup_teardown_taskflow.py
[2024-05-25T22:18:14.730+0000] {logging_mixin.py:188} INFO - [2024-05-25T22:18:14.729+0000] {dag.py:3096} INFO - Sync 1 DAGs
[2024-05-25T22:18:14.759+0000] {logging_mixin.py:188} INFO - [2024-05-25T22:18:14.759+0000] {dag.py:3954} INFO - Setting next_dagrun for example_setup_teardown_taskflow to 2024-05-24 00:00:00+00:00, run_after=2024-05-25 00:00:00+00:00
[2024-05-25T22:18:14.782+0000] {processor.py:183} INFO - Processing /home/airflow/.local/lib/python3.12/site-packages/airflow/example_dags/example_setup_teardown_taskflow.py took 0.100 seconds
[2024-05-25T22:18:45.776+0000] {processor.py:161} INFO - Started process (PID=2029) to work on /home/airflow/.local/lib/python3.12/site-packages/airflow/example_dags/example_setup_teardown_taskflow.py
[2024-05-25T22:18:45.777+0000] {processor.py:830} INFO - Processing file /home/airflow/.local/lib/python3.12/site-packages/airflow/example_dags/example_setup_teardown_taskflow.py for tasks to queue
[2024-05-25T22:18:45.780+0000] {logging_mixin.py:188} INFO - [2024-05-25T22:18:45.779+0000] {dagbag.py:545} INFO - Filling up the DagBag from /home/airflow/.local/lib/python3.12/site-packages/airflow/example_dags/example_setup_teardown_taskflow.py
[2024-05-25T22:18:45.792+0000] {processor.py:840} INFO - DAG(s) 'example_setup_teardown_taskflow' retrieved from /home/airflow/.local/lib/python3.12/site-packages/airflow/example_dags/example_setup_teardown_taskflow.py
[2024-05-25T22:18:45.821+0000] {logging_mixin.py:188} INFO - [2024-05-25T22:18:45.820+0000] {dag.py:3096} INFO - Sync 1 DAGs
[2024-05-25T22:18:45.849+0000] {logging_mixin.py:188} INFO - [2024-05-25T22:18:45.849+0000] {dag.py:3954} INFO - Setting next_dagrun for example_setup_teardown_taskflow to 2024-05-24 00:00:00+00:00, run_after=2024-05-25 00:00:00+00:00
[2024-05-25T22:18:45.876+0000] {processor.py:183} INFO - Processing /home/airflow/.local/lib/python3.12/site-packages/airflow/example_dags/example_setup_teardown_taskflow.py took 0.107 seconds
[2024-05-25T22:19:16.245+0000] {processor.py:161} INFO - Started process (PID=2087) to work on /home/airflow/.local/lib/python3.12/site-packages/airflow/example_dags/example_setup_teardown_taskflow.py
[2024-05-25T22:19:16.247+0000] {processor.py:830} INFO - Processing file /home/airflow/.local/lib/python3.12/site-packages/airflow/example_dags/example_setup_teardown_taskflow.py for tasks to queue
[2024-05-25T22:19:16.250+0000] {logging_mixin.py:188} INFO - [2024-05-25T22:19:16.249+0000] {dagbag.py:545} INFO - Filling up the DagBag from /home/airflow/.local/lib/python3.12/site-packages/airflow/example_dags/example_setup_teardown_taskflow.py
[2024-05-25T22:19:16.261+0000] {processor.py:840} INFO - DAG(s) 'example_setup_teardown_taskflow' retrieved from /home/airflow/.local/lib/python3.12/site-packages/airflow/example_dags/example_setup_teardown_taskflow.py
[2024-05-25T22:19:16.295+0000] {logging_mixin.py:188} INFO - [2024-05-25T22:19:16.295+0000] {dag.py:3096} INFO - Sync 1 DAGs
[2024-05-25T22:19:16.323+0000] {logging_mixin.py:188} INFO - [2024-05-25T22:19:16.323+0000] {dag.py:3954} INFO - Setting next_dagrun for example_setup_teardown_taskflow to 2024-05-24 00:00:00+00:00, run_after=2024-05-25 00:00:00+00:00
[2024-05-25T22:19:16.345+0000] {processor.py:183} INFO - Processing /home/airflow/.local/lib/python3.12/site-packages/airflow/example_dags/example_setup_teardown_taskflow.py took 0.110 seconds
