[2024-05-25T22:01:25.984+0000] {processor.py:161} INFO - Started process (PID=34) to work on /home/airflow/.local/lib/python3.12/site-packages/airflow/example_dags/example_external_task_marker_dag.py
[2024-05-25T22:01:25.985+0000] {processor.py:830} INFO - Processing file /home/airflow/.local/lib/python3.12/site-packages/airflow/example_dags/example_external_task_marker_dag.py for tasks to queue
[2024-05-25T22:01:25.988+0000] {logging_mixin.py:188} INFO - [2024-05-25T22:01:25.987+0000] {dagbag.py:545} INFO - Filling up the DagBag from /home/airflow/.local/lib/python3.12/site-packages/airflow/example_dags/example_external_task_marker_dag.py
[2024-05-25T22:01:25.996+0000] {processor.py:840} INFO - DAG(s) 'example_external_task_marker_child', 'example_external_task_marker_parent' retrieved from /home/airflow/.local/lib/python3.12/site-packages/airflow/example_dags/example_external_task_marker_dag.py
[2024-05-25T22:01:26.012+0000] {logging_mixin.py:188} INFO - [2024-05-25T22:01:26.011+0000] {dag.py:3096} INFO - Sync 2 DAGs
[2024-05-25T22:01:26.037+0000] {logging_mixin.py:188} INFO - [2024-05-25T22:01:26.037+0000] {dag.py:3954} INFO - Setting next_dagrun for example_external_task_marker_child to None, run_after=None
[2024-05-25T22:01:26.045+0000] {logging_mixin.py:188} INFO - [2024-05-25T22:01:26.045+0000] {dag.py:3954} INFO - Setting next_dagrun for example_external_task_marker_parent to None, run_after=None
[2024-05-25T22:01:26.067+0000] {processor.py:183} INFO - Processing /home/airflow/.local/lib/python3.12/site-packages/airflow/example_dags/example_external_task_marker_dag.py took 0.090 seconds
[2024-05-25T22:01:56.645+0000] {processor.py:161} INFO - Started process (PID=92) to work on /home/airflow/.local/lib/python3.12/site-packages/airflow/example_dags/example_external_task_marker_dag.py
[2024-05-25T22:01:56.646+0000] {processor.py:830} INFO - Processing file /home/airflow/.local/lib/python3.12/site-packages/airflow/example_dags/example_external_task_marker_dag.py for tasks to queue
[2024-05-25T22:01:56.648+0000] {logging_mixin.py:188} INFO - [2024-05-25T22:01:56.647+0000] {dagbag.py:545} INFO - Filling up the DagBag from /home/airflow/.local/lib/python3.12/site-packages/airflow/example_dags/example_external_task_marker_dag.py
[2024-05-25T22:01:56.655+0000] {processor.py:840} INFO - DAG(s) 'example_external_task_marker_parent', 'example_external_task_marker_child' retrieved from /home/airflow/.local/lib/python3.12/site-packages/airflow/example_dags/example_external_task_marker_dag.py
[2024-05-25T22:01:56.786+0000] {logging_mixin.py:188} INFO - [2024-05-25T22:01:56.786+0000] {dag.py:3096} INFO - Sync 2 DAGs
[2024-05-25T22:01:56.800+0000] {logging_mixin.py:188} INFO - [2024-05-25T22:01:56.800+0000] {dag.py:3954} INFO - Setting next_dagrun for example_external_task_marker_child to None, run_after=None
[2024-05-25T22:01:56.805+0000] {logging_mixin.py:188} INFO - [2024-05-25T22:01:56.804+0000] {dag.py:3954} INFO - Setting next_dagrun for example_external_task_marker_parent to None, run_after=None
[2024-05-25T22:01:56.824+0000] {processor.py:183} INFO - Processing /home/airflow/.local/lib/python3.12/site-packages/airflow/example_dags/example_external_task_marker_dag.py took 0.185 seconds
[2024-05-25T22:02:27.689+0000] {processor.py:161} INFO - Started process (PID=150) to work on /home/airflow/.local/lib/python3.12/site-packages/airflow/example_dags/example_external_task_marker_dag.py
[2024-05-25T22:02:27.691+0000] {processor.py:830} INFO - Processing file /home/airflow/.local/lib/python3.12/site-packages/airflow/example_dags/example_external_task_marker_dag.py for tasks to queue
[2024-05-25T22:02:27.693+0000] {logging_mixin.py:188} INFO - [2024-05-25T22:02:27.693+0000] {dagbag.py:545} INFO - Filling up the DagBag from /home/airflow/.local/lib/python3.12/site-packages/airflow/example_dags/example_external_task_marker_dag.py
[2024-05-25T22:02:27.700+0000] {processor.py:840} INFO - DAG(s) 'example_external_task_marker_child', 'example_external_task_marker_parent' retrieved from /home/airflow/.local/lib/python3.12/site-packages/airflow/example_dags/example_external_task_marker_dag.py
[2024-05-25T22:02:27.724+0000] {logging_mixin.py:188} INFO - [2024-05-25T22:02:27.724+0000] {dag.py:3096} INFO - Sync 2 DAGs
[2024-05-25T22:02:27.739+0000] {logging_mixin.py:188} INFO - [2024-05-25T22:02:27.739+0000] {dag.py:3954} INFO - Setting next_dagrun for example_external_task_marker_child to None, run_after=None
[2024-05-25T22:02:27.747+0000] {logging_mixin.py:188} INFO - [2024-05-25T22:02:27.746+0000] {dag.py:3954} INFO - Setting next_dagrun for example_external_task_marker_parent to None, run_after=None
[2024-05-25T22:02:27.780+0000] {processor.py:183} INFO - Processing /home/airflow/.local/lib/python3.12/site-packages/airflow/example_dags/example_external_task_marker_dag.py took 0.105 seconds
[2024-05-25T22:02:58.058+0000] {processor.py:161} INFO - Started process (PID=208) to work on /home/airflow/.local/lib/python3.12/site-packages/airflow/example_dags/example_external_task_marker_dag.py
[2024-05-25T22:02:58.060+0000] {processor.py:830} INFO - Processing file /home/airflow/.local/lib/python3.12/site-packages/airflow/example_dags/example_external_task_marker_dag.py for tasks to queue
[2024-05-25T22:02:58.063+0000] {logging_mixin.py:188} INFO - [2024-05-25T22:02:58.063+0000] {dagbag.py:545} INFO - Filling up the DagBag from /home/airflow/.local/lib/python3.12/site-packages/airflow/example_dags/example_external_task_marker_dag.py
[2024-05-25T22:02:58.073+0000] {processor.py:840} INFO - DAG(s) 'example_external_task_marker_parent', 'example_external_task_marker_child' retrieved from /home/airflow/.local/lib/python3.12/site-packages/airflow/example_dags/example_external_task_marker_dag.py
[2024-05-25T22:02:58.106+0000] {logging_mixin.py:188} INFO - [2024-05-25T22:02:58.105+0000] {dag.py:3096} INFO - Sync 2 DAGs
[2024-05-25T22:02:58.125+0000] {logging_mixin.py:188} INFO - [2024-05-25T22:02:58.125+0000] {dag.py:3954} INFO - Setting next_dagrun for example_external_task_marker_child to None, run_after=None
[2024-05-25T22:02:58.131+0000] {logging_mixin.py:188} INFO - [2024-05-25T22:02:58.131+0000] {dag.py:3954} INFO - Setting next_dagrun for example_external_task_marker_parent to None, run_after=None
[2024-05-25T22:02:58.150+0000] {processor.py:183} INFO - Processing /home/airflow/.local/lib/python3.12/site-packages/airflow/example_dags/example_external_task_marker_dag.py took 0.100 seconds
[2024-05-25T22:03:28.412+0000] {processor.py:161} INFO - Started process (PID=266) to work on /home/airflow/.local/lib/python3.12/site-packages/airflow/example_dags/example_external_task_marker_dag.py
[2024-05-25T22:03:28.414+0000] {processor.py:830} INFO - Processing file /home/airflow/.local/lib/python3.12/site-packages/airflow/example_dags/example_external_task_marker_dag.py for tasks to queue
[2024-05-25T22:03:28.419+0000] {logging_mixin.py:188} INFO - [2024-05-25T22:03:28.418+0000] {dagbag.py:545} INFO - Filling up the DagBag from /home/airflow/.local/lib/python3.12/site-packages/airflow/example_dags/example_external_task_marker_dag.py
[2024-05-25T22:03:28.427+0000] {processor.py:840} INFO - DAG(s) 'example_external_task_marker_parent', 'example_external_task_marker_child' retrieved from /home/airflow/.local/lib/python3.12/site-packages/airflow/example_dags/example_external_task_marker_dag.py
[2024-05-25T22:03:28.461+0000] {logging_mixin.py:188} INFO - [2024-05-25T22:03:28.460+0000] {dag.py:3096} INFO - Sync 2 DAGs
[2024-05-25T22:03:28.495+0000] {logging_mixin.py:188} INFO - [2024-05-25T22:03:28.495+0000] {dag.py:3954} INFO - Setting next_dagrun for example_external_task_marker_child to None, run_after=None
[2024-05-25T22:03:28.501+0000] {logging_mixin.py:188} INFO - [2024-05-25T22:03:28.501+0000] {dag.py:3954} INFO - Setting next_dagrun for example_external_task_marker_parent to None, run_after=None
[2024-05-25T22:03:28.521+0000] {processor.py:183} INFO - Processing /home/airflow/.local/lib/python3.12/site-packages/airflow/example_dags/example_external_task_marker_dag.py took 0.116 seconds
[2024-05-25T22:03:58.860+0000] {processor.py:161} INFO - Started process (PID=324) to work on /home/airflow/.local/lib/python3.12/site-packages/airflow/example_dags/example_external_task_marker_dag.py
[2024-05-25T22:03:58.861+0000] {processor.py:830} INFO - Processing file /home/airflow/.local/lib/python3.12/site-packages/airflow/example_dags/example_external_task_marker_dag.py for tasks to queue
[2024-05-25T22:03:58.863+0000] {logging_mixin.py:188} INFO - [2024-05-25T22:03:58.863+0000] {dagbag.py:545} INFO - Filling up the DagBag from /home/airflow/.local/lib/python3.12/site-packages/airflow/example_dags/example_external_task_marker_dag.py
[2024-05-25T22:03:58.870+0000] {processor.py:840} INFO - DAG(s) 'example_external_task_marker_child', 'example_external_task_marker_parent' retrieved from /home/airflow/.local/lib/python3.12/site-packages/airflow/example_dags/example_external_task_marker_dag.py
[2024-05-25T22:03:58.899+0000] {logging_mixin.py:188} INFO - [2024-05-25T22:03:58.898+0000] {dag.py:3096} INFO - Sync 2 DAGs
[2024-05-25T22:03:58.917+0000] {logging_mixin.py:188} INFO - [2024-05-25T22:03:58.917+0000] {dag.py:3954} INFO - Setting next_dagrun for example_external_task_marker_child to None, run_after=None
[2024-05-25T22:03:58.923+0000] {logging_mixin.py:188} INFO - [2024-05-25T22:03:58.923+0000] {dag.py:3954} INFO - Setting next_dagrun for example_external_task_marker_parent to None, run_after=None
[2024-05-25T22:03:58.946+0000] {processor.py:183} INFO - Processing /home/airflow/.local/lib/python3.12/site-packages/airflow/example_dags/example_external_task_marker_dag.py took 0.092 seconds
[2024-05-25T22:04:29.476+0000] {processor.py:161} INFO - Started process (PID=382) to work on /home/airflow/.local/lib/python3.12/site-packages/airflow/example_dags/example_external_task_marker_dag.py
[2024-05-25T22:04:29.477+0000] {processor.py:830} INFO - Processing file /home/airflow/.local/lib/python3.12/site-packages/airflow/example_dags/example_external_task_marker_dag.py for tasks to queue
[2024-05-25T22:04:29.479+0000] {logging_mixin.py:188} INFO - [2024-05-25T22:04:29.479+0000] {dagbag.py:545} INFO - Filling up the DagBag from /home/airflow/.local/lib/python3.12/site-packages/airflow/example_dags/example_external_task_marker_dag.py
[2024-05-25T22:04:29.486+0000] {processor.py:840} INFO - DAG(s) 'example_external_task_marker_parent', 'example_external_task_marker_child' retrieved from /home/airflow/.local/lib/python3.12/site-packages/airflow/example_dags/example_external_task_marker_dag.py
[2024-05-25T22:04:29.514+0000] {logging_mixin.py:188} INFO - [2024-05-25T22:04:29.514+0000] {dag.py:3096} INFO - Sync 2 DAGs
[2024-05-25T22:04:29.531+0000] {logging_mixin.py:188} INFO - [2024-05-25T22:04:29.531+0000] {dag.py:3954} INFO - Setting next_dagrun for example_external_task_marker_child to None, run_after=None
[2024-05-25T22:04:29.536+0000] {logging_mixin.py:188} INFO - [2024-05-25T22:04:29.535+0000] {dag.py:3954} INFO - Setting next_dagrun for example_external_task_marker_parent to None, run_after=None
[2024-05-25T22:04:29.557+0000] {processor.py:183} INFO - Processing /home/airflow/.local/lib/python3.12/site-packages/airflow/example_dags/example_external_task_marker_dag.py took 0.087 seconds
[2024-05-25T22:04:59.859+0000] {processor.py:161} INFO - Started process (PID=439) to work on /home/airflow/.local/lib/python3.12/site-packages/airflow/example_dags/example_external_task_marker_dag.py
[2024-05-25T22:04:59.861+0000] {processor.py:830} INFO - Processing file /home/airflow/.local/lib/python3.12/site-packages/airflow/example_dags/example_external_task_marker_dag.py for tasks to queue
[2024-05-25T22:04:59.863+0000] {logging_mixin.py:188} INFO - [2024-05-25T22:04:59.862+0000] {dagbag.py:545} INFO - Filling up the DagBag from /home/airflow/.local/lib/python3.12/site-packages/airflow/example_dags/example_external_task_marker_dag.py
[2024-05-25T22:04:59.880+0000] {processor.py:840} INFO - DAG(s) 'example_external_task_marker_parent', 'example_external_task_marker_child' retrieved from /home/airflow/.local/lib/python3.12/site-packages/airflow/example_dags/example_external_task_marker_dag.py
[2024-05-25T22:04:59.918+0000] {logging_mixin.py:188} INFO - [2024-05-25T22:04:59.918+0000] {dag.py:3096} INFO - Sync 2 DAGs
[2024-05-25T22:04:59.934+0000] {logging_mixin.py:188} INFO - [2024-05-25T22:04:59.934+0000] {dag.py:3954} INFO - Setting next_dagrun for example_external_task_marker_child to None, run_after=None
[2024-05-25T22:04:59.940+0000] {logging_mixin.py:188} INFO - [2024-05-25T22:04:59.939+0000] {dag.py:3954} INFO - Setting next_dagrun for example_external_task_marker_parent to None, run_after=None
[2024-05-25T22:04:59.964+0000] {processor.py:183} INFO - Processing /home/airflow/.local/lib/python3.12/site-packages/airflow/example_dags/example_external_task_marker_dag.py took 0.112 seconds
[2024-05-25T22:05:30.462+0000] {processor.py:161} INFO - Started process (PID=497) to work on /home/airflow/.local/lib/python3.12/site-packages/airflow/example_dags/example_external_task_marker_dag.py
[2024-05-25T22:05:30.463+0000] {processor.py:830} INFO - Processing file /home/airflow/.local/lib/python3.12/site-packages/airflow/example_dags/example_external_task_marker_dag.py for tasks to queue
[2024-05-25T22:05:30.465+0000] {logging_mixin.py:188} INFO - [2024-05-25T22:05:30.464+0000] {dagbag.py:545} INFO - Filling up the DagBag from /home/airflow/.local/lib/python3.12/site-packages/airflow/example_dags/example_external_task_marker_dag.py
[2024-05-25T22:05:30.472+0000] {processor.py:840} INFO - DAG(s) 'example_external_task_marker_parent', 'example_external_task_marker_child' retrieved from /home/airflow/.local/lib/python3.12/site-packages/airflow/example_dags/example_external_task_marker_dag.py
[2024-05-25T22:05:30.500+0000] {logging_mixin.py:188} INFO - [2024-05-25T22:05:30.500+0000] {dag.py:3096} INFO - Sync 2 DAGs
[2024-05-25T22:05:30.515+0000] {logging_mixin.py:188} INFO - [2024-05-25T22:05:30.515+0000] {dag.py:3954} INFO - Setting next_dagrun for example_external_task_marker_child to None, run_after=None
[2024-05-25T22:05:30.519+0000] {logging_mixin.py:188} INFO - [2024-05-25T22:05:30.519+0000] {dag.py:3954} INFO - Setting next_dagrun for example_external_task_marker_parent to None, run_after=None
[2024-05-25T22:05:30.536+0000] {processor.py:183} INFO - Processing /home/airflow/.local/lib/python3.12/site-packages/airflow/example_dags/example_external_task_marker_dag.py took 0.080 seconds
[2024-05-25T22:06:00.687+0000] {processor.py:161} INFO - Started process (PID=554) to work on /home/airflow/.local/lib/python3.12/site-packages/airflow/example_dags/example_external_task_marker_dag.py
[2024-05-25T22:06:00.688+0000] {processor.py:830} INFO - Processing file /home/airflow/.local/lib/python3.12/site-packages/airflow/example_dags/example_external_task_marker_dag.py for tasks to queue
[2024-05-25T22:06:00.690+0000] {logging_mixin.py:188} INFO - [2024-05-25T22:06:00.689+0000] {dagbag.py:545} INFO - Filling up the DagBag from /home/airflow/.local/lib/python3.12/site-packages/airflow/example_dags/example_external_task_marker_dag.py
[2024-05-25T22:06:00.696+0000] {processor.py:840} INFO - DAG(s) 'example_external_task_marker_parent', 'example_external_task_marker_child' retrieved from /home/airflow/.local/lib/python3.12/site-packages/airflow/example_dags/example_external_task_marker_dag.py
[2024-05-25T22:06:00.722+0000] {logging_mixin.py:188} INFO - [2024-05-25T22:06:00.722+0000] {dag.py:3096} INFO - Sync 2 DAGs
[2024-05-25T22:06:00.737+0000] {logging_mixin.py:188} INFO - [2024-05-25T22:06:00.737+0000] {dag.py:3954} INFO - Setting next_dagrun for example_external_task_marker_child to None, run_after=None
[2024-05-25T22:06:00.741+0000] {logging_mixin.py:188} INFO - [2024-05-25T22:06:00.741+0000] {dag.py:3954} INFO - Setting next_dagrun for example_external_task_marker_parent to None, run_after=None
[2024-05-25T22:06:00.761+0000] {processor.py:183} INFO - Processing /home/airflow/.local/lib/python3.12/site-packages/airflow/example_dags/example_external_task_marker_dag.py took 0.081 seconds
[2024-05-25T22:06:31.316+0000] {processor.py:161} INFO - Started process (PID=611) to work on /home/airflow/.local/lib/python3.12/site-packages/airflow/example_dags/example_external_task_marker_dag.py
[2024-05-25T22:06:31.317+0000] {processor.py:830} INFO - Processing file /home/airflow/.local/lib/python3.12/site-packages/airflow/example_dags/example_external_task_marker_dag.py for tasks to queue
[2024-05-25T22:06:31.319+0000] {logging_mixin.py:188} INFO - [2024-05-25T22:06:31.318+0000] {dagbag.py:545} INFO - Filling up the DagBag from /home/airflow/.local/lib/python3.12/site-packages/airflow/example_dags/example_external_task_marker_dag.py
[2024-05-25T22:06:31.326+0000] {processor.py:840} INFO - DAG(s) 'example_external_task_marker_child', 'example_external_task_marker_parent' retrieved from /home/airflow/.local/lib/python3.12/site-packages/airflow/example_dags/example_external_task_marker_dag.py
[2024-05-25T22:06:31.360+0000] {logging_mixin.py:188} INFO - [2024-05-25T22:06:31.359+0000] {dag.py:3096} INFO - Sync 2 DAGs
[2024-05-25T22:06:31.387+0000] {logging_mixin.py:188} INFO - [2024-05-25T22:06:31.387+0000] {dag.py:3954} INFO - Setting next_dagrun for example_external_task_marker_child to None, run_after=None
[2024-05-25T22:06:31.394+0000] {logging_mixin.py:188} INFO - [2024-05-25T22:06:31.393+0000] {dag.py:3954} INFO - Setting next_dagrun for example_external_task_marker_parent to None, run_after=None
[2024-05-25T22:06:31.413+0000] {processor.py:183} INFO - Processing /home/airflow/.local/lib/python3.12/site-packages/airflow/example_dags/example_external_task_marker_dag.py took 0.103 seconds
[2024-05-25T22:07:01.750+0000] {processor.py:161} INFO - Started process (PID=668) to work on /home/airflow/.local/lib/python3.12/site-packages/airflow/example_dags/example_external_task_marker_dag.py
[2024-05-25T22:07:01.751+0000] {processor.py:830} INFO - Processing file /home/airflow/.local/lib/python3.12/site-packages/airflow/example_dags/example_external_task_marker_dag.py for tasks to queue
[2024-05-25T22:07:01.753+0000] {logging_mixin.py:188} INFO - [2024-05-25T22:07:01.753+0000] {dagbag.py:545} INFO - Filling up the DagBag from /home/airflow/.local/lib/python3.12/site-packages/airflow/example_dags/example_external_task_marker_dag.py
[2024-05-25T22:07:01.759+0000] {processor.py:840} INFO - DAG(s) 'example_external_task_marker_child', 'example_external_task_marker_parent' retrieved from /home/airflow/.local/lib/python3.12/site-packages/airflow/example_dags/example_external_task_marker_dag.py
[2024-05-25T22:07:01.785+0000] {logging_mixin.py:188} INFO - [2024-05-25T22:07:01.785+0000] {dag.py:3096} INFO - Sync 2 DAGs
[2024-05-25T22:07:01.801+0000] {logging_mixin.py:188} INFO - [2024-05-25T22:07:01.801+0000] {dag.py:3954} INFO - Setting next_dagrun for example_external_task_marker_child to None, run_after=None
[2024-05-25T22:07:01.806+0000] {logging_mixin.py:188} INFO - [2024-05-25T22:07:01.806+0000] {dag.py:3954} INFO - Setting next_dagrun for example_external_task_marker_parent to None, run_after=None
[2024-05-25T22:07:01.840+0000] {processor.py:183} INFO - Processing /home/airflow/.local/lib/python3.12/site-packages/airflow/example_dags/example_external_task_marker_dag.py took 0.097 seconds
[2024-05-25T22:07:32.204+0000] {processor.py:161} INFO - Started process (PID=726) to work on /home/airflow/.local/lib/python3.12/site-packages/airflow/example_dags/example_external_task_marker_dag.py
[2024-05-25T22:07:32.205+0000] {processor.py:830} INFO - Processing file /home/airflow/.local/lib/python3.12/site-packages/airflow/example_dags/example_external_task_marker_dag.py for tasks to queue
[2024-05-25T22:07:32.208+0000] {logging_mixin.py:188} INFO - [2024-05-25T22:07:32.207+0000] {dagbag.py:545} INFO - Filling up the DagBag from /home/airflow/.local/lib/python3.12/site-packages/airflow/example_dags/example_external_task_marker_dag.py
[2024-05-25T22:07:32.217+0000] {processor.py:840} INFO - DAG(s) 'example_external_task_marker_child', 'example_external_task_marker_parent' retrieved from /home/airflow/.local/lib/python3.12/site-packages/airflow/example_dags/example_external_task_marker_dag.py
[2024-05-25T22:07:32.249+0000] {logging_mixin.py:188} INFO - [2024-05-25T22:07:32.248+0000] {dag.py:3096} INFO - Sync 2 DAGs
[2024-05-25T22:07:32.269+0000] {logging_mixin.py:188} INFO - [2024-05-25T22:07:32.269+0000] {dag.py:3954} INFO - Setting next_dagrun for example_external_task_marker_child to None, run_after=None
[2024-05-25T22:07:32.275+0000] {logging_mixin.py:188} INFO - [2024-05-25T22:07:32.275+0000] {dag.py:3954} INFO - Setting next_dagrun for example_external_task_marker_parent to None, run_after=None
[2024-05-25T22:07:32.298+0000] {processor.py:183} INFO - Processing /home/airflow/.local/lib/python3.12/site-packages/airflow/example_dags/example_external_task_marker_dag.py took 0.104 seconds
[2024-05-25T22:08:02.567+0000] {processor.py:161} INFO - Started process (PID=784) to work on /home/airflow/.local/lib/python3.12/site-packages/airflow/example_dags/example_external_task_marker_dag.py
[2024-05-25T22:08:02.568+0000] {processor.py:830} INFO - Processing file /home/airflow/.local/lib/python3.12/site-packages/airflow/example_dags/example_external_task_marker_dag.py for tasks to queue
[2024-05-25T22:08:02.571+0000] {logging_mixin.py:188} INFO - [2024-05-25T22:08:02.570+0000] {dagbag.py:545} INFO - Filling up the DagBag from /home/airflow/.local/lib/python3.12/site-packages/airflow/example_dags/example_external_task_marker_dag.py
[2024-05-25T22:08:02.578+0000] {processor.py:840} INFO - DAG(s) 'example_external_task_marker_child', 'example_external_task_marker_parent' retrieved from /home/airflow/.local/lib/python3.12/site-packages/airflow/example_dags/example_external_task_marker_dag.py
[2024-05-25T22:08:02.626+0000] {logging_mixin.py:188} INFO - [2024-05-25T22:08:02.626+0000] {dag.py:3096} INFO - Sync 2 DAGs
[2024-05-25T22:08:02.643+0000] {logging_mixin.py:188} INFO - [2024-05-25T22:08:02.643+0000] {dag.py:3954} INFO - Setting next_dagrun for example_external_task_marker_child to None, run_after=None
[2024-05-25T22:08:02.648+0000] {logging_mixin.py:188} INFO - [2024-05-25T22:08:02.647+0000] {dag.py:3954} INFO - Setting next_dagrun for example_external_task_marker_parent to None, run_after=None
[2024-05-25T22:08:02.668+0000] {processor.py:183} INFO - Processing /home/airflow/.local/lib/python3.12/site-packages/airflow/example_dags/example_external_task_marker_dag.py took 0.107 seconds
[2024-05-25T22:08:32.913+0000] {processor.py:161} INFO - Started process (PID=842) to work on /home/airflow/.local/lib/python3.12/site-packages/airflow/example_dags/example_external_task_marker_dag.py
[2024-05-25T22:08:32.915+0000] {processor.py:830} INFO - Processing file /home/airflow/.local/lib/python3.12/site-packages/airflow/example_dags/example_external_task_marker_dag.py for tasks to queue
[2024-05-25T22:08:32.917+0000] {logging_mixin.py:188} INFO - [2024-05-25T22:08:32.917+0000] {dagbag.py:545} INFO - Filling up the DagBag from /home/airflow/.local/lib/python3.12/site-packages/airflow/example_dags/example_external_task_marker_dag.py
[2024-05-25T22:08:32.923+0000] {processor.py:840} INFO - DAG(s) 'example_external_task_marker_child', 'example_external_task_marker_parent' retrieved from /home/airflow/.local/lib/python3.12/site-packages/airflow/example_dags/example_external_task_marker_dag.py
[2024-05-25T22:08:32.954+0000] {logging_mixin.py:188} INFO - [2024-05-25T22:08:32.954+0000] {dag.py:3096} INFO - Sync 2 DAGs
[2024-05-25T22:08:32.973+0000] {logging_mixin.py:188} INFO - [2024-05-25T22:08:32.973+0000] {dag.py:3954} INFO - Setting next_dagrun for example_external_task_marker_child to None, run_after=None
[2024-05-25T22:08:32.978+0000] {logging_mixin.py:188} INFO - [2024-05-25T22:08:32.978+0000] {dag.py:3954} INFO - Setting next_dagrun for example_external_task_marker_parent to None, run_after=None
[2024-05-25T22:08:32.998+0000] {processor.py:183} INFO - Processing /home/airflow/.local/lib/python3.12/site-packages/airflow/example_dags/example_external_task_marker_dag.py took 0.092 seconds
[2024-05-25T22:09:03.125+0000] {processor.py:161} INFO - Started process (PID=900) to work on /home/airflow/.local/lib/python3.12/site-packages/airflow/example_dags/example_external_task_marker_dag.py
[2024-05-25T22:09:03.126+0000] {processor.py:830} INFO - Processing file /home/airflow/.local/lib/python3.12/site-packages/airflow/example_dags/example_external_task_marker_dag.py for tasks to queue
[2024-05-25T22:09:03.129+0000] {logging_mixin.py:188} INFO - [2024-05-25T22:09:03.128+0000] {dagbag.py:545} INFO - Filling up the DagBag from /home/airflow/.local/lib/python3.12/site-packages/airflow/example_dags/example_external_task_marker_dag.py
[2024-05-25T22:09:03.136+0000] {processor.py:840} INFO - DAG(s) 'example_external_task_marker_child', 'example_external_task_marker_parent' retrieved from /home/airflow/.local/lib/python3.12/site-packages/airflow/example_dags/example_external_task_marker_dag.py
[2024-05-25T22:09:03.168+0000] {logging_mixin.py:188} INFO - [2024-05-25T22:09:03.167+0000] {dag.py:3096} INFO - Sync 2 DAGs
[2024-05-25T22:09:03.190+0000] {logging_mixin.py:188} INFO - [2024-05-25T22:09:03.190+0000] {dag.py:3954} INFO - Setting next_dagrun for example_external_task_marker_child to None, run_after=None
[2024-05-25T22:09:03.195+0000] {logging_mixin.py:188} INFO - [2024-05-25T22:09:03.195+0000] {dag.py:3954} INFO - Setting next_dagrun for example_external_task_marker_parent to None, run_after=None
[2024-05-25T22:09:03.229+0000] {processor.py:183} INFO - Processing /home/airflow/.local/lib/python3.12/site-packages/airflow/example_dags/example_external_task_marker_dag.py took 0.110 seconds
[2024-05-25T22:09:34.280+0000] {processor.py:161} INFO - Started process (PID=957) to work on /home/airflow/.local/lib/python3.12/site-packages/airflow/example_dags/example_external_task_marker_dag.py
[2024-05-25T22:09:34.280+0000] {processor.py:830} INFO - Processing file /home/airflow/.local/lib/python3.12/site-packages/airflow/example_dags/example_external_task_marker_dag.py for tasks to queue
[2024-05-25T22:09:34.283+0000] {logging_mixin.py:188} INFO - [2024-05-25T22:09:34.283+0000] {dagbag.py:545} INFO - Filling up the DagBag from /home/airflow/.local/lib/python3.12/site-packages/airflow/example_dags/example_external_task_marker_dag.py
[2024-05-25T22:09:34.290+0000] {processor.py:840} INFO - DAG(s) 'example_external_task_marker_child', 'example_external_task_marker_parent' retrieved from /home/airflow/.local/lib/python3.12/site-packages/airflow/example_dags/example_external_task_marker_dag.py
[2024-05-25T22:09:34.323+0000] {logging_mixin.py:188} INFO - [2024-05-25T22:09:34.322+0000] {dag.py:3096} INFO - Sync 2 DAGs
[2024-05-25T22:09:34.341+0000] {logging_mixin.py:188} INFO - [2024-05-25T22:09:34.341+0000] {dag.py:3954} INFO - Setting next_dagrun for example_external_task_marker_child to None, run_after=None
[2024-05-25T22:09:34.347+0000] {logging_mixin.py:188} INFO - [2024-05-25T22:09:34.347+0000] {dag.py:3954} INFO - Setting next_dagrun for example_external_task_marker_parent to None, run_after=None
[2024-05-25T22:09:34.366+0000] {processor.py:183} INFO - Processing /home/airflow/.local/lib/python3.12/site-packages/airflow/example_dags/example_external_task_marker_dag.py took 0.093 seconds
[2024-05-25T22:10:04.850+0000] {processor.py:161} INFO - Started process (PID=1015) to work on /home/airflow/.local/lib/python3.12/site-packages/airflow/example_dags/example_external_task_marker_dag.py
[2024-05-25T22:10:04.851+0000] {processor.py:830} INFO - Processing file /home/airflow/.local/lib/python3.12/site-packages/airflow/example_dags/example_external_task_marker_dag.py for tasks to queue
[2024-05-25T22:10:04.853+0000] {logging_mixin.py:188} INFO - [2024-05-25T22:10:04.853+0000] {dagbag.py:545} INFO - Filling up the DagBag from /home/airflow/.local/lib/python3.12/site-packages/airflow/example_dags/example_external_task_marker_dag.py
[2024-05-25T22:10:04.859+0000] {processor.py:840} INFO - DAG(s) 'example_external_task_marker_child', 'example_external_task_marker_parent' retrieved from /home/airflow/.local/lib/python3.12/site-packages/airflow/example_dags/example_external_task_marker_dag.py
[2024-05-25T22:10:04.884+0000] {logging_mixin.py:188} INFO - [2024-05-25T22:10:04.883+0000] {dag.py:3096} INFO - Sync 2 DAGs
[2024-05-25T22:10:04.899+0000] {logging_mixin.py:188} INFO - [2024-05-25T22:10:04.899+0000] {dag.py:3954} INFO - Setting next_dagrun for example_external_task_marker_child to None, run_after=None
[2024-05-25T22:10:04.904+0000] {logging_mixin.py:188} INFO - [2024-05-25T22:10:04.904+0000] {dag.py:3954} INFO - Setting next_dagrun for example_external_task_marker_parent to None, run_after=None
[2024-05-25T22:10:04.926+0000] {processor.py:183} INFO - Processing /home/airflow/.local/lib/python3.12/site-packages/airflow/example_dags/example_external_task_marker_dag.py took 0.082 seconds
[2024-05-25T22:10:35.107+0000] {processor.py:161} INFO - Started process (PID=1073) to work on /home/airflow/.local/lib/python3.12/site-packages/airflow/example_dags/example_external_task_marker_dag.py
[2024-05-25T22:10:35.108+0000] {processor.py:830} INFO - Processing file /home/airflow/.local/lib/python3.12/site-packages/airflow/example_dags/example_external_task_marker_dag.py for tasks to queue
[2024-05-25T22:10:35.110+0000] {logging_mixin.py:188} INFO - [2024-05-25T22:10:35.110+0000] {dagbag.py:545} INFO - Filling up the DagBag from /home/airflow/.local/lib/python3.12/site-packages/airflow/example_dags/example_external_task_marker_dag.py
[2024-05-25T22:10:35.117+0000] {processor.py:840} INFO - DAG(s) 'example_external_task_marker_child', 'example_external_task_marker_parent' retrieved from /home/airflow/.local/lib/python3.12/site-packages/airflow/example_dags/example_external_task_marker_dag.py
[2024-05-25T22:10:35.152+0000] {logging_mixin.py:188} INFO - [2024-05-25T22:10:35.152+0000] {dag.py:3096} INFO - Sync 2 DAGs
[2024-05-25T22:10:35.174+0000] {logging_mixin.py:188} INFO - [2024-05-25T22:10:35.173+0000] {dag.py:3954} INFO - Setting next_dagrun for example_external_task_marker_child to None, run_after=None
[2024-05-25T22:10:35.185+0000] {logging_mixin.py:188} INFO - [2024-05-25T22:10:35.184+0000] {dag.py:3954} INFO - Setting next_dagrun for example_external_task_marker_parent to None, run_after=None
[2024-05-25T22:10:35.208+0000] {processor.py:183} INFO - Processing /home/airflow/.local/lib/python3.12/site-packages/airflow/example_dags/example_external_task_marker_dag.py took 0.107 seconds
[2024-05-25T22:11:05.830+0000] {processor.py:161} INFO - Started process (PID=1130) to work on /home/airflow/.local/lib/python3.12/site-packages/airflow/example_dags/example_external_task_marker_dag.py
[2024-05-25T22:11:05.832+0000] {processor.py:830} INFO - Processing file /home/airflow/.local/lib/python3.12/site-packages/airflow/example_dags/example_external_task_marker_dag.py for tasks to queue
[2024-05-25T22:11:05.834+0000] {logging_mixin.py:188} INFO - [2024-05-25T22:11:05.833+0000] {dagbag.py:545} INFO - Filling up the DagBag from /home/airflow/.local/lib/python3.12/site-packages/airflow/example_dags/example_external_task_marker_dag.py
[2024-05-25T22:11:05.840+0000] {processor.py:840} INFO - DAG(s) 'example_external_task_marker_child', 'example_external_task_marker_parent' retrieved from /home/airflow/.local/lib/python3.12/site-packages/airflow/example_dags/example_external_task_marker_dag.py
[2024-05-25T22:11:05.868+0000] {logging_mixin.py:188} INFO - [2024-05-25T22:11:05.868+0000] {dag.py:3096} INFO - Sync 2 DAGs
[2024-05-25T22:11:05.885+0000] {logging_mixin.py:188} INFO - [2024-05-25T22:11:05.885+0000] {dag.py:3954} INFO - Setting next_dagrun for example_external_task_marker_child to None, run_after=None
[2024-05-25T22:11:05.890+0000] {logging_mixin.py:188} INFO - [2024-05-25T22:11:05.890+0000] {dag.py:3954} INFO - Setting next_dagrun for example_external_task_marker_parent to None, run_after=None
[2024-05-25T22:11:05.908+0000] {processor.py:183} INFO - Processing /home/airflow/.local/lib/python3.12/site-packages/airflow/example_dags/example_external_task_marker_dag.py took 0.084 seconds
[2024-05-25T22:11:36.359+0000] {processor.py:161} INFO - Started process (PID=1187) to work on /home/airflow/.local/lib/python3.12/site-packages/airflow/example_dags/example_external_task_marker_dag.py
[2024-05-25T22:11:36.360+0000] {processor.py:830} INFO - Processing file /home/airflow/.local/lib/python3.12/site-packages/airflow/example_dags/example_external_task_marker_dag.py for tasks to queue
[2024-05-25T22:11:36.363+0000] {logging_mixin.py:188} INFO - [2024-05-25T22:11:36.363+0000] {dagbag.py:545} INFO - Filling up the DagBag from /home/airflow/.local/lib/python3.12/site-packages/airflow/example_dags/example_external_task_marker_dag.py
[2024-05-25T22:11:36.372+0000] {processor.py:840} INFO - DAG(s) 'example_external_task_marker_child', 'example_external_task_marker_parent' retrieved from /home/airflow/.local/lib/python3.12/site-packages/airflow/example_dags/example_external_task_marker_dag.py
[2024-05-25T22:11:36.406+0000] {logging_mixin.py:188} INFO - [2024-05-25T22:11:36.406+0000] {dag.py:3096} INFO - Sync 2 DAGs
[2024-05-25T22:11:36.424+0000] {logging_mixin.py:188} INFO - [2024-05-25T22:11:36.424+0000] {dag.py:3954} INFO - Setting next_dagrun for example_external_task_marker_child to None, run_after=None
[2024-05-25T22:11:36.430+0000] {logging_mixin.py:188} INFO - [2024-05-25T22:11:36.430+0000] {dag.py:3954} INFO - Setting next_dagrun for example_external_task_marker_parent to None, run_after=None
[2024-05-25T22:11:36.459+0000] {processor.py:183} INFO - Processing /home/airflow/.local/lib/python3.12/site-packages/airflow/example_dags/example_external_task_marker_dag.py took 0.109 seconds
[2024-05-25T22:12:06.900+0000] {processor.py:161} INFO - Started process (PID=1245) to work on /home/airflow/.local/lib/python3.12/site-packages/airflow/example_dags/example_external_task_marker_dag.py
[2024-05-25T22:12:06.903+0000] {processor.py:830} INFO - Processing file /home/airflow/.local/lib/python3.12/site-packages/airflow/example_dags/example_external_task_marker_dag.py for tasks to queue
[2024-05-25T22:12:06.905+0000] {logging_mixin.py:188} INFO - [2024-05-25T22:12:06.905+0000] {dagbag.py:545} INFO - Filling up the DagBag from /home/airflow/.local/lib/python3.12/site-packages/airflow/example_dags/example_external_task_marker_dag.py
[2024-05-25T22:12:06.914+0000] {processor.py:840} INFO - DAG(s) 'example_external_task_marker_parent', 'example_external_task_marker_child' retrieved from /home/airflow/.local/lib/python3.12/site-packages/airflow/example_dags/example_external_task_marker_dag.py
[2024-05-25T22:12:06.941+0000] {logging_mixin.py:188} INFO - [2024-05-25T22:12:06.941+0000] {dag.py:3096} INFO - Sync 2 DAGs
[2024-05-25T22:12:06.957+0000] {logging_mixin.py:188} INFO - [2024-05-25T22:12:06.956+0000] {dag.py:3954} INFO - Setting next_dagrun for example_external_task_marker_child to None, run_after=None
[2024-05-25T22:12:06.961+0000] {logging_mixin.py:188} INFO - [2024-05-25T22:12:06.961+0000] {dag.py:3954} INFO - Setting next_dagrun for example_external_task_marker_parent to None, run_after=None
[2024-05-25T22:12:06.979+0000] {processor.py:183} INFO - Processing /home/airflow/.local/lib/python3.12/site-packages/airflow/example_dags/example_external_task_marker_dag.py took 0.090 seconds
[2024-05-25T22:12:37.515+0000] {processor.py:161} INFO - Started process (PID=1302) to work on /home/airflow/.local/lib/python3.12/site-packages/airflow/example_dags/example_external_task_marker_dag.py
[2024-05-25T22:12:37.518+0000] {processor.py:830} INFO - Processing file /home/airflow/.local/lib/python3.12/site-packages/airflow/example_dags/example_external_task_marker_dag.py for tasks to queue
[2024-05-25T22:12:37.522+0000] {logging_mixin.py:188} INFO - [2024-05-25T22:12:37.521+0000] {dagbag.py:545} INFO - Filling up the DagBag from /home/airflow/.local/lib/python3.12/site-packages/airflow/example_dags/example_external_task_marker_dag.py
[2024-05-25T22:12:37.534+0000] {processor.py:840} INFO - DAG(s) 'example_external_task_marker_child', 'example_external_task_marker_parent' retrieved from /home/airflow/.local/lib/python3.12/site-packages/airflow/example_dags/example_external_task_marker_dag.py
[2024-05-25T22:12:37.567+0000] {logging_mixin.py:188} INFO - [2024-05-25T22:12:37.567+0000] {dag.py:3096} INFO - Sync 2 DAGs
[2024-05-25T22:12:37.583+0000] {logging_mixin.py:188} INFO - [2024-05-25T22:12:37.583+0000] {dag.py:3954} INFO - Setting next_dagrun for example_external_task_marker_child to None, run_after=None
[2024-05-25T22:12:37.589+0000] {logging_mixin.py:188} INFO - [2024-05-25T22:12:37.589+0000] {dag.py:3954} INFO - Setting next_dagrun for example_external_task_marker_parent to None, run_after=None
[2024-05-25T22:12:37.610+0000] {processor.py:183} INFO - Processing /home/airflow/.local/lib/python3.12/site-packages/airflow/example_dags/example_external_task_marker_dag.py took 0.110 seconds
[2024-05-25T22:13:08.076+0000] {processor.py:161} INFO - Started process (PID=1381) to work on /home/airflow/.local/lib/python3.12/site-packages/airflow/example_dags/example_external_task_marker_dag.py
[2024-05-25T22:13:08.077+0000] {processor.py:830} INFO - Processing file /home/airflow/.local/lib/python3.12/site-packages/airflow/example_dags/example_external_task_marker_dag.py for tasks to queue
[2024-05-25T22:13:08.079+0000] {logging_mixin.py:188} INFO - [2024-05-25T22:13:08.079+0000] {dagbag.py:545} INFO - Filling up the DagBag from /home/airflow/.local/lib/python3.12/site-packages/airflow/example_dags/example_external_task_marker_dag.py
[2024-05-25T22:13:08.086+0000] {processor.py:840} INFO - DAG(s) 'example_external_task_marker_child', 'example_external_task_marker_parent' retrieved from /home/airflow/.local/lib/python3.12/site-packages/airflow/example_dags/example_external_task_marker_dag.py
[2024-05-25T22:13:08.117+0000] {logging_mixin.py:188} INFO - [2024-05-25T22:13:08.116+0000] {dag.py:3096} INFO - Sync 2 DAGs
[2024-05-25T22:13:08.134+0000] {logging_mixin.py:188} INFO - [2024-05-25T22:13:08.134+0000] {dag.py:3954} INFO - Setting next_dagrun for example_external_task_marker_child to None, run_after=None
[2024-05-25T22:13:08.140+0000] {logging_mixin.py:188} INFO - [2024-05-25T22:13:08.140+0000] {dag.py:3954} INFO - Setting next_dagrun for example_external_task_marker_parent to None, run_after=None
[2024-05-25T22:13:08.169+0000] {processor.py:183} INFO - Processing /home/airflow/.local/lib/python3.12/site-packages/airflow/example_dags/example_external_task_marker_dag.py took 0.100 seconds
[2024-05-25T22:13:38.549+0000] {processor.py:161} INFO - Started process (PID=1439) to work on /home/airflow/.local/lib/python3.12/site-packages/airflow/example_dags/example_external_task_marker_dag.py
[2024-05-25T22:13:38.550+0000] {processor.py:830} INFO - Processing file /home/airflow/.local/lib/python3.12/site-packages/airflow/example_dags/example_external_task_marker_dag.py for tasks to queue
[2024-05-25T22:13:38.552+0000] {logging_mixin.py:188} INFO - [2024-05-25T22:13:38.551+0000] {dagbag.py:545} INFO - Filling up the DagBag from /home/airflow/.local/lib/python3.12/site-packages/airflow/example_dags/example_external_task_marker_dag.py
[2024-05-25T22:13:38.558+0000] {processor.py:840} INFO - DAG(s) 'example_external_task_marker_child', 'example_external_task_marker_parent' retrieved from /home/airflow/.local/lib/python3.12/site-packages/airflow/example_dags/example_external_task_marker_dag.py
[2024-05-25T22:13:38.584+0000] {logging_mixin.py:188} INFO - [2024-05-25T22:13:38.583+0000] {dag.py:3096} INFO - Sync 2 DAGs
[2024-05-25T22:13:38.604+0000] {logging_mixin.py:188} INFO - [2024-05-25T22:13:38.604+0000] {dag.py:3954} INFO - Setting next_dagrun for example_external_task_marker_child to None, run_after=None
[2024-05-25T22:13:38.609+0000] {logging_mixin.py:188} INFO - [2024-05-25T22:13:38.609+0000] {dag.py:3954} INFO - Setting next_dagrun for example_external_task_marker_parent to None, run_after=None
[2024-05-25T22:13:38.630+0000] {processor.py:183} INFO - Processing /home/airflow/.local/lib/python3.12/site-packages/airflow/example_dags/example_external_task_marker_dag.py took 0.087 seconds
[2024-05-25T22:14:08.759+0000] {processor.py:161} INFO - Started process (PID=1497) to work on /home/airflow/.local/lib/python3.12/site-packages/airflow/example_dags/example_external_task_marker_dag.py
[2024-05-25T22:14:08.760+0000] {processor.py:830} INFO - Processing file /home/airflow/.local/lib/python3.12/site-packages/airflow/example_dags/example_external_task_marker_dag.py for tasks to queue
[2024-05-25T22:14:08.762+0000] {logging_mixin.py:188} INFO - [2024-05-25T22:14:08.762+0000] {dagbag.py:545} INFO - Filling up the DagBag from /home/airflow/.local/lib/python3.12/site-packages/airflow/example_dags/example_external_task_marker_dag.py
[2024-05-25T22:14:08.769+0000] {processor.py:840} INFO - DAG(s) 'example_external_task_marker_child', 'example_external_task_marker_parent' retrieved from /home/airflow/.local/lib/python3.12/site-packages/airflow/example_dags/example_external_task_marker_dag.py
[2024-05-25T22:14:08.800+0000] {logging_mixin.py:188} INFO - [2024-05-25T22:14:08.800+0000] {dag.py:3096} INFO - Sync 2 DAGs
[2024-05-25T22:14:08.817+0000] {logging_mixin.py:188} INFO - [2024-05-25T22:14:08.817+0000] {dag.py:3954} INFO - Setting next_dagrun for example_external_task_marker_child to None, run_after=None
[2024-05-25T22:14:08.822+0000] {logging_mixin.py:188} INFO - [2024-05-25T22:14:08.822+0000] {dag.py:3954} INFO - Setting next_dagrun for example_external_task_marker_parent to None, run_after=None
[2024-05-25T22:14:08.842+0000] {processor.py:183} INFO - Processing /home/airflow/.local/lib/python3.12/site-packages/airflow/example_dags/example_external_task_marker_dag.py took 0.089 seconds
[2024-05-25T22:14:38.927+0000] {processor.py:161} INFO - Started process (PID=1555) to work on /home/airflow/.local/lib/python3.12/site-packages/airflow/example_dags/example_external_task_marker_dag.py
[2024-05-25T22:14:38.928+0000] {processor.py:830} INFO - Processing file /home/airflow/.local/lib/python3.12/site-packages/airflow/example_dags/example_external_task_marker_dag.py for tasks to queue
[2024-05-25T22:14:38.930+0000] {logging_mixin.py:188} INFO - [2024-05-25T22:14:38.930+0000] {dagbag.py:545} INFO - Filling up the DagBag from /home/airflow/.local/lib/python3.12/site-packages/airflow/example_dags/example_external_task_marker_dag.py
[2024-05-25T22:14:38.937+0000] {processor.py:840} INFO - DAG(s) 'example_external_task_marker_parent', 'example_external_task_marker_child' retrieved from /home/airflow/.local/lib/python3.12/site-packages/airflow/example_dags/example_external_task_marker_dag.py
[2024-05-25T22:14:38.981+0000] {logging_mixin.py:188} INFO - [2024-05-25T22:14:38.981+0000] {dag.py:3096} INFO - Sync 2 DAGs
[2024-05-25T22:14:38.997+0000] {logging_mixin.py:188} INFO - [2024-05-25T22:14:38.997+0000] {dag.py:3954} INFO - Setting next_dagrun for example_external_task_marker_child to None, run_after=None
[2024-05-25T22:14:39.002+0000] {logging_mixin.py:188} INFO - [2024-05-25T22:14:39.002+0000] {dag.py:3954} INFO - Setting next_dagrun for example_external_task_marker_parent to None, run_after=None
[2024-05-25T22:14:39.023+0000] {processor.py:183} INFO - Processing /home/airflow/.local/lib/python3.12/site-packages/airflow/example_dags/example_external_task_marker_dag.py took 0.103 seconds
[2024-05-25T22:15:09.201+0000] {processor.py:161} INFO - Started process (PID=1613) to work on /home/airflow/.local/lib/python3.12/site-packages/airflow/example_dags/example_external_task_marker_dag.py
[2024-05-25T22:15:09.202+0000] {processor.py:830} INFO - Processing file /home/airflow/.local/lib/python3.12/site-packages/airflow/example_dags/example_external_task_marker_dag.py for tasks to queue
[2024-05-25T22:15:09.205+0000] {logging_mixin.py:188} INFO - [2024-05-25T22:15:09.204+0000] {dagbag.py:545} INFO - Filling up the DagBag from /home/airflow/.local/lib/python3.12/site-packages/airflow/example_dags/example_external_task_marker_dag.py
[2024-05-25T22:15:09.212+0000] {processor.py:840} INFO - DAG(s) 'example_external_task_marker_child', 'example_external_task_marker_parent' retrieved from /home/airflow/.local/lib/python3.12/site-packages/airflow/example_dags/example_external_task_marker_dag.py
[2024-05-25T22:15:09.237+0000] {logging_mixin.py:188} INFO - [2024-05-25T22:15:09.236+0000] {dag.py:3096} INFO - Sync 2 DAGs
[2024-05-25T22:15:09.253+0000] {logging_mixin.py:188} INFO - [2024-05-25T22:15:09.253+0000] {dag.py:3954} INFO - Setting next_dagrun for example_external_task_marker_child to None, run_after=None
[2024-05-25T22:15:09.259+0000] {logging_mixin.py:188} INFO - [2024-05-25T22:15:09.259+0000] {dag.py:3954} INFO - Setting next_dagrun for example_external_task_marker_parent to None, run_after=None
[2024-05-25T22:15:09.406+0000] {processor.py:183} INFO - Processing /home/airflow/.local/lib/python3.12/site-packages/airflow/example_dags/example_external_task_marker_dag.py took 0.221 seconds
[2024-05-25T22:15:39.820+0000] {processor.py:161} INFO - Started process (PID=1671) to work on /home/airflow/.local/lib/python3.12/site-packages/airflow/example_dags/example_external_task_marker_dag.py
[2024-05-25T22:15:39.821+0000] {processor.py:830} INFO - Processing file /home/airflow/.local/lib/python3.12/site-packages/airflow/example_dags/example_external_task_marker_dag.py for tasks to queue
[2024-05-25T22:15:39.824+0000] {logging_mixin.py:188} INFO - [2024-05-25T22:15:39.823+0000] {dagbag.py:545} INFO - Filling up the DagBag from /home/airflow/.local/lib/python3.12/site-packages/airflow/example_dags/example_external_task_marker_dag.py
[2024-05-25T22:15:39.830+0000] {processor.py:840} INFO - DAG(s) 'example_external_task_marker_parent', 'example_external_task_marker_child' retrieved from /home/airflow/.local/lib/python3.12/site-packages/airflow/example_dags/example_external_task_marker_dag.py
[2024-05-25T22:15:39.854+0000] {logging_mixin.py:188} INFO - [2024-05-25T22:15:39.854+0000] {dag.py:3096} INFO - Sync 2 DAGs
[2024-05-25T22:15:39.870+0000] {logging_mixin.py:188} INFO - [2024-05-25T22:15:39.870+0000] {dag.py:3954} INFO - Setting next_dagrun for example_external_task_marker_child to None, run_after=None
[2024-05-25T22:15:39.875+0000] {logging_mixin.py:188} INFO - [2024-05-25T22:15:39.874+0000] {dag.py:3954} INFO - Setting next_dagrun for example_external_task_marker_parent to None, run_after=None
[2024-05-25T22:15:39.893+0000] {processor.py:183} INFO - Processing /home/airflow/.local/lib/python3.12/site-packages/airflow/example_dags/example_external_task_marker_dag.py took 0.079 seconds
[2024-05-25T22:16:10.202+0000] {processor.py:161} INFO - Started process (PID=1729) to work on /home/airflow/.local/lib/python3.12/site-packages/airflow/example_dags/example_external_task_marker_dag.py
[2024-05-25T22:16:10.203+0000] {processor.py:830} INFO - Processing file /home/airflow/.local/lib/python3.12/site-packages/airflow/example_dags/example_external_task_marker_dag.py for tasks to queue
[2024-05-25T22:16:10.205+0000] {logging_mixin.py:188} INFO - [2024-05-25T22:16:10.205+0000] {dagbag.py:545} INFO - Filling up the DagBag from /home/airflow/.local/lib/python3.12/site-packages/airflow/example_dags/example_external_task_marker_dag.py
[2024-05-25T22:16:10.213+0000] {processor.py:840} INFO - DAG(s) 'example_external_task_marker_child', 'example_external_task_marker_parent' retrieved from /home/airflow/.local/lib/python3.12/site-packages/airflow/example_dags/example_external_task_marker_dag.py
[2024-05-25T22:16:10.244+0000] {logging_mixin.py:188} INFO - [2024-05-25T22:16:10.243+0000] {dag.py:3096} INFO - Sync 2 DAGs
[2024-05-25T22:16:10.260+0000] {logging_mixin.py:188} INFO - [2024-05-25T22:16:10.260+0000] {dag.py:3954} INFO - Setting next_dagrun for example_external_task_marker_child to None, run_after=None
[2024-05-25T22:16:10.265+0000] {logging_mixin.py:188} INFO - [2024-05-25T22:16:10.265+0000] {dag.py:3954} INFO - Setting next_dagrun for example_external_task_marker_parent to None, run_after=None
[2024-05-25T22:16:10.286+0000] {processor.py:183} INFO - Processing /home/airflow/.local/lib/python3.12/site-packages/airflow/example_dags/example_external_task_marker_dag.py took 0.092 seconds
[2024-05-25T22:16:40.415+0000] {processor.py:161} INFO - Started process (PID=1787) to work on /home/airflow/.local/lib/python3.12/site-packages/airflow/example_dags/example_external_task_marker_dag.py
[2024-05-25T22:16:40.416+0000] {processor.py:830} INFO - Processing file /home/airflow/.local/lib/python3.12/site-packages/airflow/example_dags/example_external_task_marker_dag.py for tasks to queue
[2024-05-25T22:16:40.418+0000] {logging_mixin.py:188} INFO - [2024-05-25T22:16:40.418+0000] {dagbag.py:545} INFO - Filling up the DagBag from /home/airflow/.local/lib/python3.12/site-packages/airflow/example_dags/example_external_task_marker_dag.py
[2024-05-25T22:16:40.425+0000] {processor.py:840} INFO - DAG(s) 'example_external_task_marker_child', 'example_external_task_marker_parent' retrieved from /home/airflow/.local/lib/python3.12/site-packages/airflow/example_dags/example_external_task_marker_dag.py
[2024-05-25T22:16:40.452+0000] {logging_mixin.py:188} INFO - [2024-05-25T22:16:40.452+0000] {dag.py:3096} INFO - Sync 2 DAGs
[2024-05-25T22:16:40.473+0000] {logging_mixin.py:188} INFO - [2024-05-25T22:16:40.473+0000] {dag.py:3954} INFO - Setting next_dagrun for example_external_task_marker_child to None, run_after=None
[2024-05-25T22:16:40.479+0000] {logging_mixin.py:188} INFO - [2024-05-25T22:16:40.478+0000] {dag.py:3954} INFO - Setting next_dagrun for example_external_task_marker_parent to None, run_after=None
[2024-05-25T22:16:40.498+0000] {processor.py:183} INFO - Processing /home/airflow/.local/lib/python3.12/site-packages/airflow/example_dags/example_external_task_marker_dag.py took 0.089 seconds
[2024-05-25T22:17:10.927+0000] {processor.py:161} INFO - Started process (PID=1845) to work on /home/airflow/.local/lib/python3.12/site-packages/airflow/example_dags/example_external_task_marker_dag.py
[2024-05-25T22:17:10.928+0000] {processor.py:830} INFO - Processing file /home/airflow/.local/lib/python3.12/site-packages/airflow/example_dags/example_external_task_marker_dag.py for tasks to queue
[2024-05-25T22:17:10.932+0000] {logging_mixin.py:188} INFO - [2024-05-25T22:17:10.931+0000] {dagbag.py:545} INFO - Filling up the DagBag from /home/airflow/.local/lib/python3.12/site-packages/airflow/example_dags/example_external_task_marker_dag.py
[2024-05-25T22:17:10.939+0000] {processor.py:840} INFO - DAG(s) 'example_external_task_marker_child', 'example_external_task_marker_parent' retrieved from /home/airflow/.local/lib/python3.12/site-packages/airflow/example_dags/example_external_task_marker_dag.py
[2024-05-25T22:17:10.972+0000] {logging_mixin.py:188} INFO - [2024-05-25T22:17:10.972+0000] {dag.py:3096} INFO - Sync 2 DAGs
[2024-05-25T22:17:10.991+0000] {logging_mixin.py:188} INFO - [2024-05-25T22:17:10.990+0000] {dag.py:3954} INFO - Setting next_dagrun for example_external_task_marker_child to None, run_after=None
[2024-05-25T22:17:11.001+0000] {logging_mixin.py:188} INFO - [2024-05-25T22:17:11.000+0000] {dag.py:3954} INFO - Setting next_dagrun for example_external_task_marker_parent to None, run_after=None
[2024-05-25T22:17:11.023+0000] {processor.py:183} INFO - Processing /home/airflow/.local/lib/python3.12/site-packages/airflow/example_dags/example_external_task_marker_dag.py took 0.105 seconds
[2024-05-25T22:17:41.459+0000] {processor.py:161} INFO - Started process (PID=1903) to work on /home/airflow/.local/lib/python3.12/site-packages/airflow/example_dags/example_external_task_marker_dag.py
[2024-05-25T22:17:41.460+0000] {processor.py:830} INFO - Processing file /home/airflow/.local/lib/python3.12/site-packages/airflow/example_dags/example_external_task_marker_dag.py for tasks to queue
[2024-05-25T22:17:41.464+0000] {logging_mixin.py:188} INFO - [2024-05-25T22:17:41.464+0000] {dagbag.py:545} INFO - Filling up the DagBag from /home/airflow/.local/lib/python3.12/site-packages/airflow/example_dags/example_external_task_marker_dag.py
[2024-05-25T22:17:41.471+0000] {processor.py:840} INFO - DAG(s) 'example_external_task_marker_parent', 'example_external_task_marker_child' retrieved from /home/airflow/.local/lib/python3.12/site-packages/airflow/example_dags/example_external_task_marker_dag.py
[2024-05-25T22:17:41.500+0000] {logging_mixin.py:188} INFO - [2024-05-25T22:17:41.499+0000] {dag.py:3096} INFO - Sync 2 DAGs
[2024-05-25T22:17:41.517+0000] {logging_mixin.py:188} INFO - [2024-05-25T22:17:41.517+0000] {dag.py:3954} INFO - Setting next_dagrun for example_external_task_marker_child to None, run_after=None
[2024-05-25T22:17:41.523+0000] {logging_mixin.py:188} INFO - [2024-05-25T22:17:41.523+0000] {dag.py:3954} INFO - Setting next_dagrun for example_external_task_marker_parent to None, run_after=None
[2024-05-25T22:17:41.543+0000] {processor.py:183} INFO - Processing /home/airflow/.local/lib/python3.12/site-packages/airflow/example_dags/example_external_task_marker_dag.py took 0.090 seconds
[2024-05-25T22:18:11.692+0000] {processor.py:161} INFO - Started process (PID=1961) to work on /home/airflow/.local/lib/python3.12/site-packages/airflow/example_dags/example_external_task_marker_dag.py
[2024-05-25T22:18:11.694+0000] {processor.py:830} INFO - Processing file /home/airflow/.local/lib/python3.12/site-packages/airflow/example_dags/example_external_task_marker_dag.py for tasks to queue
[2024-05-25T22:18:11.696+0000] {logging_mixin.py:188} INFO - [2024-05-25T22:18:11.696+0000] {dagbag.py:545} INFO - Filling up the DagBag from /home/airflow/.local/lib/python3.12/site-packages/airflow/example_dags/example_external_task_marker_dag.py
[2024-05-25T22:18:11.703+0000] {processor.py:840} INFO - DAG(s) 'example_external_task_marker_child', 'example_external_task_marker_parent' retrieved from /home/airflow/.local/lib/python3.12/site-packages/airflow/example_dags/example_external_task_marker_dag.py
[2024-05-25T22:18:11.729+0000] {logging_mixin.py:188} INFO - [2024-05-25T22:18:11.729+0000] {dag.py:3096} INFO - Sync 2 DAGs
[2024-05-25T22:18:11.745+0000] {logging_mixin.py:188} INFO - [2024-05-25T22:18:11.745+0000] {dag.py:3954} INFO - Setting next_dagrun for example_external_task_marker_child to None, run_after=None
[2024-05-25T22:18:11.751+0000] {logging_mixin.py:188} INFO - [2024-05-25T22:18:11.750+0000] {dag.py:3954} INFO - Setting next_dagrun for example_external_task_marker_parent to None, run_after=None
[2024-05-25T22:18:11.775+0000] {processor.py:183} INFO - Processing /home/airflow/.local/lib/python3.12/site-packages/airflow/example_dags/example_external_task_marker_dag.py took 0.091 seconds
[2024-05-25T22:18:41.945+0000] {processor.py:161} INFO - Started process (PID=2019) to work on /home/airflow/.local/lib/python3.12/site-packages/airflow/example_dags/example_external_task_marker_dag.py
[2024-05-25T22:18:41.946+0000] {processor.py:830} INFO - Processing file /home/airflow/.local/lib/python3.12/site-packages/airflow/example_dags/example_external_task_marker_dag.py for tasks to queue
[2024-05-25T22:18:41.948+0000] {logging_mixin.py:188} INFO - [2024-05-25T22:18:41.948+0000] {dagbag.py:545} INFO - Filling up the DagBag from /home/airflow/.local/lib/python3.12/site-packages/airflow/example_dags/example_external_task_marker_dag.py
[2024-05-25T22:18:41.956+0000] {processor.py:840} INFO - DAG(s) 'example_external_task_marker_parent', 'example_external_task_marker_child' retrieved from /home/airflow/.local/lib/python3.12/site-packages/airflow/example_dags/example_external_task_marker_dag.py
[2024-05-25T22:18:41.984+0000] {logging_mixin.py:188} INFO - [2024-05-25T22:18:41.984+0000] {dag.py:3096} INFO - Sync 2 DAGs
[2024-05-25T22:18:42.001+0000] {logging_mixin.py:188} INFO - [2024-05-25T22:18:42.001+0000] {dag.py:3954} INFO - Setting next_dagrun for example_external_task_marker_child to None, run_after=None
[2024-05-25T22:18:42.006+0000] {logging_mixin.py:188} INFO - [2024-05-25T22:18:42.006+0000] {dag.py:3954} INFO - Setting next_dagrun for example_external_task_marker_parent to None, run_after=None
[2024-05-25T22:18:42.026+0000] {processor.py:183} INFO - Processing /home/airflow/.local/lib/python3.12/site-packages/airflow/example_dags/example_external_task_marker_dag.py took 0.090 seconds
[2024-05-25T22:19:12.258+0000] {processor.py:161} INFO - Started process (PID=2076) to work on /home/airflow/.local/lib/python3.12/site-packages/airflow/example_dags/example_external_task_marker_dag.py
[2024-05-25T22:19:12.259+0000] {processor.py:830} INFO - Processing file /home/airflow/.local/lib/python3.12/site-packages/airflow/example_dags/example_external_task_marker_dag.py for tasks to queue
[2024-05-25T22:19:12.261+0000] {logging_mixin.py:188} INFO - [2024-05-25T22:19:12.261+0000] {dagbag.py:545} INFO - Filling up the DagBag from /home/airflow/.local/lib/python3.12/site-packages/airflow/example_dags/example_external_task_marker_dag.py
[2024-05-25T22:19:12.268+0000] {processor.py:840} INFO - DAG(s) 'example_external_task_marker_child', 'example_external_task_marker_parent' retrieved from /home/airflow/.local/lib/python3.12/site-packages/airflow/example_dags/example_external_task_marker_dag.py
[2024-05-25T22:19:12.296+0000] {logging_mixin.py:188} INFO - [2024-05-25T22:19:12.296+0000] {dag.py:3096} INFO - Sync 2 DAGs
[2024-05-25T22:19:12.315+0000] {logging_mixin.py:188} INFO - [2024-05-25T22:19:12.314+0000] {dag.py:3954} INFO - Setting next_dagrun for example_external_task_marker_child to None, run_after=None
[2024-05-25T22:19:12.320+0000] {logging_mixin.py:188} INFO - [2024-05-25T22:19:12.320+0000] {dag.py:3954} INFO - Setting next_dagrun for example_external_task_marker_parent to None, run_after=None
[2024-05-25T22:19:12.342+0000] {processor.py:183} INFO - Processing /home/airflow/.local/lib/python3.12/site-packages/airflow/example_dags/example_external_task_marker_dag.py took 0.091 seconds
