[2024-05-25T22:01:28.675+0000] {processor.py:161} INFO - Started process (PID=61) to work on /home/airflow/.local/lib/python3.12/site-packages/airflow/example_dags/example_nested_branch_dag.py
[2024-05-25T22:01:28.678+0000] {processor.py:830} INFO - Processing file /home/airflow/.local/lib/python3.12/site-packages/airflow/example_dags/example_nested_branch_dag.py for tasks to queue
[2024-05-25T22:01:28.683+0000] {logging_mixin.py:188} INFO - [2024-05-25T22:01:28.682+0000] {dagbag.py:545} INFO - Filling up the DagBag from /home/airflow/.local/lib/python3.12/site-packages/airflow/example_dags/example_nested_branch_dag.py
[2024-05-25T22:01:28.704+0000] {processor.py:840} INFO - DAG(s) 'example_nested_branch_dag' retrieved from /home/airflow/.local/lib/python3.12/site-packages/airflow/example_dags/example_nested_branch_dag.py
[2024-05-25T22:01:28.726+0000] {logging_mixin.py:188} INFO - [2024-05-25T22:01:28.725+0000] {dag.py:3096} INFO - Sync 1 DAGs
[2024-05-25T22:01:28.765+0000] {logging_mixin.py:188} INFO - [2024-05-25T22:01:28.764+0000] {dag.py:3954} INFO - Setting next_dagrun for example_nested_branch_dag to 2024-05-24 00:00:00+00:00, run_after=2024-05-25 00:00:00+00:00
[2024-05-25T22:01:28.824+0000] {processor.py:183} INFO - Processing /home/airflow/.local/lib/python3.12/site-packages/airflow/example_dags/example_nested_branch_dag.py took 0.162 seconds
[2024-05-25T22:01:59.780+0000] {processor.py:161} INFO - Started process (PID=119) to work on /home/airflow/.local/lib/python3.12/site-packages/airflow/example_dags/example_nested_branch_dag.py
[2024-05-25T22:01:59.781+0000] {processor.py:830} INFO - Processing file /home/airflow/.local/lib/python3.12/site-packages/airflow/example_dags/example_nested_branch_dag.py for tasks to queue
[2024-05-25T22:01:59.786+0000] {logging_mixin.py:188} INFO - [2024-05-25T22:01:59.785+0000] {dagbag.py:545} INFO - Filling up the DagBag from /home/airflow/.local/lib/python3.12/site-packages/airflow/example_dags/example_nested_branch_dag.py
[2024-05-25T22:01:59.797+0000] {processor.py:840} INFO - DAG(s) 'example_nested_branch_dag' retrieved from /home/airflow/.local/lib/python3.12/site-packages/airflow/example_dags/example_nested_branch_dag.py
[2024-05-25T22:01:59.929+0000] {logging_mixin.py:188} INFO - [2024-05-25T22:01:59.928+0000] {dag.py:3096} INFO - Sync 1 DAGs
[2024-05-25T22:01:59.954+0000] {logging_mixin.py:188} INFO - [2024-05-25T22:01:59.954+0000] {dag.py:3954} INFO - Setting next_dagrun for example_nested_branch_dag to 2024-05-24 00:00:00+00:00, run_after=2024-05-25 00:00:00+00:00
[2024-05-25T22:01:59.980+0000] {processor.py:183} INFO - Processing /home/airflow/.local/lib/python3.12/site-packages/airflow/example_dags/example_nested_branch_dag.py took 0.215 seconds
[2024-05-25T22:02:30.105+0000] {processor.py:161} INFO - Started process (PID=177) to work on /home/airflow/.local/lib/python3.12/site-packages/airflow/example_dags/example_nested_branch_dag.py
[2024-05-25T22:02:30.106+0000] {processor.py:830} INFO - Processing file /home/airflow/.local/lib/python3.12/site-packages/airflow/example_dags/example_nested_branch_dag.py for tasks to queue
[2024-05-25T22:02:30.109+0000] {logging_mixin.py:188} INFO - [2024-05-25T22:02:30.108+0000] {dagbag.py:545} INFO - Filling up the DagBag from /home/airflow/.local/lib/python3.12/site-packages/airflow/example_dags/example_nested_branch_dag.py
[2024-05-25T22:02:30.121+0000] {processor.py:840} INFO - DAG(s) 'example_nested_branch_dag' retrieved from /home/airflow/.local/lib/python3.12/site-packages/airflow/example_dags/example_nested_branch_dag.py
[2024-05-25T22:02:30.148+0000] {logging_mixin.py:188} INFO - [2024-05-25T22:02:30.147+0000] {dag.py:3096} INFO - Sync 1 DAGs
[2024-05-25T22:02:30.176+0000] {logging_mixin.py:188} INFO - [2024-05-25T22:02:30.175+0000] {dag.py:3954} INFO - Setting next_dagrun for example_nested_branch_dag to 2024-05-24 00:00:00+00:00, run_after=2024-05-25 00:00:00+00:00
[2024-05-25T22:02:30.197+0000] {processor.py:183} INFO - Processing /home/airflow/.local/lib/python3.12/site-packages/airflow/example_dags/example_nested_branch_dag.py took 0.100 seconds
[2024-05-25T22:03:00.982+0000] {processor.py:161} INFO - Started process (PID=235) to work on /home/airflow/.local/lib/python3.12/site-packages/airflow/example_dags/example_nested_branch_dag.py
[2024-05-25T22:03:00.984+0000] {processor.py:830} INFO - Processing file /home/airflow/.local/lib/python3.12/site-packages/airflow/example_dags/example_nested_branch_dag.py for tasks to queue
[2024-05-25T22:03:00.989+0000] {logging_mixin.py:188} INFO - [2024-05-25T22:03:00.988+0000] {dagbag.py:545} INFO - Filling up the DagBag from /home/airflow/.local/lib/python3.12/site-packages/airflow/example_dags/example_nested_branch_dag.py
[2024-05-25T22:03:01.008+0000] {processor.py:840} INFO - DAG(s) 'example_nested_branch_dag' retrieved from /home/airflow/.local/lib/python3.12/site-packages/airflow/example_dags/example_nested_branch_dag.py
[2024-05-25T22:03:01.032+0000] {logging_mixin.py:188} INFO - [2024-05-25T22:03:01.032+0000] {dag.py:3096} INFO - Sync 1 DAGs
[2024-05-25T22:03:01.059+0000] {logging_mixin.py:188} INFO - [2024-05-25T22:03:01.058+0000] {dag.py:3954} INFO - Setting next_dagrun for example_nested_branch_dag to 2024-05-24 00:00:00+00:00, run_after=2024-05-25 00:00:00+00:00
[2024-05-25T22:03:01.083+0000] {processor.py:183} INFO - Processing /home/airflow/.local/lib/python3.12/site-packages/airflow/example_dags/example_nested_branch_dag.py took 0.115 seconds
[2024-05-25T22:03:31.233+0000] {processor.py:161} INFO - Started process (PID=293) to work on /home/airflow/.local/lib/python3.12/site-packages/airflow/example_dags/example_nested_branch_dag.py
[2024-05-25T22:03:31.235+0000] {processor.py:830} INFO - Processing file /home/airflow/.local/lib/python3.12/site-packages/airflow/example_dags/example_nested_branch_dag.py for tasks to queue
[2024-05-25T22:03:31.241+0000] {logging_mixin.py:188} INFO - [2024-05-25T22:03:31.240+0000] {dagbag.py:545} INFO - Filling up the DagBag from /home/airflow/.local/lib/python3.12/site-packages/airflow/example_dags/example_nested_branch_dag.py
[2024-05-25T22:03:31.256+0000] {processor.py:840} INFO - DAG(s) 'example_nested_branch_dag' retrieved from /home/airflow/.local/lib/python3.12/site-packages/airflow/example_dags/example_nested_branch_dag.py
[2024-05-25T22:03:31.288+0000] {logging_mixin.py:188} INFO - [2024-05-25T22:03:31.287+0000] {dag.py:3096} INFO - Sync 1 DAGs
[2024-05-25T22:03:31.320+0000] {logging_mixin.py:188} INFO - [2024-05-25T22:03:31.319+0000] {dag.py:3954} INFO - Setting next_dagrun for example_nested_branch_dag to 2024-05-24 00:00:00+00:00, run_after=2024-05-25 00:00:00+00:00
[2024-05-25T22:03:31.342+0000] {processor.py:183} INFO - Processing /home/airflow/.local/lib/python3.12/site-packages/airflow/example_dags/example_nested_branch_dag.py took 0.129 seconds
[2024-05-25T22:04:02.153+0000] {processor.py:161} INFO - Started process (PID=351) to work on /home/airflow/.local/lib/python3.12/site-packages/airflow/example_dags/example_nested_branch_dag.py
[2024-05-25T22:04:02.154+0000] {processor.py:830} INFO - Processing file /home/airflow/.local/lib/python3.12/site-packages/airflow/example_dags/example_nested_branch_dag.py for tasks to queue
[2024-05-25T22:04:02.159+0000] {logging_mixin.py:188} INFO - [2024-05-25T22:04:02.159+0000] {dagbag.py:545} INFO - Filling up the DagBag from /home/airflow/.local/lib/python3.12/site-packages/airflow/example_dags/example_nested_branch_dag.py
[2024-05-25T22:04:02.178+0000] {processor.py:840} INFO - DAG(s) 'example_nested_branch_dag' retrieved from /home/airflow/.local/lib/python3.12/site-packages/airflow/example_dags/example_nested_branch_dag.py
[2024-05-25T22:04:02.201+0000] {logging_mixin.py:188} INFO - [2024-05-25T22:04:02.201+0000] {dag.py:3096} INFO - Sync 1 DAGs
[2024-05-25T22:04:02.228+0000] {logging_mixin.py:188} INFO - [2024-05-25T22:04:02.227+0000] {dag.py:3954} INFO - Setting next_dagrun for example_nested_branch_dag to 2024-05-24 00:00:00+00:00, run_after=2024-05-25 00:00:00+00:00
[2024-05-25T22:04:02.249+0000] {processor.py:183} INFO - Processing /home/airflow/.local/lib/python3.12/site-packages/airflow/example_dags/example_nested_branch_dag.py took 0.111 seconds
[2024-05-25T22:04:32.477+0000] {processor.py:161} INFO - Started process (PID=409) to work on /home/airflow/.local/lib/python3.12/site-packages/airflow/example_dags/example_nested_branch_dag.py
[2024-05-25T22:04:32.479+0000] {processor.py:830} INFO - Processing file /home/airflow/.local/lib/python3.12/site-packages/airflow/example_dags/example_nested_branch_dag.py for tasks to queue
[2024-05-25T22:04:32.483+0000] {logging_mixin.py:188} INFO - [2024-05-25T22:04:32.482+0000] {dagbag.py:545} INFO - Filling up the DagBag from /home/airflow/.local/lib/python3.12/site-packages/airflow/example_dags/example_nested_branch_dag.py
[2024-05-25T22:04:32.502+0000] {processor.py:840} INFO - DAG(s) 'example_nested_branch_dag' retrieved from /home/airflow/.local/lib/python3.12/site-packages/airflow/example_dags/example_nested_branch_dag.py
[2024-05-25T22:04:32.529+0000] {logging_mixin.py:188} INFO - [2024-05-25T22:04:32.529+0000] {dag.py:3096} INFO - Sync 1 DAGs
[2024-05-25T22:04:32.556+0000] {logging_mixin.py:188} INFO - [2024-05-25T22:04:32.556+0000] {dag.py:3954} INFO - Setting next_dagrun for example_nested_branch_dag to 2024-05-24 00:00:00+00:00, run_after=2024-05-25 00:00:00+00:00
[2024-05-25T22:04:32.577+0000] {processor.py:183} INFO - Processing /home/airflow/.local/lib/python3.12/site-packages/airflow/example_dags/example_nested_branch_dag.py took 0.118 seconds
[2024-05-25T22:05:02.983+0000] {processor.py:161} INFO - Started process (PID=466) to work on /home/airflow/.local/lib/python3.12/site-packages/airflow/example_dags/example_nested_branch_dag.py
[2024-05-25T22:05:02.985+0000] {processor.py:830} INFO - Processing file /home/airflow/.local/lib/python3.12/site-packages/airflow/example_dags/example_nested_branch_dag.py for tasks to queue
[2024-05-25T22:05:02.990+0000] {logging_mixin.py:188} INFO - [2024-05-25T22:05:02.989+0000] {dagbag.py:545} INFO - Filling up the DagBag from /home/airflow/.local/lib/python3.12/site-packages/airflow/example_dags/example_nested_branch_dag.py
[2024-05-25T22:05:03.016+0000] {processor.py:840} INFO - DAG(s) 'example_nested_branch_dag' retrieved from /home/airflow/.local/lib/python3.12/site-packages/airflow/example_dags/example_nested_branch_dag.py
[2024-05-25T22:05:03.048+0000] {logging_mixin.py:188} INFO - [2024-05-25T22:05:03.047+0000] {dag.py:3096} INFO - Sync 1 DAGs
[2024-05-25T22:05:03.077+0000] {logging_mixin.py:188} INFO - [2024-05-25T22:05:03.076+0000] {dag.py:3954} INFO - Setting next_dagrun for example_nested_branch_dag to 2024-05-24 00:00:00+00:00, run_after=2024-05-25 00:00:00+00:00
[2024-05-25T22:05:03.098+0000] {processor.py:183} INFO - Processing /home/airflow/.local/lib/python3.12/site-packages/airflow/example_dags/example_nested_branch_dag.py took 0.131 seconds
[2024-05-25T22:05:33.207+0000] {processor.py:161} INFO - Started process (PID=524) to work on /home/airflow/.local/lib/python3.12/site-packages/airflow/example_dags/example_nested_branch_dag.py
[2024-05-25T22:05:33.208+0000] {processor.py:830} INFO - Processing file /home/airflow/.local/lib/python3.12/site-packages/airflow/example_dags/example_nested_branch_dag.py for tasks to queue
[2024-05-25T22:05:33.213+0000] {logging_mixin.py:188} INFO - [2024-05-25T22:05:33.213+0000] {dagbag.py:545} INFO - Filling up the DagBag from /home/airflow/.local/lib/python3.12/site-packages/airflow/example_dags/example_nested_branch_dag.py
[2024-05-25T22:05:33.233+0000] {processor.py:840} INFO - DAG(s) 'example_nested_branch_dag' retrieved from /home/airflow/.local/lib/python3.12/site-packages/airflow/example_dags/example_nested_branch_dag.py
[2024-05-25T22:05:33.267+0000] {logging_mixin.py:188} INFO - [2024-05-25T22:05:33.267+0000] {dag.py:3096} INFO - Sync 1 DAGs
[2024-05-25T22:05:33.297+0000] {logging_mixin.py:188} INFO - [2024-05-25T22:05:33.296+0000] {dag.py:3954} INFO - Setting next_dagrun for example_nested_branch_dag to 2024-05-24 00:00:00+00:00, run_after=2024-05-25 00:00:00+00:00
[2024-05-25T22:05:33.320+0000] {processor.py:183} INFO - Processing /home/airflow/.local/lib/python3.12/site-packages/airflow/example_dags/example_nested_branch_dag.py took 0.119 seconds
[2024-05-25T22:06:03.798+0000] {processor.py:161} INFO - Started process (PID=581) to work on /home/airflow/.local/lib/python3.12/site-packages/airflow/example_dags/example_nested_branch_dag.py
[2024-05-25T22:06:03.799+0000] {processor.py:830} INFO - Processing file /home/airflow/.local/lib/python3.12/site-packages/airflow/example_dags/example_nested_branch_dag.py for tasks to queue
[2024-05-25T22:06:03.802+0000] {logging_mixin.py:188} INFO - [2024-05-25T22:06:03.801+0000] {dagbag.py:545} INFO - Filling up the DagBag from /home/airflow/.local/lib/python3.12/site-packages/airflow/example_dags/example_nested_branch_dag.py
[2024-05-25T22:06:03.819+0000] {processor.py:840} INFO - DAG(s) 'example_nested_branch_dag' retrieved from /home/airflow/.local/lib/python3.12/site-packages/airflow/example_dags/example_nested_branch_dag.py
[2024-05-25T22:06:03.842+0000] {logging_mixin.py:188} INFO - [2024-05-25T22:06:03.842+0000] {dag.py:3096} INFO - Sync 1 DAGs
[2024-05-25T22:06:03.868+0000] {logging_mixin.py:188} INFO - [2024-05-25T22:06:03.868+0000] {dag.py:3954} INFO - Setting next_dagrun for example_nested_branch_dag to 2024-05-24 00:00:00+00:00, run_after=2024-05-25 00:00:00+00:00
[2024-05-25T22:06:03.890+0000] {processor.py:183} INFO - Processing /home/airflow/.local/lib/python3.12/site-packages/airflow/example_dags/example_nested_branch_dag.py took 0.115 seconds
[2024-05-25T22:06:34.065+0000] {processor.py:161} INFO - Started process (PID=638) to work on /home/airflow/.local/lib/python3.12/site-packages/airflow/example_dags/example_nested_branch_dag.py
[2024-05-25T22:06:34.067+0000] {processor.py:830} INFO - Processing file /home/airflow/.local/lib/python3.12/site-packages/airflow/example_dags/example_nested_branch_dag.py for tasks to queue
[2024-05-25T22:06:34.072+0000] {logging_mixin.py:188} INFO - [2024-05-25T22:06:34.071+0000] {dagbag.py:545} INFO - Filling up the DagBag from /home/airflow/.local/lib/python3.12/site-packages/airflow/example_dags/example_nested_branch_dag.py
[2024-05-25T22:06:34.092+0000] {processor.py:840} INFO - DAG(s) 'example_nested_branch_dag' retrieved from /home/airflow/.local/lib/python3.12/site-packages/airflow/example_dags/example_nested_branch_dag.py
[2024-05-25T22:06:34.118+0000] {logging_mixin.py:188} INFO - [2024-05-25T22:06:34.118+0000] {dag.py:3096} INFO - Sync 1 DAGs
[2024-05-25T22:06:34.147+0000] {logging_mixin.py:188} INFO - [2024-05-25T22:06:34.147+0000] {dag.py:3954} INFO - Setting next_dagrun for example_nested_branch_dag to 2024-05-24 00:00:00+00:00, run_after=2024-05-25 00:00:00+00:00
[2024-05-25T22:06:34.182+0000] {processor.py:183} INFO - Processing /home/airflow/.local/lib/python3.12/site-packages/airflow/example_dags/example_nested_branch_dag.py took 0.132 seconds
[2024-05-25T22:07:04.421+0000] {processor.py:161} INFO - Started process (PID=695) to work on /home/airflow/.local/lib/python3.12/site-packages/airflow/example_dags/example_nested_branch_dag.py
[2024-05-25T22:07:04.422+0000] {processor.py:830} INFO - Processing file /home/airflow/.local/lib/python3.12/site-packages/airflow/example_dags/example_nested_branch_dag.py for tasks to queue
[2024-05-25T22:07:04.425+0000] {logging_mixin.py:188} INFO - [2024-05-25T22:07:04.425+0000] {dagbag.py:545} INFO - Filling up the DagBag from /home/airflow/.local/lib/python3.12/site-packages/airflow/example_dags/example_nested_branch_dag.py
[2024-05-25T22:07:04.439+0000] {processor.py:840} INFO - DAG(s) 'example_nested_branch_dag' retrieved from /home/airflow/.local/lib/python3.12/site-packages/airflow/example_dags/example_nested_branch_dag.py
[2024-05-25T22:07:04.473+0000] {logging_mixin.py:188} INFO - [2024-05-25T22:07:04.473+0000] {dag.py:3096} INFO - Sync 1 DAGs
[2024-05-25T22:07:04.516+0000] {logging_mixin.py:188} INFO - [2024-05-25T22:07:04.515+0000] {dag.py:3954} INFO - Setting next_dagrun for example_nested_branch_dag to 2024-05-24 00:00:00+00:00, run_after=2024-05-25 00:00:00+00:00
[2024-05-25T22:07:04.540+0000] {processor.py:183} INFO - Processing /home/airflow/.local/lib/python3.12/site-packages/airflow/example_dags/example_nested_branch_dag.py took 0.133 seconds
[2024-05-25T22:07:35.044+0000] {processor.py:161} INFO - Started process (PID=753) to work on /home/airflow/.local/lib/python3.12/site-packages/airflow/example_dags/example_nested_branch_dag.py
[2024-05-25T22:07:35.046+0000] {processor.py:830} INFO - Processing file /home/airflow/.local/lib/python3.12/site-packages/airflow/example_dags/example_nested_branch_dag.py for tasks to queue
[2024-05-25T22:07:35.051+0000] {logging_mixin.py:188} INFO - [2024-05-25T22:07:35.050+0000] {dagbag.py:545} INFO - Filling up the DagBag from /home/airflow/.local/lib/python3.12/site-packages/airflow/example_dags/example_nested_branch_dag.py
[2024-05-25T22:07:35.076+0000] {processor.py:840} INFO - DAG(s) 'example_nested_branch_dag' retrieved from /home/airflow/.local/lib/python3.12/site-packages/airflow/example_dags/example_nested_branch_dag.py
[2024-05-25T22:07:35.105+0000] {logging_mixin.py:188} INFO - [2024-05-25T22:07:35.105+0000] {dag.py:3096} INFO - Sync 1 DAGs
[2024-05-25T22:07:35.138+0000] {logging_mixin.py:188} INFO - [2024-05-25T22:07:35.137+0000] {dag.py:3954} INFO - Setting next_dagrun for example_nested_branch_dag to 2024-05-24 00:00:00+00:00, run_after=2024-05-25 00:00:00+00:00
[2024-05-25T22:07:35.163+0000] {processor.py:183} INFO - Processing /home/airflow/.local/lib/python3.12/site-packages/airflow/example_dags/example_nested_branch_dag.py took 0.134 seconds
[2024-05-25T22:08:05.367+0000] {processor.py:161} INFO - Started process (PID=811) to work on /home/airflow/.local/lib/python3.12/site-packages/airflow/example_dags/example_nested_branch_dag.py
[2024-05-25T22:08:05.369+0000] {processor.py:830} INFO - Processing file /home/airflow/.local/lib/python3.12/site-packages/airflow/example_dags/example_nested_branch_dag.py for tasks to queue
[2024-05-25T22:08:05.373+0000] {logging_mixin.py:188} INFO - [2024-05-25T22:08:05.373+0000] {dagbag.py:545} INFO - Filling up the DagBag from /home/airflow/.local/lib/python3.12/site-packages/airflow/example_dags/example_nested_branch_dag.py
[2024-05-25T22:08:05.385+0000] {processor.py:840} INFO - DAG(s) 'example_nested_branch_dag' retrieved from /home/airflow/.local/lib/python3.12/site-packages/airflow/example_dags/example_nested_branch_dag.py
[2024-05-25T22:08:05.410+0000] {logging_mixin.py:188} INFO - [2024-05-25T22:08:05.409+0000] {dag.py:3096} INFO - Sync 1 DAGs
[2024-05-25T22:08:05.438+0000] {logging_mixin.py:188} INFO - [2024-05-25T22:08:05.438+0000] {dag.py:3954} INFO - Setting next_dagrun for example_nested_branch_dag to 2024-05-24 00:00:00+00:00, run_after=2024-05-25 00:00:00+00:00
[2024-05-25T22:08:05.467+0000] {processor.py:183} INFO - Processing /home/airflow/.local/lib/python3.12/site-packages/airflow/example_dags/example_nested_branch_dag.py took 0.117 seconds
[2024-05-25T22:08:35.717+0000] {processor.py:161} INFO - Started process (PID=869) to work on /home/airflow/.local/lib/python3.12/site-packages/airflow/example_dags/example_nested_branch_dag.py
[2024-05-25T22:08:35.718+0000] {processor.py:830} INFO - Processing file /home/airflow/.local/lib/python3.12/site-packages/airflow/example_dags/example_nested_branch_dag.py for tasks to queue
[2024-05-25T22:08:35.721+0000] {logging_mixin.py:188} INFO - [2024-05-25T22:08:35.720+0000] {dagbag.py:545} INFO - Filling up the DagBag from /home/airflow/.local/lib/python3.12/site-packages/airflow/example_dags/example_nested_branch_dag.py
[2024-05-25T22:08:35.732+0000] {processor.py:840} INFO - DAG(s) 'example_nested_branch_dag' retrieved from /home/airflow/.local/lib/python3.12/site-packages/airflow/example_dags/example_nested_branch_dag.py
[2024-05-25T22:08:35.772+0000] {logging_mixin.py:188} INFO - [2024-05-25T22:08:35.771+0000] {dag.py:3096} INFO - Sync 1 DAGs
[2024-05-25T22:08:35.800+0000] {logging_mixin.py:188} INFO - [2024-05-25T22:08:35.800+0000] {dag.py:3954} INFO - Setting next_dagrun for example_nested_branch_dag to 2024-05-24 00:00:00+00:00, run_after=2024-05-25 00:00:00+00:00
[2024-05-25T22:08:35.822+0000] {processor.py:183} INFO - Processing /home/airflow/.local/lib/python3.12/site-packages/airflow/example_dags/example_nested_branch_dag.py took 0.121 seconds
[2024-05-25T22:09:06.064+0000] {processor.py:161} INFO - Started process (PID=927) to work on /home/airflow/.local/lib/python3.12/site-packages/airflow/example_dags/example_nested_branch_dag.py
[2024-05-25T22:09:06.065+0000] {processor.py:830} INFO - Processing file /home/airflow/.local/lib/python3.12/site-packages/airflow/example_dags/example_nested_branch_dag.py for tasks to queue
[2024-05-25T22:09:06.067+0000] {logging_mixin.py:188} INFO - [2024-05-25T22:09:06.066+0000] {dagbag.py:545} INFO - Filling up the DagBag from /home/airflow/.local/lib/python3.12/site-packages/airflow/example_dags/example_nested_branch_dag.py
[2024-05-25T22:09:06.078+0000] {processor.py:840} INFO - DAG(s) 'example_nested_branch_dag' retrieved from /home/airflow/.local/lib/python3.12/site-packages/airflow/example_dags/example_nested_branch_dag.py
[2024-05-25T22:09:06.102+0000] {logging_mixin.py:188} INFO - [2024-05-25T22:09:06.101+0000] {dag.py:3096} INFO - Sync 1 DAGs
[2024-05-25T22:09:06.127+0000] {logging_mixin.py:188} INFO - [2024-05-25T22:09:06.127+0000] {dag.py:3954} INFO - Setting next_dagrun for example_nested_branch_dag to 2024-05-24 00:00:00+00:00, run_after=2024-05-25 00:00:00+00:00
[2024-05-25T22:09:06.150+0000] {processor.py:183} INFO - Processing /home/airflow/.local/lib/python3.12/site-packages/airflow/example_dags/example_nested_branch_dag.py took 0.092 seconds
[2024-05-25T22:09:37.102+0000] {processor.py:161} INFO - Started process (PID=984) to work on /home/airflow/.local/lib/python3.12/site-packages/airflow/example_dags/example_nested_branch_dag.py
[2024-05-25T22:09:37.103+0000] {processor.py:830} INFO - Processing file /home/airflow/.local/lib/python3.12/site-packages/airflow/example_dags/example_nested_branch_dag.py for tasks to queue
[2024-05-25T22:09:37.105+0000] {logging_mixin.py:188} INFO - [2024-05-25T22:09:37.105+0000] {dagbag.py:545} INFO - Filling up the DagBag from /home/airflow/.local/lib/python3.12/site-packages/airflow/example_dags/example_nested_branch_dag.py
[2024-05-25T22:09:37.118+0000] {processor.py:840} INFO - DAG(s) 'example_nested_branch_dag' retrieved from /home/airflow/.local/lib/python3.12/site-packages/airflow/example_dags/example_nested_branch_dag.py
[2024-05-25T22:09:37.142+0000] {logging_mixin.py:188} INFO - [2024-05-25T22:09:37.141+0000] {dag.py:3096} INFO - Sync 1 DAGs
[2024-05-25T22:09:37.168+0000] {logging_mixin.py:188} INFO - [2024-05-25T22:09:37.167+0000] {dag.py:3954} INFO - Setting next_dagrun for example_nested_branch_dag to 2024-05-24 00:00:00+00:00, run_after=2024-05-25 00:00:00+00:00
[2024-05-25T22:09:37.191+0000] {processor.py:183} INFO - Processing /home/airflow/.local/lib/python3.12/site-packages/airflow/example_dags/example_nested_branch_dag.py took 0.096 seconds
[2024-05-25T22:10:07.770+0000] {processor.py:161} INFO - Started process (PID=1048) to work on /home/airflow/.local/lib/python3.12/site-packages/airflow/example_dags/example_nested_branch_dag.py
[2024-05-25T22:10:07.770+0000] {processor.py:830} INFO - Processing file /home/airflow/.local/lib/python3.12/site-packages/airflow/example_dags/example_nested_branch_dag.py for tasks to queue
[2024-05-25T22:10:07.773+0000] {logging_mixin.py:188} INFO - [2024-05-25T22:10:07.772+0000] {dagbag.py:545} INFO - Filling up the DagBag from /home/airflow/.local/lib/python3.12/site-packages/airflow/example_dags/example_nested_branch_dag.py
[2024-05-25T22:10:07.785+0000] {processor.py:840} INFO - DAG(s) 'example_nested_branch_dag' retrieved from /home/airflow/.local/lib/python3.12/site-packages/airflow/example_dags/example_nested_branch_dag.py
[2024-05-25T22:10:07.809+0000] {logging_mixin.py:188} INFO - [2024-05-25T22:10:07.809+0000] {dag.py:3096} INFO - Sync 1 DAGs
[2024-05-25T22:10:07.834+0000] {logging_mixin.py:188} INFO - [2024-05-25T22:10:07.834+0000] {dag.py:3954} INFO - Setting next_dagrun for example_nested_branch_dag to 2024-05-24 00:00:00+00:00, run_after=2024-05-25 00:00:00+00:00
[2024-05-25T22:10:07.854+0000] {processor.py:183} INFO - Processing /home/airflow/.local/lib/python3.12/site-packages/airflow/example_dags/example_nested_branch_dag.py took 0.091 seconds
[2024-05-25T22:10:38.501+0000] {processor.py:161} INFO - Started process (PID=1105) to work on /home/airflow/.local/lib/python3.12/site-packages/airflow/example_dags/example_nested_branch_dag.py
[2024-05-25T22:10:38.502+0000] {processor.py:830} INFO - Processing file /home/airflow/.local/lib/python3.12/site-packages/airflow/example_dags/example_nested_branch_dag.py for tasks to queue
[2024-05-25T22:10:38.504+0000] {logging_mixin.py:188} INFO - [2024-05-25T22:10:38.504+0000] {dagbag.py:545} INFO - Filling up the DagBag from /home/airflow/.local/lib/python3.12/site-packages/airflow/example_dags/example_nested_branch_dag.py
[2024-05-25T22:10:38.516+0000] {processor.py:840} INFO - DAG(s) 'example_nested_branch_dag' retrieved from /home/airflow/.local/lib/python3.12/site-packages/airflow/example_dags/example_nested_branch_dag.py
[2024-05-25T22:10:38.546+0000] {logging_mixin.py:188} INFO - [2024-05-25T22:10:38.546+0000] {dag.py:3096} INFO - Sync 1 DAGs
[2024-05-25T22:10:38.574+0000] {logging_mixin.py:188} INFO - [2024-05-25T22:10:38.574+0000] {dag.py:3954} INFO - Setting next_dagrun for example_nested_branch_dag to 2024-05-24 00:00:00+00:00, run_after=2024-05-25 00:00:00+00:00
[2024-05-25T22:10:38.600+0000] {processor.py:183} INFO - Processing /home/airflow/.local/lib/python3.12/site-packages/airflow/example_dags/example_nested_branch_dag.py took 0.106 seconds
[2024-05-25T22:11:08.677+0000] {processor.py:161} INFO - Started process (PID=1162) to work on /home/airflow/.local/lib/python3.12/site-packages/airflow/example_dags/example_nested_branch_dag.py
[2024-05-25T22:11:08.678+0000] {processor.py:830} INFO - Processing file /home/airflow/.local/lib/python3.12/site-packages/airflow/example_dags/example_nested_branch_dag.py for tasks to queue
[2024-05-25T22:11:08.680+0000] {logging_mixin.py:188} INFO - [2024-05-25T22:11:08.680+0000] {dagbag.py:545} INFO - Filling up the DagBag from /home/airflow/.local/lib/python3.12/site-packages/airflow/example_dags/example_nested_branch_dag.py
[2024-05-25T22:11:08.692+0000] {processor.py:840} INFO - DAG(s) 'example_nested_branch_dag' retrieved from /home/airflow/.local/lib/python3.12/site-packages/airflow/example_dags/example_nested_branch_dag.py
[2024-05-25T22:11:08.724+0000] {logging_mixin.py:188} INFO - [2024-05-25T22:11:08.723+0000] {dag.py:3096} INFO - Sync 1 DAGs
[2024-05-25T22:11:08.755+0000] {logging_mixin.py:188} INFO - [2024-05-25T22:11:08.755+0000] {dag.py:3954} INFO - Setting next_dagrun for example_nested_branch_dag to 2024-05-24 00:00:00+00:00, run_after=2024-05-25 00:00:00+00:00
[2024-05-25T22:11:08.778+0000] {processor.py:183} INFO - Processing /home/airflow/.local/lib/python3.12/site-packages/airflow/example_dags/example_nested_branch_dag.py took 0.107 seconds
[2024-05-25T22:11:39.194+0000] {processor.py:161} INFO - Started process (PID=1220) to work on /home/airflow/.local/lib/python3.12/site-packages/airflow/example_dags/example_nested_branch_dag.py
[2024-05-25T22:11:39.195+0000] {processor.py:830} INFO - Processing file /home/airflow/.local/lib/python3.12/site-packages/airflow/example_dags/example_nested_branch_dag.py for tasks to queue
[2024-05-25T22:11:39.198+0000] {logging_mixin.py:188} INFO - [2024-05-25T22:11:39.198+0000] {dagbag.py:545} INFO - Filling up the DagBag from /home/airflow/.local/lib/python3.12/site-packages/airflow/example_dags/example_nested_branch_dag.py
[2024-05-25T22:11:39.210+0000] {processor.py:840} INFO - DAG(s) 'example_nested_branch_dag' retrieved from /home/airflow/.local/lib/python3.12/site-packages/airflow/example_dags/example_nested_branch_dag.py
[2024-05-25T22:11:39.235+0000] {logging_mixin.py:188} INFO - [2024-05-25T22:11:39.235+0000] {dag.py:3096} INFO - Sync 1 DAGs
[2024-05-25T22:11:39.267+0000] {logging_mixin.py:188} INFO - [2024-05-25T22:11:39.267+0000] {dag.py:3954} INFO - Setting next_dagrun for example_nested_branch_dag to 2024-05-24 00:00:00+00:00, run_after=2024-05-25 00:00:00+00:00
[2024-05-25T22:11:39.290+0000] {processor.py:183} INFO - Processing /home/airflow/.local/lib/python3.12/site-packages/airflow/example_dags/example_nested_branch_dag.py took 0.104 seconds
[2024-05-25T22:12:09.827+0000] {processor.py:161} INFO - Started process (PID=1277) to work on /home/airflow/.local/lib/python3.12/site-packages/airflow/example_dags/example_nested_branch_dag.py
[2024-05-25T22:12:09.828+0000] {processor.py:830} INFO - Processing file /home/airflow/.local/lib/python3.12/site-packages/airflow/example_dags/example_nested_branch_dag.py for tasks to queue
[2024-05-25T22:12:09.830+0000] {logging_mixin.py:188} INFO - [2024-05-25T22:12:09.830+0000] {dagbag.py:545} INFO - Filling up the DagBag from /home/airflow/.local/lib/python3.12/site-packages/airflow/example_dags/example_nested_branch_dag.py
[2024-05-25T22:12:09.842+0000] {processor.py:840} INFO - DAG(s) 'example_nested_branch_dag' retrieved from /home/airflow/.local/lib/python3.12/site-packages/airflow/example_dags/example_nested_branch_dag.py
[2024-05-25T22:12:09.867+0000] {logging_mixin.py:188} INFO - [2024-05-25T22:12:09.867+0000] {dag.py:3096} INFO - Sync 1 DAGs
[2024-05-25T22:12:09.898+0000] {logging_mixin.py:188} INFO - [2024-05-25T22:12:09.898+0000] {dag.py:3954} INFO - Setting next_dagrun for example_nested_branch_dag to 2024-05-24 00:00:00+00:00, run_after=2024-05-25 00:00:00+00:00
[2024-05-25T22:12:09.920+0000] {processor.py:183} INFO - Processing /home/airflow/.local/lib/python3.12/site-packages/airflow/example_dags/example_nested_branch_dag.py took 0.099 seconds
[2024-05-25T22:12:40.305+0000] {processor.py:161} INFO - Started process (PID=1334) to work on /home/airflow/.local/lib/python3.12/site-packages/airflow/example_dags/example_nested_branch_dag.py
[2024-05-25T22:12:40.306+0000] {processor.py:830} INFO - Processing file /home/airflow/.local/lib/python3.12/site-packages/airflow/example_dags/example_nested_branch_dag.py for tasks to queue
[2024-05-25T22:12:40.308+0000] {logging_mixin.py:188} INFO - [2024-05-25T22:12:40.308+0000] {dagbag.py:545} INFO - Filling up the DagBag from /home/airflow/.local/lib/python3.12/site-packages/airflow/example_dags/example_nested_branch_dag.py
[2024-05-25T22:12:40.322+0000] {processor.py:840} INFO - DAG(s) 'example_nested_branch_dag' retrieved from /home/airflow/.local/lib/python3.12/site-packages/airflow/example_dags/example_nested_branch_dag.py
[2024-05-25T22:12:40.351+0000] {logging_mixin.py:188} INFO - [2024-05-25T22:12:40.350+0000] {dag.py:3096} INFO - Sync 1 DAGs
[2024-05-25T22:12:40.380+0000] {logging_mixin.py:188} INFO - [2024-05-25T22:12:40.380+0000] {dag.py:3954} INFO - Setting next_dagrun for example_nested_branch_dag to 2024-05-24 00:00:00+00:00, run_after=2024-05-25 00:00:00+00:00
[2024-05-25T22:12:40.399+0000] {processor.py:183} INFO - Processing /home/airflow/.local/lib/python3.12/site-packages/airflow/example_dags/example_nested_branch_dag.py took 0.101 seconds
[2024-05-25T22:13:11.122+0000] {processor.py:161} INFO - Started process (PID=1408) to work on /home/airflow/.local/lib/python3.12/site-packages/airflow/example_dags/example_nested_branch_dag.py
[2024-05-25T22:13:11.123+0000] {processor.py:830} INFO - Processing file /home/airflow/.local/lib/python3.12/site-packages/airflow/example_dags/example_nested_branch_dag.py for tasks to queue
[2024-05-25T22:13:11.125+0000] {logging_mixin.py:188} INFO - [2024-05-25T22:13:11.125+0000] {dagbag.py:545} INFO - Filling up the DagBag from /home/airflow/.local/lib/python3.12/site-packages/airflow/example_dags/example_nested_branch_dag.py
[2024-05-25T22:13:11.138+0000] {processor.py:840} INFO - DAG(s) 'example_nested_branch_dag' retrieved from /home/airflow/.local/lib/python3.12/site-packages/airflow/example_dags/example_nested_branch_dag.py
[2024-05-25T22:13:11.181+0000] {logging_mixin.py:188} INFO - [2024-05-25T22:13:11.181+0000] {dag.py:3096} INFO - Sync 1 DAGs
[2024-05-25T22:13:11.215+0000] {logging_mixin.py:188} INFO - [2024-05-25T22:13:11.214+0000] {dag.py:3954} INFO - Setting next_dagrun for example_nested_branch_dag to 2024-05-24 00:00:00+00:00, run_after=2024-05-25 00:00:00+00:00
[2024-05-25T22:13:11.248+0000] {processor.py:183} INFO - Processing /home/airflow/.local/lib/python3.12/site-packages/airflow/example_dags/example_nested_branch_dag.py took 0.134 seconds
[2024-05-25T22:13:41.409+0000] {processor.py:161} INFO - Started process (PID=1466) to work on /home/airflow/.local/lib/python3.12/site-packages/airflow/example_dags/example_nested_branch_dag.py
[2024-05-25T22:13:41.410+0000] {processor.py:830} INFO - Processing file /home/airflow/.local/lib/python3.12/site-packages/airflow/example_dags/example_nested_branch_dag.py for tasks to queue
[2024-05-25T22:13:41.412+0000] {logging_mixin.py:188} INFO - [2024-05-25T22:13:41.412+0000] {dagbag.py:545} INFO - Filling up the DagBag from /home/airflow/.local/lib/python3.12/site-packages/airflow/example_dags/example_nested_branch_dag.py
[2024-05-25T22:13:41.424+0000] {processor.py:840} INFO - DAG(s) 'example_nested_branch_dag' retrieved from /home/airflow/.local/lib/python3.12/site-packages/airflow/example_dags/example_nested_branch_dag.py
[2024-05-25T22:13:41.468+0000] {logging_mixin.py:188} INFO - [2024-05-25T22:13:41.467+0000] {dag.py:3096} INFO - Sync 1 DAGs
[2024-05-25T22:13:41.494+0000] {logging_mixin.py:188} INFO - [2024-05-25T22:13:41.494+0000] {dag.py:3954} INFO - Setting next_dagrun for example_nested_branch_dag to 2024-05-24 00:00:00+00:00, run_after=2024-05-25 00:00:00+00:00
[2024-05-25T22:13:41.516+0000] {processor.py:183} INFO - Processing /home/airflow/.local/lib/python3.12/site-packages/airflow/example_dags/example_nested_branch_dag.py took 0.114 seconds
[2024-05-25T22:14:11.691+0000] {processor.py:161} INFO - Started process (PID=1524) to work on /home/airflow/.local/lib/python3.12/site-packages/airflow/example_dags/example_nested_branch_dag.py
[2024-05-25T22:14:11.692+0000] {processor.py:830} INFO - Processing file /home/airflow/.local/lib/python3.12/site-packages/airflow/example_dags/example_nested_branch_dag.py for tasks to queue
[2024-05-25T22:14:11.694+0000] {logging_mixin.py:188} INFO - [2024-05-25T22:14:11.694+0000] {dagbag.py:545} INFO - Filling up the DagBag from /home/airflow/.local/lib/python3.12/site-packages/airflow/example_dags/example_nested_branch_dag.py
[2024-05-25T22:14:11.705+0000] {processor.py:840} INFO - DAG(s) 'example_nested_branch_dag' retrieved from /home/airflow/.local/lib/python3.12/site-packages/airflow/example_dags/example_nested_branch_dag.py
[2024-05-25T22:14:11.733+0000] {logging_mixin.py:188} INFO - [2024-05-25T22:14:11.733+0000] {dag.py:3096} INFO - Sync 1 DAGs
[2024-05-25T22:14:11.761+0000] {logging_mixin.py:188} INFO - [2024-05-25T22:14:11.761+0000] {dag.py:3954} INFO - Setting next_dagrun for example_nested_branch_dag to 2024-05-24 00:00:00+00:00, run_after=2024-05-25 00:00:00+00:00
[2024-05-25T22:14:11.780+0000] {processor.py:183} INFO - Processing /home/airflow/.local/lib/python3.12/site-packages/airflow/example_dags/example_nested_branch_dag.py took 0.104 seconds
[2024-05-25T22:14:42.132+0000] {processor.py:161} INFO - Started process (PID=1583) to work on /home/airflow/.local/lib/python3.12/site-packages/airflow/example_dags/example_nested_branch_dag.py
[2024-05-25T22:14:42.133+0000] {processor.py:830} INFO - Processing file /home/airflow/.local/lib/python3.12/site-packages/airflow/example_dags/example_nested_branch_dag.py for tasks to queue
[2024-05-25T22:14:42.135+0000] {logging_mixin.py:188} INFO - [2024-05-25T22:14:42.135+0000] {dagbag.py:545} INFO - Filling up the DagBag from /home/airflow/.local/lib/python3.12/site-packages/airflow/example_dags/example_nested_branch_dag.py
[2024-05-25T22:14:42.147+0000] {processor.py:840} INFO - DAG(s) 'example_nested_branch_dag' retrieved from /home/airflow/.local/lib/python3.12/site-packages/airflow/example_dags/example_nested_branch_dag.py
[2024-05-25T22:14:42.181+0000] {logging_mixin.py:188} INFO - [2024-05-25T22:14:42.181+0000] {dag.py:3096} INFO - Sync 1 DAGs
[2024-05-25T22:14:42.211+0000] {logging_mixin.py:188} INFO - [2024-05-25T22:14:42.211+0000] {dag.py:3954} INFO - Setting next_dagrun for example_nested_branch_dag to 2024-05-24 00:00:00+00:00, run_after=2024-05-25 00:00:00+00:00
[2024-05-25T22:14:42.232+0000] {processor.py:183} INFO - Processing /home/airflow/.local/lib/python3.12/site-packages/airflow/example_dags/example_nested_branch_dag.py took 0.107 seconds
[2024-05-25T22:15:12.619+0000] {processor.py:161} INFO - Started process (PID=1641) to work on /home/airflow/.local/lib/python3.12/site-packages/airflow/example_dags/example_nested_branch_dag.py
[2024-05-25T22:15:12.620+0000] {processor.py:830} INFO - Processing file /home/airflow/.local/lib/python3.12/site-packages/airflow/example_dags/example_nested_branch_dag.py for tasks to queue
[2024-05-25T22:15:12.623+0000] {logging_mixin.py:188} INFO - [2024-05-25T22:15:12.622+0000] {dagbag.py:545} INFO - Filling up the DagBag from /home/airflow/.local/lib/python3.12/site-packages/airflow/example_dags/example_nested_branch_dag.py
[2024-05-25T22:15:12.635+0000] {processor.py:840} INFO - DAG(s) 'example_nested_branch_dag' retrieved from /home/airflow/.local/lib/python3.12/site-packages/airflow/example_dags/example_nested_branch_dag.py
[2024-05-25T22:15:12.658+0000] {logging_mixin.py:188} INFO - [2024-05-25T22:15:12.658+0000] {dag.py:3096} INFO - Sync 1 DAGs
[2024-05-25T22:15:12.686+0000] {logging_mixin.py:188} INFO - [2024-05-25T22:15:12.685+0000] {dag.py:3954} INFO - Setting next_dagrun for example_nested_branch_dag to 2024-05-24 00:00:00+00:00, run_after=2024-05-25 00:00:00+00:00
[2024-05-25T22:15:12.705+0000] {processor.py:183} INFO - Processing /home/airflow/.local/lib/python3.12/site-packages/airflow/example_dags/example_nested_branch_dag.py took 0.093 seconds
[2024-05-25T22:15:43.138+0000] {processor.py:161} INFO - Started process (PID=1699) to work on /home/airflow/.local/lib/python3.12/site-packages/airflow/example_dags/example_nested_branch_dag.py
[2024-05-25T22:15:43.138+0000] {processor.py:830} INFO - Processing file /home/airflow/.local/lib/python3.12/site-packages/airflow/example_dags/example_nested_branch_dag.py for tasks to queue
[2024-05-25T22:15:43.141+0000] {logging_mixin.py:188} INFO - [2024-05-25T22:15:43.140+0000] {dagbag.py:545} INFO - Filling up the DagBag from /home/airflow/.local/lib/python3.12/site-packages/airflow/example_dags/example_nested_branch_dag.py
[2024-05-25T22:15:43.153+0000] {processor.py:840} INFO - DAG(s) 'example_nested_branch_dag' retrieved from /home/airflow/.local/lib/python3.12/site-packages/airflow/example_dags/example_nested_branch_dag.py
[2024-05-25T22:15:43.179+0000] {logging_mixin.py:188} INFO - [2024-05-25T22:15:43.179+0000] {dag.py:3096} INFO - Sync 1 DAGs
[2024-05-25T22:15:43.209+0000] {logging_mixin.py:188} INFO - [2024-05-25T22:15:43.209+0000] {dag.py:3954} INFO - Setting next_dagrun for example_nested_branch_dag to 2024-05-24 00:00:00+00:00, run_after=2024-05-25 00:00:00+00:00
[2024-05-25T22:15:43.229+0000] {processor.py:183} INFO - Processing /home/airflow/.local/lib/python3.12/site-packages/airflow/example_dags/example_nested_branch_dag.py took 0.098 seconds
[2024-05-25T22:16:15.008+0000] {processor.py:161} INFO - Started process (PID=1757) to work on /home/airflow/.local/lib/python3.12/site-packages/airflow/example_dags/example_nested_branch_dag.py
[2024-05-25T22:16:15.013+0000] {processor.py:830} INFO - Processing file /home/airflow/.local/lib/python3.12/site-packages/airflow/example_dags/example_nested_branch_dag.py for tasks to queue
[2024-05-25T22:16:15.019+0000] {logging_mixin.py:188} INFO - [2024-05-25T22:16:15.017+0000] {dagbag.py:545} INFO - Filling up the DagBag from /home/airflow/.local/lib/python3.12/site-packages/airflow/example_dags/example_nested_branch_dag.py
[2024-05-25T22:16:15.031+0000] {processor.py:840} INFO - DAG(s) 'example_nested_branch_dag' retrieved from /home/airflow/.local/lib/python3.12/site-packages/airflow/example_dags/example_nested_branch_dag.py
[2024-05-25T22:16:15.057+0000] {logging_mixin.py:188} INFO - [2024-05-25T22:16:15.056+0000] {dag.py:3096} INFO - Sync 1 DAGs
[2024-05-25T22:16:15.209+0000] {logging_mixin.py:188} INFO - [2024-05-25T22:16:15.209+0000] {dag.py:3954} INFO - Setting next_dagrun for example_nested_branch_dag to 2024-05-24 00:00:00+00:00, run_after=2024-05-25 00:00:00+00:00
[2024-05-25T22:16:15.227+0000] {processor.py:183} INFO - Processing /home/airflow/.local/lib/python3.12/site-packages/airflow/example_dags/example_nested_branch_dag.py took 0.233 seconds
[2024-05-25T22:16:45.748+0000] {processor.py:161} INFO - Started process (PID=1815) to work on /home/airflow/.local/lib/python3.12/site-packages/airflow/example_dags/example_nested_branch_dag.py
[2024-05-25T22:16:45.750+0000] {processor.py:830} INFO - Processing file /home/airflow/.local/lib/python3.12/site-packages/airflow/example_dags/example_nested_branch_dag.py for tasks to queue
[2024-05-25T22:16:45.752+0000] {logging_mixin.py:188} INFO - [2024-05-25T22:16:45.752+0000] {dagbag.py:545} INFO - Filling up the DagBag from /home/airflow/.local/lib/python3.12/site-packages/airflow/example_dags/example_nested_branch_dag.py
[2024-05-25T22:16:45.765+0000] {processor.py:840} INFO - DAG(s) 'example_nested_branch_dag' retrieved from /home/airflow/.local/lib/python3.12/site-packages/airflow/example_dags/example_nested_branch_dag.py
[2024-05-25T22:16:45.790+0000] {logging_mixin.py:188} INFO - [2024-05-25T22:16:45.790+0000] {dag.py:3096} INFO - Sync 1 DAGs
[2024-05-25T22:16:45.944+0000] {logging_mixin.py:188} INFO - [2024-05-25T22:16:45.944+0000] {dag.py:3954} INFO - Setting next_dagrun for example_nested_branch_dag to 2024-05-24 00:00:00+00:00, run_after=2024-05-25 00:00:00+00:00
[2024-05-25T22:16:45.965+0000] {processor.py:183} INFO - Processing /home/airflow/.local/lib/python3.12/site-packages/airflow/example_dags/example_nested_branch_dag.py took 0.223 seconds
[2024-05-25T22:17:16.132+0000] {processor.py:161} INFO - Started process (PID=1873) to work on /home/airflow/.local/lib/python3.12/site-packages/airflow/example_dags/example_nested_branch_dag.py
[2024-05-25T22:17:16.133+0000] {processor.py:830} INFO - Processing file /home/airflow/.local/lib/python3.12/site-packages/airflow/example_dags/example_nested_branch_dag.py for tasks to queue
[2024-05-25T22:17:16.136+0000] {logging_mixin.py:188} INFO - [2024-05-25T22:17:16.136+0000] {dagbag.py:545} INFO - Filling up the DagBag from /home/airflow/.local/lib/python3.12/site-packages/airflow/example_dags/example_nested_branch_dag.py
[2024-05-25T22:17:16.149+0000] {processor.py:840} INFO - DAG(s) 'example_nested_branch_dag' retrieved from /home/airflow/.local/lib/python3.12/site-packages/airflow/example_dags/example_nested_branch_dag.py
[2024-05-25T22:17:16.177+0000] {logging_mixin.py:188} INFO - [2024-05-25T22:17:16.177+0000] {dag.py:3096} INFO - Sync 1 DAGs
[2024-05-25T22:17:16.204+0000] {logging_mixin.py:188} INFO - [2024-05-25T22:17:16.204+0000] {dag.py:3954} INFO - Setting next_dagrun for example_nested_branch_dag to 2024-05-24 00:00:00+00:00, run_after=2024-05-25 00:00:00+00:00
[2024-05-25T22:17:16.358+0000] {processor.py:183} INFO - Processing /home/airflow/.local/lib/python3.12/site-packages/airflow/example_dags/example_nested_branch_dag.py took 0.235 seconds
[2024-05-25T22:17:46.667+0000] {processor.py:161} INFO - Started process (PID=1931) to work on /home/airflow/.local/lib/python3.12/site-packages/airflow/example_dags/example_nested_branch_dag.py
[2024-05-25T22:17:46.669+0000] {processor.py:830} INFO - Processing file /home/airflow/.local/lib/python3.12/site-packages/airflow/example_dags/example_nested_branch_dag.py for tasks to queue
[2024-05-25T22:17:46.672+0000] {logging_mixin.py:188} INFO - [2024-05-25T22:17:46.671+0000] {dagbag.py:545} INFO - Filling up the DagBag from /home/airflow/.local/lib/python3.12/site-packages/airflow/example_dags/example_nested_branch_dag.py
[2024-05-25T22:17:46.686+0000] {processor.py:840} INFO - DAG(s) 'example_nested_branch_dag' retrieved from /home/airflow/.local/lib/python3.12/site-packages/airflow/example_dags/example_nested_branch_dag.py
[2024-05-25T22:17:46.719+0000] {logging_mixin.py:188} INFO - [2024-05-25T22:17:46.718+0000] {dag.py:3096} INFO - Sync 1 DAGs
[2024-05-25T22:17:46.746+0000] {logging_mixin.py:188} INFO - [2024-05-25T22:17:46.746+0000] {dag.py:3954} INFO - Setting next_dagrun for example_nested_branch_dag to 2024-05-24 00:00:00+00:00, run_after=2024-05-25 00:00:00+00:00
[2024-05-25T22:17:46.765+0000] {processor.py:183} INFO - Processing /home/airflow/.local/lib/python3.12/site-packages/airflow/example_dags/example_nested_branch_dag.py took 0.105 seconds
[2024-05-25T22:18:16.961+0000] {processor.py:161} INFO - Started process (PID=1989) to work on /home/airflow/.local/lib/python3.12/site-packages/airflow/example_dags/example_nested_branch_dag.py
[2024-05-25T22:18:16.962+0000] {processor.py:830} INFO - Processing file /home/airflow/.local/lib/python3.12/site-packages/airflow/example_dags/example_nested_branch_dag.py for tasks to queue
[2024-05-25T22:18:16.964+0000] {logging_mixin.py:188} INFO - [2024-05-25T22:18:16.964+0000] {dagbag.py:545} INFO - Filling up the DagBag from /home/airflow/.local/lib/python3.12/site-packages/airflow/example_dags/example_nested_branch_dag.py
[2024-05-25T22:18:16.975+0000] {processor.py:840} INFO - DAG(s) 'example_nested_branch_dag' retrieved from /home/airflow/.local/lib/python3.12/site-packages/airflow/example_dags/example_nested_branch_dag.py
[2024-05-25T22:18:17.003+0000] {logging_mixin.py:188} INFO - [2024-05-25T22:18:17.003+0000] {dag.py:3096} INFO - Sync 1 DAGs
[2024-05-25T22:18:17.033+0000] {logging_mixin.py:188} INFO - [2024-05-25T22:18:17.032+0000] {dag.py:3954} INFO - Setting next_dagrun for example_nested_branch_dag to 2024-05-24 00:00:00+00:00, run_after=2024-05-25 00:00:00+00:00
[2024-05-25T22:18:17.056+0000] {processor.py:183} INFO - Processing /home/airflow/.local/lib/python3.12/site-packages/airflow/example_dags/example_nested_branch_dag.py took 0.103 seconds
[2024-05-25T22:18:47.125+0000] {processor.py:161} INFO - Started process (PID=2047) to work on /home/airflow/.local/lib/python3.12/site-packages/airflow/example_dags/example_nested_branch_dag.py
[2024-05-25T22:18:47.126+0000] {processor.py:830} INFO - Processing file /home/airflow/.local/lib/python3.12/site-packages/airflow/example_dags/example_nested_branch_dag.py for tasks to queue
[2024-05-25T22:18:47.129+0000] {logging_mixin.py:188} INFO - [2024-05-25T22:18:47.128+0000] {dagbag.py:545} INFO - Filling up the DagBag from /home/airflow/.local/lib/python3.12/site-packages/airflow/example_dags/example_nested_branch_dag.py
[2024-05-25T22:18:47.149+0000] {processor.py:840} INFO - DAG(s) 'example_nested_branch_dag' retrieved from /home/airflow/.local/lib/python3.12/site-packages/airflow/example_dags/example_nested_branch_dag.py
[2024-05-25T22:18:47.175+0000] {logging_mixin.py:188} INFO - [2024-05-25T22:18:47.174+0000] {dag.py:3096} INFO - Sync 1 DAGs
[2024-05-25T22:18:47.201+0000] {logging_mixin.py:188} INFO - [2024-05-25T22:18:47.201+0000] {dag.py:3954} INFO - Setting next_dagrun for example_nested_branch_dag to 2024-05-24 00:00:00+00:00, run_after=2024-05-25 00:00:00+00:00
[2024-05-25T22:18:47.224+0000] {processor.py:183} INFO - Processing /home/airflow/.local/lib/python3.12/site-packages/airflow/example_dags/example_nested_branch_dag.py took 0.108 seconds
[2024-05-25T22:19:17.393+0000] {processor.py:161} INFO - Started process (PID=2105) to work on /home/airflow/.local/lib/python3.12/site-packages/airflow/example_dags/example_nested_branch_dag.py
[2024-05-25T22:19:17.395+0000] {processor.py:830} INFO - Processing file /home/airflow/.local/lib/python3.12/site-packages/airflow/example_dags/example_nested_branch_dag.py for tasks to queue
[2024-05-25T22:19:17.397+0000] {logging_mixin.py:188} INFO - [2024-05-25T22:19:17.397+0000] {dagbag.py:545} INFO - Filling up the DagBag from /home/airflow/.local/lib/python3.12/site-packages/airflow/example_dags/example_nested_branch_dag.py
[2024-05-25T22:19:17.410+0000] {processor.py:840} INFO - DAG(s) 'example_nested_branch_dag' retrieved from /home/airflow/.local/lib/python3.12/site-packages/airflow/example_dags/example_nested_branch_dag.py
[2024-05-25T22:19:17.443+0000] {logging_mixin.py:188} INFO - [2024-05-25T22:19:17.443+0000] {dag.py:3096} INFO - Sync 1 DAGs
[2024-05-25T22:19:17.472+0000] {logging_mixin.py:188} INFO - [2024-05-25T22:19:17.472+0000] {dag.py:3954} INFO - Setting next_dagrun for example_nested_branch_dag to 2024-05-24 00:00:00+00:00, run_after=2024-05-25 00:00:00+00:00
[2024-05-25T22:19:17.498+0000] {processor.py:183} INFO - Processing /home/airflow/.local/lib/python3.12/site-packages/airflow/example_dags/example_nested_branch_dag.py took 0.113 seconds
