[2024-05-25T22:01:26.376+0000] {processor.py:161} INFO - Started process (PID=37) to work on /home/airflow/.local/lib/python3.12/site-packages/airflow/example_dags/example_complex.py
[2024-05-25T22:01:26.378+0000] {processor.py:830} INFO - Processing file /home/airflow/.local/lib/python3.12/site-packages/airflow/example_dags/example_complex.py for tasks to queue
[2024-05-25T22:01:26.381+0000] {logging_mixin.py:188} INFO - [2024-05-25T22:01:26.381+0000] {dagbag.py:545} INFO - Filling up the DagBag from /home/airflow/.local/lib/python3.12/site-packages/airflow/example_dags/example_complex.py
[2024-05-25T22:01:26.402+0000] {processor.py:840} INFO - DAG(s) 'example_complex' retrieved from /home/airflow/.local/lib/python3.12/site-packages/airflow/example_dags/example_complex.py
[2024-05-25T22:01:26.421+0000] {logging_mixin.py:188} INFO - [2024-05-25T22:01:26.421+0000] {dag.py:3096} INFO - Sync 1 DAGs
[2024-05-25T22:01:26.446+0000] {logging_mixin.py:188} INFO - [2024-05-25T22:01:26.446+0000] {dag.py:3954} INFO - Setting next_dagrun for example_complex to None, run_after=None
[2024-05-25T22:01:26.475+0000] {processor.py:183} INFO - Processing /home/airflow/.local/lib/python3.12/site-packages/airflow/example_dags/example_complex.py took 0.113 seconds
[2024-05-25T22:01:56.975+0000] {processor.py:161} INFO - Started process (PID=95) to work on /home/airflow/.local/lib/python3.12/site-packages/airflow/example_dags/example_complex.py
[2024-05-25T22:01:56.976+0000] {processor.py:830} INFO - Processing file /home/airflow/.local/lib/python3.12/site-packages/airflow/example_dags/example_complex.py for tasks to queue
[2024-05-25T22:01:56.978+0000] {logging_mixin.py:188} INFO - [2024-05-25T22:01:56.978+0000] {dagbag.py:545} INFO - Filling up the DagBag from /home/airflow/.local/lib/python3.12/site-packages/airflow/example_dags/example_complex.py
[2024-05-25T22:01:56.992+0000] {processor.py:840} INFO - DAG(s) 'example_complex' retrieved from /home/airflow/.local/lib/python3.12/site-packages/airflow/example_dags/example_complex.py
[2024-05-25T22:01:57.148+0000] {logging_mixin.py:188} INFO - [2024-05-25T22:01:57.148+0000] {dag.py:3096} INFO - Sync 1 DAGs
[2024-05-25T22:01:57.162+0000] {logging_mixin.py:188} INFO - [2024-05-25T22:01:57.161+0000] {dag.py:3954} INFO - Setting next_dagrun for example_complex to None, run_after=None
[2024-05-25T22:01:57.185+0000] {processor.py:183} INFO - Processing /home/airflow/.local/lib/python3.12/site-packages/airflow/example_dags/example_complex.py took 0.216 seconds
[2024-05-25T22:02:27.929+0000] {processor.py:161} INFO - Started process (PID=153) to work on /home/airflow/.local/lib/python3.12/site-packages/airflow/example_dags/example_complex.py
[2024-05-25T22:02:27.930+0000] {processor.py:830} INFO - Processing file /home/airflow/.local/lib/python3.12/site-packages/airflow/example_dags/example_complex.py for tasks to queue
[2024-05-25T22:02:27.933+0000] {logging_mixin.py:188} INFO - [2024-05-25T22:02:27.933+0000] {dagbag.py:545} INFO - Filling up the DagBag from /home/airflow/.local/lib/python3.12/site-packages/airflow/example_dags/example_complex.py
[2024-05-25T22:02:27.946+0000] {processor.py:840} INFO - DAG(s) 'example_complex' retrieved from /home/airflow/.local/lib/python3.12/site-packages/airflow/example_dags/example_complex.py
[2024-05-25T22:02:27.997+0000] {logging_mixin.py:188} INFO - [2024-05-25T22:02:27.996+0000] {dag.py:3096} INFO - Sync 1 DAGs
[2024-05-25T22:02:28.013+0000] {logging_mixin.py:188} INFO - [2024-05-25T22:02:28.012+0000] {dag.py:3954} INFO - Setting next_dagrun for example_complex to None, run_after=None
[2024-05-25T22:02:28.036+0000] {processor.py:183} INFO - Processing /home/airflow/.local/lib/python3.12/site-packages/airflow/example_dags/example_complex.py took 0.113 seconds
[2024-05-25T22:02:58.228+0000] {processor.py:161} INFO - Started process (PID=211) to work on /home/airflow/.local/lib/python3.12/site-packages/airflow/example_dags/example_complex.py
[2024-05-25T22:02:58.229+0000] {processor.py:830} INFO - Processing file /home/airflow/.local/lib/python3.12/site-packages/airflow/example_dags/example_complex.py for tasks to queue
[2024-05-25T22:02:58.234+0000] {logging_mixin.py:188} INFO - [2024-05-25T22:02:58.233+0000] {dagbag.py:545} INFO - Filling up the DagBag from /home/airflow/.local/lib/python3.12/site-packages/airflow/example_dags/example_complex.py
[2024-05-25T22:02:58.251+0000] {processor.py:840} INFO - DAG(s) 'example_complex' retrieved from /home/airflow/.local/lib/python3.12/site-packages/airflow/example_dags/example_complex.py
[2024-05-25T22:02:58.300+0000] {logging_mixin.py:188} INFO - [2024-05-25T22:02:58.299+0000] {dag.py:3096} INFO - Sync 1 DAGs
[2024-05-25T22:02:58.322+0000] {logging_mixin.py:188} INFO - [2024-05-25T22:02:58.322+0000] {dag.py:3954} INFO - Setting next_dagrun for example_complex to None, run_after=None
[2024-05-25T22:02:58.369+0000] {processor.py:183} INFO - Processing /home/airflow/.local/lib/python3.12/site-packages/airflow/example_dags/example_complex.py took 0.147 seconds
[2024-05-25T22:03:28.675+0000] {processor.py:161} INFO - Started process (PID=269) to work on /home/airflow/.local/lib/python3.12/site-packages/airflow/example_dags/example_complex.py
[2024-05-25T22:03:28.676+0000] {processor.py:830} INFO - Processing file /home/airflow/.local/lib/python3.12/site-packages/airflow/example_dags/example_complex.py for tasks to queue
[2024-05-25T22:03:28.678+0000] {logging_mixin.py:188} INFO - [2024-05-25T22:03:28.678+0000] {dagbag.py:545} INFO - Filling up the DagBag from /home/airflow/.local/lib/python3.12/site-packages/airflow/example_dags/example_complex.py
[2024-05-25T22:03:28.692+0000] {processor.py:840} INFO - DAG(s) 'example_complex' retrieved from /home/airflow/.local/lib/python3.12/site-packages/airflow/example_dags/example_complex.py
[2024-05-25T22:03:28.755+0000] {logging_mixin.py:188} INFO - [2024-05-25T22:03:28.754+0000] {dag.py:3096} INFO - Sync 1 DAGs
[2024-05-25T22:03:28.771+0000] {logging_mixin.py:188} INFO - [2024-05-25T22:03:28.770+0000] {dag.py:3954} INFO - Setting next_dagrun for example_complex to None, run_after=None
[2024-05-25T22:03:28.793+0000] {processor.py:183} INFO - Processing /home/airflow/.local/lib/python3.12/site-packages/airflow/example_dags/example_complex.py took 0.125 seconds
[2024-05-25T22:03:59.122+0000] {processor.py:161} INFO - Started process (PID=327) to work on /home/airflow/.local/lib/python3.12/site-packages/airflow/example_dags/example_complex.py
[2024-05-25T22:03:59.123+0000] {processor.py:830} INFO - Processing file /home/airflow/.local/lib/python3.12/site-packages/airflow/example_dags/example_complex.py for tasks to queue
[2024-05-25T22:03:59.125+0000] {logging_mixin.py:188} INFO - [2024-05-25T22:03:59.125+0000] {dagbag.py:545} INFO - Filling up the DagBag from /home/airflow/.local/lib/python3.12/site-packages/airflow/example_dags/example_complex.py
[2024-05-25T22:03:59.138+0000] {processor.py:840} INFO - DAG(s) 'example_complex' retrieved from /home/airflow/.local/lib/python3.12/site-packages/airflow/example_dags/example_complex.py
[2024-05-25T22:03:59.184+0000] {logging_mixin.py:188} INFO - [2024-05-25T22:03:59.183+0000] {dag.py:3096} INFO - Sync 1 DAGs
[2024-05-25T22:03:59.201+0000] {logging_mixin.py:188} INFO - [2024-05-25T22:03:59.201+0000] {dag.py:3954} INFO - Setting next_dagrun for example_complex to None, run_after=None
[2024-05-25T22:03:59.227+0000] {processor.py:183} INFO - Processing /home/airflow/.local/lib/python3.12/site-packages/airflow/example_dags/example_complex.py took 0.112 seconds
[2024-05-25T22:04:29.705+0000] {processor.py:161} INFO - Started process (PID=385) to work on /home/airflow/.local/lib/python3.12/site-packages/airflow/example_dags/example_complex.py
[2024-05-25T22:04:29.706+0000] {processor.py:830} INFO - Processing file /home/airflow/.local/lib/python3.12/site-packages/airflow/example_dags/example_complex.py for tasks to queue
[2024-05-25T22:04:29.709+0000] {logging_mixin.py:188} INFO - [2024-05-25T22:04:29.708+0000] {dagbag.py:545} INFO - Filling up the DagBag from /home/airflow/.local/lib/python3.12/site-packages/airflow/example_dags/example_complex.py
[2024-05-25T22:04:29.722+0000] {processor.py:840} INFO - DAG(s) 'example_complex' retrieved from /home/airflow/.local/lib/python3.12/site-packages/airflow/example_dags/example_complex.py
[2024-05-25T22:04:29.763+0000] {logging_mixin.py:188} INFO - [2024-05-25T22:04:29.763+0000] {dag.py:3096} INFO - Sync 1 DAGs
[2024-05-25T22:04:29.781+0000] {logging_mixin.py:188} INFO - [2024-05-25T22:04:29.781+0000] {dag.py:3954} INFO - Setting next_dagrun for example_complex to None, run_after=None
[2024-05-25T22:04:29.805+0000] {processor.py:183} INFO - Processing /home/airflow/.local/lib/python3.12/site-packages/airflow/example_dags/example_complex.py took 0.106 seconds
[2024-05-25T22:05:00.101+0000] {processor.py:161} INFO - Started process (PID=442) to work on /home/airflow/.local/lib/python3.12/site-packages/airflow/example_dags/example_complex.py
[2024-05-25T22:05:00.102+0000] {processor.py:830} INFO - Processing file /home/airflow/.local/lib/python3.12/site-packages/airflow/example_dags/example_complex.py for tasks to queue
[2024-05-25T22:05:00.106+0000] {logging_mixin.py:188} INFO - [2024-05-25T22:05:00.106+0000] {dagbag.py:545} INFO - Filling up the DagBag from /home/airflow/.local/lib/python3.12/site-packages/airflow/example_dags/example_complex.py
[2024-05-25T22:05:00.119+0000] {processor.py:840} INFO - DAG(s) 'example_complex' retrieved from /home/airflow/.local/lib/python3.12/site-packages/airflow/example_dags/example_complex.py
[2024-05-25T22:05:00.161+0000] {logging_mixin.py:188} INFO - [2024-05-25T22:05:00.161+0000] {dag.py:3096} INFO - Sync 1 DAGs
[2024-05-25T22:05:00.177+0000] {logging_mixin.py:188} INFO - [2024-05-25T22:05:00.177+0000] {dag.py:3954} INFO - Setting next_dagrun for example_complex to None, run_after=None
[2024-05-25T22:05:00.198+0000] {processor.py:183} INFO - Processing /home/airflow/.local/lib/python3.12/site-packages/airflow/example_dags/example_complex.py took 0.103 seconds
[2024-05-25T22:05:30.615+0000] {processor.py:161} INFO - Started process (PID=500) to work on /home/airflow/.local/lib/python3.12/site-packages/airflow/example_dags/example_complex.py
[2024-05-25T22:05:30.615+0000] {processor.py:830} INFO - Processing file /home/airflow/.local/lib/python3.12/site-packages/airflow/example_dags/example_complex.py for tasks to queue
[2024-05-25T22:05:30.617+0000] {logging_mixin.py:188} INFO - [2024-05-25T22:05:30.617+0000] {dagbag.py:545} INFO - Filling up the DagBag from /home/airflow/.local/lib/python3.12/site-packages/airflow/example_dags/example_complex.py
[2024-05-25T22:05:30.632+0000] {processor.py:840} INFO - DAG(s) 'example_complex' retrieved from /home/airflow/.local/lib/python3.12/site-packages/airflow/example_dags/example_complex.py
[2024-05-25T22:05:30.673+0000] {logging_mixin.py:188} INFO - [2024-05-25T22:05:30.673+0000] {dag.py:3096} INFO - Sync 1 DAGs
[2024-05-25T22:05:30.693+0000] {logging_mixin.py:188} INFO - [2024-05-25T22:05:30.693+0000] {dag.py:3954} INFO - Setting next_dagrun for example_complex to None, run_after=None
[2024-05-25T22:05:30.715+0000] {processor.py:183} INFO - Processing /home/airflow/.local/lib/python3.12/site-packages/airflow/example_dags/example_complex.py took 0.107 seconds
[2024-05-25T22:06:00.923+0000] {processor.py:161} INFO - Started process (PID=557) to work on /home/airflow/.local/lib/python3.12/site-packages/airflow/example_dags/example_complex.py
[2024-05-25T22:06:00.924+0000] {processor.py:830} INFO - Processing file /home/airflow/.local/lib/python3.12/site-packages/airflow/example_dags/example_complex.py for tasks to queue
[2024-05-25T22:06:00.929+0000] {logging_mixin.py:188} INFO - [2024-05-25T22:06:00.929+0000] {dagbag.py:545} INFO - Filling up the DagBag from /home/airflow/.local/lib/python3.12/site-packages/airflow/example_dags/example_complex.py
[2024-05-25T22:06:00.944+0000] {processor.py:840} INFO - DAG(s) 'example_complex' retrieved from /home/airflow/.local/lib/python3.12/site-packages/airflow/example_dags/example_complex.py
[2024-05-25T22:06:00.982+0000] {logging_mixin.py:188} INFO - [2024-05-25T22:06:00.982+0000] {dag.py:3096} INFO - Sync 1 DAGs
[2024-05-25T22:06:00.997+0000] {logging_mixin.py:188} INFO - [2024-05-25T22:06:00.997+0000] {dag.py:3954} INFO - Setting next_dagrun for example_complex to None, run_after=None
[2024-05-25T22:06:01.018+0000] {processor.py:183} INFO - Processing /home/airflow/.local/lib/python3.12/site-packages/airflow/example_dags/example_complex.py took 0.102 seconds
[2024-05-25T22:06:31.560+0000] {processor.py:161} INFO - Started process (PID=614) to work on /home/airflow/.local/lib/python3.12/site-packages/airflow/example_dags/example_complex.py
[2024-05-25T22:06:31.561+0000] {processor.py:830} INFO - Processing file /home/airflow/.local/lib/python3.12/site-packages/airflow/example_dags/example_complex.py for tasks to queue
[2024-05-25T22:06:31.563+0000] {logging_mixin.py:188} INFO - [2024-05-25T22:06:31.563+0000] {dagbag.py:545} INFO - Filling up the DagBag from /home/airflow/.local/lib/python3.12/site-packages/airflow/example_dags/example_complex.py
[2024-05-25T22:06:31.577+0000] {processor.py:840} INFO - DAG(s) 'example_complex' retrieved from /home/airflow/.local/lib/python3.12/site-packages/airflow/example_dags/example_complex.py
[2024-05-25T22:06:31.616+0000] {logging_mixin.py:188} INFO - [2024-05-25T22:06:31.615+0000] {dag.py:3096} INFO - Sync 1 DAGs
[2024-05-25T22:06:31.631+0000] {logging_mixin.py:188} INFO - [2024-05-25T22:06:31.631+0000] {dag.py:3954} INFO - Setting next_dagrun for example_complex to None, run_after=None
[2024-05-25T22:06:31.659+0000] {processor.py:183} INFO - Processing /home/airflow/.local/lib/python3.12/site-packages/airflow/example_dags/example_complex.py took 0.105 seconds
[2024-05-25T22:07:01.906+0000] {processor.py:161} INFO - Started process (PID=671) to work on /home/airflow/.local/lib/python3.12/site-packages/airflow/example_dags/example_complex.py
[2024-05-25T22:07:01.907+0000] {processor.py:830} INFO - Processing file /home/airflow/.local/lib/python3.12/site-packages/airflow/example_dags/example_complex.py for tasks to queue
[2024-05-25T22:07:01.909+0000] {logging_mixin.py:188} INFO - [2024-05-25T22:07:01.909+0000] {dagbag.py:545} INFO - Filling up the DagBag from /home/airflow/.local/lib/python3.12/site-packages/airflow/example_dags/example_complex.py
[2024-05-25T22:07:01.924+0000] {processor.py:840} INFO - DAG(s) 'example_complex' retrieved from /home/airflow/.local/lib/python3.12/site-packages/airflow/example_dags/example_complex.py
[2024-05-25T22:07:01.961+0000] {logging_mixin.py:188} INFO - [2024-05-25T22:07:01.960+0000] {dag.py:3096} INFO - Sync 1 DAGs
[2024-05-25T22:07:01.975+0000] {logging_mixin.py:188} INFO - [2024-05-25T22:07:01.975+0000] {dag.py:3954} INFO - Setting next_dagrun for example_complex to None, run_after=None
[2024-05-25T22:07:01.994+0000] {processor.py:183} INFO - Processing /home/airflow/.local/lib/python3.12/site-packages/airflow/example_dags/example_complex.py took 0.096 seconds
[2024-05-25T22:07:32.450+0000] {processor.py:161} INFO - Started process (PID=729) to work on /home/airflow/.local/lib/python3.12/site-packages/airflow/example_dags/example_complex.py
[2024-05-25T22:07:32.452+0000] {processor.py:830} INFO - Processing file /home/airflow/.local/lib/python3.12/site-packages/airflow/example_dags/example_complex.py for tasks to queue
[2024-05-25T22:07:32.455+0000] {logging_mixin.py:188} INFO - [2024-05-25T22:07:32.455+0000] {dagbag.py:545} INFO - Filling up the DagBag from /home/airflow/.local/lib/python3.12/site-packages/airflow/example_dags/example_complex.py
[2024-05-25T22:07:32.468+0000] {processor.py:840} INFO - DAG(s) 'example_complex' retrieved from /home/airflow/.local/lib/python3.12/site-packages/airflow/example_dags/example_complex.py
[2024-05-25T22:07:32.506+0000] {logging_mixin.py:188} INFO - [2024-05-25T22:07:32.506+0000] {dag.py:3096} INFO - Sync 1 DAGs
[2024-05-25T22:07:32.523+0000] {logging_mixin.py:188} INFO - [2024-05-25T22:07:32.523+0000] {dag.py:3954} INFO - Setting next_dagrun for example_complex to None, run_after=None
[2024-05-25T22:07:32.547+0000] {processor.py:183} INFO - Processing /home/airflow/.local/lib/python3.12/site-packages/airflow/example_dags/example_complex.py took 0.111 seconds
[2024-05-25T22:08:02.840+0000] {processor.py:161} INFO - Started process (PID=787) to work on /home/airflow/.local/lib/python3.12/site-packages/airflow/example_dags/example_complex.py
[2024-05-25T22:08:02.841+0000] {processor.py:830} INFO - Processing file /home/airflow/.local/lib/python3.12/site-packages/airflow/example_dags/example_complex.py for tasks to queue
[2024-05-25T22:08:02.843+0000] {logging_mixin.py:188} INFO - [2024-05-25T22:08:02.843+0000] {dagbag.py:545} INFO - Filling up the DagBag from /home/airflow/.local/lib/python3.12/site-packages/airflow/example_dags/example_complex.py
[2024-05-25T22:08:02.855+0000] {processor.py:840} INFO - DAG(s) 'example_complex' retrieved from /home/airflow/.local/lib/python3.12/site-packages/airflow/example_dags/example_complex.py
[2024-05-25T22:08:02.894+0000] {logging_mixin.py:188} INFO - [2024-05-25T22:08:02.894+0000] {dag.py:3096} INFO - Sync 1 DAGs
[2024-05-25T22:08:02.912+0000] {logging_mixin.py:188} INFO - [2024-05-25T22:08:02.912+0000] {dag.py:3954} INFO - Setting next_dagrun for example_complex to None, run_after=None
[2024-05-25T22:08:02.936+0000] {processor.py:183} INFO - Processing /home/airflow/.local/lib/python3.12/site-packages/airflow/example_dags/example_complex.py took 0.106 seconds
[2024-05-25T22:08:33.095+0000] {processor.py:161} INFO - Started process (PID=845) to work on /home/airflow/.local/lib/python3.12/site-packages/airflow/example_dags/example_complex.py
[2024-05-25T22:08:33.096+0000] {processor.py:830} INFO - Processing file /home/airflow/.local/lib/python3.12/site-packages/airflow/example_dags/example_complex.py for tasks to queue
[2024-05-25T22:08:33.098+0000] {logging_mixin.py:188} INFO - [2024-05-25T22:08:33.098+0000] {dagbag.py:545} INFO - Filling up the DagBag from /home/airflow/.local/lib/python3.12/site-packages/airflow/example_dags/example_complex.py
[2024-05-25T22:08:33.112+0000] {processor.py:840} INFO - DAG(s) 'example_complex' retrieved from /home/airflow/.local/lib/python3.12/site-packages/airflow/example_dags/example_complex.py
[2024-05-25T22:08:33.150+0000] {logging_mixin.py:188} INFO - [2024-05-25T22:08:33.149+0000] {dag.py:3096} INFO - Sync 1 DAGs
[2024-05-25T22:08:33.164+0000] {logging_mixin.py:188} INFO - [2024-05-25T22:08:33.164+0000] {dag.py:3954} INFO - Setting next_dagrun for example_complex to None, run_after=None
[2024-05-25T22:08:33.184+0000] {processor.py:183} INFO - Processing /home/airflow/.local/lib/python3.12/site-packages/airflow/example_dags/example_complex.py took 0.096 seconds
[2024-05-25T22:09:03.441+0000] {processor.py:161} INFO - Started process (PID=903) to work on /home/airflow/.local/lib/python3.12/site-packages/airflow/example_dags/example_complex.py
[2024-05-25T22:09:03.442+0000] {processor.py:830} INFO - Processing file /home/airflow/.local/lib/python3.12/site-packages/airflow/example_dags/example_complex.py for tasks to queue
[2024-05-25T22:09:03.445+0000] {logging_mixin.py:188} INFO - [2024-05-25T22:09:03.444+0000] {dagbag.py:545} INFO - Filling up the DagBag from /home/airflow/.local/lib/python3.12/site-packages/airflow/example_dags/example_complex.py
[2024-05-25T22:09:03.468+0000] {processor.py:840} INFO - DAG(s) 'example_complex' retrieved from /home/airflow/.local/lib/python3.12/site-packages/airflow/example_dags/example_complex.py
[2024-05-25T22:09:03.509+0000] {logging_mixin.py:188} INFO - [2024-05-25T22:09:03.509+0000] {dag.py:3096} INFO - Sync 1 DAGs
[2024-05-25T22:09:03.524+0000] {logging_mixin.py:188} INFO - [2024-05-25T22:09:03.524+0000] {dag.py:3954} INFO - Setting next_dagrun for example_complex to None, run_after=None
[2024-05-25T22:09:03.866+0000] {processor.py:183} INFO - Processing /home/airflow/.local/lib/python3.12/site-packages/airflow/example_dags/example_complex.py took 0.434 seconds
[2024-05-25T22:09:34.450+0000] {processor.py:161} INFO - Started process (PID=960) to work on /home/airflow/.local/lib/python3.12/site-packages/airflow/example_dags/example_complex.py
[2024-05-25T22:09:34.451+0000] {processor.py:830} INFO - Processing file /home/airflow/.local/lib/python3.12/site-packages/airflow/example_dags/example_complex.py for tasks to queue
[2024-05-25T22:09:34.454+0000] {logging_mixin.py:188} INFO - [2024-05-25T22:09:34.453+0000] {dagbag.py:545} INFO - Filling up the DagBag from /home/airflow/.local/lib/python3.12/site-packages/airflow/example_dags/example_complex.py
[2024-05-25T22:09:34.468+0000] {processor.py:840} INFO - DAG(s) 'example_complex' retrieved from /home/airflow/.local/lib/python3.12/site-packages/airflow/example_dags/example_complex.py
[2024-05-25T22:09:34.513+0000] {logging_mixin.py:188} INFO - [2024-05-25T22:09:34.513+0000] {dag.py:3096} INFO - Sync 1 DAGs
[2024-05-25T22:09:34.533+0000] {logging_mixin.py:188} INFO - [2024-05-25T22:09:34.533+0000] {dag.py:3954} INFO - Setting next_dagrun for example_complex to None, run_after=None
[2024-05-25T22:09:34.557+0000] {processor.py:183} INFO - Processing /home/airflow/.local/lib/python3.12/site-packages/airflow/example_dags/example_complex.py took 0.114 seconds
[2024-05-25T22:10:05.020+0000] {processor.py:161} INFO - Started process (PID=1018) to work on /home/airflow/.local/lib/python3.12/site-packages/airflow/example_dags/example_complex.py
[2024-05-25T22:10:05.020+0000] {processor.py:830} INFO - Processing file /home/airflow/.local/lib/python3.12/site-packages/airflow/example_dags/example_complex.py for tasks to queue
[2024-05-25T22:10:05.022+0000] {logging_mixin.py:188} INFO - [2024-05-25T22:10:05.022+0000] {dagbag.py:545} INFO - Filling up the DagBag from /home/airflow/.local/lib/python3.12/site-packages/airflow/example_dags/example_complex.py
[2024-05-25T22:10:05.034+0000] {processor.py:840} INFO - DAG(s) 'example_complex' retrieved from /home/airflow/.local/lib/python3.12/site-packages/airflow/example_dags/example_complex.py
[2024-05-25T22:10:05.078+0000] {logging_mixin.py:188} INFO - [2024-05-25T22:10:05.077+0000] {dag.py:3096} INFO - Sync 1 DAGs
[2024-05-25T22:10:05.097+0000] {logging_mixin.py:188} INFO - [2024-05-25T22:10:05.097+0000] {dag.py:3954} INFO - Setting next_dagrun for example_complex to None, run_after=None
[2024-05-25T22:10:05.134+0000] {processor.py:183} INFO - Processing /home/airflow/.local/lib/python3.12/site-packages/airflow/example_dags/example_complex.py took 0.121 seconds
[2024-05-25T22:10:35.491+0000] {processor.py:161} INFO - Started process (PID=1076) to work on /home/airflow/.local/lib/python3.12/site-packages/airflow/example_dags/example_complex.py
[2024-05-25T22:10:35.492+0000] {processor.py:830} INFO - Processing file /home/airflow/.local/lib/python3.12/site-packages/airflow/example_dags/example_complex.py for tasks to queue
[2024-05-25T22:10:35.494+0000] {logging_mixin.py:188} INFO - [2024-05-25T22:10:35.494+0000] {dagbag.py:545} INFO - Filling up the DagBag from /home/airflow/.local/lib/python3.12/site-packages/airflow/example_dags/example_complex.py
[2024-05-25T22:10:35.507+0000] {processor.py:840} INFO - DAG(s) 'example_complex' retrieved from /home/airflow/.local/lib/python3.12/site-packages/airflow/example_dags/example_complex.py
[2024-05-25T22:10:35.547+0000] {logging_mixin.py:188} INFO - [2024-05-25T22:10:35.547+0000] {dag.py:3096} INFO - Sync 1 DAGs
[2024-05-25T22:10:35.563+0000] {logging_mixin.py:188} INFO - [2024-05-25T22:10:35.562+0000] {dag.py:3954} INFO - Setting next_dagrun for example_complex to None, run_after=None
[2024-05-25T22:10:35.586+0000] {processor.py:183} INFO - Processing /home/airflow/.local/lib/python3.12/site-packages/airflow/example_dags/example_complex.py took 0.101 seconds
[2024-05-25T22:11:05.969+0000] {processor.py:161} INFO - Started process (PID=1133) to work on /home/airflow/.local/lib/python3.12/site-packages/airflow/example_dags/example_complex.py
[2024-05-25T22:11:05.970+0000] {processor.py:830} INFO - Processing file /home/airflow/.local/lib/python3.12/site-packages/airflow/example_dags/example_complex.py for tasks to queue
[2024-05-25T22:11:05.972+0000] {logging_mixin.py:188} INFO - [2024-05-25T22:11:05.971+0000] {dagbag.py:545} INFO - Filling up the DagBag from /home/airflow/.local/lib/python3.12/site-packages/airflow/example_dags/example_complex.py
[2024-05-25T22:11:05.984+0000] {processor.py:840} INFO - DAG(s) 'example_complex' retrieved from /home/airflow/.local/lib/python3.12/site-packages/airflow/example_dags/example_complex.py
[2024-05-25T22:11:06.029+0000] {logging_mixin.py:188} INFO - [2024-05-25T22:11:06.029+0000] {dag.py:3096} INFO - Sync 1 DAGs
[2024-05-25T22:11:06.049+0000] {logging_mixin.py:188} INFO - [2024-05-25T22:11:06.049+0000] {dag.py:3954} INFO - Setting next_dagrun for example_complex to None, run_after=None
[2024-05-25T22:11:06.073+0000] {processor.py:183} INFO - Processing /home/airflow/.local/lib/python3.12/site-packages/airflow/example_dags/example_complex.py took 0.112 seconds
[2024-05-25T22:11:36.544+0000] {processor.py:161} INFO - Started process (PID=1190) to work on /home/airflow/.local/lib/python3.12/site-packages/airflow/example_dags/example_complex.py
[2024-05-25T22:11:36.545+0000] {processor.py:830} INFO - Processing file /home/airflow/.local/lib/python3.12/site-packages/airflow/example_dags/example_complex.py for tasks to queue
[2024-05-25T22:11:36.547+0000] {logging_mixin.py:188} INFO - [2024-05-25T22:11:36.546+0000] {dagbag.py:545} INFO - Filling up the DagBag from /home/airflow/.local/lib/python3.12/site-packages/airflow/example_dags/example_complex.py
[2024-05-25T22:11:36.559+0000] {processor.py:840} INFO - DAG(s) 'example_complex' retrieved from /home/airflow/.local/lib/python3.12/site-packages/airflow/example_dags/example_complex.py
[2024-05-25T22:11:36.601+0000] {logging_mixin.py:188} INFO - [2024-05-25T22:11:36.601+0000] {dag.py:3096} INFO - Sync 1 DAGs
[2024-05-25T22:11:36.619+0000] {logging_mixin.py:188} INFO - [2024-05-25T22:11:36.618+0000] {dag.py:3954} INFO - Setting next_dagrun for example_complex to None, run_after=None
[2024-05-25T22:11:36.643+0000] {processor.py:183} INFO - Processing /home/airflow/.local/lib/python3.12/site-packages/airflow/example_dags/example_complex.py took 0.106 seconds
[2024-05-25T22:12:07.036+0000] {processor.py:161} INFO - Started process (PID=1248) to work on /home/airflow/.local/lib/python3.12/site-packages/airflow/example_dags/example_complex.py
[2024-05-25T22:12:07.037+0000] {processor.py:830} INFO - Processing file /home/airflow/.local/lib/python3.12/site-packages/airflow/example_dags/example_complex.py for tasks to queue
[2024-05-25T22:12:07.040+0000] {logging_mixin.py:188} INFO - [2024-05-25T22:12:07.040+0000] {dagbag.py:545} INFO - Filling up the DagBag from /home/airflow/.local/lib/python3.12/site-packages/airflow/example_dags/example_complex.py
[2024-05-25T22:12:07.055+0000] {processor.py:840} INFO - DAG(s) 'example_complex' retrieved from /home/airflow/.local/lib/python3.12/site-packages/airflow/example_dags/example_complex.py
[2024-05-25T22:12:07.100+0000] {logging_mixin.py:188} INFO - [2024-05-25T22:12:07.100+0000] {dag.py:3096} INFO - Sync 1 DAGs
[2024-05-25T22:12:07.115+0000] {logging_mixin.py:188} INFO - [2024-05-25T22:12:07.114+0000] {dag.py:3954} INFO - Setting next_dagrun for example_complex to None, run_after=None
[2024-05-25T22:12:07.138+0000] {processor.py:183} INFO - Processing /home/airflow/.local/lib/python3.12/site-packages/airflow/example_dags/example_complex.py took 0.110 seconds
[2024-05-25T22:12:37.764+0000] {processor.py:161} INFO - Started process (PID=1310) to work on /home/airflow/.local/lib/python3.12/site-packages/airflow/example_dags/example_complex.py
[2024-05-25T22:12:37.765+0000] {processor.py:830} INFO - Processing file /home/airflow/.local/lib/python3.12/site-packages/airflow/example_dags/example_complex.py for tasks to queue
[2024-05-25T22:12:37.768+0000] {logging_mixin.py:188} INFO - [2024-05-25T22:12:37.767+0000] {dagbag.py:545} INFO - Filling up the DagBag from /home/airflow/.local/lib/python3.12/site-packages/airflow/example_dags/example_complex.py
[2024-05-25T22:12:37.780+0000] {processor.py:840} INFO - DAG(s) 'example_complex' retrieved from /home/airflow/.local/lib/python3.12/site-packages/airflow/example_dags/example_complex.py
[2024-05-25T22:12:37.821+0000] {logging_mixin.py:188} INFO - [2024-05-25T22:12:37.820+0000] {dag.py:3096} INFO - Sync 1 DAGs
[2024-05-25T22:12:37.838+0000] {logging_mixin.py:188} INFO - [2024-05-25T22:12:37.838+0000] {dag.py:3954} INFO - Setting next_dagrun for example_complex to None, run_after=None
[2024-05-25T22:12:37.863+0000] {processor.py:183} INFO - Processing /home/airflow/.local/lib/python3.12/site-packages/airflow/example_dags/example_complex.py took 0.108 seconds
[2024-05-25T22:13:08.232+0000] {processor.py:161} INFO - Started process (PID=1384) to work on /home/airflow/.local/lib/python3.12/site-packages/airflow/example_dags/example_complex.py
[2024-05-25T22:13:08.235+0000] {processor.py:830} INFO - Processing file /home/airflow/.local/lib/python3.12/site-packages/airflow/example_dags/example_complex.py for tasks to queue
[2024-05-25T22:13:08.238+0000] {logging_mixin.py:188} INFO - [2024-05-25T22:13:08.238+0000] {dagbag.py:545} INFO - Filling up the DagBag from /home/airflow/.local/lib/python3.12/site-packages/airflow/example_dags/example_complex.py
[2024-05-25T22:13:08.254+0000] {processor.py:840} INFO - DAG(s) 'example_complex' retrieved from /home/airflow/.local/lib/python3.12/site-packages/airflow/example_dags/example_complex.py
[2024-05-25T22:13:08.299+0000] {logging_mixin.py:188} INFO - [2024-05-25T22:13:08.299+0000] {dag.py:3096} INFO - Sync 1 DAGs
[2024-05-25T22:13:08.316+0000] {logging_mixin.py:188} INFO - [2024-05-25T22:13:08.315+0000] {dag.py:3954} INFO - Setting next_dagrun for example_complex to None, run_after=None
[2024-05-25T22:13:08.337+0000] {processor.py:183} INFO - Processing /home/airflow/.local/lib/python3.12/site-packages/airflow/example_dags/example_complex.py took 0.113 seconds
[2024-05-25T22:13:38.715+0000] {processor.py:161} INFO - Started process (PID=1442) to work on /home/airflow/.local/lib/python3.12/site-packages/airflow/example_dags/example_complex.py
[2024-05-25T22:13:38.716+0000] {processor.py:830} INFO - Processing file /home/airflow/.local/lib/python3.12/site-packages/airflow/example_dags/example_complex.py for tasks to queue
[2024-05-25T22:13:38.718+0000] {logging_mixin.py:188} INFO - [2024-05-25T22:13:38.717+0000] {dagbag.py:545} INFO - Filling up the DagBag from /home/airflow/.local/lib/python3.12/site-packages/airflow/example_dags/example_complex.py
[2024-05-25T22:13:38.730+0000] {processor.py:840} INFO - DAG(s) 'example_complex' retrieved from /home/airflow/.local/lib/python3.12/site-packages/airflow/example_dags/example_complex.py
[2024-05-25T22:13:38.771+0000] {logging_mixin.py:188} INFO - [2024-05-25T22:13:38.770+0000] {dag.py:3096} INFO - Sync 1 DAGs
[2024-05-25T22:13:38.787+0000] {logging_mixin.py:188} INFO - [2024-05-25T22:13:38.787+0000] {dag.py:3954} INFO - Setting next_dagrun for example_complex to None, run_after=None
[2024-05-25T22:13:38.815+0000] {processor.py:183} INFO - Processing /home/airflow/.local/lib/python3.12/site-packages/airflow/example_dags/example_complex.py took 0.107 seconds
[2024-05-25T22:14:09.106+0000] {processor.py:161} INFO - Started process (PID=1500) to work on /home/airflow/.local/lib/python3.12/site-packages/airflow/example_dags/example_complex.py
[2024-05-25T22:14:09.107+0000] {processor.py:830} INFO - Processing file /home/airflow/.local/lib/python3.12/site-packages/airflow/example_dags/example_complex.py for tasks to queue
[2024-05-25T22:14:09.110+0000] {logging_mixin.py:188} INFO - [2024-05-25T22:14:09.109+0000] {dagbag.py:545} INFO - Filling up the DagBag from /home/airflow/.local/lib/python3.12/site-packages/airflow/example_dags/example_complex.py
[2024-05-25T22:14:09.128+0000] {processor.py:840} INFO - DAG(s) 'example_complex' retrieved from /home/airflow/.local/lib/python3.12/site-packages/airflow/example_dags/example_complex.py
[2024-05-25T22:14:09.177+0000] {logging_mixin.py:188} INFO - [2024-05-25T22:14:09.177+0000] {dag.py:3096} INFO - Sync 1 DAGs
[2024-05-25T22:14:09.194+0000] {logging_mixin.py:188} INFO - [2024-05-25T22:14:09.193+0000] {dag.py:3954} INFO - Setting next_dagrun for example_complex to None, run_after=None
[2024-05-25T22:14:09.227+0000] {processor.py:183} INFO - Processing /home/airflow/.local/lib/python3.12/site-packages/airflow/example_dags/example_complex.py took 0.129 seconds
[2024-05-25T22:14:39.317+0000] {processor.py:161} INFO - Started process (PID=1559) to work on /home/airflow/.local/lib/python3.12/site-packages/airflow/example_dags/example_complex.py
[2024-05-25T22:14:39.319+0000] {processor.py:830} INFO - Processing file /home/airflow/.local/lib/python3.12/site-packages/airflow/example_dags/example_complex.py for tasks to queue
[2024-05-25T22:14:39.321+0000] {logging_mixin.py:188} INFO - [2024-05-25T22:14:39.321+0000] {dagbag.py:545} INFO - Filling up the DagBag from /home/airflow/.local/lib/python3.12/site-packages/airflow/example_dags/example_complex.py
[2024-05-25T22:14:39.335+0000] {processor.py:840} INFO - DAG(s) 'example_complex' retrieved from /home/airflow/.local/lib/python3.12/site-packages/airflow/example_dags/example_complex.py
[2024-05-25T22:14:39.381+0000] {logging_mixin.py:188} INFO - [2024-05-25T22:14:39.380+0000] {dag.py:3096} INFO - Sync 1 DAGs
[2024-05-25T22:14:39.396+0000] {logging_mixin.py:188} INFO - [2024-05-25T22:14:39.396+0000] {dag.py:3954} INFO - Setting next_dagrun for example_complex to None, run_after=None
[2024-05-25T22:14:39.418+0000] {processor.py:183} INFO - Processing /home/airflow/.local/lib/python3.12/site-packages/airflow/example_dags/example_complex.py took 0.108 seconds
[2024-05-25T22:15:09.507+0000] {processor.py:161} INFO - Started process (PID=1616) to work on /home/airflow/.local/lib/python3.12/site-packages/airflow/example_dags/example_complex.py
[2024-05-25T22:15:09.508+0000] {processor.py:830} INFO - Processing file /home/airflow/.local/lib/python3.12/site-packages/airflow/example_dags/example_complex.py for tasks to queue
[2024-05-25T22:15:09.511+0000] {logging_mixin.py:188} INFO - [2024-05-25T22:15:09.510+0000] {dagbag.py:545} INFO - Filling up the DagBag from /home/airflow/.local/lib/python3.12/site-packages/airflow/example_dags/example_complex.py
[2024-05-25T22:15:09.530+0000] {processor.py:840} INFO - DAG(s) 'example_complex' retrieved from /home/airflow/.local/lib/python3.12/site-packages/airflow/example_dags/example_complex.py
[2024-05-25T22:15:09.568+0000] {logging_mixin.py:188} INFO - [2024-05-25T22:15:09.567+0000] {dag.py:3096} INFO - Sync 1 DAGs
[2024-05-25T22:15:09.584+0000] {logging_mixin.py:188} INFO - [2024-05-25T22:15:09.583+0000] {dag.py:3954} INFO - Setting next_dagrun for example_complex to None, run_after=None
[2024-05-25T22:15:09.605+0000] {processor.py:183} INFO - Processing /home/airflow/.local/lib/python3.12/site-packages/airflow/example_dags/example_complex.py took 0.113 seconds
[2024-05-25T22:15:39.981+0000] {processor.py:161} INFO - Started process (PID=1674) to work on /home/airflow/.local/lib/python3.12/site-packages/airflow/example_dags/example_complex.py
[2024-05-25T22:15:39.982+0000] {processor.py:830} INFO - Processing file /home/airflow/.local/lib/python3.12/site-packages/airflow/example_dags/example_complex.py for tasks to queue
[2024-05-25T22:15:39.984+0000] {logging_mixin.py:188} INFO - [2024-05-25T22:15:39.984+0000] {dagbag.py:545} INFO - Filling up the DagBag from /home/airflow/.local/lib/python3.12/site-packages/airflow/example_dags/example_complex.py
[2024-05-25T22:15:39.997+0000] {processor.py:840} INFO - DAG(s) 'example_complex' retrieved from /home/airflow/.local/lib/python3.12/site-packages/airflow/example_dags/example_complex.py
[2024-05-25T22:15:40.044+0000] {logging_mixin.py:188} INFO - [2024-05-25T22:15:40.044+0000] {dag.py:3096} INFO - Sync 1 DAGs
[2024-05-25T22:15:40.063+0000] {logging_mixin.py:188} INFO - [2024-05-25T22:15:40.063+0000] {dag.py:3954} INFO - Setting next_dagrun for example_complex to None, run_after=None
[2024-05-25T22:15:40.231+0000] {processor.py:183} INFO - Processing /home/airflow/.local/lib/python3.12/site-packages/airflow/example_dags/example_complex.py took 0.256 seconds
[2024-05-25T22:16:10.423+0000] {processor.py:161} INFO - Started process (PID=1733) to work on /home/airflow/.local/lib/python3.12/site-packages/airflow/example_dags/example_complex.py
[2024-05-25T22:16:10.424+0000] {processor.py:830} INFO - Processing file /home/airflow/.local/lib/python3.12/site-packages/airflow/example_dags/example_complex.py for tasks to queue
[2024-05-25T22:16:10.426+0000] {logging_mixin.py:188} INFO - [2024-05-25T22:16:10.426+0000] {dagbag.py:545} INFO - Filling up the DagBag from /home/airflow/.local/lib/python3.12/site-packages/airflow/example_dags/example_complex.py
[2024-05-25T22:16:10.440+0000] {processor.py:840} INFO - DAG(s) 'example_complex' retrieved from /home/airflow/.local/lib/python3.12/site-packages/airflow/example_dags/example_complex.py
[2024-05-25T22:16:10.482+0000] {logging_mixin.py:188} INFO - [2024-05-25T22:16:10.482+0000] {dag.py:3096} INFO - Sync 1 DAGs
[2024-05-25T22:16:10.497+0000] {logging_mixin.py:188} INFO - [2024-05-25T22:16:10.497+0000] {dag.py:3954} INFO - Setting next_dagrun for example_complex to None, run_after=None
[2024-05-25T22:16:10.520+0000] {processor.py:183} INFO - Processing /home/airflow/.local/lib/python3.12/site-packages/airflow/example_dags/example_complex.py took 0.103 seconds
[2024-05-25T22:16:40.673+0000] {processor.py:161} INFO - Started process (PID=1790) to work on /home/airflow/.local/lib/python3.12/site-packages/airflow/example_dags/example_complex.py
[2024-05-25T22:16:40.674+0000] {processor.py:830} INFO - Processing file /home/airflow/.local/lib/python3.12/site-packages/airflow/example_dags/example_complex.py for tasks to queue
[2024-05-25T22:16:40.679+0000] {logging_mixin.py:188} INFO - [2024-05-25T22:16:40.678+0000] {dagbag.py:545} INFO - Filling up the DagBag from /home/airflow/.local/lib/python3.12/site-packages/airflow/example_dags/example_complex.py
[2024-05-25T22:16:40.703+0000] {processor.py:840} INFO - DAG(s) 'example_complex' retrieved from /home/airflow/.local/lib/python3.12/site-packages/airflow/example_dags/example_complex.py
[2024-05-25T22:16:40.772+0000] {logging_mixin.py:188} INFO - [2024-05-25T22:16:40.772+0000] {dag.py:3096} INFO - Sync 1 DAGs
[2024-05-25T22:16:40.795+0000] {logging_mixin.py:188} INFO - [2024-05-25T22:16:40.795+0000] {dag.py:3954} INFO - Setting next_dagrun for example_complex to None, run_after=None
[2024-05-25T22:16:40.824+0000] {processor.py:183} INFO - Processing /home/airflow/.local/lib/python3.12/site-packages/airflow/example_dags/example_complex.py took 0.158 seconds
[2024-05-25T22:17:11.202+0000] {processor.py:161} INFO - Started process (PID=1848) to work on /home/airflow/.local/lib/python3.12/site-packages/airflow/example_dags/example_complex.py
[2024-05-25T22:17:11.203+0000] {processor.py:830} INFO - Processing file /home/airflow/.local/lib/python3.12/site-packages/airflow/example_dags/example_complex.py for tasks to queue
[2024-05-25T22:17:11.208+0000] {logging_mixin.py:188} INFO - [2024-05-25T22:17:11.207+0000] {dagbag.py:545} INFO - Filling up the DagBag from /home/airflow/.local/lib/python3.12/site-packages/airflow/example_dags/example_complex.py
[2024-05-25T22:17:11.225+0000] {processor.py:840} INFO - DAG(s) 'example_complex' retrieved from /home/airflow/.local/lib/python3.12/site-packages/airflow/example_dags/example_complex.py
[2024-05-25T22:17:11.262+0000] {logging_mixin.py:188} INFO - [2024-05-25T22:17:11.262+0000] {dag.py:3096} INFO - Sync 1 DAGs
[2024-05-25T22:17:11.279+0000] {logging_mixin.py:188} INFO - [2024-05-25T22:17:11.279+0000] {dag.py:3954} INFO - Setting next_dagrun for example_complex to None, run_after=None
[2024-05-25T22:17:11.302+0000] {processor.py:183} INFO - Processing /home/airflow/.local/lib/python3.12/site-packages/airflow/example_dags/example_complex.py took 0.115 seconds
[2024-05-25T22:17:41.797+0000] {processor.py:161} INFO - Started process (PID=1906) to work on /home/airflow/.local/lib/python3.12/site-packages/airflow/example_dags/example_complex.py
[2024-05-25T22:17:41.798+0000] {processor.py:830} INFO - Processing file /home/airflow/.local/lib/python3.12/site-packages/airflow/example_dags/example_complex.py for tasks to queue
[2024-05-25T22:17:41.802+0000] {logging_mixin.py:188} INFO - [2024-05-25T22:17:41.802+0000] {dagbag.py:545} INFO - Filling up the DagBag from /home/airflow/.local/lib/python3.12/site-packages/airflow/example_dags/example_complex.py
[2024-05-25T22:17:41.814+0000] {processor.py:840} INFO - DAG(s) 'example_complex' retrieved from /home/airflow/.local/lib/python3.12/site-packages/airflow/example_dags/example_complex.py
[2024-05-25T22:17:41.855+0000] {logging_mixin.py:188} INFO - [2024-05-25T22:17:41.855+0000] {dag.py:3096} INFO - Sync 1 DAGs
[2024-05-25T22:17:41.871+0000] {logging_mixin.py:188} INFO - [2024-05-25T22:17:41.871+0000] {dag.py:3954} INFO - Setting next_dagrun for example_complex to None, run_after=None
[2024-05-25T22:17:41.894+0000] {processor.py:183} INFO - Processing /home/airflow/.local/lib/python3.12/site-packages/airflow/example_dags/example_complex.py took 0.111 seconds
[2024-05-25T22:18:12.056+0000] {processor.py:161} INFO - Started process (PID=1964) to work on /home/airflow/.local/lib/python3.12/site-packages/airflow/example_dags/example_complex.py
[2024-05-25T22:18:12.057+0000] {processor.py:830} INFO - Processing file /home/airflow/.local/lib/python3.12/site-packages/airflow/example_dags/example_complex.py for tasks to queue
[2024-05-25T22:18:12.059+0000] {logging_mixin.py:188} INFO - [2024-05-25T22:18:12.059+0000] {dagbag.py:545} INFO - Filling up the DagBag from /home/airflow/.local/lib/python3.12/site-packages/airflow/example_dags/example_complex.py
[2024-05-25T22:18:12.073+0000] {processor.py:840} INFO - DAG(s) 'example_complex' retrieved from /home/airflow/.local/lib/python3.12/site-packages/airflow/example_dags/example_complex.py
[2024-05-25T22:18:12.116+0000] {logging_mixin.py:188} INFO - [2024-05-25T22:18:12.116+0000] {dag.py:3096} INFO - Sync 1 DAGs
[2024-05-25T22:18:12.133+0000] {logging_mixin.py:188} INFO - [2024-05-25T22:18:12.133+0000] {dag.py:3954} INFO - Setting next_dagrun for example_complex to None, run_after=None
[2024-05-25T22:18:12.164+0000] {processor.py:183} INFO - Processing /home/airflow/.local/lib/python3.12/site-packages/airflow/example_dags/example_complex.py took 0.114 seconds
[2024-05-25T22:18:42.223+0000] {processor.py:161} INFO - Started process (PID=2023) to work on /home/airflow/.local/lib/python3.12/site-packages/airflow/example_dags/example_complex.py
[2024-05-25T22:18:42.224+0000] {processor.py:830} INFO - Processing file /home/airflow/.local/lib/python3.12/site-packages/airflow/example_dags/example_complex.py for tasks to queue
[2024-05-25T22:18:42.227+0000] {logging_mixin.py:188} INFO - [2024-05-25T22:18:42.226+0000] {dagbag.py:545} INFO - Filling up the DagBag from /home/airflow/.local/lib/python3.12/site-packages/airflow/example_dags/example_complex.py
[2024-05-25T22:18:42.241+0000] {processor.py:840} INFO - DAG(s) 'example_complex' retrieved from /home/airflow/.local/lib/python3.12/site-packages/airflow/example_dags/example_complex.py
[2024-05-25T22:18:42.288+0000] {logging_mixin.py:188} INFO - [2024-05-25T22:18:42.288+0000] {dag.py:3096} INFO - Sync 1 DAGs
[2024-05-25T22:18:42.305+0000] {logging_mixin.py:188} INFO - [2024-05-25T22:18:42.305+0000] {dag.py:3954} INFO - Setting next_dagrun for example_complex to None, run_after=None
[2024-05-25T22:18:42.333+0000] {processor.py:183} INFO - Processing /home/airflow/.local/lib/python3.12/site-packages/airflow/example_dags/example_complex.py took 0.117 seconds
[2024-05-25T22:19:12.567+0000] {processor.py:161} INFO - Started process (PID=2080) to work on /home/airflow/.local/lib/python3.12/site-packages/airflow/example_dags/example_complex.py
[2024-05-25T22:19:12.568+0000] {processor.py:830} INFO - Processing file /home/airflow/.local/lib/python3.12/site-packages/airflow/example_dags/example_complex.py for tasks to queue
[2024-05-25T22:19:12.570+0000] {logging_mixin.py:188} INFO - [2024-05-25T22:19:12.570+0000] {dagbag.py:545} INFO - Filling up the DagBag from /home/airflow/.local/lib/python3.12/site-packages/airflow/example_dags/example_complex.py
[2024-05-25T22:19:12.583+0000] {processor.py:840} INFO - DAG(s) 'example_complex' retrieved from /home/airflow/.local/lib/python3.12/site-packages/airflow/example_dags/example_complex.py
[2024-05-25T22:19:12.627+0000] {logging_mixin.py:188} INFO - [2024-05-25T22:19:12.627+0000] {dag.py:3096} INFO - Sync 1 DAGs
[2024-05-25T22:19:12.643+0000] {logging_mixin.py:188} INFO - [2024-05-25T22:19:12.643+0000] {dag.py:3954} INFO - Setting next_dagrun for example_complex to None, run_after=None
[2024-05-25T22:19:12.667+0000] {processor.py:183} INFO - Processing /home/airflow/.local/lib/python3.12/site-packages/airflow/example_dags/example_complex.py took 0.106 seconds
