[2024-05-25T22:01:28.236+0000] {processor.py:161} INFO - Started process (PID=56) to work on /home/airflow/.local/lib/python3.12/site-packages/airflow/example_dags/example_task_group.py
[2024-05-25T22:01:28.241+0000] {processor.py:830} INFO - Processing file /home/airflow/.local/lib/python3.12/site-packages/airflow/example_dags/example_task_group.py for tasks to queue
[2024-05-25T22:01:28.254+0000] {logging_mixin.py:188} INFO - [2024-05-25T22:01:28.251+0000] {dagbag.py:545} INFO - Filling up the DagBag from /home/airflow/.local/lib/python3.12/site-packages/airflow/example_dags/example_task_group.py
[2024-05-25T22:01:28.275+0000] {processor.py:840} INFO - DAG(s) 'example_task_group' retrieved from /home/airflow/.local/lib/python3.12/site-packages/airflow/example_dags/example_task_group.py
[2024-05-25T22:01:28.314+0000] {logging_mixin.py:188} INFO - [2024-05-25T22:01:28.314+0000] {dag.py:3096} INFO - Sync 1 DAGs
[2024-05-25T22:01:28.353+0000] {logging_mixin.py:188} INFO - [2024-05-25T22:01:28.353+0000] {dag.py:3954} INFO - Setting next_dagrun for example_task_group to 2024-05-24 00:00:00+00:00, run_after=2024-05-25 00:00:00+00:00
[2024-05-25T22:01:28.402+0000] {processor.py:183} INFO - Processing /home/airflow/.local/lib/python3.12/site-packages/airflow/example_dags/example_task_group.py took 0.197 seconds
[2024-05-25T22:01:59.156+0000] {processor.py:161} INFO - Started process (PID=114) to work on /home/airflow/.local/lib/python3.12/site-packages/airflow/example_dags/example_task_group.py
[2024-05-25T22:01:59.158+0000] {processor.py:830} INFO - Processing file /home/airflow/.local/lib/python3.12/site-packages/airflow/example_dags/example_task_group.py for tasks to queue
[2024-05-25T22:01:59.160+0000] {logging_mixin.py:188} INFO - [2024-05-25T22:01:59.159+0000] {dagbag.py:545} INFO - Filling up the DagBag from /home/airflow/.local/lib/python3.12/site-packages/airflow/example_dags/example_task_group.py
[2024-05-25T22:01:59.168+0000] {processor.py:840} INFO - DAG(s) 'example_task_group' retrieved from /home/airflow/.local/lib/python3.12/site-packages/airflow/example_dags/example_task_group.py
[2024-05-25T22:01:59.298+0000] {logging_mixin.py:188} INFO - [2024-05-25T22:01:59.297+0000] {dag.py:3096} INFO - Sync 1 DAGs
[2024-05-25T22:01:59.326+0000] {logging_mixin.py:188} INFO - [2024-05-25T22:01:59.326+0000] {dag.py:3954} INFO - Setting next_dagrun for example_task_group to 2024-05-24 00:00:00+00:00, run_after=2024-05-25 00:00:00+00:00
[2024-05-25T22:01:59.349+0000] {processor.py:183} INFO - Processing /home/airflow/.local/lib/python3.12/site-packages/airflow/example_dags/example_task_group.py took 0.202 seconds
[2024-05-25T22:02:29.422+0000] {processor.py:161} INFO - Started process (PID=172) to work on /home/airflow/.local/lib/python3.12/site-packages/airflow/example_dags/example_task_group.py
[2024-05-25T22:02:29.425+0000] {processor.py:830} INFO - Processing file /home/airflow/.local/lib/python3.12/site-packages/airflow/example_dags/example_task_group.py for tasks to queue
[2024-05-25T22:02:29.427+0000] {logging_mixin.py:188} INFO - [2024-05-25T22:02:29.427+0000] {dagbag.py:545} INFO - Filling up the DagBag from /home/airflow/.local/lib/python3.12/site-packages/airflow/example_dags/example_task_group.py
[2024-05-25T22:02:29.436+0000] {processor.py:840} INFO - DAG(s) 'example_task_group' retrieved from /home/airflow/.local/lib/python3.12/site-packages/airflow/example_dags/example_task_group.py
[2024-05-25T22:02:29.468+0000] {logging_mixin.py:188} INFO - [2024-05-25T22:02:29.468+0000] {dag.py:3096} INFO - Sync 1 DAGs
[2024-05-25T22:02:29.499+0000] {logging_mixin.py:188} INFO - [2024-05-25T22:02:29.498+0000] {dag.py:3954} INFO - Setting next_dagrun for example_task_group to 2024-05-24 00:00:00+00:00, run_after=2024-05-25 00:00:00+00:00
[2024-05-25T22:02:29.517+0000] {processor.py:183} INFO - Processing /home/airflow/.local/lib/python3.12/site-packages/airflow/example_dags/example_task_group.py took 0.103 seconds
[2024-05-25T22:02:59.606+0000] {processor.py:161} INFO - Started process (PID=230) to work on /home/airflow/.local/lib/python3.12/site-packages/airflow/example_dags/example_task_group.py
[2024-05-25T22:02:59.611+0000] {processor.py:830} INFO - Processing file /home/airflow/.local/lib/python3.12/site-packages/airflow/example_dags/example_task_group.py for tasks to queue
[2024-05-25T22:02:59.613+0000] {logging_mixin.py:188} INFO - [2024-05-25T22:02:59.612+0000] {dagbag.py:545} INFO - Filling up the DagBag from /home/airflow/.local/lib/python3.12/site-packages/airflow/example_dags/example_task_group.py
[2024-05-25T22:02:59.620+0000] {processor.py:840} INFO - DAG(s) 'example_task_group' retrieved from /home/airflow/.local/lib/python3.12/site-packages/airflow/example_dags/example_task_group.py
[2024-05-25T22:02:59.645+0000] {logging_mixin.py:188} INFO - [2024-05-25T22:02:59.645+0000] {dag.py:3096} INFO - Sync 1 DAGs
[2024-05-25T22:02:59.675+0000] {logging_mixin.py:188} INFO - [2024-05-25T22:02:59.675+0000] {dag.py:3954} INFO - Setting next_dagrun for example_task_group to 2024-05-24 00:00:00+00:00, run_after=2024-05-25 00:00:00+00:00
[2024-05-25T22:02:59.695+0000] {processor.py:183} INFO - Processing /home/airflow/.local/lib/python3.12/site-packages/airflow/example_dags/example_task_group.py took 0.095 seconds
[2024-05-25T22:03:29.951+0000] {processor.py:161} INFO - Started process (PID=288) to work on /home/airflow/.local/lib/python3.12/site-packages/airflow/example_dags/example_task_group.py
[2024-05-25T22:03:29.952+0000] {processor.py:830} INFO - Processing file /home/airflow/.local/lib/python3.12/site-packages/airflow/example_dags/example_task_group.py for tasks to queue
[2024-05-25T22:03:29.954+0000] {logging_mixin.py:188} INFO - [2024-05-25T22:03:29.954+0000] {dagbag.py:545} INFO - Filling up the DagBag from /home/airflow/.local/lib/python3.12/site-packages/airflow/example_dags/example_task_group.py
[2024-05-25T22:03:29.962+0000] {processor.py:840} INFO - DAG(s) 'example_task_group' retrieved from /home/airflow/.local/lib/python3.12/site-packages/airflow/example_dags/example_task_group.py
[2024-05-25T22:03:29.989+0000] {logging_mixin.py:188} INFO - [2024-05-25T22:03:29.988+0000] {dag.py:3096} INFO - Sync 1 DAGs
[2024-05-25T22:03:30.014+0000] {logging_mixin.py:188} INFO - [2024-05-25T22:03:30.014+0000] {dag.py:3954} INFO - Setting next_dagrun for example_task_group to 2024-05-24 00:00:00+00:00, run_after=2024-05-25 00:00:00+00:00
[2024-05-25T22:03:30.033+0000] {processor.py:183} INFO - Processing /home/airflow/.local/lib/python3.12/site-packages/airflow/example_dags/example_task_group.py took 0.090 seconds
[2024-05-25T22:04:00.867+0000] {processor.py:161} INFO - Started process (PID=346) to work on /home/airflow/.local/lib/python3.12/site-packages/airflow/example_dags/example_task_group.py
[2024-05-25T22:04:00.868+0000] {processor.py:830} INFO - Processing file /home/airflow/.local/lib/python3.12/site-packages/airflow/example_dags/example_task_group.py for tasks to queue
[2024-05-25T22:04:00.870+0000] {logging_mixin.py:188} INFO - [2024-05-25T22:04:00.870+0000] {dagbag.py:545} INFO - Filling up the DagBag from /home/airflow/.local/lib/python3.12/site-packages/airflow/example_dags/example_task_group.py
[2024-05-25T22:04:00.878+0000] {processor.py:840} INFO - DAG(s) 'example_task_group' retrieved from /home/airflow/.local/lib/python3.12/site-packages/airflow/example_dags/example_task_group.py
[2024-05-25T22:04:00.905+0000] {logging_mixin.py:188} INFO - [2024-05-25T22:04:00.905+0000] {dag.py:3096} INFO - Sync 1 DAGs
[2024-05-25T22:04:00.934+0000] {logging_mixin.py:188} INFO - [2024-05-25T22:04:00.934+0000] {dag.py:3954} INFO - Setting next_dagrun for example_task_group to 2024-05-24 00:00:00+00:00, run_after=2024-05-25 00:00:00+00:00
[2024-05-25T22:04:00.972+0000] {processor.py:183} INFO - Processing /home/airflow/.local/lib/python3.12/site-packages/airflow/example_dags/example_task_group.py took 0.111 seconds
[2024-05-25T22:04:31.198+0000] {processor.py:161} INFO - Started process (PID=404) to work on /home/airflow/.local/lib/python3.12/site-packages/airflow/example_dags/example_task_group.py
[2024-05-25T22:04:31.199+0000] {processor.py:830} INFO - Processing file /home/airflow/.local/lib/python3.12/site-packages/airflow/example_dags/example_task_group.py for tasks to queue
[2024-05-25T22:04:31.202+0000] {logging_mixin.py:188} INFO - [2024-05-25T22:04:31.202+0000] {dagbag.py:545} INFO - Filling up the DagBag from /home/airflow/.local/lib/python3.12/site-packages/airflow/example_dags/example_task_group.py
[2024-05-25T22:04:31.211+0000] {processor.py:840} INFO - DAG(s) 'example_task_group' retrieved from /home/airflow/.local/lib/python3.12/site-packages/airflow/example_dags/example_task_group.py
[2024-05-25T22:04:31.238+0000] {logging_mixin.py:188} INFO - [2024-05-25T22:04:31.238+0000] {dag.py:3096} INFO - Sync 1 DAGs
[2024-05-25T22:04:31.264+0000] {logging_mixin.py:188} INFO - [2024-05-25T22:04:31.264+0000] {dag.py:3954} INFO - Setting next_dagrun for example_task_group to 2024-05-24 00:00:00+00:00, run_after=2024-05-25 00:00:00+00:00
[2024-05-25T22:04:31.288+0000] {processor.py:183} INFO - Processing /home/airflow/.local/lib/python3.12/site-packages/airflow/example_dags/example_task_group.py took 0.097 seconds
[2024-05-25T22:05:01.570+0000] {processor.py:161} INFO - Started process (PID=461) to work on /home/airflow/.local/lib/python3.12/site-packages/airflow/example_dags/example_task_group.py
[2024-05-25T22:05:01.571+0000] {processor.py:830} INFO - Processing file /home/airflow/.local/lib/python3.12/site-packages/airflow/example_dags/example_task_group.py for tasks to queue
[2024-05-25T22:05:01.573+0000] {logging_mixin.py:188} INFO - [2024-05-25T22:05:01.573+0000] {dagbag.py:545} INFO - Filling up the DagBag from /home/airflow/.local/lib/python3.12/site-packages/airflow/example_dags/example_task_group.py
[2024-05-25T22:05:01.582+0000] {processor.py:840} INFO - DAG(s) 'example_task_group' retrieved from /home/airflow/.local/lib/python3.12/site-packages/airflow/example_dags/example_task_group.py
[2024-05-25T22:05:01.615+0000] {logging_mixin.py:188} INFO - [2024-05-25T22:05:01.615+0000] {dag.py:3096} INFO - Sync 1 DAGs
[2024-05-25T22:05:01.645+0000] {logging_mixin.py:188} INFO - [2024-05-25T22:05:01.645+0000] {dag.py:3954} INFO - Setting next_dagrun for example_task_group to 2024-05-24 00:00:00+00:00, run_after=2024-05-25 00:00:00+00:00
[2024-05-25T22:05:01.668+0000] {processor.py:183} INFO - Processing /home/airflow/.local/lib/python3.12/site-packages/airflow/example_dags/example_task_group.py took 0.107 seconds
[2024-05-25T22:05:31.949+0000] {processor.py:161} INFO - Started process (PID=519) to work on /home/airflow/.local/lib/python3.12/site-packages/airflow/example_dags/example_task_group.py
[2024-05-25T22:05:31.950+0000] {processor.py:830} INFO - Processing file /home/airflow/.local/lib/python3.12/site-packages/airflow/example_dags/example_task_group.py for tasks to queue
[2024-05-25T22:05:31.952+0000] {logging_mixin.py:188} INFO - [2024-05-25T22:05:31.952+0000] {dagbag.py:545} INFO - Filling up the DagBag from /home/airflow/.local/lib/python3.12/site-packages/airflow/example_dags/example_task_group.py
[2024-05-25T22:05:31.960+0000] {processor.py:840} INFO - DAG(s) 'example_task_group' retrieved from /home/airflow/.local/lib/python3.12/site-packages/airflow/example_dags/example_task_group.py
[2024-05-25T22:05:31.989+0000] {logging_mixin.py:188} INFO - [2024-05-25T22:05:31.988+0000] {dag.py:3096} INFO - Sync 1 DAGs
[2024-05-25T22:05:32.018+0000] {logging_mixin.py:188} INFO - [2024-05-25T22:05:32.018+0000] {dag.py:3954} INFO - Setting next_dagrun for example_task_group to 2024-05-24 00:00:00+00:00, run_after=2024-05-25 00:00:00+00:00
[2024-05-25T22:05:32.042+0000] {processor.py:183} INFO - Processing /home/airflow/.local/lib/python3.12/site-packages/airflow/example_dags/example_task_group.py took 0.100 seconds
[2024-05-25T22:06:02.358+0000] {processor.py:161} INFO - Started process (PID=576) to work on /home/airflow/.local/lib/python3.12/site-packages/airflow/example_dags/example_task_group.py
[2024-05-25T22:06:02.359+0000] {processor.py:830} INFO - Processing file /home/airflow/.local/lib/python3.12/site-packages/airflow/example_dags/example_task_group.py for tasks to queue
[2024-05-25T22:06:02.362+0000] {logging_mixin.py:188} INFO - [2024-05-25T22:06:02.361+0000] {dagbag.py:545} INFO - Filling up the DagBag from /home/airflow/.local/lib/python3.12/site-packages/airflow/example_dags/example_task_group.py
[2024-05-25T22:06:02.371+0000] {processor.py:840} INFO - DAG(s) 'example_task_group' retrieved from /home/airflow/.local/lib/python3.12/site-packages/airflow/example_dags/example_task_group.py
[2024-05-25T22:06:02.414+0000] {logging_mixin.py:188} INFO - [2024-05-25T22:06:02.414+0000] {dag.py:3096} INFO - Sync 1 DAGs
[2024-05-25T22:06:02.439+0000] {logging_mixin.py:188} INFO - [2024-05-25T22:06:02.438+0000] {dag.py:3954} INFO - Setting next_dagrun for example_task_group to 2024-05-24 00:00:00+00:00, run_after=2024-05-25 00:00:00+00:00
[2024-05-25T22:06:02.461+0000] {processor.py:183} INFO - Processing /home/airflow/.local/lib/python3.12/site-packages/airflow/example_dags/example_task_group.py took 0.111 seconds
[2024-05-25T22:06:32.792+0000] {processor.py:161} INFO - Started process (PID=633) to work on /home/airflow/.local/lib/python3.12/site-packages/airflow/example_dags/example_task_group.py
[2024-05-25T22:06:32.793+0000] {processor.py:830} INFO - Processing file /home/airflow/.local/lib/python3.12/site-packages/airflow/example_dags/example_task_group.py for tasks to queue
[2024-05-25T22:06:32.795+0000] {logging_mixin.py:188} INFO - [2024-05-25T22:06:32.794+0000] {dagbag.py:545} INFO - Filling up the DagBag from /home/airflow/.local/lib/python3.12/site-packages/airflow/example_dags/example_task_group.py
[2024-05-25T22:06:32.802+0000] {processor.py:840} INFO - DAG(s) 'example_task_group' retrieved from /home/airflow/.local/lib/python3.12/site-packages/airflow/example_dags/example_task_group.py
[2024-05-25T22:06:32.834+0000] {logging_mixin.py:188} INFO - [2024-05-25T22:06:32.834+0000] {dag.py:3096} INFO - Sync 1 DAGs
[2024-05-25T22:06:32.862+0000] {logging_mixin.py:188} INFO - [2024-05-25T22:06:32.862+0000] {dag.py:3954} INFO - Setting next_dagrun for example_task_group to 2024-05-24 00:00:00+00:00, run_after=2024-05-25 00:00:00+00:00
[2024-05-25T22:06:32.888+0000] {processor.py:183} INFO - Processing /home/airflow/.local/lib/python3.12/site-packages/airflow/example_dags/example_task_group.py took 0.102 seconds
[2024-05-25T22:07:03.148+0000] {processor.py:161} INFO - Started process (PID=690) to work on /home/airflow/.local/lib/python3.12/site-packages/airflow/example_dags/example_task_group.py
[2024-05-25T22:07:03.150+0000] {processor.py:830} INFO - Processing file /home/airflow/.local/lib/python3.12/site-packages/airflow/example_dags/example_task_group.py for tasks to queue
[2024-05-25T22:07:03.153+0000] {logging_mixin.py:188} INFO - [2024-05-25T22:07:03.152+0000] {dagbag.py:545} INFO - Filling up the DagBag from /home/airflow/.local/lib/python3.12/site-packages/airflow/example_dags/example_task_group.py
[2024-05-25T22:07:03.163+0000] {processor.py:840} INFO - DAG(s) 'example_task_group' retrieved from /home/airflow/.local/lib/python3.12/site-packages/airflow/example_dags/example_task_group.py
[2024-05-25T22:07:03.187+0000] {logging_mixin.py:188} INFO - [2024-05-25T22:07:03.187+0000] {dag.py:3096} INFO - Sync 1 DAGs
[2024-05-25T22:07:03.215+0000] {logging_mixin.py:188} INFO - [2024-05-25T22:07:03.215+0000] {dag.py:3954} INFO - Setting next_dagrun for example_task_group to 2024-05-24 00:00:00+00:00, run_after=2024-05-25 00:00:00+00:00
[2024-05-25T22:07:03.241+0000] {processor.py:183} INFO - Processing /home/airflow/.local/lib/python3.12/site-packages/airflow/example_dags/example_task_group.py took 0.108 seconds
[2024-05-25T22:07:33.778+0000] {processor.py:161} INFO - Started process (PID=748) to work on /home/airflow/.local/lib/python3.12/site-packages/airflow/example_dags/example_task_group.py
[2024-05-25T22:07:33.779+0000] {processor.py:830} INFO - Processing file /home/airflow/.local/lib/python3.12/site-packages/airflow/example_dags/example_task_group.py for tasks to queue
[2024-05-25T22:07:33.782+0000] {logging_mixin.py:188} INFO - [2024-05-25T22:07:33.782+0000] {dagbag.py:545} INFO - Filling up the DagBag from /home/airflow/.local/lib/python3.12/site-packages/airflow/example_dags/example_task_group.py
[2024-05-25T22:07:33.791+0000] {processor.py:840} INFO - DAG(s) 'example_task_group' retrieved from /home/airflow/.local/lib/python3.12/site-packages/airflow/example_dags/example_task_group.py
[2024-05-25T22:07:33.824+0000] {logging_mixin.py:188} INFO - [2024-05-25T22:07:33.824+0000] {dag.py:3096} INFO - Sync 1 DAGs
[2024-05-25T22:07:33.849+0000] {logging_mixin.py:188} INFO - [2024-05-25T22:07:33.849+0000] {dag.py:3954} INFO - Setting next_dagrun for example_task_group to 2024-05-24 00:00:00+00:00, run_after=2024-05-25 00:00:00+00:00
[2024-05-25T22:07:33.869+0000] {processor.py:183} INFO - Processing /home/airflow/.local/lib/python3.12/site-packages/airflow/example_dags/example_task_group.py took 0.098 seconds
[2024-05-25T22:08:04.100+0000] {processor.py:161} INFO - Started process (PID=806) to work on /home/airflow/.local/lib/python3.12/site-packages/airflow/example_dags/example_task_group.py
[2024-05-25T22:08:04.101+0000] {processor.py:830} INFO - Processing file /home/airflow/.local/lib/python3.12/site-packages/airflow/example_dags/example_task_group.py for tasks to queue
[2024-05-25T22:08:04.103+0000] {logging_mixin.py:188} INFO - [2024-05-25T22:08:04.103+0000] {dagbag.py:545} INFO - Filling up the DagBag from /home/airflow/.local/lib/python3.12/site-packages/airflow/example_dags/example_task_group.py
[2024-05-25T22:08:04.111+0000] {processor.py:840} INFO - DAG(s) 'example_task_group' retrieved from /home/airflow/.local/lib/python3.12/site-packages/airflow/example_dags/example_task_group.py
[2024-05-25T22:08:04.135+0000] {logging_mixin.py:188} INFO - [2024-05-25T22:08:04.135+0000] {dag.py:3096} INFO - Sync 1 DAGs
[2024-05-25T22:08:04.163+0000] {logging_mixin.py:188} INFO - [2024-05-25T22:08:04.163+0000] {dag.py:3954} INFO - Setting next_dagrun for example_task_group to 2024-05-24 00:00:00+00:00, run_after=2024-05-25 00:00:00+00:00
[2024-05-25T22:08:04.183+0000] {processor.py:183} INFO - Processing /home/airflow/.local/lib/python3.12/site-packages/airflow/example_dags/example_task_group.py took 0.089 seconds
[2024-05-25T22:08:34.421+0000] {processor.py:161} INFO - Started process (PID=864) to work on /home/airflow/.local/lib/python3.12/site-packages/airflow/example_dags/example_task_group.py
[2024-05-25T22:08:34.422+0000] {processor.py:830} INFO - Processing file /home/airflow/.local/lib/python3.12/site-packages/airflow/example_dags/example_task_group.py for tasks to queue
[2024-05-25T22:08:34.424+0000] {logging_mixin.py:188} INFO - [2024-05-25T22:08:34.424+0000] {dagbag.py:545} INFO - Filling up the DagBag from /home/airflow/.local/lib/python3.12/site-packages/airflow/example_dags/example_task_group.py
[2024-05-25T22:08:34.432+0000] {processor.py:840} INFO - DAG(s) 'example_task_group' retrieved from /home/airflow/.local/lib/python3.12/site-packages/airflow/example_dags/example_task_group.py
[2024-05-25T22:08:34.474+0000] {logging_mixin.py:188} INFO - [2024-05-25T22:08:34.473+0000] {dag.py:3096} INFO - Sync 1 DAGs
[2024-05-25T22:08:34.504+0000] {logging_mixin.py:188} INFO - [2024-05-25T22:08:34.503+0000] {dag.py:3954} INFO - Setting next_dagrun for example_task_group to 2024-05-24 00:00:00+00:00, run_after=2024-05-25 00:00:00+00:00
[2024-05-25T22:08:34.533+0000] {processor.py:183} INFO - Processing /home/airflow/.local/lib/python3.12/site-packages/airflow/example_dags/example_task_group.py took 0.119 seconds
[2024-05-25T22:09:05.757+0000] {processor.py:161} INFO - Started process (PID=922) to work on /home/airflow/.local/lib/python3.12/site-packages/airflow/example_dags/example_task_group.py
[2024-05-25T22:09:05.758+0000] {processor.py:830} INFO - Processing file /home/airflow/.local/lib/python3.12/site-packages/airflow/example_dags/example_task_group.py for tasks to queue
[2024-05-25T22:09:05.760+0000] {logging_mixin.py:188} INFO - [2024-05-25T22:09:05.760+0000] {dagbag.py:545} INFO - Filling up the DagBag from /home/airflow/.local/lib/python3.12/site-packages/airflow/example_dags/example_task_group.py
[2024-05-25T22:09:05.770+0000] {processor.py:840} INFO - DAG(s) 'example_task_group' retrieved from /home/airflow/.local/lib/python3.12/site-packages/airflow/example_dags/example_task_group.py
[2024-05-25T22:09:05.795+0000] {logging_mixin.py:188} INFO - [2024-05-25T22:09:05.795+0000] {dag.py:3096} INFO - Sync 1 DAGs
[2024-05-25T22:09:05.819+0000] {logging_mixin.py:188} INFO - [2024-05-25T22:09:05.819+0000] {dag.py:3954} INFO - Setting next_dagrun for example_task_group to 2024-05-24 00:00:00+00:00, run_after=2024-05-25 00:00:00+00:00
[2024-05-25T22:09:05.841+0000] {processor.py:183} INFO - Processing /home/airflow/.local/lib/python3.12/site-packages/airflow/example_dags/example_task_group.py took 0.092 seconds
[2024-05-25T22:09:36.798+0000] {processor.py:161} INFO - Started process (PID=979) to work on /home/airflow/.local/lib/python3.12/site-packages/airflow/example_dags/example_task_group.py
[2024-05-25T22:09:36.799+0000] {processor.py:830} INFO - Processing file /home/airflow/.local/lib/python3.12/site-packages/airflow/example_dags/example_task_group.py for tasks to queue
[2024-05-25T22:09:36.801+0000] {logging_mixin.py:188} INFO - [2024-05-25T22:09:36.800+0000] {dagbag.py:545} INFO - Filling up the DagBag from /home/airflow/.local/lib/python3.12/site-packages/airflow/example_dags/example_task_group.py
[2024-05-25T22:09:36.809+0000] {processor.py:840} INFO - DAG(s) 'example_task_group' retrieved from /home/airflow/.local/lib/python3.12/site-packages/airflow/example_dags/example_task_group.py
[2024-05-25T22:09:36.836+0000] {logging_mixin.py:188} INFO - [2024-05-25T22:09:36.835+0000] {dag.py:3096} INFO - Sync 1 DAGs
[2024-05-25T22:09:36.863+0000] {logging_mixin.py:188} INFO - [2024-05-25T22:09:36.862+0000] {dag.py:3954} INFO - Setting next_dagrun for example_task_group to 2024-05-24 00:00:00+00:00, run_after=2024-05-25 00:00:00+00:00
[2024-05-25T22:09:36.884+0000] {processor.py:183} INFO - Processing /home/airflow/.local/lib/python3.12/site-packages/airflow/example_dags/example_task_group.py took 0.092 seconds
[2024-05-25T22:10:07.508+0000] {processor.py:161} INFO - Started process (PID=1043) to work on /home/airflow/.local/lib/python3.12/site-packages/airflow/example_dags/example_task_group.py
[2024-05-25T22:10:07.509+0000] {processor.py:830} INFO - Processing file /home/airflow/.local/lib/python3.12/site-packages/airflow/example_dags/example_task_group.py for tasks to queue
[2024-05-25T22:10:07.512+0000] {logging_mixin.py:188} INFO - [2024-05-25T22:10:07.512+0000] {dagbag.py:545} INFO - Filling up the DagBag from /home/airflow/.local/lib/python3.12/site-packages/airflow/example_dags/example_task_group.py
[2024-05-25T22:10:07.523+0000] {processor.py:840} INFO - DAG(s) 'example_task_group' retrieved from /home/airflow/.local/lib/python3.12/site-packages/airflow/example_dags/example_task_group.py
[2024-05-25T22:10:07.551+0000] {logging_mixin.py:188} INFO - [2024-05-25T22:10:07.550+0000] {dag.py:3096} INFO - Sync 1 DAGs
[2024-05-25T22:10:07.578+0000] {logging_mixin.py:188} INFO - [2024-05-25T22:10:07.578+0000] {dag.py:3954} INFO - Setting next_dagrun for example_task_group to 2024-05-24 00:00:00+00:00, run_after=2024-05-25 00:00:00+00:00
[2024-05-25T22:10:07.599+0000] {processor.py:183} INFO - Processing /home/airflow/.local/lib/python3.12/site-packages/airflow/example_dags/example_task_group.py took 0.098 seconds
[2024-05-25T22:10:37.962+0000] {processor.py:161} INFO - Started process (PID=1100) to work on /home/airflow/.local/lib/python3.12/site-packages/airflow/example_dags/example_task_group.py
[2024-05-25T22:10:37.964+0000] {processor.py:830} INFO - Processing file /home/airflow/.local/lib/python3.12/site-packages/airflow/example_dags/example_task_group.py for tasks to queue
[2024-05-25T22:10:37.968+0000] {logging_mixin.py:188} INFO - [2024-05-25T22:10:37.967+0000] {dagbag.py:545} INFO - Filling up the DagBag from /home/airflow/.local/lib/python3.12/site-packages/airflow/example_dags/example_task_group.py
[2024-05-25T22:10:37.976+0000] {processor.py:840} INFO - DAG(s) 'example_task_group' retrieved from /home/airflow/.local/lib/python3.12/site-packages/airflow/example_dags/example_task_group.py
[2024-05-25T22:10:38.001+0000] {logging_mixin.py:188} INFO - [2024-05-25T22:10:38.001+0000] {dag.py:3096} INFO - Sync 1 DAGs
[2024-05-25T22:10:38.025+0000] {logging_mixin.py:188} INFO - [2024-05-25T22:10:38.025+0000] {dag.py:3954} INFO - Setting next_dagrun for example_task_group to 2024-05-24 00:00:00+00:00, run_after=2024-05-25 00:00:00+00:00
[2024-05-25T22:10:38.048+0000] {processor.py:183} INFO - Processing /home/airflow/.local/lib/python3.12/site-packages/airflow/example_dags/example_task_group.py took 0.103 seconds
[2024-05-25T22:11:08.235+0000] {processor.py:161} INFO - Started process (PID=1157) to work on /home/airflow/.local/lib/python3.12/site-packages/airflow/example_dags/example_task_group.py
[2024-05-25T22:11:08.236+0000] {processor.py:830} INFO - Processing file /home/airflow/.local/lib/python3.12/site-packages/airflow/example_dags/example_task_group.py for tasks to queue
[2024-05-25T22:11:08.238+0000] {logging_mixin.py:188} INFO - [2024-05-25T22:11:08.238+0000] {dagbag.py:545} INFO - Filling up the DagBag from /home/airflow/.local/lib/python3.12/site-packages/airflow/example_dags/example_task_group.py
[2024-05-25T22:11:08.246+0000] {processor.py:840} INFO - DAG(s) 'example_task_group' retrieved from /home/airflow/.local/lib/python3.12/site-packages/airflow/example_dags/example_task_group.py
[2024-05-25T22:11:08.276+0000] {logging_mixin.py:188} INFO - [2024-05-25T22:11:08.276+0000] {dag.py:3096} INFO - Sync 1 DAGs
[2024-05-25T22:11:08.306+0000] {logging_mixin.py:188} INFO - [2024-05-25T22:11:08.306+0000] {dag.py:3954} INFO - Setting next_dagrun for example_task_group to 2024-05-24 00:00:00+00:00, run_after=2024-05-25 00:00:00+00:00
[2024-05-25T22:11:08.330+0000] {processor.py:183} INFO - Processing /home/airflow/.local/lib/python3.12/site-packages/airflow/example_dags/example_task_group.py took 0.101 seconds
[2024-05-25T22:11:38.872+0000] {processor.py:161} INFO - Started process (PID=1215) to work on /home/airflow/.local/lib/python3.12/site-packages/airflow/example_dags/example_task_group.py
[2024-05-25T22:11:38.873+0000] {processor.py:830} INFO - Processing file /home/airflow/.local/lib/python3.12/site-packages/airflow/example_dags/example_task_group.py for tasks to queue
[2024-05-25T22:11:38.876+0000] {logging_mixin.py:188} INFO - [2024-05-25T22:11:38.875+0000] {dagbag.py:545} INFO - Filling up the DagBag from /home/airflow/.local/lib/python3.12/site-packages/airflow/example_dags/example_task_group.py
[2024-05-25T22:11:38.884+0000] {processor.py:840} INFO - DAG(s) 'example_task_group' retrieved from /home/airflow/.local/lib/python3.12/site-packages/airflow/example_dags/example_task_group.py
[2024-05-25T22:11:38.919+0000] {logging_mixin.py:188} INFO - [2024-05-25T22:11:38.919+0000] {dag.py:3096} INFO - Sync 1 DAGs
[2024-05-25T22:11:38.945+0000] {logging_mixin.py:188} INFO - [2024-05-25T22:11:38.944+0000] {dag.py:3954} INFO - Setting next_dagrun for example_task_group to 2024-05-24 00:00:00+00:00, run_after=2024-05-25 00:00:00+00:00
[2024-05-25T22:11:38.969+0000] {processor.py:183} INFO - Processing /home/airflow/.local/lib/python3.12/site-packages/airflow/example_dags/example_task_group.py took 0.105 seconds
[2024-05-25T22:12:09.515+0000] {processor.py:161} INFO - Started process (PID=1272) to work on /home/airflow/.local/lib/python3.12/site-packages/airflow/example_dags/example_task_group.py
[2024-05-25T22:12:09.516+0000] {processor.py:830} INFO - Processing file /home/airflow/.local/lib/python3.12/site-packages/airflow/example_dags/example_task_group.py for tasks to queue
[2024-05-25T22:12:09.518+0000] {logging_mixin.py:188} INFO - [2024-05-25T22:12:09.517+0000] {dagbag.py:545} INFO - Filling up the DagBag from /home/airflow/.local/lib/python3.12/site-packages/airflow/example_dags/example_task_group.py
[2024-05-25T22:12:09.526+0000] {processor.py:840} INFO - DAG(s) 'example_task_group' retrieved from /home/airflow/.local/lib/python3.12/site-packages/airflow/example_dags/example_task_group.py
[2024-05-25T22:12:09.554+0000] {logging_mixin.py:188} INFO - [2024-05-25T22:12:09.553+0000] {dag.py:3096} INFO - Sync 1 DAGs
[2024-05-25T22:12:09.582+0000] {logging_mixin.py:188} INFO - [2024-05-25T22:12:09.581+0000] {dag.py:3954} INFO - Setting next_dagrun for example_task_group to 2024-05-24 00:00:00+00:00, run_after=2024-05-25 00:00:00+00:00
[2024-05-25T22:12:09.606+0000] {processor.py:183} INFO - Processing /home/airflow/.local/lib/python3.12/site-packages/airflow/example_dags/example_task_group.py took 0.099 seconds
[2024-05-25T22:12:39.982+0000] {processor.py:161} INFO - Started process (PID=1329) to work on /home/airflow/.local/lib/python3.12/site-packages/airflow/example_dags/example_task_group.py
[2024-05-25T22:12:39.983+0000] {processor.py:830} INFO - Processing file /home/airflow/.local/lib/python3.12/site-packages/airflow/example_dags/example_task_group.py for tasks to queue
[2024-05-25T22:12:39.985+0000] {logging_mixin.py:188} INFO - [2024-05-25T22:12:39.984+0000] {dagbag.py:545} INFO - Filling up the DagBag from /home/airflow/.local/lib/python3.12/site-packages/airflow/example_dags/example_task_group.py
[2024-05-25T22:12:39.994+0000] {processor.py:840} INFO - DAG(s) 'example_task_group' retrieved from /home/airflow/.local/lib/python3.12/site-packages/airflow/example_dags/example_task_group.py
[2024-05-25T22:12:40.024+0000] {logging_mixin.py:188} INFO - [2024-05-25T22:12:40.024+0000] {dag.py:3096} INFO - Sync 1 DAGs
[2024-05-25T22:12:40.053+0000] {logging_mixin.py:188} INFO - [2024-05-25T22:12:40.053+0000] {dag.py:3954} INFO - Setting next_dagrun for example_task_group to 2024-05-24 00:00:00+00:00, run_after=2024-05-25 00:00:00+00:00
[2024-05-25T22:12:40.076+0000] {processor.py:183} INFO - Processing /home/airflow/.local/lib/python3.12/site-packages/airflow/example_dags/example_task_group.py took 0.101 seconds
[2024-05-25T22:13:10.708+0000] {processor.py:161} INFO - Started process (PID=1403) to work on /home/airflow/.local/lib/python3.12/site-packages/airflow/example_dags/example_task_group.py
[2024-05-25T22:13:10.710+0000] {processor.py:830} INFO - Processing file /home/airflow/.local/lib/python3.12/site-packages/airflow/example_dags/example_task_group.py for tasks to queue
[2024-05-25T22:13:10.712+0000] {logging_mixin.py:188} INFO - [2024-05-25T22:13:10.712+0000] {dagbag.py:545} INFO - Filling up the DagBag from /home/airflow/.local/lib/python3.12/site-packages/airflow/example_dags/example_task_group.py
[2024-05-25T22:13:10.721+0000] {processor.py:840} INFO - DAG(s) 'example_task_group' retrieved from /home/airflow/.local/lib/python3.12/site-packages/airflow/example_dags/example_task_group.py
[2024-05-25T22:13:10.751+0000] {logging_mixin.py:188} INFO - [2024-05-25T22:13:10.751+0000] {dag.py:3096} INFO - Sync 1 DAGs
[2024-05-25T22:13:10.786+0000] {logging_mixin.py:188} INFO - [2024-05-25T22:13:10.786+0000] {dag.py:3954} INFO - Setting next_dagrun for example_task_group to 2024-05-24 00:00:00+00:00, run_after=2024-05-25 00:00:00+00:00
[2024-05-25T22:13:10.808+0000] {processor.py:183} INFO - Processing /home/airflow/.local/lib/python3.12/site-packages/airflow/example_dags/example_task_group.py took 0.107 seconds
[2024-05-25T22:13:41.042+0000] {processor.py:161} INFO - Started process (PID=1461) to work on /home/airflow/.local/lib/python3.12/site-packages/airflow/example_dags/example_task_group.py
[2024-05-25T22:13:41.044+0000] {processor.py:830} INFO - Processing file /home/airflow/.local/lib/python3.12/site-packages/airflow/example_dags/example_task_group.py for tasks to queue
[2024-05-25T22:13:41.046+0000] {logging_mixin.py:188} INFO - [2024-05-25T22:13:41.046+0000] {dagbag.py:545} INFO - Filling up the DagBag from /home/airflow/.local/lib/python3.12/site-packages/airflow/example_dags/example_task_group.py
[2024-05-25T22:13:41.056+0000] {processor.py:840} INFO - DAG(s) 'example_task_group' retrieved from /home/airflow/.local/lib/python3.12/site-packages/airflow/example_dags/example_task_group.py
[2024-05-25T22:13:41.081+0000] {logging_mixin.py:188} INFO - [2024-05-25T22:13:41.081+0000] {dag.py:3096} INFO - Sync 1 DAGs
[2024-05-25T22:13:41.109+0000] {logging_mixin.py:188} INFO - [2024-05-25T22:13:41.109+0000] {dag.py:3954} INFO - Setting next_dagrun for example_task_group to 2024-05-24 00:00:00+00:00, run_after=2024-05-25 00:00:00+00:00
[2024-05-25T22:13:41.135+0000] {processor.py:183} INFO - Processing /home/airflow/.local/lib/python3.12/site-packages/airflow/example_dags/example_task_group.py took 0.101 seconds
[2024-05-25T22:14:11.335+0000] {processor.py:161} INFO - Started process (PID=1519) to work on /home/airflow/.local/lib/python3.12/site-packages/airflow/example_dags/example_task_group.py
[2024-05-25T22:14:11.336+0000] {processor.py:830} INFO - Processing file /home/airflow/.local/lib/python3.12/site-packages/airflow/example_dags/example_task_group.py for tasks to queue
[2024-05-25T22:14:11.339+0000] {logging_mixin.py:188} INFO - [2024-05-25T22:14:11.338+0000] {dagbag.py:545} INFO - Filling up the DagBag from /home/airflow/.local/lib/python3.12/site-packages/airflow/example_dags/example_task_group.py
[2024-05-25T22:14:11.348+0000] {processor.py:840} INFO - DAG(s) 'example_task_group' retrieved from /home/airflow/.local/lib/python3.12/site-packages/airflow/example_dags/example_task_group.py
[2024-05-25T22:14:11.381+0000] {logging_mixin.py:188} INFO - [2024-05-25T22:14:11.381+0000] {dag.py:3096} INFO - Sync 1 DAGs
[2024-05-25T22:14:11.412+0000] {logging_mixin.py:188} INFO - [2024-05-25T22:14:11.412+0000] {dag.py:3954} INFO - Setting next_dagrun for example_task_group to 2024-05-24 00:00:00+00:00, run_after=2024-05-25 00:00:00+00:00
[2024-05-25T22:14:11.434+0000] {processor.py:183} INFO - Processing /home/airflow/.local/lib/python3.12/site-packages/airflow/example_dags/example_task_group.py took 0.106 seconds
[2024-05-25T22:14:41.831+0000] {processor.py:161} INFO - Started process (PID=1578) to work on /home/airflow/.local/lib/python3.12/site-packages/airflow/example_dags/example_task_group.py
[2024-05-25T22:14:41.832+0000] {processor.py:830} INFO - Processing file /home/airflow/.local/lib/python3.12/site-packages/airflow/example_dags/example_task_group.py for tasks to queue
[2024-05-25T22:14:41.834+0000] {logging_mixin.py:188} INFO - [2024-05-25T22:14:41.834+0000] {dagbag.py:545} INFO - Filling up the DagBag from /home/airflow/.local/lib/python3.12/site-packages/airflow/example_dags/example_task_group.py
[2024-05-25T22:14:41.843+0000] {processor.py:840} INFO - DAG(s) 'example_task_group' retrieved from /home/airflow/.local/lib/python3.12/site-packages/airflow/example_dags/example_task_group.py
[2024-05-25T22:14:41.868+0000] {logging_mixin.py:188} INFO - [2024-05-25T22:14:41.867+0000] {dag.py:3096} INFO - Sync 1 DAGs
[2024-05-25T22:14:41.895+0000] {logging_mixin.py:188} INFO - [2024-05-25T22:14:41.895+0000] {dag.py:3954} INFO - Setting next_dagrun for example_task_group to 2024-05-24 00:00:00+00:00, run_after=2024-05-25 00:00:00+00:00
[2024-05-25T22:14:41.918+0000] {processor.py:183} INFO - Processing /home/airflow/.local/lib/python3.12/site-packages/airflow/example_dags/example_task_group.py took 0.099 seconds
[2024-05-25T22:15:12.285+0000] {processor.py:161} INFO - Started process (PID=1636) to work on /home/airflow/.local/lib/python3.12/site-packages/airflow/example_dags/example_task_group.py
[2024-05-25T22:15:12.286+0000] {processor.py:830} INFO - Processing file /home/airflow/.local/lib/python3.12/site-packages/airflow/example_dags/example_task_group.py for tasks to queue
[2024-05-25T22:15:12.289+0000] {logging_mixin.py:188} INFO - [2024-05-25T22:15:12.288+0000] {dagbag.py:545} INFO - Filling up the DagBag from /home/airflow/.local/lib/python3.12/site-packages/airflow/example_dags/example_task_group.py
[2024-05-25T22:15:12.298+0000] {processor.py:840} INFO - DAG(s) 'example_task_group' retrieved from /home/airflow/.local/lib/python3.12/site-packages/airflow/example_dags/example_task_group.py
[2024-05-25T22:15:12.322+0000] {logging_mixin.py:188} INFO - [2024-05-25T22:15:12.322+0000] {dag.py:3096} INFO - Sync 1 DAGs
[2024-05-25T22:15:12.350+0000] {logging_mixin.py:188} INFO - [2024-05-25T22:15:12.349+0000] {dag.py:3954} INFO - Setting next_dagrun for example_task_group to 2024-05-24 00:00:00+00:00, run_after=2024-05-25 00:00:00+00:00
[2024-05-25T22:15:12.375+0000] {processor.py:183} INFO - Processing /home/airflow/.local/lib/python3.12/site-packages/airflow/example_dags/example_task_group.py took 0.097 seconds
[2024-05-25T22:15:42.816+0000] {processor.py:161} INFO - Started process (PID=1694) to work on /home/airflow/.local/lib/python3.12/site-packages/airflow/example_dags/example_task_group.py
[2024-05-25T22:15:42.817+0000] {processor.py:830} INFO - Processing file /home/airflow/.local/lib/python3.12/site-packages/airflow/example_dags/example_task_group.py for tasks to queue
[2024-05-25T22:15:42.819+0000] {logging_mixin.py:188} INFO - [2024-05-25T22:15:42.818+0000] {dagbag.py:545} INFO - Filling up the DagBag from /home/airflow/.local/lib/python3.12/site-packages/airflow/example_dags/example_task_group.py
[2024-05-25T22:15:42.827+0000] {processor.py:840} INFO - DAG(s) 'example_task_group' retrieved from /home/airflow/.local/lib/python3.12/site-packages/airflow/example_dags/example_task_group.py
[2024-05-25T22:15:42.851+0000] {logging_mixin.py:188} INFO - [2024-05-25T22:15:42.851+0000] {dag.py:3096} INFO - Sync 1 DAGs
[2024-05-25T22:15:42.877+0000] {logging_mixin.py:188} INFO - [2024-05-25T22:15:42.877+0000] {dag.py:3954} INFO - Setting next_dagrun for example_task_group to 2024-05-24 00:00:00+00:00, run_after=2024-05-25 00:00:00+00:00
[2024-05-25T22:15:42.903+0000] {processor.py:183} INFO - Processing /home/airflow/.local/lib/python3.12/site-packages/airflow/example_dags/example_task_group.py took 0.094 seconds
[2024-05-25T22:16:14.239+0000] {processor.py:161} INFO - Started process (PID=1752) to work on /home/airflow/.local/lib/python3.12/site-packages/airflow/example_dags/example_task_group.py
[2024-05-25T22:16:14.242+0000] {processor.py:830} INFO - Processing file /home/airflow/.local/lib/python3.12/site-packages/airflow/example_dags/example_task_group.py for tasks to queue
[2024-05-25T22:16:14.247+0000] {logging_mixin.py:188} INFO - [2024-05-25T22:16:14.246+0000] {dagbag.py:545} INFO - Filling up the DagBag from /home/airflow/.local/lib/python3.12/site-packages/airflow/example_dags/example_task_group.py
[2024-05-25T22:16:14.256+0000] {processor.py:840} INFO - DAG(s) 'example_task_group' retrieved from /home/airflow/.local/lib/python3.12/site-packages/airflow/example_dags/example_task_group.py
[2024-05-25T22:16:14.282+0000] {logging_mixin.py:188} INFO - [2024-05-25T22:16:14.282+0000] {dag.py:3096} INFO - Sync 1 DAGs
[2024-05-25T22:16:14.438+0000] {logging_mixin.py:188} INFO - [2024-05-25T22:16:14.438+0000] {dag.py:3954} INFO - Setting next_dagrun for example_task_group to 2024-05-24 00:00:00+00:00, run_after=2024-05-25 00:00:00+00:00
[2024-05-25T22:16:14.463+0000] {processor.py:183} INFO - Processing /home/airflow/.local/lib/python3.12/site-packages/airflow/example_dags/example_task_group.py took 0.238 seconds
[2024-05-25T22:16:45.015+0000] {processor.py:161} INFO - Started process (PID=1810) to work on /home/airflow/.local/lib/python3.12/site-packages/airflow/example_dags/example_task_group.py
[2024-05-25T22:16:45.016+0000] {processor.py:830} INFO - Processing file /home/airflow/.local/lib/python3.12/site-packages/airflow/example_dags/example_task_group.py for tasks to queue
[2024-05-25T22:16:45.019+0000] {logging_mixin.py:188} INFO - [2024-05-25T22:16:45.019+0000] {dagbag.py:545} INFO - Filling up the DagBag from /home/airflow/.local/lib/python3.12/site-packages/airflow/example_dags/example_task_group.py
[2024-05-25T22:16:45.027+0000] {processor.py:840} INFO - DAG(s) 'example_task_group' retrieved from /home/airflow/.local/lib/python3.12/site-packages/airflow/example_dags/example_task_group.py
[2024-05-25T22:16:45.062+0000] {logging_mixin.py:188} INFO - [2024-05-25T22:16:45.062+0000] {dag.py:3096} INFO - Sync 1 DAGs
[2024-05-25T22:16:45.215+0000] {logging_mixin.py:188} INFO - [2024-05-25T22:16:45.214+0000] {dag.py:3954} INFO - Setting next_dagrun for example_task_group to 2024-05-24 00:00:00+00:00, run_after=2024-05-25 00:00:00+00:00
[2024-05-25T22:16:45.237+0000] {processor.py:183} INFO - Processing /home/airflow/.local/lib/python3.12/site-packages/airflow/example_dags/example_task_group.py took 0.228 seconds
[2024-05-25T22:17:15.359+0000] {processor.py:161} INFO - Started process (PID=1868) to work on /home/airflow/.local/lib/python3.12/site-packages/airflow/example_dags/example_task_group.py
[2024-05-25T22:17:15.361+0000] {processor.py:830} INFO - Processing file /home/airflow/.local/lib/python3.12/site-packages/airflow/example_dags/example_task_group.py for tasks to queue
[2024-05-25T22:17:15.366+0000] {logging_mixin.py:188} INFO - [2024-05-25T22:17:15.365+0000] {dagbag.py:545} INFO - Filling up the DagBag from /home/airflow/.local/lib/python3.12/site-packages/airflow/example_dags/example_task_group.py
[2024-05-25T22:17:15.383+0000] {processor.py:840} INFO - DAG(s) 'example_task_group' retrieved from /home/airflow/.local/lib/python3.12/site-packages/airflow/example_dags/example_task_group.py
[2024-05-25T22:17:15.409+0000] {logging_mixin.py:188} INFO - [2024-05-25T22:17:15.408+0000] {dag.py:3096} INFO - Sync 1 DAGs
[2024-05-25T22:17:15.569+0000] {logging_mixin.py:188} INFO - [2024-05-25T22:17:15.569+0000] {dag.py:3954} INFO - Setting next_dagrun for example_task_group to 2024-05-24 00:00:00+00:00, run_after=2024-05-25 00:00:00+00:00
[2024-05-25T22:17:15.592+0000] {processor.py:183} INFO - Processing /home/airflow/.local/lib/python3.12/site-packages/airflow/example_dags/example_task_group.py took 0.248 seconds
[2024-05-25T22:17:46.408+0000] {processor.py:161} INFO - Started process (PID=1926) to work on /home/airflow/.local/lib/python3.12/site-packages/airflow/example_dags/example_task_group.py
[2024-05-25T22:17:46.410+0000] {processor.py:830} INFO - Processing file /home/airflow/.local/lib/python3.12/site-packages/airflow/example_dags/example_task_group.py for tasks to queue
[2024-05-25T22:17:46.416+0000] {logging_mixin.py:188} INFO - [2024-05-25T22:17:46.415+0000] {dagbag.py:545} INFO - Filling up the DagBag from /home/airflow/.local/lib/python3.12/site-packages/airflow/example_dags/example_task_group.py
[2024-05-25T22:17:46.425+0000] {processor.py:840} INFO - DAG(s) 'example_task_group' retrieved from /home/airflow/.local/lib/python3.12/site-packages/airflow/example_dags/example_task_group.py
[2024-05-25T22:17:46.449+0000] {logging_mixin.py:188} INFO - [2024-05-25T22:17:46.449+0000] {dag.py:3096} INFO - Sync 1 DAGs
[2024-05-25T22:17:46.473+0000] {logging_mixin.py:188} INFO - [2024-05-25T22:17:46.473+0000] {dag.py:3954} INFO - Setting next_dagrun for example_task_group to 2024-05-24 00:00:00+00:00, run_after=2024-05-25 00:00:00+00:00
[2024-05-25T22:17:46.493+0000] {processor.py:183} INFO - Processing /home/airflow/.local/lib/python3.12/site-packages/airflow/example_dags/example_task_group.py took 0.101 seconds
[2024-05-25T22:18:16.625+0000] {processor.py:161} INFO - Started process (PID=1984) to work on /home/airflow/.local/lib/python3.12/site-packages/airflow/example_dags/example_task_group.py
[2024-05-25T22:18:16.627+0000] {processor.py:830} INFO - Processing file /home/airflow/.local/lib/python3.12/site-packages/airflow/example_dags/example_task_group.py for tasks to queue
[2024-05-25T22:18:16.632+0000] {logging_mixin.py:188} INFO - [2024-05-25T22:18:16.631+0000] {dagbag.py:545} INFO - Filling up the DagBag from /home/airflow/.local/lib/python3.12/site-packages/airflow/example_dags/example_task_group.py
[2024-05-25T22:18:16.642+0000] {processor.py:840} INFO - DAG(s) 'example_task_group' retrieved from /home/airflow/.local/lib/python3.12/site-packages/airflow/example_dags/example_task_group.py
[2024-05-25T22:18:16.670+0000] {logging_mixin.py:188} INFO - [2024-05-25T22:18:16.669+0000] {dag.py:3096} INFO - Sync 1 DAGs
[2024-05-25T22:18:16.702+0000] {logging_mixin.py:188} INFO - [2024-05-25T22:18:16.702+0000] {dag.py:3954} INFO - Setting next_dagrun for example_task_group to 2024-05-24 00:00:00+00:00, run_after=2024-05-25 00:00:00+00:00
[2024-05-25T22:18:16.726+0000] {processor.py:183} INFO - Processing /home/airflow/.local/lib/python3.12/site-packages/airflow/example_dags/example_task_group.py took 0.118 seconds
[2024-05-25T22:18:46.783+0000] {processor.py:161} INFO - Started process (PID=2042) to work on /home/airflow/.local/lib/python3.12/site-packages/airflow/example_dags/example_task_group.py
[2024-05-25T22:18:46.785+0000] {processor.py:830} INFO - Processing file /home/airflow/.local/lib/python3.12/site-packages/airflow/example_dags/example_task_group.py for tasks to queue
[2024-05-25T22:18:46.791+0000] {logging_mixin.py:188} INFO - [2024-05-25T22:18:46.790+0000] {dagbag.py:545} INFO - Filling up the DagBag from /home/airflow/.local/lib/python3.12/site-packages/airflow/example_dags/example_task_group.py
[2024-05-25T22:18:46.803+0000] {processor.py:840} INFO - DAG(s) 'example_task_group' retrieved from /home/airflow/.local/lib/python3.12/site-packages/airflow/example_dags/example_task_group.py
[2024-05-25T22:18:46.826+0000] {logging_mixin.py:188} INFO - [2024-05-25T22:18:46.826+0000] {dag.py:3096} INFO - Sync 1 DAGs
[2024-05-25T22:18:46.852+0000] {logging_mixin.py:188} INFO - [2024-05-25T22:18:46.852+0000] {dag.py:3954} INFO - Setting next_dagrun for example_task_group to 2024-05-24 00:00:00+00:00, run_after=2024-05-25 00:00:00+00:00
[2024-05-25T22:18:46.879+0000] {processor.py:183} INFO - Processing /home/airflow/.local/lib/python3.12/site-packages/airflow/example_dags/example_task_group.py took 0.111 seconds
[2024-05-25T22:19:17.045+0000] {processor.py:161} INFO - Started process (PID=2100) to work on /home/airflow/.local/lib/python3.12/site-packages/airflow/example_dags/example_task_group.py
[2024-05-25T22:19:17.046+0000] {processor.py:830} INFO - Processing file /home/airflow/.local/lib/python3.12/site-packages/airflow/example_dags/example_task_group.py for tasks to queue
[2024-05-25T22:19:17.048+0000] {logging_mixin.py:188} INFO - [2024-05-25T22:19:17.047+0000] {dagbag.py:545} INFO - Filling up the DagBag from /home/airflow/.local/lib/python3.12/site-packages/airflow/example_dags/example_task_group.py
[2024-05-25T22:19:17.057+0000] {processor.py:840} INFO - DAG(s) 'example_task_group' retrieved from /home/airflow/.local/lib/python3.12/site-packages/airflow/example_dags/example_task_group.py
[2024-05-25T22:19:17.084+0000] {logging_mixin.py:188} INFO - [2024-05-25T22:19:17.084+0000] {dag.py:3096} INFO - Sync 1 DAGs
[2024-05-25T22:19:17.110+0000] {logging_mixin.py:188} INFO - [2024-05-25T22:19:17.110+0000] {dag.py:3954} INFO - Setting next_dagrun for example_task_group to 2024-05-24 00:00:00+00:00, run_after=2024-05-25 00:00:00+00:00
[2024-05-25T22:19:17.140+0000] {processor.py:183} INFO - Processing /home/airflow/.local/lib/python3.12/site-packages/airflow/example_dags/example_task_group.py took 0.102 seconds
