[2024-05-25T22:01:25.944+0000] {processor.py:161} INFO - Started process (PID=33) to work on /home/airflow/.local/lib/python3.12/site-packages/airflow/example_dags/example_params_ui_tutorial.py
[2024-05-25T22:01:25.945+0000] {processor.py:830} INFO - Processing file /home/airflow/.local/lib/python3.12/site-packages/airflow/example_dags/example_params_ui_tutorial.py for tasks to queue
[2024-05-25T22:01:25.948+0000] {logging_mixin.py:188} INFO - [2024-05-25T22:01:25.948+0000] {dagbag.py:545} INFO - Filling up the DagBag from /home/airflow/.local/lib/python3.12/site-packages/airflow/example_dags/example_params_ui_tutorial.py
[2024-05-25T22:01:25.964+0000] {processor.py:840} INFO - DAG(s) 'example_params_ui_tutorial' retrieved from /home/airflow/.local/lib/python3.12/site-packages/airflow/example_dags/example_params_ui_tutorial.py
[2024-05-25T22:01:25.981+0000] {logging_mixin.py:188} INFO - [2024-05-25T22:01:25.981+0000] {dag.py:3096} INFO - Sync 1 DAGs
[2024-05-25T22:01:26.004+0000] {logging_mixin.py:188} INFO - [2024-05-25T22:01:26.004+0000] {dag.py:3954} INFO - Setting next_dagrun for example_params_ui_tutorial to None, run_after=None
[2024-05-25T22:01:26.030+0000] {processor.py:183} INFO - Processing /home/airflow/.local/lib/python3.12/site-packages/airflow/example_dags/example_params_ui_tutorial.py took 0.092 seconds
[2024-05-25T22:01:56.480+0000] {processor.py:161} INFO - Started process (PID=91) to work on /home/airflow/.local/lib/python3.12/site-packages/airflow/example_dags/example_params_ui_tutorial.py
[2024-05-25T22:01:56.481+0000] {processor.py:830} INFO - Processing file /home/airflow/.local/lib/python3.12/site-packages/airflow/example_dags/example_params_ui_tutorial.py for tasks to queue
[2024-05-25T22:01:56.483+0000] {logging_mixin.py:188} INFO - [2024-05-25T22:01:56.483+0000] {dagbag.py:545} INFO - Filling up the DagBag from /home/airflow/.local/lib/python3.12/site-packages/airflow/example_dags/example_params_ui_tutorial.py
[2024-05-25T22:01:56.497+0000] {processor.py:840} INFO - DAG(s) 'example_params_ui_tutorial' retrieved from /home/airflow/.local/lib/python3.12/site-packages/airflow/example_dags/example_params_ui_tutorial.py
[2024-05-25T22:01:56.668+0000] {logging_mixin.py:188} INFO - [2024-05-25T22:01:56.667+0000] {dag.py:3096} INFO - Sync 1 DAGs
[2024-05-25T22:01:56.690+0000] {logging_mixin.py:188} INFO - [2024-05-25T22:01:56.690+0000] {dag.py:3954} INFO - Setting next_dagrun for example_params_ui_tutorial to None, run_after=None
[2024-05-25T22:01:56.711+0000] {processor.py:183} INFO - Processing /home/airflow/.local/lib/python3.12/site-packages/airflow/example_dags/example_params_ui_tutorial.py took 0.238 seconds
[2024-05-25T22:02:27.655+0000] {processor.py:161} INFO - Started process (PID=149) to work on /home/airflow/.local/lib/python3.12/site-packages/airflow/example_dags/example_params_ui_tutorial.py
[2024-05-25T22:02:27.656+0000] {processor.py:830} INFO - Processing file /home/airflow/.local/lib/python3.12/site-packages/airflow/example_dags/example_params_ui_tutorial.py for tasks to queue
[2024-05-25T22:02:27.658+0000] {logging_mixin.py:188} INFO - [2024-05-25T22:02:27.658+0000] {dagbag.py:545} INFO - Filling up the DagBag from /home/airflow/.local/lib/python3.12/site-packages/airflow/example_dags/example_params_ui_tutorial.py
[2024-05-25T22:02:27.671+0000] {processor.py:840} INFO - DAG(s) 'example_params_ui_tutorial' retrieved from /home/airflow/.local/lib/python3.12/site-packages/airflow/example_dags/example_params_ui_tutorial.py
[2024-05-25T22:02:27.734+0000] {logging_mixin.py:188} INFO - [2024-05-25T22:02:27.734+0000] {dag.py:3096} INFO - Sync 1 DAGs
[2024-05-25T22:02:27.749+0000] {logging_mixin.py:188} INFO - [2024-05-25T22:02:27.749+0000] {dag.py:3954} INFO - Setting next_dagrun for example_params_ui_tutorial to None, run_after=None
[2024-05-25T22:02:27.770+0000] {processor.py:183} INFO - Processing /home/airflow/.local/lib/python3.12/site-packages/airflow/example_dags/example_params_ui_tutorial.py took 0.121 seconds
[2024-05-25T22:02:57.926+0000] {processor.py:161} INFO - Started process (PID=207) to work on /home/airflow/.local/lib/python3.12/site-packages/airflow/example_dags/example_params_ui_tutorial.py
[2024-05-25T22:02:57.928+0000] {processor.py:830} INFO - Processing file /home/airflow/.local/lib/python3.12/site-packages/airflow/example_dags/example_params_ui_tutorial.py for tasks to queue
[2024-05-25T22:02:57.932+0000] {logging_mixin.py:188} INFO - [2024-05-25T22:02:57.931+0000] {dagbag.py:545} INFO - Filling up the DagBag from /home/airflow/.local/lib/python3.12/site-packages/airflow/example_dags/example_params_ui_tutorial.py
[2024-05-25T22:02:57.948+0000] {processor.py:840} INFO - DAG(s) 'example_params_ui_tutorial' retrieved from /home/airflow/.local/lib/python3.12/site-packages/airflow/example_dags/example_params_ui_tutorial.py
[2024-05-25T22:02:58.021+0000] {logging_mixin.py:188} INFO - [2024-05-25T22:02:58.021+0000] {dag.py:3096} INFO - Sync 1 DAGs
[2024-05-25T22:02:58.039+0000] {logging_mixin.py:188} INFO - [2024-05-25T22:02:58.039+0000] {dag.py:3954} INFO - Setting next_dagrun for example_params_ui_tutorial to None, run_after=None
[2024-05-25T22:02:58.072+0000] {processor.py:183} INFO - Processing /home/airflow/.local/lib/python3.12/site-packages/airflow/example_dags/example_params_ui_tutorial.py took 0.159 seconds
[2024-05-25T22:03:28.395+0000] {processor.py:161} INFO - Started process (PID=265) to work on /home/airflow/.local/lib/python3.12/site-packages/airflow/example_dags/example_params_ui_tutorial.py
[2024-05-25T22:03:28.396+0000] {processor.py:830} INFO - Processing file /home/airflow/.local/lib/python3.12/site-packages/airflow/example_dags/example_params_ui_tutorial.py for tasks to queue
[2024-05-25T22:03:28.399+0000] {logging_mixin.py:188} INFO - [2024-05-25T22:03:28.399+0000] {dagbag.py:545} INFO - Filling up the DagBag from /home/airflow/.local/lib/python3.12/site-packages/airflow/example_dags/example_params_ui_tutorial.py
[2024-05-25T22:03:28.413+0000] {processor.py:840} INFO - DAG(s) 'example_params_ui_tutorial' retrieved from /home/airflow/.local/lib/python3.12/site-packages/airflow/example_dags/example_params_ui_tutorial.py
[2024-05-25T22:03:28.486+0000] {logging_mixin.py:188} INFO - [2024-05-25T22:03:28.485+0000] {dag.py:3096} INFO - Sync 1 DAGs
[2024-05-25T22:03:28.501+0000] {logging_mixin.py:188} INFO - [2024-05-25T22:03:28.501+0000] {dag.py:3954} INFO - Setting next_dagrun for example_params_ui_tutorial to None, run_after=None
[2024-05-25T22:03:28.534+0000] {processor.py:183} INFO - Processing /home/airflow/.local/lib/python3.12/site-packages/airflow/example_dags/example_params_ui_tutorial.py took 0.144 seconds
[2024-05-25T22:03:58.843+0000] {processor.py:161} INFO - Started process (PID=323) to work on /home/airflow/.local/lib/python3.12/site-packages/airflow/example_dags/example_params_ui_tutorial.py
[2024-05-25T22:03:58.844+0000] {processor.py:830} INFO - Processing file /home/airflow/.local/lib/python3.12/site-packages/airflow/example_dags/example_params_ui_tutorial.py for tasks to queue
[2024-05-25T22:03:58.846+0000] {logging_mixin.py:188} INFO - [2024-05-25T22:03:58.845+0000] {dagbag.py:545} INFO - Filling up the DagBag from /home/airflow/.local/lib/python3.12/site-packages/airflow/example_dags/example_params_ui_tutorial.py
[2024-05-25T22:03:58.862+0000] {processor.py:840} INFO - DAG(s) 'example_params_ui_tutorial' retrieved from /home/airflow/.local/lib/python3.12/site-packages/airflow/example_dags/example_params_ui_tutorial.py
[2024-05-25T22:03:58.934+0000] {logging_mixin.py:188} INFO - [2024-05-25T22:03:58.933+0000] {dag.py:3096} INFO - Sync 1 DAGs
[2024-05-25T22:03:58.949+0000] {logging_mixin.py:188} INFO - [2024-05-25T22:03:58.949+0000] {dag.py:3954} INFO - Setting next_dagrun for example_params_ui_tutorial to None, run_after=None
[2024-05-25T22:03:58.977+0000] {processor.py:183} INFO - Processing /home/airflow/.local/lib/python3.12/site-packages/airflow/example_dags/example_params_ui_tutorial.py took 0.143 seconds
[2024-05-25T22:04:29.418+0000] {processor.py:161} INFO - Started process (PID=381) to work on /home/airflow/.local/lib/python3.12/site-packages/airflow/example_dags/example_params_ui_tutorial.py
[2024-05-25T22:04:29.420+0000] {processor.py:830} INFO - Processing file /home/airflow/.local/lib/python3.12/site-packages/airflow/example_dags/example_params_ui_tutorial.py for tasks to queue
[2024-05-25T22:04:29.423+0000] {logging_mixin.py:188} INFO - [2024-05-25T22:04:29.422+0000] {dagbag.py:545} INFO - Filling up the DagBag from /home/airflow/.local/lib/python3.12/site-packages/airflow/example_dags/example_params_ui_tutorial.py
[2024-05-25T22:04:29.441+0000] {processor.py:840} INFO - DAG(s) 'example_params_ui_tutorial' retrieved from /home/airflow/.local/lib/python3.12/site-packages/airflow/example_dags/example_params_ui_tutorial.py
[2024-05-25T22:04:29.504+0000] {logging_mixin.py:188} INFO - [2024-05-25T22:04:29.504+0000] {dag.py:3096} INFO - Sync 1 DAGs
[2024-05-25T22:04:29.518+0000] {logging_mixin.py:188} INFO - [2024-05-25T22:04:29.518+0000] {dag.py:3954} INFO - Setting next_dagrun for example_params_ui_tutorial to None, run_after=None
[2024-05-25T22:04:29.540+0000] {processor.py:183} INFO - Processing /home/airflow/.local/lib/python3.12/site-packages/airflow/example_dags/example_params_ui_tutorial.py took 0.131 seconds
[2024-05-25T22:04:59.807+0000] {processor.py:161} INFO - Started process (PID=438) to work on /home/airflow/.local/lib/python3.12/site-packages/airflow/example_dags/example_params_ui_tutorial.py
[2024-05-25T22:04:59.809+0000] {processor.py:830} INFO - Processing file /home/airflow/.local/lib/python3.12/site-packages/airflow/example_dags/example_params_ui_tutorial.py for tasks to queue
[2024-05-25T22:04:59.811+0000] {logging_mixin.py:188} INFO - [2024-05-25T22:04:59.811+0000] {dagbag.py:545} INFO - Filling up the DagBag from /home/airflow/.local/lib/python3.12/site-packages/airflow/example_dags/example_params_ui_tutorial.py
[2024-05-25T22:04:59.824+0000] {processor.py:840} INFO - DAG(s) 'example_params_ui_tutorial' retrieved from /home/airflow/.local/lib/python3.12/site-packages/airflow/example_dags/example_params_ui_tutorial.py
[2024-05-25T22:04:59.903+0000] {logging_mixin.py:188} INFO - [2024-05-25T22:04:59.903+0000] {dag.py:3096} INFO - Sync 1 DAGs
[2024-05-25T22:04:59.921+0000] {logging_mixin.py:188} INFO - [2024-05-25T22:04:59.921+0000] {dag.py:3954} INFO - Setting next_dagrun for example_params_ui_tutorial to None, run_after=None
[2024-05-25T22:04:59.944+0000] {processor.py:183} INFO - Processing /home/airflow/.local/lib/python3.12/site-packages/airflow/example_dags/example_params_ui_tutorial.py took 0.144 seconds
[2024-05-25T22:05:30.273+0000] {processor.py:161} INFO - Started process (PID=496) to work on /home/airflow/.local/lib/python3.12/site-packages/airflow/example_dags/example_params_ui_tutorial.py
[2024-05-25T22:05:30.274+0000] {processor.py:830} INFO - Processing file /home/airflow/.local/lib/python3.12/site-packages/airflow/example_dags/example_params_ui_tutorial.py for tasks to queue
[2024-05-25T22:05:30.276+0000] {logging_mixin.py:188} INFO - [2024-05-25T22:05:30.276+0000] {dagbag.py:545} INFO - Filling up the DagBag from /home/airflow/.local/lib/python3.12/site-packages/airflow/example_dags/example_params_ui_tutorial.py
[2024-05-25T22:05:30.290+0000] {processor.py:840} INFO - DAG(s) 'example_params_ui_tutorial' retrieved from /home/airflow/.local/lib/python3.12/site-packages/airflow/example_dags/example_params_ui_tutorial.py
[2024-05-25T22:05:30.366+0000] {logging_mixin.py:188} INFO - [2024-05-25T22:05:30.366+0000] {dag.py:3096} INFO - Sync 1 DAGs
[2024-05-25T22:05:30.382+0000] {logging_mixin.py:188} INFO - [2024-05-25T22:05:30.382+0000] {dag.py:3954} INFO - Setting next_dagrun for example_params_ui_tutorial to None, run_after=None
[2024-05-25T22:05:30.422+0000] {processor.py:183} INFO - Processing /home/airflow/.local/lib/python3.12/site-packages/airflow/example_dags/example_params_ui_tutorial.py took 0.156 seconds
[2024-05-25T22:06:00.662+0000] {processor.py:161} INFO - Started process (PID=553) to work on /home/airflow/.local/lib/python3.12/site-packages/airflow/example_dags/example_params_ui_tutorial.py
[2024-05-25T22:06:00.663+0000] {processor.py:830} INFO - Processing file /home/airflow/.local/lib/python3.12/site-packages/airflow/example_dags/example_params_ui_tutorial.py for tasks to queue
[2024-05-25T22:06:00.666+0000] {logging_mixin.py:188} INFO - [2024-05-25T22:06:00.666+0000] {dagbag.py:545} INFO - Filling up the DagBag from /home/airflow/.local/lib/python3.12/site-packages/airflow/example_dags/example_params_ui_tutorial.py
[2024-05-25T22:06:00.679+0000] {processor.py:840} INFO - DAG(s) 'example_params_ui_tutorial' retrieved from /home/airflow/.local/lib/python3.12/site-packages/airflow/example_dags/example_params_ui_tutorial.py
[2024-05-25T22:06:00.748+0000] {logging_mixin.py:188} INFO - [2024-05-25T22:06:00.748+0000] {dag.py:3096} INFO - Sync 1 DAGs
[2024-05-25T22:06:00.764+0000] {logging_mixin.py:188} INFO - [2024-05-25T22:06:00.763+0000] {dag.py:3954} INFO - Setting next_dagrun for example_params_ui_tutorial to None, run_after=None
[2024-05-25T22:06:00.789+0000] {processor.py:183} INFO - Processing /home/airflow/.local/lib/python3.12/site-packages/airflow/example_dags/example_params_ui_tutorial.py took 0.133 seconds
[2024-05-25T22:06:31.162+0000] {processor.py:161} INFO - Started process (PID=610) to work on /home/airflow/.local/lib/python3.12/site-packages/airflow/example_dags/example_params_ui_tutorial.py
[2024-05-25T22:06:31.164+0000] {processor.py:830} INFO - Processing file /home/airflow/.local/lib/python3.12/site-packages/airflow/example_dags/example_params_ui_tutorial.py for tasks to queue
[2024-05-25T22:06:31.168+0000] {logging_mixin.py:188} INFO - [2024-05-25T22:06:31.167+0000] {dagbag.py:545} INFO - Filling up the DagBag from /home/airflow/.local/lib/python3.12/site-packages/airflow/example_dags/example_params_ui_tutorial.py
[2024-05-25T22:06:31.180+0000] {processor.py:840} INFO - DAG(s) 'example_params_ui_tutorial' retrieved from /home/airflow/.local/lib/python3.12/site-packages/airflow/example_dags/example_params_ui_tutorial.py
[2024-05-25T22:06:31.243+0000] {logging_mixin.py:188} INFO - [2024-05-25T22:06:31.243+0000] {dag.py:3096} INFO - Sync 1 DAGs
[2024-05-25T22:06:31.260+0000] {logging_mixin.py:188} INFO - [2024-05-25T22:06:31.260+0000] {dag.py:3954} INFO - Setting next_dagrun for example_params_ui_tutorial to None, run_after=None
[2024-05-25T22:06:31.284+0000] {processor.py:183} INFO - Processing /home/airflow/.local/lib/python3.12/site-packages/airflow/example_dags/example_params_ui_tutorial.py took 0.137 seconds
[2024-05-25T22:07:01.598+0000] {processor.py:161} INFO - Started process (PID=667) to work on /home/airflow/.local/lib/python3.12/site-packages/airflow/example_dags/example_params_ui_tutorial.py
[2024-05-25T22:07:01.599+0000] {processor.py:830} INFO - Processing file /home/airflow/.local/lib/python3.12/site-packages/airflow/example_dags/example_params_ui_tutorial.py for tasks to queue
[2024-05-25T22:07:01.602+0000] {logging_mixin.py:188} INFO - [2024-05-25T22:07:01.601+0000] {dagbag.py:545} INFO - Filling up the DagBag from /home/airflow/.local/lib/python3.12/site-packages/airflow/example_dags/example_params_ui_tutorial.py
[2024-05-25T22:07:01.614+0000] {processor.py:840} INFO - DAG(s) 'example_params_ui_tutorial' retrieved from /home/airflow/.local/lib/python3.12/site-packages/airflow/example_dags/example_params_ui_tutorial.py
[2024-05-25T22:07:01.678+0000] {logging_mixin.py:188} INFO - [2024-05-25T22:07:01.678+0000] {dag.py:3096} INFO - Sync 1 DAGs
[2024-05-25T22:07:01.694+0000] {logging_mixin.py:188} INFO - [2024-05-25T22:07:01.694+0000] {dag.py:3954} INFO - Setting next_dagrun for example_params_ui_tutorial to None, run_after=None
[2024-05-25T22:07:01.716+0000] {processor.py:183} INFO - Processing /home/airflow/.local/lib/python3.12/site-packages/airflow/example_dags/example_params_ui_tutorial.py took 0.124 seconds
[2024-05-25T22:07:32.158+0000] {processor.py:161} INFO - Started process (PID=725) to work on /home/airflow/.local/lib/python3.12/site-packages/airflow/example_dags/example_params_ui_tutorial.py
[2024-05-25T22:07:32.159+0000] {processor.py:830} INFO - Processing file /home/airflow/.local/lib/python3.12/site-packages/airflow/example_dags/example_params_ui_tutorial.py for tasks to queue
[2024-05-25T22:07:32.162+0000] {logging_mixin.py:188} INFO - [2024-05-25T22:07:32.162+0000] {dagbag.py:545} INFO - Filling up the DagBag from /home/airflow/.local/lib/python3.12/site-packages/airflow/example_dags/example_params_ui_tutorial.py
[2024-05-25T22:07:32.178+0000] {processor.py:840} INFO - DAG(s) 'example_params_ui_tutorial' retrieved from /home/airflow/.local/lib/python3.12/site-packages/airflow/example_dags/example_params_ui_tutorial.py
[2024-05-25T22:07:32.254+0000] {logging_mixin.py:188} INFO - [2024-05-25T22:07:32.253+0000] {dag.py:3096} INFO - Sync 1 DAGs
[2024-05-25T22:07:32.268+0000] {logging_mixin.py:188} INFO - [2024-05-25T22:07:32.268+0000] {dag.py:3954} INFO - Setting next_dagrun for example_params_ui_tutorial to None, run_after=None
[2024-05-25T22:07:32.289+0000] {processor.py:183} INFO - Processing /home/airflow/.local/lib/python3.12/site-packages/airflow/example_dags/example_params_ui_tutorial.py took 0.138 seconds
[2024-05-25T22:08:02.413+0000] {processor.py:161} INFO - Started process (PID=783) to work on /home/airflow/.local/lib/python3.12/site-packages/airflow/example_dags/example_params_ui_tutorial.py
[2024-05-25T22:08:02.414+0000] {processor.py:830} INFO - Processing file /home/airflow/.local/lib/python3.12/site-packages/airflow/example_dags/example_params_ui_tutorial.py for tasks to queue
[2024-05-25T22:08:02.416+0000] {logging_mixin.py:188} INFO - [2024-05-25T22:08:02.416+0000] {dagbag.py:545} INFO - Filling up the DagBag from /home/airflow/.local/lib/python3.12/site-packages/airflow/example_dags/example_params_ui_tutorial.py
[2024-05-25T22:08:02.429+0000] {processor.py:840} INFO - DAG(s) 'example_params_ui_tutorial' retrieved from /home/airflow/.local/lib/python3.12/site-packages/airflow/example_dags/example_params_ui_tutorial.py
[2024-05-25T22:08:02.493+0000] {logging_mixin.py:188} INFO - [2024-05-25T22:08:02.493+0000] {dag.py:3096} INFO - Sync 1 DAGs
[2024-05-25T22:08:02.510+0000] {logging_mixin.py:188} INFO - [2024-05-25T22:08:02.510+0000] {dag.py:3954} INFO - Setting next_dagrun for example_params_ui_tutorial to None, run_after=None
[2024-05-25T22:08:02.534+0000] {processor.py:183} INFO - Processing /home/airflow/.local/lib/python3.12/site-packages/airflow/example_dags/example_params_ui_tutorial.py took 0.128 seconds
[2024-05-25T22:08:32.758+0000] {processor.py:161} INFO - Started process (PID=841) to work on /home/airflow/.local/lib/python3.12/site-packages/airflow/example_dags/example_params_ui_tutorial.py
[2024-05-25T22:08:32.759+0000] {processor.py:830} INFO - Processing file /home/airflow/.local/lib/python3.12/site-packages/airflow/example_dags/example_params_ui_tutorial.py for tasks to queue
[2024-05-25T22:08:32.760+0000] {logging_mixin.py:188} INFO - [2024-05-25T22:08:32.760+0000] {dagbag.py:545} INFO - Filling up the DagBag from /home/airflow/.local/lib/python3.12/site-packages/airflow/example_dags/example_params_ui_tutorial.py
[2024-05-25T22:08:32.773+0000] {processor.py:840} INFO - DAG(s) 'example_params_ui_tutorial' retrieved from /home/airflow/.local/lib/python3.12/site-packages/airflow/example_dags/example_params_ui_tutorial.py
[2024-05-25T22:08:32.837+0000] {logging_mixin.py:188} INFO - [2024-05-25T22:08:32.837+0000] {dag.py:3096} INFO - Sync 1 DAGs
[2024-05-25T22:08:32.854+0000] {logging_mixin.py:188} INFO - [2024-05-25T22:08:32.853+0000] {dag.py:3954} INFO - Setting next_dagrun for example_params_ui_tutorial to None, run_after=None
[2024-05-25T22:08:32.879+0000] {processor.py:183} INFO - Processing /home/airflow/.local/lib/python3.12/site-packages/airflow/example_dags/example_params_ui_tutorial.py took 0.127 seconds
[2024-05-25T22:09:02.962+0000] {processor.py:161} INFO - Started process (PID=898) to work on /home/airflow/.local/lib/python3.12/site-packages/airflow/example_dags/example_params_ui_tutorial.py
[2024-05-25T22:09:02.964+0000] {processor.py:830} INFO - Processing file /home/airflow/.local/lib/python3.12/site-packages/airflow/example_dags/example_params_ui_tutorial.py for tasks to queue
[2024-05-25T22:09:02.967+0000] {logging_mixin.py:188} INFO - [2024-05-25T22:09:02.966+0000] {dagbag.py:545} INFO - Filling up the DagBag from /home/airflow/.local/lib/python3.12/site-packages/airflow/example_dags/example_params_ui_tutorial.py
[2024-05-25T22:09:02.989+0000] {processor.py:840} INFO - DAG(s) 'example_params_ui_tutorial' retrieved from /home/airflow/.local/lib/python3.12/site-packages/airflow/example_dags/example_params_ui_tutorial.py
[2024-05-25T22:09:03.057+0000] {logging_mixin.py:188} INFO - [2024-05-25T22:09:03.057+0000] {dag.py:3096} INFO - Sync 1 DAGs
[2024-05-25T22:09:03.074+0000] {logging_mixin.py:188} INFO - [2024-05-25T22:09:03.074+0000] {dag.py:3954} INFO - Setting next_dagrun for example_params_ui_tutorial to None, run_after=None
[2024-05-25T22:09:03.095+0000] {processor.py:183} INFO - Processing /home/airflow/.local/lib/python3.12/site-packages/airflow/example_dags/example_params_ui_tutorial.py took 0.141 seconds
[2024-05-25T22:09:34.108+0000] {processor.py:161} INFO - Started process (PID=956) to work on /home/airflow/.local/lib/python3.12/site-packages/airflow/example_dags/example_params_ui_tutorial.py
[2024-05-25T22:09:34.109+0000] {processor.py:830} INFO - Processing file /home/airflow/.local/lib/python3.12/site-packages/airflow/example_dags/example_params_ui_tutorial.py for tasks to queue
[2024-05-25T22:09:34.112+0000] {logging_mixin.py:188} INFO - [2024-05-25T22:09:34.112+0000] {dagbag.py:545} INFO - Filling up the DagBag from /home/airflow/.local/lib/python3.12/site-packages/airflow/example_dags/example_params_ui_tutorial.py
[2024-05-25T22:09:34.130+0000] {processor.py:840} INFO - DAG(s) 'example_params_ui_tutorial' retrieved from /home/airflow/.local/lib/python3.12/site-packages/airflow/example_dags/example_params_ui_tutorial.py
[2024-05-25T22:09:34.202+0000] {logging_mixin.py:188} INFO - [2024-05-25T22:09:34.202+0000] {dag.py:3096} INFO - Sync 1 DAGs
[2024-05-25T22:09:34.221+0000] {logging_mixin.py:188} INFO - [2024-05-25T22:09:34.220+0000] {dag.py:3954} INFO - Setting next_dagrun for example_params_ui_tutorial to None, run_after=None
[2024-05-25T22:09:34.248+0000] {processor.py:183} INFO - Processing /home/airflow/.local/lib/python3.12/site-packages/airflow/example_dags/example_params_ui_tutorial.py took 0.149 seconds
[2024-05-25T22:10:04.699+0000] {processor.py:161} INFO - Started process (PID=1014) to work on /home/airflow/.local/lib/python3.12/site-packages/airflow/example_dags/example_params_ui_tutorial.py
[2024-05-25T22:10:04.700+0000] {processor.py:830} INFO - Processing file /home/airflow/.local/lib/python3.12/site-packages/airflow/example_dags/example_params_ui_tutorial.py for tasks to queue
[2024-05-25T22:10:04.702+0000] {logging_mixin.py:188} INFO - [2024-05-25T22:10:04.701+0000] {dagbag.py:545} INFO - Filling up the DagBag from /home/airflow/.local/lib/python3.12/site-packages/airflow/example_dags/example_params_ui_tutorial.py
[2024-05-25T22:10:04.714+0000] {processor.py:840} INFO - DAG(s) 'example_params_ui_tutorial' retrieved from /home/airflow/.local/lib/python3.12/site-packages/airflow/example_dags/example_params_ui_tutorial.py
[2024-05-25T22:10:04.780+0000] {logging_mixin.py:188} INFO - [2024-05-25T22:10:04.780+0000] {dag.py:3096} INFO - Sync 1 DAGs
[2024-05-25T22:10:04.799+0000] {logging_mixin.py:188} INFO - [2024-05-25T22:10:04.799+0000] {dag.py:3954} INFO - Setting next_dagrun for example_params_ui_tutorial to None, run_after=None
[2024-05-25T22:10:04.821+0000] {processor.py:183} INFO - Processing /home/airflow/.local/lib/python3.12/site-packages/airflow/example_dags/example_params_ui_tutorial.py took 0.128 seconds
[2024-05-25T22:10:34.944+0000] {processor.py:161} INFO - Started process (PID=1072) to work on /home/airflow/.local/lib/python3.12/site-packages/airflow/example_dags/example_params_ui_tutorial.py
[2024-05-25T22:10:34.945+0000] {processor.py:830} INFO - Processing file /home/airflow/.local/lib/python3.12/site-packages/airflow/example_dags/example_params_ui_tutorial.py for tasks to queue
[2024-05-25T22:10:34.948+0000] {logging_mixin.py:188} INFO - [2024-05-25T22:10:34.947+0000] {dagbag.py:545} INFO - Filling up the DagBag from /home/airflow/.local/lib/python3.12/site-packages/airflow/example_dags/example_params_ui_tutorial.py
[2024-05-25T22:10:34.960+0000] {processor.py:840} INFO - DAG(s) 'example_params_ui_tutorial' retrieved from /home/airflow/.local/lib/python3.12/site-packages/airflow/example_dags/example_params_ui_tutorial.py
[2024-05-25T22:10:35.032+0000] {logging_mixin.py:188} INFO - [2024-05-25T22:10:35.032+0000] {dag.py:3096} INFO - Sync 1 DAGs
[2024-05-25T22:10:35.051+0000] {logging_mixin.py:188} INFO - [2024-05-25T22:10:35.050+0000] {dag.py:3954} INFO - Setting next_dagrun for example_params_ui_tutorial to None, run_after=None
[2024-05-25T22:10:35.073+0000] {processor.py:183} INFO - Processing /home/airflow/.local/lib/python3.12/site-packages/airflow/example_dags/example_params_ui_tutorial.py took 0.138 seconds
[2024-05-25T22:11:05.697+0000] {processor.py:161} INFO - Started process (PID=1129) to work on /home/airflow/.local/lib/python3.12/site-packages/airflow/example_dags/example_params_ui_tutorial.py
[2024-05-25T22:11:05.698+0000] {processor.py:830} INFO - Processing file /home/airflow/.local/lib/python3.12/site-packages/airflow/example_dags/example_params_ui_tutorial.py for tasks to queue
[2024-05-25T22:11:05.701+0000] {logging_mixin.py:188} INFO - [2024-05-25T22:11:05.700+0000] {dagbag.py:545} INFO - Filling up the DagBag from /home/airflow/.local/lib/python3.12/site-packages/airflow/example_dags/example_params_ui_tutorial.py
[2024-05-25T22:11:05.714+0000] {processor.py:840} INFO - DAG(s) 'example_params_ui_tutorial' retrieved from /home/airflow/.local/lib/python3.12/site-packages/airflow/example_dags/example_params_ui_tutorial.py
[2024-05-25T22:11:05.785+0000] {logging_mixin.py:188} INFO - [2024-05-25T22:11:05.784+0000] {dag.py:3096} INFO - Sync 1 DAGs
[2024-05-25T22:11:05.799+0000] {logging_mixin.py:188} INFO - [2024-05-25T22:11:05.799+0000] {dag.py:3954} INFO - Setting next_dagrun for example_params_ui_tutorial to None, run_after=None
[2024-05-25T22:11:05.818+0000] {processor.py:183} INFO - Processing /home/airflow/.local/lib/python3.12/site-packages/airflow/example_dags/example_params_ui_tutorial.py took 0.127 seconds
[2024-05-25T22:11:36.195+0000] {processor.py:161} INFO - Started process (PID=1186) to work on /home/airflow/.local/lib/python3.12/site-packages/airflow/example_dags/example_params_ui_tutorial.py
[2024-05-25T22:11:36.196+0000] {processor.py:830} INFO - Processing file /home/airflow/.local/lib/python3.12/site-packages/airflow/example_dags/example_params_ui_tutorial.py for tasks to queue
[2024-05-25T22:11:36.199+0000] {logging_mixin.py:188} INFO - [2024-05-25T22:11:36.198+0000] {dagbag.py:545} INFO - Filling up the DagBag from /home/airflow/.local/lib/python3.12/site-packages/airflow/example_dags/example_params_ui_tutorial.py
[2024-05-25T22:11:36.212+0000] {processor.py:840} INFO - DAG(s) 'example_params_ui_tutorial' retrieved from /home/airflow/.local/lib/python3.12/site-packages/airflow/example_dags/example_params_ui_tutorial.py
[2024-05-25T22:11:36.282+0000] {logging_mixin.py:188} INFO - [2024-05-25T22:11:36.282+0000] {dag.py:3096} INFO - Sync 1 DAGs
[2024-05-25T22:11:36.299+0000] {logging_mixin.py:188} INFO - [2024-05-25T22:11:36.299+0000] {dag.py:3954} INFO - Setting next_dagrun for example_params_ui_tutorial to None, run_after=None
[2024-05-25T22:11:36.320+0000] {processor.py:183} INFO - Processing /home/airflow/.local/lib/python3.12/site-packages/airflow/example_dags/example_params_ui_tutorial.py took 0.131 seconds
[2024-05-25T22:12:06.736+0000] {processor.py:161} INFO - Started process (PID=1244) to work on /home/airflow/.local/lib/python3.12/site-packages/airflow/example_dags/example_params_ui_tutorial.py
[2024-05-25T22:12:06.737+0000] {processor.py:830} INFO - Processing file /home/airflow/.local/lib/python3.12/site-packages/airflow/example_dags/example_params_ui_tutorial.py for tasks to queue
[2024-05-25T22:12:06.739+0000] {logging_mixin.py:188} INFO - [2024-05-25T22:12:06.739+0000] {dagbag.py:545} INFO - Filling up the DagBag from /home/airflow/.local/lib/python3.12/site-packages/airflow/example_dags/example_params_ui_tutorial.py
[2024-05-25T22:12:06.754+0000] {processor.py:840} INFO - DAG(s) 'example_params_ui_tutorial' retrieved from /home/airflow/.local/lib/python3.12/site-packages/airflow/example_dags/example_params_ui_tutorial.py
[2024-05-25T22:12:06.831+0000] {logging_mixin.py:188} INFO - [2024-05-25T22:12:06.830+0000] {dag.py:3096} INFO - Sync 1 DAGs
[2024-05-25T22:12:06.846+0000] {logging_mixin.py:188} INFO - [2024-05-25T22:12:06.846+0000] {dag.py:3954} INFO - Setting next_dagrun for example_params_ui_tutorial to None, run_after=None
[2024-05-25T22:12:06.867+0000] {processor.py:183} INFO - Processing /home/airflow/.local/lib/python3.12/site-packages/airflow/example_dags/example_params_ui_tutorial.py took 0.138 seconds
[2024-05-25T22:12:37.332+0000] {processor.py:161} INFO - Started process (PID=1301) to work on /home/airflow/.local/lib/python3.12/site-packages/airflow/example_dags/example_params_ui_tutorial.py
[2024-05-25T22:12:37.333+0000] {processor.py:830} INFO - Processing file /home/airflow/.local/lib/python3.12/site-packages/airflow/example_dags/example_params_ui_tutorial.py for tasks to queue
[2024-05-25T22:12:37.335+0000] {logging_mixin.py:188} INFO - [2024-05-25T22:12:37.335+0000] {dagbag.py:545} INFO - Filling up the DagBag from /home/airflow/.local/lib/python3.12/site-packages/airflow/example_dags/example_params_ui_tutorial.py
[2024-05-25T22:12:37.349+0000] {processor.py:840} INFO - DAG(s) 'example_params_ui_tutorial' retrieved from /home/airflow/.local/lib/python3.12/site-packages/airflow/example_dags/example_params_ui_tutorial.py
[2024-05-25T22:12:37.419+0000] {logging_mixin.py:188} INFO - [2024-05-25T22:12:37.419+0000] {dag.py:3096} INFO - Sync 1 DAGs
[2024-05-25T22:12:37.436+0000] {logging_mixin.py:188} INFO - [2024-05-25T22:12:37.435+0000] {dag.py:3954} INFO - Setting next_dagrun for example_params_ui_tutorial to None, run_after=None
[2024-05-25T22:12:37.465+0000] {processor.py:183} INFO - Processing /home/airflow/.local/lib/python3.12/site-packages/airflow/example_dags/example_params_ui_tutorial.py took 0.140 seconds
[2024-05-25T22:13:07.938+0000] {processor.py:161} INFO - Started process (PID=1380) to work on /home/airflow/.local/lib/python3.12/site-packages/airflow/example_dags/example_params_ui_tutorial.py
[2024-05-25T22:13:07.939+0000] {processor.py:830} INFO - Processing file /home/airflow/.local/lib/python3.12/site-packages/airflow/example_dags/example_params_ui_tutorial.py for tasks to queue
[2024-05-25T22:13:07.942+0000] {logging_mixin.py:188} INFO - [2024-05-25T22:13:07.941+0000] {dagbag.py:545} INFO - Filling up the DagBag from /home/airflow/.local/lib/python3.12/site-packages/airflow/example_dags/example_params_ui_tutorial.py
[2024-05-25T22:13:07.954+0000] {processor.py:840} INFO - DAG(s) 'example_params_ui_tutorial' retrieved from /home/airflow/.local/lib/python3.12/site-packages/airflow/example_dags/example_params_ui_tutorial.py
[2024-05-25T22:13:08.028+0000] {logging_mixin.py:188} INFO - [2024-05-25T22:13:08.027+0000] {dag.py:3096} INFO - Sync 1 DAGs
[2024-05-25T22:13:08.047+0000] {logging_mixin.py:188} INFO - [2024-05-25T22:13:08.046+0000] {dag.py:3954} INFO - Setting next_dagrun for example_params_ui_tutorial to None, run_after=None
[2024-05-25T22:13:08.072+0000] {processor.py:183} INFO - Processing /home/airflow/.local/lib/python3.12/site-packages/airflow/example_dags/example_params_ui_tutorial.py took 0.140 seconds
[2024-05-25T22:13:38.404+0000] {processor.py:161} INFO - Started process (PID=1438) to work on /home/airflow/.local/lib/python3.12/site-packages/airflow/example_dags/example_params_ui_tutorial.py
[2024-05-25T22:13:38.405+0000] {processor.py:830} INFO - Processing file /home/airflow/.local/lib/python3.12/site-packages/airflow/example_dags/example_params_ui_tutorial.py for tasks to queue
[2024-05-25T22:13:38.407+0000] {logging_mixin.py:188} INFO - [2024-05-25T22:13:38.406+0000] {dagbag.py:545} INFO - Filling up the DagBag from /home/airflow/.local/lib/python3.12/site-packages/airflow/example_dags/example_params_ui_tutorial.py
[2024-05-25T22:13:38.419+0000] {processor.py:840} INFO - DAG(s) 'example_params_ui_tutorial' retrieved from /home/airflow/.local/lib/python3.12/site-packages/airflow/example_dags/example_params_ui_tutorial.py
[2024-05-25T22:13:38.482+0000] {logging_mixin.py:188} INFO - [2024-05-25T22:13:38.482+0000] {dag.py:3096} INFO - Sync 1 DAGs
[2024-05-25T22:13:38.498+0000] {logging_mixin.py:188} INFO - [2024-05-25T22:13:38.498+0000] {dag.py:3954} INFO - Setting next_dagrun for example_params_ui_tutorial to None, run_after=None
[2024-05-25T22:13:38.520+0000] {processor.py:183} INFO - Processing /home/airflow/.local/lib/python3.12/site-packages/airflow/example_dags/example_params_ui_tutorial.py took 0.129 seconds
[2024-05-25T22:14:08.594+0000] {processor.py:161} INFO - Started process (PID=1496) to work on /home/airflow/.local/lib/python3.12/site-packages/airflow/example_dags/example_params_ui_tutorial.py
[2024-05-25T22:14:08.596+0000] {processor.py:830} INFO - Processing file /home/airflow/.local/lib/python3.12/site-packages/airflow/example_dags/example_params_ui_tutorial.py for tasks to queue
[2024-05-25T22:14:08.600+0000] {logging_mixin.py:188} INFO - [2024-05-25T22:14:08.599+0000] {dagbag.py:545} INFO - Filling up the DagBag from /home/airflow/.local/lib/python3.12/site-packages/airflow/example_dags/example_params_ui_tutorial.py
[2024-05-25T22:14:08.618+0000] {processor.py:840} INFO - DAG(s) 'example_params_ui_tutorial' retrieved from /home/airflow/.local/lib/python3.12/site-packages/airflow/example_dags/example_params_ui_tutorial.py
[2024-05-25T22:14:08.692+0000] {logging_mixin.py:188} INFO - [2024-05-25T22:14:08.691+0000] {dag.py:3096} INFO - Sync 1 DAGs
[2024-05-25T22:14:08.707+0000] {logging_mixin.py:188} INFO - [2024-05-25T22:14:08.707+0000] {dag.py:3954} INFO - Setting next_dagrun for example_params_ui_tutorial to None, run_after=None
[2024-05-25T22:14:08.731+0000] {processor.py:183} INFO - Processing /home/airflow/.local/lib/python3.12/site-packages/airflow/example_dags/example_params_ui_tutorial.py took 0.152 seconds
[2024-05-25T22:14:38.779+0000] {processor.py:161} INFO - Started process (PID=1554) to work on /home/airflow/.local/lib/python3.12/site-packages/airflow/example_dags/example_params_ui_tutorial.py
[2024-05-25T22:14:38.780+0000] {processor.py:830} INFO - Processing file /home/airflow/.local/lib/python3.12/site-packages/airflow/example_dags/example_params_ui_tutorial.py for tasks to queue
[2024-05-25T22:14:38.784+0000] {logging_mixin.py:188} INFO - [2024-05-25T22:14:38.783+0000] {dagbag.py:545} INFO - Filling up the DagBag from /home/airflow/.local/lib/python3.12/site-packages/airflow/example_dags/example_params_ui_tutorial.py
[2024-05-25T22:14:38.797+0000] {processor.py:840} INFO - DAG(s) 'example_params_ui_tutorial' retrieved from /home/airflow/.local/lib/python3.12/site-packages/airflow/example_dags/example_params_ui_tutorial.py
[2024-05-25T22:14:38.862+0000] {logging_mixin.py:188} INFO - [2024-05-25T22:14:38.861+0000] {dag.py:3096} INFO - Sync 1 DAGs
[2024-05-25T22:14:38.876+0000] {logging_mixin.py:188} INFO - [2024-05-25T22:14:38.876+0000] {dag.py:3954} INFO - Setting next_dagrun for example_params_ui_tutorial to None, run_after=None
[2024-05-25T22:14:38.895+0000] {processor.py:183} INFO - Processing /home/airflow/.local/lib/python3.12/site-packages/airflow/example_dags/example_params_ui_tutorial.py took 0.127 seconds
[2024-05-25T22:15:09.027+0000] {processor.py:161} INFO - Started process (PID=1612) to work on /home/airflow/.local/lib/python3.12/site-packages/airflow/example_dags/example_params_ui_tutorial.py
[2024-05-25T22:15:09.028+0000] {processor.py:830} INFO - Processing file /home/airflow/.local/lib/python3.12/site-packages/airflow/example_dags/example_params_ui_tutorial.py for tasks to queue
[2024-05-25T22:15:09.031+0000] {logging_mixin.py:188} INFO - [2024-05-25T22:15:09.030+0000] {dagbag.py:545} INFO - Filling up the DagBag from /home/airflow/.local/lib/python3.12/site-packages/airflow/example_dags/example_params_ui_tutorial.py
[2024-05-25T22:15:09.048+0000] {processor.py:840} INFO - DAG(s) 'example_params_ui_tutorial' retrieved from /home/airflow/.local/lib/python3.12/site-packages/airflow/example_dags/example_params_ui_tutorial.py
[2024-05-25T22:15:09.115+0000] {logging_mixin.py:188} INFO - [2024-05-25T22:15:09.115+0000] {dag.py:3096} INFO - Sync 1 DAGs
[2024-05-25T22:15:09.132+0000] {logging_mixin.py:188} INFO - [2024-05-25T22:15:09.132+0000] {dag.py:3954} INFO - Setting next_dagrun for example_params_ui_tutorial to None, run_after=None
[2024-05-25T22:15:09.155+0000] {processor.py:183} INFO - Processing /home/airflow/.local/lib/python3.12/site-packages/airflow/example_dags/example_params_ui_tutorial.py took 0.135 seconds
[2024-05-25T22:15:39.692+0000] {processor.py:161} INFO - Started process (PID=1670) to work on /home/airflow/.local/lib/python3.12/site-packages/airflow/example_dags/example_params_ui_tutorial.py
[2024-05-25T22:15:39.693+0000] {processor.py:830} INFO - Processing file /home/airflow/.local/lib/python3.12/site-packages/airflow/example_dags/example_params_ui_tutorial.py for tasks to queue
[2024-05-25T22:15:39.695+0000] {logging_mixin.py:188} INFO - [2024-05-25T22:15:39.695+0000] {dagbag.py:545} INFO - Filling up the DagBag from /home/airflow/.local/lib/python3.12/site-packages/airflow/example_dags/example_params_ui_tutorial.py
[2024-05-25T22:15:39.708+0000] {processor.py:840} INFO - DAG(s) 'example_params_ui_tutorial' retrieved from /home/airflow/.local/lib/python3.12/site-packages/airflow/example_dags/example_params_ui_tutorial.py
[2024-05-25T22:15:39.775+0000] {logging_mixin.py:188} INFO - [2024-05-25T22:15:39.774+0000] {dag.py:3096} INFO - Sync 1 DAGs
[2024-05-25T22:15:39.790+0000] {logging_mixin.py:188} INFO - [2024-05-25T22:15:39.790+0000] {dag.py:3954} INFO - Setting next_dagrun for example_params_ui_tutorial to None, run_after=None
[2024-05-25T22:15:39.812+0000] {processor.py:183} INFO - Processing /home/airflow/.local/lib/python3.12/site-packages/airflow/example_dags/example_params_ui_tutorial.py took 0.127 seconds
[2024-05-25T22:16:10.041+0000] {processor.py:161} INFO - Started process (PID=1728) to work on /home/airflow/.local/lib/python3.12/site-packages/airflow/example_dags/example_params_ui_tutorial.py
[2024-05-25T22:16:10.042+0000] {processor.py:830} INFO - Processing file /home/airflow/.local/lib/python3.12/site-packages/airflow/example_dags/example_params_ui_tutorial.py for tasks to queue
[2024-05-25T22:16:10.044+0000] {logging_mixin.py:188} INFO - [2024-05-25T22:16:10.043+0000] {dagbag.py:545} INFO - Filling up the DagBag from /home/airflow/.local/lib/python3.12/site-packages/airflow/example_dags/example_params_ui_tutorial.py
[2024-05-25T22:16:10.056+0000] {processor.py:840} INFO - DAG(s) 'example_params_ui_tutorial' retrieved from /home/airflow/.local/lib/python3.12/site-packages/airflow/example_dags/example_params_ui_tutorial.py
[2024-05-25T22:16:10.134+0000] {logging_mixin.py:188} INFO - [2024-05-25T22:16:10.134+0000] {dag.py:3096} INFO - Sync 1 DAGs
[2024-05-25T22:16:10.150+0000] {logging_mixin.py:188} INFO - [2024-05-25T22:16:10.150+0000] {dag.py:3954} INFO - Setting next_dagrun for example_params_ui_tutorial to None, run_after=None
[2024-05-25T22:16:10.172+0000] {processor.py:183} INFO - Processing /home/airflow/.local/lib/python3.12/site-packages/airflow/example_dags/example_params_ui_tutorial.py took 0.137 seconds
[2024-05-25T22:16:40.389+0000] {processor.py:161} INFO - Started process (PID=1786) to work on /home/airflow/.local/lib/python3.12/site-packages/airflow/example_dags/example_params_ui_tutorial.py
[2024-05-25T22:16:40.390+0000] {processor.py:830} INFO - Processing file /home/airflow/.local/lib/python3.12/site-packages/airflow/example_dags/example_params_ui_tutorial.py for tasks to queue
[2024-05-25T22:16:40.392+0000] {logging_mixin.py:188} INFO - [2024-05-25T22:16:40.391+0000] {dagbag.py:545} INFO - Filling up the DagBag from /home/airflow/.local/lib/python3.12/site-packages/airflow/example_dags/example_params_ui_tutorial.py
[2024-05-25T22:16:40.404+0000] {processor.py:840} INFO - DAG(s) 'example_params_ui_tutorial' retrieved from /home/airflow/.local/lib/python3.12/site-packages/airflow/example_dags/example_params_ui_tutorial.py
[2024-05-25T22:16:40.470+0000] {logging_mixin.py:188} INFO - [2024-05-25T22:16:40.469+0000] {dag.py:3096} INFO - Sync 1 DAGs
[2024-05-25T22:16:40.485+0000] {logging_mixin.py:188} INFO - [2024-05-25T22:16:40.484+0000] {dag.py:3954} INFO - Setting next_dagrun for example_params_ui_tutorial to None, run_after=None
[2024-05-25T22:16:40.506+0000] {processor.py:183} INFO - Processing /home/airflow/.local/lib/python3.12/site-packages/airflow/example_dags/example_params_ui_tutorial.py took 0.124 seconds
[2024-05-25T22:17:10.886+0000] {processor.py:161} INFO - Started process (PID=1844) to work on /home/airflow/.local/lib/python3.12/site-packages/airflow/example_dags/example_params_ui_tutorial.py
[2024-05-25T22:17:10.887+0000] {processor.py:830} INFO - Processing file /home/airflow/.local/lib/python3.12/site-packages/airflow/example_dags/example_params_ui_tutorial.py for tasks to queue
[2024-05-25T22:17:10.889+0000] {logging_mixin.py:188} INFO - [2024-05-25T22:17:10.889+0000] {dagbag.py:545} INFO - Filling up the DagBag from /home/airflow/.local/lib/python3.12/site-packages/airflow/example_dags/example_params_ui_tutorial.py
[2024-05-25T22:17:10.902+0000] {processor.py:840} INFO - DAG(s) 'example_params_ui_tutorial' retrieved from /home/airflow/.local/lib/python3.12/site-packages/airflow/example_dags/example_params_ui_tutorial.py
[2024-05-25T22:17:10.970+0000] {logging_mixin.py:188} INFO - [2024-05-25T22:17:10.969+0000] {dag.py:3096} INFO - Sync 1 DAGs
[2024-05-25T22:17:10.985+0000] {logging_mixin.py:188} INFO - [2024-05-25T22:17:10.985+0000] {dag.py:3954} INFO - Setting next_dagrun for example_params_ui_tutorial to None, run_after=None
[2024-05-25T22:17:11.019+0000] {processor.py:183} INFO - Processing /home/airflow/.local/lib/python3.12/site-packages/airflow/example_dags/example_params_ui_tutorial.py took 0.139 seconds
[2024-05-25T22:17:41.426+0000] {processor.py:161} INFO - Started process (PID=1902) to work on /home/airflow/.local/lib/python3.12/site-packages/airflow/example_dags/example_params_ui_tutorial.py
[2024-05-25T22:17:41.428+0000] {processor.py:830} INFO - Processing file /home/airflow/.local/lib/python3.12/site-packages/airflow/example_dags/example_params_ui_tutorial.py for tasks to queue
[2024-05-25T22:17:41.430+0000] {logging_mixin.py:188} INFO - [2024-05-25T22:17:41.429+0000] {dagbag.py:545} INFO - Filling up the DagBag from /home/airflow/.local/lib/python3.12/site-packages/airflow/example_dags/example_params_ui_tutorial.py
[2024-05-25T22:17:41.442+0000] {processor.py:840} INFO - DAG(s) 'example_params_ui_tutorial' retrieved from /home/airflow/.local/lib/python3.12/site-packages/airflow/example_dags/example_params_ui_tutorial.py
[2024-05-25T22:17:41.509+0000] {logging_mixin.py:188} INFO - [2024-05-25T22:17:41.508+0000] {dag.py:3096} INFO - Sync 1 DAGs
[2024-05-25T22:17:41.523+0000] {logging_mixin.py:188} INFO - [2024-05-25T22:17:41.523+0000] {dag.py:3954} INFO - Setting next_dagrun for example_params_ui_tutorial to None, run_after=None
[2024-05-25T22:17:41.543+0000] {processor.py:183} INFO - Processing /home/airflow/.local/lib/python3.12/site-packages/airflow/example_dags/example_params_ui_tutorial.py took 0.123 seconds
[2024-05-25T22:18:11.667+0000] {processor.py:161} INFO - Started process (PID=1960) to work on /home/airflow/.local/lib/python3.12/site-packages/airflow/example_dags/example_params_ui_tutorial.py
[2024-05-25T22:18:11.668+0000] {processor.py:830} INFO - Processing file /home/airflow/.local/lib/python3.12/site-packages/airflow/example_dags/example_params_ui_tutorial.py for tasks to queue
[2024-05-25T22:18:11.670+0000] {logging_mixin.py:188} INFO - [2024-05-25T22:18:11.670+0000] {dagbag.py:545} INFO - Filling up the DagBag from /home/airflow/.local/lib/python3.12/site-packages/airflow/example_dags/example_params_ui_tutorial.py
[2024-05-25T22:18:11.683+0000] {processor.py:840} INFO - DAG(s) 'example_params_ui_tutorial' retrieved from /home/airflow/.local/lib/python3.12/site-packages/airflow/example_dags/example_params_ui_tutorial.py
[2024-05-25T22:18:11.751+0000] {logging_mixin.py:188} INFO - [2024-05-25T22:18:11.750+0000] {dag.py:3096} INFO - Sync 1 DAGs
[2024-05-25T22:18:11.765+0000] {logging_mixin.py:188} INFO - [2024-05-25T22:18:11.765+0000] {dag.py:3954} INFO - Setting next_dagrun for example_params_ui_tutorial to None, run_after=None
[2024-05-25T22:18:11.784+0000] {processor.py:183} INFO - Processing /home/airflow/.local/lib/python3.12/site-packages/airflow/example_dags/example_params_ui_tutorial.py took 0.124 seconds
[2024-05-25T22:18:41.937+0000] {processor.py:161} INFO - Started process (PID=2018) to work on /home/airflow/.local/lib/python3.12/site-packages/airflow/example_dags/example_params_ui_tutorial.py
[2024-05-25T22:18:41.938+0000] {processor.py:830} INFO - Processing file /home/airflow/.local/lib/python3.12/site-packages/airflow/example_dags/example_params_ui_tutorial.py for tasks to queue
[2024-05-25T22:18:41.940+0000] {logging_mixin.py:188} INFO - [2024-05-25T22:18:41.940+0000] {dagbag.py:545} INFO - Filling up the DagBag from /home/airflow/.local/lib/python3.12/site-packages/airflow/example_dags/example_params_ui_tutorial.py
[2024-05-25T22:18:41.954+0000] {processor.py:840} INFO - DAG(s) 'example_params_ui_tutorial' retrieved from /home/airflow/.local/lib/python3.12/site-packages/airflow/example_dags/example_params_ui_tutorial.py
[2024-05-25T22:18:42.017+0000] {logging_mixin.py:188} INFO - [2024-05-25T22:18:42.017+0000] {dag.py:3096} INFO - Sync 1 DAGs
[2024-05-25T22:18:42.031+0000] {logging_mixin.py:188} INFO - [2024-05-25T22:18:42.031+0000] {dag.py:3954} INFO - Setting next_dagrun for example_params_ui_tutorial to None, run_after=None
[2024-05-25T22:18:42.050+0000] {processor.py:183} INFO - Processing /home/airflow/.local/lib/python3.12/site-packages/airflow/example_dags/example_params_ui_tutorial.py took 0.121 seconds
[2024-05-25T22:19:12.380+0000] {processor.py:161} INFO - Started process (PID=2077) to work on /home/airflow/.local/lib/python3.12/site-packages/airflow/example_dags/example_params_ui_tutorial.py
[2024-05-25T22:19:12.381+0000] {processor.py:830} INFO - Processing file /home/airflow/.local/lib/python3.12/site-packages/airflow/example_dags/example_params_ui_tutorial.py for tasks to queue
[2024-05-25T22:19:12.384+0000] {logging_mixin.py:188} INFO - [2024-05-25T22:19:12.383+0000] {dagbag.py:545} INFO - Filling up the DagBag from /home/airflow/.local/lib/python3.12/site-packages/airflow/example_dags/example_params_ui_tutorial.py
[2024-05-25T22:19:12.400+0000] {processor.py:840} INFO - DAG(s) 'example_params_ui_tutorial' retrieved from /home/airflow/.local/lib/python3.12/site-packages/airflow/example_dags/example_params_ui_tutorial.py
[2024-05-25T22:19:12.476+0000] {logging_mixin.py:188} INFO - [2024-05-25T22:19:12.475+0000] {dag.py:3096} INFO - Sync 1 DAGs
[2024-05-25T22:19:12.494+0000] {logging_mixin.py:188} INFO - [2024-05-25T22:19:12.494+0000] {dag.py:3954} INFO - Setting next_dagrun for example_params_ui_tutorial to None, run_after=None
[2024-05-25T22:19:12.530+0000] {processor.py:183} INFO - Processing /home/airflow/.local/lib/python3.12/site-packages/airflow/example_dags/example_params_ui_tutorial.py took 0.157 seconds
