[2024-05-25T22:01:25.118+0000] {processor.py:161} INFO - Started process (PID=26) to work on /home/airflow/.local/lib/python3.12/site-packages/airflow/example_dags/example_skip_dag.py
[2024-05-25T22:01:25.119+0000] {processor.py:830} INFO - Processing file /home/airflow/.local/lib/python3.12/site-packages/airflow/example_dags/example_skip_dag.py for tasks to queue
[2024-05-25T22:01:25.123+0000] {logging_mixin.py:188} INFO - [2024-05-25T22:01:25.121+0000] {dagbag.py:545} INFO - Filling up the DagBag from /home/airflow/.local/lib/python3.12/site-packages/airflow/example_dags/example_skip_dag.py
[2024-05-25T22:01:25.140+0000] {processor.py:840} INFO - DAG(s) 'example_skip_dag' retrieved from /home/airflow/.local/lib/python3.12/site-packages/airflow/example_dags/example_skip_dag.py
[2024-05-25T22:01:25.187+0000] {logging_mixin.py:188} INFO - [2024-05-25T22:01:25.187+0000] {dag.py:3096} INFO - Sync 1 DAGs
[2024-05-25T22:01:25.216+0000] {logging_mixin.py:188} INFO - [2024-05-25T22:01:25.215+0000] {dag.py:3954} INFO - Setting next_dagrun for example_skip_dag to 2024-05-24 00:00:00+00:00, run_after=2024-05-25 00:00:00+00:00
[2024-05-25T22:01:25.237+0000] {processor.py:183} INFO - Processing /home/airflow/.local/lib/python3.12/site-packages/airflow/example_dags/example_skip_dag.py took 0.126 seconds
[2024-05-25T22:01:55.659+0000] {processor.py:161} INFO - Started process (PID=84) to work on /home/airflow/.local/lib/python3.12/site-packages/airflow/example_dags/example_skip_dag.py
[2024-05-25T22:01:55.664+0000] {processor.py:830} INFO - Processing file /home/airflow/.local/lib/python3.12/site-packages/airflow/example_dags/example_skip_dag.py for tasks to queue
[2024-05-25T22:01:55.666+0000] {logging_mixin.py:188} INFO - [2024-05-25T22:01:55.666+0000] {dagbag.py:545} INFO - Filling up the DagBag from /home/airflow/.local/lib/python3.12/site-packages/airflow/example_dags/example_skip_dag.py
[2024-05-25T22:01:55.675+0000] {processor.py:840} INFO - DAG(s) 'example_skip_dag' retrieved from /home/airflow/.local/lib/python3.12/site-packages/airflow/example_dags/example_skip_dag.py
[2024-05-25T22:01:55.797+0000] {logging_mixin.py:188} INFO - [2024-05-25T22:01:55.797+0000] {dag.py:3096} INFO - Sync 1 DAGs
[2024-05-25T22:01:55.821+0000] {logging_mixin.py:188} INFO - [2024-05-25T22:01:55.821+0000] {dag.py:3954} INFO - Setting next_dagrun for example_skip_dag to 2024-05-24 00:00:00+00:00, run_after=2024-05-25 00:00:00+00:00
[2024-05-25T22:01:55.844+0000] {processor.py:183} INFO - Processing /home/airflow/.local/lib/python3.12/site-packages/airflow/example_dags/example_skip_dag.py took 0.201 seconds
[2024-05-25T22:02:25.917+0000] {processor.py:161} INFO - Started process (PID=142) to work on /home/airflow/.local/lib/python3.12/site-packages/airflow/example_dags/example_skip_dag.py
[2024-05-25T22:02:25.919+0000] {processor.py:830} INFO - Processing file /home/airflow/.local/lib/python3.12/site-packages/airflow/example_dags/example_skip_dag.py for tasks to queue
[2024-05-25T22:02:25.924+0000] {logging_mixin.py:188} INFO - [2024-05-25T22:02:25.923+0000] {dagbag.py:545} INFO - Filling up the DagBag from /home/airflow/.local/lib/python3.12/site-packages/airflow/example_dags/example_skip_dag.py
[2024-05-25T22:02:25.941+0000] {processor.py:840} INFO - DAG(s) 'example_skip_dag' retrieved from /home/airflow/.local/lib/python3.12/site-packages/airflow/example_dags/example_skip_dag.py
[2024-05-25T22:02:25.973+0000] {logging_mixin.py:188} INFO - [2024-05-25T22:02:25.973+0000] {dag.py:3096} INFO - Sync 1 DAGs
[2024-05-25T22:02:25.997+0000] {logging_mixin.py:188} INFO - [2024-05-25T22:02:25.996+0000] {dag.py:3954} INFO - Setting next_dagrun for example_skip_dag to 2024-05-24 00:00:00+00:00, run_after=2024-05-25 00:00:00+00:00
[2024-05-25T22:02:26.015+0000] {processor.py:183} INFO - Processing /home/airflow/.local/lib/python3.12/site-packages/airflow/example_dags/example_skip_dag.py took 0.113 seconds
[2024-05-25T22:02:56.296+0000] {processor.py:161} INFO - Started process (PID=200) to work on /home/airflow/.local/lib/python3.12/site-packages/airflow/example_dags/example_skip_dag.py
[2024-05-25T22:02:56.298+0000] {processor.py:830} INFO - Processing file /home/airflow/.local/lib/python3.12/site-packages/airflow/example_dags/example_skip_dag.py for tasks to queue
[2024-05-25T22:02:56.304+0000] {logging_mixin.py:188} INFO - [2024-05-25T22:02:56.302+0000] {dagbag.py:545} INFO - Filling up the DagBag from /home/airflow/.local/lib/python3.12/site-packages/airflow/example_dags/example_skip_dag.py
[2024-05-25T22:02:56.321+0000] {processor.py:840} INFO - DAG(s) 'example_skip_dag' retrieved from /home/airflow/.local/lib/python3.12/site-packages/airflow/example_dags/example_skip_dag.py
[2024-05-25T22:02:56.355+0000] {logging_mixin.py:188} INFO - [2024-05-25T22:02:56.355+0000] {dag.py:3096} INFO - Sync 1 DAGs
[2024-05-25T22:02:56.385+0000] {logging_mixin.py:188} INFO - [2024-05-25T22:02:56.384+0000] {dag.py:3954} INFO - Setting next_dagrun for example_skip_dag to 2024-05-24 00:00:00+00:00, run_after=2024-05-25 00:00:00+00:00
[2024-05-25T22:02:56.411+0000] {processor.py:183} INFO - Processing /home/airflow/.local/lib/python3.12/site-packages/airflow/example_dags/example_skip_dag.py took 0.134 seconds
[2024-05-25T22:03:26.554+0000] {processor.py:161} INFO - Started process (PID=258) to work on /home/airflow/.local/lib/python3.12/site-packages/airflow/example_dags/example_skip_dag.py
[2024-05-25T22:03:26.556+0000] {processor.py:830} INFO - Processing file /home/airflow/.local/lib/python3.12/site-packages/airflow/example_dags/example_skip_dag.py for tasks to queue
[2024-05-25T22:03:26.561+0000] {logging_mixin.py:188} INFO - [2024-05-25T22:03:26.560+0000] {dagbag.py:545} INFO - Filling up the DagBag from /home/airflow/.local/lib/python3.12/site-packages/airflow/example_dags/example_skip_dag.py
[2024-05-25T22:03:26.581+0000] {processor.py:840} INFO - DAG(s) 'example_skip_dag' retrieved from /home/airflow/.local/lib/python3.12/site-packages/airflow/example_dags/example_skip_dag.py
[2024-05-25T22:03:26.609+0000] {logging_mixin.py:188} INFO - [2024-05-25T22:03:26.609+0000] {dag.py:3096} INFO - Sync 1 DAGs
[2024-05-25T22:03:26.636+0000] {logging_mixin.py:188} INFO - [2024-05-25T22:03:26.636+0000] {dag.py:3954} INFO - Setting next_dagrun for example_skip_dag to 2024-05-24 00:00:00+00:00, run_after=2024-05-25 00:00:00+00:00
[2024-05-25T22:03:26.663+0000] {processor.py:183} INFO - Processing /home/airflow/.local/lib/python3.12/site-packages/airflow/example_dags/example_skip_dag.py took 0.124 seconds
[2024-05-25T22:03:57.191+0000] {processor.py:161} INFO - Started process (PID=316) to work on /home/airflow/.local/lib/python3.12/site-packages/airflow/example_dags/example_skip_dag.py
[2024-05-25T22:03:57.192+0000] {processor.py:830} INFO - Processing file /home/airflow/.local/lib/python3.12/site-packages/airflow/example_dags/example_skip_dag.py for tasks to queue
[2024-05-25T22:03:57.194+0000] {logging_mixin.py:188} INFO - [2024-05-25T22:03:57.193+0000] {dagbag.py:545} INFO - Filling up the DagBag from /home/airflow/.local/lib/python3.12/site-packages/airflow/example_dags/example_skip_dag.py
[2024-05-25T22:03:57.202+0000] {processor.py:840} INFO - DAG(s) 'example_skip_dag' retrieved from /home/airflow/.local/lib/python3.12/site-packages/airflow/example_dags/example_skip_dag.py
[2024-05-25T22:03:57.249+0000] {logging_mixin.py:188} INFO - [2024-05-25T22:03:57.249+0000] {dag.py:3096} INFO - Sync 1 DAGs
[2024-05-25T22:03:57.275+0000] {logging_mixin.py:188} INFO - [2024-05-25T22:03:57.275+0000] {dag.py:3954} INFO - Setting next_dagrun for example_skip_dag to 2024-05-24 00:00:00+00:00, run_after=2024-05-25 00:00:00+00:00
[2024-05-25T22:03:57.299+0000] {processor.py:183} INFO - Processing /home/airflow/.local/lib/python3.12/site-packages/airflow/example_dags/example_skip_dag.py took 0.115 seconds
[2024-05-25T22:04:27.858+0000] {processor.py:161} INFO - Started process (PID=374) to work on /home/airflow/.local/lib/python3.12/site-packages/airflow/example_dags/example_skip_dag.py
[2024-05-25T22:04:27.862+0000] {processor.py:830} INFO - Processing file /home/airflow/.local/lib/python3.12/site-packages/airflow/example_dags/example_skip_dag.py for tasks to queue
[2024-05-25T22:04:27.868+0000] {logging_mixin.py:188} INFO - [2024-05-25T22:04:27.867+0000] {dagbag.py:545} INFO - Filling up the DagBag from /home/airflow/.local/lib/python3.12/site-packages/airflow/example_dags/example_skip_dag.py
[2024-05-25T22:04:27.885+0000] {processor.py:840} INFO - DAG(s) 'example_skip_dag' retrieved from /home/airflow/.local/lib/python3.12/site-packages/airflow/example_dags/example_skip_dag.py
[2024-05-25T22:04:27.933+0000] {logging_mixin.py:188} INFO - [2024-05-25T22:04:27.933+0000] {dag.py:3096} INFO - Sync 1 DAGs
[2024-05-25T22:04:27.962+0000] {logging_mixin.py:188} INFO - [2024-05-25T22:04:27.962+0000] {dag.py:3954} INFO - Setting next_dagrun for example_skip_dag to 2024-05-24 00:00:00+00:00, run_after=2024-05-25 00:00:00+00:00
[2024-05-25T22:04:27.989+0000] {processor.py:183} INFO - Processing /home/airflow/.local/lib/python3.12/site-packages/airflow/example_dags/example_skip_dag.py took 0.152 seconds
[2024-05-25T22:04:58.235+0000] {processor.py:161} INFO - Started process (PID=431) to work on /home/airflow/.local/lib/python3.12/site-packages/airflow/example_dags/example_skip_dag.py
[2024-05-25T22:04:58.237+0000] {processor.py:830} INFO - Processing file /home/airflow/.local/lib/python3.12/site-packages/airflow/example_dags/example_skip_dag.py for tasks to queue
[2024-05-25T22:04:58.246+0000] {logging_mixin.py:188} INFO - [2024-05-25T22:04:58.245+0000] {dagbag.py:545} INFO - Filling up the DagBag from /home/airflow/.local/lib/python3.12/site-packages/airflow/example_dags/example_skip_dag.py
[2024-05-25T22:04:58.263+0000] {processor.py:840} INFO - DAG(s) 'example_skip_dag' retrieved from /home/airflow/.local/lib/python3.12/site-packages/airflow/example_dags/example_skip_dag.py
[2024-05-25T22:04:58.288+0000] {logging_mixin.py:188} INFO - [2024-05-25T22:04:58.287+0000] {dag.py:3096} INFO - Sync 1 DAGs
[2024-05-25T22:04:58.311+0000] {logging_mixin.py:188} INFO - [2024-05-25T22:04:58.311+0000] {dag.py:3954} INFO - Setting next_dagrun for example_skip_dag to 2024-05-24 00:00:00+00:00, run_after=2024-05-25 00:00:00+00:00
[2024-05-25T22:04:58.332+0000] {processor.py:183} INFO - Processing /home/airflow/.local/lib/python3.12/site-packages/airflow/example_dags/example_skip_dag.py took 0.107 seconds
[2024-05-25T22:05:28.645+0000] {processor.py:161} INFO - Started process (PID=489) to work on /home/airflow/.local/lib/python3.12/site-packages/airflow/example_dags/example_skip_dag.py
[2024-05-25T22:05:28.649+0000] {processor.py:830} INFO - Processing file /home/airflow/.local/lib/python3.12/site-packages/airflow/example_dags/example_skip_dag.py for tasks to queue
[2024-05-25T22:05:28.654+0000] {logging_mixin.py:188} INFO - [2024-05-25T22:05:28.653+0000] {dagbag.py:545} INFO - Filling up the DagBag from /home/airflow/.local/lib/python3.12/site-packages/airflow/example_dags/example_skip_dag.py
[2024-05-25T22:05:28.673+0000] {processor.py:840} INFO - DAG(s) 'example_skip_dag' retrieved from /home/airflow/.local/lib/python3.12/site-packages/airflow/example_dags/example_skip_dag.py
[2024-05-25T22:05:28.707+0000] {logging_mixin.py:188} INFO - [2024-05-25T22:05:28.706+0000] {dag.py:3096} INFO - Sync 1 DAGs
[2024-05-25T22:05:28.736+0000] {logging_mixin.py:188} INFO - [2024-05-25T22:05:28.736+0000] {dag.py:3954} INFO - Setting next_dagrun for example_skip_dag to 2024-05-24 00:00:00+00:00, run_after=2024-05-25 00:00:00+00:00
[2024-05-25T22:05:28.762+0000] {processor.py:183} INFO - Processing /home/airflow/.local/lib/python3.12/site-packages/airflow/example_dags/example_skip_dag.py took 0.133 seconds
[2024-05-25T22:05:59.076+0000] {processor.py:161} INFO - Started process (PID=546) to work on /home/airflow/.local/lib/python3.12/site-packages/airflow/example_dags/example_skip_dag.py
[2024-05-25T22:05:59.078+0000] {processor.py:830} INFO - Processing file /home/airflow/.local/lib/python3.12/site-packages/airflow/example_dags/example_skip_dag.py for tasks to queue
[2024-05-25T22:05:59.082+0000] {logging_mixin.py:188} INFO - [2024-05-25T22:05:59.081+0000] {dagbag.py:545} INFO - Filling up the DagBag from /home/airflow/.local/lib/python3.12/site-packages/airflow/example_dags/example_skip_dag.py
[2024-05-25T22:05:59.101+0000] {processor.py:840} INFO - DAG(s) 'example_skip_dag' retrieved from /home/airflow/.local/lib/python3.12/site-packages/airflow/example_dags/example_skip_dag.py
[2024-05-25T22:05:59.129+0000] {logging_mixin.py:188} INFO - [2024-05-25T22:05:59.129+0000] {dag.py:3096} INFO - Sync 1 DAGs
[2024-05-25T22:05:59.156+0000] {logging_mixin.py:188} INFO - [2024-05-25T22:05:59.156+0000] {dag.py:3954} INFO - Setting next_dagrun for example_skip_dag to 2024-05-24 00:00:00+00:00, run_after=2024-05-25 00:00:00+00:00
[2024-05-25T22:05:59.180+0000] {processor.py:183} INFO - Processing /home/airflow/.local/lib/python3.12/site-packages/airflow/example_dags/example_skip_dag.py took 0.118 seconds
[2024-05-25T22:06:29.556+0000] {processor.py:161} INFO - Started process (PID=603) to work on /home/airflow/.local/lib/python3.12/site-packages/airflow/example_dags/example_skip_dag.py
[2024-05-25T22:06:29.558+0000] {processor.py:830} INFO - Processing file /home/airflow/.local/lib/python3.12/site-packages/airflow/example_dags/example_skip_dag.py for tasks to queue
[2024-05-25T22:06:29.563+0000] {logging_mixin.py:188} INFO - [2024-05-25T22:06:29.563+0000] {dagbag.py:545} INFO - Filling up the DagBag from /home/airflow/.local/lib/python3.12/site-packages/airflow/example_dags/example_skip_dag.py
[2024-05-25T22:06:29.581+0000] {processor.py:840} INFO - DAG(s) 'example_skip_dag' retrieved from /home/airflow/.local/lib/python3.12/site-packages/airflow/example_dags/example_skip_dag.py
[2024-05-25T22:06:29.610+0000] {logging_mixin.py:188} INFO - [2024-05-25T22:06:29.609+0000] {dag.py:3096} INFO - Sync 1 DAGs
[2024-05-25T22:06:29.635+0000] {logging_mixin.py:188} INFO - [2024-05-25T22:06:29.635+0000] {dag.py:3954} INFO - Setting next_dagrun for example_skip_dag to 2024-05-24 00:00:00+00:00, run_after=2024-05-25 00:00:00+00:00
[2024-05-25T22:06:29.662+0000] {processor.py:183} INFO - Processing /home/airflow/.local/lib/python3.12/site-packages/airflow/example_dags/example_skip_dag.py took 0.123 seconds
[2024-05-25T22:06:59.970+0000] {processor.py:161} INFO - Started process (PID=660) to work on /home/airflow/.local/lib/python3.12/site-packages/airflow/example_dags/example_skip_dag.py
[2024-05-25T22:06:59.972+0000] {processor.py:830} INFO - Processing file /home/airflow/.local/lib/python3.12/site-packages/airflow/example_dags/example_skip_dag.py for tasks to queue
[2024-05-25T22:06:59.977+0000] {logging_mixin.py:188} INFO - [2024-05-25T22:06:59.976+0000] {dagbag.py:545} INFO - Filling up the DagBag from /home/airflow/.local/lib/python3.12/site-packages/airflow/example_dags/example_skip_dag.py
[2024-05-25T22:06:59.993+0000] {processor.py:840} INFO - DAG(s) 'example_skip_dag' retrieved from /home/airflow/.local/lib/python3.12/site-packages/airflow/example_dags/example_skip_dag.py
[2024-05-25T22:07:00.038+0000] {logging_mixin.py:188} INFO - [2024-05-25T22:07:00.037+0000] {dag.py:3096} INFO - Sync 1 DAGs
[2024-05-25T22:07:00.065+0000] {logging_mixin.py:188} INFO - [2024-05-25T22:07:00.065+0000] {dag.py:3954} INFO - Setting next_dagrun for example_skip_dag to 2024-05-24 00:00:00+00:00, run_after=2024-05-25 00:00:00+00:00
[2024-05-25T22:07:00.085+0000] {processor.py:183} INFO - Processing /home/airflow/.local/lib/python3.12/site-packages/airflow/example_dags/example_skip_dag.py took 0.133 seconds
[2024-05-25T22:07:30.586+0000] {processor.py:161} INFO - Started process (PID=718) to work on /home/airflow/.local/lib/python3.12/site-packages/airflow/example_dags/example_skip_dag.py
[2024-05-25T22:07:30.591+0000] {processor.py:830} INFO - Processing file /home/airflow/.local/lib/python3.12/site-packages/airflow/example_dags/example_skip_dag.py for tasks to queue
[2024-05-25T22:07:30.596+0000] {logging_mixin.py:188} INFO - [2024-05-25T22:07:30.595+0000] {dagbag.py:545} INFO - Filling up the DagBag from /home/airflow/.local/lib/python3.12/site-packages/airflow/example_dags/example_skip_dag.py
[2024-05-25T22:07:30.615+0000] {processor.py:840} INFO - DAG(s) 'example_skip_dag' retrieved from /home/airflow/.local/lib/python3.12/site-packages/airflow/example_dags/example_skip_dag.py
[2024-05-25T22:07:30.667+0000] {logging_mixin.py:188} INFO - [2024-05-25T22:07:30.666+0000] {dag.py:3096} INFO - Sync 1 DAGs
[2024-05-25T22:07:30.695+0000] {logging_mixin.py:188} INFO - [2024-05-25T22:07:30.694+0000] {dag.py:3954} INFO - Setting next_dagrun for example_skip_dag to 2024-05-24 00:00:00+00:00, run_after=2024-05-25 00:00:00+00:00
[2024-05-25T22:07:30.722+0000] {processor.py:183} INFO - Processing /home/airflow/.local/lib/python3.12/site-packages/airflow/example_dags/example_skip_dag.py took 0.153 seconds
[2024-05-25T22:08:00.828+0000] {processor.py:161} INFO - Started process (PID=776) to work on /home/airflow/.local/lib/python3.12/site-packages/airflow/example_dags/example_skip_dag.py
[2024-05-25T22:08:00.830+0000] {processor.py:830} INFO - Processing file /home/airflow/.local/lib/python3.12/site-packages/airflow/example_dags/example_skip_dag.py for tasks to queue
[2024-05-25T22:08:00.834+0000] {logging_mixin.py:188} INFO - [2024-05-25T22:08:00.833+0000] {dagbag.py:545} INFO - Filling up the DagBag from /home/airflow/.local/lib/python3.12/site-packages/airflow/example_dags/example_skip_dag.py
[2024-05-25T22:08:00.851+0000] {processor.py:840} INFO - DAG(s) 'example_skip_dag' retrieved from /home/airflow/.local/lib/python3.12/site-packages/airflow/example_dags/example_skip_dag.py
[2024-05-25T22:08:00.881+0000] {logging_mixin.py:188} INFO - [2024-05-25T22:08:00.881+0000] {dag.py:3096} INFO - Sync 1 DAGs
[2024-05-25T22:08:00.914+0000] {logging_mixin.py:188} INFO - [2024-05-25T22:08:00.914+0000] {dag.py:3954} INFO - Setting next_dagrun for example_skip_dag to 2024-05-24 00:00:00+00:00, run_after=2024-05-25 00:00:00+00:00
[2024-05-25T22:08:00.935+0000] {processor.py:183} INFO - Processing /home/airflow/.local/lib/python3.12/site-packages/airflow/example_dags/example_skip_dag.py took 0.123 seconds
[2024-05-25T22:08:31.202+0000] {processor.py:161} INFO - Started process (PID=834) to work on /home/airflow/.local/lib/python3.12/site-packages/airflow/example_dags/example_skip_dag.py
[2024-05-25T22:08:31.206+0000] {processor.py:830} INFO - Processing file /home/airflow/.local/lib/python3.12/site-packages/airflow/example_dags/example_skip_dag.py for tasks to queue
[2024-05-25T22:08:31.212+0000] {logging_mixin.py:188} INFO - [2024-05-25T22:08:31.211+0000] {dagbag.py:545} INFO - Filling up the DagBag from /home/airflow/.local/lib/python3.12/site-packages/airflow/example_dags/example_skip_dag.py
[2024-05-25T22:08:31.227+0000] {processor.py:840} INFO - DAG(s) 'example_skip_dag' retrieved from /home/airflow/.local/lib/python3.12/site-packages/airflow/example_dags/example_skip_dag.py
[2024-05-25T22:08:31.253+0000] {logging_mixin.py:188} INFO - [2024-05-25T22:08:31.253+0000] {dag.py:3096} INFO - Sync 1 DAGs
[2024-05-25T22:08:31.280+0000] {logging_mixin.py:188} INFO - [2024-05-25T22:08:31.279+0000] {dag.py:3954} INFO - Setting next_dagrun for example_skip_dag to 2024-05-24 00:00:00+00:00, run_after=2024-05-25 00:00:00+00:00
[2024-05-25T22:08:31.303+0000] {processor.py:183} INFO - Processing /home/airflow/.local/lib/python3.12/site-packages/airflow/example_dags/example_skip_dag.py took 0.118 seconds
[2024-05-25T22:09:01.391+0000] {processor.py:161} INFO - Started process (PID=892) to work on /home/airflow/.local/lib/python3.12/site-packages/airflow/example_dags/example_skip_dag.py
[2024-05-25T22:09:01.393+0000] {processor.py:830} INFO - Processing file /home/airflow/.local/lib/python3.12/site-packages/airflow/example_dags/example_skip_dag.py for tasks to queue
[2024-05-25T22:09:01.398+0000] {logging_mixin.py:188} INFO - [2024-05-25T22:09:01.397+0000] {dagbag.py:545} INFO - Filling up the DagBag from /home/airflow/.local/lib/python3.12/site-packages/airflow/example_dags/example_skip_dag.py
[2024-05-25T22:09:01.415+0000] {processor.py:840} INFO - DAG(s) 'example_skip_dag' retrieved from /home/airflow/.local/lib/python3.12/site-packages/airflow/example_dags/example_skip_dag.py
[2024-05-25T22:09:01.445+0000] {logging_mixin.py:188} INFO - [2024-05-25T22:09:01.445+0000] {dag.py:3096} INFO - Sync 1 DAGs
[2024-05-25T22:09:01.474+0000] {logging_mixin.py:188} INFO - [2024-05-25T22:09:01.474+0000] {dag.py:3954} INFO - Setting next_dagrun for example_skip_dag to 2024-05-24 00:00:00+00:00, run_after=2024-05-25 00:00:00+00:00
[2024-05-25T22:09:01.506+0000] {processor.py:183} INFO - Processing /home/airflow/.local/lib/python3.12/site-packages/airflow/example_dags/example_skip_dag.py took 0.129 seconds
[2024-05-25T22:09:31.561+0000] {processor.py:161} INFO - Started process (PID=949) to work on /home/airflow/.local/lib/python3.12/site-packages/airflow/example_dags/example_skip_dag.py
[2024-05-25T22:09:31.563+0000] {processor.py:830} INFO - Processing file /home/airflow/.local/lib/python3.12/site-packages/airflow/example_dags/example_skip_dag.py for tasks to queue
[2024-05-25T22:09:31.568+0000] {logging_mixin.py:188} INFO - [2024-05-25T22:09:31.567+0000] {dagbag.py:545} INFO - Filling up the DagBag from /home/airflow/.local/lib/python3.12/site-packages/airflow/example_dags/example_skip_dag.py
[2024-05-25T22:09:31.585+0000] {processor.py:840} INFO - DAG(s) 'example_skip_dag' retrieved from /home/airflow/.local/lib/python3.12/site-packages/airflow/example_dags/example_skip_dag.py
[2024-05-25T22:09:31.614+0000] {logging_mixin.py:188} INFO - [2024-05-25T22:09:31.613+0000] {dag.py:3096} INFO - Sync 1 DAGs
[2024-05-25T22:09:31.641+0000] {logging_mixin.py:188} INFO - [2024-05-25T22:09:31.641+0000] {dag.py:3954} INFO - Setting next_dagrun for example_skip_dag to 2024-05-24 00:00:00+00:00, run_after=2024-05-25 00:00:00+00:00
[2024-05-25T22:09:31.663+0000] {processor.py:183} INFO - Processing /home/airflow/.local/lib/python3.12/site-packages/airflow/example_dags/example_skip_dag.py took 0.117 seconds
[2024-05-25T22:10:02.197+0000] {processor.py:161} INFO - Started process (PID=1007) to work on /home/airflow/.local/lib/python3.12/site-packages/airflow/example_dags/example_skip_dag.py
[2024-05-25T22:10:02.199+0000] {processor.py:830} INFO - Processing file /home/airflow/.local/lib/python3.12/site-packages/airflow/example_dags/example_skip_dag.py for tasks to queue
[2024-05-25T22:10:02.205+0000] {logging_mixin.py:188} INFO - [2024-05-25T22:10:02.204+0000] {dagbag.py:545} INFO - Filling up the DagBag from /home/airflow/.local/lib/python3.12/site-packages/airflow/example_dags/example_skip_dag.py
[2024-05-25T22:10:02.221+0000] {processor.py:840} INFO - DAG(s) 'example_skip_dag' retrieved from /home/airflow/.local/lib/python3.12/site-packages/airflow/example_dags/example_skip_dag.py
[2024-05-25T22:10:02.263+0000] {logging_mixin.py:188} INFO - [2024-05-25T22:10:02.262+0000] {dag.py:3096} INFO - Sync 1 DAGs
[2024-05-25T22:10:02.291+0000] {logging_mixin.py:188} INFO - [2024-05-25T22:10:02.290+0000] {dag.py:3954} INFO - Setting next_dagrun for example_skip_dag to 2024-05-24 00:00:00+00:00, run_after=2024-05-25 00:00:00+00:00
[2024-05-25T22:10:02.314+0000] {processor.py:183} INFO - Processing /home/airflow/.local/lib/python3.12/site-packages/airflow/example_dags/example_skip_dag.py took 0.132 seconds
[2024-05-25T22:10:32.571+0000] {processor.py:161} INFO - Started process (PID=1065) to work on /home/airflow/.local/lib/python3.12/site-packages/airflow/example_dags/example_skip_dag.py
[2024-05-25T22:10:32.573+0000] {processor.py:830} INFO - Processing file /home/airflow/.local/lib/python3.12/site-packages/airflow/example_dags/example_skip_dag.py for tasks to queue
[2024-05-25T22:10:32.579+0000] {logging_mixin.py:188} INFO - [2024-05-25T22:10:32.578+0000] {dagbag.py:545} INFO - Filling up the DagBag from /home/airflow/.local/lib/python3.12/site-packages/airflow/example_dags/example_skip_dag.py
[2024-05-25T22:10:32.594+0000] {processor.py:840} INFO - DAG(s) 'example_skip_dag' retrieved from /home/airflow/.local/lib/python3.12/site-packages/airflow/example_dags/example_skip_dag.py
[2024-05-25T22:10:32.642+0000] {logging_mixin.py:188} INFO - [2024-05-25T22:10:32.641+0000] {dag.py:3096} INFO - Sync 1 DAGs
[2024-05-25T22:10:32.682+0000] {logging_mixin.py:188} INFO - [2024-05-25T22:10:32.682+0000] {dag.py:3954} INFO - Setting next_dagrun for example_skip_dag to 2024-05-24 00:00:00+00:00, run_after=2024-05-25 00:00:00+00:00
[2024-05-25T22:10:32.705+0000] {processor.py:183} INFO - Processing /home/airflow/.local/lib/python3.12/site-packages/airflow/example_dags/example_skip_dag.py took 0.148 seconds
[2024-05-25T22:11:03.190+0000] {processor.py:161} INFO - Started process (PID=1122) to work on /home/airflow/.local/lib/python3.12/site-packages/airflow/example_dags/example_skip_dag.py
[2024-05-25T22:11:03.192+0000] {processor.py:830} INFO - Processing file /home/airflow/.local/lib/python3.12/site-packages/airflow/example_dags/example_skip_dag.py for tasks to queue
[2024-05-25T22:11:03.198+0000] {logging_mixin.py:188} INFO - [2024-05-25T22:11:03.197+0000] {dagbag.py:545} INFO - Filling up the DagBag from /home/airflow/.local/lib/python3.12/site-packages/airflow/example_dags/example_skip_dag.py
[2024-05-25T22:11:03.214+0000] {processor.py:840} INFO - DAG(s) 'example_skip_dag' retrieved from /home/airflow/.local/lib/python3.12/site-packages/airflow/example_dags/example_skip_dag.py
[2024-05-25T22:11:03.240+0000] {logging_mixin.py:188} INFO - [2024-05-25T22:11:03.239+0000] {dag.py:3096} INFO - Sync 1 DAGs
[2024-05-25T22:11:03.268+0000] {logging_mixin.py:188} INFO - [2024-05-25T22:11:03.267+0000] {dag.py:3954} INFO - Setting next_dagrun for example_skip_dag to 2024-05-24 00:00:00+00:00, run_after=2024-05-25 00:00:00+00:00
[2024-05-25T22:11:03.291+0000] {processor.py:183} INFO - Processing /home/airflow/.local/lib/python3.12/site-packages/airflow/example_dags/example_skip_dag.py took 0.115 seconds
[2024-05-25T22:11:33.621+0000] {processor.py:161} INFO - Started process (PID=1179) to work on /home/airflow/.local/lib/python3.12/site-packages/airflow/example_dags/example_skip_dag.py
[2024-05-25T22:11:33.623+0000] {processor.py:830} INFO - Processing file /home/airflow/.local/lib/python3.12/site-packages/airflow/example_dags/example_skip_dag.py for tasks to queue
[2024-05-25T22:11:33.628+0000] {logging_mixin.py:188} INFO - [2024-05-25T22:11:33.627+0000] {dagbag.py:545} INFO - Filling up the DagBag from /home/airflow/.local/lib/python3.12/site-packages/airflow/example_dags/example_skip_dag.py
[2024-05-25T22:11:33.644+0000] {processor.py:840} INFO - DAG(s) 'example_skip_dag' retrieved from /home/airflow/.local/lib/python3.12/site-packages/airflow/example_dags/example_skip_dag.py
[2024-05-25T22:11:33.677+0000] {logging_mixin.py:188} INFO - [2024-05-25T22:11:33.676+0000] {dag.py:3096} INFO - Sync 1 DAGs
[2024-05-25T22:11:33.706+0000] {logging_mixin.py:188} INFO - [2024-05-25T22:11:33.705+0000] {dag.py:3954} INFO - Setting next_dagrun for example_skip_dag to 2024-05-24 00:00:00+00:00, run_after=2024-05-25 00:00:00+00:00
[2024-05-25T22:11:33.727+0000] {processor.py:183} INFO - Processing /home/airflow/.local/lib/python3.12/site-packages/airflow/example_dags/example_skip_dag.py took 0.122 seconds
[2024-05-25T22:12:04.214+0000] {processor.py:161} INFO - Started process (PID=1237) to work on /home/airflow/.local/lib/python3.12/site-packages/airflow/example_dags/example_skip_dag.py
[2024-05-25T22:12:04.216+0000] {processor.py:830} INFO - Processing file /home/airflow/.local/lib/python3.12/site-packages/airflow/example_dags/example_skip_dag.py for tasks to queue
[2024-05-25T22:12:04.224+0000] {logging_mixin.py:188} INFO - [2024-05-25T22:12:04.223+0000] {dagbag.py:545} INFO - Filling up the DagBag from /home/airflow/.local/lib/python3.12/site-packages/airflow/example_dags/example_skip_dag.py
[2024-05-25T22:12:04.242+0000] {processor.py:840} INFO - DAG(s) 'example_skip_dag' retrieved from /home/airflow/.local/lib/python3.12/site-packages/airflow/example_dags/example_skip_dag.py
[2024-05-25T22:12:04.292+0000] {logging_mixin.py:188} INFO - [2024-05-25T22:12:04.291+0000] {dag.py:3096} INFO - Sync 1 DAGs
[2024-05-25T22:12:04.325+0000] {logging_mixin.py:188} INFO - [2024-05-25T22:12:04.325+0000] {dag.py:3954} INFO - Setting next_dagrun for example_skip_dag to 2024-05-24 00:00:00+00:00, run_after=2024-05-25 00:00:00+00:00
[2024-05-25T22:12:04.349+0000] {processor.py:183} INFO - Processing /home/airflow/.local/lib/python3.12/site-packages/airflow/example_dags/example_skip_dag.py took 0.151 seconds
[2024-05-25T22:12:34.848+0000] {processor.py:161} INFO - Started process (PID=1294) to work on /home/airflow/.local/lib/python3.12/site-packages/airflow/example_dags/example_skip_dag.py
[2024-05-25T22:12:34.849+0000] {processor.py:830} INFO - Processing file /home/airflow/.local/lib/python3.12/site-packages/airflow/example_dags/example_skip_dag.py for tasks to queue
[2024-05-25T22:12:34.856+0000] {logging_mixin.py:188} INFO - [2024-05-25T22:12:34.855+0000] {dagbag.py:545} INFO - Filling up the DagBag from /home/airflow/.local/lib/python3.12/site-packages/airflow/example_dags/example_skip_dag.py
[2024-05-25T22:12:34.871+0000] {processor.py:840} INFO - DAG(s) 'example_skip_dag' retrieved from /home/airflow/.local/lib/python3.12/site-packages/airflow/example_dags/example_skip_dag.py
[2024-05-25T22:12:34.895+0000] {logging_mixin.py:188} INFO - [2024-05-25T22:12:34.894+0000] {dag.py:3096} INFO - Sync 1 DAGs
[2024-05-25T22:12:34.926+0000] {logging_mixin.py:188} INFO - [2024-05-25T22:12:34.926+0000] {dag.py:3954} INFO - Setting next_dagrun for example_skip_dag to 2024-05-24 00:00:00+00:00, run_after=2024-05-25 00:00:00+00:00
[2024-05-25T22:12:34.950+0000] {processor.py:183} INFO - Processing /home/airflow/.local/lib/python3.12/site-packages/airflow/example_dags/example_skip_dag.py took 0.118 seconds
[2024-05-25T22:13:05.350+0000] {processor.py:161} INFO - Started process (PID=1367) to work on /home/airflow/.local/lib/python3.12/site-packages/airflow/example_dags/example_skip_dag.py
[2024-05-25T22:13:05.351+0000] {processor.py:830} INFO - Processing file /home/airflow/.local/lib/python3.12/site-packages/airflow/example_dags/example_skip_dag.py for tasks to queue
[2024-05-25T22:13:05.357+0000] {logging_mixin.py:188} INFO - [2024-05-25T22:13:05.356+0000] {dagbag.py:545} INFO - Filling up the DagBag from /home/airflow/.local/lib/python3.12/site-packages/airflow/example_dags/example_skip_dag.py
[2024-05-25T22:13:05.367+0000] {processor.py:840} INFO - DAG(s) 'example_skip_dag' retrieved from /home/airflow/.local/lib/python3.12/site-packages/airflow/example_dags/example_skip_dag.py
[2024-05-25T22:13:05.400+0000] {logging_mixin.py:188} INFO - [2024-05-25T22:13:05.400+0000] {dag.py:3096} INFO - Sync 1 DAGs
[2024-05-25T22:13:05.436+0000] {logging_mixin.py:188} INFO - [2024-05-25T22:13:05.435+0000] {dag.py:3954} INFO - Setting next_dagrun for example_skip_dag to 2024-05-24 00:00:00+00:00, run_after=2024-05-25 00:00:00+00:00
[2024-05-25T22:13:05.484+0000] {processor.py:183} INFO - Processing /home/airflow/.local/lib/python3.12/site-packages/airflow/example_dags/example_skip_dag.py took 0.140 seconds
[2024-05-25T22:13:35.905+0000] {processor.py:161} INFO - Started process (PID=1425) to work on /home/airflow/.local/lib/python3.12/site-packages/airflow/example_dags/example_skip_dag.py
[2024-05-25T22:13:35.907+0000] {processor.py:830} INFO - Processing file /home/airflow/.local/lib/python3.12/site-packages/airflow/example_dags/example_skip_dag.py for tasks to queue
[2024-05-25T22:13:35.913+0000] {logging_mixin.py:188} INFO - [2024-05-25T22:13:35.910+0000] {dagbag.py:545} INFO - Filling up the DagBag from /home/airflow/.local/lib/python3.12/site-packages/airflow/example_dags/example_skip_dag.py
[2024-05-25T22:13:35.928+0000] {processor.py:840} INFO - DAG(s) 'example_skip_dag' retrieved from /home/airflow/.local/lib/python3.12/site-packages/airflow/example_dags/example_skip_dag.py
[2024-05-25T22:13:35.959+0000] {logging_mixin.py:188} INFO - [2024-05-25T22:13:35.959+0000] {dag.py:3096} INFO - Sync 1 DAGs
[2024-05-25T22:13:35.996+0000] {logging_mixin.py:188} INFO - [2024-05-25T22:13:35.996+0000] {dag.py:3954} INFO - Setting next_dagrun for example_skip_dag to 2024-05-24 00:00:00+00:00, run_after=2024-05-25 00:00:00+00:00
[2024-05-25T22:13:36.023+0000] {processor.py:183} INFO - Processing /home/airflow/.local/lib/python3.12/site-packages/airflow/example_dags/example_skip_dag.py took 0.133 seconds
[2024-05-25T22:14:06.100+0000] {processor.py:161} INFO - Started process (PID=1483) to work on /home/airflow/.local/lib/python3.12/site-packages/airflow/example_dags/example_skip_dag.py
[2024-05-25T22:14:06.103+0000] {processor.py:830} INFO - Processing file /home/airflow/.local/lib/python3.12/site-packages/airflow/example_dags/example_skip_dag.py for tasks to queue
[2024-05-25T22:14:06.112+0000] {logging_mixin.py:188} INFO - [2024-05-25T22:14:06.109+0000] {dagbag.py:545} INFO - Filling up the DagBag from /home/airflow/.local/lib/python3.12/site-packages/airflow/example_dags/example_skip_dag.py
[2024-05-25T22:14:06.127+0000] {processor.py:840} INFO - DAG(s) 'example_skip_dag' retrieved from /home/airflow/.local/lib/python3.12/site-packages/airflow/example_dags/example_skip_dag.py
[2024-05-25T22:14:06.152+0000] {logging_mixin.py:188} INFO - [2024-05-25T22:14:06.152+0000] {dag.py:3096} INFO - Sync 1 DAGs
[2024-05-25T22:14:06.178+0000] {logging_mixin.py:188} INFO - [2024-05-25T22:14:06.178+0000] {dag.py:3954} INFO - Setting next_dagrun for example_skip_dag to 2024-05-24 00:00:00+00:00, run_after=2024-05-25 00:00:00+00:00
[2024-05-25T22:14:06.200+0000] {processor.py:183} INFO - Processing /home/airflow/.local/lib/python3.12/site-packages/airflow/example_dags/example_skip_dag.py took 0.117 seconds
[2024-05-25T22:14:36.355+0000] {processor.py:161} INFO - Started process (PID=1541) to work on /home/airflow/.local/lib/python3.12/site-packages/airflow/example_dags/example_skip_dag.py
[2024-05-25T22:14:36.356+0000] {processor.py:830} INFO - Processing file /home/airflow/.local/lib/python3.12/site-packages/airflow/example_dags/example_skip_dag.py for tasks to queue
[2024-05-25T22:14:36.362+0000] {logging_mixin.py:188} INFO - [2024-05-25T22:14:36.360+0000] {dagbag.py:545} INFO - Filling up the DagBag from /home/airflow/.local/lib/python3.12/site-packages/airflow/example_dags/example_skip_dag.py
[2024-05-25T22:14:36.374+0000] {processor.py:840} INFO - DAG(s) 'example_skip_dag' retrieved from /home/airflow/.local/lib/python3.12/site-packages/airflow/example_dags/example_skip_dag.py
[2024-05-25T22:14:36.413+0000] {logging_mixin.py:188} INFO - [2024-05-25T22:14:36.413+0000] {dag.py:3096} INFO - Sync 1 DAGs
[2024-05-25T22:14:36.442+0000] {logging_mixin.py:188} INFO - [2024-05-25T22:14:36.442+0000] {dag.py:3954} INFO - Setting next_dagrun for example_skip_dag to 2024-05-24 00:00:00+00:00, run_after=2024-05-25 00:00:00+00:00
[2024-05-25T22:14:36.465+0000] {processor.py:183} INFO - Processing /home/airflow/.local/lib/python3.12/site-packages/airflow/example_dags/example_skip_dag.py took 0.121 seconds
[2024-05-25T22:15:06.690+0000] {processor.py:161} INFO - Started process (PID=1600) to work on /home/airflow/.local/lib/python3.12/site-packages/airflow/example_dags/example_skip_dag.py
[2024-05-25T22:15:06.692+0000] {processor.py:830} INFO - Processing file /home/airflow/.local/lib/python3.12/site-packages/airflow/example_dags/example_skip_dag.py for tasks to queue
[2024-05-25T22:15:06.697+0000] {logging_mixin.py:188} INFO - [2024-05-25T22:15:06.696+0000] {dagbag.py:545} INFO - Filling up the DagBag from /home/airflow/.local/lib/python3.12/site-packages/airflow/example_dags/example_skip_dag.py
[2024-05-25T22:15:06.714+0000] {processor.py:840} INFO - DAG(s) 'example_skip_dag' retrieved from /home/airflow/.local/lib/python3.12/site-packages/airflow/example_dags/example_skip_dag.py
[2024-05-25T22:15:06.745+0000] {logging_mixin.py:188} INFO - [2024-05-25T22:15:06.745+0000] {dag.py:3096} INFO - Sync 1 DAGs
[2024-05-25T22:15:06.773+0000] {logging_mixin.py:188} INFO - [2024-05-25T22:15:06.773+0000] {dag.py:3954} INFO - Setting next_dagrun for example_skip_dag to 2024-05-24 00:00:00+00:00, run_after=2024-05-25 00:00:00+00:00
[2024-05-25T22:15:06.801+0000] {processor.py:183} INFO - Processing /home/airflow/.local/lib/python3.12/site-packages/airflow/example_dags/example_skip_dag.py took 0.128 seconds
[2024-05-25T22:15:37.296+0000] {processor.py:161} INFO - Started process (PID=1658) to work on /home/airflow/.local/lib/python3.12/site-packages/airflow/example_dags/example_skip_dag.py
[2024-05-25T22:15:37.298+0000] {processor.py:830} INFO - Processing file /home/airflow/.local/lib/python3.12/site-packages/airflow/example_dags/example_skip_dag.py for tasks to queue
[2024-05-25T22:15:37.303+0000] {logging_mixin.py:188} INFO - [2024-05-25T22:15:37.302+0000] {dagbag.py:545} INFO - Filling up the DagBag from /home/airflow/.local/lib/python3.12/site-packages/airflow/example_dags/example_skip_dag.py
[2024-05-25T22:15:37.320+0000] {processor.py:840} INFO - DAG(s) 'example_skip_dag' retrieved from /home/airflow/.local/lib/python3.12/site-packages/airflow/example_dags/example_skip_dag.py
[2024-05-25T22:15:37.349+0000] {logging_mixin.py:188} INFO - [2024-05-25T22:15:37.349+0000] {dag.py:3096} INFO - Sync 1 DAGs
[2024-05-25T22:15:37.377+0000] {logging_mixin.py:188} INFO - [2024-05-25T22:15:37.377+0000] {dag.py:3954} INFO - Setting next_dagrun for example_skip_dag to 2024-05-24 00:00:00+00:00, run_after=2024-05-25 00:00:00+00:00
[2024-05-25T22:15:37.400+0000] {processor.py:183} INFO - Processing /home/airflow/.local/lib/python3.12/site-packages/airflow/example_dags/example_skip_dag.py took 0.120 seconds
[2024-05-25T22:16:07.707+0000] {processor.py:161} INFO - Started process (PID=1716) to work on /home/airflow/.local/lib/python3.12/site-packages/airflow/example_dags/example_skip_dag.py
[2024-05-25T22:16:07.709+0000] {processor.py:830} INFO - Processing file /home/airflow/.local/lib/python3.12/site-packages/airflow/example_dags/example_skip_dag.py for tasks to queue
[2024-05-25T22:16:07.714+0000] {logging_mixin.py:188} INFO - [2024-05-25T22:16:07.713+0000] {dagbag.py:545} INFO - Filling up the DagBag from /home/airflow/.local/lib/python3.12/site-packages/airflow/example_dags/example_skip_dag.py
[2024-05-25T22:16:07.731+0000] {processor.py:840} INFO - DAG(s) 'example_skip_dag' retrieved from /home/airflow/.local/lib/python3.12/site-packages/airflow/example_dags/example_skip_dag.py
[2024-05-25T22:16:07.776+0000] {logging_mixin.py:188} INFO - [2024-05-25T22:16:07.776+0000] {dag.py:3096} INFO - Sync 1 DAGs
[2024-05-25T22:16:07.803+0000] {logging_mixin.py:188} INFO - [2024-05-25T22:16:07.803+0000] {dag.py:3954} INFO - Setting next_dagrun for example_skip_dag to 2024-05-24 00:00:00+00:00, run_after=2024-05-25 00:00:00+00:00
[2024-05-25T22:16:07.826+0000] {processor.py:183} INFO - Processing /home/airflow/.local/lib/python3.12/site-packages/airflow/example_dags/example_skip_dag.py took 0.135 seconds
[2024-05-25T22:16:38.024+0000] {processor.py:161} INFO - Started process (PID=1774) to work on /home/airflow/.local/lib/python3.12/site-packages/airflow/example_dags/example_skip_dag.py
[2024-05-25T22:16:38.026+0000] {processor.py:830} INFO - Processing file /home/airflow/.local/lib/python3.12/site-packages/airflow/example_dags/example_skip_dag.py for tasks to queue
[2024-05-25T22:16:38.031+0000] {logging_mixin.py:188} INFO - [2024-05-25T22:16:38.030+0000] {dagbag.py:545} INFO - Filling up the DagBag from /home/airflow/.local/lib/python3.12/site-packages/airflow/example_dags/example_skip_dag.py
[2024-05-25T22:16:38.047+0000] {processor.py:840} INFO - DAG(s) 'example_skip_dag' retrieved from /home/airflow/.local/lib/python3.12/site-packages/airflow/example_dags/example_skip_dag.py
[2024-05-25T22:16:38.077+0000] {logging_mixin.py:188} INFO - [2024-05-25T22:16:38.076+0000] {dag.py:3096} INFO - Sync 1 DAGs
[2024-05-25T22:16:38.107+0000] {logging_mixin.py:188} INFO - [2024-05-25T22:16:38.107+0000] {dag.py:3954} INFO - Setting next_dagrun for example_skip_dag to 2024-05-24 00:00:00+00:00, run_after=2024-05-25 00:00:00+00:00
[2024-05-25T22:16:38.134+0000] {processor.py:183} INFO - Processing /home/airflow/.local/lib/python3.12/site-packages/airflow/example_dags/example_skip_dag.py took 0.127 seconds
[2024-05-25T22:17:08.505+0000] {processor.py:161} INFO - Started process (PID=1838) to work on /home/airflow/.local/lib/python3.12/site-packages/airflow/example_dags/example_skip_dag.py
[2024-05-25T22:17:08.506+0000] {processor.py:830} INFO - Processing file /home/airflow/.local/lib/python3.12/site-packages/airflow/example_dags/example_skip_dag.py for tasks to queue
[2024-05-25T22:17:08.515+0000] {logging_mixin.py:188} INFO - [2024-05-25T22:17:08.513+0000] {dagbag.py:545} INFO - Filling up the DagBag from /home/airflow/.local/lib/python3.12/site-packages/airflow/example_dags/example_skip_dag.py
[2024-05-25T22:17:08.525+0000] {processor.py:840} INFO - DAG(s) 'example_skip_dag' retrieved from /home/airflow/.local/lib/python3.12/site-packages/airflow/example_dags/example_skip_dag.py
[2024-05-25T22:17:08.560+0000] {logging_mixin.py:188} INFO - [2024-05-25T22:17:08.559+0000] {dag.py:3096} INFO - Sync 1 DAGs
[2024-05-25T22:17:08.593+0000] {logging_mixin.py:188} INFO - [2024-05-25T22:17:08.592+0000] {dag.py:3954} INFO - Setting next_dagrun for example_skip_dag to 2024-05-24 00:00:00+00:00, run_after=2024-05-25 00:00:00+00:00
[2024-05-25T22:17:08.618+0000] {processor.py:183} INFO - Processing /home/airflow/.local/lib/python3.12/site-packages/airflow/example_dags/example_skip_dag.py took 0.122 seconds
[2024-05-25T22:17:38.845+0000] {processor.py:161} INFO - Started process (PID=1896) to work on /home/airflow/.local/lib/python3.12/site-packages/airflow/example_dags/example_skip_dag.py
[2024-05-25T22:17:38.847+0000] {processor.py:830} INFO - Processing file /home/airflow/.local/lib/python3.12/site-packages/airflow/example_dags/example_skip_dag.py for tasks to queue
[2024-05-25T22:17:38.851+0000] {logging_mixin.py:188} INFO - [2024-05-25T22:17:38.851+0000] {dagbag.py:545} INFO - Filling up the DagBag from /home/airflow/.local/lib/python3.12/site-packages/airflow/example_dags/example_skip_dag.py
[2024-05-25T22:17:38.987+0000] {processor.py:840} INFO - DAG(s) 'example_skip_dag' retrieved from /home/airflow/.local/lib/python3.12/site-packages/airflow/example_dags/example_skip_dag.py
[2024-05-25T22:17:39.012+0000] {logging_mixin.py:188} INFO - [2024-05-25T22:17:39.012+0000] {dag.py:3096} INFO - Sync 1 DAGs
[2024-05-25T22:17:39.038+0000] {logging_mixin.py:188} INFO - [2024-05-25T22:17:39.037+0000] {dag.py:3954} INFO - Setting next_dagrun for example_skip_dag to 2024-05-24 00:00:00+00:00, run_after=2024-05-25 00:00:00+00:00
[2024-05-25T22:17:39.059+0000] {processor.py:183} INFO - Processing /home/airflow/.local/lib/python3.12/site-packages/airflow/example_dags/example_skip_dag.py took 0.228 seconds
[2024-05-25T22:18:09.186+0000] {processor.py:161} INFO - Started process (PID=1954) to work on /home/airflow/.local/lib/python3.12/site-packages/airflow/example_dags/example_skip_dag.py
[2024-05-25T22:18:09.189+0000] {processor.py:830} INFO - Processing file /home/airflow/.local/lib/python3.12/site-packages/airflow/example_dags/example_skip_dag.py for tasks to queue
[2024-05-25T22:18:09.193+0000] {logging_mixin.py:188} INFO - [2024-05-25T22:18:09.193+0000] {dagbag.py:545} INFO - Filling up the DagBag from /home/airflow/.local/lib/python3.12/site-packages/airflow/example_dags/example_skip_dag.py
[2024-05-25T22:18:09.201+0000] {processor.py:840} INFO - DAG(s) 'example_skip_dag' retrieved from /home/airflow/.local/lib/python3.12/site-packages/airflow/example_dags/example_skip_dag.py
[2024-05-25T22:18:09.251+0000] {logging_mixin.py:188} INFO - [2024-05-25T22:18:09.250+0000] {dag.py:3096} INFO - Sync 1 DAGs
[2024-05-25T22:18:09.279+0000] {logging_mixin.py:188} INFO - [2024-05-25T22:18:09.279+0000] {dag.py:3954} INFO - Setting next_dagrun for example_skip_dag to 2024-05-24 00:00:00+00:00, run_after=2024-05-25 00:00:00+00:00
[2024-05-25T22:18:09.301+0000] {processor.py:183} INFO - Processing /home/airflow/.local/lib/python3.12/site-packages/airflow/example_dags/example_skip_dag.py took 0.130 seconds
[2024-05-25T22:18:39.413+0000] {processor.py:161} INFO - Started process (PID=2012) to work on /home/airflow/.local/lib/python3.12/site-packages/airflow/example_dags/example_skip_dag.py
[2024-05-25T22:18:39.414+0000] {processor.py:830} INFO - Processing file /home/airflow/.local/lib/python3.12/site-packages/airflow/example_dags/example_skip_dag.py for tasks to queue
[2024-05-25T22:18:39.416+0000] {logging_mixin.py:188} INFO - [2024-05-25T22:18:39.416+0000] {dagbag.py:545} INFO - Filling up the DagBag from /home/airflow/.local/lib/python3.12/site-packages/airflow/example_dags/example_skip_dag.py
[2024-05-25T22:18:39.424+0000] {processor.py:840} INFO - DAG(s) 'example_skip_dag' retrieved from /home/airflow/.local/lib/python3.12/site-packages/airflow/example_dags/example_skip_dag.py
[2024-05-25T22:18:39.474+0000] {logging_mixin.py:188} INFO - [2024-05-25T22:18:39.474+0000] {dag.py:3096} INFO - Sync 1 DAGs
[2024-05-25T22:18:39.505+0000] {logging_mixin.py:188} INFO - [2024-05-25T22:18:39.505+0000] {dag.py:3954} INFO - Setting next_dagrun for example_skip_dag to 2024-05-24 00:00:00+00:00, run_after=2024-05-25 00:00:00+00:00
[2024-05-25T22:18:39.533+0000] {processor.py:183} INFO - Processing /home/airflow/.local/lib/python3.12/site-packages/airflow/example_dags/example_skip_dag.py took 0.126 seconds
[2024-05-25T22:19:10.221+0000] {processor.py:161} INFO - Started process (PID=2068) to work on /home/airflow/.local/lib/python3.12/site-packages/airflow/example_dags/example_skip_dag.py
[2024-05-25T22:19:10.222+0000] {processor.py:830} INFO - Processing file /home/airflow/.local/lib/python3.12/site-packages/airflow/example_dags/example_skip_dag.py for tasks to queue
[2024-05-25T22:19:10.226+0000] {logging_mixin.py:188} INFO - [2024-05-25T22:19:10.225+0000] {dagbag.py:545} INFO - Filling up the DagBag from /home/airflow/.local/lib/python3.12/site-packages/airflow/example_dags/example_skip_dag.py
[2024-05-25T22:19:10.242+0000] {processor.py:840} INFO - DAG(s) 'example_skip_dag' retrieved from /home/airflow/.local/lib/python3.12/site-packages/airflow/example_dags/example_skip_dag.py
[2024-05-25T22:19:10.277+0000] {logging_mixin.py:188} INFO - [2024-05-25T22:19:10.277+0000] {dag.py:3096} INFO - Sync 1 DAGs
[2024-05-25T22:19:10.308+0000] {logging_mixin.py:188} INFO - [2024-05-25T22:19:10.308+0000] {dag.py:3954} INFO - Setting next_dagrun for example_skip_dag to 2024-05-24 00:00:00+00:00, run_after=2024-05-25 00:00:00+00:00
[2024-05-25T22:19:10.332+0000] {processor.py:183} INFO - Processing /home/airflow/.local/lib/python3.12/site-packages/airflow/example_dags/example_skip_dag.py took 0.117 seconds
