[2024-05-25T22:01:29.596+0000] {processor.py:161} INFO - Started process (PID=66) to work on /home/airflow/.local/lib/python3.12/site-packages/airflow/example_dags/example_branch_labels.py
[2024-05-25T22:01:29.597+0000] {processor.py:830} INFO - Processing file /home/airflow/.local/lib/python3.12/site-packages/airflow/example_dags/example_branch_labels.py for tasks to queue
[2024-05-25T22:01:29.599+0000] {logging_mixin.py:188} INFO - [2024-05-25T22:01:29.599+0000] {dagbag.py:545} INFO - Filling up the DagBag from /home/airflow/.local/lib/python3.12/site-packages/airflow/example_dags/example_branch_labels.py
[2024-05-25T22:01:29.609+0000] {processor.py:840} INFO - DAG(s) 'example_branch_labels' retrieved from /home/airflow/.local/lib/python3.12/site-packages/airflow/example_dags/example_branch_labels.py
[2024-05-25T22:01:29.749+0000] {logging_mixin.py:188} INFO - [2024-05-25T22:01:29.749+0000] {dag.py:3096} INFO - Sync 1 DAGs
[2024-05-25T22:01:29.783+0000] {logging_mixin.py:188} INFO - [2024-05-25T22:01:29.783+0000] {dag.py:3954} INFO - Setting next_dagrun for example_branch_labels to 2024-05-24 00:00:00+00:00, run_after=2024-05-25 00:00:00+00:00
[2024-05-25T22:01:29.814+0000] {processor.py:183} INFO - Processing /home/airflow/.local/lib/python3.12/site-packages/airflow/example_dags/example_branch_labels.py took 0.223 seconds
[2024-05-25T22:02:00.194+0000] {processor.py:161} INFO - Started process (PID=124) to work on /home/airflow/.local/lib/python3.12/site-packages/airflow/example_dags/example_branch_labels.py
[2024-05-25T22:02:00.195+0000] {processor.py:830} INFO - Processing file /home/airflow/.local/lib/python3.12/site-packages/airflow/example_dags/example_branch_labels.py for tasks to queue
[2024-05-25T22:02:00.198+0000] {logging_mixin.py:188} INFO - [2024-05-25T22:02:00.197+0000] {dagbag.py:545} INFO - Filling up the DagBag from /home/airflow/.local/lib/python3.12/site-packages/airflow/example_dags/example_branch_labels.py
[2024-05-25T22:02:00.208+0000] {processor.py:840} INFO - DAG(s) 'example_branch_labels' retrieved from /home/airflow/.local/lib/python3.12/site-packages/airflow/example_dags/example_branch_labels.py
[2024-05-25T22:02:00.232+0000] {logging_mixin.py:188} INFO - [2024-05-25T22:02:00.231+0000] {dag.py:3096} INFO - Sync 1 DAGs
[2024-05-25T22:02:00.260+0000] {logging_mixin.py:188} INFO - [2024-05-25T22:02:00.260+0000] {dag.py:3954} INFO - Setting next_dagrun for example_branch_labels to 2024-05-24 00:00:00+00:00, run_after=2024-05-25 00:00:00+00:00
[2024-05-25T22:02:00.282+0000] {processor.py:183} INFO - Processing /home/airflow/.local/lib/python3.12/site-packages/airflow/example_dags/example_branch_labels.py took 0.095 seconds
[2024-05-25T22:02:30.360+0000] {processor.py:161} INFO - Started process (PID=182) to work on /home/airflow/.local/lib/python3.12/site-packages/airflow/example_dags/example_branch_labels.py
[2024-05-25T22:02:30.361+0000] {processor.py:830} INFO - Processing file /home/airflow/.local/lib/python3.12/site-packages/airflow/example_dags/example_branch_labels.py for tasks to queue
[2024-05-25T22:02:30.363+0000] {logging_mixin.py:188} INFO - [2024-05-25T22:02:30.363+0000] {dagbag.py:545} INFO - Filling up the DagBag from /home/airflow/.local/lib/python3.12/site-packages/airflow/example_dags/example_branch_labels.py
[2024-05-25T22:02:30.374+0000] {processor.py:840} INFO - DAG(s) 'example_branch_labels' retrieved from /home/airflow/.local/lib/python3.12/site-packages/airflow/example_dags/example_branch_labels.py
[2024-05-25T22:02:30.405+0000] {logging_mixin.py:188} INFO - [2024-05-25T22:02:30.405+0000] {dag.py:3096} INFO - Sync 1 DAGs
[2024-05-25T22:02:30.437+0000] {logging_mixin.py:188} INFO - [2024-05-25T22:02:30.436+0000] {dag.py:3954} INFO - Setting next_dagrun for example_branch_labels to 2024-05-24 00:00:00+00:00, run_after=2024-05-25 00:00:00+00:00
[2024-05-25T22:02:30.463+0000] {processor.py:183} INFO - Processing /home/airflow/.local/lib/python3.12/site-packages/airflow/example_dags/example_branch_labels.py took 0.110 seconds
[2024-05-25T22:03:01.361+0000] {processor.py:161} INFO - Started process (PID=240) to work on /home/airflow/.local/lib/python3.12/site-packages/airflow/example_dags/example_branch_labels.py
[2024-05-25T22:03:01.362+0000] {processor.py:830} INFO - Processing file /home/airflow/.local/lib/python3.12/site-packages/airflow/example_dags/example_branch_labels.py for tasks to queue
[2024-05-25T22:03:01.365+0000] {logging_mixin.py:188} INFO - [2024-05-25T22:03:01.364+0000] {dagbag.py:545} INFO - Filling up the DagBag from /home/airflow/.local/lib/python3.12/site-packages/airflow/example_dags/example_branch_labels.py
[2024-05-25T22:03:01.373+0000] {processor.py:840} INFO - DAG(s) 'example_branch_labels' retrieved from /home/airflow/.local/lib/python3.12/site-packages/airflow/example_dags/example_branch_labels.py
[2024-05-25T22:03:01.399+0000] {logging_mixin.py:188} INFO - [2024-05-25T22:03:01.399+0000] {dag.py:3096} INFO - Sync 1 DAGs
[2024-05-25T22:03:01.428+0000] {logging_mixin.py:188} INFO - [2024-05-25T22:03:01.427+0000] {dag.py:3954} INFO - Setting next_dagrun for example_branch_labels to 2024-05-24 00:00:00+00:00, run_after=2024-05-25 00:00:00+00:00
[2024-05-25T22:03:01.449+0000] {processor.py:183} INFO - Processing /home/airflow/.local/lib/python3.12/site-packages/airflow/example_dags/example_branch_labels.py took 0.094 seconds
[2024-05-25T22:03:31.800+0000] {processor.py:161} INFO - Started process (PID=298) to work on /home/airflow/.local/lib/python3.12/site-packages/airflow/example_dags/example_branch_labels.py
[2024-05-25T22:03:31.802+0000] {processor.py:830} INFO - Processing file /home/airflow/.local/lib/python3.12/site-packages/airflow/example_dags/example_branch_labels.py for tasks to queue
[2024-05-25T22:03:31.804+0000] {logging_mixin.py:188} INFO - [2024-05-25T22:03:31.804+0000] {dagbag.py:545} INFO - Filling up the DagBag from /home/airflow/.local/lib/python3.12/site-packages/airflow/example_dags/example_branch_labels.py
[2024-05-25T22:03:31.813+0000] {processor.py:840} INFO - DAG(s) 'example_branch_labels' retrieved from /home/airflow/.local/lib/python3.12/site-packages/airflow/example_dags/example_branch_labels.py
[2024-05-25T22:03:31.855+0000] {logging_mixin.py:188} INFO - [2024-05-25T22:03:31.854+0000] {dag.py:3096} INFO - Sync 1 DAGs
[2024-05-25T22:03:31.885+0000] {logging_mixin.py:188} INFO - [2024-05-25T22:03:31.885+0000] {dag.py:3954} INFO - Setting next_dagrun for example_branch_labels to 2024-05-24 00:00:00+00:00, run_after=2024-05-25 00:00:00+00:00
[2024-05-25T22:03:31.907+0000] {processor.py:183} INFO - Processing /home/airflow/.local/lib/python3.12/site-packages/airflow/example_dags/example_branch_labels.py took 0.121 seconds
[2024-05-25T22:04:02.559+0000] {processor.py:161} INFO - Started process (PID=356) to work on /home/airflow/.local/lib/python3.12/site-packages/airflow/example_dags/example_branch_labels.py
[2024-05-25T22:04:02.560+0000] {processor.py:830} INFO - Processing file /home/airflow/.local/lib/python3.12/site-packages/airflow/example_dags/example_branch_labels.py for tasks to queue
[2024-05-25T22:04:02.563+0000] {logging_mixin.py:188} INFO - [2024-05-25T22:04:02.562+0000] {dagbag.py:545} INFO - Filling up the DagBag from /home/airflow/.local/lib/python3.12/site-packages/airflow/example_dags/example_branch_labels.py
[2024-05-25T22:04:02.572+0000] {processor.py:840} INFO - DAG(s) 'example_branch_labels' retrieved from /home/airflow/.local/lib/python3.12/site-packages/airflow/example_dags/example_branch_labels.py
[2024-05-25T22:04:02.601+0000] {logging_mixin.py:188} INFO - [2024-05-25T22:04:02.600+0000] {dag.py:3096} INFO - Sync 1 DAGs
[2024-05-25T22:04:02.630+0000] {logging_mixin.py:188} INFO - [2024-05-25T22:04:02.630+0000] {dag.py:3954} INFO - Setting next_dagrun for example_branch_labels to 2024-05-24 00:00:00+00:00, run_after=2024-05-25 00:00:00+00:00
[2024-05-25T22:04:02.651+0000] {processor.py:183} INFO - Processing /home/airflow/.local/lib/python3.12/site-packages/airflow/example_dags/example_branch_labels.py took 0.098 seconds
[2024-05-25T22:04:32.909+0000] {processor.py:161} INFO - Started process (PID=414) to work on /home/airflow/.local/lib/python3.12/site-packages/airflow/example_dags/example_branch_labels.py
[2024-05-25T22:04:32.910+0000] {processor.py:830} INFO - Processing file /home/airflow/.local/lib/python3.12/site-packages/airflow/example_dags/example_branch_labels.py for tasks to queue
[2024-05-25T22:04:32.913+0000] {logging_mixin.py:188} INFO - [2024-05-25T22:04:32.913+0000] {dagbag.py:545} INFO - Filling up the DagBag from /home/airflow/.local/lib/python3.12/site-packages/airflow/example_dags/example_branch_labels.py
[2024-05-25T22:04:32.922+0000] {processor.py:840} INFO - DAG(s) 'example_branch_labels' retrieved from /home/airflow/.local/lib/python3.12/site-packages/airflow/example_dags/example_branch_labels.py
[2024-05-25T22:04:32.945+0000] {logging_mixin.py:188} INFO - [2024-05-25T22:04:32.945+0000] {dag.py:3096} INFO - Sync 1 DAGs
[2024-05-25T22:04:32.972+0000] {logging_mixin.py:188} INFO - [2024-05-25T22:04:32.971+0000] {dag.py:3954} INFO - Setting next_dagrun for example_branch_labels to 2024-05-24 00:00:00+00:00, run_after=2024-05-25 00:00:00+00:00
[2024-05-25T22:04:32.994+0000] {processor.py:183} INFO - Processing /home/airflow/.local/lib/python3.12/site-packages/airflow/example_dags/example_branch_labels.py took 0.091 seconds
[2024-05-25T22:05:03.360+0000] {processor.py:161} INFO - Started process (PID=471) to work on /home/airflow/.local/lib/python3.12/site-packages/airflow/example_dags/example_branch_labels.py
[2024-05-25T22:05:03.361+0000] {processor.py:830} INFO - Processing file /home/airflow/.local/lib/python3.12/site-packages/airflow/example_dags/example_branch_labels.py for tasks to queue
[2024-05-25T22:05:03.363+0000] {logging_mixin.py:188} INFO - [2024-05-25T22:05:03.362+0000] {dagbag.py:545} INFO - Filling up the DagBag from /home/airflow/.local/lib/python3.12/site-packages/airflow/example_dags/example_branch_labels.py
[2024-05-25T22:05:03.374+0000] {processor.py:840} INFO - DAG(s) 'example_branch_labels' retrieved from /home/airflow/.local/lib/python3.12/site-packages/airflow/example_dags/example_branch_labels.py
[2024-05-25T22:05:03.404+0000] {logging_mixin.py:188} INFO - [2024-05-25T22:05:03.403+0000] {dag.py:3096} INFO - Sync 1 DAGs
[2024-05-25T22:05:03.434+0000] {logging_mixin.py:188} INFO - [2024-05-25T22:05:03.434+0000] {dag.py:3954} INFO - Setting next_dagrun for example_branch_labels to 2024-05-24 00:00:00+00:00, run_after=2024-05-25 00:00:00+00:00
[2024-05-25T22:05:03.456+0000] {processor.py:183} INFO - Processing /home/airflow/.local/lib/python3.12/site-packages/airflow/example_dags/example_branch_labels.py took 0.103 seconds
[2024-05-25T22:05:33.779+0000] {processor.py:161} INFO - Started process (PID=529) to work on /home/airflow/.local/lib/python3.12/site-packages/airflow/example_dags/example_branch_labels.py
[2024-05-25T22:05:33.780+0000] {processor.py:830} INFO - Processing file /home/airflow/.local/lib/python3.12/site-packages/airflow/example_dags/example_branch_labels.py for tasks to queue
[2024-05-25T22:05:33.786+0000] {logging_mixin.py:188} INFO - [2024-05-25T22:05:33.785+0000] {dagbag.py:545} INFO - Filling up the DagBag from /home/airflow/.local/lib/python3.12/site-packages/airflow/example_dags/example_branch_labels.py
[2024-05-25T22:05:33.807+0000] {processor.py:840} INFO - DAG(s) 'example_branch_labels' retrieved from /home/airflow/.local/lib/python3.12/site-packages/airflow/example_dags/example_branch_labels.py
[2024-05-25T22:05:33.833+0000] {logging_mixin.py:188} INFO - [2024-05-25T22:05:33.832+0000] {dag.py:3096} INFO - Sync 1 DAGs
[2024-05-25T22:05:33.858+0000] {logging_mixin.py:188} INFO - [2024-05-25T22:05:33.858+0000] {dag.py:3954} INFO - Setting next_dagrun for example_branch_labels to 2024-05-24 00:00:00+00:00, run_after=2024-05-25 00:00:00+00:00
[2024-05-25T22:05:33.879+0000] {processor.py:183} INFO - Processing /home/airflow/.local/lib/python3.12/site-packages/airflow/example_dags/example_branch_labels.py took 0.107 seconds
[2024-05-25T22:06:04.192+0000] {processor.py:161} INFO - Started process (PID=586) to work on /home/airflow/.local/lib/python3.12/site-packages/airflow/example_dags/example_branch_labels.py
[2024-05-25T22:06:04.193+0000] {processor.py:830} INFO - Processing file /home/airflow/.local/lib/python3.12/site-packages/airflow/example_dags/example_branch_labels.py for tasks to queue
[2024-05-25T22:06:04.195+0000] {logging_mixin.py:188} INFO - [2024-05-25T22:06:04.194+0000] {dagbag.py:545} INFO - Filling up the DagBag from /home/airflow/.local/lib/python3.12/site-packages/airflow/example_dags/example_branch_labels.py
[2024-05-25T22:06:04.204+0000] {processor.py:840} INFO - DAG(s) 'example_branch_labels' retrieved from /home/airflow/.local/lib/python3.12/site-packages/airflow/example_dags/example_branch_labels.py
[2024-05-25T22:06:04.226+0000] {logging_mixin.py:188} INFO - [2024-05-25T22:06:04.226+0000] {dag.py:3096} INFO - Sync 1 DAGs
[2024-05-25T22:06:04.253+0000] {logging_mixin.py:188} INFO - [2024-05-25T22:06:04.253+0000] {dag.py:3954} INFO - Setting next_dagrun for example_branch_labels to 2024-05-24 00:00:00+00:00, run_after=2024-05-25 00:00:00+00:00
[2024-05-25T22:06:04.274+0000] {processor.py:183} INFO - Processing /home/airflow/.local/lib/python3.12/site-packages/airflow/example_dags/example_branch_labels.py took 0.089 seconds
[2024-05-25T22:06:34.507+0000] {processor.py:161} INFO - Started process (PID=643) to work on /home/airflow/.local/lib/python3.12/site-packages/airflow/example_dags/example_branch_labels.py
[2024-05-25T22:06:34.509+0000] {processor.py:830} INFO - Processing file /home/airflow/.local/lib/python3.12/site-packages/airflow/example_dags/example_branch_labels.py for tasks to queue
[2024-05-25T22:06:34.512+0000] {logging_mixin.py:188} INFO - [2024-05-25T22:06:34.511+0000] {dagbag.py:545} INFO - Filling up the DagBag from /home/airflow/.local/lib/python3.12/site-packages/airflow/example_dags/example_branch_labels.py
[2024-05-25T22:06:34.522+0000] {processor.py:840} INFO - DAG(s) 'example_branch_labels' retrieved from /home/airflow/.local/lib/python3.12/site-packages/airflow/example_dags/example_branch_labels.py
[2024-05-25T22:06:34.546+0000] {logging_mixin.py:188} INFO - [2024-05-25T22:06:34.545+0000] {dag.py:3096} INFO - Sync 1 DAGs
[2024-05-25T22:06:34.574+0000] {logging_mixin.py:188} INFO - [2024-05-25T22:06:34.573+0000] {dag.py:3954} INFO - Setting next_dagrun for example_branch_labels to 2024-05-24 00:00:00+00:00, run_after=2024-05-25 00:00:00+00:00
[2024-05-25T22:06:34.596+0000] {processor.py:183} INFO - Processing /home/airflow/.local/lib/python3.12/site-packages/airflow/example_dags/example_branch_labels.py took 0.105 seconds
[2024-05-25T22:07:04.820+0000] {processor.py:161} INFO - Started process (PID=700) to work on /home/airflow/.local/lib/python3.12/site-packages/airflow/example_dags/example_branch_labels.py
[2024-05-25T22:07:04.821+0000] {processor.py:830} INFO - Processing file /home/airflow/.local/lib/python3.12/site-packages/airflow/example_dags/example_branch_labels.py for tasks to queue
[2024-05-25T22:07:04.824+0000] {logging_mixin.py:188} INFO - [2024-05-25T22:07:04.823+0000] {dagbag.py:545} INFO - Filling up the DagBag from /home/airflow/.local/lib/python3.12/site-packages/airflow/example_dags/example_branch_labels.py
[2024-05-25T22:07:04.834+0000] {processor.py:840} INFO - DAG(s) 'example_branch_labels' retrieved from /home/airflow/.local/lib/python3.12/site-packages/airflow/example_dags/example_branch_labels.py
[2024-05-25T22:07:04.860+0000] {logging_mixin.py:188} INFO - [2024-05-25T22:07:04.859+0000] {dag.py:3096} INFO - Sync 1 DAGs
[2024-05-25T22:07:04.886+0000] {logging_mixin.py:188} INFO - [2024-05-25T22:07:04.886+0000] {dag.py:3954} INFO - Setting next_dagrun for example_branch_labels to 2024-05-24 00:00:00+00:00, run_after=2024-05-25 00:00:00+00:00
[2024-05-25T22:07:04.907+0000] {processor.py:183} INFO - Processing /home/airflow/.local/lib/python3.12/site-packages/airflow/example_dags/example_branch_labels.py took 0.094 seconds
[2024-05-25T22:07:35.451+0000] {processor.py:161} INFO - Started process (PID=758) to work on /home/airflow/.local/lib/python3.12/site-packages/airflow/example_dags/example_branch_labels.py
[2024-05-25T22:07:35.452+0000] {processor.py:830} INFO - Processing file /home/airflow/.local/lib/python3.12/site-packages/airflow/example_dags/example_branch_labels.py for tasks to queue
[2024-05-25T22:07:35.456+0000] {logging_mixin.py:188} INFO - [2024-05-25T22:07:35.455+0000] {dagbag.py:545} INFO - Filling up the DagBag from /home/airflow/.local/lib/python3.12/site-packages/airflow/example_dags/example_branch_labels.py
[2024-05-25T22:07:35.470+0000] {processor.py:840} INFO - DAG(s) 'example_branch_labels' retrieved from /home/airflow/.local/lib/python3.12/site-packages/airflow/example_dags/example_branch_labels.py
[2024-05-25T22:07:35.498+0000] {logging_mixin.py:188} INFO - [2024-05-25T22:07:35.498+0000] {dag.py:3096} INFO - Sync 1 DAGs
[2024-05-25T22:07:35.527+0000] {logging_mixin.py:188} INFO - [2024-05-25T22:07:35.527+0000] {dag.py:3954} INFO - Setting next_dagrun for example_branch_labels to 2024-05-24 00:00:00+00:00, run_after=2024-05-25 00:00:00+00:00
[2024-05-25T22:07:35.549+0000] {processor.py:183} INFO - Processing /home/airflow/.local/lib/python3.12/site-packages/airflow/example_dags/example_branch_labels.py took 0.105 seconds
[2024-05-25T22:08:05.884+0000] {processor.py:161} INFO - Started process (PID=816) to work on /home/airflow/.local/lib/python3.12/site-packages/airflow/example_dags/example_branch_labels.py
[2024-05-25T22:08:05.885+0000] {processor.py:830} INFO - Processing file /home/airflow/.local/lib/python3.12/site-packages/airflow/example_dags/example_branch_labels.py for tasks to queue
[2024-05-25T22:08:05.887+0000] {logging_mixin.py:188} INFO - [2024-05-25T22:08:05.887+0000] {dagbag.py:545} INFO - Filling up the DagBag from /home/airflow/.local/lib/python3.12/site-packages/airflow/example_dags/example_branch_labels.py
[2024-05-25T22:08:05.896+0000] {processor.py:840} INFO - DAG(s) 'example_branch_labels' retrieved from /home/airflow/.local/lib/python3.12/site-packages/airflow/example_dags/example_branch_labels.py
[2024-05-25T22:08:05.927+0000] {logging_mixin.py:188} INFO - [2024-05-25T22:08:05.926+0000] {dag.py:3096} INFO - Sync 1 DAGs
[2024-05-25T22:08:05.957+0000] {logging_mixin.py:188} INFO - [2024-05-25T22:08:05.956+0000] {dag.py:3954} INFO - Setting next_dagrun for example_branch_labels to 2024-05-24 00:00:00+00:00, run_after=2024-05-25 00:00:00+00:00
[2024-05-25T22:08:05.991+0000] {processor.py:183} INFO - Processing /home/airflow/.local/lib/python3.12/site-packages/airflow/example_dags/example_branch_labels.py took 0.114 seconds
[2024-05-25T22:08:36.141+0000] {processor.py:161} INFO - Started process (PID=874) to work on /home/airflow/.local/lib/python3.12/site-packages/airflow/example_dags/example_branch_labels.py
[2024-05-25T22:08:36.142+0000] {processor.py:830} INFO - Processing file /home/airflow/.local/lib/python3.12/site-packages/airflow/example_dags/example_branch_labels.py for tasks to queue
[2024-05-25T22:08:36.144+0000] {logging_mixin.py:188} INFO - [2024-05-25T22:08:36.144+0000] {dagbag.py:545} INFO - Filling up the DagBag from /home/airflow/.local/lib/python3.12/site-packages/airflow/example_dags/example_branch_labels.py
[2024-05-25T22:08:36.157+0000] {processor.py:840} INFO - DAG(s) 'example_branch_labels' retrieved from /home/airflow/.local/lib/python3.12/site-packages/airflow/example_dags/example_branch_labels.py
[2024-05-25T22:08:36.192+0000] {logging_mixin.py:188} INFO - [2024-05-25T22:08:36.192+0000] {dag.py:3096} INFO - Sync 1 DAGs
[2024-05-25T22:08:36.219+0000] {logging_mixin.py:188} INFO - [2024-05-25T22:08:36.218+0000] {dag.py:3954} INFO - Setting next_dagrun for example_branch_labels to 2024-05-24 00:00:00+00:00, run_after=2024-05-25 00:00:00+00:00
[2024-05-25T22:08:36.243+0000] {processor.py:183} INFO - Processing /home/airflow/.local/lib/python3.12/site-packages/airflow/example_dags/example_branch_labels.py took 0.108 seconds
[2024-05-25T22:09:06.365+0000] {processor.py:161} INFO - Started process (PID=932) to work on /home/airflow/.local/lib/python3.12/site-packages/airflow/example_dags/example_branch_labels.py
[2024-05-25T22:09:06.365+0000] {processor.py:830} INFO - Processing file /home/airflow/.local/lib/python3.12/site-packages/airflow/example_dags/example_branch_labels.py for tasks to queue
[2024-05-25T22:09:06.368+0000] {logging_mixin.py:188} INFO - [2024-05-25T22:09:06.367+0000] {dagbag.py:545} INFO - Filling up the DagBag from /home/airflow/.local/lib/python3.12/site-packages/airflow/example_dags/example_branch_labels.py
[2024-05-25T22:09:06.377+0000] {processor.py:840} INFO - DAG(s) 'example_branch_labels' retrieved from /home/airflow/.local/lib/python3.12/site-packages/airflow/example_dags/example_branch_labels.py
[2024-05-25T22:09:06.401+0000] {logging_mixin.py:188} INFO - [2024-05-25T22:09:06.401+0000] {dag.py:3096} INFO - Sync 1 DAGs
[2024-05-25T22:09:06.428+0000] {logging_mixin.py:188} INFO - [2024-05-25T22:09:06.428+0000] {dag.py:3954} INFO - Setting next_dagrun for example_branch_labels to 2024-05-24 00:00:00+00:00, run_after=2024-05-25 00:00:00+00:00
[2024-05-25T22:09:06.451+0000] {processor.py:183} INFO - Processing /home/airflow/.local/lib/python3.12/site-packages/airflow/example_dags/example_branch_labels.py took 0.094 seconds
[2024-05-25T22:09:37.406+0000] {processor.py:161} INFO - Started process (PID=995) to work on /home/airflow/.local/lib/python3.12/site-packages/airflow/example_dags/example_branch_labels.py
[2024-05-25T22:09:37.407+0000] {processor.py:830} INFO - Processing file /home/airflow/.local/lib/python3.12/site-packages/airflow/example_dags/example_branch_labels.py for tasks to queue
[2024-05-25T22:09:37.409+0000] {logging_mixin.py:188} INFO - [2024-05-25T22:09:37.408+0000] {dagbag.py:545} INFO - Filling up the DagBag from /home/airflow/.local/lib/python3.12/site-packages/airflow/example_dags/example_branch_labels.py
[2024-05-25T22:09:37.420+0000] {processor.py:840} INFO - DAG(s) 'example_branch_labels' retrieved from /home/airflow/.local/lib/python3.12/site-packages/airflow/example_dags/example_branch_labels.py
[2024-05-25T22:09:37.444+0000] {logging_mixin.py:188} INFO - [2024-05-25T22:09:37.444+0000] {dag.py:3096} INFO - Sync 1 DAGs
[2024-05-25T22:09:37.471+0000] {logging_mixin.py:188} INFO - [2024-05-25T22:09:37.470+0000] {dag.py:3954} INFO - Setting next_dagrun for example_branch_labels to 2024-05-24 00:00:00+00:00, run_after=2024-05-25 00:00:00+00:00
[2024-05-25T22:09:37.492+0000] {processor.py:183} INFO - Processing /home/airflow/.local/lib/python3.12/site-packages/airflow/example_dags/example_branch_labels.py took 0.092 seconds
[2024-05-25T22:10:08.281+0000] {processor.py:161} INFO - Started process (PID=1053) to work on /home/airflow/.local/lib/python3.12/site-packages/airflow/example_dags/example_branch_labels.py
[2024-05-25T22:10:08.282+0000] {processor.py:830} INFO - Processing file /home/airflow/.local/lib/python3.12/site-packages/airflow/example_dags/example_branch_labels.py for tasks to queue
[2024-05-25T22:10:08.284+0000] {logging_mixin.py:188} INFO - [2024-05-25T22:10:08.284+0000] {dagbag.py:545} INFO - Filling up the DagBag from /home/airflow/.local/lib/python3.12/site-packages/airflow/example_dags/example_branch_labels.py
[2024-05-25T22:10:08.294+0000] {processor.py:840} INFO - DAG(s) 'example_branch_labels' retrieved from /home/airflow/.local/lib/python3.12/site-packages/airflow/example_dags/example_branch_labels.py
[2024-05-25T22:10:08.323+0000] {logging_mixin.py:188} INFO - [2024-05-25T22:10:08.323+0000] {dag.py:3096} INFO - Sync 1 DAGs
[2024-05-25T22:10:08.353+0000] {logging_mixin.py:188} INFO - [2024-05-25T22:10:08.353+0000] {dag.py:3954} INFO - Setting next_dagrun for example_branch_labels to 2024-05-24 00:00:00+00:00, run_after=2024-05-25 00:00:00+00:00
[2024-05-25T22:10:08.372+0000] {processor.py:183} INFO - Processing /home/airflow/.local/lib/python3.12/site-packages/airflow/example_dags/example_branch_labels.py took 0.097 seconds
[2024-05-25T22:10:38.930+0000] {processor.py:161} INFO - Started process (PID=1110) to work on /home/airflow/.local/lib/python3.12/site-packages/airflow/example_dags/example_branch_labels.py
[2024-05-25T22:10:38.931+0000] {processor.py:830} INFO - Processing file /home/airflow/.local/lib/python3.12/site-packages/airflow/example_dags/example_branch_labels.py for tasks to queue
[2024-05-25T22:10:38.934+0000] {logging_mixin.py:188} INFO - [2024-05-25T22:10:38.933+0000] {dagbag.py:545} INFO - Filling up the DagBag from /home/airflow/.local/lib/python3.12/site-packages/airflow/example_dags/example_branch_labels.py
[2024-05-25T22:10:38.944+0000] {processor.py:840} INFO - DAG(s) 'example_branch_labels' retrieved from /home/airflow/.local/lib/python3.12/site-packages/airflow/example_dags/example_branch_labels.py
[2024-05-25T22:10:38.966+0000] {logging_mixin.py:188} INFO - [2024-05-25T22:10:38.966+0000] {dag.py:3096} INFO - Sync 1 DAGs
[2024-05-25T22:10:38.994+0000] {logging_mixin.py:188} INFO - [2024-05-25T22:10:38.994+0000] {dag.py:3954} INFO - Setting next_dagrun for example_branch_labels to 2024-05-24 00:00:00+00:00, run_after=2024-05-25 00:00:00+00:00
[2024-05-25T22:10:39.015+0000] {processor.py:183} INFO - Processing /home/airflow/.local/lib/python3.12/site-packages/airflow/example_dags/example_branch_labels.py took 0.094 seconds
[2024-05-25T22:11:09.252+0000] {processor.py:161} INFO - Started process (PID=1167) to work on /home/airflow/.local/lib/python3.12/site-packages/airflow/example_dags/example_branch_labels.py
[2024-05-25T22:11:09.253+0000] {processor.py:830} INFO - Processing file /home/airflow/.local/lib/python3.12/site-packages/airflow/example_dags/example_branch_labels.py for tasks to queue
[2024-05-25T22:11:09.255+0000] {logging_mixin.py:188} INFO - [2024-05-25T22:11:09.255+0000] {dagbag.py:545} INFO - Filling up the DagBag from /home/airflow/.local/lib/python3.12/site-packages/airflow/example_dags/example_branch_labels.py
[2024-05-25T22:11:09.265+0000] {processor.py:840} INFO - DAG(s) 'example_branch_labels' retrieved from /home/airflow/.local/lib/python3.12/site-packages/airflow/example_dags/example_branch_labels.py
[2024-05-25T22:11:09.313+0000] {logging_mixin.py:188} INFO - [2024-05-25T22:11:09.313+0000] {dag.py:3096} INFO - Sync 1 DAGs
[2024-05-25T22:11:09.339+0000] {logging_mixin.py:188} INFO - [2024-05-25T22:11:09.338+0000] {dag.py:3954} INFO - Setting next_dagrun for example_branch_labels to 2024-05-24 00:00:00+00:00, run_after=2024-05-25 00:00:00+00:00
[2024-05-25T22:11:09.358+0000] {processor.py:183} INFO - Processing /home/airflow/.local/lib/python3.12/site-packages/airflow/example_dags/example_branch_labels.py took 0.113 seconds
[2024-05-25T22:11:39.500+0000] {processor.py:161} INFO - Started process (PID=1225) to work on /home/airflow/.local/lib/python3.12/site-packages/airflow/example_dags/example_branch_labels.py
[2024-05-25T22:11:39.501+0000] {processor.py:830} INFO - Processing file /home/airflow/.local/lib/python3.12/site-packages/airflow/example_dags/example_branch_labels.py for tasks to queue
[2024-05-25T22:11:39.503+0000] {logging_mixin.py:188} INFO - [2024-05-25T22:11:39.502+0000] {dagbag.py:545} INFO - Filling up the DagBag from /home/airflow/.local/lib/python3.12/site-packages/airflow/example_dags/example_branch_labels.py
[2024-05-25T22:11:39.511+0000] {processor.py:840} INFO - DAG(s) 'example_branch_labels' retrieved from /home/airflow/.local/lib/python3.12/site-packages/airflow/example_dags/example_branch_labels.py
[2024-05-25T22:11:39.534+0000] {logging_mixin.py:188} INFO - [2024-05-25T22:11:39.534+0000] {dag.py:3096} INFO - Sync 1 DAGs
[2024-05-25T22:11:39.559+0000] {logging_mixin.py:188} INFO - [2024-05-25T22:11:39.559+0000] {dag.py:3954} INFO - Setting next_dagrun for example_branch_labels to 2024-05-24 00:00:00+00:00, run_after=2024-05-25 00:00:00+00:00
[2024-05-25T22:11:39.579+0000] {processor.py:183} INFO - Processing /home/airflow/.local/lib/python3.12/site-packages/airflow/example_dags/example_branch_labels.py took 0.086 seconds
[2024-05-25T22:12:10.150+0000] {processor.py:161} INFO - Started process (PID=1282) to work on /home/airflow/.local/lib/python3.12/site-packages/airflow/example_dags/example_branch_labels.py
[2024-05-25T22:12:10.151+0000] {processor.py:830} INFO - Processing file /home/airflow/.local/lib/python3.12/site-packages/airflow/example_dags/example_branch_labels.py for tasks to queue
[2024-05-25T22:12:10.153+0000] {logging_mixin.py:188} INFO - [2024-05-25T22:12:10.153+0000] {dagbag.py:545} INFO - Filling up the DagBag from /home/airflow/.local/lib/python3.12/site-packages/airflow/example_dags/example_branch_labels.py
[2024-05-25T22:12:10.163+0000] {processor.py:840} INFO - DAG(s) 'example_branch_labels' retrieved from /home/airflow/.local/lib/python3.12/site-packages/airflow/example_dags/example_branch_labels.py
[2024-05-25T22:12:10.194+0000] {logging_mixin.py:188} INFO - [2024-05-25T22:12:10.194+0000] {dag.py:3096} INFO - Sync 1 DAGs
[2024-05-25T22:12:10.220+0000] {logging_mixin.py:188} INFO - [2024-05-25T22:12:10.220+0000] {dag.py:3954} INFO - Setting next_dagrun for example_branch_labels to 2024-05-24 00:00:00+00:00, run_after=2024-05-25 00:00:00+00:00
[2024-05-25T22:12:10.242+0000] {processor.py:183} INFO - Processing /home/airflow/.local/lib/python3.12/site-packages/airflow/example_dags/example_branch_labels.py took 0.098 seconds
[2024-05-25T22:12:40.643+0000] {processor.py:161} INFO - Started process (PID=1347) to work on /home/airflow/.local/lib/python3.12/site-packages/airflow/example_dags/example_branch_labels.py
[2024-05-25T22:12:40.645+0000] {processor.py:830} INFO - Processing file /home/airflow/.local/lib/python3.12/site-packages/airflow/example_dags/example_branch_labels.py for tasks to queue
[2024-05-25T22:12:40.647+0000] {logging_mixin.py:188} INFO - [2024-05-25T22:12:40.647+0000] {dagbag.py:545} INFO - Filling up the DagBag from /home/airflow/.local/lib/python3.12/site-packages/airflow/example_dags/example_branch_labels.py
[2024-05-25T22:12:40.658+0000] {processor.py:840} INFO - DAG(s) 'example_branch_labels' retrieved from /home/airflow/.local/lib/python3.12/site-packages/airflow/example_dags/example_branch_labels.py
[2024-05-25T22:12:40.683+0000] {logging_mixin.py:188} INFO - [2024-05-25T22:12:40.683+0000] {dag.py:3096} INFO - Sync 1 DAGs
[2024-05-25T22:12:40.714+0000] {logging_mixin.py:188} INFO - [2024-05-25T22:12:40.714+0000] {dag.py:3954} INFO - Setting next_dagrun for example_branch_labels to 2024-05-24 00:00:00+00:00, run_after=2024-05-25 00:00:00+00:00
[2024-05-25T22:12:40.735+0000] {processor.py:183} INFO - Processing /home/airflow/.local/lib/python3.12/site-packages/airflow/example_dags/example_branch_labels.py took 0.099 seconds
[2024-05-25T22:13:11.541+0000] {processor.py:161} INFO - Started process (PID=1413) to work on /home/airflow/.local/lib/python3.12/site-packages/airflow/example_dags/example_branch_labels.py
[2024-05-25T22:13:11.542+0000] {processor.py:830} INFO - Processing file /home/airflow/.local/lib/python3.12/site-packages/airflow/example_dags/example_branch_labels.py for tasks to queue
[2024-05-25T22:13:11.544+0000] {logging_mixin.py:188} INFO - [2024-05-25T22:13:11.544+0000] {dagbag.py:545} INFO - Filling up the DagBag from /home/airflow/.local/lib/python3.12/site-packages/airflow/example_dags/example_branch_labels.py
[2024-05-25T22:13:11.554+0000] {processor.py:840} INFO - DAG(s) 'example_branch_labels' retrieved from /home/airflow/.local/lib/python3.12/site-packages/airflow/example_dags/example_branch_labels.py
[2024-05-25T22:13:11.578+0000] {logging_mixin.py:188} INFO - [2024-05-25T22:13:11.577+0000] {dag.py:3096} INFO - Sync 1 DAGs
[2024-05-25T22:13:11.606+0000] {logging_mixin.py:188} INFO - [2024-05-25T22:13:11.606+0000] {dag.py:3954} INFO - Setting next_dagrun for example_branch_labels to 2024-05-24 00:00:00+00:00, run_after=2024-05-25 00:00:00+00:00
[2024-05-25T22:13:11.627+0000] {processor.py:183} INFO - Processing /home/airflow/.local/lib/python3.12/site-packages/airflow/example_dags/example_branch_labels.py took 0.094 seconds
[2024-05-25T22:13:41.805+0000] {processor.py:161} INFO - Started process (PID=1471) to work on /home/airflow/.local/lib/python3.12/site-packages/airflow/example_dags/example_branch_labels.py
[2024-05-25T22:13:41.806+0000] {processor.py:830} INFO - Processing file /home/airflow/.local/lib/python3.12/site-packages/airflow/example_dags/example_branch_labels.py for tasks to queue
[2024-05-25T22:13:41.810+0000] {logging_mixin.py:188} INFO - [2024-05-25T22:13:41.810+0000] {dagbag.py:545} INFO - Filling up the DagBag from /home/airflow/.local/lib/python3.12/site-packages/airflow/example_dags/example_branch_labels.py
[2024-05-25T22:13:41.819+0000] {processor.py:840} INFO - DAG(s) 'example_branch_labels' retrieved from /home/airflow/.local/lib/python3.12/site-packages/airflow/example_dags/example_branch_labels.py
[2024-05-25T22:13:41.843+0000] {logging_mixin.py:188} INFO - [2024-05-25T22:13:41.843+0000] {dag.py:3096} INFO - Sync 1 DAGs
[2024-05-25T22:13:41.870+0000] {logging_mixin.py:188} INFO - [2024-05-25T22:13:41.870+0000] {dag.py:3954} INFO - Setting next_dagrun for example_branch_labels to 2024-05-24 00:00:00+00:00, run_after=2024-05-25 00:00:00+00:00
[2024-05-25T22:13:41.898+0000] {processor.py:183} INFO - Processing /home/airflow/.local/lib/python3.12/site-packages/airflow/example_dags/example_branch_labels.py took 0.107 seconds
[2024-05-25T22:14:11.991+0000] {processor.py:161} INFO - Started process (PID=1529) to work on /home/airflow/.local/lib/python3.12/site-packages/airflow/example_dags/example_branch_labels.py
[2024-05-25T22:14:11.992+0000] {processor.py:830} INFO - Processing file /home/airflow/.local/lib/python3.12/site-packages/airflow/example_dags/example_branch_labels.py for tasks to queue
[2024-05-25T22:14:11.994+0000] {logging_mixin.py:188} INFO - [2024-05-25T22:14:11.994+0000] {dagbag.py:545} INFO - Filling up the DagBag from /home/airflow/.local/lib/python3.12/site-packages/airflow/example_dags/example_branch_labels.py
[2024-05-25T22:14:12.004+0000] {processor.py:840} INFO - DAG(s) 'example_branch_labels' retrieved from /home/airflow/.local/lib/python3.12/site-packages/airflow/example_dags/example_branch_labels.py
[2024-05-25T22:14:12.029+0000] {logging_mixin.py:188} INFO - [2024-05-25T22:14:12.028+0000] {dag.py:3096} INFO - Sync 1 DAGs
[2024-05-25T22:14:12.058+0000] {logging_mixin.py:188} INFO - [2024-05-25T22:14:12.058+0000] {dag.py:3954} INFO - Setting next_dagrun for example_branch_labels to 2024-05-24 00:00:00+00:00, run_after=2024-05-25 00:00:00+00:00
[2024-05-25T22:14:12.083+0000] {processor.py:183} INFO - Processing /home/airflow/.local/lib/python3.12/site-packages/airflow/example_dags/example_branch_labels.py took 0.098 seconds
[2024-05-25T22:14:42.463+0000] {processor.py:161} INFO - Started process (PID=1588) to work on /home/airflow/.local/lib/python3.12/site-packages/airflow/example_dags/example_branch_labels.py
[2024-05-25T22:14:42.464+0000] {processor.py:830} INFO - Processing file /home/airflow/.local/lib/python3.12/site-packages/airflow/example_dags/example_branch_labels.py for tasks to queue
[2024-05-25T22:14:42.469+0000] {logging_mixin.py:188} INFO - [2024-05-25T22:14:42.468+0000] {dagbag.py:545} INFO - Filling up the DagBag from /home/airflow/.local/lib/python3.12/site-packages/airflow/example_dags/example_branch_labels.py
[2024-05-25T22:14:42.478+0000] {processor.py:840} INFO - DAG(s) 'example_branch_labels' retrieved from /home/airflow/.local/lib/python3.12/site-packages/airflow/example_dags/example_branch_labels.py
[2024-05-25T22:14:42.515+0000] {logging_mixin.py:188} INFO - [2024-05-25T22:14:42.515+0000] {dag.py:3096} INFO - Sync 1 DAGs
[2024-05-25T22:14:42.542+0000] {logging_mixin.py:188} INFO - [2024-05-25T22:14:42.542+0000] {dag.py:3954} INFO - Setting next_dagrun for example_branch_labels to 2024-05-24 00:00:00+00:00, run_after=2024-05-25 00:00:00+00:00
[2024-05-25T22:14:42.561+0000] {processor.py:183} INFO - Processing /home/airflow/.local/lib/python3.12/site-packages/airflow/example_dags/example_branch_labels.py took 0.104 seconds
[2024-05-25T22:15:12.948+0000] {processor.py:161} INFO - Started process (PID=1646) to work on /home/airflow/.local/lib/python3.12/site-packages/airflow/example_dags/example_branch_labels.py
[2024-05-25T22:15:12.949+0000] {processor.py:830} INFO - Processing file /home/airflow/.local/lib/python3.12/site-packages/airflow/example_dags/example_branch_labels.py for tasks to queue
[2024-05-25T22:15:12.952+0000] {logging_mixin.py:188} INFO - [2024-05-25T22:15:12.951+0000] {dagbag.py:545} INFO - Filling up the DagBag from /home/airflow/.local/lib/python3.12/site-packages/airflow/example_dags/example_branch_labels.py
[2024-05-25T22:15:12.962+0000] {processor.py:840} INFO - DAG(s) 'example_branch_labels' retrieved from /home/airflow/.local/lib/python3.12/site-packages/airflow/example_dags/example_branch_labels.py
[2024-05-25T22:15:13.001+0000] {logging_mixin.py:188} INFO - [2024-05-25T22:15:13.000+0000] {dag.py:3096} INFO - Sync 1 DAGs
[2024-05-25T22:15:13.025+0000] {logging_mixin.py:188} INFO - [2024-05-25T22:15:13.025+0000] {dag.py:3954} INFO - Setting next_dagrun for example_branch_labels to 2024-05-24 00:00:00+00:00, run_after=2024-05-25 00:00:00+00:00
[2024-05-25T22:15:13.045+0000] {processor.py:183} INFO - Processing /home/airflow/.local/lib/python3.12/site-packages/airflow/example_dags/example_branch_labels.py took 0.105 seconds
[2024-05-25T22:15:43.434+0000] {processor.py:161} INFO - Started process (PID=1704) to work on /home/airflow/.local/lib/python3.12/site-packages/airflow/example_dags/example_branch_labels.py
[2024-05-25T22:15:43.435+0000] {processor.py:830} INFO - Processing file /home/airflow/.local/lib/python3.12/site-packages/airflow/example_dags/example_branch_labels.py for tasks to queue
[2024-05-25T22:15:43.438+0000] {logging_mixin.py:188} INFO - [2024-05-25T22:15:43.437+0000] {dagbag.py:545} INFO - Filling up the DagBag from /home/airflow/.local/lib/python3.12/site-packages/airflow/example_dags/example_branch_labels.py
[2024-05-25T22:15:43.449+0000] {processor.py:840} INFO - DAG(s) 'example_branch_labels' retrieved from /home/airflow/.local/lib/python3.12/site-packages/airflow/example_dags/example_branch_labels.py
[2024-05-25T22:15:43.481+0000] {logging_mixin.py:188} INFO - [2024-05-25T22:15:43.481+0000] {dag.py:3096} INFO - Sync 1 DAGs
[2024-05-25T22:15:43.511+0000] {logging_mixin.py:188} INFO - [2024-05-25T22:15:43.511+0000] {dag.py:3954} INFO - Setting next_dagrun for example_branch_labels to 2024-05-24 00:00:00+00:00, run_after=2024-05-25 00:00:00+00:00
[2024-05-25T22:15:43.533+0000] {processor.py:183} INFO - Processing /home/airflow/.local/lib/python3.12/site-packages/airflow/example_dags/example_branch_labels.py took 0.108 seconds
[2024-05-25T22:16:15.557+0000] {processor.py:161} INFO - Started process (PID=1762) to work on /home/airflow/.local/lib/python3.12/site-packages/airflow/example_dags/example_branch_labels.py
[2024-05-25T22:16:15.559+0000] {processor.py:830} INFO - Processing file /home/airflow/.local/lib/python3.12/site-packages/airflow/example_dags/example_branch_labels.py for tasks to queue
[2024-05-25T22:16:15.561+0000] {logging_mixin.py:188} INFO - [2024-05-25T22:16:15.560+0000] {dagbag.py:545} INFO - Filling up the DagBag from /home/airflow/.local/lib/python3.12/site-packages/airflow/example_dags/example_branch_labels.py
[2024-05-25T22:16:15.570+0000] {processor.py:840} INFO - DAG(s) 'example_branch_labels' retrieved from /home/airflow/.local/lib/python3.12/site-packages/airflow/example_dags/example_branch_labels.py
[2024-05-25T22:16:15.593+0000] {logging_mixin.py:188} INFO - [2024-05-25T22:16:15.593+0000] {dag.py:3096} INFO - Sync 1 DAGs
[2024-05-25T22:16:15.746+0000] {logging_mixin.py:188} INFO - [2024-05-25T22:16:15.746+0000] {dag.py:3954} INFO - Setting next_dagrun for example_branch_labels to 2024-05-24 00:00:00+00:00, run_after=2024-05-25 00:00:00+00:00
[2024-05-25T22:16:15.766+0000] {processor.py:183} INFO - Processing /home/airflow/.local/lib/python3.12/site-packages/airflow/example_dags/example_branch_labels.py took 0.216 seconds
[2024-05-25T22:16:46.340+0000] {processor.py:161} INFO - Started process (PID=1820) to work on /home/airflow/.local/lib/python3.12/site-packages/airflow/example_dags/example_branch_labels.py
[2024-05-25T22:16:46.341+0000] {processor.py:830} INFO - Processing file /home/airflow/.local/lib/python3.12/site-packages/airflow/example_dags/example_branch_labels.py for tasks to queue
[2024-05-25T22:16:46.343+0000] {logging_mixin.py:188} INFO - [2024-05-25T22:16:46.342+0000] {dagbag.py:545} INFO - Filling up the DagBag from /home/airflow/.local/lib/python3.12/site-packages/airflow/example_dags/example_branch_labels.py
[2024-05-25T22:16:46.351+0000] {processor.py:840} INFO - DAG(s) 'example_branch_labels' retrieved from /home/airflow/.local/lib/python3.12/site-packages/airflow/example_dags/example_branch_labels.py
[2024-05-25T22:16:46.393+0000] {logging_mixin.py:188} INFO - [2024-05-25T22:16:46.393+0000] {dag.py:3096} INFO - Sync 1 DAGs
[2024-05-25T22:16:46.541+0000] {logging_mixin.py:188} INFO - [2024-05-25T22:16:46.541+0000] {dag.py:3954} INFO - Setting next_dagrun for example_branch_labels to 2024-05-24 00:00:00+00:00, run_after=2024-05-25 00:00:00+00:00
[2024-05-25T22:16:46.559+0000] {processor.py:183} INFO - Processing /home/airflow/.local/lib/python3.12/site-packages/airflow/example_dags/example_branch_labels.py took 0.225 seconds
[2024-05-25T22:17:16.922+0000] {processor.py:161} INFO - Started process (PID=1878) to work on /home/airflow/.local/lib/python3.12/site-packages/airflow/example_dags/example_branch_labels.py
[2024-05-25T22:17:16.923+0000] {processor.py:830} INFO - Processing file /home/airflow/.local/lib/python3.12/site-packages/airflow/example_dags/example_branch_labels.py for tasks to queue
[2024-05-25T22:17:16.926+0000] {logging_mixin.py:188} INFO - [2024-05-25T22:17:16.926+0000] {dagbag.py:545} INFO - Filling up the DagBag from /home/airflow/.local/lib/python3.12/site-packages/airflow/example_dags/example_branch_labels.py
[2024-05-25T22:17:16.936+0000] {processor.py:840} INFO - DAG(s) 'example_branch_labels' retrieved from /home/airflow/.local/lib/python3.12/site-packages/airflow/example_dags/example_branch_labels.py
[2024-05-25T22:17:16.968+0000] {logging_mixin.py:188} INFO - [2024-05-25T22:17:16.968+0000] {dag.py:3096} INFO - Sync 1 DAGs
[2024-05-25T22:17:17.001+0000] {logging_mixin.py:188} INFO - [2024-05-25T22:17:17.001+0000] {dag.py:3954} INFO - Setting next_dagrun for example_branch_labels to 2024-05-24 00:00:00+00:00, run_after=2024-05-25 00:00:00+00:00
[2024-05-25T22:17:17.155+0000] {processor.py:183} INFO - Processing /home/airflow/.local/lib/python3.12/site-packages/airflow/example_dags/example_branch_labels.py took 0.239 seconds
[2024-05-25T22:17:48.043+0000] {processor.py:161} INFO - Started process (PID=1936) to work on /home/airflow/.local/lib/python3.12/site-packages/airflow/example_dags/example_branch_labels.py
[2024-05-25T22:17:48.044+0000] {processor.py:830} INFO - Processing file /home/airflow/.local/lib/python3.12/site-packages/airflow/example_dags/example_branch_labels.py for tasks to queue
[2024-05-25T22:17:48.046+0000] {logging_mixin.py:188} INFO - [2024-05-25T22:17:48.046+0000] {dagbag.py:545} INFO - Filling up the DagBag from /home/airflow/.local/lib/python3.12/site-packages/airflow/example_dags/example_branch_labels.py
[2024-05-25T22:17:48.055+0000] {processor.py:840} INFO - DAG(s) 'example_branch_labels' retrieved from /home/airflow/.local/lib/python3.12/site-packages/airflow/example_dags/example_branch_labels.py
[2024-05-25T22:17:48.085+0000] {logging_mixin.py:188} INFO - [2024-05-25T22:17:48.085+0000] {dag.py:3096} INFO - Sync 1 DAGs
[2024-05-25T22:17:48.116+0000] {logging_mixin.py:188} INFO - [2024-05-25T22:17:48.115+0000] {dag.py:3954} INFO - Setting next_dagrun for example_branch_labels to 2024-05-24 00:00:00+00:00, run_after=2024-05-25 00:00:00+00:00
[2024-05-25T22:17:48.137+0000] {processor.py:183} INFO - Processing /home/airflow/.local/lib/python3.12/site-packages/airflow/example_dags/example_branch_labels.py took 0.101 seconds
[2024-05-25T22:18:18.325+0000] {processor.py:161} INFO - Started process (PID=1994) to work on /home/airflow/.local/lib/python3.12/site-packages/airflow/example_dags/example_branch_labels.py
[2024-05-25T22:18:18.326+0000] {processor.py:830} INFO - Processing file /home/airflow/.local/lib/python3.12/site-packages/airflow/example_dags/example_branch_labels.py for tasks to queue
[2024-05-25T22:18:18.329+0000] {logging_mixin.py:188} INFO - [2024-05-25T22:18:18.328+0000] {dagbag.py:545} INFO - Filling up the DagBag from /home/airflow/.local/lib/python3.12/site-packages/airflow/example_dags/example_branch_labels.py
[2024-05-25T22:18:18.339+0000] {processor.py:840} INFO - DAG(s) 'example_branch_labels' retrieved from /home/airflow/.local/lib/python3.12/site-packages/airflow/example_dags/example_branch_labels.py
[2024-05-25T22:18:18.368+0000] {logging_mixin.py:188} INFO - [2024-05-25T22:18:18.368+0000] {dag.py:3096} INFO - Sync 1 DAGs
[2024-05-25T22:18:18.395+0000] {logging_mixin.py:188} INFO - [2024-05-25T22:18:18.395+0000] {dag.py:3954} INFO - Setting next_dagrun for example_branch_labels to 2024-05-24 00:00:00+00:00, run_after=2024-05-25 00:00:00+00:00
[2024-05-25T22:18:18.415+0000] {processor.py:183} INFO - Processing /home/airflow/.local/lib/python3.12/site-packages/airflow/example_dags/example_branch_labels.py took 0.097 seconds
[2024-05-25T22:18:48.538+0000] {processor.py:161} INFO - Started process (PID=2052) to work on /home/airflow/.local/lib/python3.12/site-packages/airflow/example_dags/example_branch_labels.py
[2024-05-25T22:18:48.539+0000] {processor.py:830} INFO - Processing file /home/airflow/.local/lib/python3.12/site-packages/airflow/example_dags/example_branch_labels.py for tasks to queue
[2024-05-25T22:18:48.543+0000] {logging_mixin.py:188} INFO - [2024-05-25T22:18:48.542+0000] {dagbag.py:545} INFO - Filling up the DagBag from /home/airflow/.local/lib/python3.12/site-packages/airflow/example_dags/example_branch_labels.py
[2024-05-25T22:18:48.553+0000] {processor.py:840} INFO - DAG(s) 'example_branch_labels' retrieved from /home/airflow/.local/lib/python3.12/site-packages/airflow/example_dags/example_branch_labels.py
[2024-05-25T22:18:48.579+0000] {logging_mixin.py:188} INFO - [2024-05-25T22:18:48.578+0000] {dag.py:3096} INFO - Sync 1 DAGs
[2024-05-25T22:18:48.606+0000] {logging_mixin.py:188} INFO - [2024-05-25T22:18:48.605+0000] {dag.py:3954} INFO - Setting next_dagrun for example_branch_labels to 2024-05-24 00:00:00+00:00, run_after=2024-05-25 00:00:00+00:00
[2024-05-25T22:18:48.628+0000] {processor.py:183} INFO - Processing /home/airflow/.local/lib/python3.12/site-packages/airflow/example_dags/example_branch_labels.py took 0.097 seconds
[2024-05-25T22:19:18.722+0000] {processor.py:161} INFO - Started process (PID=2110) to work on /home/airflow/.local/lib/python3.12/site-packages/airflow/example_dags/example_branch_labels.py
[2024-05-25T22:19:18.723+0000] {processor.py:830} INFO - Processing file /home/airflow/.local/lib/python3.12/site-packages/airflow/example_dags/example_branch_labels.py for tasks to queue
[2024-05-25T22:19:18.726+0000] {logging_mixin.py:188} INFO - [2024-05-25T22:19:18.726+0000] {dagbag.py:545} INFO - Filling up the DagBag from /home/airflow/.local/lib/python3.12/site-packages/airflow/example_dags/example_branch_labels.py
[2024-05-25T22:19:18.735+0000] {processor.py:840} INFO - DAG(s) 'example_branch_labels' retrieved from /home/airflow/.local/lib/python3.12/site-packages/airflow/example_dags/example_branch_labels.py
[2024-05-25T22:19:18.772+0000] {logging_mixin.py:188} INFO - [2024-05-25T22:19:18.772+0000] {dag.py:3096} INFO - Sync 1 DAGs
[2024-05-25T22:19:18.803+0000] {logging_mixin.py:188} INFO - [2024-05-25T22:19:18.802+0000] {dag.py:3954} INFO - Setting next_dagrun for example_branch_labels to 2024-05-24 00:00:00+00:00, run_after=2024-05-25 00:00:00+00:00
[2024-05-25T22:19:18.825+0000] {processor.py:183} INFO - Processing /home/airflow/.local/lib/python3.12/site-packages/airflow/example_dags/example_branch_labels.py took 0.110 seconds
