[2024-05-25T22:01:29.361+0000] {processor.py:161} INFO - Started process (PID=65) to work on /home/airflow/.local/lib/python3.12/site-packages/airflow/example_dags/example_short_circuit_operator.py
[2024-05-25T22:01:29.362+0000] {processor.py:830} INFO - Processing file /home/airflow/.local/lib/python3.12/site-packages/airflow/example_dags/example_short_circuit_operator.py for tasks to queue
[2024-05-25T22:01:29.365+0000] {logging_mixin.py:188} INFO - [2024-05-25T22:01:29.365+0000] {dagbag.py:545} INFO - Filling up the DagBag from /home/airflow/.local/lib/python3.12/site-packages/airflow/example_dags/example_short_circuit_operator.py
[2024-05-25T22:01:29.375+0000] {processor.py:840} INFO - DAG(s) 'example_short_circuit_operator' retrieved from /home/airflow/.local/lib/python3.12/site-packages/airflow/example_dags/example_short_circuit_operator.py
[2024-05-25T22:01:29.516+0000] {logging_mixin.py:188} INFO - [2024-05-25T22:01:29.516+0000] {dag.py:3096} INFO - Sync 1 DAGs
[2024-05-25T22:01:29.544+0000] {logging_mixin.py:188} INFO - [2024-05-25T22:01:29.544+0000] {dag.py:3954} INFO - Setting next_dagrun for example_short_circuit_operator to 2024-05-24 00:00:00+00:00, run_after=2024-05-25 00:00:00+00:00
[2024-05-25T22:01:29.569+0000] {processor.py:183} INFO - Processing /home/airflow/.local/lib/python3.12/site-packages/airflow/example_dags/example_short_circuit_operator.py took 0.215 seconds
[2024-05-25T22:02:00.133+0000] {processor.py:161} INFO - Started process (PID=123) to work on /home/airflow/.local/lib/python3.12/site-packages/airflow/example_dags/example_short_circuit_operator.py
[2024-05-25T22:02:00.134+0000] {processor.py:830} INFO - Processing file /home/airflow/.local/lib/python3.12/site-packages/airflow/example_dags/example_short_circuit_operator.py for tasks to queue
[2024-05-25T22:02:00.137+0000] {logging_mixin.py:188} INFO - [2024-05-25T22:02:00.136+0000] {dagbag.py:545} INFO - Filling up the DagBag from /home/airflow/.local/lib/python3.12/site-packages/airflow/example_dags/example_short_circuit_operator.py
[2024-05-25T22:02:00.148+0000] {processor.py:840} INFO - DAG(s) 'example_short_circuit_operator' retrieved from /home/airflow/.local/lib/python3.12/site-packages/airflow/example_dags/example_short_circuit_operator.py
[2024-05-25T22:02:00.174+0000] {logging_mixin.py:188} INFO - [2024-05-25T22:02:00.174+0000] {dag.py:3096} INFO - Sync 1 DAGs
[2024-05-25T22:02:00.201+0000] {logging_mixin.py:188} INFO - [2024-05-25T22:02:00.201+0000] {dag.py:3954} INFO - Setting next_dagrun for example_short_circuit_operator to 2024-05-24 00:00:00+00:00, run_after=2024-05-25 00:00:00+00:00
[2024-05-25T22:02:00.238+0000] {processor.py:183} INFO - Processing /home/airflow/.local/lib/python3.12/site-packages/airflow/example_dags/example_short_circuit_operator.py took 0.112 seconds
[2024-05-25T22:02:30.337+0000] {processor.py:161} INFO - Started process (PID=181) to work on /home/airflow/.local/lib/python3.12/site-packages/airflow/example_dags/example_short_circuit_operator.py
[2024-05-25T22:02:30.341+0000] {processor.py:830} INFO - Processing file /home/airflow/.local/lib/python3.12/site-packages/airflow/example_dags/example_short_circuit_operator.py for tasks to queue
[2024-05-25T22:02:30.343+0000] {logging_mixin.py:188} INFO - [2024-05-25T22:02:30.342+0000] {dagbag.py:545} INFO - Filling up the DagBag from /home/airflow/.local/lib/python3.12/site-packages/airflow/example_dags/example_short_circuit_operator.py
[2024-05-25T22:02:30.352+0000] {processor.py:840} INFO - DAG(s) 'example_short_circuit_operator' retrieved from /home/airflow/.local/lib/python3.12/site-packages/airflow/example_dags/example_short_circuit_operator.py
[2024-05-25T22:02:30.385+0000] {logging_mixin.py:188} INFO - [2024-05-25T22:02:30.384+0000] {dag.py:3096} INFO - Sync 1 DAGs
[2024-05-25T22:02:30.415+0000] {logging_mixin.py:188} INFO - [2024-05-25T22:02:30.415+0000] {dag.py:3954} INFO - Setting next_dagrun for example_short_circuit_operator to 2024-05-24 00:00:00+00:00, run_after=2024-05-25 00:00:00+00:00
[2024-05-25T22:02:30.444+0000] {processor.py:183} INFO - Processing /home/airflow/.local/lib/python3.12/site-packages/airflow/example_dags/example_short_circuit_operator.py took 0.114 seconds
[2024-05-25T22:03:01.259+0000] {processor.py:161} INFO - Started process (PID=239) to work on /home/airflow/.local/lib/python3.12/site-packages/airflow/example_dags/example_short_circuit_operator.py
[2024-05-25T22:03:01.260+0000] {processor.py:830} INFO - Processing file /home/airflow/.local/lib/python3.12/site-packages/airflow/example_dags/example_short_circuit_operator.py for tasks to queue
[2024-05-25T22:03:01.263+0000] {logging_mixin.py:188} INFO - [2024-05-25T22:03:01.262+0000] {dagbag.py:545} INFO - Filling up the DagBag from /home/airflow/.local/lib/python3.12/site-packages/airflow/example_dags/example_short_circuit_operator.py
[2024-05-25T22:03:01.271+0000] {processor.py:840} INFO - DAG(s) 'example_short_circuit_operator' retrieved from /home/airflow/.local/lib/python3.12/site-packages/airflow/example_dags/example_short_circuit_operator.py
[2024-05-25T22:03:01.298+0000] {logging_mixin.py:188} INFO - [2024-05-25T22:03:01.297+0000] {dag.py:3096} INFO - Sync 1 DAGs
[2024-05-25T22:03:01.325+0000] {logging_mixin.py:188} INFO - [2024-05-25T22:03:01.325+0000] {dag.py:3954} INFO - Setting next_dagrun for example_short_circuit_operator to 2024-05-24 00:00:00+00:00, run_after=2024-05-25 00:00:00+00:00
[2024-05-25T22:03:01.352+0000] {processor.py:183} INFO - Processing /home/airflow/.local/lib/python3.12/site-packages/airflow/example_dags/example_short_circuit_operator.py took 0.099 seconds
[2024-05-25T22:03:31.646+0000] {processor.py:161} INFO - Started process (PID=297) to work on /home/airflow/.local/lib/python3.12/site-packages/airflow/example_dags/example_short_circuit_operator.py
[2024-05-25T22:03:31.647+0000] {processor.py:830} INFO - Processing file /home/airflow/.local/lib/python3.12/site-packages/airflow/example_dags/example_short_circuit_operator.py for tasks to queue
[2024-05-25T22:03:31.650+0000] {logging_mixin.py:188} INFO - [2024-05-25T22:03:31.649+0000] {dagbag.py:545} INFO - Filling up the DagBag from /home/airflow/.local/lib/python3.12/site-packages/airflow/example_dags/example_short_circuit_operator.py
[2024-05-25T22:03:31.659+0000] {processor.py:840} INFO - DAG(s) 'example_short_circuit_operator' retrieved from /home/airflow/.local/lib/python3.12/site-packages/airflow/example_dags/example_short_circuit_operator.py
[2024-05-25T22:03:31.705+0000] {logging_mixin.py:188} INFO - [2024-05-25T22:03:31.705+0000] {dag.py:3096} INFO - Sync 1 DAGs
[2024-05-25T22:03:31.734+0000] {logging_mixin.py:188} INFO - [2024-05-25T22:03:31.734+0000] {dag.py:3954} INFO - Setting next_dagrun for example_short_circuit_operator to 2024-05-24 00:00:00+00:00, run_after=2024-05-25 00:00:00+00:00
[2024-05-25T22:03:31.761+0000] {processor.py:183} INFO - Processing /home/airflow/.local/lib/python3.12/site-packages/airflow/example_dags/example_short_circuit_operator.py took 0.129 seconds
[2024-05-25T22:04:02.550+0000] {processor.py:161} INFO - Started process (PID=355) to work on /home/airflow/.local/lib/python3.12/site-packages/airflow/example_dags/example_short_circuit_operator.py
[2024-05-25T22:04:02.551+0000] {processor.py:830} INFO - Processing file /home/airflow/.local/lib/python3.12/site-packages/airflow/example_dags/example_short_circuit_operator.py for tasks to queue
[2024-05-25T22:04:02.554+0000] {logging_mixin.py:188} INFO - [2024-05-25T22:04:02.553+0000] {dagbag.py:545} INFO - Filling up the DagBag from /home/airflow/.local/lib/python3.12/site-packages/airflow/example_dags/example_short_circuit_operator.py
[2024-05-25T22:04:02.574+0000] {processor.py:840} INFO - DAG(s) 'example_short_circuit_operator' retrieved from /home/airflow/.local/lib/python3.12/site-packages/airflow/example_dags/example_short_circuit_operator.py
[2024-05-25T22:04:02.608+0000] {logging_mixin.py:188} INFO - [2024-05-25T22:04:02.608+0000] {dag.py:3096} INFO - Sync 1 DAGs
[2024-05-25T22:04:02.638+0000] {logging_mixin.py:188} INFO - [2024-05-25T22:04:02.638+0000] {dag.py:3954} INFO - Setting next_dagrun for example_short_circuit_operator to 2024-05-24 00:00:00+00:00, run_after=2024-05-25 00:00:00+00:00
[2024-05-25T22:04:02.669+0000] {processor.py:183} INFO - Processing /home/airflow/.local/lib/python3.12/site-packages/airflow/example_dags/example_short_circuit_operator.py took 0.125 seconds
[2024-05-25T22:04:32.871+0000] {processor.py:161} INFO - Started process (PID=413) to work on /home/airflow/.local/lib/python3.12/site-packages/airflow/example_dags/example_short_circuit_operator.py
[2024-05-25T22:04:32.872+0000] {processor.py:830} INFO - Processing file /home/airflow/.local/lib/python3.12/site-packages/airflow/example_dags/example_short_circuit_operator.py for tasks to queue
[2024-05-25T22:04:32.874+0000] {logging_mixin.py:188} INFO - [2024-05-25T22:04:32.874+0000] {dagbag.py:545} INFO - Filling up the DagBag from /home/airflow/.local/lib/python3.12/site-packages/airflow/example_dags/example_short_circuit_operator.py
[2024-05-25T22:04:32.883+0000] {processor.py:840} INFO - DAG(s) 'example_short_circuit_operator' retrieved from /home/airflow/.local/lib/python3.12/site-packages/airflow/example_dags/example_short_circuit_operator.py
[2024-05-25T22:04:32.910+0000] {logging_mixin.py:188} INFO - [2024-05-25T22:04:32.909+0000] {dag.py:3096} INFO - Sync 1 DAGs
[2024-05-25T22:04:32.934+0000] {logging_mixin.py:188} INFO - [2024-05-25T22:04:32.934+0000] {dag.py:3954} INFO - Setting next_dagrun for example_short_circuit_operator to 2024-05-24 00:00:00+00:00, run_after=2024-05-25 00:00:00+00:00
[2024-05-25T22:04:32.955+0000] {processor.py:183} INFO - Processing /home/airflow/.local/lib/python3.12/site-packages/airflow/example_dags/example_short_circuit_operator.py took 0.091 seconds
[2024-05-25T22:05:03.242+0000] {processor.py:161} INFO - Started process (PID=470) to work on /home/airflow/.local/lib/python3.12/site-packages/airflow/example_dags/example_short_circuit_operator.py
[2024-05-25T22:05:03.244+0000] {processor.py:830} INFO - Processing file /home/airflow/.local/lib/python3.12/site-packages/airflow/example_dags/example_short_circuit_operator.py for tasks to queue
[2024-05-25T22:05:03.246+0000] {logging_mixin.py:188} INFO - [2024-05-25T22:05:03.245+0000] {dagbag.py:545} INFO - Filling up the DagBag from /home/airflow/.local/lib/python3.12/site-packages/airflow/example_dags/example_short_circuit_operator.py
[2024-05-25T22:05:03.256+0000] {processor.py:840} INFO - DAG(s) 'example_short_circuit_operator' retrieved from /home/airflow/.local/lib/python3.12/site-packages/airflow/example_dags/example_short_circuit_operator.py
[2024-05-25T22:05:03.284+0000] {logging_mixin.py:188} INFO - [2024-05-25T22:05:03.283+0000] {dag.py:3096} INFO - Sync 1 DAGs
[2024-05-25T22:05:03.313+0000] {logging_mixin.py:188} INFO - [2024-05-25T22:05:03.313+0000] {dag.py:3954} INFO - Setting next_dagrun for example_short_circuit_operator to 2024-05-24 00:00:00+00:00, run_after=2024-05-25 00:00:00+00:00
[2024-05-25T22:05:03.338+0000] {processor.py:183} INFO - Processing /home/airflow/.local/lib/python3.12/site-packages/airflow/example_dags/example_short_circuit_operator.py took 0.101 seconds
[2024-05-25T22:05:33.641+0000] {processor.py:161} INFO - Started process (PID=528) to work on /home/airflow/.local/lib/python3.12/site-packages/airflow/example_dags/example_short_circuit_operator.py
[2024-05-25T22:05:33.642+0000] {processor.py:830} INFO - Processing file /home/airflow/.local/lib/python3.12/site-packages/airflow/example_dags/example_short_circuit_operator.py for tasks to queue
[2024-05-25T22:05:33.644+0000] {logging_mixin.py:188} INFO - [2024-05-25T22:05:33.644+0000] {dagbag.py:545} INFO - Filling up the DagBag from /home/airflow/.local/lib/python3.12/site-packages/airflow/example_dags/example_short_circuit_operator.py
[2024-05-25T22:05:33.652+0000] {processor.py:840} INFO - DAG(s) 'example_short_circuit_operator' retrieved from /home/airflow/.local/lib/python3.12/site-packages/airflow/example_dags/example_short_circuit_operator.py
[2024-05-25T22:05:33.701+0000] {logging_mixin.py:188} INFO - [2024-05-25T22:05:33.700+0000] {dag.py:3096} INFO - Sync 1 DAGs
[2024-05-25T22:05:33.726+0000] {logging_mixin.py:188} INFO - [2024-05-25T22:05:33.725+0000] {dag.py:3954} INFO - Setting next_dagrun for example_short_circuit_operator to 2024-05-24 00:00:00+00:00, run_after=2024-05-25 00:00:00+00:00
[2024-05-25T22:05:33.745+0000] {processor.py:183} INFO - Processing /home/airflow/.local/lib/python3.12/site-packages/airflow/example_dags/example_short_circuit_operator.py took 0.110 seconds
[2024-05-25T22:06:04.149+0000] {processor.py:161} INFO - Started process (PID=585) to work on /home/airflow/.local/lib/python3.12/site-packages/airflow/example_dags/example_short_circuit_operator.py
[2024-05-25T22:06:04.150+0000] {processor.py:830} INFO - Processing file /home/airflow/.local/lib/python3.12/site-packages/airflow/example_dags/example_short_circuit_operator.py for tasks to queue
[2024-05-25T22:06:04.152+0000] {logging_mixin.py:188} INFO - [2024-05-25T22:06:04.152+0000] {dagbag.py:545} INFO - Filling up the DagBag from /home/airflow/.local/lib/python3.12/site-packages/airflow/example_dags/example_short_circuit_operator.py
[2024-05-25T22:06:04.161+0000] {processor.py:840} INFO - DAG(s) 'example_short_circuit_operator' retrieved from /home/airflow/.local/lib/python3.12/site-packages/airflow/example_dags/example_short_circuit_operator.py
[2024-05-25T22:06:04.202+0000] {logging_mixin.py:188} INFO - [2024-05-25T22:06:04.201+0000] {dag.py:3096} INFO - Sync 1 DAGs
[2024-05-25T22:06:04.229+0000] {logging_mixin.py:188} INFO - [2024-05-25T22:06:04.229+0000] {dag.py:3954} INFO - Setting next_dagrun for example_short_circuit_operator to 2024-05-24 00:00:00+00:00, run_after=2024-05-25 00:00:00+00:00
[2024-05-25T22:06:04.253+0000] {processor.py:183} INFO - Processing /home/airflow/.local/lib/python3.12/site-packages/airflow/example_dags/example_short_circuit_operator.py took 0.111 seconds
[2024-05-25T22:06:34.490+0000] {processor.py:161} INFO - Started process (PID=642) to work on /home/airflow/.local/lib/python3.12/site-packages/airflow/example_dags/example_short_circuit_operator.py
[2024-05-25T22:06:34.491+0000] {processor.py:830} INFO - Processing file /home/airflow/.local/lib/python3.12/site-packages/airflow/example_dags/example_short_circuit_operator.py for tasks to queue
[2024-05-25T22:06:34.494+0000] {logging_mixin.py:188} INFO - [2024-05-25T22:06:34.494+0000] {dagbag.py:545} INFO - Filling up the DagBag from /home/airflow/.local/lib/python3.12/site-packages/airflow/example_dags/example_short_circuit_operator.py
[2024-05-25T22:06:34.503+0000] {processor.py:840} INFO - DAG(s) 'example_short_circuit_operator' retrieved from /home/airflow/.local/lib/python3.12/site-packages/airflow/example_dags/example_short_circuit_operator.py
[2024-05-25T22:06:34.546+0000] {logging_mixin.py:188} INFO - [2024-05-25T22:06:34.546+0000] {dag.py:3096} INFO - Sync 1 DAGs
[2024-05-25T22:06:34.573+0000] {logging_mixin.py:188} INFO - [2024-05-25T22:06:34.572+0000] {dag.py:3954} INFO - Setting next_dagrun for example_short_circuit_operator to 2024-05-24 00:00:00+00:00, run_after=2024-05-25 00:00:00+00:00
[2024-05-25T22:06:34.598+0000] {processor.py:183} INFO - Processing /home/airflow/.local/lib/python3.12/site-packages/airflow/example_dags/example_short_circuit_operator.py took 0.115 seconds
[2024-05-25T22:07:04.713+0000] {processor.py:161} INFO - Started process (PID=699) to work on /home/airflow/.local/lib/python3.12/site-packages/airflow/example_dags/example_short_circuit_operator.py
[2024-05-25T22:07:04.714+0000] {processor.py:830} INFO - Processing file /home/airflow/.local/lib/python3.12/site-packages/airflow/example_dags/example_short_circuit_operator.py for tasks to queue
[2024-05-25T22:07:04.717+0000] {logging_mixin.py:188} INFO - [2024-05-25T22:07:04.717+0000] {dagbag.py:545} INFO - Filling up the DagBag from /home/airflow/.local/lib/python3.12/site-packages/airflow/example_dags/example_short_circuit_operator.py
[2024-05-25T22:07:04.727+0000] {processor.py:840} INFO - DAG(s) 'example_short_circuit_operator' retrieved from /home/airflow/.local/lib/python3.12/site-packages/airflow/example_dags/example_short_circuit_operator.py
[2024-05-25T22:07:04.756+0000] {logging_mixin.py:188} INFO - [2024-05-25T22:07:04.756+0000] {dag.py:3096} INFO - Sync 1 DAGs
[2024-05-25T22:07:04.784+0000] {logging_mixin.py:188} INFO - [2024-05-25T22:07:04.784+0000] {dag.py:3954} INFO - Setting next_dagrun for example_short_circuit_operator to 2024-05-24 00:00:00+00:00, run_after=2024-05-25 00:00:00+00:00
[2024-05-25T22:07:04.808+0000] {processor.py:183} INFO - Processing /home/airflow/.local/lib/python3.12/site-packages/airflow/example_dags/example_short_circuit_operator.py took 0.103 seconds
[2024-05-25T22:07:35.444+0000] {processor.py:161} INFO - Started process (PID=757) to work on /home/airflow/.local/lib/python3.12/site-packages/airflow/example_dags/example_short_circuit_operator.py
[2024-05-25T22:07:35.445+0000] {processor.py:830} INFO - Processing file /home/airflow/.local/lib/python3.12/site-packages/airflow/example_dags/example_short_circuit_operator.py for tasks to queue
[2024-05-25T22:07:35.447+0000] {logging_mixin.py:188} INFO - [2024-05-25T22:07:35.446+0000] {dagbag.py:545} INFO - Filling up the DagBag from /home/airflow/.local/lib/python3.12/site-packages/airflow/example_dags/example_short_circuit_operator.py
[2024-05-25T22:07:35.455+0000] {processor.py:840} INFO - DAG(s) 'example_short_circuit_operator' retrieved from /home/airflow/.local/lib/python3.12/site-packages/airflow/example_dags/example_short_circuit_operator.py
[2024-05-25T22:07:35.489+0000] {logging_mixin.py:188} INFO - [2024-05-25T22:07:35.489+0000] {dag.py:3096} INFO - Sync 1 DAGs
[2024-05-25T22:07:35.518+0000] {logging_mixin.py:188} INFO - [2024-05-25T22:07:35.518+0000] {dag.py:3954} INFO - Setting next_dagrun for example_short_circuit_operator to 2024-05-24 00:00:00+00:00, run_after=2024-05-25 00:00:00+00:00
[2024-05-25T22:07:35.544+0000] {processor.py:183} INFO - Processing /home/airflow/.local/lib/python3.12/site-packages/airflow/example_dags/example_short_circuit_operator.py took 0.107 seconds
[2024-05-25T22:08:05.737+0000] {processor.py:161} INFO - Started process (PID=815) to work on /home/airflow/.local/lib/python3.12/site-packages/airflow/example_dags/example_short_circuit_operator.py
[2024-05-25T22:08:05.738+0000] {processor.py:830} INFO - Processing file /home/airflow/.local/lib/python3.12/site-packages/airflow/example_dags/example_short_circuit_operator.py for tasks to queue
[2024-05-25T22:08:05.741+0000] {logging_mixin.py:188} INFO - [2024-05-25T22:08:05.740+0000] {dagbag.py:545} INFO - Filling up the DagBag from /home/airflow/.local/lib/python3.12/site-packages/airflow/example_dags/example_short_circuit_operator.py
[2024-05-25T22:08:05.752+0000] {processor.py:840} INFO - DAG(s) 'example_short_circuit_operator' retrieved from /home/airflow/.local/lib/python3.12/site-packages/airflow/example_dags/example_short_circuit_operator.py
[2024-05-25T22:08:05.806+0000] {logging_mixin.py:188} INFO - [2024-05-25T22:08:05.806+0000] {dag.py:3096} INFO - Sync 1 DAGs
[2024-05-25T22:08:05.842+0000] {logging_mixin.py:188} INFO - [2024-05-25T22:08:05.841+0000] {dag.py:3954} INFO - Setting next_dagrun for example_short_circuit_operator to 2024-05-24 00:00:00+00:00, run_after=2024-05-25 00:00:00+00:00
[2024-05-25T22:08:05.873+0000] {processor.py:183} INFO - Processing /home/airflow/.local/lib/python3.12/site-packages/airflow/example_dags/example_short_circuit_operator.py took 0.142 seconds
[2024-05-25T22:08:36.100+0000] {processor.py:161} INFO - Started process (PID=873) to work on /home/airflow/.local/lib/python3.12/site-packages/airflow/example_dags/example_short_circuit_operator.py
[2024-05-25T22:08:36.102+0000] {processor.py:830} INFO - Processing file /home/airflow/.local/lib/python3.12/site-packages/airflow/example_dags/example_short_circuit_operator.py for tasks to queue
[2024-05-25T22:08:36.105+0000] {logging_mixin.py:188} INFO - [2024-05-25T22:08:36.104+0000] {dagbag.py:545} INFO - Filling up the DagBag from /home/airflow/.local/lib/python3.12/site-packages/airflow/example_dags/example_short_circuit_operator.py
[2024-05-25T22:08:36.118+0000] {processor.py:840} INFO - DAG(s) 'example_short_circuit_operator' retrieved from /home/airflow/.local/lib/python3.12/site-packages/airflow/example_dags/example_short_circuit_operator.py
[2024-05-25T22:08:36.144+0000] {logging_mixin.py:188} INFO - [2024-05-25T22:08:36.144+0000] {dag.py:3096} INFO - Sync 1 DAGs
[2024-05-25T22:08:36.169+0000] {logging_mixin.py:188} INFO - [2024-05-25T22:08:36.168+0000] {dag.py:3954} INFO - Setting next_dagrun for example_short_circuit_operator to 2024-05-24 00:00:00+00:00, run_after=2024-05-25 00:00:00+00:00
[2024-05-25T22:08:36.188+0000] {processor.py:183} INFO - Processing /home/airflow/.local/lib/python3.12/site-packages/airflow/example_dags/example_short_circuit_operator.py took 0.097 seconds
[2024-05-25T22:09:06.298+0000] {processor.py:161} INFO - Started process (PID=931) to work on /home/airflow/.local/lib/python3.12/site-packages/airflow/example_dags/example_short_circuit_operator.py
[2024-05-25T22:09:06.299+0000] {processor.py:830} INFO - Processing file /home/airflow/.local/lib/python3.12/site-packages/airflow/example_dags/example_short_circuit_operator.py for tasks to queue
[2024-05-25T22:09:06.302+0000] {logging_mixin.py:188} INFO - [2024-05-25T22:09:06.301+0000] {dagbag.py:545} INFO - Filling up the DagBag from /home/airflow/.local/lib/python3.12/site-packages/airflow/example_dags/example_short_circuit_operator.py
[2024-05-25T22:09:06.310+0000] {processor.py:840} INFO - DAG(s) 'example_short_circuit_operator' retrieved from /home/airflow/.local/lib/python3.12/site-packages/airflow/example_dags/example_short_circuit_operator.py
[2024-05-25T22:09:06.336+0000] {logging_mixin.py:188} INFO - [2024-05-25T22:09:06.335+0000] {dag.py:3096} INFO - Sync 1 DAGs
[2024-05-25T22:09:06.361+0000] {logging_mixin.py:188} INFO - [2024-05-25T22:09:06.360+0000] {dag.py:3954} INFO - Setting next_dagrun for example_short_circuit_operator to 2024-05-24 00:00:00+00:00, run_after=2024-05-25 00:00:00+00:00
[2024-05-25T22:09:06.385+0000] {processor.py:183} INFO - Processing /home/airflow/.local/lib/python3.12/site-packages/airflow/example_dags/example_short_circuit_operator.py took 0.094 seconds
[2024-05-25T22:09:37.355+0000] {processor.py:161} INFO - Started process (PID=994) to work on /home/airflow/.local/lib/python3.12/site-packages/airflow/example_dags/example_short_circuit_operator.py
[2024-05-25T22:09:37.359+0000] {processor.py:830} INFO - Processing file /home/airflow/.local/lib/python3.12/site-packages/airflow/example_dags/example_short_circuit_operator.py for tasks to queue
[2024-05-25T22:09:37.363+0000] {logging_mixin.py:188} INFO - [2024-05-25T22:09:37.362+0000] {dagbag.py:545} INFO - Filling up the DagBag from /home/airflow/.local/lib/python3.12/site-packages/airflow/example_dags/example_short_circuit_operator.py
[2024-05-25T22:09:37.373+0000] {processor.py:840} INFO - DAG(s) 'example_short_circuit_operator' retrieved from /home/airflow/.local/lib/python3.12/site-packages/airflow/example_dags/example_short_circuit_operator.py
[2024-05-25T22:09:37.402+0000] {logging_mixin.py:188} INFO - [2024-05-25T22:09:37.402+0000] {dag.py:3096} INFO - Sync 1 DAGs
[2024-05-25T22:09:37.431+0000] {logging_mixin.py:188} INFO - [2024-05-25T22:09:37.430+0000] {dag.py:3954} INFO - Setting next_dagrun for example_short_circuit_operator to 2024-05-24 00:00:00+00:00, run_after=2024-05-25 00:00:00+00:00
[2024-05-25T22:09:37.450+0000] {processor.py:183} INFO - Processing /home/airflow/.local/lib/python3.12/site-packages/airflow/example_dags/example_short_circuit_operator.py took 0.102 seconds
[2024-05-25T22:10:08.184+0000] {processor.py:161} INFO - Started process (PID=1052) to work on /home/airflow/.local/lib/python3.12/site-packages/airflow/example_dags/example_short_circuit_operator.py
[2024-05-25T22:10:08.186+0000] {processor.py:830} INFO - Processing file /home/airflow/.local/lib/python3.12/site-packages/airflow/example_dags/example_short_circuit_operator.py for tasks to queue
[2024-05-25T22:10:08.191+0000] {logging_mixin.py:188} INFO - [2024-05-25T22:10:08.190+0000] {dagbag.py:545} INFO - Filling up the DagBag from /home/airflow/.local/lib/python3.12/site-packages/airflow/example_dags/example_short_circuit_operator.py
[2024-05-25T22:10:08.205+0000] {processor.py:840} INFO - DAG(s) 'example_short_circuit_operator' retrieved from /home/airflow/.local/lib/python3.12/site-packages/airflow/example_dags/example_short_circuit_operator.py
[2024-05-25T22:10:08.233+0000] {logging_mixin.py:188} INFO - [2024-05-25T22:10:08.233+0000] {dag.py:3096} INFO - Sync 1 DAGs
[2024-05-25T22:10:08.258+0000] {logging_mixin.py:188} INFO - [2024-05-25T22:10:08.258+0000] {dag.py:3954} INFO - Setting next_dagrun for example_short_circuit_operator to 2024-05-24 00:00:00+00:00, run_after=2024-05-25 00:00:00+00:00
[2024-05-25T22:10:08.283+0000] {processor.py:183} INFO - Processing /home/airflow/.local/lib/python3.12/site-packages/airflow/example_dags/example_short_circuit_operator.py took 0.114 seconds
[2024-05-25T22:10:38.809+0000] {processor.py:161} INFO - Started process (PID=1109) to work on /home/airflow/.local/lib/python3.12/site-packages/airflow/example_dags/example_short_circuit_operator.py
[2024-05-25T22:10:38.810+0000] {processor.py:830} INFO - Processing file /home/airflow/.local/lib/python3.12/site-packages/airflow/example_dags/example_short_circuit_operator.py for tasks to queue
[2024-05-25T22:10:38.812+0000] {logging_mixin.py:188} INFO - [2024-05-25T22:10:38.812+0000] {dagbag.py:545} INFO - Filling up the DagBag from /home/airflow/.local/lib/python3.12/site-packages/airflow/example_dags/example_short_circuit_operator.py
[2024-05-25T22:10:38.822+0000] {processor.py:840} INFO - DAG(s) 'example_short_circuit_operator' retrieved from /home/airflow/.local/lib/python3.12/site-packages/airflow/example_dags/example_short_circuit_operator.py
[2024-05-25T22:10:38.856+0000] {logging_mixin.py:188} INFO - [2024-05-25T22:10:38.855+0000] {dag.py:3096} INFO - Sync 1 DAGs
[2024-05-25T22:10:38.885+0000] {logging_mixin.py:188} INFO - [2024-05-25T22:10:38.885+0000] {dag.py:3954} INFO - Setting next_dagrun for example_short_circuit_operator to 2024-05-24 00:00:00+00:00, run_after=2024-05-25 00:00:00+00:00
[2024-05-25T22:10:38.913+0000] {processor.py:183} INFO - Processing /home/airflow/.local/lib/python3.12/site-packages/airflow/example_dags/example_short_circuit_operator.py took 0.111 seconds
[2024-05-25T22:11:09.116+0000] {processor.py:161} INFO - Started process (PID=1166) to work on /home/airflow/.local/lib/python3.12/site-packages/airflow/example_dags/example_short_circuit_operator.py
[2024-05-25T22:11:09.118+0000] {processor.py:830} INFO - Processing file /home/airflow/.local/lib/python3.12/site-packages/airflow/example_dags/example_short_circuit_operator.py for tasks to queue
[2024-05-25T22:11:09.123+0000] {logging_mixin.py:188} INFO - [2024-05-25T22:11:09.122+0000] {dagbag.py:545} INFO - Filling up the DagBag from /home/airflow/.local/lib/python3.12/site-packages/airflow/example_dags/example_short_circuit_operator.py
[2024-05-25T22:11:09.136+0000] {processor.py:840} INFO - DAG(s) 'example_short_circuit_operator' retrieved from /home/airflow/.local/lib/python3.12/site-packages/airflow/example_dags/example_short_circuit_operator.py
[2024-05-25T22:11:09.165+0000] {logging_mixin.py:188} INFO - [2024-05-25T22:11:09.165+0000] {dag.py:3096} INFO - Sync 1 DAGs
[2024-05-25T22:11:09.193+0000] {logging_mixin.py:188} INFO - [2024-05-25T22:11:09.193+0000] {dag.py:3954} INFO - Setting next_dagrun for example_short_circuit_operator to 2024-05-24 00:00:00+00:00, run_after=2024-05-25 00:00:00+00:00
[2024-05-25T22:11:09.216+0000] {processor.py:183} INFO - Processing /home/airflow/.local/lib/python3.12/site-packages/airflow/example_dags/example_short_circuit_operator.py took 0.115 seconds
[2024-05-25T22:11:39.442+0000] {processor.py:161} INFO - Started process (PID=1224) to work on /home/airflow/.local/lib/python3.12/site-packages/airflow/example_dags/example_short_circuit_operator.py
[2024-05-25T22:11:39.443+0000] {processor.py:830} INFO - Processing file /home/airflow/.local/lib/python3.12/site-packages/airflow/example_dags/example_short_circuit_operator.py for tasks to queue
[2024-05-25T22:11:39.445+0000] {logging_mixin.py:188} INFO - [2024-05-25T22:11:39.445+0000] {dagbag.py:545} INFO - Filling up the DagBag from /home/airflow/.local/lib/python3.12/site-packages/airflow/example_dags/example_short_circuit_operator.py
[2024-05-25T22:11:39.454+0000] {processor.py:840} INFO - DAG(s) 'example_short_circuit_operator' retrieved from /home/airflow/.local/lib/python3.12/site-packages/airflow/example_dags/example_short_circuit_operator.py
[2024-05-25T22:11:39.482+0000] {logging_mixin.py:188} INFO - [2024-05-25T22:11:39.482+0000] {dag.py:3096} INFO - Sync 1 DAGs
[2024-05-25T22:11:39.508+0000] {logging_mixin.py:188} INFO - [2024-05-25T22:11:39.508+0000] {dag.py:3954} INFO - Setting next_dagrun for example_short_circuit_operator to 2024-05-24 00:00:00+00:00, run_after=2024-05-25 00:00:00+00:00
[2024-05-25T22:11:39.528+0000] {processor.py:183} INFO - Processing /home/airflow/.local/lib/python3.12/site-packages/airflow/example_dags/example_short_circuit_operator.py took 0.093 seconds
[2024-05-25T22:12:10.081+0000] {processor.py:161} INFO - Started process (PID=1281) to work on /home/airflow/.local/lib/python3.12/site-packages/airflow/example_dags/example_short_circuit_operator.py
[2024-05-25T22:12:10.085+0000] {processor.py:830} INFO - Processing file /home/airflow/.local/lib/python3.12/site-packages/airflow/example_dags/example_short_circuit_operator.py for tasks to queue
[2024-05-25T22:12:10.087+0000] {logging_mixin.py:188} INFO - [2024-05-25T22:12:10.086+0000] {dagbag.py:545} INFO - Filling up the DagBag from /home/airflow/.local/lib/python3.12/site-packages/airflow/example_dags/example_short_circuit_operator.py
[2024-05-25T22:12:10.095+0000] {processor.py:840} INFO - DAG(s) 'example_short_circuit_operator' retrieved from /home/airflow/.local/lib/python3.12/site-packages/airflow/example_dags/example_short_circuit_operator.py
[2024-05-25T22:12:10.129+0000] {logging_mixin.py:188} INFO - [2024-05-25T22:12:10.129+0000] {dag.py:3096} INFO - Sync 1 DAGs
[2024-05-25T22:12:10.159+0000] {logging_mixin.py:188} INFO - [2024-05-25T22:12:10.159+0000] {dag.py:3954} INFO - Setting next_dagrun for example_short_circuit_operator to 2024-05-24 00:00:00+00:00, run_after=2024-05-25 00:00:00+00:00
[2024-05-25T22:12:10.184+0000] {processor.py:183} INFO - Processing /home/airflow/.local/lib/python3.12/site-packages/airflow/example_dags/example_short_circuit_operator.py took 0.110 seconds
[2024-05-25T22:12:40.579+0000] {processor.py:161} INFO - Started process (PID=1346) to work on /home/airflow/.local/lib/python3.12/site-packages/airflow/example_dags/example_short_circuit_operator.py
[2024-05-25T22:12:40.580+0000] {processor.py:830} INFO - Processing file /home/airflow/.local/lib/python3.12/site-packages/airflow/example_dags/example_short_circuit_operator.py for tasks to queue
[2024-05-25T22:12:40.583+0000] {logging_mixin.py:188} INFO - [2024-05-25T22:12:40.583+0000] {dagbag.py:545} INFO - Filling up the DagBag from /home/airflow/.local/lib/python3.12/site-packages/airflow/example_dags/example_short_circuit_operator.py
[2024-05-25T22:12:40.593+0000] {processor.py:840} INFO - DAG(s) 'example_short_circuit_operator' retrieved from /home/airflow/.local/lib/python3.12/site-packages/airflow/example_dags/example_short_circuit_operator.py
[2024-05-25T22:12:40.623+0000] {logging_mixin.py:188} INFO - [2024-05-25T22:12:40.623+0000] {dag.py:3096} INFO - Sync 1 DAGs
[2024-05-25T22:12:40.653+0000] {logging_mixin.py:188} INFO - [2024-05-25T22:12:40.653+0000] {dag.py:3954} INFO - Setting next_dagrun for example_short_circuit_operator to 2024-05-24 00:00:00+00:00, run_after=2024-05-25 00:00:00+00:00
[2024-05-25T22:12:40.675+0000] {processor.py:183} INFO - Processing /home/airflow/.local/lib/python3.12/site-packages/airflow/example_dags/example_short_circuit_operator.py took 0.103 seconds
[2024-05-25T22:13:11.412+0000] {processor.py:161} INFO - Started process (PID=1412) to work on /home/airflow/.local/lib/python3.12/site-packages/airflow/example_dags/example_short_circuit_operator.py
[2024-05-25T22:13:11.413+0000] {processor.py:830} INFO - Processing file /home/airflow/.local/lib/python3.12/site-packages/airflow/example_dags/example_short_circuit_operator.py for tasks to queue
[2024-05-25T22:13:11.415+0000] {logging_mixin.py:188} INFO - [2024-05-25T22:13:11.415+0000] {dagbag.py:545} INFO - Filling up the DagBag from /home/airflow/.local/lib/python3.12/site-packages/airflow/example_dags/example_short_circuit_operator.py
[2024-05-25T22:13:11.425+0000] {processor.py:840} INFO - DAG(s) 'example_short_circuit_operator' retrieved from /home/airflow/.local/lib/python3.12/site-packages/airflow/example_dags/example_short_circuit_operator.py
[2024-05-25T22:13:11.451+0000] {logging_mixin.py:188} INFO - [2024-05-25T22:13:11.451+0000] {dag.py:3096} INFO - Sync 1 DAGs
[2024-05-25T22:13:11.478+0000] {logging_mixin.py:188} INFO - [2024-05-25T22:13:11.478+0000] {dag.py:3954} INFO - Setting next_dagrun for example_short_circuit_operator to 2024-05-24 00:00:00+00:00, run_after=2024-05-25 00:00:00+00:00
[2024-05-25T22:13:11.503+0000] {processor.py:183} INFO - Processing /home/airflow/.local/lib/python3.12/site-packages/airflow/example_dags/example_short_circuit_operator.py took 0.098 seconds
[2024-05-25T22:13:41.684+0000] {processor.py:161} INFO - Started process (PID=1470) to work on /home/airflow/.local/lib/python3.12/site-packages/airflow/example_dags/example_short_circuit_operator.py
[2024-05-25T22:13:41.686+0000] {processor.py:830} INFO - Processing file /home/airflow/.local/lib/python3.12/site-packages/airflow/example_dags/example_short_circuit_operator.py for tasks to queue
[2024-05-25T22:13:41.690+0000] {logging_mixin.py:188} INFO - [2024-05-25T22:13:41.689+0000] {dagbag.py:545} INFO - Filling up the DagBag from /home/airflow/.local/lib/python3.12/site-packages/airflow/example_dags/example_short_circuit_operator.py
[2024-05-25T22:13:41.709+0000] {processor.py:840} INFO - DAG(s) 'example_short_circuit_operator' retrieved from /home/airflow/.local/lib/python3.12/site-packages/airflow/example_dags/example_short_circuit_operator.py
[2024-05-25T22:13:41.740+0000] {logging_mixin.py:188} INFO - [2024-05-25T22:13:41.740+0000] {dag.py:3096} INFO - Sync 1 DAGs
[2024-05-25T22:13:41.769+0000] {logging_mixin.py:188} INFO - [2024-05-25T22:13:41.768+0000] {dag.py:3954} INFO - Setting next_dagrun for example_short_circuit_operator to 2024-05-24 00:00:00+00:00, run_after=2024-05-25 00:00:00+00:00
[2024-05-25T22:13:41.790+0000] {processor.py:183} INFO - Processing /home/airflow/.local/lib/python3.12/site-packages/airflow/example_dags/example_short_circuit_operator.py took 0.115 seconds
[2024-05-25T22:14:11.928+0000] {processor.py:161} INFO - Started process (PID=1528) to work on /home/airflow/.local/lib/python3.12/site-packages/airflow/example_dags/example_short_circuit_operator.py
[2024-05-25T22:14:11.929+0000] {processor.py:830} INFO - Processing file /home/airflow/.local/lib/python3.12/site-packages/airflow/example_dags/example_short_circuit_operator.py for tasks to queue
[2024-05-25T22:14:11.931+0000] {logging_mixin.py:188} INFO - [2024-05-25T22:14:11.931+0000] {dagbag.py:545} INFO - Filling up the DagBag from /home/airflow/.local/lib/python3.12/site-packages/airflow/example_dags/example_short_circuit_operator.py
[2024-05-25T22:14:11.942+0000] {processor.py:840} INFO - DAG(s) 'example_short_circuit_operator' retrieved from /home/airflow/.local/lib/python3.12/site-packages/airflow/example_dags/example_short_circuit_operator.py
[2024-05-25T22:14:11.970+0000] {logging_mixin.py:188} INFO - [2024-05-25T22:14:11.970+0000] {dag.py:3096} INFO - Sync 1 DAGs
[2024-05-25T22:14:11.995+0000] {logging_mixin.py:188} INFO - [2024-05-25T22:14:11.994+0000] {dag.py:3954} INFO - Setting next_dagrun for example_short_circuit_operator to 2024-05-24 00:00:00+00:00, run_after=2024-05-25 00:00:00+00:00
[2024-05-25T22:14:12.015+0000] {processor.py:183} INFO - Processing /home/airflow/.local/lib/python3.12/site-packages/airflow/example_dags/example_short_circuit_operator.py took 0.093 seconds
[2024-05-25T22:14:42.398+0000] {processor.py:161} INFO - Started process (PID=1587) to work on /home/airflow/.local/lib/python3.12/site-packages/airflow/example_dags/example_short_circuit_operator.py
[2024-05-25T22:14:42.400+0000] {processor.py:830} INFO - Processing file /home/airflow/.local/lib/python3.12/site-packages/airflow/example_dags/example_short_circuit_operator.py for tasks to queue
[2024-05-25T22:14:42.404+0000] {logging_mixin.py:188} INFO - [2024-05-25T22:14:42.404+0000] {dagbag.py:545} INFO - Filling up the DagBag from /home/airflow/.local/lib/python3.12/site-packages/airflow/example_dags/example_short_circuit_operator.py
[2024-05-25T22:14:42.413+0000] {processor.py:840} INFO - DAG(s) 'example_short_circuit_operator' retrieved from /home/airflow/.local/lib/python3.12/site-packages/airflow/example_dags/example_short_circuit_operator.py
[2024-05-25T22:14:42.445+0000] {logging_mixin.py:188} INFO - [2024-05-25T22:14:42.445+0000] {dag.py:3096} INFO - Sync 1 DAGs
[2024-05-25T22:14:42.473+0000] {logging_mixin.py:188} INFO - [2024-05-25T22:14:42.473+0000] {dag.py:3954} INFO - Setting next_dagrun for example_short_circuit_operator to 2024-05-24 00:00:00+00:00, run_after=2024-05-25 00:00:00+00:00
[2024-05-25T22:14:42.492+0000] {processor.py:183} INFO - Processing /home/airflow/.local/lib/python3.12/site-packages/airflow/example_dags/example_short_circuit_operator.py took 0.109 seconds
[2024-05-25T22:15:12.850+0000] {processor.py:161} INFO - Started process (PID=1645) to work on /home/airflow/.local/lib/python3.12/site-packages/airflow/example_dags/example_short_circuit_operator.py
[2024-05-25T22:15:12.851+0000] {processor.py:830} INFO - Processing file /home/airflow/.local/lib/python3.12/site-packages/airflow/example_dags/example_short_circuit_operator.py for tasks to queue
[2024-05-25T22:15:12.853+0000] {logging_mixin.py:188} INFO - [2024-05-25T22:15:12.853+0000] {dagbag.py:545} INFO - Filling up the DagBag from /home/airflow/.local/lib/python3.12/site-packages/airflow/example_dags/example_short_circuit_operator.py
[2024-05-25T22:15:12.862+0000] {processor.py:840} INFO - DAG(s) 'example_short_circuit_operator' retrieved from /home/airflow/.local/lib/python3.12/site-packages/airflow/example_dags/example_short_circuit_operator.py
[2024-05-25T22:15:12.891+0000] {logging_mixin.py:188} INFO - [2024-05-25T22:15:12.891+0000] {dag.py:3096} INFO - Sync 1 DAGs
[2024-05-25T22:15:12.919+0000] {logging_mixin.py:188} INFO - [2024-05-25T22:15:12.918+0000] {dag.py:3954} INFO - Setting next_dagrun for example_short_circuit_operator to 2024-05-24 00:00:00+00:00, run_after=2024-05-25 00:00:00+00:00
[2024-05-25T22:15:12.941+0000] {processor.py:183} INFO - Processing /home/airflow/.local/lib/python3.12/site-packages/airflow/example_dags/example_short_circuit_operator.py took 0.099 seconds
[2024-05-25T22:15:43.385+0000] {processor.py:161} INFO - Started process (PID=1703) to work on /home/airflow/.local/lib/python3.12/site-packages/airflow/example_dags/example_short_circuit_operator.py
[2024-05-25T22:15:43.386+0000] {processor.py:830} INFO - Processing file /home/airflow/.local/lib/python3.12/site-packages/airflow/example_dags/example_short_circuit_operator.py for tasks to queue
[2024-05-25T22:15:43.389+0000] {logging_mixin.py:188} INFO - [2024-05-25T22:15:43.389+0000] {dagbag.py:545} INFO - Filling up the DagBag from /home/airflow/.local/lib/python3.12/site-packages/airflow/example_dags/example_short_circuit_operator.py
[2024-05-25T22:15:43.399+0000] {processor.py:840} INFO - DAG(s) 'example_short_circuit_operator' retrieved from /home/airflow/.local/lib/python3.12/site-packages/airflow/example_dags/example_short_circuit_operator.py
[2024-05-25T22:15:43.438+0000] {logging_mixin.py:188} INFO - [2024-05-25T22:15:43.437+0000] {dag.py:3096} INFO - Sync 1 DAGs
[2024-05-25T22:15:43.470+0000] {logging_mixin.py:188} INFO - [2024-05-25T22:15:43.470+0000] {dag.py:3954} INFO - Setting next_dagrun for example_short_circuit_operator to 2024-05-24 00:00:00+00:00, run_after=2024-05-25 00:00:00+00:00
[2024-05-25T22:15:43.495+0000] {processor.py:183} INFO - Processing /home/airflow/.local/lib/python3.12/site-packages/airflow/example_dags/example_short_circuit_operator.py took 0.117 seconds
[2024-05-25T22:16:15.552+0000] {processor.py:161} INFO - Started process (PID=1761) to work on /home/airflow/.local/lib/python3.12/site-packages/airflow/example_dags/example_short_circuit_operator.py
[2024-05-25T22:16:15.553+0000] {processor.py:830} INFO - Processing file /home/airflow/.local/lib/python3.12/site-packages/airflow/example_dags/example_short_circuit_operator.py for tasks to queue
[2024-05-25T22:16:15.555+0000] {logging_mixin.py:188} INFO - [2024-05-25T22:16:15.555+0000] {dagbag.py:545} INFO - Filling up the DagBag from /home/airflow/.local/lib/python3.12/site-packages/airflow/example_dags/example_short_circuit_operator.py
[2024-05-25T22:16:15.563+0000] {processor.py:840} INFO - DAG(s) 'example_short_circuit_operator' retrieved from /home/airflow/.local/lib/python3.12/site-packages/airflow/example_dags/example_short_circuit_operator.py
[2024-05-25T22:16:15.589+0000] {logging_mixin.py:188} INFO - [2024-05-25T22:16:15.589+0000] {dag.py:3096} INFO - Sync 1 DAGs
[2024-05-25T22:16:15.746+0000] {logging_mixin.py:188} INFO - [2024-05-25T22:16:15.745+0000] {dag.py:3954} INFO - Setting next_dagrun for example_short_circuit_operator to 2024-05-24 00:00:00+00:00, run_after=2024-05-25 00:00:00+00:00
[2024-05-25T22:16:15.772+0000] {processor.py:183} INFO - Processing /home/airflow/.local/lib/python3.12/site-packages/airflow/example_dags/example_short_circuit_operator.py took 0.235 seconds
[2024-05-25T22:16:46.283+0000] {processor.py:161} INFO - Started process (PID=1819) to work on /home/airflow/.local/lib/python3.12/site-packages/airflow/example_dags/example_short_circuit_operator.py
[2024-05-25T22:16:46.284+0000] {processor.py:830} INFO - Processing file /home/airflow/.local/lib/python3.12/site-packages/airflow/example_dags/example_short_circuit_operator.py for tasks to queue
[2024-05-25T22:16:46.286+0000] {logging_mixin.py:188} INFO - [2024-05-25T22:16:46.286+0000] {dagbag.py:545} INFO - Filling up the DagBag from /home/airflow/.local/lib/python3.12/site-packages/airflow/example_dags/example_short_circuit_operator.py
[2024-05-25T22:16:46.295+0000] {processor.py:840} INFO - DAG(s) 'example_short_circuit_operator' retrieved from /home/airflow/.local/lib/python3.12/site-packages/airflow/example_dags/example_short_circuit_operator.py
[2024-05-25T22:16:46.323+0000] {logging_mixin.py:188} INFO - [2024-05-25T22:16:46.323+0000] {dag.py:3096} INFO - Sync 1 DAGs
[2024-05-25T22:16:46.481+0000] {logging_mixin.py:188} INFO - [2024-05-25T22:16:46.480+0000] {dag.py:3954} INFO - Setting next_dagrun for example_short_circuit_operator to 2024-05-24 00:00:00+00:00, run_after=2024-05-25 00:00:00+00:00
[2024-05-25T22:16:46.523+0000] {processor.py:183} INFO - Processing /home/airflow/.local/lib/python3.12/site-packages/airflow/example_dags/example_short_circuit_operator.py took 0.247 seconds
[2024-05-25T22:17:16.908+0000] {processor.py:161} INFO - Started process (PID=1877) to work on /home/airflow/.local/lib/python3.12/site-packages/airflow/example_dags/example_short_circuit_operator.py
[2024-05-25T22:17:16.909+0000] {processor.py:830} INFO - Processing file /home/airflow/.local/lib/python3.12/site-packages/airflow/example_dags/example_short_circuit_operator.py for tasks to queue
[2024-05-25T22:17:16.912+0000] {logging_mixin.py:188} INFO - [2024-05-25T22:17:16.911+0000] {dagbag.py:545} INFO - Filling up the DagBag from /home/airflow/.local/lib/python3.12/site-packages/airflow/example_dags/example_short_circuit_operator.py
[2024-05-25T22:17:16.935+0000] {processor.py:840} INFO - DAG(s) 'example_short_circuit_operator' retrieved from /home/airflow/.local/lib/python3.12/site-packages/airflow/example_dags/example_short_circuit_operator.py
[2024-05-25T22:17:16.990+0000] {logging_mixin.py:188} INFO - [2024-05-25T22:17:16.989+0000] {dag.py:3096} INFO - Sync 1 DAGs
[2024-05-25T22:17:17.140+0000] {logging_mixin.py:188} INFO - [2024-05-25T22:17:17.140+0000] {dag.py:3954} INFO - Setting next_dagrun for example_short_circuit_operator to 2024-05-24 00:00:00+00:00, run_after=2024-05-25 00:00:00+00:00
[2024-05-25T22:17:17.159+0000] {processor.py:183} INFO - Processing /home/airflow/.local/lib/python3.12/site-packages/airflow/example_dags/example_short_circuit_operator.py took 0.257 seconds
[2024-05-25T22:17:47.921+0000] {processor.py:161} INFO - Started process (PID=1935) to work on /home/airflow/.local/lib/python3.12/site-packages/airflow/example_dags/example_short_circuit_operator.py
[2024-05-25T22:17:47.923+0000] {processor.py:830} INFO - Processing file /home/airflow/.local/lib/python3.12/site-packages/airflow/example_dags/example_short_circuit_operator.py for tasks to queue
[2024-05-25T22:17:47.927+0000] {logging_mixin.py:188} INFO - [2024-05-25T22:17:47.926+0000] {dagbag.py:545} INFO - Filling up the DagBag from /home/airflow/.local/lib/python3.12/site-packages/airflow/example_dags/example_short_circuit_operator.py
[2024-05-25T22:17:47.944+0000] {processor.py:840} INFO - DAG(s) 'example_short_circuit_operator' retrieved from /home/airflow/.local/lib/python3.12/site-packages/airflow/example_dags/example_short_circuit_operator.py
[2024-05-25T22:17:47.974+0000] {logging_mixin.py:188} INFO - [2024-05-25T22:17:47.974+0000] {dag.py:3096} INFO - Sync 1 DAGs
[2024-05-25T22:17:47.998+0000] {logging_mixin.py:188} INFO - [2024-05-25T22:17:47.998+0000] {dag.py:3954} INFO - Setting next_dagrun for example_short_circuit_operator to 2024-05-24 00:00:00+00:00, run_after=2024-05-25 00:00:00+00:00
[2024-05-25T22:17:48.021+0000] {processor.py:183} INFO - Processing /home/airflow/.local/lib/python3.12/site-packages/airflow/example_dags/example_short_circuit_operator.py took 0.117 seconds
[2024-05-25T22:18:18.193+0000] {processor.py:161} INFO - Started process (PID=1993) to work on /home/airflow/.local/lib/python3.12/site-packages/airflow/example_dags/example_short_circuit_operator.py
[2024-05-25T22:18:18.195+0000] {processor.py:830} INFO - Processing file /home/airflow/.local/lib/python3.12/site-packages/airflow/example_dags/example_short_circuit_operator.py for tasks to queue
[2024-05-25T22:18:18.201+0000] {logging_mixin.py:188} INFO - [2024-05-25T22:18:18.200+0000] {dagbag.py:545} INFO - Filling up the DagBag from /home/airflow/.local/lib/python3.12/site-packages/airflow/example_dags/example_short_circuit_operator.py
[2024-05-25T22:18:18.217+0000] {processor.py:840} INFO - DAG(s) 'example_short_circuit_operator' retrieved from /home/airflow/.local/lib/python3.12/site-packages/airflow/example_dags/example_short_circuit_operator.py
[2024-05-25T22:18:18.262+0000] {logging_mixin.py:188} INFO - [2024-05-25T22:18:18.262+0000] {dag.py:3096} INFO - Sync 1 DAGs
[2024-05-25T22:18:18.287+0000] {logging_mixin.py:188} INFO - [2024-05-25T22:18:18.287+0000] {dag.py:3954} INFO - Setting next_dagrun for example_short_circuit_operator to 2024-05-24 00:00:00+00:00, run_after=2024-05-25 00:00:00+00:00
[2024-05-25T22:18:18.308+0000] {processor.py:183} INFO - Processing /home/airflow/.local/lib/python3.12/site-packages/airflow/example_dags/example_short_circuit_operator.py took 0.132 seconds
[2024-05-25T22:18:48.413+0000] {processor.py:161} INFO - Started process (PID=2051) to work on /home/airflow/.local/lib/python3.12/site-packages/airflow/example_dags/example_short_circuit_operator.py
[2024-05-25T22:18:48.415+0000] {processor.py:830} INFO - Processing file /home/airflow/.local/lib/python3.12/site-packages/airflow/example_dags/example_short_circuit_operator.py for tasks to queue
[2024-05-25T22:18:48.421+0000] {logging_mixin.py:188} INFO - [2024-05-25T22:18:48.420+0000] {dagbag.py:545} INFO - Filling up the DagBag from /home/airflow/.local/lib/python3.12/site-packages/airflow/example_dags/example_short_circuit_operator.py
[2024-05-25T22:18:48.437+0000] {processor.py:840} INFO - DAG(s) 'example_short_circuit_operator' retrieved from /home/airflow/.local/lib/python3.12/site-packages/airflow/example_dags/example_short_circuit_operator.py
[2024-05-25T22:18:48.480+0000] {logging_mixin.py:188} INFO - [2024-05-25T22:18:48.479+0000] {dag.py:3096} INFO - Sync 1 DAGs
[2024-05-25T22:18:48.511+0000] {logging_mixin.py:188} INFO - [2024-05-25T22:18:48.511+0000] {dag.py:3954} INFO - Setting next_dagrun for example_short_circuit_operator to 2024-05-24 00:00:00+00:00, run_after=2024-05-25 00:00:00+00:00
[2024-05-25T22:18:48.540+0000] {processor.py:183} INFO - Processing /home/airflow/.local/lib/python3.12/site-packages/airflow/example_dags/example_short_circuit_operator.py took 0.139 seconds
[2024-05-25T22:19:18.666+0000] {processor.py:161} INFO - Started process (PID=2109) to work on /home/airflow/.local/lib/python3.12/site-packages/airflow/example_dags/example_short_circuit_operator.py
[2024-05-25T22:19:18.669+0000] {processor.py:830} INFO - Processing file /home/airflow/.local/lib/python3.12/site-packages/airflow/example_dags/example_short_circuit_operator.py for tasks to queue
[2024-05-25T22:19:18.676+0000] {logging_mixin.py:188} INFO - [2024-05-25T22:19:18.675+0000] {dagbag.py:545} INFO - Filling up the DagBag from /home/airflow/.local/lib/python3.12/site-packages/airflow/example_dags/example_short_circuit_operator.py
[2024-05-25T22:19:18.687+0000] {processor.py:840} INFO - DAG(s) 'example_short_circuit_operator' retrieved from /home/airflow/.local/lib/python3.12/site-packages/airflow/example_dags/example_short_circuit_operator.py
[2024-05-25T22:19:18.716+0000] {logging_mixin.py:188} INFO - [2024-05-25T22:19:18.716+0000] {dag.py:3096} INFO - Sync 1 DAGs
[2024-05-25T22:19:18.749+0000] {logging_mixin.py:188} INFO - [2024-05-25T22:19:18.748+0000] {dag.py:3954} INFO - Setting next_dagrun for example_short_circuit_operator to 2024-05-24 00:00:00+00:00, run_after=2024-05-25 00:00:00+00:00
[2024-05-25T22:19:18.775+0000] {processor.py:183} INFO - Processing /home/airflow/.local/lib/python3.12/site-packages/airflow/example_dags/example_short_circuit_operator.py took 0.126 seconds
