[2024-05-25T22:01:26.137+0000] {processor.py:161} INFO - Started process (PID=36) to work on /home/airflow/.local/lib/python3.12/site-packages/airflow/example_dags/example_display_name.py
[2024-05-25T22:01:26.139+0000] {processor.py:830} INFO - Processing file /home/airflow/.local/lib/python3.12/site-packages/airflow/example_dags/example_display_name.py for tasks to queue
[2024-05-25T22:01:26.149+0000] {logging_mixin.py:188} INFO - [2024-05-25T22:01:26.145+0000] {dagbag.py:545} INFO - Filling up the DagBag from /home/airflow/.local/lib/python3.12/site-packages/airflow/example_dags/example_display_name.py
[2024-05-25T22:01:26.165+0000] {processor.py:840} INFO - DAG(s) 'example_display_name' retrieved from /home/airflow/.local/lib/python3.12/site-packages/airflow/example_dags/example_display_name.py
[2024-05-25T22:01:26.207+0000] {logging_mixin.py:188} INFO - [2024-05-25T22:01:26.207+0000] {dag.py:3096} INFO - Sync 1 DAGs
[2024-05-25T22:01:26.257+0000] {logging_mixin.py:188} INFO - [2024-05-25T22:01:26.250+0000] {dag.py:3954} INFO - Setting next_dagrun for example_display_name to None, run_after=None
[2024-05-25T22:01:26.312+0000] {processor.py:183} INFO - Processing /home/airflow/.local/lib/python3.12/site-packages/airflow/example_dags/example_display_name.py took 0.205 seconds
[2024-05-25T22:01:56.851+0000] {processor.py:161} INFO - Started process (PID=94) to work on /home/airflow/.local/lib/python3.12/site-packages/airflow/example_dags/example_display_name.py
[2024-05-25T22:01:56.852+0000] {processor.py:830} INFO - Processing file /home/airflow/.local/lib/python3.12/site-packages/airflow/example_dags/example_display_name.py for tasks to queue
[2024-05-25T22:01:56.855+0000] {logging_mixin.py:188} INFO - [2024-05-25T22:01:56.854+0000] {dagbag.py:545} INFO - Filling up the DagBag from /home/airflow/.local/lib/python3.12/site-packages/airflow/example_dags/example_display_name.py
[2024-05-25T22:01:56.861+0000] {processor.py:840} INFO - DAG(s) 'example_display_name' retrieved from /home/airflow/.local/lib/python3.12/site-packages/airflow/example_dags/example_display_name.py
[2024-05-25T22:01:56.997+0000] {logging_mixin.py:188} INFO - [2024-05-25T22:01:56.997+0000] {dag.py:3096} INFO - Sync 1 DAGs
[2024-05-25T22:01:57.011+0000] {logging_mixin.py:188} INFO - [2024-05-25T22:01:57.011+0000] {dag.py:3954} INFO - Setting next_dagrun for example_display_name to None, run_after=None
[2024-05-25T22:01:57.034+0000] {processor.py:183} INFO - Processing /home/airflow/.local/lib/python3.12/site-packages/airflow/example_dags/example_display_name.py took 0.188 seconds
[2024-05-25T22:02:27.816+0000] {processor.py:161} INFO - Started process (PID=152) to work on /home/airflow/.local/lib/python3.12/site-packages/airflow/example_dags/example_display_name.py
[2024-05-25T22:02:27.817+0000] {processor.py:830} INFO - Processing file /home/airflow/.local/lib/python3.12/site-packages/airflow/example_dags/example_display_name.py for tasks to queue
[2024-05-25T22:02:27.820+0000] {logging_mixin.py:188} INFO - [2024-05-25T22:02:27.820+0000] {dagbag.py:545} INFO - Filling up the DagBag from /home/airflow/.local/lib/python3.12/site-packages/airflow/example_dags/example_display_name.py
[2024-05-25T22:02:27.828+0000] {processor.py:840} INFO - DAG(s) 'example_display_name' retrieved from /home/airflow/.local/lib/python3.12/site-packages/airflow/example_dags/example_display_name.py
[2024-05-25T22:02:27.851+0000] {logging_mixin.py:188} INFO - [2024-05-25T22:02:27.850+0000] {dag.py:3096} INFO - Sync 1 DAGs
[2024-05-25T22:02:27.867+0000] {logging_mixin.py:188} INFO - [2024-05-25T22:02:27.867+0000] {dag.py:3954} INFO - Setting next_dagrun for example_display_name to None, run_after=None
[2024-05-25T22:02:27.888+0000] {processor.py:183} INFO - Processing /home/airflow/.local/lib/python3.12/site-packages/airflow/example_dags/example_display_name.py took 0.080 seconds
[2024-05-25T22:02:58.184+0000] {processor.py:161} INFO - Started process (PID=210) to work on /home/airflow/.local/lib/python3.12/site-packages/airflow/example_dags/example_display_name.py
[2024-05-25T22:02:58.185+0000] {processor.py:830} INFO - Processing file /home/airflow/.local/lib/python3.12/site-packages/airflow/example_dags/example_display_name.py for tasks to queue
[2024-05-25T22:02:58.187+0000] {logging_mixin.py:188} INFO - [2024-05-25T22:02:58.187+0000] {dagbag.py:545} INFO - Filling up the DagBag from /home/airflow/.local/lib/python3.12/site-packages/airflow/example_dags/example_display_name.py
[2024-05-25T22:02:58.194+0000] {processor.py:840} INFO - DAG(s) 'example_display_name' retrieved from /home/airflow/.local/lib/python3.12/site-packages/airflow/example_dags/example_display_name.py
[2024-05-25T22:02:58.216+0000] {logging_mixin.py:188} INFO - [2024-05-25T22:02:58.216+0000] {dag.py:3096} INFO - Sync 1 DAGs
[2024-05-25T22:02:58.233+0000] {logging_mixin.py:188} INFO - [2024-05-25T22:02:58.233+0000] {dag.py:3954} INFO - Setting next_dagrun for example_display_name to None, run_after=None
[2024-05-25T22:02:58.258+0000] {processor.py:183} INFO - Processing /home/airflow/.local/lib/python3.12/site-packages/airflow/example_dags/example_display_name.py took 0.083 seconds
[2024-05-25T22:03:28.561+0000] {processor.py:161} INFO - Started process (PID=268) to work on /home/airflow/.local/lib/python3.12/site-packages/airflow/example_dags/example_display_name.py
[2024-05-25T22:03:28.564+0000] {processor.py:830} INFO - Processing file /home/airflow/.local/lib/python3.12/site-packages/airflow/example_dags/example_display_name.py for tasks to queue
[2024-05-25T22:03:28.566+0000] {logging_mixin.py:188} INFO - [2024-05-25T22:03:28.566+0000] {dagbag.py:545} INFO - Filling up the DagBag from /home/airflow/.local/lib/python3.12/site-packages/airflow/example_dags/example_display_name.py
[2024-05-25T22:03:28.572+0000] {processor.py:840} INFO - DAG(s) 'example_display_name' retrieved from /home/airflow/.local/lib/python3.12/site-packages/airflow/example_dags/example_display_name.py
[2024-05-25T22:03:28.601+0000] {logging_mixin.py:188} INFO - [2024-05-25T22:03:28.600+0000] {dag.py:3096} INFO - Sync 1 DAGs
[2024-05-25T22:03:28.622+0000] {logging_mixin.py:188} INFO - [2024-05-25T22:03:28.622+0000] {dag.py:3954} INFO - Setting next_dagrun for example_display_name to None, run_after=None
[2024-05-25T22:03:28.646+0000] {processor.py:183} INFO - Processing /home/airflow/.local/lib/python3.12/site-packages/airflow/example_dags/example_display_name.py took 0.091 seconds
[2024-05-25T22:03:59.015+0000] {processor.py:161} INFO - Started process (PID=326) to work on /home/airflow/.local/lib/python3.12/site-packages/airflow/example_dags/example_display_name.py
[2024-05-25T22:03:59.016+0000] {processor.py:830} INFO - Processing file /home/airflow/.local/lib/python3.12/site-packages/airflow/example_dags/example_display_name.py for tasks to queue
[2024-05-25T22:03:59.019+0000] {logging_mixin.py:188} INFO - [2024-05-25T22:03:59.019+0000] {dagbag.py:545} INFO - Filling up the DagBag from /home/airflow/.local/lib/python3.12/site-packages/airflow/example_dags/example_display_name.py
[2024-05-25T22:03:59.028+0000] {processor.py:840} INFO - DAG(s) 'example_display_name' retrieved from /home/airflow/.local/lib/python3.12/site-packages/airflow/example_dags/example_display_name.py
[2024-05-25T22:03:59.053+0000] {logging_mixin.py:188} INFO - [2024-05-25T22:03:59.053+0000] {dag.py:3096} INFO - Sync 1 DAGs
[2024-05-25T22:03:59.070+0000] {logging_mixin.py:188} INFO - [2024-05-25T22:03:59.070+0000] {dag.py:3954} INFO - Setting next_dagrun for example_display_name to None, run_after=None
[2024-05-25T22:03:59.092+0000] {processor.py:183} INFO - Processing /home/airflow/.local/lib/python3.12/site-packages/airflow/example_dags/example_display_name.py took 0.086 seconds
[2024-05-25T22:04:29.587+0000] {processor.py:161} INFO - Started process (PID=384) to work on /home/airflow/.local/lib/python3.12/site-packages/airflow/example_dags/example_display_name.py
[2024-05-25T22:04:29.588+0000] {processor.py:830} INFO - Processing file /home/airflow/.local/lib/python3.12/site-packages/airflow/example_dags/example_display_name.py for tasks to queue
[2024-05-25T22:04:29.590+0000] {logging_mixin.py:188} INFO - [2024-05-25T22:04:29.590+0000] {dagbag.py:545} INFO - Filling up the DagBag from /home/airflow/.local/lib/python3.12/site-packages/airflow/example_dags/example_display_name.py
[2024-05-25T22:04:29.598+0000] {processor.py:840} INFO - DAG(s) 'example_display_name' retrieved from /home/airflow/.local/lib/python3.12/site-packages/airflow/example_dags/example_display_name.py
[2024-05-25T22:04:29.628+0000] {logging_mixin.py:188} INFO - [2024-05-25T22:04:29.628+0000] {dag.py:3096} INFO - Sync 1 DAGs
[2024-05-25T22:04:29.644+0000] {logging_mixin.py:188} INFO - [2024-05-25T22:04:29.643+0000] {dag.py:3954} INFO - Setting next_dagrun for example_display_name to None, run_after=None
[2024-05-25T22:04:29.665+0000] {processor.py:183} INFO - Processing /home/airflow/.local/lib/python3.12/site-packages/airflow/example_dags/example_display_name.py took 0.085 seconds
[2024-05-25T22:05:00.000+0000] {processor.py:161} INFO - Started process (PID=441) to work on /home/airflow/.local/lib/python3.12/site-packages/airflow/example_dags/example_display_name.py
[2024-05-25T22:05:00.001+0000] {processor.py:830} INFO - Processing file /home/airflow/.local/lib/python3.12/site-packages/airflow/example_dags/example_display_name.py for tasks to queue
[2024-05-25T22:05:00.003+0000] {logging_mixin.py:188} INFO - [2024-05-25T22:05:00.003+0000] {dagbag.py:545} INFO - Filling up the DagBag from /home/airflow/.local/lib/python3.12/site-packages/airflow/example_dags/example_display_name.py
[2024-05-25T22:05:00.010+0000] {processor.py:840} INFO - DAG(s) 'example_display_name' retrieved from /home/airflow/.local/lib/python3.12/site-packages/airflow/example_dags/example_display_name.py
[2024-05-25T22:05:00.032+0000] {logging_mixin.py:188} INFO - [2024-05-25T22:05:00.032+0000] {dag.py:3096} INFO - Sync 1 DAGs
[2024-05-25T22:05:00.051+0000] {logging_mixin.py:188} INFO - [2024-05-25T22:05:00.051+0000] {dag.py:3954} INFO - Setting next_dagrun for example_display_name to None, run_after=None
[2024-05-25T22:05:00.072+0000] {processor.py:183} INFO - Processing /home/airflow/.local/lib/python3.12/site-packages/airflow/example_dags/example_display_name.py took 0.079 seconds
[2024-05-25T22:05:30.572+0000] {processor.py:161} INFO - Started process (PID=499) to work on /home/airflow/.local/lib/python3.12/site-packages/airflow/example_dags/example_display_name.py
[2024-05-25T22:05:30.573+0000] {processor.py:830} INFO - Processing file /home/airflow/.local/lib/python3.12/site-packages/airflow/example_dags/example_display_name.py for tasks to queue
[2024-05-25T22:05:30.576+0000] {logging_mixin.py:188} INFO - [2024-05-25T22:05:30.575+0000] {dagbag.py:545} INFO - Filling up the DagBag from /home/airflow/.local/lib/python3.12/site-packages/airflow/example_dags/example_display_name.py
[2024-05-25T22:05:30.584+0000] {processor.py:840} INFO - DAG(s) 'example_display_name' retrieved from /home/airflow/.local/lib/python3.12/site-packages/airflow/example_dags/example_display_name.py
[2024-05-25T22:05:30.609+0000] {logging_mixin.py:188} INFO - [2024-05-25T22:05:30.609+0000] {dag.py:3096} INFO - Sync 1 DAGs
[2024-05-25T22:05:30.627+0000] {logging_mixin.py:188} INFO - [2024-05-25T22:05:30.627+0000] {dag.py:3954} INFO - Setting next_dagrun for example_display_name to None, run_after=None
[2024-05-25T22:05:30.647+0000] {processor.py:183} INFO - Processing /home/airflow/.local/lib/python3.12/site-packages/airflow/example_dags/example_display_name.py took 0.082 seconds
[2024-05-25T22:06:00.845+0000] {processor.py:161} INFO - Started process (PID=556) to work on /home/airflow/.local/lib/python3.12/site-packages/airflow/example_dags/example_display_name.py
[2024-05-25T22:06:00.846+0000] {processor.py:830} INFO - Processing file /home/airflow/.local/lib/python3.12/site-packages/airflow/example_dags/example_display_name.py for tasks to queue
[2024-05-25T22:06:00.849+0000] {logging_mixin.py:188} INFO - [2024-05-25T22:06:00.848+0000] {dagbag.py:545} INFO - Filling up the DagBag from /home/airflow/.local/lib/python3.12/site-packages/airflow/example_dags/example_display_name.py
[2024-05-25T22:06:00.855+0000] {processor.py:840} INFO - DAG(s) 'example_display_name' retrieved from /home/airflow/.local/lib/python3.12/site-packages/airflow/example_dags/example_display_name.py
[2024-05-25T22:06:00.878+0000] {logging_mixin.py:188} INFO - [2024-05-25T22:06:00.878+0000] {dag.py:3096} INFO - Sync 1 DAGs
[2024-05-25T22:06:00.893+0000] {logging_mixin.py:188} INFO - [2024-05-25T22:06:00.892+0000] {dag.py:3954} INFO - Setting next_dagrun for example_display_name to None, run_after=None
[2024-05-25T22:06:00.912+0000] {processor.py:183} INFO - Processing /home/airflow/.local/lib/python3.12/site-packages/airflow/example_dags/example_display_name.py took 0.081 seconds
[2024-05-25T22:06:31.456+0000] {processor.py:161} INFO - Started process (PID=613) to work on /home/airflow/.local/lib/python3.12/site-packages/airflow/example_dags/example_display_name.py
[2024-05-25T22:06:31.458+0000] {processor.py:830} INFO - Processing file /home/airflow/.local/lib/python3.12/site-packages/airflow/example_dags/example_display_name.py for tasks to queue
[2024-05-25T22:06:31.462+0000] {logging_mixin.py:188} INFO - [2024-05-25T22:06:31.461+0000] {dagbag.py:545} INFO - Filling up the DagBag from /home/airflow/.local/lib/python3.12/site-packages/airflow/example_dags/example_display_name.py
[2024-05-25T22:06:31.469+0000] {processor.py:840} INFO - DAG(s) 'example_display_name' retrieved from /home/airflow/.local/lib/python3.12/site-packages/airflow/example_dags/example_display_name.py
[2024-05-25T22:06:31.491+0000] {logging_mixin.py:188} INFO - [2024-05-25T22:06:31.491+0000] {dag.py:3096} INFO - Sync 1 DAGs
[2024-05-25T22:06:31.509+0000] {logging_mixin.py:188} INFO - [2024-05-25T22:06:31.509+0000] {dag.py:3954} INFO - Setting next_dagrun for example_display_name to None, run_after=None
[2024-05-25T22:06:31.532+0000] {processor.py:183} INFO - Processing /home/airflow/.local/lib/python3.12/site-packages/airflow/example_dags/example_display_name.py took 0.091 seconds
[2024-05-25T22:07:01.883+0000] {processor.py:161} INFO - Started process (PID=670) to work on /home/airflow/.local/lib/python3.12/site-packages/airflow/example_dags/example_display_name.py
[2024-05-25T22:07:01.884+0000] {processor.py:830} INFO - Processing file /home/airflow/.local/lib/python3.12/site-packages/airflow/example_dags/example_display_name.py for tasks to queue
[2024-05-25T22:07:01.886+0000] {logging_mixin.py:188} INFO - [2024-05-25T22:07:01.886+0000] {dagbag.py:545} INFO - Filling up the DagBag from /home/airflow/.local/lib/python3.12/site-packages/airflow/example_dags/example_display_name.py
[2024-05-25T22:07:01.893+0000] {processor.py:840} INFO - DAG(s) 'example_display_name' retrieved from /home/airflow/.local/lib/python3.12/site-packages/airflow/example_dags/example_display_name.py
[2024-05-25T22:07:01.921+0000] {logging_mixin.py:188} INFO - [2024-05-25T22:07:01.920+0000] {dag.py:3096} INFO - Sync 1 DAGs
[2024-05-25T22:07:01.940+0000] {logging_mixin.py:188} INFO - [2024-05-25T22:07:01.940+0000] {dag.py:3954} INFO - Setting next_dagrun for example_display_name to None, run_after=None
[2024-05-25T22:07:01.963+0000] {processor.py:183} INFO - Processing /home/airflow/.local/lib/python3.12/site-packages/airflow/example_dags/example_display_name.py took 0.086 seconds
[2024-05-25T22:07:32.329+0000] {processor.py:161} INFO - Started process (PID=728) to work on /home/airflow/.local/lib/python3.12/site-packages/airflow/example_dags/example_display_name.py
[2024-05-25T22:07:32.332+0000] {processor.py:830} INFO - Processing file /home/airflow/.local/lib/python3.12/site-packages/airflow/example_dags/example_display_name.py for tasks to queue
[2024-05-25T22:07:32.334+0000] {logging_mixin.py:188} INFO - [2024-05-25T22:07:32.334+0000] {dagbag.py:545} INFO - Filling up the DagBag from /home/airflow/.local/lib/python3.12/site-packages/airflow/example_dags/example_display_name.py
[2024-05-25T22:07:32.341+0000] {processor.py:840} INFO - DAG(s) 'example_display_name' retrieved from /home/airflow/.local/lib/python3.12/site-packages/airflow/example_dags/example_display_name.py
[2024-05-25T22:07:32.364+0000] {logging_mixin.py:188} INFO - [2024-05-25T22:07:32.363+0000] {dag.py:3096} INFO - Sync 1 DAGs
[2024-05-25T22:07:32.379+0000] {logging_mixin.py:188} INFO - [2024-05-25T22:07:32.379+0000] {dag.py:3954} INFO - Setting next_dagrun for example_display_name to None, run_after=None
[2024-05-25T22:07:32.400+0000] {processor.py:183} INFO - Processing /home/airflow/.local/lib/python3.12/site-packages/airflow/example_dags/example_display_name.py took 0.078 seconds
[2024-05-25T22:08:02.712+0000] {processor.py:161} INFO - Started process (PID=786) to work on /home/airflow/.local/lib/python3.12/site-packages/airflow/example_dags/example_display_name.py
[2024-05-25T22:08:02.713+0000] {processor.py:830} INFO - Processing file /home/airflow/.local/lib/python3.12/site-packages/airflow/example_dags/example_display_name.py for tasks to queue
[2024-05-25T22:08:02.715+0000] {logging_mixin.py:188} INFO - [2024-05-25T22:08:02.714+0000] {dagbag.py:545} INFO - Filling up the DagBag from /home/airflow/.local/lib/python3.12/site-packages/airflow/example_dags/example_display_name.py
[2024-05-25T22:08:02.721+0000] {processor.py:840} INFO - DAG(s) 'example_display_name' retrieved from /home/airflow/.local/lib/python3.12/site-packages/airflow/example_dags/example_display_name.py
[2024-05-25T22:08:02.758+0000] {logging_mixin.py:188} INFO - [2024-05-25T22:08:02.757+0000] {dag.py:3096} INFO - Sync 1 DAGs
[2024-05-25T22:08:02.780+0000] {logging_mixin.py:188} INFO - [2024-05-25T22:08:02.779+0000] {dag.py:3954} INFO - Setting next_dagrun for example_display_name to None, run_after=None
[2024-05-25T22:08:02.812+0000] {processor.py:183} INFO - Processing /home/airflow/.local/lib/python3.12/site-packages/airflow/example_dags/example_display_name.py took 0.107 seconds
[2024-05-25T22:08:33.029+0000] {processor.py:161} INFO - Started process (PID=844) to work on /home/airflow/.local/lib/python3.12/site-packages/airflow/example_dags/example_display_name.py
[2024-05-25T22:08:33.030+0000] {processor.py:830} INFO - Processing file /home/airflow/.local/lib/python3.12/site-packages/airflow/example_dags/example_display_name.py for tasks to queue
[2024-05-25T22:08:33.032+0000] {logging_mixin.py:188} INFO - [2024-05-25T22:08:33.032+0000] {dagbag.py:545} INFO - Filling up the DagBag from /home/airflow/.local/lib/python3.12/site-packages/airflow/example_dags/example_display_name.py
[2024-05-25T22:08:33.038+0000] {processor.py:840} INFO - DAG(s) 'example_display_name' retrieved from /home/airflow/.local/lib/python3.12/site-packages/airflow/example_dags/example_display_name.py
[2024-05-25T22:08:33.068+0000] {logging_mixin.py:188} INFO - [2024-05-25T22:08:33.067+0000] {dag.py:3096} INFO - Sync 1 DAGs
[2024-05-25T22:08:33.084+0000] {logging_mixin.py:188} INFO - [2024-05-25T22:08:33.083+0000] {dag.py:3954} INFO - Setting next_dagrun for example_display_name to None, run_after=None
[2024-05-25T22:08:33.106+0000] {processor.py:183} INFO - Processing /home/airflow/.local/lib/python3.12/site-packages/airflow/example_dags/example_display_name.py took 0.084 seconds
[2024-05-25T22:09:03.403+0000] {processor.py:161} INFO - Started process (PID=902) to work on /home/airflow/.local/lib/python3.12/site-packages/airflow/example_dags/example_display_name.py
[2024-05-25T22:09:03.404+0000] {processor.py:830} INFO - Processing file /home/airflow/.local/lib/python3.12/site-packages/airflow/example_dags/example_display_name.py for tasks to queue
[2024-05-25T22:09:03.408+0000] {logging_mixin.py:188} INFO - [2024-05-25T22:09:03.407+0000] {dagbag.py:545} INFO - Filling up the DagBag from /home/airflow/.local/lib/python3.12/site-packages/airflow/example_dags/example_display_name.py
[2024-05-25T22:09:03.416+0000] {processor.py:840} INFO - DAG(s) 'example_display_name' retrieved from /home/airflow/.local/lib/python3.12/site-packages/airflow/example_dags/example_display_name.py
[2024-05-25T22:09:03.447+0000] {logging_mixin.py:188} INFO - [2024-05-25T22:09:03.446+0000] {dag.py:3096} INFO - Sync 1 DAGs
[2024-05-25T22:09:03.471+0000] {logging_mixin.py:188} INFO - [2024-05-25T22:09:03.470+0000] {dag.py:3954} INFO - Setting next_dagrun for example_display_name to None, run_after=None
[2024-05-25T22:09:03.693+0000] {processor.py:183} INFO - Processing /home/airflow/.local/lib/python3.12/site-packages/airflow/example_dags/example_display_name.py took 0.298 seconds
[2024-05-25T22:09:34.394+0000] {processor.py:161} INFO - Started process (PID=959) to work on /home/airflow/.local/lib/python3.12/site-packages/airflow/example_dags/example_display_name.py
[2024-05-25T22:09:34.396+0000] {processor.py:830} INFO - Processing file /home/airflow/.local/lib/python3.12/site-packages/airflow/example_dags/example_display_name.py for tasks to queue
[2024-05-25T22:09:34.398+0000] {logging_mixin.py:188} INFO - [2024-05-25T22:09:34.398+0000] {dagbag.py:545} INFO - Filling up the DagBag from /home/airflow/.local/lib/python3.12/site-packages/airflow/example_dags/example_display_name.py
[2024-05-25T22:09:34.405+0000] {processor.py:840} INFO - DAG(s) 'example_display_name' retrieved from /home/airflow/.local/lib/python3.12/site-packages/airflow/example_dags/example_display_name.py
[2024-05-25T22:09:34.443+0000] {logging_mixin.py:188} INFO - [2024-05-25T22:09:34.443+0000] {dag.py:3096} INFO - Sync 1 DAGs
[2024-05-25T22:09:34.467+0000] {logging_mixin.py:188} INFO - [2024-05-25T22:09:34.467+0000] {dag.py:3954} INFO - Setting next_dagrun for example_display_name to None, run_after=None
[2024-05-25T22:09:34.492+0000] {processor.py:183} INFO - Processing /home/airflow/.local/lib/python3.12/site-packages/airflow/example_dags/example_display_name.py took 0.105 seconds
[2024-05-25T22:10:04.959+0000] {processor.py:161} INFO - Started process (PID=1017) to work on /home/airflow/.local/lib/python3.12/site-packages/airflow/example_dags/example_display_name.py
[2024-05-25T22:10:04.960+0000] {processor.py:830} INFO - Processing file /home/airflow/.local/lib/python3.12/site-packages/airflow/example_dags/example_display_name.py for tasks to queue
[2024-05-25T22:10:04.964+0000] {logging_mixin.py:188} INFO - [2024-05-25T22:10:04.964+0000] {dagbag.py:545} INFO - Filling up the DagBag from /home/airflow/.local/lib/python3.12/site-packages/airflow/example_dags/example_display_name.py
[2024-05-25T22:10:04.978+0000] {processor.py:840} INFO - DAG(s) 'example_display_name' retrieved from /home/airflow/.local/lib/python3.12/site-packages/airflow/example_dags/example_display_name.py
[2024-05-25T22:10:05.003+0000] {logging_mixin.py:188} INFO - [2024-05-25T22:10:05.003+0000] {dag.py:3096} INFO - Sync 1 DAGs
[2024-05-25T22:10:05.020+0000] {logging_mixin.py:188} INFO - [2024-05-25T22:10:05.020+0000] {dag.py:3954} INFO - Setting next_dagrun for example_display_name to None, run_after=None
[2024-05-25T22:10:05.041+0000] {processor.py:183} INFO - Processing /home/airflow/.local/lib/python3.12/site-packages/airflow/example_dags/example_display_name.py took 0.090 seconds
[2024-05-25T22:10:35.362+0000] {processor.py:161} INFO - Started process (PID=1075) to work on /home/airflow/.local/lib/python3.12/site-packages/airflow/example_dags/example_display_name.py
[2024-05-25T22:10:35.363+0000] {processor.py:830} INFO - Processing file /home/airflow/.local/lib/python3.12/site-packages/airflow/example_dags/example_display_name.py for tasks to queue
[2024-05-25T22:10:35.366+0000] {logging_mixin.py:188} INFO - [2024-05-25T22:10:35.365+0000] {dagbag.py:545} INFO - Filling up the DagBag from /home/airflow/.local/lib/python3.12/site-packages/airflow/example_dags/example_display_name.py
[2024-05-25T22:10:35.373+0000] {processor.py:840} INFO - DAG(s) 'example_display_name' retrieved from /home/airflow/.local/lib/python3.12/site-packages/airflow/example_dags/example_display_name.py
[2024-05-25T22:10:35.403+0000] {logging_mixin.py:188} INFO - [2024-05-25T22:10:35.402+0000] {dag.py:3096} INFO - Sync 1 DAGs
[2024-05-25T22:10:35.421+0000] {logging_mixin.py:188} INFO - [2024-05-25T22:10:35.420+0000] {dag.py:3954} INFO - Setting next_dagrun for example_display_name to None, run_after=None
[2024-05-25T22:10:35.450+0000] {processor.py:183} INFO - Processing /home/airflow/.local/lib/python3.12/site-packages/airflow/example_dags/example_display_name.py took 0.096 seconds
[2024-05-25T22:11:05.935+0000] {processor.py:161} INFO - Started process (PID=1132) to work on /home/airflow/.local/lib/python3.12/site-packages/airflow/example_dags/example_display_name.py
[2024-05-25T22:11:05.937+0000] {processor.py:830} INFO - Processing file /home/airflow/.local/lib/python3.12/site-packages/airflow/example_dags/example_display_name.py for tasks to queue
[2024-05-25T22:11:05.942+0000] {logging_mixin.py:188} INFO - [2024-05-25T22:11:05.941+0000] {dagbag.py:545} INFO - Filling up the DagBag from /home/airflow/.local/lib/python3.12/site-packages/airflow/example_dags/example_display_name.py
[2024-05-25T22:11:05.948+0000] {processor.py:840} INFO - DAG(s) 'example_display_name' retrieved from /home/airflow/.local/lib/python3.12/site-packages/airflow/example_dags/example_display_name.py
[2024-05-25T22:11:05.969+0000] {logging_mixin.py:188} INFO - [2024-05-25T22:11:05.969+0000] {dag.py:3096} INFO - Sync 1 DAGs
[2024-05-25T22:11:05.986+0000] {logging_mixin.py:188} INFO - [2024-05-25T22:11:05.985+0000] {dag.py:3954} INFO - Setting next_dagrun for example_display_name to None, run_after=None
[2024-05-25T22:11:06.015+0000] {processor.py:183} INFO - Processing /home/airflow/.local/lib/python3.12/site-packages/airflow/example_dags/example_display_name.py took 0.085 seconds
[2024-05-25T22:11:36.491+0000] {processor.py:161} INFO - Started process (PID=1189) to work on /home/airflow/.local/lib/python3.12/site-packages/airflow/example_dags/example_display_name.py
[2024-05-25T22:11:36.493+0000] {processor.py:830} INFO - Processing file /home/airflow/.local/lib/python3.12/site-packages/airflow/example_dags/example_display_name.py for tasks to queue
[2024-05-25T22:11:36.495+0000] {logging_mixin.py:188} INFO - [2024-05-25T22:11:36.495+0000] {dagbag.py:545} INFO - Filling up the DagBag from /home/airflow/.local/lib/python3.12/site-packages/airflow/example_dags/example_display_name.py
[2024-05-25T22:11:36.503+0000] {processor.py:840} INFO - DAG(s) 'example_display_name' retrieved from /home/airflow/.local/lib/python3.12/site-packages/airflow/example_dags/example_display_name.py
[2024-05-25T22:11:36.530+0000] {logging_mixin.py:188} INFO - [2024-05-25T22:11:36.529+0000] {dag.py:3096} INFO - Sync 1 DAGs
[2024-05-25T22:11:36.550+0000] {logging_mixin.py:188} INFO - [2024-05-25T22:11:36.549+0000] {dag.py:3954} INFO - Setting next_dagrun for example_display_name to None, run_after=None
[2024-05-25T22:11:36.573+0000] {processor.py:183} INFO - Processing /home/airflow/.local/lib/python3.12/site-packages/airflow/example_dags/example_display_name.py took 0.089 seconds
[2024-05-25T22:12:07.006+0000] {processor.py:161} INFO - Started process (PID=1247) to work on /home/airflow/.local/lib/python3.12/site-packages/airflow/example_dags/example_display_name.py
[2024-05-25T22:12:07.007+0000] {processor.py:830} INFO - Processing file /home/airflow/.local/lib/python3.12/site-packages/airflow/example_dags/example_display_name.py for tasks to queue
[2024-05-25T22:12:07.010+0000] {logging_mixin.py:188} INFO - [2024-05-25T22:12:07.010+0000] {dagbag.py:545} INFO - Filling up the DagBag from /home/airflow/.local/lib/python3.12/site-packages/airflow/example_dags/example_display_name.py
[2024-05-25T22:12:07.017+0000] {processor.py:840} INFO - DAG(s) 'example_display_name' retrieved from /home/airflow/.local/lib/python3.12/site-packages/airflow/example_dags/example_display_name.py
[2024-05-25T22:12:07.043+0000] {logging_mixin.py:188} INFO - [2024-05-25T22:12:07.043+0000] {dag.py:3096} INFO - Sync 1 DAGs
[2024-05-25T22:12:07.062+0000] {logging_mixin.py:188} INFO - [2024-05-25T22:12:07.062+0000] {dag.py:3954} INFO - Setting next_dagrun for example_display_name to None, run_after=None
[2024-05-25T22:12:07.085+0000] {processor.py:183} INFO - Processing /home/airflow/.local/lib/python3.12/site-packages/airflow/example_dags/example_display_name.py took 0.086 seconds
[2024-05-25T22:12:37.641+0000] {processor.py:161} INFO - Started process (PID=1304) to work on /home/airflow/.local/lib/python3.12/site-packages/airflow/example_dags/example_display_name.py
[2024-05-25T22:12:37.642+0000] {processor.py:830} INFO - Processing file /home/airflow/.local/lib/python3.12/site-packages/airflow/example_dags/example_display_name.py for tasks to queue
[2024-05-25T22:12:37.645+0000] {logging_mixin.py:188} INFO - [2024-05-25T22:12:37.644+0000] {dagbag.py:545} INFO - Filling up the DagBag from /home/airflow/.local/lib/python3.12/site-packages/airflow/example_dags/example_display_name.py
[2024-05-25T22:12:37.652+0000] {processor.py:840} INFO - DAG(s) 'example_display_name' retrieved from /home/airflow/.local/lib/python3.12/site-packages/airflow/example_dags/example_display_name.py
[2024-05-25T22:12:37.676+0000] {logging_mixin.py:188} INFO - [2024-05-25T22:12:37.675+0000] {dag.py:3096} INFO - Sync 1 DAGs
[2024-05-25T22:12:37.693+0000] {logging_mixin.py:188} INFO - [2024-05-25T22:12:37.692+0000] {dag.py:3954} INFO - Setting next_dagrun for example_display_name to None, run_after=None
[2024-05-25T22:12:37.722+0000] {processor.py:183} INFO - Processing /home/airflow/.local/lib/python3.12/site-packages/airflow/example_dags/example_display_name.py took 0.089 seconds
[2024-05-25T22:13:08.210+0000] {processor.py:161} INFO - Started process (PID=1383) to work on /home/airflow/.local/lib/python3.12/site-packages/airflow/example_dags/example_display_name.py
[2024-05-25T22:13:08.211+0000] {processor.py:830} INFO - Processing file /home/airflow/.local/lib/python3.12/site-packages/airflow/example_dags/example_display_name.py for tasks to queue
[2024-05-25T22:13:08.213+0000] {logging_mixin.py:188} INFO - [2024-05-25T22:13:08.213+0000] {dagbag.py:545} INFO - Filling up the DagBag from /home/airflow/.local/lib/python3.12/site-packages/airflow/example_dags/example_display_name.py
[2024-05-25T22:13:08.220+0000] {processor.py:840} INFO - DAG(s) 'example_display_name' retrieved from /home/airflow/.local/lib/python3.12/site-packages/airflow/example_dags/example_display_name.py
[2024-05-25T22:13:08.243+0000] {logging_mixin.py:188} INFO - [2024-05-25T22:13:08.243+0000] {dag.py:3096} INFO - Sync 1 DAGs
[2024-05-25T22:13:08.260+0000] {logging_mixin.py:188} INFO - [2024-05-25T22:13:08.260+0000] {dag.py:3954} INFO - Setting next_dagrun for example_display_name to None, run_after=None
[2024-05-25T22:13:08.282+0000] {processor.py:183} INFO - Processing /home/airflow/.local/lib/python3.12/site-packages/airflow/example_dags/example_display_name.py took 0.078 seconds
[2024-05-25T22:13:38.657+0000] {processor.py:161} INFO - Started process (PID=1441) to work on /home/airflow/.local/lib/python3.12/site-packages/airflow/example_dags/example_display_name.py
[2024-05-25T22:13:38.658+0000] {processor.py:830} INFO - Processing file /home/airflow/.local/lib/python3.12/site-packages/airflow/example_dags/example_display_name.py for tasks to queue
[2024-05-25T22:13:38.661+0000] {logging_mixin.py:188} INFO - [2024-05-25T22:13:38.660+0000] {dagbag.py:545} INFO - Filling up the DagBag from /home/airflow/.local/lib/python3.12/site-packages/airflow/example_dags/example_display_name.py
[2024-05-25T22:13:38.667+0000] {processor.py:840} INFO - DAG(s) 'example_display_name' retrieved from /home/airflow/.local/lib/python3.12/site-packages/airflow/example_dags/example_display_name.py
[2024-05-25T22:13:38.690+0000] {logging_mixin.py:188} INFO - [2024-05-25T22:13:38.689+0000] {dag.py:3096} INFO - Sync 1 DAGs
[2024-05-25T22:13:38.709+0000] {logging_mixin.py:188} INFO - [2024-05-25T22:13:38.708+0000] {dag.py:3954} INFO - Setting next_dagrun for example_display_name to None, run_after=None
[2024-05-25T22:13:38.729+0000] {processor.py:183} INFO - Processing /home/airflow/.local/lib/python3.12/site-packages/airflow/example_dags/example_display_name.py took 0.079 seconds
[2024-05-25T22:14:09.001+0000] {processor.py:161} INFO - Started process (PID=1499) to work on /home/airflow/.local/lib/python3.12/site-packages/airflow/example_dags/example_display_name.py
[2024-05-25T22:14:09.002+0000] {processor.py:830} INFO - Processing file /home/airflow/.local/lib/python3.12/site-packages/airflow/example_dags/example_display_name.py for tasks to queue
[2024-05-25T22:14:09.005+0000] {logging_mixin.py:188} INFO - [2024-05-25T22:14:09.004+0000] {dagbag.py:545} INFO - Filling up the DagBag from /home/airflow/.local/lib/python3.12/site-packages/airflow/example_dags/example_display_name.py
[2024-05-25T22:14:09.011+0000] {processor.py:840} INFO - DAG(s) 'example_display_name' retrieved from /home/airflow/.local/lib/python3.12/site-packages/airflow/example_dags/example_display_name.py
[2024-05-25T22:14:09.033+0000] {logging_mixin.py:188} INFO - [2024-05-25T22:14:09.033+0000] {dag.py:3096} INFO - Sync 1 DAGs
[2024-05-25T22:14:09.047+0000] {logging_mixin.py:188} INFO - [2024-05-25T22:14:09.047+0000] {dag.py:3954} INFO - Setting next_dagrun for example_display_name to None, run_after=None
[2024-05-25T22:14:09.067+0000] {processor.py:183} INFO - Processing /home/airflow/.local/lib/python3.12/site-packages/airflow/example_dags/example_display_name.py took 0.072 seconds
[2024-05-25T22:14:39.194+0000] {processor.py:161} INFO - Started process (PID=1558) to work on /home/airflow/.local/lib/python3.12/site-packages/airflow/example_dags/example_display_name.py
[2024-05-25T22:14:39.195+0000] {processor.py:830} INFO - Processing file /home/airflow/.local/lib/python3.12/site-packages/airflow/example_dags/example_display_name.py for tasks to queue
[2024-05-25T22:14:39.197+0000] {logging_mixin.py:188} INFO - [2024-05-25T22:14:39.197+0000] {dagbag.py:545} INFO - Filling up the DagBag from /home/airflow/.local/lib/python3.12/site-packages/airflow/example_dags/example_display_name.py
[2024-05-25T22:14:39.206+0000] {processor.py:840} INFO - DAG(s) 'example_display_name' retrieved from /home/airflow/.local/lib/python3.12/site-packages/airflow/example_dags/example_display_name.py
[2024-05-25T22:14:39.235+0000] {logging_mixin.py:188} INFO - [2024-05-25T22:14:39.234+0000] {dag.py:3096} INFO - Sync 1 DAGs
[2024-05-25T22:14:39.252+0000] {logging_mixin.py:188} INFO - [2024-05-25T22:14:39.252+0000] {dag.py:3954} INFO - Setting next_dagrun for example_display_name to None, run_after=None
[2024-05-25T22:14:39.277+0000] {processor.py:183} INFO - Processing /home/airflow/.local/lib/python3.12/site-packages/airflow/example_dags/example_display_name.py took 0.090 seconds
[2024-05-25T22:15:09.443+0000] {processor.py:161} INFO - Started process (PID=1615) to work on /home/airflow/.local/lib/python3.12/site-packages/airflow/example_dags/example_display_name.py
[2024-05-25T22:15:09.444+0000] {processor.py:830} INFO - Processing file /home/airflow/.local/lib/python3.12/site-packages/airflow/example_dags/example_display_name.py for tasks to queue
[2024-05-25T22:15:09.446+0000] {logging_mixin.py:188} INFO - [2024-05-25T22:15:09.445+0000] {dagbag.py:545} INFO - Filling up the DagBag from /home/airflow/.local/lib/python3.12/site-packages/airflow/example_dags/example_display_name.py
[2024-05-25T22:15:09.452+0000] {processor.py:840} INFO - DAG(s) 'example_display_name' retrieved from /home/airflow/.local/lib/python3.12/site-packages/airflow/example_dags/example_display_name.py
[2024-05-25T22:15:09.478+0000] {logging_mixin.py:188} INFO - [2024-05-25T22:15:09.478+0000] {dag.py:3096} INFO - Sync 1 DAGs
[2024-05-25T22:15:09.493+0000] {logging_mixin.py:188} INFO - [2024-05-25T22:15:09.493+0000] {dag.py:3954} INFO - Setting next_dagrun for example_display_name to None, run_after=None
[2024-05-25T22:15:09.515+0000] {processor.py:183} INFO - Processing /home/airflow/.local/lib/python3.12/site-packages/airflow/example_dags/example_display_name.py took 0.078 seconds
[2024-05-25T22:15:39.934+0000] {processor.py:161} INFO - Started process (PID=1673) to work on /home/airflow/.local/lib/python3.12/site-packages/airflow/example_dags/example_display_name.py
[2024-05-25T22:15:39.936+0000] {processor.py:830} INFO - Processing file /home/airflow/.local/lib/python3.12/site-packages/airflow/example_dags/example_display_name.py for tasks to queue
[2024-05-25T22:15:39.941+0000] {logging_mixin.py:188} INFO - [2024-05-25T22:15:39.940+0000] {dagbag.py:545} INFO - Filling up the DagBag from /home/airflow/.local/lib/python3.12/site-packages/airflow/example_dags/example_display_name.py
[2024-05-25T22:15:39.952+0000] {processor.py:840} INFO - DAG(s) 'example_display_name' retrieved from /home/airflow/.local/lib/python3.12/site-packages/airflow/example_dags/example_display_name.py
[2024-05-25T22:15:39.974+0000] {logging_mixin.py:188} INFO - [2024-05-25T22:15:39.973+0000] {dag.py:3096} INFO - Sync 1 DAGs
[2024-05-25T22:15:39.988+0000] {logging_mixin.py:188} INFO - [2024-05-25T22:15:39.988+0000] {dag.py:3954} INFO - Setting next_dagrun for example_display_name to None, run_after=None
[2024-05-25T22:15:40.009+0000] {processor.py:183} INFO - Processing /home/airflow/.local/lib/python3.12/site-packages/airflow/example_dags/example_display_name.py took 0.089 seconds
[2024-05-25T22:16:10.320+0000] {processor.py:161} INFO - Started process (PID=1731) to work on /home/airflow/.local/lib/python3.12/site-packages/airflow/example_dags/example_display_name.py
[2024-05-25T22:16:10.322+0000] {processor.py:830} INFO - Processing file /home/airflow/.local/lib/python3.12/site-packages/airflow/example_dags/example_display_name.py for tasks to queue
[2024-05-25T22:16:10.324+0000] {logging_mixin.py:188} INFO - [2024-05-25T22:16:10.324+0000] {dagbag.py:545} INFO - Filling up the DagBag from /home/airflow/.local/lib/python3.12/site-packages/airflow/example_dags/example_display_name.py
[2024-05-25T22:16:10.332+0000] {processor.py:840} INFO - DAG(s) 'example_display_name' retrieved from /home/airflow/.local/lib/python3.12/site-packages/airflow/example_dags/example_display_name.py
[2024-05-25T22:16:10.355+0000] {logging_mixin.py:188} INFO - [2024-05-25T22:16:10.355+0000] {dag.py:3096} INFO - Sync 1 DAGs
[2024-05-25T22:16:10.371+0000] {logging_mixin.py:188} INFO - [2024-05-25T22:16:10.371+0000] {dag.py:3954} INFO - Setting next_dagrun for example_display_name to None, run_after=None
[2024-05-25T22:16:10.392+0000] {processor.py:183} INFO - Processing /home/airflow/.local/lib/python3.12/site-packages/airflow/example_dags/example_display_name.py took 0.081 seconds
[2024-05-25T22:16:40.657+0000] {processor.py:161} INFO - Started process (PID=1789) to work on /home/airflow/.local/lib/python3.12/site-packages/airflow/example_dags/example_display_name.py
[2024-05-25T22:16:40.658+0000] {processor.py:830} INFO - Processing file /home/airflow/.local/lib/python3.12/site-packages/airflow/example_dags/example_display_name.py for tasks to queue
[2024-05-25T22:16:40.661+0000] {logging_mixin.py:188} INFO - [2024-05-25T22:16:40.661+0000] {dagbag.py:545} INFO - Filling up the DagBag from /home/airflow/.local/lib/python3.12/site-packages/airflow/example_dags/example_display_name.py
[2024-05-25T22:16:40.668+0000] {processor.py:840} INFO - DAG(s) 'example_display_name' retrieved from /home/airflow/.local/lib/python3.12/site-packages/airflow/example_dags/example_display_name.py
[2024-05-25T22:16:40.696+0000] {logging_mixin.py:188} INFO - [2024-05-25T22:16:40.696+0000] {dag.py:3096} INFO - Sync 1 DAGs
[2024-05-25T22:16:40.714+0000] {logging_mixin.py:188} INFO - [2024-05-25T22:16:40.713+0000] {dag.py:3954} INFO - Setting next_dagrun for example_display_name to None, run_after=None
[2024-05-25T22:16:40.739+0000] {processor.py:183} INFO - Processing /home/airflow/.local/lib/python3.12/site-packages/airflow/example_dags/example_display_name.py took 0.089 seconds
[2024-05-25T22:17:11.167+0000] {processor.py:161} INFO - Started process (PID=1847) to work on /home/airflow/.local/lib/python3.12/site-packages/airflow/example_dags/example_display_name.py
[2024-05-25T22:17:11.168+0000] {processor.py:830} INFO - Processing file /home/airflow/.local/lib/python3.12/site-packages/airflow/example_dags/example_display_name.py for tasks to queue
[2024-05-25T22:17:11.171+0000] {logging_mixin.py:188} INFO - [2024-05-25T22:17:11.170+0000] {dagbag.py:545} INFO - Filling up the DagBag from /home/airflow/.local/lib/python3.12/site-packages/airflow/example_dags/example_display_name.py
[2024-05-25T22:17:11.177+0000] {processor.py:840} INFO - DAG(s) 'example_display_name' retrieved from /home/airflow/.local/lib/python3.12/site-packages/airflow/example_dags/example_display_name.py
[2024-05-25T22:17:11.205+0000] {logging_mixin.py:188} INFO - [2024-05-25T22:17:11.204+0000] {dag.py:3096} INFO - Sync 1 DAGs
[2024-05-25T22:17:11.221+0000] {logging_mixin.py:188} INFO - [2024-05-25T22:17:11.221+0000] {dag.py:3954} INFO - Setting next_dagrun for example_display_name to None, run_after=None
[2024-05-25T22:17:11.241+0000] {processor.py:183} INFO - Processing /home/airflow/.local/lib/python3.12/site-packages/airflow/example_dags/example_display_name.py took 0.080 seconds
[2024-05-25T22:17:41.681+0000] {processor.py:161} INFO - Started process (PID=1905) to work on /home/airflow/.local/lib/python3.12/site-packages/airflow/example_dags/example_display_name.py
[2024-05-25T22:17:41.682+0000] {processor.py:830} INFO - Processing file /home/airflow/.local/lib/python3.12/site-packages/airflow/example_dags/example_display_name.py for tasks to queue
[2024-05-25T22:17:41.683+0000] {logging_mixin.py:188} INFO - [2024-05-25T22:17:41.683+0000] {dagbag.py:545} INFO - Filling up the DagBag from /home/airflow/.local/lib/python3.12/site-packages/airflow/example_dags/example_display_name.py
[2024-05-25T22:17:41.689+0000] {processor.py:840} INFO - DAG(s) 'example_display_name' retrieved from /home/airflow/.local/lib/python3.12/site-packages/airflow/example_dags/example_display_name.py
[2024-05-25T22:17:41.715+0000] {logging_mixin.py:188} INFO - [2024-05-25T22:17:41.715+0000] {dag.py:3096} INFO - Sync 1 DAGs
[2024-05-25T22:17:41.731+0000] {logging_mixin.py:188} INFO - [2024-05-25T22:17:41.731+0000] {dag.py:3954} INFO - Setting next_dagrun for example_display_name to None, run_after=None
[2024-05-25T22:17:41.753+0000] {processor.py:183} INFO - Processing /home/airflow/.local/lib/python3.12/site-packages/airflow/example_dags/example_display_name.py took 0.080 seconds
[2024-05-25T22:18:11.949+0000] {processor.py:161} INFO - Started process (PID=1963) to work on /home/airflow/.local/lib/python3.12/site-packages/airflow/example_dags/example_display_name.py
[2024-05-25T22:18:11.951+0000] {processor.py:830} INFO - Processing file /home/airflow/.local/lib/python3.12/site-packages/airflow/example_dags/example_display_name.py for tasks to queue
[2024-05-25T22:18:11.954+0000] {logging_mixin.py:188} INFO - [2024-05-25T22:18:11.954+0000] {dagbag.py:545} INFO - Filling up the DagBag from /home/airflow/.local/lib/python3.12/site-packages/airflow/example_dags/example_display_name.py
[2024-05-25T22:18:11.960+0000] {processor.py:840} INFO - DAG(s) 'example_display_name' retrieved from /home/airflow/.local/lib/python3.12/site-packages/airflow/example_dags/example_display_name.py
[2024-05-25T22:18:11.985+0000] {logging_mixin.py:188} INFO - [2024-05-25T22:18:11.985+0000] {dag.py:3096} INFO - Sync 1 DAGs
[2024-05-25T22:18:12.000+0000] {logging_mixin.py:188} INFO - [2024-05-25T22:18:11.999+0000] {dag.py:3954} INFO - Setting next_dagrun for example_display_name to None, run_after=None
[2024-05-25T22:18:12.022+0000] {processor.py:183} INFO - Processing /home/airflow/.local/lib/python3.12/site-packages/airflow/example_dags/example_display_name.py took 0.088 seconds
[2024-05-25T22:18:42.096+0000] {processor.py:161} INFO - Started process (PID=2021) to work on /home/airflow/.local/lib/python3.12/site-packages/airflow/example_dags/example_display_name.py
[2024-05-25T22:18:42.097+0000] {processor.py:830} INFO - Processing file /home/airflow/.local/lib/python3.12/site-packages/airflow/example_dags/example_display_name.py for tasks to queue
[2024-05-25T22:18:42.101+0000] {logging_mixin.py:188} INFO - [2024-05-25T22:18:42.100+0000] {dagbag.py:545} INFO - Filling up the DagBag from /home/airflow/.local/lib/python3.12/site-packages/airflow/example_dags/example_display_name.py
[2024-05-25T22:18:42.116+0000] {processor.py:840} INFO - DAG(s) 'example_display_name' retrieved from /home/airflow/.local/lib/python3.12/site-packages/airflow/example_dags/example_display_name.py
[2024-05-25T22:18:42.145+0000] {logging_mixin.py:188} INFO - [2024-05-25T22:18:42.145+0000] {dag.py:3096} INFO - Sync 1 DAGs
[2024-05-25T22:18:42.162+0000] {logging_mixin.py:188} INFO - [2024-05-25T22:18:42.162+0000] {dag.py:3954} INFO - Setting next_dagrun for example_display_name to None, run_after=None
[2024-05-25T22:18:42.189+0000] {processor.py:183} INFO - Processing /home/airflow/.local/lib/python3.12/site-packages/airflow/example_dags/example_display_name.py took 0.100 seconds
[2024-05-25T22:19:12.536+0000] {processor.py:161} INFO - Started process (PID=2079) to work on /home/airflow/.local/lib/python3.12/site-packages/airflow/example_dags/example_display_name.py
[2024-05-25T22:19:12.537+0000] {processor.py:830} INFO - Processing file /home/airflow/.local/lib/python3.12/site-packages/airflow/example_dags/example_display_name.py for tasks to queue
[2024-05-25T22:19:12.539+0000] {logging_mixin.py:188} INFO - [2024-05-25T22:19:12.539+0000] {dagbag.py:545} INFO - Filling up the DagBag from /home/airflow/.local/lib/python3.12/site-packages/airflow/example_dags/example_display_name.py
[2024-05-25T22:19:12.546+0000] {processor.py:840} INFO - DAG(s) 'example_display_name' retrieved from /home/airflow/.local/lib/python3.12/site-packages/airflow/example_dags/example_display_name.py
[2024-05-25T22:19:12.567+0000] {logging_mixin.py:188} INFO - [2024-05-25T22:19:12.567+0000] {dag.py:3096} INFO - Sync 1 DAGs
[2024-05-25T22:19:12.583+0000] {logging_mixin.py:188} INFO - [2024-05-25T22:19:12.583+0000] {dag.py:3954} INFO - Setting next_dagrun for example_display_name to None, run_after=None
[2024-05-25T22:19:12.610+0000] {processor.py:183} INFO - Processing /home/airflow/.local/lib/python3.12/site-packages/airflow/example_dags/example_display_name.py took 0.081 seconds
