[2024-05-25T22:01:25.544+0000] {processor.py:161} INFO - Started process (PID=31) to work on /home/airflow/.local/lib/python3.12/site-packages/airflow/example_dags/example_branch_operator.py
[2024-05-25T22:01:25.545+0000] {processor.py:830} INFO - Processing file /home/airflow/.local/lib/python3.12/site-packages/airflow/example_dags/example_branch_operator.py for tasks to queue
[2024-05-25T22:01:25.546+0000] {logging_mixin.py:188} INFO - [2024-05-25T22:01:25.546+0000] {dagbag.py:545} INFO - Filling up the DagBag from /home/airflow/.local/lib/python3.12/site-packages/airflow/example_dags/example_branch_operator.py
[2024-05-25T22:01:25.568+0000] {processor.py:840} INFO - DAG(s) 'example_branch_operator' retrieved from /home/airflow/.local/lib/python3.12/site-packages/airflow/example_dags/example_branch_operator.py
[2024-05-25T22:01:25.584+0000] {logging_mixin.py:188} INFO - [2024-05-25T22:01:25.584+0000] {dag.py:3096} INFO - Sync 1 DAGs
[2024-05-25T22:01:25.614+0000] {logging_mixin.py:188} INFO - [2024-05-25T22:01:25.613+0000] {dag.py:3954} INFO - Setting next_dagrun for example_branch_operator to 2024-05-24 00:00:00+00:00, run_after=2024-05-25 00:00:00+00:00
[2024-05-25T22:01:25.636+0000] {processor.py:183} INFO - Processing /home/airflow/.local/lib/python3.12/site-packages/airflow/example_dags/example_branch_operator.py took 0.099 seconds
[2024-05-25T22:01:56.208+0000] {processor.py:161} INFO - Started process (PID=89) to work on /home/airflow/.local/lib/python3.12/site-packages/airflow/example_dags/example_branch_operator.py
[2024-05-25T22:01:56.210+0000] {processor.py:830} INFO - Processing file /home/airflow/.local/lib/python3.12/site-packages/airflow/example_dags/example_branch_operator.py for tasks to queue
[2024-05-25T22:01:56.214+0000] {logging_mixin.py:188} INFO - [2024-05-25T22:01:56.213+0000] {dagbag.py:545} INFO - Filling up the DagBag from /home/airflow/.local/lib/python3.12/site-packages/airflow/example_dags/example_branch_operator.py
[2024-05-25T22:01:56.236+0000] {processor.py:840} INFO - DAG(s) 'example_branch_operator' retrieved from /home/airflow/.local/lib/python3.12/site-packages/airflow/example_dags/example_branch_operator.py
[2024-05-25T22:01:56.380+0000] {logging_mixin.py:188} INFO - [2024-05-25T22:01:56.380+0000] {dag.py:3096} INFO - Sync 1 DAGs
[2024-05-25T22:01:56.425+0000] {logging_mixin.py:188} INFO - [2024-05-25T22:01:56.425+0000] {dag.py:3954} INFO - Setting next_dagrun for example_branch_operator to 2024-05-24 00:00:00+00:00, run_after=2024-05-25 00:00:00+00:00
[2024-05-25T22:01:56.450+0000] {processor.py:183} INFO - Processing /home/airflow/.local/lib/python3.12/site-packages/airflow/example_dags/example_branch_operator.py took 0.256 seconds
[2024-05-25T22:02:27.375+0000] {processor.py:161} INFO - Started process (PID=147) to work on /home/airflow/.local/lib/python3.12/site-packages/airflow/example_dags/example_branch_operator.py
[2024-05-25T22:02:27.377+0000] {processor.py:830} INFO - Processing file /home/airflow/.local/lib/python3.12/site-packages/airflow/example_dags/example_branch_operator.py for tasks to queue
[2024-05-25T22:02:27.381+0000] {logging_mixin.py:188} INFO - [2024-05-25T22:02:27.380+0000] {dagbag.py:545} INFO - Filling up the DagBag from /home/airflow/.local/lib/python3.12/site-packages/airflow/example_dags/example_branch_operator.py
[2024-05-25T22:02:27.409+0000] {processor.py:840} INFO - DAG(s) 'example_branch_operator' retrieved from /home/airflow/.local/lib/python3.12/site-packages/airflow/example_dags/example_branch_operator.py
[2024-05-25T22:02:27.446+0000] {logging_mixin.py:188} INFO - [2024-05-25T22:02:27.446+0000] {dag.py:3096} INFO - Sync 1 DAGs
[2024-05-25T22:02:27.476+0000] {logging_mixin.py:188} INFO - [2024-05-25T22:02:27.476+0000] {dag.py:3954} INFO - Setting next_dagrun for example_branch_operator to 2024-05-24 00:00:00+00:00, run_after=2024-05-25 00:00:00+00:00
[2024-05-25T22:02:27.507+0000] {processor.py:183} INFO - Processing /home/airflow/.local/lib/python3.12/site-packages/airflow/example_dags/example_branch_operator.py took 0.148 seconds
[2024-05-25T22:02:57.593+0000] {processor.py:161} INFO - Started process (PID=204) to work on /home/airflow/.local/lib/python3.12/site-packages/airflow/example_dags/example_branch_operator.py
[2024-05-25T22:02:57.595+0000] {processor.py:830} INFO - Processing file /home/airflow/.local/lib/python3.12/site-packages/airflow/example_dags/example_branch_operator.py for tasks to queue
[2024-05-25T22:02:57.600+0000] {logging_mixin.py:188} INFO - [2024-05-25T22:02:57.599+0000] {dagbag.py:545} INFO - Filling up the DagBag from /home/airflow/.local/lib/python3.12/site-packages/airflow/example_dags/example_branch_operator.py
[2024-05-25T22:02:57.630+0000] {processor.py:840} INFO - DAG(s) 'example_branch_operator' retrieved from /home/airflow/.local/lib/python3.12/site-packages/airflow/example_dags/example_branch_operator.py
[2024-05-25T22:02:57.667+0000] {logging_mixin.py:188} INFO - [2024-05-25T22:02:57.667+0000] {dag.py:3096} INFO - Sync 1 DAGs
[2024-05-25T22:02:57.695+0000] {logging_mixin.py:188} INFO - [2024-05-25T22:02:57.694+0000] {dag.py:3954} INFO - Setting next_dagrun for example_branch_operator to 2024-05-24 00:00:00+00:00, run_after=2024-05-25 00:00:00+00:00
[2024-05-25T22:02:57.716+0000] {processor.py:183} INFO - Processing /home/airflow/.local/lib/python3.12/site-packages/airflow/example_dags/example_branch_operator.py took 0.138 seconds
[2024-05-25T22:03:27.863+0000] {processor.py:161} INFO - Started process (PID=262) to work on /home/airflow/.local/lib/python3.12/site-packages/airflow/example_dags/example_branch_operator.py
[2024-05-25T22:03:27.865+0000] {processor.py:830} INFO - Processing file /home/airflow/.local/lib/python3.12/site-packages/airflow/example_dags/example_branch_operator.py for tasks to queue
[2024-05-25T22:03:27.871+0000] {logging_mixin.py:188} INFO - [2024-05-25T22:03:27.870+0000] {dagbag.py:545} INFO - Filling up the DagBag from /home/airflow/.local/lib/python3.12/site-packages/airflow/example_dags/example_branch_operator.py
[2024-05-25T22:03:27.898+0000] {processor.py:840} INFO - DAG(s) 'example_branch_operator' retrieved from /home/airflow/.local/lib/python3.12/site-packages/airflow/example_dags/example_branch_operator.py
[2024-05-25T22:03:27.959+0000] {logging_mixin.py:188} INFO - [2024-05-25T22:03:27.958+0000] {dag.py:3096} INFO - Sync 1 DAGs
[2024-05-25T22:03:27.989+0000] {logging_mixin.py:188} INFO - [2024-05-25T22:03:27.988+0000] {dag.py:3954} INFO - Setting next_dagrun for example_branch_operator to 2024-05-24 00:00:00+00:00, run_after=2024-05-25 00:00:00+00:00
[2024-05-25T22:03:28.014+0000] {processor.py:183} INFO - Processing /home/airflow/.local/lib/python3.12/site-packages/airflow/example_dags/example_branch_operator.py took 0.167 seconds
[2024-05-25T22:03:58.536+0000] {processor.py:161} INFO - Started process (PID=321) to work on /home/airflow/.local/lib/python3.12/site-packages/airflow/example_dags/example_branch_operator.py
[2024-05-25T22:03:58.540+0000] {processor.py:830} INFO - Processing file /home/airflow/.local/lib/python3.12/site-packages/airflow/example_dags/example_branch_operator.py for tasks to queue
[2024-05-25T22:03:58.545+0000] {logging_mixin.py:188} INFO - [2024-05-25T22:03:58.544+0000] {dagbag.py:545} INFO - Filling up the DagBag from /home/airflow/.local/lib/python3.12/site-packages/airflow/example_dags/example_branch_operator.py
[2024-05-25T22:03:58.575+0000] {processor.py:840} INFO - DAG(s) 'example_branch_operator' retrieved from /home/airflow/.local/lib/python3.12/site-packages/airflow/example_dags/example_branch_operator.py
[2024-05-25T22:03:58.623+0000] {logging_mixin.py:188} INFO - [2024-05-25T22:03:58.622+0000] {dag.py:3096} INFO - Sync 1 DAGs
[2024-05-25T22:03:58.650+0000] {logging_mixin.py:188} INFO - [2024-05-25T22:03:58.650+0000] {dag.py:3954} INFO - Setting next_dagrun for example_branch_operator to 2024-05-24 00:00:00+00:00, run_after=2024-05-25 00:00:00+00:00
[2024-05-25T22:03:58.681+0000] {processor.py:183} INFO - Processing /home/airflow/.local/lib/python3.12/site-packages/airflow/example_dags/example_branch_operator.py took 0.161 seconds
[2024-05-25T22:04:29.181+0000] {processor.py:161} INFO - Started process (PID=379) to work on /home/airflow/.local/lib/python3.12/site-packages/airflow/example_dags/example_branch_operator.py
[2024-05-25T22:04:29.184+0000] {processor.py:830} INFO - Processing file /home/airflow/.local/lib/python3.12/site-packages/airflow/example_dags/example_branch_operator.py for tasks to queue
[2024-05-25T22:04:29.189+0000] {logging_mixin.py:188} INFO - [2024-05-25T22:04:29.188+0000] {dagbag.py:545} INFO - Filling up the DagBag from /home/airflow/.local/lib/python3.12/site-packages/airflow/example_dags/example_branch_operator.py
[2024-05-25T22:04:29.214+0000] {processor.py:840} INFO - DAG(s) 'example_branch_operator' retrieved from /home/airflow/.local/lib/python3.12/site-packages/airflow/example_dags/example_branch_operator.py
[2024-05-25T22:04:29.268+0000] {logging_mixin.py:188} INFO - [2024-05-25T22:04:29.268+0000] {dag.py:3096} INFO - Sync 1 DAGs
[2024-05-25T22:04:29.303+0000] {logging_mixin.py:188} INFO - [2024-05-25T22:04:29.303+0000] {dag.py:3954} INFO - Setting next_dagrun for example_branch_operator to 2024-05-24 00:00:00+00:00, run_after=2024-05-25 00:00:00+00:00
[2024-05-25T22:04:29.341+0000] {processor.py:183} INFO - Processing /home/airflow/.local/lib/python3.12/site-packages/airflow/example_dags/example_branch_operator.py took 0.176 seconds
[2024-05-25T22:04:59.516+0000] {processor.py:161} INFO - Started process (PID=436) to work on /home/airflow/.local/lib/python3.12/site-packages/airflow/example_dags/example_branch_operator.py
[2024-05-25T22:04:59.521+0000] {processor.py:830} INFO - Processing file /home/airflow/.local/lib/python3.12/site-packages/airflow/example_dags/example_branch_operator.py for tasks to queue
[2024-05-25T22:04:59.529+0000] {logging_mixin.py:188} INFO - [2024-05-25T22:04:59.529+0000] {dagbag.py:545} INFO - Filling up the DagBag from /home/airflow/.local/lib/python3.12/site-packages/airflow/example_dags/example_branch_operator.py
[2024-05-25T22:04:59.559+0000] {processor.py:840} INFO - DAG(s) 'example_branch_operator' retrieved from /home/airflow/.local/lib/python3.12/site-packages/airflow/example_dags/example_branch_operator.py
[2024-05-25T22:04:59.593+0000] {logging_mixin.py:188} INFO - [2024-05-25T22:04:59.593+0000] {dag.py:3096} INFO - Sync 1 DAGs
[2024-05-25T22:04:59.654+0000] {logging_mixin.py:188} INFO - [2024-05-25T22:04:59.654+0000] {dag.py:3954} INFO - Setting next_dagrun for example_branch_operator to 2024-05-24 00:00:00+00:00, run_after=2024-05-25 00:00:00+00:00
[2024-05-25T22:04:59.675+0000] {processor.py:183} INFO - Processing /home/airflow/.local/lib/python3.12/site-packages/airflow/example_dags/example_branch_operator.py took 0.168 seconds
[2024-05-25T22:05:29.976+0000] {processor.py:161} INFO - Started process (PID=494) to work on /home/airflow/.local/lib/python3.12/site-packages/airflow/example_dags/example_branch_operator.py
[2024-05-25T22:05:29.978+0000] {processor.py:830} INFO - Processing file /home/airflow/.local/lib/python3.12/site-packages/airflow/example_dags/example_branch_operator.py for tasks to queue
[2024-05-25T22:05:29.983+0000] {logging_mixin.py:188} INFO - [2024-05-25T22:05:29.982+0000] {dagbag.py:545} INFO - Filling up the DagBag from /home/airflow/.local/lib/python3.12/site-packages/airflow/example_dags/example_branch_operator.py
[2024-05-25T22:05:30.009+0000] {processor.py:840} INFO - DAG(s) 'example_branch_operator' retrieved from /home/airflow/.local/lib/python3.12/site-packages/airflow/example_dags/example_branch_operator.py
[2024-05-25T22:05:30.045+0000] {logging_mixin.py:188} INFO - [2024-05-25T22:05:30.045+0000] {dag.py:3096} INFO - Sync 1 DAGs
[2024-05-25T22:05:30.073+0000] {logging_mixin.py:188} INFO - [2024-05-25T22:05:30.073+0000] {dag.py:3954} INFO - Setting next_dagrun for example_branch_operator to 2024-05-24 00:00:00+00:00, run_after=2024-05-25 00:00:00+00:00
[2024-05-25T22:05:30.106+0000] {processor.py:183} INFO - Processing /home/airflow/.local/lib/python3.12/site-packages/airflow/example_dags/example_branch_operator.py took 0.146 seconds
[2024-05-25T22:06:00.369+0000] {processor.py:161} INFO - Started process (PID=551) to work on /home/airflow/.local/lib/python3.12/site-packages/airflow/example_dags/example_branch_operator.py
[2024-05-25T22:06:00.371+0000] {processor.py:830} INFO - Processing file /home/airflow/.local/lib/python3.12/site-packages/airflow/example_dags/example_branch_operator.py for tasks to queue
[2024-05-25T22:06:00.375+0000] {logging_mixin.py:188} INFO - [2024-05-25T22:06:00.375+0000] {dagbag.py:545} INFO - Filling up the DagBag from /home/airflow/.local/lib/python3.12/site-packages/airflow/example_dags/example_branch_operator.py
[2024-05-25T22:06:00.405+0000] {processor.py:840} INFO - DAG(s) 'example_branch_operator' retrieved from /home/airflow/.local/lib/python3.12/site-packages/airflow/example_dags/example_branch_operator.py
[2024-05-25T22:06:00.464+0000] {logging_mixin.py:188} INFO - [2024-05-25T22:06:00.464+0000] {dag.py:3096} INFO - Sync 1 DAGs
[2024-05-25T22:06:00.493+0000] {logging_mixin.py:188} INFO - [2024-05-25T22:06:00.493+0000] {dag.py:3954} INFO - Setting next_dagrun for example_branch_operator to 2024-05-24 00:00:00+00:00, run_after=2024-05-25 00:00:00+00:00
[2024-05-25T22:06:00.515+0000] {processor.py:183} INFO - Processing /home/airflow/.local/lib/python3.12/site-packages/airflow/example_dags/example_branch_operator.py took 0.162 seconds
[2024-05-25T22:06:30.857+0000] {processor.py:161} INFO - Started process (PID=608) to work on /home/airflow/.local/lib/python3.12/site-packages/airflow/example_dags/example_branch_operator.py
[2024-05-25T22:06:30.860+0000] {processor.py:830} INFO - Processing file /home/airflow/.local/lib/python3.12/site-packages/airflow/example_dags/example_branch_operator.py for tasks to queue
[2024-05-25T22:06:30.867+0000] {logging_mixin.py:188} INFO - [2024-05-25T22:06:30.866+0000] {dagbag.py:545} INFO - Filling up the DagBag from /home/airflow/.local/lib/python3.12/site-packages/airflow/example_dags/example_branch_operator.py
[2024-05-25T22:06:30.897+0000] {processor.py:840} INFO - DAG(s) 'example_branch_operator' retrieved from /home/airflow/.local/lib/python3.12/site-packages/airflow/example_dags/example_branch_operator.py
[2024-05-25T22:06:30.936+0000] {logging_mixin.py:188} INFO - [2024-05-25T22:06:30.936+0000] {dag.py:3096} INFO - Sync 1 DAGs
[2024-05-25T22:06:30.965+0000] {logging_mixin.py:188} INFO - [2024-05-25T22:06:30.964+0000] {dag.py:3954} INFO - Setting next_dagrun for example_branch_operator to 2024-05-24 00:00:00+00:00, run_after=2024-05-25 00:00:00+00:00
[2024-05-25T22:06:30.995+0000] {processor.py:183} INFO - Processing /home/airflow/.local/lib/python3.12/site-packages/airflow/example_dags/example_branch_operator.py took 0.152 seconds
[2024-05-25T22:07:01.286+0000] {processor.py:161} INFO - Started process (PID=665) to work on /home/airflow/.local/lib/python3.12/site-packages/airflow/example_dags/example_branch_operator.py
[2024-05-25T22:07:01.288+0000] {processor.py:830} INFO - Processing file /home/airflow/.local/lib/python3.12/site-packages/airflow/example_dags/example_branch_operator.py for tasks to queue
[2024-05-25T22:07:01.293+0000] {logging_mixin.py:188} INFO - [2024-05-25T22:07:01.292+0000] {dagbag.py:545} INFO - Filling up the DagBag from /home/airflow/.local/lib/python3.12/site-packages/airflow/example_dags/example_branch_operator.py
[2024-05-25T22:07:01.319+0000] {processor.py:840} INFO - DAG(s) 'example_branch_operator' retrieved from /home/airflow/.local/lib/python3.12/site-packages/airflow/example_dags/example_branch_operator.py
[2024-05-25T22:07:01.369+0000] {logging_mixin.py:188} INFO - [2024-05-25T22:07:01.369+0000] {dag.py:3096} INFO - Sync 1 DAGs
[2024-05-25T22:07:01.400+0000] {logging_mixin.py:188} INFO - [2024-05-25T22:07:01.400+0000] {dag.py:3954} INFO - Setting next_dagrun for example_branch_operator to 2024-05-24 00:00:00+00:00, run_after=2024-05-25 00:00:00+00:00
[2024-05-25T22:07:01.437+0000] {processor.py:183} INFO - Processing /home/airflow/.local/lib/python3.12/site-packages/airflow/example_dags/example_branch_operator.py took 0.165 seconds
[2024-05-25T22:07:31.914+0000] {processor.py:161} INFO - Started process (PID=723) to work on /home/airflow/.local/lib/python3.12/site-packages/airflow/example_dags/example_branch_operator.py
[2024-05-25T22:07:31.916+0000] {processor.py:830} INFO - Processing file /home/airflow/.local/lib/python3.12/site-packages/airflow/example_dags/example_branch_operator.py for tasks to queue
[2024-05-25T22:07:31.920+0000] {logging_mixin.py:188} INFO - [2024-05-25T22:07:31.919+0000] {dagbag.py:545} INFO - Filling up the DagBag from /home/airflow/.local/lib/python3.12/site-packages/airflow/example_dags/example_branch_operator.py
[2024-05-25T22:07:31.948+0000] {processor.py:840} INFO - DAG(s) 'example_branch_operator' retrieved from /home/airflow/.local/lib/python3.12/site-packages/airflow/example_dags/example_branch_operator.py
[2024-05-25T22:07:32.003+0000] {logging_mixin.py:188} INFO - [2024-05-25T22:07:32.002+0000] {dag.py:3096} INFO - Sync 1 DAGs
[2024-05-25T22:07:32.030+0000] {logging_mixin.py:188} INFO - [2024-05-25T22:07:32.029+0000] {dag.py:3954} INFO - Setting next_dagrun for example_branch_operator to 2024-05-24 00:00:00+00:00, run_after=2024-05-25 00:00:00+00:00
[2024-05-25T22:07:32.051+0000] {processor.py:183} INFO - Processing /home/airflow/.local/lib/python3.12/site-packages/airflow/example_dags/example_branch_operator.py took 0.153 seconds
[2024-05-25T22:08:02.109+0000] {processor.py:161} INFO - Started process (PID=780) to work on /home/airflow/.local/lib/python3.12/site-packages/airflow/example_dags/example_branch_operator.py
[2024-05-25T22:08:02.110+0000] {processor.py:830} INFO - Processing file /home/airflow/.local/lib/python3.12/site-packages/airflow/example_dags/example_branch_operator.py for tasks to queue
[2024-05-25T22:08:02.113+0000] {logging_mixin.py:188} INFO - [2024-05-25T22:08:02.112+0000] {dagbag.py:545} INFO - Filling up the DagBag from /home/airflow/.local/lib/python3.12/site-packages/airflow/example_dags/example_branch_operator.py
[2024-05-25T22:08:02.132+0000] {processor.py:840} INFO - DAG(s) 'example_branch_operator' retrieved from /home/airflow/.local/lib/python3.12/site-packages/airflow/example_dags/example_branch_operator.py
[2024-05-25T22:08:02.198+0000] {logging_mixin.py:188} INFO - [2024-05-25T22:08:02.198+0000] {dag.py:3096} INFO - Sync 1 DAGs
[2024-05-25T22:08:02.226+0000] {logging_mixin.py:188} INFO - [2024-05-25T22:08:02.226+0000] {dag.py:3954} INFO - Setting next_dagrun for example_branch_operator to 2024-05-24 00:00:00+00:00, run_after=2024-05-25 00:00:00+00:00
[2024-05-25T22:08:02.249+0000] {processor.py:183} INFO - Processing /home/airflow/.local/lib/python3.12/site-packages/airflow/example_dags/example_branch_operator.py took 0.149 seconds
[2024-05-25T22:08:32.505+0000] {processor.py:161} INFO - Started process (PID=839) to work on /home/airflow/.local/lib/python3.12/site-packages/airflow/example_dags/example_branch_operator.py
[2024-05-25T22:08:32.507+0000] {processor.py:830} INFO - Processing file /home/airflow/.local/lib/python3.12/site-packages/airflow/example_dags/example_branch_operator.py for tasks to queue
[2024-05-25T22:08:32.513+0000] {logging_mixin.py:188} INFO - [2024-05-25T22:08:32.512+0000] {dagbag.py:545} INFO - Filling up the DagBag from /home/airflow/.local/lib/python3.12/site-packages/airflow/example_dags/example_branch_operator.py
[2024-05-25T22:08:32.536+0000] {processor.py:840} INFO - DAG(s) 'example_branch_operator' retrieved from /home/airflow/.local/lib/python3.12/site-packages/airflow/example_dags/example_branch_operator.py
[2024-05-25T22:08:32.575+0000] {logging_mixin.py:188} INFO - [2024-05-25T22:08:32.575+0000] {dag.py:3096} INFO - Sync 1 DAGs
[2024-05-25T22:08:32.603+0000] {logging_mixin.py:188} INFO - [2024-05-25T22:08:32.602+0000] {dag.py:3954} INFO - Setting next_dagrun for example_branch_operator to 2024-05-24 00:00:00+00:00, run_after=2024-05-25 00:00:00+00:00
[2024-05-25T22:08:32.624+0000] {processor.py:183} INFO - Processing /home/airflow/.local/lib/python3.12/site-packages/airflow/example_dags/example_branch_operator.py took 0.136 seconds
[2024-05-25T22:09:02.763+0000] {processor.py:161} INFO - Started process (PID=896) to work on /home/airflow/.local/lib/python3.12/site-packages/airflow/example_dags/example_branch_operator.py
[2024-05-25T22:09:02.765+0000] {processor.py:830} INFO - Processing file /home/airflow/.local/lib/python3.12/site-packages/airflow/example_dags/example_branch_operator.py for tasks to queue
[2024-05-25T22:09:02.771+0000] {logging_mixin.py:188} INFO - [2024-05-25T22:09:02.770+0000] {dagbag.py:545} INFO - Filling up the DagBag from /home/airflow/.local/lib/python3.12/site-packages/airflow/example_dags/example_branch_operator.py
[2024-05-25T22:09:02.800+0000] {processor.py:840} INFO - DAG(s) 'example_branch_operator' retrieved from /home/airflow/.local/lib/python3.12/site-packages/airflow/example_dags/example_branch_operator.py
[2024-05-25T22:09:02.861+0000] {logging_mixin.py:188} INFO - [2024-05-25T22:09:02.861+0000] {dag.py:3096} INFO - Sync 1 DAGs
[2024-05-25T22:09:02.897+0000] {logging_mixin.py:188} INFO - [2024-05-25T22:09:02.896+0000] {dag.py:3954} INFO - Setting next_dagrun for example_branch_operator to 2024-05-24 00:00:00+00:00, run_after=2024-05-25 00:00:00+00:00
[2024-05-25T22:09:02.920+0000] {processor.py:183} INFO - Processing /home/airflow/.local/lib/python3.12/site-packages/airflow/example_dags/example_branch_operator.py took 0.173 seconds
[2024-05-25T22:09:33.819+0000] {processor.py:161} INFO - Started process (PID=954) to work on /home/airflow/.local/lib/python3.12/site-packages/airflow/example_dags/example_branch_operator.py
[2024-05-25T22:09:33.821+0000] {processor.py:830} INFO - Processing file /home/airflow/.local/lib/python3.12/site-packages/airflow/example_dags/example_branch_operator.py for tasks to queue
[2024-05-25T22:09:33.827+0000] {logging_mixin.py:188} INFO - [2024-05-25T22:09:33.826+0000] {dagbag.py:545} INFO - Filling up the DagBag from /home/airflow/.local/lib/python3.12/site-packages/airflow/example_dags/example_branch_operator.py
[2024-05-25T22:09:33.854+0000] {processor.py:840} INFO - DAG(s) 'example_branch_operator' retrieved from /home/airflow/.local/lib/python3.12/site-packages/airflow/example_dags/example_branch_operator.py
[2024-05-25T22:09:33.892+0000] {logging_mixin.py:188} INFO - [2024-05-25T22:09:33.892+0000] {dag.py:3096} INFO - Sync 1 DAGs
[2024-05-25T22:09:33.922+0000] {logging_mixin.py:188} INFO - [2024-05-25T22:09:33.921+0000] {dag.py:3954} INFO - Setting next_dagrun for example_branch_operator to 2024-05-24 00:00:00+00:00, run_after=2024-05-25 00:00:00+00:00
[2024-05-25T22:09:33.952+0000] {processor.py:183} INFO - Processing /home/airflow/.local/lib/python3.12/site-packages/airflow/example_dags/example_branch_operator.py took 0.149 seconds
[2024-05-25T22:10:04.427+0000] {processor.py:161} INFO - Started process (PID=1012) to work on /home/airflow/.local/lib/python3.12/site-packages/airflow/example_dags/example_branch_operator.py
[2024-05-25T22:10:04.429+0000] {processor.py:830} INFO - Processing file /home/airflow/.local/lib/python3.12/site-packages/airflow/example_dags/example_branch_operator.py for tasks to queue
[2024-05-25T22:10:04.434+0000] {logging_mixin.py:188} INFO - [2024-05-25T22:10:04.433+0000] {dagbag.py:545} INFO - Filling up the DagBag from /home/airflow/.local/lib/python3.12/site-packages/airflow/example_dags/example_branch_operator.py
[2024-05-25T22:10:04.464+0000] {processor.py:840} INFO - DAG(s) 'example_branch_operator' retrieved from /home/airflow/.local/lib/python3.12/site-packages/airflow/example_dags/example_branch_operator.py
[2024-05-25T22:10:04.502+0000] {logging_mixin.py:188} INFO - [2024-05-25T22:10:04.502+0000] {dag.py:3096} INFO - Sync 1 DAGs
[2024-05-25T22:10:04.531+0000] {logging_mixin.py:188} INFO - [2024-05-25T22:10:04.530+0000] {dag.py:3954} INFO - Setting next_dagrun for example_branch_operator to 2024-05-24 00:00:00+00:00, run_after=2024-05-25 00:00:00+00:00
[2024-05-25T22:10:04.563+0000] {processor.py:183} INFO - Processing /home/airflow/.local/lib/python3.12/site-packages/airflow/example_dags/example_branch_operator.py took 0.151 seconds
[2024-05-25T22:10:34.777+0000] {processor.py:161} INFO - Started process (PID=1069) to work on /home/airflow/.local/lib/python3.12/site-packages/airflow/example_dags/example_branch_operator.py
[2024-05-25T22:10:34.779+0000] {processor.py:830} INFO - Processing file /home/airflow/.local/lib/python3.12/site-packages/airflow/example_dags/example_branch_operator.py for tasks to queue
[2024-05-25T22:10:34.784+0000] {logging_mixin.py:188} INFO - [2024-05-25T22:10:34.783+0000] {dagbag.py:545} INFO - Filling up the DagBag from /home/airflow/.local/lib/python3.12/site-packages/airflow/example_dags/example_branch_operator.py
[2024-05-25T22:10:34.813+0000] {processor.py:840} INFO - DAG(s) 'example_branch_operator' retrieved from /home/airflow/.local/lib/python3.12/site-packages/airflow/example_dags/example_branch_operator.py
[2024-05-25T22:10:34.851+0000] {logging_mixin.py:188} INFO - [2024-05-25T22:10:34.850+0000] {dag.py:3096} INFO - Sync 1 DAGs
[2024-05-25T22:10:34.880+0000] {logging_mixin.py:188} INFO - [2024-05-25T22:10:34.880+0000] {dag.py:3954} INFO - Setting next_dagrun for example_branch_operator to 2024-05-24 00:00:00+00:00, run_after=2024-05-25 00:00:00+00:00
[2024-05-25T22:10:34.906+0000] {processor.py:183} INFO - Processing /home/airflow/.local/lib/python3.12/site-packages/airflow/example_dags/example_branch_operator.py took 0.144 seconds
[2024-05-25T22:11:05.401+0000] {processor.py:161} INFO - Started process (PID=1127) to work on /home/airflow/.local/lib/python3.12/site-packages/airflow/example_dags/example_branch_operator.py
[2024-05-25T22:11:05.403+0000] {processor.py:830} INFO - Processing file /home/airflow/.local/lib/python3.12/site-packages/airflow/example_dags/example_branch_operator.py for tasks to queue
[2024-05-25T22:11:05.407+0000] {logging_mixin.py:188} INFO - [2024-05-25T22:11:05.406+0000] {dagbag.py:545} INFO - Filling up the DagBag from /home/airflow/.local/lib/python3.12/site-packages/airflow/example_dags/example_branch_operator.py
[2024-05-25T22:11:05.425+0000] {processor.py:840} INFO - DAG(s) 'example_branch_operator' retrieved from /home/airflow/.local/lib/python3.12/site-packages/airflow/example_dags/example_branch_operator.py
[2024-05-25T22:11:05.462+0000] {logging_mixin.py:188} INFO - [2024-05-25T22:11:05.462+0000] {dag.py:3096} INFO - Sync 1 DAGs
[2024-05-25T22:11:05.518+0000] {logging_mixin.py:188} INFO - [2024-05-25T22:11:05.518+0000] {dag.py:3954} INFO - Setting next_dagrun for example_branch_operator to 2024-05-24 00:00:00+00:00, run_after=2024-05-25 00:00:00+00:00
[2024-05-25T22:11:05.539+0000] {processor.py:183} INFO - Processing /home/airflow/.local/lib/python3.12/site-packages/airflow/example_dags/example_branch_operator.py took 0.154 seconds
[2024-05-25T22:11:35.876+0000] {processor.py:161} INFO - Started process (PID=1184) to work on /home/airflow/.local/lib/python3.12/site-packages/airflow/example_dags/example_branch_operator.py
[2024-05-25T22:11:35.877+0000] {processor.py:830} INFO - Processing file /home/airflow/.local/lib/python3.12/site-packages/airflow/example_dags/example_branch_operator.py for tasks to queue
[2024-05-25T22:11:35.879+0000] {logging_mixin.py:188} INFO - [2024-05-25T22:11:35.879+0000] {dagbag.py:545} INFO - Filling up the DagBag from /home/airflow/.local/lib/python3.12/site-packages/airflow/example_dags/example_branch_operator.py
[2024-05-25T22:11:35.902+0000] {processor.py:840} INFO - DAG(s) 'example_branch_operator' retrieved from /home/airflow/.local/lib/python3.12/site-packages/airflow/example_dags/example_branch_operator.py
[2024-05-25T22:11:35.948+0000] {logging_mixin.py:188} INFO - [2024-05-25T22:11:35.948+0000] {dag.py:3096} INFO - Sync 1 DAGs
[2024-05-25T22:11:35.981+0000] {logging_mixin.py:188} INFO - [2024-05-25T22:11:35.980+0000] {dag.py:3954} INFO - Setting next_dagrun for example_branch_operator to 2024-05-24 00:00:00+00:00, run_after=2024-05-25 00:00:00+00:00
[2024-05-25T22:11:36.038+0000] {processor.py:183} INFO - Processing /home/airflow/.local/lib/python3.12/site-packages/airflow/example_dags/example_branch_operator.py took 0.170 seconds
[2024-05-25T22:12:06.460+0000] {processor.py:161} INFO - Started process (PID=1242) to work on /home/airflow/.local/lib/python3.12/site-packages/airflow/example_dags/example_branch_operator.py
[2024-05-25T22:12:06.464+0000] {processor.py:830} INFO - Processing file /home/airflow/.local/lib/python3.12/site-packages/airflow/example_dags/example_branch_operator.py for tasks to queue
[2024-05-25T22:12:06.466+0000] {logging_mixin.py:188} INFO - [2024-05-25T22:12:06.466+0000] {dagbag.py:545} INFO - Filling up the DagBag from /home/airflow/.local/lib/python3.12/site-packages/airflow/example_dags/example_branch_operator.py
[2024-05-25T22:12:06.486+0000] {processor.py:840} INFO - DAG(s) 'example_branch_operator' retrieved from /home/airflow/.local/lib/python3.12/site-packages/airflow/example_dags/example_branch_operator.py
[2024-05-25T22:12:06.523+0000] {logging_mixin.py:188} INFO - [2024-05-25T22:12:06.523+0000] {dag.py:3096} INFO - Sync 1 DAGs
[2024-05-25T22:12:06.554+0000] {logging_mixin.py:188} INFO - [2024-05-25T22:12:06.554+0000] {dag.py:3954} INFO - Setting next_dagrun for example_branch_operator to 2024-05-24 00:00:00+00:00, run_after=2024-05-25 00:00:00+00:00
[2024-05-25T22:12:06.582+0000] {processor.py:183} INFO - Processing /home/airflow/.local/lib/python3.12/site-packages/airflow/example_dags/example_branch_operator.py took 0.134 seconds
[2024-05-25T22:12:37.076+0000] {processor.py:161} INFO - Started process (PID=1299) to work on /home/airflow/.local/lib/python3.12/site-packages/airflow/example_dags/example_branch_operator.py
[2024-05-25T22:12:37.077+0000] {processor.py:830} INFO - Processing file /home/airflow/.local/lib/python3.12/site-packages/airflow/example_dags/example_branch_operator.py for tasks to queue
[2024-05-25T22:12:37.079+0000] {logging_mixin.py:188} INFO - [2024-05-25T22:12:37.079+0000] {dagbag.py:545} INFO - Filling up the DagBag from /home/airflow/.local/lib/python3.12/site-packages/airflow/example_dags/example_branch_operator.py
[2024-05-25T22:12:37.099+0000] {processor.py:840} INFO - DAG(s) 'example_branch_operator' retrieved from /home/airflow/.local/lib/python3.12/site-packages/airflow/example_dags/example_branch_operator.py
[2024-05-25T22:12:37.142+0000] {logging_mixin.py:188} INFO - [2024-05-25T22:12:37.142+0000] {dag.py:3096} INFO - Sync 1 DAGs
[2024-05-25T22:12:37.171+0000] {logging_mixin.py:188} INFO - [2024-05-25T22:12:37.170+0000] {dag.py:3954} INFO - Setting next_dagrun for example_branch_operator to 2024-05-24 00:00:00+00:00, run_after=2024-05-25 00:00:00+00:00
[2024-05-25T22:12:37.190+0000] {processor.py:183} INFO - Processing /home/airflow/.local/lib/python3.12/site-packages/airflow/example_dags/example_branch_operator.py took 0.121 seconds
[2024-05-25T22:13:07.597+0000] {processor.py:161} INFO - Started process (PID=1372) to work on /home/airflow/.local/lib/python3.12/site-packages/airflow/example_dags/example_branch_operator.py
[2024-05-25T22:13:07.599+0000] {processor.py:830} INFO - Processing file /home/airflow/.local/lib/python3.12/site-packages/airflow/example_dags/example_branch_operator.py for tasks to queue
[2024-05-25T22:13:07.605+0000] {logging_mixin.py:188} INFO - [2024-05-25T22:13:07.604+0000] {dagbag.py:545} INFO - Filling up the DagBag from /home/airflow/.local/lib/python3.12/site-packages/airflow/example_dags/example_branch_operator.py
[2024-05-25T22:13:07.633+0000] {processor.py:840} INFO - DAG(s) 'example_branch_operator' retrieved from /home/airflow/.local/lib/python3.12/site-packages/airflow/example_dags/example_branch_operator.py
[2024-05-25T22:13:07.697+0000] {logging_mixin.py:188} INFO - [2024-05-25T22:13:07.697+0000] {dag.py:3096} INFO - Sync 1 DAGs
[2024-05-25T22:13:07.726+0000] {logging_mixin.py:188} INFO - [2024-05-25T22:13:07.726+0000] {dag.py:3954} INFO - Setting next_dagrun for example_branch_operator to 2024-05-24 00:00:00+00:00, run_after=2024-05-25 00:00:00+00:00
[2024-05-25T22:13:07.760+0000] {processor.py:183} INFO - Processing /home/airflow/.local/lib/python3.12/site-packages/airflow/example_dags/example_branch_operator.py took 0.180 seconds
[2024-05-25T22:13:38.117+0000] {processor.py:161} INFO - Started process (PID=1436) to work on /home/airflow/.local/lib/python3.12/site-packages/airflow/example_dags/example_branch_operator.py
[2024-05-25T22:13:38.121+0000] {processor.py:830} INFO - Processing file /home/airflow/.local/lib/python3.12/site-packages/airflow/example_dags/example_branch_operator.py for tasks to queue
[2024-05-25T22:13:38.126+0000] {logging_mixin.py:188} INFO - [2024-05-25T22:13:38.125+0000] {dagbag.py:545} INFO - Filling up the DagBag from /home/airflow/.local/lib/python3.12/site-packages/airflow/example_dags/example_branch_operator.py
[2024-05-25T22:13:38.159+0000] {processor.py:840} INFO - DAG(s) 'example_branch_operator' retrieved from /home/airflow/.local/lib/python3.12/site-packages/airflow/example_dags/example_branch_operator.py
[2024-05-25T22:13:38.198+0000] {logging_mixin.py:188} INFO - [2024-05-25T22:13:38.197+0000] {dag.py:3096} INFO - Sync 1 DAGs
[2024-05-25T22:13:38.223+0000] {logging_mixin.py:188} INFO - [2024-05-25T22:13:38.222+0000] {dag.py:3954} INFO - Setting next_dagrun for example_branch_operator to 2024-05-24 00:00:00+00:00, run_after=2024-05-25 00:00:00+00:00
[2024-05-25T22:13:38.246+0000] {processor.py:183} INFO - Processing /home/airflow/.local/lib/python3.12/site-packages/airflow/example_dags/example_branch_operator.py took 0.140 seconds
[2024-05-25T22:14:08.318+0000] {processor.py:161} INFO - Started process (PID=1493) to work on /home/airflow/.local/lib/python3.12/site-packages/airflow/example_dags/example_branch_operator.py
[2024-05-25T22:14:08.321+0000] {processor.py:830} INFO - Processing file /home/airflow/.local/lib/python3.12/site-packages/airflow/example_dags/example_branch_operator.py for tasks to queue
[2024-05-25T22:14:08.327+0000] {logging_mixin.py:188} INFO - [2024-05-25T22:14:08.326+0000] {dagbag.py:545} INFO - Filling up the DagBag from /home/airflow/.local/lib/python3.12/site-packages/airflow/example_dags/example_branch_operator.py
[2024-05-25T22:14:08.349+0000] {processor.py:840} INFO - DAG(s) 'example_branch_operator' retrieved from /home/airflow/.local/lib/python3.12/site-packages/airflow/example_dags/example_branch_operator.py
[2024-05-25T22:14:08.384+0000] {logging_mixin.py:188} INFO - [2024-05-25T22:14:08.384+0000] {dag.py:3096} INFO - Sync 1 DAGs
[2024-05-25T22:14:08.411+0000] {logging_mixin.py:188} INFO - [2024-05-25T22:14:08.411+0000] {dag.py:3954} INFO - Setting next_dagrun for example_branch_operator to 2024-05-24 00:00:00+00:00, run_after=2024-05-25 00:00:00+00:00
[2024-05-25T22:14:08.434+0000] {processor.py:183} INFO - Processing /home/airflow/.local/lib/python3.12/site-packages/airflow/example_dags/example_branch_operator.py took 0.132 seconds
[2024-05-25T22:14:38.574+0000] {processor.py:161} INFO - Started process (PID=1552) to work on /home/airflow/.local/lib/python3.12/site-packages/airflow/example_dags/example_branch_operator.py
[2024-05-25T22:14:38.576+0000] {processor.py:830} INFO - Processing file /home/airflow/.local/lib/python3.12/site-packages/airflow/example_dags/example_branch_operator.py for tasks to queue
[2024-05-25T22:14:38.581+0000] {logging_mixin.py:188} INFO - [2024-05-25T22:14:38.581+0000] {dagbag.py:545} INFO - Filling up the DagBag from /home/airflow/.local/lib/python3.12/site-packages/airflow/example_dags/example_branch_operator.py
[2024-05-25T22:14:38.611+0000] {processor.py:840} INFO - DAG(s) 'example_branch_operator' retrieved from /home/airflow/.local/lib/python3.12/site-packages/airflow/example_dags/example_branch_operator.py
[2024-05-25T22:14:38.666+0000] {logging_mixin.py:188} INFO - [2024-05-25T22:14:38.665+0000] {dag.py:3096} INFO - Sync 1 DAGs
[2024-05-25T22:14:38.696+0000] {logging_mixin.py:188} INFO - [2024-05-25T22:14:38.696+0000] {dag.py:3954} INFO - Setting next_dagrun for example_branch_operator to 2024-05-24 00:00:00+00:00, run_after=2024-05-25 00:00:00+00:00
[2024-05-25T22:14:38.725+0000] {processor.py:183} INFO - Processing /home/airflow/.local/lib/python3.12/site-packages/airflow/example_dags/example_branch_operator.py took 0.167 seconds
[2024-05-25T22:15:08.904+0000] {processor.py:161} INFO - Started process (PID=1610) to work on /home/airflow/.local/lib/python3.12/site-packages/airflow/example_dags/example_branch_operator.py
[2024-05-25T22:15:08.906+0000] {processor.py:830} INFO - Processing file /home/airflow/.local/lib/python3.12/site-packages/airflow/example_dags/example_branch_operator.py for tasks to queue
[2024-05-25T22:15:08.911+0000] {logging_mixin.py:188} INFO - [2024-05-25T22:15:08.910+0000] {dagbag.py:545} INFO - Filling up the DagBag from /home/airflow/.local/lib/python3.12/site-packages/airflow/example_dags/example_branch_operator.py
[2024-05-25T22:15:08.941+0000] {processor.py:840} INFO - DAG(s) 'example_branch_operator' retrieved from /home/airflow/.local/lib/python3.12/site-packages/airflow/example_dags/example_branch_operator.py
[2024-05-25T22:15:08.996+0000] {logging_mixin.py:188} INFO - [2024-05-25T22:15:08.996+0000] {dag.py:3096} INFO - Sync 1 DAGs
[2024-05-25T22:15:09.024+0000] {logging_mixin.py:188} INFO - [2024-05-25T22:15:09.023+0000] {dag.py:3954} INFO - Setting next_dagrun for example_branch_operator to 2024-05-24 00:00:00+00:00, run_after=2024-05-25 00:00:00+00:00
[2024-05-25T22:15:09.183+0000] {processor.py:183} INFO - Processing /home/airflow/.local/lib/python3.12/site-packages/airflow/example_dags/example_branch_operator.py took 0.297 seconds
[2024-05-25T22:15:39.532+0000] {processor.py:161} INFO - Started process (PID=1668) to work on /home/airflow/.local/lib/python3.12/site-packages/airflow/example_dags/example_branch_operator.py
[2024-05-25T22:15:39.534+0000] {processor.py:830} INFO - Processing file /home/airflow/.local/lib/python3.12/site-packages/airflow/example_dags/example_branch_operator.py for tasks to queue
[2024-05-25T22:15:39.539+0000] {logging_mixin.py:188} INFO - [2024-05-25T22:15:39.538+0000] {dagbag.py:545} INFO - Filling up the DagBag from /home/airflow/.local/lib/python3.12/site-packages/airflow/example_dags/example_branch_operator.py
[2024-05-25T22:15:39.567+0000] {processor.py:840} INFO - DAG(s) 'example_branch_operator' retrieved from /home/airflow/.local/lib/python3.12/site-packages/airflow/example_dags/example_branch_operator.py
[2024-05-25T22:15:39.607+0000] {logging_mixin.py:188} INFO - [2024-05-25T22:15:39.606+0000] {dag.py:3096} INFO - Sync 1 DAGs
[2024-05-25T22:15:39.633+0000] {logging_mixin.py:188} INFO - [2024-05-25T22:15:39.633+0000] {dag.py:3954} INFO - Setting next_dagrun for example_branch_operator to 2024-05-24 00:00:00+00:00, run_after=2024-05-25 00:00:00+00:00
[2024-05-25T22:15:39.782+0000] {processor.py:183} INFO - Processing /home/airflow/.local/lib/python3.12/site-packages/airflow/example_dags/example_branch_operator.py took 0.265 seconds
[2024-05-25T22:16:09.884+0000] {processor.py:161} INFO - Started process (PID=1726) to work on /home/airflow/.local/lib/python3.12/site-packages/airflow/example_dags/example_branch_operator.py
[2024-05-25T22:16:09.889+0000] {processor.py:830} INFO - Processing file /home/airflow/.local/lib/python3.12/site-packages/airflow/example_dags/example_branch_operator.py for tasks to queue
[2024-05-25T22:16:09.894+0000] {logging_mixin.py:188} INFO - [2024-05-25T22:16:09.893+0000] {dagbag.py:545} INFO - Filling up the DagBag from /home/airflow/.local/lib/python3.12/site-packages/airflow/example_dags/example_branch_operator.py
[2024-05-25T22:16:09.924+0000] {processor.py:840} INFO - DAG(s) 'example_branch_operator' retrieved from /home/airflow/.local/lib/python3.12/site-packages/airflow/example_dags/example_branch_operator.py
[2024-05-25T22:16:09.964+0000] {logging_mixin.py:188} INFO - [2024-05-25T22:16:09.964+0000] {dag.py:3096} INFO - Sync 1 DAGs
[2024-05-25T22:16:09.993+0000] {logging_mixin.py:188} INFO - [2024-05-25T22:16:09.993+0000] {dag.py:3954} INFO - Setting next_dagrun for example_branch_operator to 2024-05-24 00:00:00+00:00, run_after=2024-05-25 00:00:00+00:00
[2024-05-25T22:16:10.021+0000] {processor.py:183} INFO - Processing /home/airflow/.local/lib/python3.12/site-packages/airflow/example_dags/example_branch_operator.py took 0.152 seconds
[2024-05-25T22:16:40.230+0000] {processor.py:161} INFO - Started process (PID=1784) to work on /home/airflow/.local/lib/python3.12/site-packages/airflow/example_dags/example_branch_operator.py
[2024-05-25T22:16:40.233+0000] {processor.py:830} INFO - Processing file /home/airflow/.local/lib/python3.12/site-packages/airflow/example_dags/example_branch_operator.py for tasks to queue
[2024-05-25T22:16:40.238+0000] {logging_mixin.py:188} INFO - [2024-05-25T22:16:40.237+0000] {dagbag.py:545} INFO - Filling up the DagBag from /home/airflow/.local/lib/python3.12/site-packages/airflow/example_dags/example_branch_operator.py
[2024-05-25T22:16:40.268+0000] {processor.py:840} INFO - DAG(s) 'example_branch_operator' retrieved from /home/airflow/.local/lib/python3.12/site-packages/airflow/example_dags/example_branch_operator.py
[2024-05-25T22:16:40.316+0000] {logging_mixin.py:188} INFO - [2024-05-25T22:16:40.316+0000] {dag.py:3096} INFO - Sync 1 DAGs
[2024-05-25T22:16:40.346+0000] {logging_mixin.py:188} INFO - [2024-05-25T22:16:40.346+0000] {dag.py:3954} INFO - Setting next_dagrun for example_branch_operator to 2024-05-24 00:00:00+00:00, run_after=2024-05-25 00:00:00+00:00
[2024-05-25T22:16:40.384+0000] {processor.py:183} INFO - Processing /home/airflow/.local/lib/python3.12/site-packages/airflow/example_dags/example_branch_operator.py took 0.168 seconds
[2024-05-25T22:17:10.753+0000] {processor.py:161} INFO - Started process (PID=1842) to work on /home/airflow/.local/lib/python3.12/site-packages/airflow/example_dags/example_branch_operator.py
[2024-05-25T22:17:10.755+0000] {processor.py:830} INFO - Processing file /home/airflow/.local/lib/python3.12/site-packages/airflow/example_dags/example_branch_operator.py for tasks to queue
[2024-05-25T22:17:10.761+0000] {logging_mixin.py:188} INFO - [2024-05-25T22:17:10.760+0000] {dagbag.py:545} INFO - Filling up the DagBag from /home/airflow/.local/lib/python3.12/site-packages/airflow/example_dags/example_branch_operator.py
[2024-05-25T22:17:10.790+0000] {processor.py:840} INFO - DAG(s) 'example_branch_operator' retrieved from /home/airflow/.local/lib/python3.12/site-packages/airflow/example_dags/example_branch_operator.py
[2024-05-25T22:17:10.830+0000] {logging_mixin.py:188} INFO - [2024-05-25T22:17:10.830+0000] {dag.py:3096} INFO - Sync 1 DAGs
[2024-05-25T22:17:10.865+0000] {logging_mixin.py:188} INFO - [2024-05-25T22:17:10.864+0000] {dag.py:3954} INFO - Setting next_dagrun for example_branch_operator to 2024-05-24 00:00:00+00:00, run_after=2024-05-25 00:00:00+00:00
[2024-05-25T22:17:10.892+0000] {processor.py:183} INFO - Processing /home/airflow/.local/lib/python3.12/site-packages/airflow/example_dags/example_branch_operator.py took 0.156 seconds
[2024-05-25T22:17:41.291+0000] {processor.py:161} INFO - Started process (PID=1900) to work on /home/airflow/.local/lib/python3.12/site-packages/airflow/example_dags/example_branch_operator.py
[2024-05-25T22:17:41.293+0000] {processor.py:830} INFO - Processing file /home/airflow/.local/lib/python3.12/site-packages/airflow/example_dags/example_branch_operator.py for tasks to queue
[2024-05-25T22:17:41.298+0000] {logging_mixin.py:188} INFO - [2024-05-25T22:17:41.297+0000] {dagbag.py:545} INFO - Filling up the DagBag from /home/airflow/.local/lib/python3.12/site-packages/airflow/example_dags/example_branch_operator.py
[2024-05-25T22:17:41.328+0000] {processor.py:840} INFO - DAG(s) 'example_branch_operator' retrieved from /home/airflow/.local/lib/python3.12/site-packages/airflow/example_dags/example_branch_operator.py
[2024-05-25T22:17:41.377+0000] {logging_mixin.py:188} INFO - [2024-05-25T22:17:41.377+0000] {dag.py:3096} INFO - Sync 1 DAGs
[2024-05-25T22:17:41.402+0000] {logging_mixin.py:188} INFO - [2024-05-25T22:17:41.402+0000] {dag.py:3954} INFO - Setting next_dagrun for example_branch_operator to 2024-05-24 00:00:00+00:00, run_after=2024-05-25 00:00:00+00:00
[2024-05-25T22:17:41.425+0000] {processor.py:183} INFO - Processing /home/airflow/.local/lib/python3.12/site-packages/airflow/example_dags/example_branch_operator.py took 0.149 seconds
[2024-05-25T22:18:11.530+0000] {processor.py:161} INFO - Started process (PID=1958) to work on /home/airflow/.local/lib/python3.12/site-packages/airflow/example_dags/example_branch_operator.py
[2024-05-25T22:18:11.533+0000] {processor.py:830} INFO - Processing file /home/airflow/.local/lib/python3.12/site-packages/airflow/example_dags/example_branch_operator.py for tasks to queue
[2024-05-25T22:18:11.538+0000] {logging_mixin.py:188} INFO - [2024-05-25T22:18:11.537+0000] {dagbag.py:545} INFO - Filling up the DagBag from /home/airflow/.local/lib/python3.12/site-packages/airflow/example_dags/example_branch_operator.py
[2024-05-25T22:18:11.563+0000] {processor.py:840} INFO - DAG(s) 'example_branch_operator' retrieved from /home/airflow/.local/lib/python3.12/site-packages/airflow/example_dags/example_branch_operator.py
[2024-05-25T22:18:11.602+0000] {logging_mixin.py:188} INFO - [2024-05-25T22:18:11.601+0000] {dag.py:3096} INFO - Sync 1 DAGs
[2024-05-25T22:18:11.630+0000] {logging_mixin.py:188} INFO - [2024-05-25T22:18:11.630+0000] {dag.py:3954} INFO - Setting next_dagrun for example_branch_operator to 2024-05-24 00:00:00+00:00, run_after=2024-05-25 00:00:00+00:00
[2024-05-25T22:18:11.655+0000] {processor.py:183} INFO - Processing /home/airflow/.local/lib/python3.12/site-packages/airflow/example_dags/example_branch_operator.py took 0.141 seconds
[2024-05-25T22:18:41.781+0000] {processor.py:161} INFO - Started process (PID=2016) to work on /home/airflow/.local/lib/python3.12/site-packages/airflow/example_dags/example_branch_operator.py
[2024-05-25T22:18:41.783+0000] {processor.py:830} INFO - Processing file /home/airflow/.local/lib/python3.12/site-packages/airflow/example_dags/example_branch_operator.py for tasks to queue
[2024-05-25T22:18:41.788+0000] {logging_mixin.py:188} INFO - [2024-05-25T22:18:41.787+0000] {dagbag.py:545} INFO - Filling up the DagBag from /home/airflow/.local/lib/python3.12/site-packages/airflow/example_dags/example_branch_operator.py
[2024-05-25T22:18:41.819+0000] {processor.py:840} INFO - DAG(s) 'example_branch_operator' retrieved from /home/airflow/.local/lib/python3.12/site-packages/airflow/example_dags/example_branch_operator.py
[2024-05-25T22:18:41.852+0000] {logging_mixin.py:188} INFO - [2024-05-25T22:18:41.852+0000] {dag.py:3096} INFO - Sync 1 DAGs
[2024-05-25T22:18:41.878+0000] {logging_mixin.py:188} INFO - [2024-05-25T22:18:41.878+0000] {dag.py:3954} INFO - Setting next_dagrun for example_branch_operator to 2024-05-24 00:00:00+00:00, run_after=2024-05-25 00:00:00+00:00
[2024-05-25T22:18:41.902+0000] {processor.py:183} INFO - Processing /home/airflow/.local/lib/python3.12/site-packages/airflow/example_dags/example_branch_operator.py took 0.135 seconds
[2024-05-25T22:19:12.093+0000] {processor.py:161} INFO - Started process (PID=2074) to work on /home/airflow/.local/lib/python3.12/site-packages/airflow/example_dags/example_branch_operator.py
[2024-05-25T22:19:12.095+0000] {processor.py:830} INFO - Processing file /home/airflow/.local/lib/python3.12/site-packages/airflow/example_dags/example_branch_operator.py for tasks to queue
[2024-05-25T22:19:12.100+0000] {logging_mixin.py:188} INFO - [2024-05-25T22:19:12.099+0000] {dagbag.py:545} INFO - Filling up the DagBag from /home/airflow/.local/lib/python3.12/site-packages/airflow/example_dags/example_branch_operator.py
[2024-05-25T22:19:12.129+0000] {processor.py:840} INFO - DAG(s) 'example_branch_operator' retrieved from /home/airflow/.local/lib/python3.12/site-packages/airflow/example_dags/example_branch_operator.py
[2024-05-25T22:19:12.166+0000] {logging_mixin.py:188} INFO - [2024-05-25T22:19:12.166+0000] {dag.py:3096} INFO - Sync 1 DAGs
[2024-05-25T22:19:12.196+0000] {logging_mixin.py:188} INFO - [2024-05-25T22:19:12.196+0000] {dag.py:3954} INFO - Setting next_dagrun for example_branch_operator to 2024-05-24 00:00:00+00:00, run_after=2024-05-25 00:00:00+00:00
[2024-05-25T22:19:12.224+0000] {processor.py:183} INFO - Processing /home/airflow/.local/lib/python3.12/site-packages/airflow/example_dags/example_branch_operator.py took 0.148 seconds
