[2024-05-25T22:01:28.326+0000] {processor.py:161} INFO - Started process (PID=57) to work on /home/airflow/.local/lib/python3.12/site-packages/airflow/example_dags/example_sla_dag.py
[2024-05-25T22:01:28.328+0000] {processor.py:830} INFO - Processing file /home/airflow/.local/lib/python3.12/site-packages/airflow/example_dags/example_sla_dag.py for tasks to queue
[2024-05-25T22:01:28.333+0000] {logging_mixin.py:188} INFO - [2024-05-25T22:01:28.332+0000] {dagbag.py:545} INFO - Filling up the DagBag from /home/airflow/.local/lib/python3.12/site-packages/airflow/example_dags/example_sla_dag.py
[2024-05-25T22:01:28.363+0000] {processor.py:840} INFO - DAG(s) 'example_sla_dag' retrieved from /home/airflow/.local/lib/python3.12/site-packages/airflow/example_dags/example_sla_dag.py
[2024-05-25T22:01:28.393+0000] {logging_mixin.py:188} INFO - [2024-05-25T22:01:28.392+0000] {dag.py:3096} INFO - Sync 1 DAGs
[2024-05-25T22:01:28.435+0000] {logging_mixin.py:188} INFO - [2024-05-25T22:01:28.434+0000] {dag.py:3954} INFO - Setting next_dagrun for example_sla_dag to 2024-05-25 21:58:00+00:00, run_after=2024-05-25 22:00:00+00:00
[2024-05-25T22:01:28.454+0000] {processor.py:183} INFO - Processing /home/airflow/.local/lib/python3.12/site-packages/airflow/example_dags/example_sla_dag.py took 0.141 seconds
[2024-05-25T22:01:59.305+0000] {processor.py:161} INFO - Started process (PID=115) to work on /home/airflow/.local/lib/python3.12/site-packages/airflow/example_dags/example_sla_dag.py
[2024-05-25T22:01:59.306+0000] {processor.py:830} INFO - Processing file /home/airflow/.local/lib/python3.12/site-packages/airflow/example_dags/example_sla_dag.py for tasks to queue
[2024-05-25T22:01:59.308+0000] {logging_mixin.py:188} INFO - [2024-05-25T22:01:59.307+0000] {dagbag.py:545} INFO - Filling up the DagBag from /home/airflow/.local/lib/python3.12/site-packages/airflow/example_dags/example_sla_dag.py
[2024-05-25T22:01:59.317+0000] {processor.py:840} INFO - DAG(s) 'example_sla_dag' retrieved from /home/airflow/.local/lib/python3.12/site-packages/airflow/example_dags/example_sla_dag.py
[2024-05-25T22:01:59.440+0000] {logging_mixin.py:188} INFO - [2024-05-25T22:01:59.439+0000] {dag.py:3096} INFO - Sync 1 DAGs
[2024-05-25T22:01:59.485+0000] {logging_mixin.py:188} INFO - [2024-05-25T22:01:59.485+0000] {dag.py:3954} INFO - Setting next_dagrun for example_sla_dag to 2024-05-25 21:58:00+00:00, run_after=2024-05-25 22:00:00+00:00
[2024-05-25T22:01:59.503+0000] {processor.py:183} INFO - Processing /home/airflow/.local/lib/python3.12/site-packages/airflow/example_dags/example_sla_dag.py took 0.205 seconds
[2024-05-25T22:02:29.545+0000] {processor.py:161} INFO - Started process (PID=173) to work on /home/airflow/.local/lib/python3.12/site-packages/airflow/example_dags/example_sla_dag.py
[2024-05-25T22:02:29.546+0000] {processor.py:830} INFO - Processing file /home/airflow/.local/lib/python3.12/site-packages/airflow/example_dags/example_sla_dag.py for tasks to queue
[2024-05-25T22:02:29.548+0000] {logging_mixin.py:188} INFO - [2024-05-25T22:02:29.547+0000] {dagbag.py:545} INFO - Filling up the DagBag from /home/airflow/.local/lib/python3.12/site-packages/airflow/example_dags/example_sla_dag.py
[2024-05-25T22:02:29.557+0000] {processor.py:840} INFO - DAG(s) 'example_sla_dag' retrieved from /home/airflow/.local/lib/python3.12/site-packages/airflow/example_dags/example_sla_dag.py
[2024-05-25T22:02:29.578+0000] {logging_mixin.py:188} INFO - [2024-05-25T22:02:29.578+0000] {dag.py:3096} INFO - Sync 1 DAGs
[2024-05-25T22:02:29.606+0000] {logging_mixin.py:188} INFO - [2024-05-25T22:02:29.605+0000] {dag.py:3954} INFO - Setting next_dagrun for example_sla_dag to 2024-05-25 22:00:00+00:00, run_after=2024-05-25 22:02:00+00:00
[2024-05-25T22:02:29.627+0000] {processor.py:183} INFO - Processing /home/airflow/.local/lib/python3.12/site-packages/airflow/example_dags/example_sla_dag.py took 0.088 seconds
[2024-05-25T22:02:59.715+0000] {processor.py:161} INFO - Started process (PID=231) to work on /home/airflow/.local/lib/python3.12/site-packages/airflow/example_dags/example_sla_dag.py
[2024-05-25T22:02:59.716+0000] {processor.py:830} INFO - Processing file /home/airflow/.local/lib/python3.12/site-packages/airflow/example_dags/example_sla_dag.py for tasks to queue
[2024-05-25T22:02:59.718+0000] {logging_mixin.py:188} INFO - [2024-05-25T22:02:59.718+0000] {dagbag.py:545} INFO - Filling up the DagBag from /home/airflow/.local/lib/python3.12/site-packages/airflow/example_dags/example_sla_dag.py
[2024-05-25T22:02:59.727+0000] {processor.py:840} INFO - DAG(s) 'example_sla_dag' retrieved from /home/airflow/.local/lib/python3.12/site-packages/airflow/example_dags/example_sla_dag.py
[2024-05-25T22:02:59.747+0000] {logging_mixin.py:188} INFO - [2024-05-25T22:02:59.747+0000] {dag.py:3096} INFO - Sync 1 DAGs
[2024-05-25T22:02:59.774+0000] {logging_mixin.py:188} INFO - [2024-05-25T22:02:59.774+0000] {dag.py:3954} INFO - Setting next_dagrun for example_sla_dag to 2024-05-25 22:00:00+00:00, run_after=2024-05-25 22:02:00+00:00
[2024-05-25T22:02:59.792+0000] {processor.py:183} INFO - Processing /home/airflow/.local/lib/python3.12/site-packages/airflow/example_dags/example_sla_dag.py took 0.090 seconds
[2024-05-25T22:03:29.970+0000] {processor.py:161} INFO - Started process (PID=289) to work on /home/airflow/.local/lib/python3.12/site-packages/airflow/example_dags/example_sla_dag.py
[2024-05-25T22:03:29.971+0000] {processor.py:830} INFO - Processing file /home/airflow/.local/lib/python3.12/site-packages/airflow/example_dags/example_sla_dag.py for tasks to queue
[2024-05-25T22:03:29.973+0000] {logging_mixin.py:188} INFO - [2024-05-25T22:03:29.973+0000] {dagbag.py:545} INFO - Filling up the DagBag from /home/airflow/.local/lib/python3.12/site-packages/airflow/example_dags/example_sla_dag.py
[2024-05-25T22:03:29.983+0000] {processor.py:840} INFO - DAG(s) 'example_sla_dag' retrieved from /home/airflow/.local/lib/python3.12/site-packages/airflow/example_dags/example_sla_dag.py
[2024-05-25T22:03:30.004+0000] {logging_mixin.py:188} INFO - [2024-05-25T22:03:30.004+0000] {dag.py:3096} INFO - Sync 1 DAGs
[2024-05-25T22:03:30.031+0000] {logging_mixin.py:188} INFO - [2024-05-25T22:03:30.031+0000] {dag.py:3954} INFO - Setting next_dagrun for example_sla_dag to 2024-05-25 22:00:00+00:00, run_after=2024-05-25 22:02:00+00:00
[2024-05-25T22:03:30.053+0000] {processor.py:183} INFO - Processing /home/airflow/.local/lib/python3.12/site-packages/airflow/example_dags/example_sla_dag.py took 0.091 seconds
[2024-05-25T22:04:00.891+0000] {processor.py:161} INFO - Started process (PID=347) to work on /home/airflow/.local/lib/python3.12/site-packages/airflow/example_dags/example_sla_dag.py
[2024-05-25T22:04:00.893+0000] {processor.py:830} INFO - Processing file /home/airflow/.local/lib/python3.12/site-packages/airflow/example_dags/example_sla_dag.py for tasks to queue
[2024-05-25T22:04:00.898+0000] {logging_mixin.py:188} INFO - [2024-05-25T22:04:00.897+0000] {dagbag.py:545} INFO - Filling up the DagBag from /home/airflow/.local/lib/python3.12/site-packages/airflow/example_dags/example_sla_dag.py
[2024-05-25T22:04:00.912+0000] {processor.py:840} INFO - DAG(s) 'example_sla_dag' retrieved from /home/airflow/.local/lib/python3.12/site-packages/airflow/example_dags/example_sla_dag.py
[2024-05-25T22:04:00.934+0000] {logging_mixin.py:188} INFO - [2024-05-25T22:04:00.934+0000] {dag.py:3096} INFO - Sync 1 DAGs
[2024-05-25T22:04:00.963+0000] {logging_mixin.py:188} INFO - [2024-05-25T22:04:00.963+0000] {dag.py:3954} INFO - Setting next_dagrun for example_sla_dag to 2024-05-25 22:02:00+00:00, run_after=2024-05-25 22:04:00+00:00
[2024-05-25T22:04:00.987+0000] {processor.py:183} INFO - Processing /home/airflow/.local/lib/python3.12/site-packages/airflow/example_dags/example_sla_dag.py took 0.111 seconds
[2024-05-25T22:04:31.275+0000] {processor.py:161} INFO - Started process (PID=405) to work on /home/airflow/.local/lib/python3.12/site-packages/airflow/example_dags/example_sla_dag.py
[2024-05-25T22:04:31.277+0000] {processor.py:830} INFO - Processing file /home/airflow/.local/lib/python3.12/site-packages/airflow/example_dags/example_sla_dag.py for tasks to queue
[2024-05-25T22:04:31.280+0000] {logging_mixin.py:188} INFO - [2024-05-25T22:04:31.279+0000] {dagbag.py:545} INFO - Filling up the DagBag from /home/airflow/.local/lib/python3.12/site-packages/airflow/example_dags/example_sla_dag.py
[2024-05-25T22:04:31.292+0000] {processor.py:840} INFO - DAG(s) 'example_sla_dag' retrieved from /home/airflow/.local/lib/python3.12/site-packages/airflow/example_dags/example_sla_dag.py
[2024-05-25T22:04:31.314+0000] {logging_mixin.py:188} INFO - [2024-05-25T22:04:31.314+0000] {dag.py:3096} INFO - Sync 1 DAGs
[2024-05-25T22:04:31.344+0000] {logging_mixin.py:188} INFO - [2024-05-25T22:04:31.343+0000] {dag.py:3954} INFO - Setting next_dagrun for example_sla_dag to 2024-05-25 22:02:00+00:00, run_after=2024-05-25 22:04:00+00:00
[2024-05-25T22:04:31.365+0000] {processor.py:183} INFO - Processing /home/airflow/.local/lib/python3.12/site-packages/airflow/example_dags/example_sla_dag.py took 0.098 seconds
[2024-05-25T22:05:01.694+0000] {processor.py:161} INFO - Started process (PID=462) to work on /home/airflow/.local/lib/python3.12/site-packages/airflow/example_dags/example_sla_dag.py
[2024-05-25T22:05:01.695+0000] {processor.py:830} INFO - Processing file /home/airflow/.local/lib/python3.12/site-packages/airflow/example_dags/example_sla_dag.py for tasks to queue
[2024-05-25T22:05:01.697+0000] {logging_mixin.py:188} INFO - [2024-05-25T22:05:01.697+0000] {dagbag.py:545} INFO - Filling up the DagBag from /home/airflow/.local/lib/python3.12/site-packages/airflow/example_dags/example_sla_dag.py
[2024-05-25T22:05:01.706+0000] {processor.py:840} INFO - DAG(s) 'example_sla_dag' retrieved from /home/airflow/.local/lib/python3.12/site-packages/airflow/example_dags/example_sla_dag.py
[2024-05-25T22:05:01.726+0000] {logging_mixin.py:188} INFO - [2024-05-25T22:05:01.726+0000] {dag.py:3096} INFO - Sync 1 DAGs
[2024-05-25T22:05:01.758+0000] {logging_mixin.py:188} INFO - [2024-05-25T22:05:01.757+0000] {dag.py:3954} INFO - Setting next_dagrun for example_sla_dag to 2024-05-25 22:02:00+00:00, run_after=2024-05-25 22:04:00+00:00
[2024-05-25T22:05:01.782+0000] {processor.py:183} INFO - Processing /home/airflow/.local/lib/python3.12/site-packages/airflow/example_dags/example_sla_dag.py took 0.094 seconds
[2024-05-25T22:05:32.009+0000] {processor.py:161} INFO - Started process (PID=520) to work on /home/airflow/.local/lib/python3.12/site-packages/airflow/example_dags/example_sla_dag.py
[2024-05-25T22:05:32.010+0000] {processor.py:830} INFO - Processing file /home/airflow/.local/lib/python3.12/site-packages/airflow/example_dags/example_sla_dag.py for tasks to queue
[2024-05-25T22:05:32.012+0000] {logging_mixin.py:188} INFO - [2024-05-25T22:05:32.011+0000] {dagbag.py:545} INFO - Filling up the DagBag from /home/airflow/.local/lib/python3.12/site-packages/airflow/example_dags/example_sla_dag.py
[2024-05-25T22:05:32.021+0000] {processor.py:840} INFO - DAG(s) 'example_sla_dag' retrieved from /home/airflow/.local/lib/python3.12/site-packages/airflow/example_dags/example_sla_dag.py
[2024-05-25T22:05:32.041+0000] {logging_mixin.py:188} INFO - [2024-05-25T22:05:32.041+0000] {dag.py:3096} INFO - Sync 1 DAGs
[2024-05-25T22:05:32.071+0000] {logging_mixin.py:188} INFO - [2024-05-25T22:05:32.071+0000] {dag.py:3954} INFO - Setting next_dagrun for example_sla_dag to 2024-05-25 22:02:00+00:00, run_after=2024-05-25 22:04:00+00:00
[2024-05-25T22:05:32.091+0000] {processor.py:183} INFO - Processing /home/airflow/.local/lib/python3.12/site-packages/airflow/example_dags/example_sla_dag.py took 0.089 seconds
[2024-05-25T22:06:02.500+0000] {processor.py:161} INFO - Started process (PID=577) to work on /home/airflow/.local/lib/python3.12/site-packages/airflow/example_dags/example_sla_dag.py
[2024-05-25T22:06:02.502+0000] {processor.py:830} INFO - Processing file /home/airflow/.local/lib/python3.12/site-packages/airflow/example_dags/example_sla_dag.py for tasks to queue
[2024-05-25T22:06:02.506+0000] {logging_mixin.py:188} INFO - [2024-05-25T22:06:02.505+0000] {dagbag.py:545} INFO - Filling up the DagBag from /home/airflow/.local/lib/python3.12/site-packages/airflow/example_dags/example_sla_dag.py
[2024-05-25T22:06:02.516+0000] {processor.py:840} INFO - DAG(s) 'example_sla_dag' retrieved from /home/airflow/.local/lib/python3.12/site-packages/airflow/example_dags/example_sla_dag.py
[2024-05-25T22:06:02.539+0000] {logging_mixin.py:188} INFO - [2024-05-25T22:06:02.538+0000] {dag.py:3096} INFO - Sync 1 DAGs
[2024-05-25T22:06:02.565+0000] {logging_mixin.py:188} INFO - [2024-05-25T22:06:02.564+0000] {dag.py:3954} INFO - Setting next_dagrun for example_sla_dag to 2024-05-25 22:04:00+00:00, run_after=2024-05-25 22:06:00+00:00
[2024-05-25T22:06:02.586+0000] {processor.py:183} INFO - Processing /home/airflow/.local/lib/python3.12/site-packages/airflow/example_dags/example_sla_dag.py took 0.101 seconds
[2024-05-25T22:06:32.869+0000] {processor.py:161} INFO - Started process (PID=634) to work on /home/airflow/.local/lib/python3.12/site-packages/airflow/example_dags/example_sla_dag.py
[2024-05-25T22:06:32.871+0000] {processor.py:830} INFO - Processing file /home/airflow/.local/lib/python3.12/site-packages/airflow/example_dags/example_sla_dag.py for tasks to queue
[2024-05-25T22:06:32.876+0000] {logging_mixin.py:188} INFO - [2024-05-25T22:06:32.875+0000] {dagbag.py:545} INFO - Filling up the DagBag from /home/airflow/.local/lib/python3.12/site-packages/airflow/example_dags/example_sla_dag.py
[2024-05-25T22:06:32.889+0000] {processor.py:840} INFO - DAG(s) 'example_sla_dag' retrieved from /home/airflow/.local/lib/python3.12/site-packages/airflow/example_dags/example_sla_dag.py
[2024-05-25T22:06:32.911+0000] {logging_mixin.py:188} INFO - [2024-05-25T22:06:32.911+0000] {dag.py:3096} INFO - Sync 1 DAGs
[2024-05-25T22:06:32.941+0000] {logging_mixin.py:188} INFO - [2024-05-25T22:06:32.941+0000] {dag.py:3954} INFO - Setting next_dagrun for example_sla_dag to 2024-05-25 22:04:00+00:00, run_after=2024-05-25 22:06:00+00:00
[2024-05-25T22:06:32.962+0000] {processor.py:183} INFO - Processing /home/airflow/.local/lib/python3.12/site-packages/airflow/example_dags/example_sla_dag.py took 0.099 seconds
[2024-05-25T22:07:03.228+0000] {processor.py:161} INFO - Started process (PID=691) to work on /home/airflow/.local/lib/python3.12/site-packages/airflow/example_dags/example_sla_dag.py
[2024-05-25T22:07:03.229+0000] {processor.py:830} INFO - Processing file /home/airflow/.local/lib/python3.12/site-packages/airflow/example_dags/example_sla_dag.py for tasks to queue
[2024-05-25T22:07:03.232+0000] {logging_mixin.py:188} INFO - [2024-05-25T22:07:03.231+0000] {dagbag.py:545} INFO - Filling up the DagBag from /home/airflow/.local/lib/python3.12/site-packages/airflow/example_dags/example_sla_dag.py
[2024-05-25T22:07:03.243+0000] {processor.py:840} INFO - DAG(s) 'example_sla_dag' retrieved from /home/airflow/.local/lib/python3.12/site-packages/airflow/example_dags/example_sla_dag.py
[2024-05-25T22:07:03.267+0000] {logging_mixin.py:188} INFO - [2024-05-25T22:07:03.267+0000] {dag.py:3096} INFO - Sync 1 DAGs
[2024-05-25T22:07:03.304+0000] {logging_mixin.py:188} INFO - [2024-05-25T22:07:03.304+0000] {dag.py:3954} INFO - Setting next_dagrun for example_sla_dag to 2024-05-25 22:04:00+00:00, run_after=2024-05-25 22:06:00+00:00
[2024-05-25T22:07:03.334+0000] {processor.py:183} INFO - Processing /home/airflow/.local/lib/python3.12/site-packages/airflow/example_dags/example_sla_dag.py took 0.113 seconds
[2024-05-25T22:07:33.882+0000] {processor.py:161} INFO - Started process (PID=749) to work on /home/airflow/.local/lib/python3.12/site-packages/airflow/example_dags/example_sla_dag.py
[2024-05-25T22:07:33.883+0000] {processor.py:830} INFO - Processing file /home/airflow/.local/lib/python3.12/site-packages/airflow/example_dags/example_sla_dag.py for tasks to queue
[2024-05-25T22:07:33.885+0000] {logging_mixin.py:188} INFO - [2024-05-25T22:07:33.885+0000] {dagbag.py:545} INFO - Filling up the DagBag from /home/airflow/.local/lib/python3.12/site-packages/airflow/example_dags/example_sla_dag.py
[2024-05-25T22:07:33.896+0000] {processor.py:840} INFO - DAG(s) 'example_sla_dag' retrieved from /home/airflow/.local/lib/python3.12/site-packages/airflow/example_dags/example_sla_dag.py
[2024-05-25T22:07:33.921+0000] {logging_mixin.py:188} INFO - [2024-05-25T22:07:33.920+0000] {dag.py:3096} INFO - Sync 1 DAGs
[2024-05-25T22:07:33.948+0000] {logging_mixin.py:188} INFO - [2024-05-25T22:07:33.948+0000] {dag.py:3954} INFO - Setting next_dagrun for example_sla_dag to 2024-05-25 22:04:00+00:00, run_after=2024-05-25 22:06:00+00:00
[2024-05-25T22:07:33.970+0000] {processor.py:183} INFO - Processing /home/airflow/.local/lib/python3.12/site-packages/airflow/example_dags/example_sla_dag.py took 0.096 seconds
[2024-05-25T22:08:04.204+0000] {processor.py:161} INFO - Started process (PID=807) to work on /home/airflow/.local/lib/python3.12/site-packages/airflow/example_dags/example_sla_dag.py
[2024-05-25T22:08:04.205+0000] {processor.py:830} INFO - Processing file /home/airflow/.local/lib/python3.12/site-packages/airflow/example_dags/example_sla_dag.py for tasks to queue
[2024-05-25T22:08:04.207+0000] {logging_mixin.py:188} INFO - [2024-05-25T22:08:04.207+0000] {dagbag.py:545} INFO - Filling up the DagBag from /home/airflow/.local/lib/python3.12/site-packages/airflow/example_dags/example_sla_dag.py
[2024-05-25T22:08:04.216+0000] {processor.py:840} INFO - DAG(s) 'example_sla_dag' retrieved from /home/airflow/.local/lib/python3.12/site-packages/airflow/example_dags/example_sla_dag.py
[2024-05-25T22:08:04.236+0000] {logging_mixin.py:188} INFO - [2024-05-25T22:08:04.235+0000] {dag.py:3096} INFO - Sync 1 DAGs
[2024-05-25T22:08:04.267+0000] {logging_mixin.py:188} INFO - [2024-05-25T22:08:04.267+0000] {dag.py:3954} INFO - Setting next_dagrun for example_sla_dag to 2024-05-25 22:06:00+00:00, run_after=2024-05-25 22:08:00+00:00
[2024-05-25T22:08:04.294+0000] {processor.py:183} INFO - Processing /home/airflow/.local/lib/python3.12/site-packages/airflow/example_dags/example_sla_dag.py took 0.101 seconds
[2024-05-25T22:08:34.504+0000] {processor.py:161} INFO - Started process (PID=865) to work on /home/airflow/.local/lib/python3.12/site-packages/airflow/example_dags/example_sla_dag.py
[2024-05-25T22:08:34.507+0000] {processor.py:830} INFO - Processing file /home/airflow/.local/lib/python3.12/site-packages/airflow/example_dags/example_sla_dag.py for tasks to queue
[2024-05-25T22:08:34.510+0000] {logging_mixin.py:188} INFO - [2024-05-25T22:08:34.509+0000] {dagbag.py:545} INFO - Filling up the DagBag from /home/airflow/.local/lib/python3.12/site-packages/airflow/example_dags/example_sla_dag.py
[2024-05-25T22:08:34.519+0000] {processor.py:840} INFO - DAG(s) 'example_sla_dag' retrieved from /home/airflow/.local/lib/python3.12/site-packages/airflow/example_dags/example_sla_dag.py
[2024-05-25T22:08:34.540+0000] {logging_mixin.py:188} INFO - [2024-05-25T22:08:34.540+0000] {dag.py:3096} INFO - Sync 1 DAGs
[2024-05-25T22:08:34.568+0000] {logging_mixin.py:188} INFO - [2024-05-25T22:08:34.568+0000] {dag.py:3954} INFO - Setting next_dagrun for example_sla_dag to 2024-05-25 22:06:00+00:00, run_after=2024-05-25 22:08:00+00:00
[2024-05-25T22:08:34.592+0000] {processor.py:183} INFO - Processing /home/airflow/.local/lib/python3.12/site-packages/airflow/example_dags/example_sla_dag.py took 0.093 seconds
[2024-05-25T22:09:05.833+0000] {processor.py:161} INFO - Started process (PID=923) to work on /home/airflow/.local/lib/python3.12/site-packages/airflow/example_dags/example_sla_dag.py
[2024-05-25T22:09:05.834+0000] {processor.py:830} INFO - Processing file /home/airflow/.local/lib/python3.12/site-packages/airflow/example_dags/example_sla_dag.py for tasks to queue
[2024-05-25T22:09:05.838+0000] {logging_mixin.py:188} INFO - [2024-05-25T22:09:05.837+0000] {dagbag.py:545} INFO - Filling up the DagBag from /home/airflow/.local/lib/python3.12/site-packages/airflow/example_dags/example_sla_dag.py
[2024-05-25T22:09:05.848+0000] {processor.py:840} INFO - DAG(s) 'example_sla_dag' retrieved from /home/airflow/.local/lib/python3.12/site-packages/airflow/example_dags/example_sla_dag.py
[2024-05-25T22:09:05.869+0000] {logging_mixin.py:188} INFO - [2024-05-25T22:09:05.869+0000] {dag.py:3096} INFO - Sync 1 DAGs
[2024-05-25T22:09:05.897+0000] {logging_mixin.py:188} INFO - [2024-05-25T22:09:05.897+0000] {dag.py:3954} INFO - Setting next_dagrun for example_sla_dag to 2024-05-25 22:06:00+00:00, run_after=2024-05-25 22:08:00+00:00
[2024-05-25T22:09:05.917+0000] {processor.py:183} INFO - Processing /home/airflow/.local/lib/python3.12/site-packages/airflow/example_dags/example_sla_dag.py took 0.091 seconds
[2024-05-25T22:09:36.870+0000] {processor.py:161} INFO - Started process (PID=980) to work on /home/airflow/.local/lib/python3.12/site-packages/airflow/example_dags/example_sla_dag.py
[2024-05-25T22:09:36.871+0000] {processor.py:830} INFO - Processing file /home/airflow/.local/lib/python3.12/site-packages/airflow/example_dags/example_sla_dag.py for tasks to queue
[2024-05-25T22:09:36.874+0000] {logging_mixin.py:188} INFO - [2024-05-25T22:09:36.874+0000] {dagbag.py:545} INFO - Filling up the DagBag from /home/airflow/.local/lib/python3.12/site-packages/airflow/example_dags/example_sla_dag.py
[2024-05-25T22:09:36.884+0000] {processor.py:840} INFO - DAG(s) 'example_sla_dag' retrieved from /home/airflow/.local/lib/python3.12/site-packages/airflow/example_dags/example_sla_dag.py
[2024-05-25T22:09:36.910+0000] {logging_mixin.py:188} INFO - [2024-05-25T22:09:36.909+0000] {dag.py:3096} INFO - Sync 1 DAGs
[2024-05-25T22:09:36.938+0000] {logging_mixin.py:188} INFO - [2024-05-25T22:09:36.937+0000] {dag.py:3954} INFO - Setting next_dagrun for example_sla_dag to 2024-05-25 22:06:00+00:00, run_after=2024-05-25 22:08:00+00:00
[2024-05-25T22:09:36.957+0000] {processor.py:183} INFO - Processing /home/airflow/.local/lib/python3.12/site-packages/airflow/example_dags/example_sla_dag.py took 0.093 seconds
[2024-05-25T22:10:07.520+0000] {processor.py:161} INFO - Started process (PID=1044) to work on /home/airflow/.local/lib/python3.12/site-packages/airflow/example_dags/example_sla_dag.py
[2024-05-25T22:10:07.521+0000] {processor.py:830} INFO - Processing file /home/airflow/.local/lib/python3.12/site-packages/airflow/example_dags/example_sla_dag.py for tasks to queue
[2024-05-25T22:10:07.524+0000] {logging_mixin.py:188} INFO - [2024-05-25T22:10:07.523+0000] {dagbag.py:545} INFO - Filling up the DagBag from /home/airflow/.local/lib/python3.12/site-packages/airflow/example_dags/example_sla_dag.py
[2024-05-25T22:10:07.547+0000] {processor.py:840} INFO - DAG(s) 'example_sla_dag' retrieved from /home/airflow/.local/lib/python3.12/site-packages/airflow/example_dags/example_sla_dag.py
[2024-05-25T22:10:07.571+0000] {logging_mixin.py:188} INFO - [2024-05-25T22:10:07.571+0000] {dag.py:3096} INFO - Sync 1 DAGs
[2024-05-25T22:10:07.598+0000] {logging_mixin.py:188} INFO - [2024-05-25T22:10:07.598+0000] {dag.py:3954} INFO - Setting next_dagrun for example_sla_dag to 2024-05-25 22:08:00+00:00, run_after=2024-05-25 22:10:00+00:00
[2024-05-25T22:10:07.617+0000] {processor.py:183} INFO - Processing /home/airflow/.local/lib/python3.12/site-packages/airflow/example_dags/example_sla_dag.py took 0.107 seconds
[2024-05-25T22:10:38.072+0000] {processor.py:161} INFO - Started process (PID=1101) to work on /home/airflow/.local/lib/python3.12/site-packages/airflow/example_dags/example_sla_dag.py
[2024-05-25T22:10:38.073+0000] {processor.py:830} INFO - Processing file /home/airflow/.local/lib/python3.12/site-packages/airflow/example_dags/example_sla_dag.py for tasks to queue
[2024-05-25T22:10:38.075+0000] {logging_mixin.py:188} INFO - [2024-05-25T22:10:38.075+0000] {dagbag.py:545} INFO - Filling up the DagBag from /home/airflow/.local/lib/python3.12/site-packages/airflow/example_dags/example_sla_dag.py
[2024-05-25T22:10:38.084+0000] {processor.py:840} INFO - DAG(s) 'example_sla_dag' retrieved from /home/airflow/.local/lib/python3.12/site-packages/airflow/example_dags/example_sla_dag.py
[2024-05-25T22:10:38.122+0000] {logging_mixin.py:188} INFO - [2024-05-25T22:10:38.121+0000] {dag.py:3096} INFO - Sync 1 DAGs
[2024-05-25T22:10:38.154+0000] {logging_mixin.py:188} INFO - [2024-05-25T22:10:38.153+0000] {dag.py:3954} INFO - Setting next_dagrun for example_sla_dag to 2024-05-25 22:08:00+00:00, run_after=2024-05-25 22:10:00+00:00
[2024-05-25T22:10:38.177+0000] {processor.py:183} INFO - Processing /home/airflow/.local/lib/python3.12/site-packages/airflow/example_dags/example_sla_dag.py took 0.110 seconds
[2024-05-25T22:11:08.325+0000] {processor.py:161} INFO - Started process (PID=1158) to work on /home/airflow/.local/lib/python3.12/site-packages/airflow/example_dags/example_sla_dag.py
[2024-05-25T22:11:08.325+0000] {processor.py:830} INFO - Processing file /home/airflow/.local/lib/python3.12/site-packages/airflow/example_dags/example_sla_dag.py for tasks to queue
[2024-05-25T22:11:08.329+0000] {logging_mixin.py:188} INFO - [2024-05-25T22:11:08.328+0000] {dagbag.py:545} INFO - Filling up the DagBag from /home/airflow/.local/lib/python3.12/site-packages/airflow/example_dags/example_sla_dag.py
[2024-05-25T22:11:08.350+0000] {processor.py:840} INFO - DAG(s) 'example_sla_dag' retrieved from /home/airflow/.local/lib/python3.12/site-packages/airflow/example_dags/example_sla_dag.py
[2024-05-25T22:11:08.373+0000] {logging_mixin.py:188} INFO - [2024-05-25T22:11:08.373+0000] {dag.py:3096} INFO - Sync 1 DAGs
[2024-05-25T22:11:08.401+0000] {logging_mixin.py:188} INFO - [2024-05-25T22:11:08.401+0000] {dag.py:3954} INFO - Setting next_dagrun for example_sla_dag to 2024-05-25 22:08:00+00:00, run_after=2024-05-25 22:10:00+00:00
[2024-05-25T22:11:08.422+0000] {processor.py:183} INFO - Processing /home/airflow/.local/lib/python3.12/site-packages/airflow/example_dags/example_sla_dag.py took 0.104 seconds
[2024-05-25T22:11:38.943+0000] {processor.py:161} INFO - Started process (PID=1216) to work on /home/airflow/.local/lib/python3.12/site-packages/airflow/example_dags/example_sla_dag.py
[2024-05-25T22:11:38.944+0000] {processor.py:830} INFO - Processing file /home/airflow/.local/lib/python3.12/site-packages/airflow/example_dags/example_sla_dag.py for tasks to queue
[2024-05-25T22:11:38.947+0000] {logging_mixin.py:188} INFO - [2024-05-25T22:11:38.946+0000] {dagbag.py:545} INFO - Filling up the DagBag from /home/airflow/.local/lib/python3.12/site-packages/airflow/example_dags/example_sla_dag.py
[2024-05-25T22:11:38.959+0000] {processor.py:840} INFO - DAG(s) 'example_sla_dag' retrieved from /home/airflow/.local/lib/python3.12/site-packages/airflow/example_dags/example_sla_dag.py
[2024-05-25T22:11:38.984+0000] {logging_mixin.py:188} INFO - [2024-05-25T22:11:38.983+0000] {dag.py:3096} INFO - Sync 1 DAGs
[2024-05-25T22:11:39.020+0000] {logging_mixin.py:188} INFO - [2024-05-25T22:11:39.020+0000] {dag.py:3954} INFO - Setting next_dagrun for example_sla_dag to 2024-05-25 22:08:00+00:00, run_after=2024-05-25 22:10:00+00:00
[2024-05-25T22:11:39.052+0000] {processor.py:183} INFO - Processing /home/airflow/.local/lib/python3.12/site-packages/airflow/example_dags/example_sla_dag.py took 0.117 seconds
[2024-05-25T22:12:09.561+0000] {processor.py:161} INFO - Started process (PID=1273) to work on /home/airflow/.local/lib/python3.12/site-packages/airflow/example_dags/example_sla_dag.py
[2024-05-25T22:12:09.564+0000] {processor.py:830} INFO - Processing file /home/airflow/.local/lib/python3.12/site-packages/airflow/example_dags/example_sla_dag.py for tasks to queue
[2024-05-25T22:12:09.567+0000] {logging_mixin.py:188} INFO - [2024-05-25T22:12:09.567+0000] {dagbag.py:545} INFO - Filling up the DagBag from /home/airflow/.local/lib/python3.12/site-packages/airflow/example_dags/example_sla_dag.py
[2024-05-25T22:12:09.579+0000] {processor.py:840} INFO - DAG(s) 'example_sla_dag' retrieved from /home/airflow/.local/lib/python3.12/site-packages/airflow/example_dags/example_sla_dag.py
[2024-05-25T22:12:09.604+0000] {logging_mixin.py:188} INFO - [2024-05-25T22:12:09.604+0000] {dag.py:3096} INFO - Sync 1 DAGs
[2024-05-25T22:12:09.639+0000] {logging_mixin.py:188} INFO - [2024-05-25T22:12:09.638+0000] {dag.py:3954} INFO - Setting next_dagrun for example_sla_dag to 2024-05-25 22:10:00+00:00, run_after=2024-05-25 22:12:00+00:00
[2024-05-25T22:12:09.664+0000] {processor.py:183} INFO - Processing /home/airflow/.local/lib/python3.12/site-packages/airflow/example_dags/example_sla_dag.py took 0.113 seconds
[2024-05-25T22:12:40.052+0000] {processor.py:161} INFO - Started process (PID=1330) to work on /home/airflow/.local/lib/python3.12/site-packages/airflow/example_dags/example_sla_dag.py
[2024-05-25T22:12:40.053+0000] {processor.py:830} INFO - Processing file /home/airflow/.local/lib/python3.12/site-packages/airflow/example_dags/example_sla_dag.py for tasks to queue
[2024-05-25T22:12:40.056+0000] {logging_mixin.py:188} INFO - [2024-05-25T22:12:40.056+0000] {dagbag.py:545} INFO - Filling up the DagBag from /home/airflow/.local/lib/python3.12/site-packages/airflow/example_dags/example_sla_dag.py
[2024-05-25T22:12:40.067+0000] {processor.py:840} INFO - DAG(s) 'example_sla_dag' retrieved from /home/airflow/.local/lib/python3.12/site-packages/airflow/example_dags/example_sla_dag.py
[2024-05-25T22:12:40.093+0000] {logging_mixin.py:188} INFO - [2024-05-25T22:12:40.092+0000] {dag.py:3096} INFO - Sync 1 DAGs
[2024-05-25T22:12:40.127+0000] {logging_mixin.py:188} INFO - [2024-05-25T22:12:40.127+0000] {dag.py:3954} INFO - Setting next_dagrun for example_sla_dag to 2024-05-25 22:10:00+00:00, run_after=2024-05-25 22:12:00+00:00
[2024-05-25T22:12:40.151+0000] {processor.py:183} INFO - Processing /home/airflow/.local/lib/python3.12/site-packages/airflow/example_dags/example_sla_dag.py took 0.107 seconds
[2024-05-25T22:13:10.835+0000] {processor.py:161} INFO - Started process (PID=1404) to work on /home/airflow/.local/lib/python3.12/site-packages/airflow/example_dags/example_sla_dag.py
[2024-05-25T22:13:10.836+0000] {processor.py:830} INFO - Processing file /home/airflow/.local/lib/python3.12/site-packages/airflow/example_dags/example_sla_dag.py for tasks to queue
[2024-05-25T22:13:10.839+0000] {logging_mixin.py:188} INFO - [2024-05-25T22:13:10.838+0000] {dagbag.py:545} INFO - Filling up the DagBag from /home/airflow/.local/lib/python3.12/site-packages/airflow/example_dags/example_sla_dag.py
[2024-05-25T22:13:10.855+0000] {processor.py:840} INFO - DAG(s) 'example_sla_dag' retrieved from /home/airflow/.local/lib/python3.12/site-packages/airflow/example_dags/example_sla_dag.py
[2024-05-25T22:13:10.883+0000] {logging_mixin.py:188} INFO - [2024-05-25T22:13:10.882+0000] {dag.py:3096} INFO - Sync 1 DAGs
[2024-05-25T22:13:10.917+0000] {logging_mixin.py:188} INFO - [2024-05-25T22:13:10.917+0000] {dag.py:3954} INFO - Setting next_dagrun for example_sla_dag to 2024-05-25 22:10:00+00:00, run_after=2024-05-25 22:12:00+00:00
[2024-05-25T22:13:10.942+0000] {processor.py:183} INFO - Processing /home/airflow/.local/lib/python3.12/site-packages/airflow/example_dags/example_sla_dag.py took 0.113 seconds
[2024-05-25T22:13:41.150+0000] {processor.py:161} INFO - Started process (PID=1462) to work on /home/airflow/.local/lib/python3.12/site-packages/airflow/example_dags/example_sla_dag.py
[2024-05-25T22:13:41.151+0000] {processor.py:830} INFO - Processing file /home/airflow/.local/lib/python3.12/site-packages/airflow/example_dags/example_sla_dag.py for tasks to queue
[2024-05-25T22:13:41.154+0000] {logging_mixin.py:188} INFO - [2024-05-25T22:13:41.153+0000] {dagbag.py:545} INFO - Filling up the DagBag from /home/airflow/.local/lib/python3.12/site-packages/airflow/example_dags/example_sla_dag.py
[2024-05-25T22:13:41.166+0000] {processor.py:840} INFO - DAG(s) 'example_sla_dag' retrieved from /home/airflow/.local/lib/python3.12/site-packages/airflow/example_dags/example_sla_dag.py
[2024-05-25T22:13:41.196+0000] {logging_mixin.py:188} INFO - [2024-05-25T22:13:41.195+0000] {dag.py:3096} INFO - Sync 1 DAGs
[2024-05-25T22:13:41.228+0000] {logging_mixin.py:188} INFO - [2024-05-25T22:13:41.228+0000] {dag.py:3954} INFO - Setting next_dagrun for example_sla_dag to 2024-05-25 22:10:00+00:00, run_after=2024-05-25 22:12:00+00:00
[2024-05-25T22:13:41.256+0000] {processor.py:183} INFO - Processing /home/airflow/.local/lib/python3.12/site-packages/airflow/example_dags/example_sla_dag.py took 0.113 seconds
[2024-05-25T22:14:11.449+0000] {processor.py:161} INFO - Started process (PID=1520) to work on /home/airflow/.local/lib/python3.12/site-packages/airflow/example_dags/example_sla_dag.py
[2024-05-25T22:14:11.450+0000] {processor.py:830} INFO - Processing file /home/airflow/.local/lib/python3.12/site-packages/airflow/example_dags/example_sla_dag.py for tasks to queue
[2024-05-25T22:14:11.453+0000] {logging_mixin.py:188} INFO - [2024-05-25T22:14:11.452+0000] {dagbag.py:545} INFO - Filling up the DagBag from /home/airflow/.local/lib/python3.12/site-packages/airflow/example_dags/example_sla_dag.py
[2024-05-25T22:14:11.464+0000] {processor.py:840} INFO - DAG(s) 'example_sla_dag' retrieved from /home/airflow/.local/lib/python3.12/site-packages/airflow/example_dags/example_sla_dag.py
[2024-05-25T22:14:11.490+0000] {logging_mixin.py:188} INFO - [2024-05-25T22:14:11.490+0000] {dag.py:3096} INFO - Sync 1 DAGs
[2024-05-25T22:14:11.520+0000] {logging_mixin.py:188} INFO - [2024-05-25T22:14:11.520+0000] {dag.py:3954} INFO - Setting next_dagrun for example_sla_dag to 2024-05-25 22:12:00+00:00, run_after=2024-05-25 22:14:00+00:00
[2024-05-25T22:14:11.541+0000] {processor.py:183} INFO - Processing /home/airflow/.local/lib/python3.12/site-packages/airflow/example_dags/example_sla_dag.py took 0.099 seconds
[2024-05-25T22:14:41.875+0000] {processor.py:161} INFO - Started process (PID=1579) to work on /home/airflow/.local/lib/python3.12/site-packages/airflow/example_dags/example_sla_dag.py
[2024-05-25T22:14:41.876+0000] {processor.py:830} INFO - Processing file /home/airflow/.local/lib/python3.12/site-packages/airflow/example_dags/example_sla_dag.py for tasks to queue
[2024-05-25T22:14:41.878+0000] {logging_mixin.py:188} INFO - [2024-05-25T22:14:41.877+0000] {dagbag.py:545} INFO - Filling up the DagBag from /home/airflow/.local/lib/python3.12/site-packages/airflow/example_dags/example_sla_dag.py
[2024-05-25T22:14:41.888+0000] {processor.py:840} INFO - DAG(s) 'example_sla_dag' retrieved from /home/airflow/.local/lib/python3.12/site-packages/airflow/example_dags/example_sla_dag.py
[2024-05-25T22:14:41.917+0000] {logging_mixin.py:188} INFO - [2024-05-25T22:14:41.917+0000] {dag.py:3096} INFO - Sync 1 DAGs
[2024-05-25T22:14:41.947+0000] {logging_mixin.py:188} INFO - [2024-05-25T22:14:41.947+0000] {dag.py:3954} INFO - Setting next_dagrun for example_sla_dag to 2024-05-25 22:12:00+00:00, run_after=2024-05-25 22:14:00+00:00
[2024-05-25T22:14:41.974+0000] {processor.py:183} INFO - Processing /home/airflow/.local/lib/python3.12/site-packages/airflow/example_dags/example_sla_dag.py took 0.108 seconds
[2024-05-25T22:15:12.383+0000] {processor.py:161} INFO - Started process (PID=1637) to work on /home/airflow/.local/lib/python3.12/site-packages/airflow/example_dags/example_sla_dag.py
[2024-05-25T22:15:12.384+0000] {processor.py:830} INFO - Processing file /home/airflow/.local/lib/python3.12/site-packages/airflow/example_dags/example_sla_dag.py for tasks to queue
[2024-05-25T22:15:12.387+0000] {logging_mixin.py:188} INFO - [2024-05-25T22:15:12.386+0000] {dagbag.py:545} INFO - Filling up the DagBag from /home/airflow/.local/lib/python3.12/site-packages/airflow/example_dags/example_sla_dag.py
[2024-05-25T22:15:12.397+0000] {processor.py:840} INFO - DAG(s) 'example_sla_dag' retrieved from /home/airflow/.local/lib/python3.12/site-packages/airflow/example_dags/example_sla_dag.py
[2024-05-25T22:15:12.422+0000] {logging_mixin.py:188} INFO - [2024-05-25T22:15:12.422+0000] {dag.py:3096} INFO - Sync 1 DAGs
[2024-05-25T22:15:12.452+0000] {logging_mixin.py:188} INFO - [2024-05-25T22:15:12.452+0000] {dag.py:3954} INFO - Setting next_dagrun for example_sla_dag to 2024-05-25 22:12:00+00:00, run_after=2024-05-25 22:14:00+00:00
[2024-05-25T22:15:12.474+0000] {processor.py:183} INFO - Processing /home/airflow/.local/lib/python3.12/site-packages/airflow/example_dags/example_sla_dag.py took 0.099 seconds
[2024-05-25T22:15:42.897+0000] {processor.py:161} INFO - Started process (PID=1695) to work on /home/airflow/.local/lib/python3.12/site-packages/airflow/example_dags/example_sla_dag.py
[2024-05-25T22:15:42.898+0000] {processor.py:830} INFO - Processing file /home/airflow/.local/lib/python3.12/site-packages/airflow/example_dags/example_sla_dag.py for tasks to queue
[2024-05-25T22:15:42.900+0000] {logging_mixin.py:188} INFO - [2024-05-25T22:15:42.900+0000] {dagbag.py:545} INFO - Filling up the DagBag from /home/airflow/.local/lib/python3.12/site-packages/airflow/example_dags/example_sla_dag.py
[2024-05-25T22:15:42.910+0000] {processor.py:840} INFO - DAG(s) 'example_sla_dag' retrieved from /home/airflow/.local/lib/python3.12/site-packages/airflow/example_dags/example_sla_dag.py
[2024-05-25T22:15:42.931+0000] {logging_mixin.py:188} INFO - [2024-05-25T22:15:42.930+0000] {dag.py:3096} INFO - Sync 1 DAGs
[2024-05-25T22:15:42.960+0000] {logging_mixin.py:188} INFO - [2024-05-25T22:15:42.960+0000] {dag.py:3954} INFO - Setting next_dagrun for example_sla_dag to 2024-05-25 22:12:00+00:00, run_after=2024-05-25 22:14:00+00:00
[2024-05-25T22:15:42.982+0000] {processor.py:183} INFO - Processing /home/airflow/.local/lib/python3.12/site-packages/airflow/example_dags/example_sla_dag.py took 0.091 seconds
[2024-05-25T22:16:14.453+0000] {processor.py:161} INFO - Started process (PID=1753) to work on /home/airflow/.local/lib/python3.12/site-packages/airflow/example_dags/example_sla_dag.py
[2024-05-25T22:16:14.454+0000] {processor.py:830} INFO - Processing file /home/airflow/.local/lib/python3.12/site-packages/airflow/example_dags/example_sla_dag.py for tasks to queue
[2024-05-25T22:16:14.457+0000] {logging_mixin.py:188} INFO - [2024-05-25T22:16:14.457+0000] {dagbag.py:545} INFO - Filling up the DagBag from /home/airflow/.local/lib/python3.12/site-packages/airflow/example_dags/example_sla_dag.py
[2024-05-25T22:16:14.468+0000] {processor.py:840} INFO - DAG(s) 'example_sla_dag' retrieved from /home/airflow/.local/lib/python3.12/site-packages/airflow/example_dags/example_sla_dag.py
[2024-05-25T22:16:14.496+0000] {logging_mixin.py:188} INFO - [2024-05-25T22:16:14.496+0000] {dag.py:3096} INFO - Sync 1 DAGs
[2024-05-25T22:16:14.685+0000] {logging_mixin.py:188} INFO - [2024-05-25T22:16:14.685+0000] {dag.py:3954} INFO - Setting next_dagrun for example_sla_dag to 2024-05-25 22:14:00+00:00, run_after=2024-05-25 22:16:00+00:00
[2024-05-25T22:16:14.703+0000] {processor.py:183} INFO - Processing /home/airflow/.local/lib/python3.12/site-packages/airflow/example_dags/example_sla_dag.py took 0.256 seconds
[2024-05-25T22:16:45.249+0000] {processor.py:161} INFO - Started process (PID=1811) to work on /home/airflow/.local/lib/python3.12/site-packages/airflow/example_dags/example_sla_dag.py
[2024-05-25T22:16:45.251+0000] {processor.py:830} INFO - Processing file /home/airflow/.local/lib/python3.12/site-packages/airflow/example_dags/example_sla_dag.py for tasks to queue
[2024-05-25T22:16:45.256+0000] {logging_mixin.py:188} INFO - [2024-05-25T22:16:45.256+0000] {dagbag.py:545} INFO - Filling up the DagBag from /home/airflow/.local/lib/python3.12/site-packages/airflow/example_dags/example_sla_dag.py
[2024-05-25T22:16:45.265+0000] {processor.py:840} INFO - DAG(s) 'example_sla_dag' retrieved from /home/airflow/.local/lib/python3.12/site-packages/airflow/example_dags/example_sla_dag.py
[2024-05-25T22:16:45.286+0000] {logging_mixin.py:188} INFO - [2024-05-25T22:16:45.286+0000] {dag.py:3096} INFO - Sync 1 DAGs
[2024-05-25T22:16:45.444+0000] {logging_mixin.py:188} INFO - [2024-05-25T22:16:45.443+0000] {dag.py:3954} INFO - Setting next_dagrun for example_sla_dag to 2024-05-25 22:14:00+00:00, run_after=2024-05-25 22:16:00+00:00
[2024-05-25T22:16:45.472+0000] {processor.py:183} INFO - Processing /home/airflow/.local/lib/python3.12/site-packages/airflow/example_dags/example_sla_dag.py took 0.238 seconds
[2024-05-25T22:17:15.612+0000] {processor.py:161} INFO - Started process (PID=1869) to work on /home/airflow/.local/lib/python3.12/site-packages/airflow/example_dags/example_sla_dag.py
[2024-05-25T22:17:15.613+0000] {processor.py:830} INFO - Processing file /home/airflow/.local/lib/python3.12/site-packages/airflow/example_dags/example_sla_dag.py for tasks to queue
[2024-05-25T22:17:15.616+0000] {logging_mixin.py:188} INFO - [2024-05-25T22:17:15.615+0000] {dagbag.py:545} INFO - Filling up the DagBag from /home/airflow/.local/lib/python3.12/site-packages/airflow/example_dags/example_sla_dag.py
[2024-05-25T22:17:15.626+0000] {processor.py:840} INFO - DAG(s) 'example_sla_dag' retrieved from /home/airflow/.local/lib/python3.12/site-packages/airflow/example_dags/example_sla_dag.py
[2024-05-25T22:17:15.647+0000] {logging_mixin.py:188} INFO - [2024-05-25T22:17:15.647+0000] {dag.py:3096} INFO - Sync 1 DAGs
[2024-05-25T22:17:15.675+0000] {logging_mixin.py:188} INFO - [2024-05-25T22:17:15.675+0000] {dag.py:3954} INFO - Setting next_dagrun for example_sla_dag to 2024-05-25 22:14:00+00:00, run_after=2024-05-25 22:16:00+00:00
[2024-05-25T22:17:15.821+0000] {processor.py:183} INFO - Processing /home/airflow/.local/lib/python3.12/site-packages/airflow/example_dags/example_sla_dag.py took 0.216 seconds
[2024-05-25T22:17:46.405+0000] {processor.py:161} INFO - Started process (PID=1927) to work on /home/airflow/.local/lib/python3.12/site-packages/airflow/example_dags/example_sla_dag.py
[2024-05-25T22:17:46.406+0000] {processor.py:830} INFO - Processing file /home/airflow/.local/lib/python3.12/site-packages/airflow/example_dags/example_sla_dag.py for tasks to queue
[2024-05-25T22:17:46.409+0000] {logging_mixin.py:188} INFO - [2024-05-25T22:17:46.409+0000] {dagbag.py:545} INFO - Filling up the DagBag from /home/airflow/.local/lib/python3.12/site-packages/airflow/example_dags/example_sla_dag.py
[2024-05-25T22:17:46.419+0000] {processor.py:840} INFO - DAG(s) 'example_sla_dag' retrieved from /home/airflow/.local/lib/python3.12/site-packages/airflow/example_dags/example_sla_dag.py
[2024-05-25T22:17:46.463+0000] {logging_mixin.py:188} INFO - [2024-05-25T22:17:46.463+0000] {dag.py:3096} INFO - Sync 1 DAGs
[2024-05-25T22:17:46.498+0000] {logging_mixin.py:188} INFO - [2024-05-25T22:17:46.498+0000] {dag.py:3954} INFO - Setting next_dagrun for example_sla_dag to 2024-05-25 22:14:00+00:00, run_after=2024-05-25 22:16:00+00:00
[2024-05-25T22:17:46.520+0000] {processor.py:183} INFO - Processing /home/airflow/.local/lib/python3.12/site-packages/airflow/example_dags/example_sla_dag.py took 0.120 seconds
[2024-05-25T22:18:16.732+0000] {processor.py:161} INFO - Started process (PID=1985) to work on /home/airflow/.local/lib/python3.12/site-packages/airflow/example_dags/example_sla_dag.py
[2024-05-25T22:18:16.733+0000] {processor.py:830} INFO - Processing file /home/airflow/.local/lib/python3.12/site-packages/airflow/example_dags/example_sla_dag.py for tasks to queue
[2024-05-25T22:18:16.735+0000] {logging_mixin.py:188} INFO - [2024-05-25T22:18:16.735+0000] {dagbag.py:545} INFO - Filling up the DagBag from /home/airflow/.local/lib/python3.12/site-packages/airflow/example_dags/example_sla_dag.py
[2024-05-25T22:18:16.746+0000] {processor.py:840} INFO - DAG(s) 'example_sla_dag' retrieved from /home/airflow/.local/lib/python3.12/site-packages/airflow/example_dags/example_sla_dag.py
[2024-05-25T22:18:16.768+0000] {logging_mixin.py:188} INFO - [2024-05-25T22:18:16.767+0000] {dag.py:3096} INFO - Sync 1 DAGs
[2024-05-25T22:18:16.797+0000] {logging_mixin.py:188} INFO - [2024-05-25T22:18:16.797+0000] {dag.py:3954} INFO - Setting next_dagrun for example_sla_dag to 2024-05-25 22:16:00+00:00, run_after=2024-05-25 22:18:00+00:00
[2024-05-25T22:18:16.818+0000] {processor.py:183} INFO - Processing /home/airflow/.local/lib/python3.12/site-packages/airflow/example_dags/example_sla_dag.py took 0.094 seconds
[2024-05-25T22:18:46.887+0000] {processor.py:161} INFO - Started process (PID=2043) to work on /home/airflow/.local/lib/python3.12/site-packages/airflow/example_dags/example_sla_dag.py
[2024-05-25T22:18:46.888+0000] {processor.py:830} INFO - Processing file /home/airflow/.local/lib/python3.12/site-packages/airflow/example_dags/example_sla_dag.py for tasks to queue
[2024-05-25T22:18:46.891+0000] {logging_mixin.py:188} INFO - [2024-05-25T22:18:46.890+0000] {dagbag.py:545} INFO - Filling up the DagBag from /home/airflow/.local/lib/python3.12/site-packages/airflow/example_dags/example_sla_dag.py
[2024-05-25T22:18:46.900+0000] {processor.py:840} INFO - DAG(s) 'example_sla_dag' retrieved from /home/airflow/.local/lib/python3.12/site-packages/airflow/example_dags/example_sla_dag.py
[2024-05-25T22:18:46.923+0000] {logging_mixin.py:188} INFO - [2024-05-25T22:18:46.923+0000] {dag.py:3096} INFO - Sync 1 DAGs
[2024-05-25T22:18:46.956+0000] {logging_mixin.py:188} INFO - [2024-05-25T22:18:46.956+0000] {dag.py:3954} INFO - Setting next_dagrun for example_sla_dag to 2024-05-25 22:16:00+00:00, run_after=2024-05-25 22:18:00+00:00
[2024-05-25T22:18:46.977+0000] {processor.py:183} INFO - Processing /home/airflow/.local/lib/python3.12/site-packages/airflow/example_dags/example_sla_dag.py took 0.101 seconds
[2024-05-25T22:19:17.151+0000] {processor.py:161} INFO - Started process (PID=2101) to work on /home/airflow/.local/lib/python3.12/site-packages/airflow/example_dags/example_sla_dag.py
[2024-05-25T22:19:17.152+0000] {processor.py:830} INFO - Processing file /home/airflow/.local/lib/python3.12/site-packages/airflow/example_dags/example_sla_dag.py for tasks to queue
[2024-05-25T22:19:17.154+0000] {logging_mixin.py:188} INFO - [2024-05-25T22:19:17.154+0000] {dagbag.py:545} INFO - Filling up the DagBag from /home/airflow/.local/lib/python3.12/site-packages/airflow/example_dags/example_sla_dag.py
[2024-05-25T22:19:17.164+0000] {processor.py:840} INFO - DAG(s) 'example_sla_dag' retrieved from /home/airflow/.local/lib/python3.12/site-packages/airflow/example_dags/example_sla_dag.py
[2024-05-25T22:19:17.189+0000] {logging_mixin.py:188} INFO - [2024-05-25T22:19:17.188+0000] {dag.py:3096} INFO - Sync 1 DAGs
[2024-05-25T22:19:17.219+0000] {logging_mixin.py:188} INFO - [2024-05-25T22:19:17.219+0000] {dag.py:3954} INFO - Setting next_dagrun for example_sla_dag to 2024-05-25 22:16:00+00:00, run_after=2024-05-25 22:18:00+00:00
[2024-05-25T22:19:17.240+0000] {processor.py:183} INFO - Processing /home/airflow/.local/lib/python3.12/site-packages/airflow/example_dags/example_sla_dag.py took 0.095 seconds
