[2024-05-25T22:01:30.113+0000] {processor.py:161} INFO - Started process (PID=71) to work on /home/airflow/.local/lib/python3.12/site-packages/airflow/example_dags/example_xcomargs.py
[2024-05-25T22:01:30.114+0000] {processor.py:830} INFO - Processing file /home/airflow/.local/lib/python3.12/site-packages/airflow/example_dags/example_xcomargs.py for tasks to queue
[2024-05-25T22:01:30.118+0000] {logging_mixin.py:188} INFO - [2024-05-25T22:01:30.118+0000] {dagbag.py:545} INFO - Filling up the DagBag from /home/airflow/.local/lib/python3.12/site-packages/airflow/example_dags/example_xcomargs.py
[2024-05-25T22:01:30.130+0000] {processor.py:840} INFO - DAG(s) 'example_xcom_args_with_operators', 'example_xcom_args' retrieved from /home/airflow/.local/lib/python3.12/site-packages/airflow/example_dags/example_xcomargs.py
[2024-05-25T22:01:30.258+0000] {logging_mixin.py:188} INFO - [2024-05-25T22:01:30.258+0000] {dag.py:3096} INFO - Sync 2 DAGs
[2024-05-25T22:01:30.271+0000] {logging_mixin.py:188} INFO - [2024-05-25T22:01:30.270+0000] {dag.py:3954} INFO - Setting next_dagrun for example_xcom_args to None, run_after=None
[2024-05-25T22:01:30.276+0000] {logging_mixin.py:188} INFO - [2024-05-25T22:01:30.276+0000] {dag.py:3954} INFO - Setting next_dagrun for example_xcom_args_with_operators to None, run_after=None
[2024-05-25T22:01:30.296+0000] {processor.py:183} INFO - Processing /home/airflow/.local/lib/python3.12/site-packages/airflow/example_dags/example_xcomargs.py took 0.190 seconds
[2024-05-25T22:02:00.497+0000] {processor.py:161} INFO - Started process (PID=129) to work on /home/airflow/.local/lib/python3.12/site-packages/airflow/example_dags/example_xcomargs.py
[2024-05-25T22:02:00.498+0000] {processor.py:830} INFO - Processing file /home/airflow/.local/lib/python3.12/site-packages/airflow/example_dags/example_xcomargs.py for tasks to queue
[2024-05-25T22:02:00.500+0000] {logging_mixin.py:188} INFO - [2024-05-25T22:02:00.500+0000] {dagbag.py:545} INFO - Filling up the DagBag from /home/airflow/.local/lib/python3.12/site-packages/airflow/example_dags/example_xcomargs.py
[2024-05-25T22:02:00.509+0000] {processor.py:840} INFO - DAG(s) 'example_xcom_args', 'example_xcom_args_with_operators' retrieved from /home/airflow/.local/lib/python3.12/site-packages/airflow/example_dags/example_xcomargs.py
[2024-05-25T22:02:00.536+0000] {logging_mixin.py:188} INFO - [2024-05-25T22:02:00.535+0000] {dag.py:3096} INFO - Sync 2 DAGs
[2024-05-25T22:02:00.550+0000] {logging_mixin.py:188} INFO - [2024-05-25T22:02:00.550+0000] {dag.py:3954} INFO - Setting next_dagrun for example_xcom_args to None, run_after=None
[2024-05-25T22:02:00.558+0000] {logging_mixin.py:188} INFO - [2024-05-25T22:02:00.557+0000] {dag.py:3954} INFO - Setting next_dagrun for example_xcom_args_with_operators to None, run_after=None
[2024-05-25T22:02:00.584+0000] {processor.py:183} INFO - Processing /home/airflow/.local/lib/python3.12/site-packages/airflow/example_dags/example_xcomargs.py took 0.093 seconds
[2024-05-25T22:02:30.904+0000] {processor.py:161} INFO - Started process (PID=187) to work on /home/airflow/.local/lib/python3.12/site-packages/airflow/example_dags/example_xcomargs.py
[2024-05-25T22:02:30.905+0000] {processor.py:830} INFO - Processing file /home/airflow/.local/lib/python3.12/site-packages/airflow/example_dags/example_xcomargs.py for tasks to queue
[2024-05-25T22:02:30.907+0000] {logging_mixin.py:188} INFO - [2024-05-25T22:02:30.907+0000] {dagbag.py:545} INFO - Filling up the DagBag from /home/airflow/.local/lib/python3.12/site-packages/airflow/example_dags/example_xcomargs.py
[2024-05-25T22:02:30.916+0000] {processor.py:840} INFO - DAG(s) 'example_xcom_args_with_operators', 'example_xcom_args' retrieved from /home/airflow/.local/lib/python3.12/site-packages/airflow/example_dags/example_xcomargs.py
[2024-05-25T22:02:30.947+0000] {logging_mixin.py:188} INFO - [2024-05-25T22:02:30.946+0000] {dag.py:3096} INFO - Sync 2 DAGs
[2024-05-25T22:02:30.966+0000] {logging_mixin.py:188} INFO - [2024-05-25T22:02:30.966+0000] {dag.py:3954} INFO - Setting next_dagrun for example_xcom_args to None, run_after=None
[2024-05-25T22:02:30.972+0000] {logging_mixin.py:188} INFO - [2024-05-25T22:02:30.971+0000] {dag.py:3954} INFO - Setting next_dagrun for example_xcom_args_with_operators to None, run_after=None
[2024-05-25T22:02:30.996+0000] {processor.py:183} INFO - Processing /home/airflow/.local/lib/python3.12/site-packages/airflow/example_dags/example_xcomargs.py took 0.099 seconds
[2024-05-25T22:03:01.614+0000] {processor.py:161} INFO - Started process (PID=245) to work on /home/airflow/.local/lib/python3.12/site-packages/airflow/example_dags/example_xcomargs.py
[2024-05-25T22:03:01.615+0000] {processor.py:830} INFO - Processing file /home/airflow/.local/lib/python3.12/site-packages/airflow/example_dags/example_xcomargs.py for tasks to queue
[2024-05-25T22:03:01.618+0000] {logging_mixin.py:188} INFO - [2024-05-25T22:03:01.617+0000] {dagbag.py:545} INFO - Filling up the DagBag from /home/airflow/.local/lib/python3.12/site-packages/airflow/example_dags/example_xcomargs.py
[2024-05-25T22:03:01.627+0000] {processor.py:840} INFO - DAG(s) 'example_xcom_args', 'example_xcom_args_with_operators' retrieved from /home/airflow/.local/lib/python3.12/site-packages/airflow/example_dags/example_xcomargs.py
[2024-05-25T22:03:01.663+0000] {logging_mixin.py:188} INFO - [2024-05-25T22:03:01.662+0000] {dag.py:3096} INFO - Sync 2 DAGs
[2024-05-25T22:03:01.690+0000] {logging_mixin.py:188} INFO - [2024-05-25T22:03:01.689+0000] {dag.py:3954} INFO - Setting next_dagrun for example_xcom_args to None, run_after=None
[2024-05-25T22:03:01.695+0000] {logging_mixin.py:188} INFO - [2024-05-25T22:03:01.694+0000] {dag.py:3954} INFO - Setting next_dagrun for example_xcom_args_with_operators to None, run_after=None
[2024-05-25T22:03:01.714+0000] {processor.py:183} INFO - Processing /home/airflow/.local/lib/python3.12/site-packages/airflow/example_dags/example_xcomargs.py took 0.107 seconds
[2024-05-25T22:03:32.157+0000] {processor.py:161} INFO - Started process (PID=303) to work on /home/airflow/.local/lib/python3.12/site-packages/airflow/example_dags/example_xcomargs.py
[2024-05-25T22:03:32.158+0000] {processor.py:830} INFO - Processing file /home/airflow/.local/lib/python3.12/site-packages/airflow/example_dags/example_xcomargs.py for tasks to queue
[2024-05-25T22:03:32.162+0000] {logging_mixin.py:188} INFO - [2024-05-25T22:03:32.161+0000] {dagbag.py:545} INFO - Filling up the DagBag from /home/airflow/.local/lib/python3.12/site-packages/airflow/example_dags/example_xcomargs.py
[2024-05-25T22:03:32.171+0000] {processor.py:840} INFO - DAG(s) 'example_xcom_args', 'example_xcom_args_with_operators' retrieved from /home/airflow/.local/lib/python3.12/site-packages/airflow/example_dags/example_xcomargs.py
[2024-05-25T22:03:32.203+0000] {logging_mixin.py:188} INFO - [2024-05-25T22:03:32.203+0000] {dag.py:3096} INFO - Sync 2 DAGs
[2024-05-25T22:03:32.226+0000] {logging_mixin.py:188} INFO - [2024-05-25T22:03:32.225+0000] {dag.py:3954} INFO - Setting next_dagrun for example_xcom_args to None, run_after=None
[2024-05-25T22:03:32.233+0000] {logging_mixin.py:188} INFO - [2024-05-25T22:03:32.232+0000] {dag.py:3954} INFO - Setting next_dagrun for example_xcom_args_with_operators to None, run_after=None
[2024-05-25T22:03:32.278+0000] {processor.py:183} INFO - Processing /home/airflow/.local/lib/python3.12/site-packages/airflow/example_dags/example_xcomargs.py took 0.128 seconds
[2024-05-25T22:04:02.908+0000] {processor.py:161} INFO - Started process (PID=361) to work on /home/airflow/.local/lib/python3.12/site-packages/airflow/example_dags/example_xcomargs.py
[2024-05-25T22:04:02.909+0000] {processor.py:830} INFO - Processing file /home/airflow/.local/lib/python3.12/site-packages/airflow/example_dags/example_xcomargs.py for tasks to queue
[2024-05-25T22:04:02.914+0000] {logging_mixin.py:188} INFO - [2024-05-25T22:04:02.913+0000] {dagbag.py:545} INFO - Filling up the DagBag from /home/airflow/.local/lib/python3.12/site-packages/airflow/example_dags/example_xcomargs.py
[2024-05-25T22:04:02.922+0000] {processor.py:840} INFO - DAG(s) 'example_xcom_args_with_operators', 'example_xcom_args' retrieved from /home/airflow/.local/lib/python3.12/site-packages/airflow/example_dags/example_xcomargs.py
[2024-05-25T22:04:02.954+0000] {logging_mixin.py:188} INFO - [2024-05-25T22:04:02.954+0000] {dag.py:3096} INFO - Sync 2 DAGs
[2024-05-25T22:04:02.971+0000] {logging_mixin.py:188} INFO - [2024-05-25T22:04:02.970+0000] {dag.py:3954} INFO - Setting next_dagrun for example_xcom_args to None, run_after=None
[2024-05-25T22:04:02.975+0000] {logging_mixin.py:188} INFO - [2024-05-25T22:04:02.975+0000] {dag.py:3954} INFO - Setting next_dagrun for example_xcom_args_with_operators to None, run_after=None
[2024-05-25T22:04:02.995+0000] {processor.py:183} INFO - Processing /home/airflow/.local/lib/python3.12/site-packages/airflow/example_dags/example_xcomargs.py took 0.093 seconds
[2024-05-25T22:04:33.223+0000] {processor.py:161} INFO - Started process (PID=419) to work on /home/airflow/.local/lib/python3.12/site-packages/airflow/example_dags/example_xcomargs.py
[2024-05-25T22:04:33.224+0000] {processor.py:830} INFO - Processing file /home/airflow/.local/lib/python3.12/site-packages/airflow/example_dags/example_xcomargs.py for tasks to queue
[2024-05-25T22:04:33.226+0000] {logging_mixin.py:188} INFO - [2024-05-25T22:04:33.225+0000] {dagbag.py:545} INFO - Filling up the DagBag from /home/airflow/.local/lib/python3.12/site-packages/airflow/example_dags/example_xcomargs.py
[2024-05-25T22:04:33.235+0000] {processor.py:840} INFO - DAG(s) 'example_xcom_args', 'example_xcom_args_with_operators' retrieved from /home/airflow/.local/lib/python3.12/site-packages/airflow/example_dags/example_xcomargs.py
[2024-05-25T22:04:33.264+0000] {logging_mixin.py:188} INFO - [2024-05-25T22:04:33.264+0000] {dag.py:3096} INFO - Sync 2 DAGs
[2024-05-25T22:04:33.280+0000] {logging_mixin.py:188} INFO - [2024-05-25T22:04:33.280+0000] {dag.py:3954} INFO - Setting next_dagrun for example_xcom_args to None, run_after=None
[2024-05-25T22:04:33.286+0000] {logging_mixin.py:188} INFO - [2024-05-25T22:04:33.286+0000] {dag.py:3954} INFO - Setting next_dagrun for example_xcom_args_with_operators to None, run_after=None
[2024-05-25T22:04:33.309+0000] {processor.py:183} INFO - Processing /home/airflow/.local/lib/python3.12/site-packages/airflow/example_dags/example_xcomargs.py took 0.093 seconds
[2024-05-25T22:05:03.728+0000] {processor.py:161} INFO - Started process (PID=476) to work on /home/airflow/.local/lib/python3.12/site-packages/airflow/example_dags/example_xcomargs.py
[2024-05-25T22:05:03.729+0000] {processor.py:830} INFO - Processing file /home/airflow/.local/lib/python3.12/site-packages/airflow/example_dags/example_xcomargs.py for tasks to queue
[2024-05-25T22:05:03.731+0000] {logging_mixin.py:188} INFO - [2024-05-25T22:05:03.731+0000] {dagbag.py:545} INFO - Filling up the DagBag from /home/airflow/.local/lib/python3.12/site-packages/airflow/example_dags/example_xcomargs.py
[2024-05-25T22:05:03.742+0000] {processor.py:840} INFO - DAG(s) 'example_xcom_args_with_operators', 'example_xcom_args' retrieved from /home/airflow/.local/lib/python3.12/site-packages/airflow/example_dags/example_xcomargs.py
[2024-05-25T22:05:03.771+0000] {logging_mixin.py:188} INFO - [2024-05-25T22:05:03.771+0000] {dag.py:3096} INFO - Sync 2 DAGs
[2024-05-25T22:05:03.789+0000] {logging_mixin.py:188} INFO - [2024-05-25T22:05:03.788+0000] {dag.py:3954} INFO - Setting next_dagrun for example_xcom_args to None, run_after=None
[2024-05-25T22:05:03.795+0000] {logging_mixin.py:188} INFO - [2024-05-25T22:05:03.794+0000] {dag.py:3954} INFO - Setting next_dagrun for example_xcom_args_with_operators to None, run_after=None
[2024-05-25T22:05:03.826+0000] {processor.py:183} INFO - Processing /home/airflow/.local/lib/python3.12/site-packages/airflow/example_dags/example_xcomargs.py took 0.106 seconds
[2024-05-25T22:05:34.037+0000] {processor.py:161} INFO - Started process (PID=534) to work on /home/airflow/.local/lib/python3.12/site-packages/airflow/example_dags/example_xcomargs.py
[2024-05-25T22:05:34.038+0000] {processor.py:830} INFO - Processing file /home/airflow/.local/lib/python3.12/site-packages/airflow/example_dags/example_xcomargs.py for tasks to queue
[2024-05-25T22:05:34.040+0000] {logging_mixin.py:188} INFO - [2024-05-25T22:05:34.040+0000] {dagbag.py:545} INFO - Filling up the DagBag from /home/airflow/.local/lib/python3.12/site-packages/airflow/example_dags/example_xcomargs.py
[2024-05-25T22:05:34.051+0000] {processor.py:840} INFO - DAG(s) 'example_xcom_args', 'example_xcom_args_with_operators' retrieved from /home/airflow/.local/lib/python3.12/site-packages/airflow/example_dags/example_xcomargs.py
[2024-05-25T22:05:34.077+0000] {logging_mixin.py:188} INFO - [2024-05-25T22:05:34.077+0000] {dag.py:3096} INFO - Sync 2 DAGs
[2024-05-25T22:05:34.095+0000] {logging_mixin.py:188} INFO - [2024-05-25T22:05:34.095+0000] {dag.py:3954} INFO - Setting next_dagrun for example_xcom_args to None, run_after=None
[2024-05-25T22:05:34.102+0000] {logging_mixin.py:188} INFO - [2024-05-25T22:05:34.101+0000] {dag.py:3954} INFO - Setting next_dagrun for example_xcom_args_with_operators to None, run_after=None
[2024-05-25T22:05:34.120+0000] {processor.py:183} INFO - Processing /home/airflow/.local/lib/python3.12/site-packages/airflow/example_dags/example_xcomargs.py took 0.089 seconds
[2024-05-25T22:06:04.509+0000] {processor.py:161} INFO - Started process (PID=591) to work on /home/airflow/.local/lib/python3.12/site-packages/airflow/example_dags/example_xcomargs.py
[2024-05-25T22:06:04.510+0000] {processor.py:830} INFO - Processing file /home/airflow/.local/lib/python3.12/site-packages/airflow/example_dags/example_xcomargs.py for tasks to queue
[2024-05-25T22:06:04.513+0000] {logging_mixin.py:188} INFO - [2024-05-25T22:06:04.512+0000] {dagbag.py:545} INFO - Filling up the DagBag from /home/airflow/.local/lib/python3.12/site-packages/airflow/example_dags/example_xcomargs.py
[2024-05-25T22:06:04.522+0000] {processor.py:840} INFO - DAG(s) 'example_xcom_args', 'example_xcom_args_with_operators' retrieved from /home/airflow/.local/lib/python3.12/site-packages/airflow/example_dags/example_xcomargs.py
[2024-05-25T22:06:04.548+0000] {logging_mixin.py:188} INFO - [2024-05-25T22:06:04.548+0000] {dag.py:3096} INFO - Sync 2 DAGs
[2024-05-25T22:06:04.566+0000] {logging_mixin.py:188} INFO - [2024-05-25T22:06:04.566+0000] {dag.py:3954} INFO - Setting next_dagrun for example_xcom_args to None, run_after=None
[2024-05-25T22:06:04.572+0000] {logging_mixin.py:188} INFO - [2024-05-25T22:06:04.571+0000] {dag.py:3954} INFO - Setting next_dagrun for example_xcom_args_with_operators to None, run_after=None
[2024-05-25T22:06:04.594+0000] {processor.py:183} INFO - Processing /home/airflow/.local/lib/python3.12/site-packages/airflow/example_dags/example_xcomargs.py took 0.091 seconds
[2024-05-25T22:06:35.026+0000] {processor.py:161} INFO - Started process (PID=648) to work on /home/airflow/.local/lib/python3.12/site-packages/airflow/example_dags/example_xcomargs.py
[2024-05-25T22:06:35.027+0000] {processor.py:830} INFO - Processing file /home/airflow/.local/lib/python3.12/site-packages/airflow/example_dags/example_xcomargs.py for tasks to queue
[2024-05-25T22:06:35.030+0000] {logging_mixin.py:188} INFO - [2024-05-25T22:06:35.029+0000] {dagbag.py:545} INFO - Filling up the DagBag from /home/airflow/.local/lib/python3.12/site-packages/airflow/example_dags/example_xcomargs.py
[2024-05-25T22:06:35.040+0000] {processor.py:840} INFO - DAG(s) 'example_xcom_args', 'example_xcom_args_with_operators' retrieved from /home/airflow/.local/lib/python3.12/site-packages/airflow/example_dags/example_xcomargs.py
[2024-05-25T22:06:35.067+0000] {logging_mixin.py:188} INFO - [2024-05-25T22:06:35.067+0000] {dag.py:3096} INFO - Sync 2 DAGs
[2024-05-25T22:06:35.084+0000] {logging_mixin.py:188} INFO - [2024-05-25T22:06:35.084+0000] {dag.py:3954} INFO - Setting next_dagrun for example_xcom_args to None, run_after=None
[2024-05-25T22:06:35.089+0000] {logging_mixin.py:188} INFO - [2024-05-25T22:06:35.088+0000] {dag.py:3954} INFO - Setting next_dagrun for example_xcom_args_with_operators to None, run_after=None
[2024-05-25T22:06:35.108+0000] {processor.py:183} INFO - Processing /home/airflow/.local/lib/python3.12/site-packages/airflow/example_dags/example_xcomargs.py took 0.090 seconds
[2024-05-25T22:07:05.203+0000] {processor.py:161} INFO - Started process (PID=705) to work on /home/airflow/.local/lib/python3.12/site-packages/airflow/example_dags/example_xcomargs.py
[2024-05-25T22:07:05.204+0000] {processor.py:830} INFO - Processing file /home/airflow/.local/lib/python3.12/site-packages/airflow/example_dags/example_xcomargs.py for tasks to queue
[2024-05-25T22:07:05.206+0000] {logging_mixin.py:188} INFO - [2024-05-25T22:07:05.206+0000] {dagbag.py:545} INFO - Filling up the DagBag from /home/airflow/.local/lib/python3.12/site-packages/airflow/example_dags/example_xcomargs.py
[2024-05-25T22:07:05.215+0000] {processor.py:840} INFO - DAG(s) 'example_xcom_args', 'example_xcom_args_with_operators' retrieved from /home/airflow/.local/lib/python3.12/site-packages/airflow/example_dags/example_xcomargs.py
[2024-05-25T22:07:05.241+0000] {logging_mixin.py:188} INFO - [2024-05-25T22:07:05.241+0000] {dag.py:3096} INFO - Sync 2 DAGs
[2024-05-25T22:07:05.258+0000] {logging_mixin.py:188} INFO - [2024-05-25T22:07:05.258+0000] {dag.py:3954} INFO - Setting next_dagrun for example_xcom_args to None, run_after=None
[2024-05-25T22:07:05.263+0000] {logging_mixin.py:188} INFO - [2024-05-25T22:07:05.263+0000] {dag.py:3954} INFO - Setting next_dagrun for example_xcom_args_with_operators to None, run_after=None
[2024-05-25T22:07:05.280+0000] {processor.py:183} INFO - Processing /home/airflow/.local/lib/python3.12/site-packages/airflow/example_dags/example_xcomargs.py took 0.083 seconds
[2024-05-25T22:07:35.879+0000] {processor.py:161} INFO - Started process (PID=763) to work on /home/airflow/.local/lib/python3.12/site-packages/airflow/example_dags/example_xcomargs.py
[2024-05-25T22:07:35.881+0000] {processor.py:830} INFO - Processing file /home/airflow/.local/lib/python3.12/site-packages/airflow/example_dags/example_xcomargs.py for tasks to queue
[2024-05-25T22:07:35.883+0000] {logging_mixin.py:188} INFO - [2024-05-25T22:07:35.882+0000] {dagbag.py:545} INFO - Filling up the DagBag from /home/airflow/.local/lib/python3.12/site-packages/airflow/example_dags/example_xcomargs.py
[2024-05-25T22:07:35.893+0000] {processor.py:840} INFO - DAG(s) 'example_xcom_args_with_operators', 'example_xcom_args' retrieved from /home/airflow/.local/lib/python3.12/site-packages/airflow/example_dags/example_xcomargs.py
[2024-05-25T22:07:35.928+0000] {logging_mixin.py:188} INFO - [2024-05-25T22:07:35.928+0000] {dag.py:3096} INFO - Sync 2 DAGs
[2024-05-25T22:07:35.947+0000] {logging_mixin.py:188} INFO - [2024-05-25T22:07:35.947+0000] {dag.py:3954} INFO - Setting next_dagrun for example_xcom_args to None, run_after=None
[2024-05-25T22:07:35.953+0000] {logging_mixin.py:188} INFO - [2024-05-25T22:07:35.952+0000] {dag.py:3954} INFO - Setting next_dagrun for example_xcom_args_with_operators to None, run_after=None
[2024-05-25T22:07:35.977+0000] {processor.py:183} INFO - Processing /home/airflow/.local/lib/python3.12/site-packages/airflow/example_dags/example_xcomargs.py took 0.106 seconds
[2024-05-25T22:08:06.275+0000] {processor.py:161} INFO - Started process (PID=821) to work on /home/airflow/.local/lib/python3.12/site-packages/airflow/example_dags/example_xcomargs.py
[2024-05-25T22:08:06.276+0000] {processor.py:830} INFO - Processing file /home/airflow/.local/lib/python3.12/site-packages/airflow/example_dags/example_xcomargs.py for tasks to queue
[2024-05-25T22:08:06.278+0000] {logging_mixin.py:188} INFO - [2024-05-25T22:08:06.277+0000] {dagbag.py:545} INFO - Filling up the DagBag from /home/airflow/.local/lib/python3.12/site-packages/airflow/example_dags/example_xcomargs.py
[2024-05-25T22:08:06.286+0000] {processor.py:840} INFO - DAG(s) 'example_xcom_args', 'example_xcom_args_with_operators' retrieved from /home/airflow/.local/lib/python3.12/site-packages/airflow/example_dags/example_xcomargs.py
[2024-05-25T22:08:06.311+0000] {logging_mixin.py:188} INFO - [2024-05-25T22:08:06.311+0000] {dag.py:3096} INFO - Sync 2 DAGs
[2024-05-25T22:08:06.330+0000] {logging_mixin.py:188} INFO - [2024-05-25T22:08:06.330+0000] {dag.py:3954} INFO - Setting next_dagrun for example_xcom_args to None, run_after=None
[2024-05-25T22:08:06.336+0000] {logging_mixin.py:188} INFO - [2024-05-25T22:08:06.336+0000] {dag.py:3954} INFO - Setting next_dagrun for example_xcom_args_with_operators to None, run_after=None
[2024-05-25T22:08:06.371+0000] {processor.py:183} INFO - Processing /home/airflow/.local/lib/python3.12/site-packages/airflow/example_dags/example_xcomargs.py took 0.103 seconds
[2024-05-25T22:08:36.463+0000] {processor.py:161} INFO - Started process (PID=879) to work on /home/airflow/.local/lib/python3.12/site-packages/airflow/example_dags/example_xcomargs.py
[2024-05-25T22:08:36.464+0000] {processor.py:830} INFO - Processing file /home/airflow/.local/lib/python3.12/site-packages/airflow/example_dags/example_xcomargs.py for tasks to queue
[2024-05-25T22:08:36.466+0000] {logging_mixin.py:188} INFO - [2024-05-25T22:08:36.466+0000] {dagbag.py:545} INFO - Filling up the DagBag from /home/airflow/.local/lib/python3.12/site-packages/airflow/example_dags/example_xcomargs.py
[2024-05-25T22:08:36.476+0000] {processor.py:840} INFO - DAG(s) 'example_xcom_args', 'example_xcom_args_with_operators' retrieved from /home/airflow/.local/lib/python3.12/site-packages/airflow/example_dags/example_xcomargs.py
[2024-05-25T22:08:36.502+0000] {logging_mixin.py:188} INFO - [2024-05-25T22:08:36.502+0000] {dag.py:3096} INFO - Sync 2 DAGs
[2024-05-25T22:08:36.517+0000] {logging_mixin.py:188} INFO - [2024-05-25T22:08:36.517+0000] {dag.py:3954} INFO - Setting next_dagrun for example_xcom_args to None, run_after=None
[2024-05-25T22:08:36.522+0000] {logging_mixin.py:188} INFO - [2024-05-25T22:08:36.522+0000] {dag.py:3954} INFO - Setting next_dagrun for example_xcom_args_with_operators to None, run_after=None
[2024-05-25T22:08:36.543+0000] {processor.py:183} INFO - Processing /home/airflow/.local/lib/python3.12/site-packages/airflow/example_dags/example_xcomargs.py took 0.086 seconds
[2024-05-25T22:09:06.636+0000] {processor.py:161} INFO - Started process (PID=937) to work on /home/airflow/.local/lib/python3.12/site-packages/airflow/example_dags/example_xcomargs.py
[2024-05-25T22:09:06.637+0000] {processor.py:830} INFO - Processing file /home/airflow/.local/lib/python3.12/site-packages/airflow/example_dags/example_xcomargs.py for tasks to queue
[2024-05-25T22:09:06.639+0000] {logging_mixin.py:188} INFO - [2024-05-25T22:09:06.639+0000] {dagbag.py:545} INFO - Filling up the DagBag from /home/airflow/.local/lib/python3.12/site-packages/airflow/example_dags/example_xcomargs.py
[2024-05-25T22:09:06.649+0000] {processor.py:840} INFO - DAG(s) 'example_xcom_args_with_operators', 'example_xcom_args' retrieved from /home/airflow/.local/lib/python3.12/site-packages/airflow/example_dags/example_xcomargs.py
[2024-05-25T22:09:06.677+0000] {logging_mixin.py:188} INFO - [2024-05-25T22:09:06.676+0000] {dag.py:3096} INFO - Sync 2 DAGs
[2024-05-25T22:09:06.693+0000] {logging_mixin.py:188} INFO - [2024-05-25T22:09:06.693+0000] {dag.py:3954} INFO - Setting next_dagrun for example_xcom_args to None, run_after=None
[2024-05-25T22:09:06.699+0000] {logging_mixin.py:188} INFO - [2024-05-25T22:09:06.699+0000] {dag.py:3954} INFO - Setting next_dagrun for example_xcom_args_with_operators to None, run_after=None
[2024-05-25T22:09:06.717+0000] {processor.py:183} INFO - Processing /home/airflow/.local/lib/python3.12/site-packages/airflow/example_dags/example_xcomargs.py took 0.088 seconds
[2024-05-25T22:09:37.731+0000] {processor.py:161} INFO - Started process (PID=1000) to work on /home/airflow/.local/lib/python3.12/site-packages/airflow/example_dags/example_xcomargs.py
[2024-05-25T22:09:37.732+0000] {processor.py:830} INFO - Processing file /home/airflow/.local/lib/python3.12/site-packages/airflow/example_dags/example_xcomargs.py for tasks to queue
[2024-05-25T22:09:37.735+0000] {logging_mixin.py:188} INFO - [2024-05-25T22:09:37.734+0000] {dagbag.py:545} INFO - Filling up the DagBag from /home/airflow/.local/lib/python3.12/site-packages/airflow/example_dags/example_xcomargs.py
[2024-05-25T22:09:37.748+0000] {processor.py:840} INFO - DAG(s) 'example_xcom_args_with_operators', 'example_xcom_args' retrieved from /home/airflow/.local/lib/python3.12/site-packages/airflow/example_dags/example_xcomargs.py
[2024-05-25T22:09:37.791+0000] {logging_mixin.py:188} INFO - [2024-05-25T22:09:37.790+0000] {dag.py:3096} INFO - Sync 2 DAGs
[2024-05-25T22:09:37.807+0000] {logging_mixin.py:188} INFO - [2024-05-25T22:09:37.806+0000] {dag.py:3954} INFO - Setting next_dagrun for example_xcom_args to None, run_after=None
[2024-05-25T22:09:37.811+0000] {logging_mixin.py:188} INFO - [2024-05-25T22:09:37.811+0000] {dag.py:3954} INFO - Setting next_dagrun for example_xcom_args_with_operators to None, run_after=None
[2024-05-25T22:09:37.834+0000] {processor.py:183} INFO - Processing /home/airflow/.local/lib/python3.12/site-packages/airflow/example_dags/example_xcomargs.py took 0.110 seconds
[2024-05-25T22:10:08.667+0000] {processor.py:161} INFO - Started process (PID=1058) to work on /home/airflow/.local/lib/python3.12/site-packages/airflow/example_dags/example_xcomargs.py
[2024-05-25T22:10:08.668+0000] {processor.py:830} INFO - Processing file /home/airflow/.local/lib/python3.12/site-packages/airflow/example_dags/example_xcomargs.py for tasks to queue
[2024-05-25T22:10:08.671+0000] {logging_mixin.py:188} INFO - [2024-05-25T22:10:08.670+0000] {dagbag.py:545} INFO - Filling up the DagBag from /home/airflow/.local/lib/python3.12/site-packages/airflow/example_dags/example_xcomargs.py
[2024-05-25T22:10:08.680+0000] {processor.py:840} INFO - DAG(s) 'example_xcom_args', 'example_xcom_args_with_operators' retrieved from /home/airflow/.local/lib/python3.12/site-packages/airflow/example_dags/example_xcomargs.py
[2024-05-25T22:10:08.712+0000] {logging_mixin.py:188} INFO - [2024-05-25T22:10:08.712+0000] {dag.py:3096} INFO - Sync 2 DAGs
[2024-05-25T22:10:08.731+0000] {logging_mixin.py:188} INFO - [2024-05-25T22:10:08.731+0000] {dag.py:3954} INFO - Setting next_dagrun for example_xcom_args to None, run_after=None
[2024-05-25T22:10:08.736+0000] {logging_mixin.py:188} INFO - [2024-05-25T22:10:08.736+0000] {dag.py:3954} INFO - Setting next_dagrun for example_xcom_args_with_operators to None, run_after=None
[2024-05-25T22:10:08.758+0000] {processor.py:183} INFO - Processing /home/airflow/.local/lib/python3.12/site-packages/airflow/example_dags/example_xcomargs.py took 0.097 seconds
[2024-05-25T22:10:39.275+0000] {processor.py:161} INFO - Started process (PID=1115) to work on /home/airflow/.local/lib/python3.12/site-packages/airflow/example_dags/example_xcomargs.py
[2024-05-25T22:10:39.276+0000] {processor.py:830} INFO - Processing file /home/airflow/.local/lib/python3.12/site-packages/airflow/example_dags/example_xcomargs.py for tasks to queue
[2024-05-25T22:10:39.279+0000] {logging_mixin.py:188} INFO - [2024-05-25T22:10:39.278+0000] {dagbag.py:545} INFO - Filling up the DagBag from /home/airflow/.local/lib/python3.12/site-packages/airflow/example_dags/example_xcomargs.py
[2024-05-25T22:10:39.289+0000] {processor.py:840} INFO - DAG(s) 'example_xcom_args', 'example_xcom_args_with_operators' retrieved from /home/airflow/.local/lib/python3.12/site-packages/airflow/example_dags/example_xcomargs.py
[2024-05-25T22:10:39.322+0000] {logging_mixin.py:188} INFO - [2024-05-25T22:10:39.321+0000] {dag.py:3096} INFO - Sync 2 DAGs
[2024-05-25T22:10:39.340+0000] {logging_mixin.py:188} INFO - [2024-05-25T22:10:39.340+0000] {dag.py:3954} INFO - Setting next_dagrun for example_xcom_args to None, run_after=None
[2024-05-25T22:10:39.347+0000] {logging_mixin.py:188} INFO - [2024-05-25T22:10:39.347+0000] {dag.py:3954} INFO - Setting next_dagrun for example_xcom_args_with_operators to None, run_after=None
[2024-05-25T22:10:39.368+0000] {processor.py:183} INFO - Processing /home/airflow/.local/lib/python3.12/site-packages/airflow/example_dags/example_xcomargs.py took 0.099 seconds
[2024-05-25T22:11:09.635+0000] {processor.py:161} INFO - Started process (PID=1172) to work on /home/airflow/.local/lib/python3.12/site-packages/airflow/example_dags/example_xcomargs.py
[2024-05-25T22:11:09.636+0000] {processor.py:830} INFO - Processing file /home/airflow/.local/lib/python3.12/site-packages/airflow/example_dags/example_xcomargs.py for tasks to queue
[2024-05-25T22:11:09.639+0000] {logging_mixin.py:188} INFO - [2024-05-25T22:11:09.639+0000] {dagbag.py:545} INFO - Filling up the DagBag from /home/airflow/.local/lib/python3.12/site-packages/airflow/example_dags/example_xcomargs.py
[2024-05-25T22:11:09.652+0000] {processor.py:840} INFO - DAG(s) 'example_xcom_args_with_operators', 'example_xcom_args' retrieved from /home/airflow/.local/lib/python3.12/site-packages/airflow/example_dags/example_xcomargs.py
[2024-05-25T22:11:09.705+0000] {logging_mixin.py:188} INFO - [2024-05-25T22:11:09.705+0000] {dag.py:3096} INFO - Sync 2 DAGs
[2024-05-25T22:11:09.722+0000] {logging_mixin.py:188} INFO - [2024-05-25T22:11:09.722+0000] {dag.py:3954} INFO - Setting next_dagrun for example_xcom_args to None, run_after=None
[2024-05-25T22:11:09.727+0000] {logging_mixin.py:188} INFO - [2024-05-25T22:11:09.727+0000] {dag.py:3954} INFO - Setting next_dagrun for example_xcom_args_with_operators to None, run_after=None
[2024-05-25T22:11:09.750+0000] {processor.py:183} INFO - Processing /home/airflow/.local/lib/python3.12/site-packages/airflow/example_dags/example_xcomargs.py took 0.122 seconds
[2024-05-25T22:11:39.838+0000] {processor.py:161} INFO - Started process (PID=1231) to work on /home/airflow/.local/lib/python3.12/site-packages/airflow/example_dags/example_xcomargs.py
[2024-05-25T22:11:39.839+0000] {processor.py:830} INFO - Processing file /home/airflow/.local/lib/python3.12/site-packages/airflow/example_dags/example_xcomargs.py for tasks to queue
[2024-05-25T22:11:39.842+0000] {logging_mixin.py:188} INFO - [2024-05-25T22:11:39.842+0000] {dagbag.py:545} INFO - Filling up the DagBag from /home/airflow/.local/lib/python3.12/site-packages/airflow/example_dags/example_xcomargs.py
[2024-05-25T22:11:39.855+0000] {processor.py:840} INFO - DAG(s) 'example_xcom_args', 'example_xcom_args_with_operators' retrieved from /home/airflow/.local/lib/python3.12/site-packages/airflow/example_dags/example_xcomargs.py
[2024-05-25T22:11:39.883+0000] {logging_mixin.py:188} INFO - [2024-05-25T22:11:39.883+0000] {dag.py:3096} INFO - Sync 2 DAGs
[2024-05-25T22:11:39.906+0000] {logging_mixin.py:188} INFO - [2024-05-25T22:11:39.905+0000] {dag.py:3954} INFO - Setting next_dagrun for example_xcom_args to None, run_after=None
[2024-05-25T22:11:39.914+0000] {logging_mixin.py:188} INFO - [2024-05-25T22:11:39.914+0000] {dag.py:3954} INFO - Setting next_dagrun for example_xcom_args_with_operators to None, run_after=None
[2024-05-25T22:11:39.933+0000] {processor.py:183} INFO - Processing /home/airflow/.local/lib/python3.12/site-packages/airflow/example_dags/example_xcomargs.py took 0.101 seconds
[2024-05-25T22:12:10.538+0000] {processor.py:161} INFO - Started process (PID=1289) to work on /home/airflow/.local/lib/python3.12/site-packages/airflow/example_dags/example_xcomargs.py
[2024-05-25T22:12:10.539+0000] {processor.py:830} INFO - Processing file /home/airflow/.local/lib/python3.12/site-packages/airflow/example_dags/example_xcomargs.py for tasks to queue
[2024-05-25T22:12:10.541+0000] {logging_mixin.py:188} INFO - [2024-05-25T22:12:10.541+0000] {dagbag.py:545} INFO - Filling up the DagBag from /home/airflow/.local/lib/python3.12/site-packages/airflow/example_dags/example_xcomargs.py
[2024-05-25T22:12:10.552+0000] {processor.py:840} INFO - DAG(s) 'example_xcom_args_with_operators', 'example_xcom_args' retrieved from /home/airflow/.local/lib/python3.12/site-packages/airflow/example_dags/example_xcomargs.py
[2024-05-25T22:12:10.583+0000] {logging_mixin.py:188} INFO - [2024-05-25T22:12:10.583+0000] {dag.py:3096} INFO - Sync 2 DAGs
[2024-05-25T22:12:10.598+0000] {logging_mixin.py:188} INFO - [2024-05-25T22:12:10.598+0000] {dag.py:3954} INFO - Setting next_dagrun for example_xcom_args to None, run_after=None
[2024-05-25T22:12:10.604+0000] {logging_mixin.py:188} INFO - [2024-05-25T22:12:10.604+0000] {dag.py:3954} INFO - Setting next_dagrun for example_xcom_args_with_operators to None, run_after=None
[2024-05-25T22:12:10.627+0000] {processor.py:183} INFO - Processing /home/airflow/.local/lib/python3.12/site-packages/airflow/example_dags/example_xcomargs.py took 0.097 seconds
[2024-05-25T22:12:40.938+0000] {processor.py:161} INFO - Started process (PID=1352) to work on /home/airflow/.local/lib/python3.12/site-packages/airflow/example_dags/example_xcomargs.py
[2024-05-25T22:12:40.939+0000] {processor.py:830} INFO - Processing file /home/airflow/.local/lib/python3.12/site-packages/airflow/example_dags/example_xcomargs.py for tasks to queue
[2024-05-25T22:12:40.941+0000] {logging_mixin.py:188} INFO - [2024-05-25T22:12:40.941+0000] {dagbag.py:545} INFO - Filling up the DagBag from /home/airflow/.local/lib/python3.12/site-packages/airflow/example_dags/example_xcomargs.py
[2024-05-25T22:12:40.952+0000] {processor.py:840} INFO - DAG(s) 'example_xcom_args', 'example_xcom_args_with_operators' retrieved from /home/airflow/.local/lib/python3.12/site-packages/airflow/example_dags/example_xcomargs.py
[2024-05-25T22:12:40.982+0000] {logging_mixin.py:188} INFO - [2024-05-25T22:12:40.982+0000] {dag.py:3096} INFO - Sync 2 DAGs
[2024-05-25T22:12:40.998+0000] {logging_mixin.py:188} INFO - [2024-05-25T22:12:40.997+0000] {dag.py:3954} INFO - Setting next_dagrun for example_xcom_args to None, run_after=None
[2024-05-25T22:12:41.003+0000] {logging_mixin.py:188} INFO - [2024-05-25T22:12:41.002+0000] {dag.py:3954} INFO - Setting next_dagrun for example_xcom_args_with_operators to None, run_after=None
[2024-05-25T22:12:41.023+0000] {processor.py:183} INFO - Processing /home/airflow/.local/lib/python3.12/site-packages/airflow/example_dags/example_xcomargs.py took 0.094 seconds
[2024-05-25T22:13:11.967+0000] {processor.py:161} INFO - Started process (PID=1418) to work on /home/airflow/.local/lib/python3.12/site-packages/airflow/example_dags/example_xcomargs.py
[2024-05-25T22:13:11.968+0000] {processor.py:830} INFO - Processing file /home/airflow/.local/lib/python3.12/site-packages/airflow/example_dags/example_xcomargs.py for tasks to queue
[2024-05-25T22:13:11.970+0000] {logging_mixin.py:188} INFO - [2024-05-25T22:13:11.970+0000] {dagbag.py:545} INFO - Filling up the DagBag from /home/airflow/.local/lib/python3.12/site-packages/airflow/example_dags/example_xcomargs.py
[2024-05-25T22:13:11.979+0000] {processor.py:840} INFO - DAG(s) 'example_xcom_args_with_operators', 'example_xcom_args' retrieved from /home/airflow/.local/lib/python3.12/site-packages/airflow/example_dags/example_xcomargs.py
[2024-05-25T22:13:12.006+0000] {logging_mixin.py:188} INFO - [2024-05-25T22:13:12.006+0000] {dag.py:3096} INFO - Sync 2 DAGs
[2024-05-25T22:13:12.025+0000] {logging_mixin.py:188} INFO - [2024-05-25T22:13:12.025+0000] {dag.py:3954} INFO - Setting next_dagrun for example_xcom_args to None, run_after=None
[2024-05-25T22:13:12.030+0000] {logging_mixin.py:188} INFO - [2024-05-25T22:13:12.030+0000] {dag.py:3954} INFO - Setting next_dagrun for example_xcom_args_with_operators to None, run_after=None
[2024-05-25T22:13:12.053+0000] {processor.py:183} INFO - Processing /home/airflow/.local/lib/python3.12/site-packages/airflow/example_dags/example_xcomargs.py took 0.093 seconds
[2024-05-25T22:13:42.199+0000] {processor.py:161} INFO - Started process (PID=1476) to work on /home/airflow/.local/lib/python3.12/site-packages/airflow/example_dags/example_xcomargs.py
[2024-05-25T22:13:42.200+0000] {processor.py:830} INFO - Processing file /home/airflow/.local/lib/python3.12/site-packages/airflow/example_dags/example_xcomargs.py for tasks to queue
[2024-05-25T22:13:42.203+0000] {logging_mixin.py:188} INFO - [2024-05-25T22:13:42.202+0000] {dagbag.py:545} INFO - Filling up the DagBag from /home/airflow/.local/lib/python3.12/site-packages/airflow/example_dags/example_xcomargs.py
[2024-05-25T22:13:42.224+0000] {processor.py:840} INFO - DAG(s) 'example_xcom_args', 'example_xcom_args_with_operators' retrieved from /home/airflow/.local/lib/python3.12/site-packages/airflow/example_dags/example_xcomargs.py
[2024-05-25T22:13:42.254+0000] {logging_mixin.py:188} INFO - [2024-05-25T22:13:42.254+0000] {dag.py:3096} INFO - Sync 2 DAGs
[2024-05-25T22:13:42.278+0000] {logging_mixin.py:188} INFO - [2024-05-25T22:13:42.277+0000] {dag.py:3954} INFO - Setting next_dagrun for example_xcom_args to None, run_after=None
[2024-05-25T22:13:42.284+0000] {logging_mixin.py:188} INFO - [2024-05-25T22:13:42.283+0000] {dag.py:3954} INFO - Setting next_dagrun for example_xcom_args_with_operators to None, run_after=None
[2024-05-25T22:13:42.305+0000] {processor.py:183} INFO - Processing /home/airflow/.local/lib/python3.12/site-packages/airflow/example_dags/example_xcomargs.py took 0.113 seconds
[2024-05-25T22:14:12.387+0000] {processor.py:161} INFO - Started process (PID=1534) to work on /home/airflow/.local/lib/python3.12/site-packages/airflow/example_dags/example_xcomargs.py
[2024-05-25T22:14:12.388+0000] {processor.py:830} INFO - Processing file /home/airflow/.local/lib/python3.12/site-packages/airflow/example_dags/example_xcomargs.py for tasks to queue
[2024-05-25T22:14:12.390+0000] {logging_mixin.py:188} INFO - [2024-05-25T22:14:12.389+0000] {dagbag.py:545} INFO - Filling up the DagBag from /home/airflow/.local/lib/python3.12/site-packages/airflow/example_dags/example_xcomargs.py
[2024-05-25T22:14:12.399+0000] {processor.py:840} INFO - DAG(s) 'example_xcom_args', 'example_xcom_args_with_operators' retrieved from /home/airflow/.local/lib/python3.12/site-packages/airflow/example_dags/example_xcomargs.py
[2024-05-25T22:14:12.439+0000] {logging_mixin.py:188} INFO - [2024-05-25T22:14:12.439+0000] {dag.py:3096} INFO - Sync 2 DAGs
[2024-05-25T22:14:12.453+0000] {logging_mixin.py:188} INFO - [2024-05-25T22:14:12.453+0000] {dag.py:3954} INFO - Setting next_dagrun for example_xcom_args to None, run_after=None
[2024-05-25T22:14:12.458+0000] {logging_mixin.py:188} INFO - [2024-05-25T22:14:12.457+0000] {dag.py:3954} INFO - Setting next_dagrun for example_xcom_args_with_operators to None, run_after=None
[2024-05-25T22:14:12.495+0000] {processor.py:183} INFO - Processing /home/airflow/.local/lib/python3.12/site-packages/airflow/example_dags/example_xcomargs.py took 0.115 seconds
[2024-05-25T22:14:42.784+0000] {processor.py:161} INFO - Started process (PID=1593) to work on /home/airflow/.local/lib/python3.12/site-packages/airflow/example_dags/example_xcomargs.py
[2024-05-25T22:14:42.785+0000] {processor.py:830} INFO - Processing file /home/airflow/.local/lib/python3.12/site-packages/airflow/example_dags/example_xcomargs.py for tasks to queue
[2024-05-25T22:14:42.788+0000] {logging_mixin.py:188} INFO - [2024-05-25T22:14:42.788+0000] {dagbag.py:545} INFO - Filling up the DagBag from /home/airflow/.local/lib/python3.12/site-packages/airflow/example_dags/example_xcomargs.py
[2024-05-25T22:14:42.799+0000] {processor.py:840} INFO - DAG(s) 'example_xcom_args_with_operators', 'example_xcom_args' retrieved from /home/airflow/.local/lib/python3.12/site-packages/airflow/example_dags/example_xcomargs.py
[2024-05-25T22:14:42.828+0000] {logging_mixin.py:188} INFO - [2024-05-25T22:14:42.828+0000] {dag.py:3096} INFO - Sync 2 DAGs
[2024-05-25T22:14:42.846+0000] {logging_mixin.py:188} INFO - [2024-05-25T22:14:42.846+0000] {dag.py:3954} INFO - Setting next_dagrun for example_xcom_args to None, run_after=None
[2024-05-25T22:14:42.851+0000] {logging_mixin.py:188} INFO - [2024-05-25T22:14:42.851+0000] {dag.py:3954} INFO - Setting next_dagrun for example_xcom_args_with_operators to None, run_after=None
[2024-05-25T22:14:42.873+0000] {processor.py:183} INFO - Processing /home/airflow/.local/lib/python3.12/site-packages/airflow/example_dags/example_xcomargs.py took 0.096 seconds
[2024-05-25T22:15:13.343+0000] {processor.py:161} INFO - Started process (PID=1651) to work on /home/airflow/.local/lib/python3.12/site-packages/airflow/example_dags/example_xcomargs.py
[2024-05-25T22:15:13.344+0000] {processor.py:830} INFO - Processing file /home/airflow/.local/lib/python3.12/site-packages/airflow/example_dags/example_xcomargs.py for tasks to queue
[2024-05-25T22:15:13.346+0000] {logging_mixin.py:188} INFO - [2024-05-25T22:15:13.345+0000] {dagbag.py:545} INFO - Filling up the DagBag from /home/airflow/.local/lib/python3.12/site-packages/airflow/example_dags/example_xcomargs.py
[2024-05-25T22:15:13.354+0000] {processor.py:840} INFO - DAG(s) 'example_xcom_args', 'example_xcom_args_with_operators' retrieved from /home/airflow/.local/lib/python3.12/site-packages/airflow/example_dags/example_xcomargs.py
[2024-05-25T22:15:13.380+0000] {logging_mixin.py:188} INFO - [2024-05-25T22:15:13.380+0000] {dag.py:3096} INFO - Sync 2 DAGs
[2024-05-25T22:15:13.396+0000] {logging_mixin.py:188} INFO - [2024-05-25T22:15:13.396+0000] {dag.py:3954} INFO - Setting next_dagrun for example_xcom_args to None, run_after=None
[2024-05-25T22:15:13.401+0000] {logging_mixin.py:188} INFO - [2024-05-25T22:15:13.401+0000] {dag.py:3954} INFO - Setting next_dagrun for example_xcom_args_with_operators to None, run_after=None
[2024-05-25T22:15:13.422+0000] {processor.py:183} INFO - Processing /home/airflow/.local/lib/python3.12/site-packages/airflow/example_dags/example_xcomargs.py took 0.087 seconds
[2024-05-25T22:15:43.751+0000] {processor.py:161} INFO - Started process (PID=1709) to work on /home/airflow/.local/lib/python3.12/site-packages/airflow/example_dags/example_xcomargs.py
[2024-05-25T22:15:43.752+0000] {processor.py:830} INFO - Processing file /home/airflow/.local/lib/python3.12/site-packages/airflow/example_dags/example_xcomargs.py for tasks to queue
[2024-05-25T22:15:43.754+0000] {logging_mixin.py:188} INFO - [2024-05-25T22:15:43.754+0000] {dagbag.py:545} INFO - Filling up the DagBag from /home/airflow/.local/lib/python3.12/site-packages/airflow/example_dags/example_xcomargs.py
[2024-05-25T22:15:43.764+0000] {processor.py:840} INFO - DAG(s) 'example_xcom_args_with_operators', 'example_xcom_args' retrieved from /home/airflow/.local/lib/python3.12/site-packages/airflow/example_dags/example_xcomargs.py
[2024-05-25T22:15:43.797+0000] {logging_mixin.py:188} INFO - [2024-05-25T22:15:43.796+0000] {dag.py:3096} INFO - Sync 2 DAGs
[2024-05-25T22:15:43.814+0000] {logging_mixin.py:188} INFO - [2024-05-25T22:15:43.814+0000] {dag.py:3954} INFO - Setting next_dagrun for example_xcom_args to None, run_after=None
[2024-05-25T22:15:43.821+0000] {logging_mixin.py:188} INFO - [2024-05-25T22:15:43.821+0000] {dag.py:3954} INFO - Setting next_dagrun for example_xcom_args_with_operators to None, run_after=None
[2024-05-25T22:15:43.839+0000] {processor.py:183} INFO - Processing /home/airflow/.local/lib/python3.12/site-packages/airflow/example_dags/example_xcomargs.py took 0.097 seconds
[2024-05-25T22:16:16.078+0000] {processor.py:161} INFO - Started process (PID=1767) to work on /home/airflow/.local/lib/python3.12/site-packages/airflow/example_dags/example_xcomargs.py
[2024-05-25T22:16:16.079+0000] {processor.py:830} INFO - Processing file /home/airflow/.local/lib/python3.12/site-packages/airflow/example_dags/example_xcomargs.py for tasks to queue
[2024-05-25T22:16:16.083+0000] {logging_mixin.py:188} INFO - [2024-05-25T22:16:16.083+0000] {dagbag.py:545} INFO - Filling up the DagBag from /home/airflow/.local/lib/python3.12/site-packages/airflow/example_dags/example_xcomargs.py
[2024-05-25T22:16:16.095+0000] {processor.py:840} INFO - DAG(s) 'example_xcom_args', 'example_xcom_args_with_operators' retrieved from /home/airflow/.local/lib/python3.12/site-packages/airflow/example_dags/example_xcomargs.py
[2024-05-25T22:16:16.132+0000] {logging_mixin.py:188} INFO - [2024-05-25T22:16:16.132+0000] {dag.py:3096} INFO - Sync 2 DAGs
[2024-05-25T22:16:16.150+0000] {logging_mixin.py:188} INFO - [2024-05-25T22:16:16.149+0000] {dag.py:3954} INFO - Setting next_dagrun for example_xcom_args to None, run_after=None
[2024-05-25T22:16:16.155+0000] {logging_mixin.py:188} INFO - [2024-05-25T22:16:16.155+0000] {dag.py:3954} INFO - Setting next_dagrun for example_xcom_args_with_operators to None, run_after=None
[2024-05-25T22:16:16.189+0000] {processor.py:183} INFO - Processing /home/airflow/.local/lib/python3.12/site-packages/airflow/example_dags/example_xcomargs.py took 0.121 seconds
[2024-05-25T22:16:47.082+0000] {processor.py:161} INFO - Started process (PID=1825) to work on /home/airflow/.local/lib/python3.12/site-packages/airflow/example_dags/example_xcomargs.py
[2024-05-25T22:16:47.083+0000] {processor.py:830} INFO - Processing file /home/airflow/.local/lib/python3.12/site-packages/airflow/example_dags/example_xcomargs.py for tasks to queue
[2024-05-25T22:16:47.086+0000] {logging_mixin.py:188} INFO - [2024-05-25T22:16:47.085+0000] {dagbag.py:545} INFO - Filling up the DagBag from /home/airflow/.local/lib/python3.12/site-packages/airflow/example_dags/example_xcomargs.py
[2024-05-25T22:16:47.096+0000] {processor.py:840} INFO - DAG(s) 'example_xcom_args_with_operators', 'example_xcom_args' retrieved from /home/airflow/.local/lib/python3.12/site-packages/airflow/example_dags/example_xcomargs.py
[2024-05-25T22:16:47.274+0000] {logging_mixin.py:188} INFO - [2024-05-25T22:16:47.273+0000] {dag.py:3096} INFO - Sync 2 DAGs
[2024-05-25T22:16:47.290+0000] {logging_mixin.py:188} INFO - [2024-05-25T22:16:47.289+0000] {dag.py:3954} INFO - Setting next_dagrun for example_xcom_args to None, run_after=None
[2024-05-25T22:16:47.295+0000] {logging_mixin.py:188} INFO - [2024-05-25T22:16:47.295+0000] {dag.py:3954} INFO - Setting next_dagrun for example_xcom_args_with_operators to None, run_after=None
[2024-05-25T22:16:47.315+0000] {processor.py:183} INFO - Processing /home/airflow/.local/lib/python3.12/site-packages/airflow/example_dags/example_xcomargs.py took 0.240 seconds
[2024-05-25T22:17:17.951+0000] {processor.py:161} INFO - Started process (PID=1883) to work on /home/airflow/.local/lib/python3.12/site-packages/airflow/example_dags/example_xcomargs.py
[2024-05-25T22:17:17.953+0000] {processor.py:830} INFO - Processing file /home/airflow/.local/lib/python3.12/site-packages/airflow/example_dags/example_xcomargs.py for tasks to queue
[2024-05-25T22:17:17.957+0000] {logging_mixin.py:188} INFO - [2024-05-25T22:17:17.956+0000] {dagbag.py:545} INFO - Filling up the DagBag from /home/airflow/.local/lib/python3.12/site-packages/airflow/example_dags/example_xcomargs.py
[2024-05-25T22:17:17.971+0000] {processor.py:840} INFO - DAG(s) 'example_xcom_args_with_operators', 'example_xcom_args' retrieved from /home/airflow/.local/lib/python3.12/site-packages/airflow/example_dags/example_xcomargs.py
[2024-05-25T22:17:18.005+0000] {logging_mixin.py:188} INFO - [2024-05-25T22:17:18.004+0000] {dag.py:3096} INFO - Sync 2 DAGs
[2024-05-25T22:17:18.151+0000] {logging_mixin.py:188} INFO - [2024-05-25T22:17:18.151+0000] {dag.py:3954} INFO - Setting next_dagrun for example_xcom_args to None, run_after=None
[2024-05-25T22:17:18.156+0000] {logging_mixin.py:188} INFO - [2024-05-25T22:17:18.156+0000] {dag.py:3954} INFO - Setting next_dagrun for example_xcom_args_with_operators to None, run_after=None
[2024-05-25T22:17:18.173+0000] {processor.py:183} INFO - Processing /home/airflow/.local/lib/python3.12/site-packages/airflow/example_dags/example_xcomargs.py took 0.240 seconds
[2024-05-25T22:17:48.407+0000] {processor.py:161} INFO - Started process (PID=1941) to work on /home/airflow/.local/lib/python3.12/site-packages/airflow/example_dags/example_xcomargs.py
[2024-05-25T22:17:48.409+0000] {processor.py:830} INFO - Processing file /home/airflow/.local/lib/python3.12/site-packages/airflow/example_dags/example_xcomargs.py for tasks to queue
[2024-05-25T22:17:48.411+0000] {logging_mixin.py:188} INFO - [2024-05-25T22:17:48.411+0000] {dagbag.py:545} INFO - Filling up the DagBag from /home/airflow/.local/lib/python3.12/site-packages/airflow/example_dags/example_xcomargs.py
[2024-05-25T22:17:48.423+0000] {processor.py:840} INFO - DAG(s) 'example_xcom_args', 'example_xcom_args_with_operators' retrieved from /home/airflow/.local/lib/python3.12/site-packages/airflow/example_dags/example_xcomargs.py
[2024-05-25T22:17:48.450+0000] {logging_mixin.py:188} INFO - [2024-05-25T22:17:48.449+0000] {dag.py:3096} INFO - Sync 2 DAGs
[2024-05-25T22:17:48.468+0000] {logging_mixin.py:188} INFO - [2024-05-25T22:17:48.468+0000] {dag.py:3954} INFO - Setting next_dagrun for example_xcom_args to None, run_after=None
[2024-05-25T22:17:48.474+0000] {logging_mixin.py:188} INFO - [2024-05-25T22:17:48.473+0000] {dag.py:3954} INFO - Setting next_dagrun for example_xcom_args_with_operators to None, run_after=None
[2024-05-25T22:17:48.496+0000] {processor.py:183} INFO - Processing /home/airflow/.local/lib/python3.12/site-packages/airflow/example_dags/example_xcomargs.py took 0.095 seconds
[2024-05-25T22:18:18.610+0000] {processor.py:161} INFO - Started process (PID=1999) to work on /home/airflow/.local/lib/python3.12/site-packages/airflow/example_dags/example_xcomargs.py
[2024-05-25T22:18:18.611+0000] {processor.py:830} INFO - Processing file /home/airflow/.local/lib/python3.12/site-packages/airflow/example_dags/example_xcomargs.py for tasks to queue
[2024-05-25T22:18:18.613+0000] {logging_mixin.py:188} INFO - [2024-05-25T22:18:18.613+0000] {dagbag.py:545} INFO - Filling up the DagBag from /home/airflow/.local/lib/python3.12/site-packages/airflow/example_dags/example_xcomargs.py
[2024-05-25T22:18:18.623+0000] {processor.py:840} INFO - DAG(s) 'example_xcom_args', 'example_xcom_args_with_operators' retrieved from /home/airflow/.local/lib/python3.12/site-packages/airflow/example_dags/example_xcomargs.py
[2024-05-25T22:18:18.648+0000] {logging_mixin.py:188} INFO - [2024-05-25T22:18:18.648+0000] {dag.py:3096} INFO - Sync 2 DAGs
[2024-05-25T22:18:18.665+0000] {logging_mixin.py:188} INFO - [2024-05-25T22:18:18.665+0000] {dag.py:3954} INFO - Setting next_dagrun for example_xcom_args to None, run_after=None
[2024-05-25T22:18:18.670+0000] {logging_mixin.py:188} INFO - [2024-05-25T22:18:18.670+0000] {dag.py:3954} INFO - Setting next_dagrun for example_xcom_args_with_operators to None, run_after=None
[2024-05-25T22:18:18.691+0000] {processor.py:183} INFO - Processing /home/airflow/.local/lib/python3.12/site-packages/airflow/example_dags/example_xcomargs.py took 0.087 seconds
[2024-05-25T22:18:48.826+0000] {processor.py:161} INFO - Started process (PID=2057) to work on /home/airflow/.local/lib/python3.12/site-packages/airflow/example_dags/example_xcomargs.py
[2024-05-25T22:18:48.827+0000] {processor.py:830} INFO - Processing file /home/airflow/.local/lib/python3.12/site-packages/airflow/example_dags/example_xcomargs.py for tasks to queue
[2024-05-25T22:18:48.829+0000] {logging_mixin.py:188} INFO - [2024-05-25T22:18:48.828+0000] {dagbag.py:545} INFO - Filling up the DagBag from /home/airflow/.local/lib/python3.12/site-packages/airflow/example_dags/example_xcomargs.py
[2024-05-25T22:18:48.839+0000] {processor.py:840} INFO - DAG(s) 'example_xcom_args', 'example_xcom_args_with_operators' retrieved from /home/airflow/.local/lib/python3.12/site-packages/airflow/example_dags/example_xcomargs.py
[2024-05-25T22:18:48.866+0000] {logging_mixin.py:188} INFO - [2024-05-25T22:18:48.866+0000] {dag.py:3096} INFO - Sync 2 DAGs
[2024-05-25T22:18:48.882+0000] {logging_mixin.py:188} INFO - [2024-05-25T22:18:48.882+0000] {dag.py:3954} INFO - Setting next_dagrun for example_xcom_args to None, run_after=None
[2024-05-25T22:18:48.887+0000] {logging_mixin.py:188} INFO - [2024-05-25T22:18:48.887+0000] {dag.py:3954} INFO - Setting next_dagrun for example_xcom_args_with_operators to None, run_after=None
[2024-05-25T22:18:48.908+0000] {processor.py:183} INFO - Processing /home/airflow/.local/lib/python3.12/site-packages/airflow/example_dags/example_xcomargs.py took 0.089 seconds
[2024-05-25T22:19:19.046+0000] {processor.py:161} INFO - Started process (PID=2115) to work on /home/airflow/.local/lib/python3.12/site-packages/airflow/example_dags/example_xcomargs.py
[2024-05-25T22:19:19.047+0000] {processor.py:830} INFO - Processing file /home/airflow/.local/lib/python3.12/site-packages/airflow/example_dags/example_xcomargs.py for tasks to queue
[2024-05-25T22:19:19.051+0000] {logging_mixin.py:188} INFO - [2024-05-25T22:19:19.050+0000] {dagbag.py:545} INFO - Filling up the DagBag from /home/airflow/.local/lib/python3.12/site-packages/airflow/example_dags/example_xcomargs.py
[2024-05-25T22:19:19.063+0000] {processor.py:840} INFO - DAG(s) 'example_xcom_args_with_operators', 'example_xcom_args' retrieved from /home/airflow/.local/lib/python3.12/site-packages/airflow/example_dags/example_xcomargs.py
[2024-05-25T22:19:19.092+0000] {logging_mixin.py:188} INFO - [2024-05-25T22:19:19.091+0000] {dag.py:3096} INFO - Sync 2 DAGs
[2024-05-25T22:19:19.108+0000] {logging_mixin.py:188} INFO - [2024-05-25T22:19:19.108+0000] {dag.py:3954} INFO - Setting next_dagrun for example_xcom_args to None, run_after=None
[2024-05-25T22:19:19.113+0000] {logging_mixin.py:188} INFO - [2024-05-25T22:19:19.113+0000] {dag.py:3954} INFO - Setting next_dagrun for example_xcom_args_with_operators to None, run_after=None
[2024-05-25T22:19:19.134+0000] {processor.py:183} INFO - Processing /home/airflow/.local/lib/python3.12/site-packages/airflow/example_dags/example_xcomargs.py took 0.098 seconds
