[2024-05-25T22:01:26.096+0000] {processor.py:161} INFO - Started process (PID=35) to work on /home/airflow/.local/lib/python3.12/site-packages/airflow/example_dags/example_branch_python_dop_operator_3.py
[2024-05-25T22:01:26.101+0000] {processor.py:830} INFO - Processing file /home/airflow/.local/lib/python3.12/site-packages/airflow/example_dags/example_branch_python_dop_operator_3.py for tasks to queue
[2024-05-25T22:01:26.109+0000] {logging_mixin.py:188} INFO - [2024-05-25T22:01:26.109+0000] {dagbag.py:545} INFO - Filling up the DagBag from /home/airflow/.local/lib/python3.12/site-packages/airflow/example_dags/example_branch_python_dop_operator_3.py
[2024-05-25T22:01:26.145+0000] {processor.py:840} INFO - DAG(s) 'example_branch_dop_operator_v3' retrieved from /home/airflow/.local/lib/python3.12/site-packages/airflow/example_dags/example_branch_python_dop_operator_3.py
[2024-05-25T22:01:26.181+0000] {logging_mixin.py:188} INFO - [2024-05-25T22:01:26.181+0000] {dag.py:3096} INFO - Sync 1 DAGs
[2024-05-25T22:01:26.281+0000] {logging_mixin.py:188} INFO - [2024-05-25T22:01:26.281+0000] {dag.py:3954} INFO - Setting next_dagrun for example_branch_dop_operator_v3 to 2024-05-25 22:00:00+00:00, run_after=2024-05-25 22:01:00+00:00
[2024-05-25T22:01:26.334+0000] {processor.py:183} INFO - Processing /home/airflow/.local/lib/python3.12/site-packages/airflow/example_dags/example_branch_python_dop_operator_3.py took 0.252 seconds
[2024-05-25T22:01:56.740+0000] {processor.py:161} INFO - Started process (PID=93) to work on /home/airflow/.local/lib/python3.12/site-packages/airflow/example_dags/example_branch_python_dop_operator_3.py
[2024-05-25T22:01:56.741+0000] {processor.py:830} INFO - Processing file /home/airflow/.local/lib/python3.12/site-packages/airflow/example_dags/example_branch_python_dop_operator_3.py for tasks to queue
[2024-05-25T22:01:56.743+0000] {logging_mixin.py:188} INFO - [2024-05-25T22:01:56.742+0000] {dagbag.py:545} INFO - Filling up the DagBag from /home/airflow/.local/lib/python3.12/site-packages/airflow/example_dags/example_branch_python_dop_operator_3.py
[2024-05-25T22:01:56.752+0000] {processor.py:840} INFO - DAG(s) 'example_branch_dop_operator_v3' retrieved from /home/airflow/.local/lib/python3.12/site-packages/airflow/example_dags/example_branch_python_dop_operator_3.py
[2024-05-25T22:01:56.875+0000] {logging_mixin.py:188} INFO - [2024-05-25T22:01:56.875+0000] {dag.py:3096} INFO - Sync 1 DAGs
[2024-05-25T22:01:56.900+0000] {logging_mixin.py:188} INFO - [2024-05-25T22:01:56.900+0000] {dag.py:3954} INFO - Setting next_dagrun for example_branch_dop_operator_v3 to 2024-05-25 22:00:00+00:00, run_after=2024-05-25 22:01:00+00:00
[2024-05-25T22:01:56.933+0000] {processor.py:183} INFO - Processing /home/airflow/.local/lib/python3.12/site-packages/airflow/example_dags/example_branch_python_dop_operator_3.py took 0.200 seconds
[2024-05-25T22:02:27.796+0000] {processor.py:161} INFO - Started process (PID=151) to work on /home/airflow/.local/lib/python3.12/site-packages/airflow/example_dags/example_branch_python_dop_operator_3.py
[2024-05-25T22:02:27.797+0000] {processor.py:830} INFO - Processing file /home/airflow/.local/lib/python3.12/site-packages/airflow/example_dags/example_branch_python_dop_operator_3.py for tasks to queue
[2024-05-25T22:02:27.800+0000] {logging_mixin.py:188} INFO - [2024-05-25T22:02:27.799+0000] {dagbag.py:545} INFO - Filling up the DagBag from /home/airflow/.local/lib/python3.12/site-packages/airflow/example_dags/example_branch_python_dop_operator_3.py
[2024-05-25T22:02:27.811+0000] {processor.py:840} INFO - DAG(s) 'example_branch_dop_operator_v3' retrieved from /home/airflow/.local/lib/python3.12/site-packages/airflow/example_dags/example_branch_python_dop_operator_3.py
[2024-05-25T22:02:27.834+0000] {logging_mixin.py:188} INFO - [2024-05-25T22:02:27.834+0000] {dag.py:3096} INFO - Sync 1 DAGs
[2024-05-25T22:02:27.867+0000] {logging_mixin.py:188} INFO - [2024-05-25T22:02:27.867+0000] {dag.py:3954} INFO - Setting next_dagrun for example_branch_dop_operator_v3 to 2024-05-25 22:01:00+00:00, run_after=2024-05-25 22:02:00+00:00
[2024-05-25T22:02:27.892+0000] {processor.py:183} INFO - Processing /home/airflow/.local/lib/python3.12/site-packages/airflow/example_dags/example_branch_python_dop_operator_3.py took 0.103 seconds
[2024-05-25T22:02:58.107+0000] {processor.py:161} INFO - Started process (PID=209) to work on /home/airflow/.local/lib/python3.12/site-packages/airflow/example_dags/example_branch_python_dop_operator_3.py
[2024-05-25T22:02:58.108+0000] {processor.py:830} INFO - Processing file /home/airflow/.local/lib/python3.12/site-packages/airflow/example_dags/example_branch_python_dop_operator_3.py for tasks to queue
[2024-05-25T22:02:58.110+0000] {logging_mixin.py:188} INFO - [2024-05-25T22:02:58.110+0000] {dagbag.py:545} INFO - Filling up the DagBag from /home/airflow/.local/lib/python3.12/site-packages/airflow/example_dags/example_branch_python_dop_operator_3.py
[2024-05-25T22:02:58.120+0000] {processor.py:840} INFO - DAG(s) 'example_branch_dop_operator_v3' retrieved from /home/airflow/.local/lib/python3.12/site-packages/airflow/example_dags/example_branch_python_dop_operator_3.py
[2024-05-25T22:02:58.142+0000] {logging_mixin.py:188} INFO - [2024-05-25T22:02:58.142+0000] {dag.py:3096} INFO - Sync 1 DAGs
[2024-05-25T22:02:58.173+0000] {logging_mixin.py:188} INFO - [2024-05-25T22:02:58.173+0000] {dag.py:3954} INFO - Setting next_dagrun for example_branch_dop_operator_v3 to 2024-05-25 22:01:00+00:00, run_after=2024-05-25 22:02:00+00:00
[2024-05-25T22:02:58.194+0000] {processor.py:183} INFO - Processing /home/airflow/.local/lib/python3.12/site-packages/airflow/example_dags/example_branch_python_dop_operator_3.py took 0.094 seconds
[2024-05-25T22:03:28.553+0000] {processor.py:161} INFO - Started process (PID=267) to work on /home/airflow/.local/lib/python3.12/site-packages/airflow/example_dags/example_branch_python_dop_operator_3.py
[2024-05-25T22:03:28.554+0000] {processor.py:830} INFO - Processing file /home/airflow/.local/lib/python3.12/site-packages/airflow/example_dags/example_branch_python_dop_operator_3.py for tasks to queue
[2024-05-25T22:03:28.557+0000] {logging_mixin.py:188} INFO - [2024-05-25T22:03:28.557+0000] {dagbag.py:545} INFO - Filling up the DagBag from /home/airflow/.local/lib/python3.12/site-packages/airflow/example_dags/example_branch_python_dop_operator_3.py
[2024-05-25T22:03:28.570+0000] {processor.py:840} INFO - DAG(s) 'example_branch_dop_operator_v3' retrieved from /home/airflow/.local/lib/python3.12/site-packages/airflow/example_dags/example_branch_python_dop_operator_3.py
[2024-05-25T22:03:28.593+0000] {logging_mixin.py:188} INFO - [2024-05-25T22:03:28.593+0000] {dag.py:3096} INFO - Sync 1 DAGs
[2024-05-25T22:03:28.625+0000] {logging_mixin.py:188} INFO - [2024-05-25T22:03:28.625+0000] {dag.py:3954} INFO - Setting next_dagrun for example_branch_dop_operator_v3 to 2024-05-25 22:02:00+00:00, run_after=2024-05-25 22:03:00+00:00
[2024-05-25T22:03:28.654+0000] {processor.py:183} INFO - Processing /home/airflow/.local/lib/python3.12/site-packages/airflow/example_dags/example_branch_python_dop_operator_3.py took 0.110 seconds
[2024-05-25T22:03:58.985+0000] {processor.py:161} INFO - Started process (PID=325) to work on /home/airflow/.local/lib/python3.12/site-packages/airflow/example_dags/example_branch_python_dop_operator_3.py
[2024-05-25T22:03:58.987+0000] {processor.py:830} INFO - Processing file /home/airflow/.local/lib/python3.12/site-packages/airflow/example_dags/example_branch_python_dop_operator_3.py for tasks to queue
[2024-05-25T22:03:58.992+0000] {logging_mixin.py:188} INFO - [2024-05-25T22:03:58.991+0000] {dagbag.py:545} INFO - Filling up the DagBag from /home/airflow/.local/lib/python3.12/site-packages/airflow/example_dags/example_branch_python_dop_operator_3.py
[2024-05-25T22:03:59.004+0000] {processor.py:840} INFO - DAG(s) 'example_branch_dop_operator_v3' retrieved from /home/airflow/.local/lib/python3.12/site-packages/airflow/example_dags/example_branch_python_dop_operator_3.py
[2024-05-25T22:03:59.032+0000] {logging_mixin.py:188} INFO - [2024-05-25T22:03:59.031+0000] {dag.py:3096} INFO - Sync 1 DAGs
[2024-05-25T22:03:59.065+0000] {logging_mixin.py:188} INFO - [2024-05-25T22:03:59.064+0000] {dag.py:3954} INFO - Setting next_dagrun for example_branch_dop_operator_v3 to 2024-05-25 22:02:00+00:00, run_after=2024-05-25 22:03:00+00:00
[2024-05-25T22:03:59.086+0000] {processor.py:183} INFO - Processing /home/airflow/.local/lib/python3.12/site-packages/airflow/example_dags/example_branch_python_dop_operator_3.py took 0.116 seconds
[2024-05-25T22:04:29.573+0000] {processor.py:161} INFO - Started process (PID=383) to work on /home/airflow/.local/lib/python3.12/site-packages/airflow/example_dags/example_branch_python_dop_operator_3.py
[2024-05-25T22:04:29.574+0000] {processor.py:830} INFO - Processing file /home/airflow/.local/lib/python3.12/site-packages/airflow/example_dags/example_branch_python_dop_operator_3.py for tasks to queue
[2024-05-25T22:04:29.578+0000] {logging_mixin.py:188} INFO - [2024-05-25T22:04:29.578+0000] {dagbag.py:545} INFO - Filling up the DagBag from /home/airflow/.local/lib/python3.12/site-packages/airflow/example_dags/example_branch_python_dop_operator_3.py
[2024-05-25T22:04:29.589+0000] {processor.py:840} INFO - DAG(s) 'example_branch_dop_operator_v3' retrieved from /home/airflow/.local/lib/python3.12/site-packages/airflow/example_dags/example_branch_python_dop_operator_3.py
[2024-05-25T22:04:29.614+0000] {logging_mixin.py:188} INFO - [2024-05-25T22:04:29.614+0000] {dag.py:3096} INFO - Sync 1 DAGs
[2024-05-25T22:04:29.648+0000] {logging_mixin.py:188} INFO - [2024-05-25T22:04:29.647+0000] {dag.py:3954} INFO - Setting next_dagrun for example_branch_dop_operator_v3 to 2024-05-25 22:03:00+00:00, run_after=2024-05-25 22:04:00+00:00
[2024-05-25T22:04:29.671+0000] {processor.py:183} INFO - Processing /home/airflow/.local/lib/python3.12/site-packages/airflow/example_dags/example_branch_python_dop_operator_3.py took 0.106 seconds
[2024-05-25T22:04:59.979+0000] {processor.py:161} INFO - Started process (PID=440) to work on /home/airflow/.local/lib/python3.12/site-packages/airflow/example_dags/example_branch_python_dop_operator_3.py
[2024-05-25T22:04:59.980+0000] {processor.py:830} INFO - Processing file /home/airflow/.local/lib/python3.12/site-packages/airflow/example_dags/example_branch_python_dop_operator_3.py for tasks to queue
[2024-05-25T22:04:59.983+0000] {logging_mixin.py:188} INFO - [2024-05-25T22:04:59.982+0000] {dagbag.py:545} INFO - Filling up the DagBag from /home/airflow/.local/lib/python3.12/site-packages/airflow/example_dags/example_branch_python_dop_operator_3.py
[2024-05-25T22:04:59.993+0000] {processor.py:840} INFO - DAG(s) 'example_branch_dop_operator_v3' retrieved from /home/airflow/.local/lib/python3.12/site-packages/airflow/example_dags/example_branch_python_dop_operator_3.py
[2024-05-25T22:05:00.017+0000] {logging_mixin.py:188} INFO - [2024-05-25T22:05:00.016+0000] {dag.py:3096} INFO - Sync 1 DAGs
[2024-05-25T22:05:00.048+0000] {logging_mixin.py:188} INFO - [2024-05-25T22:05:00.048+0000] {dag.py:3954} INFO - Setting next_dagrun for example_branch_dop_operator_v3 to 2024-05-25 22:04:00+00:00, run_after=2024-05-25 22:05:00+00:00
[2024-05-25T22:05:00.070+0000] {processor.py:183} INFO - Processing /home/airflow/.local/lib/python3.12/site-packages/airflow/example_dags/example_branch_python_dop_operator_3.py took 0.098 seconds
[2024-05-25T22:05:30.474+0000] {processor.py:161} INFO - Started process (PID=498) to work on /home/airflow/.local/lib/python3.12/site-packages/airflow/example_dags/example_branch_python_dop_operator_3.py
[2024-05-25T22:05:30.475+0000] {processor.py:830} INFO - Processing file /home/airflow/.local/lib/python3.12/site-packages/airflow/example_dags/example_branch_python_dop_operator_3.py for tasks to queue
[2024-05-25T22:05:30.478+0000] {logging_mixin.py:188} INFO - [2024-05-25T22:05:30.477+0000] {dagbag.py:545} INFO - Filling up the DagBag from /home/airflow/.local/lib/python3.12/site-packages/airflow/example_dags/example_branch_python_dop_operator_3.py
[2024-05-25T22:05:30.487+0000] {processor.py:840} INFO - DAG(s) 'example_branch_dop_operator_v3' retrieved from /home/airflow/.local/lib/python3.12/site-packages/airflow/example_dags/example_branch_python_dop_operator_3.py
[2024-05-25T22:05:30.512+0000] {logging_mixin.py:188} INFO - [2024-05-25T22:05:30.512+0000] {dag.py:3096} INFO - Sync 1 DAGs
[2024-05-25T22:05:30.549+0000] {logging_mixin.py:188} INFO - [2024-05-25T22:05:30.548+0000] {dag.py:3954} INFO - Setting next_dagrun for example_branch_dop_operator_v3 to 2024-05-25 22:04:00+00:00, run_after=2024-05-25 22:05:00+00:00
[2024-05-25T22:05:30.577+0000] {processor.py:183} INFO - Processing /home/airflow/.local/lib/python3.12/site-packages/airflow/example_dags/example_branch_python_dop_operator_3.py took 0.117 seconds
[2024-05-25T22:06:00.794+0000] {processor.py:161} INFO - Started process (PID=555) to work on /home/airflow/.local/lib/python3.12/site-packages/airflow/example_dags/example_branch_python_dop_operator_3.py
[2024-05-25T22:06:00.795+0000] {processor.py:830} INFO - Processing file /home/airflow/.local/lib/python3.12/site-packages/airflow/example_dags/example_branch_python_dop_operator_3.py for tasks to queue
[2024-05-25T22:06:00.797+0000] {logging_mixin.py:188} INFO - [2024-05-25T22:06:00.797+0000] {dagbag.py:545} INFO - Filling up the DagBag from /home/airflow/.local/lib/python3.12/site-packages/airflow/example_dags/example_branch_python_dop_operator_3.py
[2024-05-25T22:06:00.807+0000] {processor.py:840} INFO - DAG(s) 'example_branch_dop_operator_v3' retrieved from /home/airflow/.local/lib/python3.12/site-packages/airflow/example_dags/example_branch_python_dop_operator_3.py
[2024-05-25T22:06:00.829+0000] {logging_mixin.py:188} INFO - [2024-05-25T22:06:00.828+0000] {dag.py:3096} INFO - Sync 1 DAGs
[2024-05-25T22:06:00.872+0000] {logging_mixin.py:188} INFO - [2024-05-25T22:06:00.872+0000] {dag.py:3954} INFO - Setting next_dagrun for example_branch_dop_operator_v3 to 2024-05-25 22:05:00+00:00, run_after=2024-05-25 22:06:00+00:00
[2024-05-25T22:06:00.892+0000] {processor.py:183} INFO - Processing /home/airflow/.local/lib/python3.12/site-packages/airflow/example_dags/example_branch_python_dop_operator_3.py took 0.105 seconds
[2024-05-25T22:06:31.439+0000] {processor.py:161} INFO - Started process (PID=612) to work on /home/airflow/.local/lib/python3.12/site-packages/airflow/example_dags/example_branch_python_dop_operator_3.py
[2024-05-25T22:06:31.440+0000] {processor.py:830} INFO - Processing file /home/airflow/.local/lib/python3.12/site-packages/airflow/example_dags/example_branch_python_dop_operator_3.py for tasks to queue
[2024-05-25T22:06:31.443+0000] {logging_mixin.py:188} INFO - [2024-05-25T22:06:31.442+0000] {dagbag.py:545} INFO - Filling up the DagBag from /home/airflow/.local/lib/python3.12/site-packages/airflow/example_dags/example_branch_python_dop_operator_3.py
[2024-05-25T22:06:31.452+0000] {processor.py:840} INFO - DAG(s) 'example_branch_dop_operator_v3' retrieved from /home/airflow/.local/lib/python3.12/site-packages/airflow/example_dags/example_branch_python_dop_operator_3.py
[2024-05-25T22:06:31.477+0000] {logging_mixin.py:188} INFO - [2024-05-25T22:06:31.477+0000] {dag.py:3096} INFO - Sync 1 DAGs
[2024-05-25T22:06:31.509+0000] {logging_mixin.py:188} INFO - [2024-05-25T22:06:31.508+0000] {dag.py:3954} INFO - Setting next_dagrun for example_branch_dop_operator_v3 to 2024-05-25 22:05:00+00:00, run_after=2024-05-25 22:06:00+00:00
[2024-05-25T22:06:31.532+0000] {processor.py:183} INFO - Processing /home/airflow/.local/lib/python3.12/site-packages/airflow/example_dags/example_branch_python_dop_operator_3.py took 0.099 seconds
[2024-05-25T22:07:01.774+0000] {processor.py:161} INFO - Started process (PID=669) to work on /home/airflow/.local/lib/python3.12/site-packages/airflow/example_dags/example_branch_python_dop_operator_3.py
[2024-05-25T22:07:01.776+0000] {processor.py:830} INFO - Processing file /home/airflow/.local/lib/python3.12/site-packages/airflow/example_dags/example_branch_python_dop_operator_3.py for tasks to queue
[2024-05-25T22:07:01.780+0000] {logging_mixin.py:188} INFO - [2024-05-25T22:07:01.779+0000] {dagbag.py:545} INFO - Filling up the DagBag from /home/airflow/.local/lib/python3.12/site-packages/airflow/example_dags/example_branch_python_dop_operator_3.py
[2024-05-25T22:07:01.795+0000] {processor.py:840} INFO - DAG(s) 'example_branch_dop_operator_v3' retrieved from /home/airflow/.local/lib/python3.12/site-packages/airflow/example_dags/example_branch_python_dop_operator_3.py
[2024-05-25T22:07:01.819+0000] {logging_mixin.py:188} INFO - [2024-05-25T22:07:01.818+0000] {dag.py:3096} INFO - Sync 1 DAGs
[2024-05-25T22:07:01.851+0000] {logging_mixin.py:188} INFO - [2024-05-25T22:07:01.851+0000] {dag.py:3954} INFO - Setting next_dagrun for example_branch_dop_operator_v3 to 2024-05-25 22:06:00+00:00, run_after=2024-05-25 22:07:00+00:00
[2024-05-25T22:07:01.870+0000] {processor.py:183} INFO - Processing /home/airflow/.local/lib/python3.12/site-packages/airflow/example_dags/example_branch_python_dop_operator_3.py took 0.111 seconds
[2024-05-25T22:07:32.316+0000] {processor.py:161} INFO - Started process (PID=727) to work on /home/airflow/.local/lib/python3.12/site-packages/airflow/example_dags/example_branch_python_dop_operator_3.py
[2024-05-25T22:07:32.317+0000] {processor.py:830} INFO - Processing file /home/airflow/.local/lib/python3.12/site-packages/airflow/example_dags/example_branch_python_dop_operator_3.py for tasks to queue
[2024-05-25T22:07:32.319+0000] {logging_mixin.py:188} INFO - [2024-05-25T22:07:32.318+0000] {dagbag.py:545} INFO - Filling up the DagBag from /home/airflow/.local/lib/python3.12/site-packages/airflow/example_dags/example_branch_python_dop_operator_3.py
[2024-05-25T22:07:32.328+0000] {processor.py:840} INFO - DAG(s) 'example_branch_dop_operator_v3' retrieved from /home/airflow/.local/lib/python3.12/site-packages/airflow/example_dags/example_branch_python_dop_operator_3.py
[2024-05-25T22:07:32.354+0000] {logging_mixin.py:188} INFO - [2024-05-25T22:07:32.354+0000] {dag.py:3096} INFO - Sync 1 DAGs
[2024-05-25T22:07:32.387+0000] {logging_mixin.py:188} INFO - [2024-05-25T22:07:32.387+0000] {dag.py:3954} INFO - Setting next_dagrun for example_branch_dop_operator_v3 to 2024-05-25 22:06:00+00:00, run_after=2024-05-25 22:07:00+00:00
[2024-05-25T22:07:32.412+0000] {processor.py:183} INFO - Processing /home/airflow/.local/lib/python3.12/site-packages/airflow/example_dags/example_branch_python_dop_operator_3.py took 0.103 seconds
[2024-05-25T22:08:02.701+0000] {processor.py:161} INFO - Started process (PID=785) to work on /home/airflow/.local/lib/python3.12/site-packages/airflow/example_dags/example_branch_python_dop_operator_3.py
[2024-05-25T22:08:02.702+0000] {processor.py:830} INFO - Processing file /home/airflow/.local/lib/python3.12/site-packages/airflow/example_dags/example_branch_python_dop_operator_3.py for tasks to queue
[2024-05-25T22:08:02.704+0000] {logging_mixin.py:188} INFO - [2024-05-25T22:08:02.704+0000] {dagbag.py:545} INFO - Filling up the DagBag from /home/airflow/.local/lib/python3.12/site-packages/airflow/example_dags/example_branch_python_dop_operator_3.py
[2024-05-25T22:08:02.714+0000] {processor.py:840} INFO - DAG(s) 'example_branch_dop_operator_v3' retrieved from /home/airflow/.local/lib/python3.12/site-packages/airflow/example_dags/example_branch_python_dop_operator_3.py
[2024-05-25T22:08:02.740+0000] {logging_mixin.py:188} INFO - [2024-05-25T22:08:02.740+0000] {dag.py:3096} INFO - Sync 1 DAGs
[2024-05-25T22:08:02.772+0000] {logging_mixin.py:188} INFO - [2024-05-25T22:08:02.772+0000] {dag.py:3954} INFO - Setting next_dagrun for example_branch_dop_operator_v3 to 2024-05-25 22:07:00+00:00, run_after=2024-05-25 22:08:00+00:00
[2024-05-25T22:08:02.796+0000] {processor.py:183} INFO - Processing /home/airflow/.local/lib/python3.12/site-packages/airflow/example_dags/example_branch_python_dop_operator_3.py took 0.102 seconds
[2024-05-25T22:08:32.980+0000] {processor.py:161} INFO - Started process (PID=843) to work on /home/airflow/.local/lib/python3.12/site-packages/airflow/example_dags/example_branch_python_dop_operator_3.py
[2024-05-25T22:08:32.982+0000] {processor.py:830} INFO - Processing file /home/airflow/.local/lib/python3.12/site-packages/airflow/example_dags/example_branch_python_dop_operator_3.py for tasks to queue
[2024-05-25T22:08:32.986+0000] {logging_mixin.py:188} INFO - [2024-05-25T22:08:32.985+0000] {dagbag.py:545} INFO - Filling up the DagBag from /home/airflow/.local/lib/python3.12/site-packages/airflow/example_dags/example_branch_python_dop_operator_3.py
[2024-05-25T22:08:32.996+0000] {processor.py:840} INFO - DAG(s) 'example_branch_dop_operator_v3' retrieved from /home/airflow/.local/lib/python3.12/site-packages/airflow/example_dags/example_branch_python_dop_operator_3.py
[2024-05-25T22:08:33.019+0000] {logging_mixin.py:188} INFO - [2024-05-25T22:08:33.019+0000] {dag.py:3096} INFO - Sync 1 DAGs
[2024-05-25T22:08:33.049+0000] {logging_mixin.py:188} INFO - [2024-05-25T22:08:33.048+0000] {dag.py:3954} INFO - Setting next_dagrun for example_branch_dop_operator_v3 to 2024-05-25 22:07:00+00:00, run_after=2024-05-25 22:08:00+00:00
[2024-05-25T22:08:33.067+0000] {processor.py:183} INFO - Processing /home/airflow/.local/lib/python3.12/site-packages/airflow/example_dags/example_branch_python_dop_operator_3.py took 0.095 seconds
[2024-05-25T22:09:03.266+0000] {processor.py:161} INFO - Started process (PID=901) to work on /home/airflow/.local/lib/python3.12/site-packages/airflow/example_dags/example_branch_python_dop_operator_3.py
[2024-05-25T22:09:03.267+0000] {processor.py:830} INFO - Processing file /home/airflow/.local/lib/python3.12/site-packages/airflow/example_dags/example_branch_python_dop_operator_3.py for tasks to queue
[2024-05-25T22:09:03.269+0000] {logging_mixin.py:188} INFO - [2024-05-25T22:09:03.269+0000] {dagbag.py:545} INFO - Filling up the DagBag from /home/airflow/.local/lib/python3.12/site-packages/airflow/example_dags/example_branch_python_dop_operator_3.py
[2024-05-25T22:09:03.279+0000] {processor.py:840} INFO - DAG(s) 'example_branch_dop_operator_v3' retrieved from /home/airflow/.local/lib/python3.12/site-packages/airflow/example_dags/example_branch_python_dop_operator_3.py
[2024-05-25T22:09:03.316+0000] {logging_mixin.py:188} INFO - [2024-05-25T22:09:03.316+0000] {dag.py:3096} INFO - Sync 1 DAGs
[2024-05-25T22:09:03.345+0000] {logging_mixin.py:188} INFO - [2024-05-25T22:09:03.345+0000] {dag.py:3954} INFO - Setting next_dagrun for example_branch_dop_operator_v3 to 2024-05-25 22:08:00+00:00, run_after=2024-05-25 22:09:00+00:00
[2024-05-25T22:09:03.370+0000] {processor.py:183} INFO - Processing /home/airflow/.local/lib/python3.12/site-packages/airflow/example_dags/example_branch_python_dop_operator_3.py took 0.110 seconds
[2024-05-25T22:09:34.298+0000] {processor.py:161} INFO - Started process (PID=958) to work on /home/airflow/.local/lib/python3.12/site-packages/airflow/example_dags/example_branch_python_dop_operator_3.py
[2024-05-25T22:09:34.300+0000] {processor.py:830} INFO - Processing file /home/airflow/.local/lib/python3.12/site-packages/airflow/example_dags/example_branch_python_dop_operator_3.py for tasks to queue
[2024-05-25T22:09:34.303+0000] {logging_mixin.py:188} INFO - [2024-05-25T22:09:34.302+0000] {dagbag.py:545} INFO - Filling up the DagBag from /home/airflow/.local/lib/python3.12/site-packages/airflow/example_dags/example_branch_python_dop_operator_3.py
[2024-05-25T22:09:34.316+0000] {processor.py:840} INFO - DAG(s) 'example_branch_dop_operator_v3' retrieved from /home/airflow/.local/lib/python3.12/site-packages/airflow/example_dags/example_branch_python_dop_operator_3.py
[2024-05-25T22:09:34.342+0000] {logging_mixin.py:188} INFO - [2024-05-25T22:09:34.342+0000] {dag.py:3096} INFO - Sync 1 DAGs
[2024-05-25T22:09:34.389+0000] {logging_mixin.py:188} INFO - [2024-05-25T22:09:34.389+0000] {dag.py:3954} INFO - Setting next_dagrun for example_branch_dop_operator_v3 to 2024-05-25 22:08:00+00:00, run_after=2024-05-25 22:09:00+00:00
[2024-05-25T22:09:34.416+0000] {processor.py:183} INFO - Processing /home/airflow/.local/lib/python3.12/site-packages/airflow/example_dags/example_branch_python_dop_operator_3.py took 0.125 seconds
[2024-05-25T22:10:04.890+0000] {processor.py:161} INFO - Started process (PID=1016) to work on /home/airflow/.local/lib/python3.12/site-packages/airflow/example_dags/example_branch_python_dop_operator_3.py
[2024-05-25T22:10:04.893+0000] {processor.py:830} INFO - Processing file /home/airflow/.local/lib/python3.12/site-packages/airflow/example_dags/example_branch_python_dop_operator_3.py for tasks to queue
[2024-05-25T22:10:04.898+0000] {logging_mixin.py:188} INFO - [2024-05-25T22:10:04.897+0000] {dagbag.py:545} INFO - Filling up the DagBag from /home/airflow/.local/lib/python3.12/site-packages/airflow/example_dags/example_branch_python_dop_operator_3.py
[2024-05-25T22:10:04.909+0000] {processor.py:840} INFO - DAG(s) 'example_branch_dop_operator_v3' retrieved from /home/airflow/.local/lib/python3.12/site-packages/airflow/example_dags/example_branch_python_dop_operator_3.py
[2024-05-25T22:10:04.935+0000] {logging_mixin.py:188} INFO - [2024-05-25T22:10:04.934+0000] {dag.py:3096} INFO - Sync 1 DAGs
[2024-05-25T22:10:04.963+0000] {logging_mixin.py:188} INFO - [2024-05-25T22:10:04.962+0000] {dag.py:3954} INFO - Setting next_dagrun for example_branch_dop_operator_v3 to 2024-05-25 22:09:00+00:00, run_after=2024-05-25 22:10:00+00:00
[2024-05-25T22:10:04.984+0000] {processor.py:183} INFO - Processing /home/airflow/.local/lib/python3.12/site-packages/airflow/example_dags/example_branch_python_dop_operator_3.py took 0.108 seconds
[2024-05-25T22:10:35.232+0000] {processor.py:161} INFO - Started process (PID=1074) to work on /home/airflow/.local/lib/python3.12/site-packages/airflow/example_dags/example_branch_python_dop_operator_3.py
[2024-05-25T22:10:35.233+0000] {processor.py:830} INFO - Processing file /home/airflow/.local/lib/python3.12/site-packages/airflow/example_dags/example_branch_python_dop_operator_3.py for tasks to queue
[2024-05-25T22:10:35.235+0000] {logging_mixin.py:188} INFO - [2024-05-25T22:10:35.235+0000] {dagbag.py:545} INFO - Filling up the DagBag from /home/airflow/.local/lib/python3.12/site-packages/airflow/example_dags/example_branch_python_dop_operator_3.py
[2024-05-25T22:10:35.245+0000] {processor.py:840} INFO - DAG(s) 'example_branch_dop_operator_v3' retrieved from /home/airflow/.local/lib/python3.12/site-packages/airflow/example_dags/example_branch_python_dop_operator_3.py
[2024-05-25T22:10:35.270+0000] {logging_mixin.py:188} INFO - [2024-05-25T22:10:35.270+0000] {dag.py:3096} INFO - Sync 1 DAGs
[2024-05-25T22:10:35.309+0000] {logging_mixin.py:188} INFO - [2024-05-25T22:10:35.308+0000] {dag.py:3954} INFO - Setting next_dagrun for example_branch_dop_operator_v3 to 2024-05-25 22:09:00+00:00, run_after=2024-05-25 22:10:00+00:00
[2024-05-25T22:10:35.333+0000] {processor.py:183} INFO - Processing /home/airflow/.local/lib/python3.12/site-packages/airflow/example_dags/example_branch_python_dop_operator_3.py took 0.108 seconds
[2024-05-25T22:11:05.851+0000] {processor.py:161} INFO - Started process (PID=1131) to work on /home/airflow/.local/lib/python3.12/site-packages/airflow/example_dags/example_branch_python_dop_operator_3.py
[2024-05-25T22:11:05.852+0000] {processor.py:830} INFO - Processing file /home/airflow/.local/lib/python3.12/site-packages/airflow/example_dags/example_branch_python_dop_operator_3.py for tasks to queue
[2024-05-25T22:11:05.854+0000] {logging_mixin.py:188} INFO - [2024-05-25T22:11:05.853+0000] {dagbag.py:545} INFO - Filling up the DagBag from /home/airflow/.local/lib/python3.12/site-packages/airflow/example_dags/example_branch_python_dop_operator_3.py
[2024-05-25T22:11:05.863+0000] {processor.py:840} INFO - DAG(s) 'example_branch_dop_operator_v3' retrieved from /home/airflow/.local/lib/python3.12/site-packages/airflow/example_dags/example_branch_python_dop_operator_3.py
[2024-05-25T22:11:05.887+0000] {logging_mixin.py:188} INFO - [2024-05-25T22:11:05.886+0000] {dag.py:3096} INFO - Sync 1 DAGs
[2024-05-25T22:11:05.917+0000] {logging_mixin.py:188} INFO - [2024-05-25T22:11:05.917+0000] {dag.py:3954} INFO - Setting next_dagrun for example_branch_dop_operator_v3 to 2024-05-25 22:10:00+00:00, run_after=2024-05-25 22:11:00+00:00
[2024-05-25T22:11:05.938+0000] {processor.py:183} INFO - Processing /home/airflow/.local/lib/python3.12/site-packages/airflow/example_dags/example_branch_python_dop_operator_3.py took 0.093 seconds
[2024-05-25T22:11:36.399+0000] {processor.py:161} INFO - Started process (PID=1188) to work on /home/airflow/.local/lib/python3.12/site-packages/airflow/example_dags/example_branch_python_dop_operator_3.py
[2024-05-25T22:11:36.400+0000] {processor.py:830} INFO - Processing file /home/airflow/.local/lib/python3.12/site-packages/airflow/example_dags/example_branch_python_dop_operator_3.py for tasks to queue
[2024-05-25T22:11:36.403+0000] {logging_mixin.py:188} INFO - [2024-05-25T22:11:36.402+0000] {dagbag.py:545} INFO - Filling up the DagBag from /home/airflow/.local/lib/python3.12/site-packages/airflow/example_dags/example_branch_python_dop_operator_3.py
[2024-05-25T22:11:36.414+0000] {processor.py:840} INFO - DAG(s) 'example_branch_dop_operator_v3' retrieved from /home/airflow/.local/lib/python3.12/site-packages/airflow/example_dags/example_branch_python_dop_operator_3.py
[2024-05-25T22:11:36.443+0000] {logging_mixin.py:188} INFO - [2024-05-25T22:11:36.442+0000] {dag.py:3096} INFO - Sync 1 DAGs
[2024-05-25T22:11:36.479+0000] {logging_mixin.py:188} INFO - [2024-05-25T22:11:36.479+0000] {dag.py:3954} INFO - Setting next_dagrun for example_branch_dop_operator_v3 to 2024-05-25 22:10:00+00:00, run_after=2024-05-25 22:11:00+00:00
[2024-05-25T22:11:36.506+0000] {processor.py:183} INFO - Processing /home/airflow/.local/lib/python3.12/site-packages/airflow/example_dags/example_branch_python_dop_operator_3.py took 0.113 seconds
[2024-05-25T22:12:06.908+0000] {processor.py:161} INFO - Started process (PID=1246) to work on /home/airflow/.local/lib/python3.12/site-packages/airflow/example_dags/example_branch_python_dop_operator_3.py
[2024-05-25T22:12:06.909+0000] {processor.py:830} INFO - Processing file /home/airflow/.local/lib/python3.12/site-packages/airflow/example_dags/example_branch_python_dop_operator_3.py for tasks to queue
[2024-05-25T22:12:06.911+0000] {logging_mixin.py:188} INFO - [2024-05-25T22:12:06.911+0000] {dagbag.py:545} INFO - Filling up the DagBag from /home/airflow/.local/lib/python3.12/site-packages/airflow/example_dags/example_branch_python_dop_operator_3.py
[2024-05-25T22:12:06.922+0000] {processor.py:840} INFO - DAG(s) 'example_branch_dop_operator_v3' retrieved from /home/airflow/.local/lib/python3.12/site-packages/airflow/example_dags/example_branch_python_dop_operator_3.py
[2024-05-25T22:12:06.945+0000] {logging_mixin.py:188} INFO - [2024-05-25T22:12:06.945+0000] {dag.py:3096} INFO - Sync 1 DAGs
[2024-05-25T22:12:06.977+0000] {logging_mixin.py:188} INFO - [2024-05-25T22:12:06.977+0000] {dag.py:3954} INFO - Setting next_dagrun for example_branch_dop_operator_v3 to 2024-05-25 22:11:00+00:00, run_after=2024-05-25 22:12:00+00:00
[2024-05-25T22:12:07.000+0000] {processor.py:183} INFO - Processing /home/airflow/.local/lib/python3.12/site-packages/airflow/example_dags/example_branch_python_dop_operator_3.py took 0.099 seconds
[2024-05-25T22:12:37.527+0000] {processor.py:161} INFO - Started process (PID=1303) to work on /home/airflow/.local/lib/python3.12/site-packages/airflow/example_dags/example_branch_python_dop_operator_3.py
[2024-05-25T22:12:37.528+0000] {processor.py:830} INFO - Processing file /home/airflow/.local/lib/python3.12/site-packages/airflow/example_dags/example_branch_python_dop_operator_3.py for tasks to queue
[2024-05-25T22:12:37.530+0000] {logging_mixin.py:188} INFO - [2024-05-25T22:12:37.530+0000] {dagbag.py:545} INFO - Filling up the DagBag from /home/airflow/.local/lib/python3.12/site-packages/airflow/example_dags/example_branch_python_dop_operator_3.py
[2024-05-25T22:12:37.541+0000] {processor.py:840} INFO - DAG(s) 'example_branch_dop_operator_v3' retrieved from /home/airflow/.local/lib/python3.12/site-packages/airflow/example_dags/example_branch_python_dop_operator_3.py
[2024-05-25T22:12:37.568+0000] {logging_mixin.py:188} INFO - [2024-05-25T22:12:37.567+0000] {dag.py:3096} INFO - Sync 1 DAGs
[2024-05-25T22:12:37.598+0000] {logging_mixin.py:188} INFO - [2024-05-25T22:12:37.598+0000] {dag.py:3954} INFO - Setting next_dagrun for example_branch_dop_operator_v3 to 2024-05-25 22:11:00+00:00, run_after=2024-05-25 22:12:00+00:00
[2024-05-25T22:12:37.620+0000] {processor.py:183} INFO - Processing /home/airflow/.local/lib/python3.12/site-packages/airflow/example_dags/example_branch_python_dop_operator_3.py took 0.099 seconds
[2024-05-25T22:13:08.104+0000] {processor.py:161} INFO - Started process (PID=1382) to work on /home/airflow/.local/lib/python3.12/site-packages/airflow/example_dags/example_branch_python_dop_operator_3.py
[2024-05-25T22:13:08.105+0000] {processor.py:830} INFO - Processing file /home/airflow/.local/lib/python3.12/site-packages/airflow/example_dags/example_branch_python_dop_operator_3.py for tasks to queue
[2024-05-25T22:13:08.107+0000] {logging_mixin.py:188} INFO - [2024-05-25T22:13:08.107+0000] {dagbag.py:545} INFO - Filling up the DagBag from /home/airflow/.local/lib/python3.12/site-packages/airflow/example_dags/example_branch_python_dop_operator_3.py
[2024-05-25T22:13:08.117+0000] {processor.py:840} INFO - DAG(s) 'example_branch_dop_operator_v3' retrieved from /home/airflow/.local/lib/python3.12/site-packages/airflow/example_dags/example_branch_python_dop_operator_3.py
[2024-05-25T22:13:08.148+0000] {logging_mixin.py:188} INFO - [2024-05-25T22:13:08.147+0000] {dag.py:3096} INFO - Sync 1 DAGs
[2024-05-25T22:13:08.178+0000] {logging_mixin.py:188} INFO - [2024-05-25T22:13:08.177+0000] {dag.py:3954} INFO - Setting next_dagrun for example_branch_dop_operator_v3 to 2024-05-25 22:12:00+00:00, run_after=2024-05-25 22:13:00+00:00
[2024-05-25T22:13:08.199+0000] {processor.py:183} INFO - Processing /home/airflow/.local/lib/python3.12/site-packages/airflow/example_dags/example_branch_python_dop_operator_3.py took 0.102 seconds
[2024-05-25T22:13:38.571+0000] {processor.py:161} INFO - Started process (PID=1440) to work on /home/airflow/.local/lib/python3.12/site-packages/airflow/example_dags/example_branch_python_dop_operator_3.py
[2024-05-25T22:13:38.573+0000] {processor.py:830} INFO - Processing file /home/airflow/.local/lib/python3.12/site-packages/airflow/example_dags/example_branch_python_dop_operator_3.py for tasks to queue
[2024-05-25T22:13:38.577+0000] {logging_mixin.py:188} INFO - [2024-05-25T22:13:38.577+0000] {dagbag.py:545} INFO - Filling up the DagBag from /home/airflow/.local/lib/python3.12/site-packages/airflow/example_dags/example_branch_python_dop_operator_3.py
[2024-05-25T22:13:38.588+0000] {processor.py:840} INFO - DAG(s) 'example_branch_dop_operator_v3' retrieved from /home/airflow/.local/lib/python3.12/site-packages/airflow/example_dags/example_branch_python_dop_operator_3.py
[2024-05-25T22:13:38.613+0000] {logging_mixin.py:188} INFO - [2024-05-25T22:13:38.612+0000] {dag.py:3096} INFO - Sync 1 DAGs
[2024-05-25T22:13:38.663+0000] {logging_mixin.py:188} INFO - [2024-05-25T22:13:38.663+0000] {dag.py:3954} INFO - Setting next_dagrun for example_branch_dop_operator_v3 to 2024-05-25 22:12:00+00:00, run_after=2024-05-25 22:13:00+00:00
[2024-05-25T22:13:38.682+0000] {processor.py:183} INFO - Processing /home/airflow/.local/lib/python3.12/site-packages/airflow/example_dags/example_branch_python_dop_operator_3.py took 0.126 seconds
[2024-05-25T22:14:08.880+0000] {processor.py:161} INFO - Started process (PID=1498) to work on /home/airflow/.local/lib/python3.12/site-packages/airflow/example_dags/example_branch_python_dop_operator_3.py
[2024-05-25T22:14:08.882+0000] {processor.py:830} INFO - Processing file /home/airflow/.local/lib/python3.12/site-packages/airflow/example_dags/example_branch_python_dop_operator_3.py for tasks to queue
[2024-05-25T22:14:08.884+0000] {logging_mixin.py:188} INFO - [2024-05-25T22:14:08.884+0000] {dagbag.py:545} INFO - Filling up the DagBag from /home/airflow/.local/lib/python3.12/site-packages/airflow/example_dags/example_branch_python_dop_operator_3.py
[2024-05-25T22:14:08.893+0000] {processor.py:840} INFO - DAG(s) 'example_branch_dop_operator_v3' retrieved from /home/airflow/.local/lib/python3.12/site-packages/airflow/example_dags/example_branch_python_dop_operator_3.py
[2024-05-25T22:14:08.917+0000] {logging_mixin.py:188} INFO - [2024-05-25T22:14:08.917+0000] {dag.py:3096} INFO - Sync 1 DAGs
[2024-05-25T22:14:08.951+0000] {logging_mixin.py:188} INFO - [2024-05-25T22:14:08.951+0000] {dag.py:3954} INFO - Setting next_dagrun for example_branch_dop_operator_v3 to 2024-05-25 22:13:00+00:00, run_after=2024-05-25 22:14:00+00:00
[2024-05-25T22:14:08.973+0000] {processor.py:183} INFO - Processing /home/airflow/.local/lib/python3.12/site-packages/airflow/example_dags/example_branch_python_dop_operator_3.py took 0.107 seconds
[2024-05-25T22:14:39.061+0000] {processor.py:161} INFO - Started process (PID=1557) to work on /home/airflow/.local/lib/python3.12/site-packages/airflow/example_dags/example_branch_python_dop_operator_3.py
[2024-05-25T22:14:39.062+0000] {processor.py:830} INFO - Processing file /home/airflow/.local/lib/python3.12/site-packages/airflow/example_dags/example_branch_python_dop_operator_3.py for tasks to queue
[2024-05-25T22:14:39.065+0000] {logging_mixin.py:188} INFO - [2024-05-25T22:14:39.064+0000] {dagbag.py:545} INFO - Filling up the DagBag from /home/airflow/.local/lib/python3.12/site-packages/airflow/example_dags/example_branch_python_dop_operator_3.py
[2024-05-25T22:14:39.077+0000] {processor.py:840} INFO - DAG(s) 'example_branch_dop_operator_v3' retrieved from /home/airflow/.local/lib/python3.12/site-packages/airflow/example_dags/example_branch_python_dop_operator_3.py
[2024-05-25T22:14:39.102+0000] {logging_mixin.py:188} INFO - [2024-05-25T22:14:39.102+0000] {dag.py:3096} INFO - Sync 1 DAGs
[2024-05-25T22:14:39.132+0000] {logging_mixin.py:188} INFO - [2024-05-25T22:14:39.131+0000] {dag.py:3954} INFO - Setting next_dagrun for example_branch_dop_operator_v3 to 2024-05-25 22:13:00+00:00, run_after=2024-05-25 22:14:00+00:00
[2024-05-25T22:14:39.155+0000] {processor.py:183} INFO - Processing /home/airflow/.local/lib/python3.12/site-packages/airflow/example_dags/example_branch_python_dop_operator_3.py took 0.103 seconds
[2024-05-25T22:15:09.236+0000] {processor.py:161} INFO - Started process (PID=1614) to work on /home/airflow/.local/lib/python3.12/site-packages/airflow/example_dags/example_branch_python_dop_operator_3.py
[2024-05-25T22:15:09.237+0000] {processor.py:830} INFO - Processing file /home/airflow/.local/lib/python3.12/site-packages/airflow/example_dags/example_branch_python_dop_operator_3.py for tasks to queue
[2024-05-25T22:15:09.241+0000] {logging_mixin.py:188} INFO - [2024-05-25T22:15:09.241+0000] {dagbag.py:545} INFO - Filling up the DagBag from /home/airflow/.local/lib/python3.12/site-packages/airflow/example_dags/example_branch_python_dop_operator_3.py
[2024-05-25T22:15:09.251+0000] {processor.py:840} INFO - DAG(s) 'example_branch_dop_operator_v3' retrieved from /home/airflow/.local/lib/python3.12/site-packages/airflow/example_dags/example_branch_python_dop_operator_3.py
[2024-05-25T22:15:09.274+0000] {logging_mixin.py:188} INFO - [2024-05-25T22:15:09.274+0000] {dag.py:3096} INFO - Sync 1 DAGs
[2024-05-25T22:15:09.303+0000] {logging_mixin.py:188} INFO - [2024-05-25T22:15:09.303+0000] {dag.py:3954} INFO - Setting next_dagrun for example_branch_dop_operator_v3 to 2024-05-25 22:14:00+00:00, run_after=2024-05-25 22:15:00+00:00
[2024-05-25T22:15:09.446+0000] {processor.py:183} INFO - Processing /home/airflow/.local/lib/python3.12/site-packages/airflow/example_dags/example_branch_python_dop_operator_3.py took 0.224 seconds
[2024-05-25T22:15:39.856+0000] {processor.py:161} INFO - Started process (PID=1672) to work on /home/airflow/.local/lib/python3.12/site-packages/airflow/example_dags/example_branch_python_dop_operator_3.py
[2024-05-25T22:15:39.858+0000] {processor.py:830} INFO - Processing file /home/airflow/.local/lib/python3.12/site-packages/airflow/example_dags/example_branch_python_dop_operator_3.py for tasks to queue
[2024-05-25T22:15:39.860+0000] {logging_mixin.py:188} INFO - [2024-05-25T22:15:39.860+0000] {dagbag.py:545} INFO - Filling up the DagBag from /home/airflow/.local/lib/python3.12/site-packages/airflow/example_dags/example_branch_python_dop_operator_3.py
[2024-05-25T22:15:39.869+0000] {processor.py:840} INFO - DAG(s) 'example_branch_dop_operator_v3' retrieved from /home/airflow/.local/lib/python3.12/site-packages/airflow/example_dags/example_branch_python_dop_operator_3.py
[2024-05-25T22:15:39.893+0000] {logging_mixin.py:188} INFO - [2024-05-25T22:15:39.892+0000] {dag.py:3096} INFO - Sync 1 DAGs
[2024-05-25T22:15:39.929+0000] {logging_mixin.py:188} INFO - [2024-05-25T22:15:39.929+0000] {dag.py:3954} INFO - Setting next_dagrun for example_branch_dop_operator_v3 to 2024-05-25 22:14:00+00:00, run_after=2024-05-25 22:15:00+00:00
[2024-05-25T22:15:39.952+0000] {processor.py:183} INFO - Processing /home/airflow/.local/lib/python3.12/site-packages/airflow/example_dags/example_branch_python_dop_operator_3.py took 0.105 seconds
[2024-05-25T22:16:10.211+0000] {processor.py:161} INFO - Started process (PID=1730) to work on /home/airflow/.local/lib/python3.12/site-packages/airflow/example_dags/example_branch_python_dop_operator_3.py
[2024-05-25T22:16:10.213+0000] {processor.py:830} INFO - Processing file /home/airflow/.local/lib/python3.12/site-packages/airflow/example_dags/example_branch_python_dop_operator_3.py for tasks to queue
[2024-05-25T22:16:10.216+0000] {logging_mixin.py:188} INFO - [2024-05-25T22:16:10.216+0000] {dagbag.py:545} INFO - Filling up the DagBag from /home/airflow/.local/lib/python3.12/site-packages/airflow/example_dags/example_branch_python_dop_operator_3.py
[2024-05-25T22:16:10.227+0000] {processor.py:840} INFO - DAG(s) 'example_branch_dop_operator_v3' retrieved from /home/airflow/.local/lib/python3.12/site-packages/airflow/example_dags/example_branch_python_dop_operator_3.py
[2024-05-25T22:16:10.260+0000] {logging_mixin.py:188} INFO - [2024-05-25T22:16:10.259+0000] {dag.py:3096} INFO - Sync 1 DAGs
[2024-05-25T22:16:10.292+0000] {logging_mixin.py:188} INFO - [2024-05-25T22:16:10.292+0000] {dag.py:3954} INFO - Setting next_dagrun for example_branch_dop_operator_v3 to 2024-05-25 22:15:00+00:00, run_after=2024-05-25 22:16:00+00:00
[2024-05-25T22:16:10.311+0000] {processor.py:183} INFO - Processing /home/airflow/.local/lib/python3.12/site-packages/airflow/example_dags/example_branch_python_dop_operator_3.py took 0.108 seconds
[2024-05-25T22:16:40.529+0000] {processor.py:161} INFO - Started process (PID=1788) to work on /home/airflow/.local/lib/python3.12/site-packages/airflow/example_dags/example_branch_python_dop_operator_3.py
[2024-05-25T22:16:40.530+0000] {processor.py:830} INFO - Processing file /home/airflow/.local/lib/python3.12/site-packages/airflow/example_dags/example_branch_python_dop_operator_3.py for tasks to queue
[2024-05-25T22:16:40.533+0000] {logging_mixin.py:188} INFO - [2024-05-25T22:16:40.532+0000] {dagbag.py:545} INFO - Filling up the DagBag from /home/airflow/.local/lib/python3.12/site-packages/airflow/example_dags/example_branch_python_dop_operator_3.py
[2024-05-25T22:16:40.543+0000] {processor.py:840} INFO - DAG(s) 'example_branch_dop_operator_v3' retrieved from /home/airflow/.local/lib/python3.12/site-packages/airflow/example_dags/example_branch_python_dop_operator_3.py
[2024-05-25T22:16:40.566+0000] {logging_mixin.py:188} INFO - [2024-05-25T22:16:40.566+0000] {dag.py:3096} INFO - Sync 1 DAGs
[2024-05-25T22:16:40.596+0000] {logging_mixin.py:188} INFO - [2024-05-25T22:16:40.596+0000] {dag.py:3954} INFO - Setting next_dagrun for example_branch_dop_operator_v3 to 2024-05-25 22:15:00+00:00, run_after=2024-05-25 22:16:00+00:00
[2024-05-25T22:16:40.621+0000] {processor.py:183} INFO - Processing /home/airflow/.local/lib/python3.12/site-packages/airflow/example_dags/example_branch_python_dop_operator_3.py took 0.099 seconds
[2024-05-25T22:17:11.045+0000] {processor.py:161} INFO - Started process (PID=1846) to work on /home/airflow/.local/lib/python3.12/site-packages/airflow/example_dags/example_branch_python_dop_operator_3.py
[2024-05-25T22:17:11.046+0000] {processor.py:830} INFO - Processing file /home/airflow/.local/lib/python3.12/site-packages/airflow/example_dags/example_branch_python_dop_operator_3.py for tasks to queue
[2024-05-25T22:17:11.048+0000] {logging_mixin.py:188} INFO - [2024-05-25T22:17:11.048+0000] {dagbag.py:545} INFO - Filling up the DagBag from /home/airflow/.local/lib/python3.12/site-packages/airflow/example_dags/example_branch_python_dop_operator_3.py
[2024-05-25T22:17:11.057+0000] {processor.py:840} INFO - DAG(s) 'example_branch_dop_operator_v3' retrieved from /home/airflow/.local/lib/python3.12/site-packages/airflow/example_dags/example_branch_python_dop_operator_3.py
[2024-05-25T22:17:11.079+0000] {logging_mixin.py:188} INFO - [2024-05-25T22:17:11.079+0000] {dag.py:3096} INFO - Sync 1 DAGs
[2024-05-25T22:17:11.112+0000] {logging_mixin.py:188} INFO - [2024-05-25T22:17:11.112+0000] {dag.py:3954} INFO - Setting next_dagrun for example_branch_dop_operator_v3 to 2024-05-25 22:16:00+00:00, run_after=2024-05-25 22:17:00+00:00
[2024-05-25T22:17:11.131+0000] {processor.py:183} INFO - Processing /home/airflow/.local/lib/python3.12/site-packages/airflow/example_dags/example_branch_python_dop_operator_3.py took 0.092 seconds
[2024-05-25T22:17:41.570+0000] {processor.py:161} INFO - Started process (PID=1904) to work on /home/airflow/.local/lib/python3.12/site-packages/airflow/example_dags/example_branch_python_dop_operator_3.py
[2024-05-25T22:17:41.571+0000] {processor.py:830} INFO - Processing file /home/airflow/.local/lib/python3.12/site-packages/airflow/example_dags/example_branch_python_dop_operator_3.py for tasks to queue
[2024-05-25T22:17:41.573+0000] {logging_mixin.py:188} INFO - [2024-05-25T22:17:41.573+0000] {dagbag.py:545} INFO - Filling up the DagBag from /home/airflow/.local/lib/python3.12/site-packages/airflow/example_dags/example_branch_python_dop_operator_3.py
[2024-05-25T22:17:41.584+0000] {processor.py:840} INFO - DAG(s) 'example_branch_dop_operator_v3' retrieved from /home/airflow/.local/lib/python3.12/site-packages/airflow/example_dags/example_branch_python_dop_operator_3.py
[2024-05-25T22:17:41.606+0000] {logging_mixin.py:188} INFO - [2024-05-25T22:17:41.605+0000] {dag.py:3096} INFO - Sync 1 DAGs
[2024-05-25T22:17:41.635+0000] {logging_mixin.py:188} INFO - [2024-05-25T22:17:41.634+0000] {dag.py:3954} INFO - Setting next_dagrun for example_branch_dop_operator_v3 to 2024-05-25 22:16:00+00:00, run_after=2024-05-25 22:17:00+00:00
[2024-05-25T22:17:41.654+0000] {processor.py:183} INFO - Processing /home/airflow/.local/lib/python3.12/site-packages/airflow/example_dags/example_branch_python_dop_operator_3.py took 0.090 seconds
[2024-05-25T22:18:11.820+0000] {processor.py:161} INFO - Started process (PID=1962) to work on /home/airflow/.local/lib/python3.12/site-packages/airflow/example_dags/example_branch_python_dop_operator_3.py
[2024-05-25T22:18:11.821+0000] {processor.py:830} INFO - Processing file /home/airflow/.local/lib/python3.12/site-packages/airflow/example_dags/example_branch_python_dop_operator_3.py for tasks to queue
[2024-05-25T22:18:11.823+0000] {logging_mixin.py:188} INFO - [2024-05-25T22:18:11.823+0000] {dagbag.py:545} INFO - Filling up the DagBag from /home/airflow/.local/lib/python3.12/site-packages/airflow/example_dags/example_branch_python_dop_operator_3.py
[2024-05-25T22:18:11.833+0000] {processor.py:840} INFO - DAG(s) 'example_branch_dop_operator_v3' retrieved from /home/airflow/.local/lib/python3.12/site-packages/airflow/example_dags/example_branch_python_dop_operator_3.py
[2024-05-25T22:18:11.857+0000] {logging_mixin.py:188} INFO - [2024-05-25T22:18:11.857+0000] {dag.py:3096} INFO - Sync 1 DAGs
[2024-05-25T22:18:11.887+0000] {logging_mixin.py:188} INFO - [2024-05-25T22:18:11.887+0000] {dag.py:3954} INFO - Setting next_dagrun for example_branch_dop_operator_v3 to 2024-05-25 22:17:00+00:00, run_after=2024-05-25 22:18:00+00:00
[2024-05-25T22:18:11.909+0000] {processor.py:183} INFO - Processing /home/airflow/.local/lib/python3.12/site-packages/airflow/example_dags/example_branch_python_dop_operator_3.py took 0.099 seconds
[2024-05-25T22:18:42.057+0000] {processor.py:161} INFO - Started process (PID=2020) to work on /home/airflow/.local/lib/python3.12/site-packages/airflow/example_dags/example_branch_python_dop_operator_3.py
[2024-05-25T22:18:42.058+0000] {processor.py:830} INFO - Processing file /home/airflow/.local/lib/python3.12/site-packages/airflow/example_dags/example_branch_python_dop_operator_3.py for tasks to queue
[2024-05-25T22:18:42.061+0000] {logging_mixin.py:188} INFO - [2024-05-25T22:18:42.060+0000] {dagbag.py:545} INFO - Filling up the DagBag from /home/airflow/.local/lib/python3.12/site-packages/airflow/example_dags/example_branch_python_dop_operator_3.py
[2024-05-25T22:18:42.071+0000] {processor.py:840} INFO - DAG(s) 'example_branch_dop_operator_v3' retrieved from /home/airflow/.local/lib/python3.12/site-packages/airflow/example_dags/example_branch_python_dop_operator_3.py
[2024-05-25T22:18:42.098+0000] {logging_mixin.py:188} INFO - [2024-05-25T22:18:42.097+0000] {dag.py:3096} INFO - Sync 1 DAGs
[2024-05-25T22:18:42.128+0000] {logging_mixin.py:188} INFO - [2024-05-25T22:18:42.128+0000] {dag.py:3954} INFO - Setting next_dagrun for example_branch_dop_operator_v3 to 2024-05-25 22:17:00+00:00, run_after=2024-05-25 22:18:00+00:00
[2024-05-25T22:18:42.149+0000] {processor.py:183} INFO - Processing /home/airflow/.local/lib/python3.12/site-packages/airflow/example_dags/example_branch_python_dop_operator_3.py took 0.101 seconds
[2024-05-25T22:19:12.402+0000] {processor.py:161} INFO - Started process (PID=2078) to work on /home/airflow/.local/lib/python3.12/site-packages/airflow/example_dags/example_branch_python_dop_operator_3.py
[2024-05-25T22:19:12.404+0000] {processor.py:830} INFO - Processing file /home/airflow/.local/lib/python3.12/site-packages/airflow/example_dags/example_branch_python_dop_operator_3.py for tasks to queue
[2024-05-25T22:19:12.407+0000] {logging_mixin.py:188} INFO - [2024-05-25T22:19:12.406+0000] {dagbag.py:545} INFO - Filling up the DagBag from /home/airflow/.local/lib/python3.12/site-packages/airflow/example_dags/example_branch_python_dop_operator_3.py
[2024-05-25T22:19:12.419+0000] {processor.py:840} INFO - DAG(s) 'example_branch_dop_operator_v3' retrieved from /home/airflow/.local/lib/python3.12/site-packages/airflow/example_dags/example_branch_python_dop_operator_3.py
[2024-05-25T22:19:12.449+0000] {logging_mixin.py:188} INFO - [2024-05-25T22:19:12.449+0000] {dag.py:3096} INFO - Sync 1 DAGs
[2024-05-25T22:19:12.481+0000] {logging_mixin.py:188} INFO - [2024-05-25T22:19:12.481+0000] {dag.py:3954} INFO - Setting next_dagrun for example_branch_dop_operator_v3 to 2024-05-25 22:18:00+00:00, run_after=2024-05-25 22:19:00+00:00
[2024-05-25T22:19:12.508+0000] {processor.py:183} INFO - Processing /home/airflow/.local/lib/python3.12/site-packages/airflow/example_dags/example_branch_python_dop_operator_3.py took 0.122 seconds
