[2024-05-25T22:01:29.626+0000] {processor.py:161} INFO - Started process (PID=67) to work on /home/airflow/.local/lib/python3.12/site-packages/airflow/example_dags/example_sensors.py
[2024-05-25T22:01:29.628+0000] {processor.py:830} INFO - Processing file /home/airflow/.local/lib/python3.12/site-packages/airflow/example_dags/example_sensors.py for tasks to queue
[2024-05-25T22:01:29.633+0000] {logging_mixin.py:188} INFO - [2024-05-25T22:01:29.632+0000] {dagbag.py:545} INFO - Filling up the DagBag from /home/airflow/.local/lib/python3.12/site-packages/airflow/example_dags/example_sensors.py
[2024-05-25T22:01:29.648+0000] {processor.py:840} INFO - DAG(s) 'example_sensors' retrieved from /home/airflow/.local/lib/python3.12/site-packages/airflow/example_dags/example_sensors.py
[2024-05-25T22:01:29.809+0000] {logging_mixin.py:188} INFO - [2024-05-25T22:01:29.808+0000] {dag.py:3096} INFO - Sync 1 DAGs
[2024-05-25T22:01:29.827+0000] {logging_mixin.py:188} INFO - [2024-05-25T22:01:29.827+0000] {dag.py:3954} INFO - Setting next_dagrun for example_sensors to None, run_after=None
[2024-05-25T22:01:29.849+0000] {processor.py:183} INFO - Processing /home/airflow/.local/lib/python3.12/site-packages/airflow/example_dags/example_sensors.py took 0.238 seconds
[2024-05-25T22:02:00.279+0000] {processor.py:161} INFO - Started process (PID=125) to work on /home/airflow/.local/lib/python3.12/site-packages/airflow/example_dags/example_sensors.py
[2024-05-25T22:02:00.280+0000] {processor.py:830} INFO - Processing file /home/airflow/.local/lib/python3.12/site-packages/airflow/example_dags/example_sensors.py for tasks to queue
[2024-05-25T22:02:00.285+0000] {logging_mixin.py:188} INFO - [2024-05-25T22:02:00.285+0000] {dagbag.py:545} INFO - Filling up the DagBag from /home/airflow/.local/lib/python3.12/site-packages/airflow/example_dags/example_sensors.py
[2024-05-25T22:02:00.296+0000] {processor.py:840} INFO - DAG(s) 'example_sensors' retrieved from /home/airflow/.local/lib/python3.12/site-packages/airflow/example_dags/example_sensors.py
[2024-05-25T22:02:00.336+0000] {logging_mixin.py:188} INFO - [2024-05-25T22:02:00.336+0000] {dag.py:3096} INFO - Sync 1 DAGs
[2024-05-25T22:02:00.351+0000] {logging_mixin.py:188} INFO - [2024-05-25T22:02:00.350+0000] {dag.py:3954} INFO - Setting next_dagrun for example_sensors to None, run_after=None
[2024-05-25T22:02:00.370+0000] {processor.py:183} INFO - Processing /home/airflow/.local/lib/python3.12/site-packages/airflow/example_dags/example_sensors.py took 0.097 seconds
[2024-05-25T22:02:30.491+0000] {processor.py:161} INFO - Started process (PID=183) to work on /home/airflow/.local/lib/python3.12/site-packages/airflow/example_dags/example_sensors.py
[2024-05-25T22:02:30.492+0000] {processor.py:830} INFO - Processing file /home/airflow/.local/lib/python3.12/site-packages/airflow/example_dags/example_sensors.py for tasks to queue
[2024-05-25T22:02:30.495+0000] {logging_mixin.py:188} INFO - [2024-05-25T22:02:30.494+0000] {dagbag.py:545} INFO - Filling up the DagBag from /home/airflow/.local/lib/python3.12/site-packages/airflow/example_dags/example_sensors.py
[2024-05-25T22:02:30.506+0000] {processor.py:840} INFO - DAG(s) 'example_sensors' retrieved from /home/airflow/.local/lib/python3.12/site-packages/airflow/example_dags/example_sensors.py
[2024-05-25T22:02:30.554+0000] {logging_mixin.py:188} INFO - [2024-05-25T22:02:30.554+0000] {dag.py:3096} INFO - Sync 1 DAGs
[2024-05-25T22:02:30.569+0000] {logging_mixin.py:188} INFO - [2024-05-25T22:02:30.569+0000] {dag.py:3954} INFO - Setting next_dagrun for example_sensors to None, run_after=None
[2024-05-25T22:02:30.588+0000] {processor.py:183} INFO - Processing /home/airflow/.local/lib/python3.12/site-packages/airflow/example_dags/example_sensors.py took 0.103 seconds
[2024-05-25T22:03:01.392+0000] {processor.py:161} INFO - Started process (PID=241) to work on /home/airflow/.local/lib/python3.12/site-packages/airflow/example_dags/example_sensors.py
[2024-05-25T22:03:01.393+0000] {processor.py:830} INFO - Processing file /home/airflow/.local/lib/python3.12/site-packages/airflow/example_dags/example_sensors.py for tasks to queue
[2024-05-25T22:03:01.395+0000] {logging_mixin.py:188} INFO - [2024-05-25T22:03:01.395+0000] {dagbag.py:545} INFO - Filling up the DagBag from /home/airflow/.local/lib/python3.12/site-packages/airflow/example_dags/example_sensors.py
[2024-05-25T22:03:01.406+0000] {processor.py:840} INFO - DAG(s) 'example_sensors' retrieved from /home/airflow/.local/lib/python3.12/site-packages/airflow/example_dags/example_sensors.py
[2024-05-25T22:03:01.438+0000] {logging_mixin.py:188} INFO - [2024-05-25T22:03:01.438+0000] {dag.py:3096} INFO - Sync 1 DAGs
[2024-05-25T22:03:01.454+0000] {logging_mixin.py:188} INFO - [2024-05-25T22:03:01.454+0000] {dag.py:3954} INFO - Setting next_dagrun for example_sensors to None, run_after=None
[2024-05-25T22:03:01.478+0000] {processor.py:183} INFO - Processing /home/airflow/.local/lib/python3.12/site-packages/airflow/example_dags/example_sensors.py took 0.092 seconds
[2024-05-25T22:03:31.946+0000] {processor.py:161} INFO - Started process (PID=299) to work on /home/airflow/.local/lib/python3.12/site-packages/airflow/example_dags/example_sensors.py
[2024-05-25T22:03:31.947+0000] {processor.py:830} INFO - Processing file /home/airflow/.local/lib/python3.12/site-packages/airflow/example_dags/example_sensors.py for tasks to queue
[2024-05-25T22:03:31.949+0000] {logging_mixin.py:188} INFO - [2024-05-25T22:03:31.949+0000] {dagbag.py:545} INFO - Filling up the DagBag from /home/airflow/.local/lib/python3.12/site-packages/airflow/example_dags/example_sensors.py
[2024-05-25T22:03:31.960+0000] {processor.py:840} INFO - DAG(s) 'example_sensors' retrieved from /home/airflow/.local/lib/python3.12/site-packages/airflow/example_dags/example_sensors.py
[2024-05-25T22:03:31.990+0000] {logging_mixin.py:188} INFO - [2024-05-25T22:03:31.990+0000] {dag.py:3096} INFO - Sync 1 DAGs
[2024-05-25T22:03:32.006+0000] {logging_mixin.py:188} INFO - [2024-05-25T22:03:32.005+0000] {dag.py:3954} INFO - Setting next_dagrun for example_sensors to None, run_after=None
[2024-05-25T22:03:32.026+0000] {processor.py:183} INFO - Processing /home/airflow/.local/lib/python3.12/site-packages/airflow/example_dags/example_sensors.py took 0.088 seconds
[2024-05-25T22:04:02.681+0000] {processor.py:161} INFO - Started process (PID=357) to work on /home/airflow/.local/lib/python3.12/site-packages/airflow/example_dags/example_sensors.py
[2024-05-25T22:04:02.682+0000] {processor.py:830} INFO - Processing file /home/airflow/.local/lib/python3.12/site-packages/airflow/example_dags/example_sensors.py for tasks to queue
[2024-05-25T22:04:02.684+0000] {logging_mixin.py:188} INFO - [2024-05-25T22:04:02.684+0000] {dagbag.py:545} INFO - Filling up the DagBag from /home/airflow/.local/lib/python3.12/site-packages/airflow/example_dags/example_sensors.py
[2024-05-25T22:04:02.694+0000] {processor.py:840} INFO - DAG(s) 'example_sensors' retrieved from /home/airflow/.local/lib/python3.12/site-packages/airflow/example_dags/example_sensors.py
[2024-05-25T22:04:02.724+0000] {logging_mixin.py:188} INFO - [2024-05-25T22:04:02.723+0000] {dag.py:3096} INFO - Sync 1 DAGs
[2024-05-25T22:04:02.741+0000] {logging_mixin.py:188} INFO - [2024-05-25T22:04:02.741+0000] {dag.py:3954} INFO - Setting next_dagrun for example_sensors to None, run_after=None
[2024-05-25T22:04:02.774+0000] {processor.py:183} INFO - Processing /home/airflow/.local/lib/python3.12/site-packages/airflow/example_dags/example_sensors.py took 0.100 seconds
[2024-05-25T22:04:32.986+0000] {processor.py:161} INFO - Started process (PID=415) to work on /home/airflow/.local/lib/python3.12/site-packages/airflow/example_dags/example_sensors.py
[2024-05-25T22:04:32.987+0000] {processor.py:830} INFO - Processing file /home/airflow/.local/lib/python3.12/site-packages/airflow/example_dags/example_sensors.py for tasks to queue
[2024-05-25T22:04:32.990+0000] {logging_mixin.py:188} INFO - [2024-05-25T22:04:32.989+0000] {dagbag.py:545} INFO - Filling up the DagBag from /home/airflow/.local/lib/python3.12/site-packages/airflow/example_dags/example_sensors.py
[2024-05-25T22:04:33.002+0000] {processor.py:840} INFO - DAG(s) 'example_sensors' retrieved from /home/airflow/.local/lib/python3.12/site-packages/airflow/example_dags/example_sensors.py
[2024-05-25T22:04:33.037+0000] {logging_mixin.py:188} INFO - [2024-05-25T22:04:33.036+0000] {dag.py:3096} INFO - Sync 1 DAGs
[2024-05-25T22:04:33.052+0000] {logging_mixin.py:188} INFO - [2024-05-25T22:04:33.052+0000] {dag.py:3954} INFO - Setting next_dagrun for example_sensors to None, run_after=None
[2024-05-25T22:04:33.071+0000] {processor.py:183} INFO - Processing /home/airflow/.local/lib/python3.12/site-packages/airflow/example_dags/example_sensors.py took 0.091 seconds
[2024-05-25T22:05:03.487+0000] {processor.py:161} INFO - Started process (PID=472) to work on /home/airflow/.local/lib/python3.12/site-packages/airflow/example_dags/example_sensors.py
[2024-05-25T22:05:03.488+0000] {processor.py:830} INFO - Processing file /home/airflow/.local/lib/python3.12/site-packages/airflow/example_dags/example_sensors.py for tasks to queue
[2024-05-25T22:05:03.491+0000] {logging_mixin.py:188} INFO - [2024-05-25T22:05:03.490+0000] {dagbag.py:545} INFO - Filling up the DagBag from /home/airflow/.local/lib/python3.12/site-packages/airflow/example_dags/example_sensors.py
[2024-05-25T22:05:03.502+0000] {processor.py:840} INFO - DAG(s) 'example_sensors' retrieved from /home/airflow/.local/lib/python3.12/site-packages/airflow/example_dags/example_sensors.py
[2024-05-25T22:05:03.538+0000] {logging_mixin.py:188} INFO - [2024-05-25T22:05:03.538+0000] {dag.py:3096} INFO - Sync 1 DAGs
[2024-05-25T22:05:03.555+0000] {logging_mixin.py:188} INFO - [2024-05-25T22:05:03.554+0000] {dag.py:3954} INFO - Setting next_dagrun for example_sensors to None, run_after=None
[2024-05-25T22:05:03.585+0000] {processor.py:183} INFO - Processing /home/airflow/.local/lib/python3.12/site-packages/airflow/example_dags/example_sensors.py took 0.105 seconds
[2024-05-25T22:05:33.794+0000] {processor.py:161} INFO - Started process (PID=530) to work on /home/airflow/.local/lib/python3.12/site-packages/airflow/example_dags/example_sensors.py
[2024-05-25T22:05:33.795+0000] {processor.py:830} INFO - Processing file /home/airflow/.local/lib/python3.12/site-packages/airflow/example_dags/example_sensors.py for tasks to queue
[2024-05-25T22:05:33.798+0000] {logging_mixin.py:188} INFO - [2024-05-25T22:05:33.797+0000] {dagbag.py:545} INFO - Filling up the DagBag from /home/airflow/.local/lib/python3.12/site-packages/airflow/example_dags/example_sensors.py
[2024-05-25T22:05:33.808+0000] {processor.py:840} INFO - DAG(s) 'example_sensors' retrieved from /home/airflow/.local/lib/python3.12/site-packages/airflow/example_dags/example_sensors.py
[2024-05-25T22:05:33.840+0000] {logging_mixin.py:188} INFO - [2024-05-25T22:05:33.840+0000] {dag.py:3096} INFO - Sync 1 DAGs
[2024-05-25T22:05:33.859+0000] {logging_mixin.py:188} INFO - [2024-05-25T22:05:33.858+0000] {dag.py:3954} INFO - Setting next_dagrun for example_sensors to None, run_after=None
[2024-05-25T22:05:33.894+0000] {processor.py:183} INFO - Processing /home/airflow/.local/lib/python3.12/site-packages/airflow/example_dags/example_sensors.py took 0.106 seconds
[2024-05-25T22:06:04.292+0000] {processor.py:161} INFO - Started process (PID=587) to work on /home/airflow/.local/lib/python3.12/site-packages/airflow/example_dags/example_sensors.py
[2024-05-25T22:06:04.294+0000] {processor.py:830} INFO - Processing file /home/airflow/.local/lib/python3.12/site-packages/airflow/example_dags/example_sensors.py for tasks to queue
[2024-05-25T22:06:04.298+0000] {logging_mixin.py:188} INFO - [2024-05-25T22:06:04.297+0000] {dagbag.py:545} INFO - Filling up the DagBag from /home/airflow/.local/lib/python3.12/site-packages/airflow/example_dags/example_sensors.py
[2024-05-25T22:06:04.309+0000] {processor.py:840} INFO - DAG(s) 'example_sensors' retrieved from /home/airflow/.local/lib/python3.12/site-packages/airflow/example_dags/example_sensors.py
[2024-05-25T22:06:04.341+0000] {logging_mixin.py:188} INFO - [2024-05-25T22:06:04.341+0000] {dag.py:3096} INFO - Sync 1 DAGs
[2024-05-25T22:06:04.355+0000] {logging_mixin.py:188} INFO - [2024-05-25T22:06:04.355+0000] {dag.py:3954} INFO - Setting next_dagrun for example_sensors to None, run_after=None
[2024-05-25T22:06:04.376+0000] {processor.py:183} INFO - Processing /home/airflow/.local/lib/python3.12/site-packages/airflow/example_dags/example_sensors.py took 0.095 seconds
[2024-05-25T22:06:34.623+0000] {processor.py:161} INFO - Started process (PID=644) to work on /home/airflow/.local/lib/python3.12/site-packages/airflow/example_dags/example_sensors.py
[2024-05-25T22:06:34.624+0000] {processor.py:830} INFO - Processing file /home/airflow/.local/lib/python3.12/site-packages/airflow/example_dags/example_sensors.py for tasks to queue
[2024-05-25T22:06:34.626+0000] {logging_mixin.py:188} INFO - [2024-05-25T22:06:34.626+0000] {dagbag.py:545} INFO - Filling up the DagBag from /home/airflow/.local/lib/python3.12/site-packages/airflow/example_dags/example_sensors.py
[2024-05-25T22:06:34.637+0000] {processor.py:840} INFO - DAG(s) 'example_sensors' retrieved from /home/airflow/.local/lib/python3.12/site-packages/airflow/example_dags/example_sensors.py
[2024-05-25T22:06:34.670+0000] {logging_mixin.py:188} INFO - [2024-05-25T22:06:34.669+0000] {dag.py:3096} INFO - Sync 1 DAGs
[2024-05-25T22:06:34.685+0000] {logging_mixin.py:188} INFO - [2024-05-25T22:06:34.684+0000] {dag.py:3954} INFO - Setting next_dagrun for example_sensors to None, run_after=None
[2024-05-25T22:06:34.707+0000] {processor.py:183} INFO - Processing /home/airflow/.local/lib/python3.12/site-packages/airflow/example_dags/example_sensors.py took 0.091 seconds
[2024-05-25T22:07:04.842+0000] {processor.py:161} INFO - Started process (PID=701) to work on /home/airflow/.local/lib/python3.12/site-packages/airflow/example_dags/example_sensors.py
[2024-05-25T22:07:04.843+0000] {processor.py:830} INFO - Processing file /home/airflow/.local/lib/python3.12/site-packages/airflow/example_dags/example_sensors.py for tasks to queue
[2024-05-25T22:07:04.845+0000] {logging_mixin.py:188} INFO - [2024-05-25T22:07:04.844+0000] {dagbag.py:545} INFO - Filling up the DagBag from /home/airflow/.local/lib/python3.12/site-packages/airflow/example_dags/example_sensors.py
[2024-05-25T22:07:04.854+0000] {processor.py:840} INFO - DAG(s) 'example_sensors' retrieved from /home/airflow/.local/lib/python3.12/site-packages/airflow/example_dags/example_sensors.py
[2024-05-25T22:07:04.884+0000] {logging_mixin.py:188} INFO - [2024-05-25T22:07:04.883+0000] {dag.py:3096} INFO - Sync 1 DAGs
[2024-05-25T22:07:04.898+0000] {logging_mixin.py:188} INFO - [2024-05-25T22:07:04.897+0000] {dag.py:3954} INFO - Setting next_dagrun for example_sensors to None, run_after=None
[2024-05-25T22:07:04.924+0000] {processor.py:183} INFO - Processing /home/airflow/.local/lib/python3.12/site-packages/airflow/example_dags/example_sensors.py took 0.088 seconds
[2024-05-25T22:07:35.582+0000] {processor.py:161} INFO - Started process (PID=759) to work on /home/airflow/.local/lib/python3.12/site-packages/airflow/example_dags/example_sensors.py
[2024-05-25T22:07:35.583+0000] {processor.py:830} INFO - Processing file /home/airflow/.local/lib/python3.12/site-packages/airflow/example_dags/example_sensors.py for tasks to queue
[2024-05-25T22:07:35.584+0000] {logging_mixin.py:188} INFO - [2024-05-25T22:07:35.584+0000] {dagbag.py:545} INFO - Filling up the DagBag from /home/airflow/.local/lib/python3.12/site-packages/airflow/example_dags/example_sensors.py
[2024-05-25T22:07:35.594+0000] {processor.py:840} INFO - DAG(s) 'example_sensors' retrieved from /home/airflow/.local/lib/python3.12/site-packages/airflow/example_dags/example_sensors.py
[2024-05-25T22:07:35.622+0000] {logging_mixin.py:188} INFO - [2024-05-25T22:07:35.622+0000] {dag.py:3096} INFO - Sync 1 DAGs
[2024-05-25T22:07:35.636+0000] {logging_mixin.py:188} INFO - [2024-05-25T22:07:35.636+0000] {dag.py:3954} INFO - Setting next_dagrun for example_sensors to None, run_after=None
[2024-05-25T22:07:35.659+0000] {processor.py:183} INFO - Processing /home/airflow/.local/lib/python3.12/site-packages/airflow/example_dags/example_sensors.py took 0.084 seconds
[2024-05-25T22:08:05.916+0000] {processor.py:161} INFO - Started process (PID=817) to work on /home/airflow/.local/lib/python3.12/site-packages/airflow/example_dags/example_sensors.py
[2024-05-25T22:08:05.917+0000] {processor.py:830} INFO - Processing file /home/airflow/.local/lib/python3.12/site-packages/airflow/example_dags/example_sensors.py for tasks to queue
[2024-05-25T22:08:05.920+0000] {logging_mixin.py:188} INFO - [2024-05-25T22:08:05.919+0000] {dagbag.py:545} INFO - Filling up the DagBag from /home/airflow/.local/lib/python3.12/site-packages/airflow/example_dags/example_sensors.py
[2024-05-25T22:08:05.933+0000] {processor.py:840} INFO - DAG(s) 'example_sensors' retrieved from /home/airflow/.local/lib/python3.12/site-packages/airflow/example_dags/example_sensors.py
[2024-05-25T22:08:05.962+0000] {logging_mixin.py:188} INFO - [2024-05-25T22:08:05.962+0000] {dag.py:3096} INFO - Sync 1 DAGs
[2024-05-25T22:08:05.978+0000] {logging_mixin.py:188} INFO - [2024-05-25T22:08:05.978+0000] {dag.py:3954} INFO - Setting next_dagrun for example_sensors to None, run_after=None
[2024-05-25T22:08:06.002+0000] {processor.py:183} INFO - Processing /home/airflow/.local/lib/python3.12/site-packages/airflow/example_dags/example_sensors.py took 0.096 seconds
[2024-05-25T22:08:36.214+0000] {processor.py:161} INFO - Started process (PID=875) to work on /home/airflow/.local/lib/python3.12/site-packages/airflow/example_dags/example_sensors.py
[2024-05-25T22:08:36.215+0000] {processor.py:830} INFO - Processing file /home/airflow/.local/lib/python3.12/site-packages/airflow/example_dags/example_sensors.py for tasks to queue
[2024-05-25T22:08:36.217+0000] {logging_mixin.py:188} INFO - [2024-05-25T22:08:36.217+0000] {dagbag.py:545} INFO - Filling up the DagBag from /home/airflow/.local/lib/python3.12/site-packages/airflow/example_dags/example_sensors.py
[2024-05-25T22:08:36.229+0000] {processor.py:840} INFO - DAG(s) 'example_sensors' retrieved from /home/airflow/.local/lib/python3.12/site-packages/airflow/example_dags/example_sensors.py
[2024-05-25T22:08:36.261+0000] {logging_mixin.py:188} INFO - [2024-05-25T22:08:36.261+0000] {dag.py:3096} INFO - Sync 1 DAGs
[2024-05-25T22:08:36.279+0000] {logging_mixin.py:188} INFO - [2024-05-25T22:08:36.278+0000] {dag.py:3954} INFO - Setting next_dagrun for example_sensors to None, run_after=None
[2024-05-25T22:08:36.306+0000] {processor.py:183} INFO - Processing /home/airflow/.local/lib/python3.12/site-packages/airflow/example_dags/example_sensors.py took 0.099 seconds
[2024-05-25T22:09:06.417+0000] {processor.py:161} INFO - Started process (PID=933) to work on /home/airflow/.local/lib/python3.12/site-packages/airflow/example_dags/example_sensors.py
[2024-05-25T22:09:06.418+0000] {processor.py:830} INFO - Processing file /home/airflow/.local/lib/python3.12/site-packages/airflow/example_dags/example_sensors.py for tasks to queue
[2024-05-25T22:09:06.421+0000] {logging_mixin.py:188} INFO - [2024-05-25T22:09:06.420+0000] {dagbag.py:545} INFO - Filling up the DagBag from /home/airflow/.local/lib/python3.12/site-packages/airflow/example_dags/example_sensors.py
[2024-05-25T22:09:06.433+0000] {processor.py:840} INFO - DAG(s) 'example_sensors' retrieved from /home/airflow/.local/lib/python3.12/site-packages/airflow/example_dags/example_sensors.py
[2024-05-25T22:09:06.467+0000] {logging_mixin.py:188} INFO - [2024-05-25T22:09:06.466+0000] {dag.py:3096} INFO - Sync 1 DAGs
[2024-05-25T22:09:06.486+0000] {logging_mixin.py:188} INFO - [2024-05-25T22:09:06.485+0000] {dag.py:3954} INFO - Setting next_dagrun for example_sensors to None, run_after=None
[2024-05-25T22:09:06.512+0000] {processor.py:183} INFO - Processing /home/airflow/.local/lib/python3.12/site-packages/airflow/example_dags/example_sensors.py took 0.102 seconds
[2024-05-25T22:09:37.478+0000] {processor.py:161} INFO - Started process (PID=996) to work on /home/airflow/.local/lib/python3.12/site-packages/airflow/example_dags/example_sensors.py
[2024-05-25T22:09:37.479+0000] {processor.py:830} INFO - Processing file /home/airflow/.local/lib/python3.12/site-packages/airflow/example_dags/example_sensors.py for tasks to queue
[2024-05-25T22:09:37.481+0000] {logging_mixin.py:188} INFO - [2024-05-25T22:09:37.480+0000] {dagbag.py:545} INFO - Filling up the DagBag from /home/airflow/.local/lib/python3.12/site-packages/airflow/example_dags/example_sensors.py
[2024-05-25T22:09:37.490+0000] {processor.py:840} INFO - DAG(s) 'example_sensors' retrieved from /home/airflow/.local/lib/python3.12/site-packages/airflow/example_dags/example_sensors.py
[2024-05-25T22:09:37.525+0000] {logging_mixin.py:188} INFO - [2024-05-25T22:09:37.525+0000] {dag.py:3096} INFO - Sync 1 DAGs
[2024-05-25T22:09:37.544+0000] {logging_mixin.py:188} INFO - [2024-05-25T22:09:37.544+0000] {dag.py:3954} INFO - Setting next_dagrun for example_sensors to None, run_after=None
[2024-05-25T22:09:37.577+0000] {processor.py:183} INFO - Processing /home/airflow/.local/lib/python3.12/site-packages/airflow/example_dags/example_sensors.py took 0.105 seconds
[2024-05-25T22:10:08.314+0000] {processor.py:161} INFO - Started process (PID=1054) to work on /home/airflow/.local/lib/python3.12/site-packages/airflow/example_dags/example_sensors.py
[2024-05-25T22:10:08.315+0000] {processor.py:830} INFO - Processing file /home/airflow/.local/lib/python3.12/site-packages/airflow/example_dags/example_sensors.py for tasks to queue
[2024-05-25T22:10:08.318+0000] {logging_mixin.py:188} INFO - [2024-05-25T22:10:08.318+0000] {dagbag.py:545} INFO - Filling up the DagBag from /home/airflow/.local/lib/python3.12/site-packages/airflow/example_dags/example_sensors.py
[2024-05-25T22:10:08.330+0000] {processor.py:840} INFO - DAG(s) 'example_sensors' retrieved from /home/airflow/.local/lib/python3.12/site-packages/airflow/example_dags/example_sensors.py
[2024-05-25T22:10:08.363+0000] {logging_mixin.py:188} INFO - [2024-05-25T22:10:08.363+0000] {dag.py:3096} INFO - Sync 1 DAGs
[2024-05-25T22:10:08.380+0000] {logging_mixin.py:188} INFO - [2024-05-25T22:10:08.380+0000] {dag.py:3954} INFO - Setting next_dagrun for example_sensors to None, run_after=None
[2024-05-25T22:10:08.399+0000] {processor.py:183} INFO - Processing /home/airflow/.local/lib/python3.12/site-packages/airflow/example_dags/example_sensors.py took 0.092 seconds
[2024-05-25T22:10:38.944+0000] {processor.py:161} INFO - Started process (PID=1111) to work on /home/airflow/.local/lib/python3.12/site-packages/airflow/example_dags/example_sensors.py
[2024-05-25T22:10:38.947+0000] {processor.py:830} INFO - Processing file /home/airflow/.local/lib/python3.12/site-packages/airflow/example_dags/example_sensors.py for tasks to queue
[2024-05-25T22:10:38.952+0000] {logging_mixin.py:188} INFO - [2024-05-25T22:10:38.951+0000] {dagbag.py:545} INFO - Filling up the DagBag from /home/airflow/.local/lib/python3.12/site-packages/airflow/example_dags/example_sensors.py
[2024-05-25T22:10:38.968+0000] {processor.py:840} INFO - DAG(s) 'example_sensors' retrieved from /home/airflow/.local/lib/python3.12/site-packages/airflow/example_dags/example_sensors.py
[2024-05-25T22:10:39.001+0000] {logging_mixin.py:188} INFO - [2024-05-25T22:10:39.001+0000] {dag.py:3096} INFO - Sync 1 DAGs
[2024-05-25T22:10:39.016+0000] {logging_mixin.py:188} INFO - [2024-05-25T22:10:39.015+0000] {dag.py:3954} INFO - Setting next_dagrun for example_sensors to None, run_after=None
[2024-05-25T22:10:39.037+0000] {processor.py:183} INFO - Processing /home/airflow/.local/lib/python3.12/site-packages/airflow/example_dags/example_sensors.py took 0.099 seconds
[2024-05-25T22:11:09.279+0000] {processor.py:161} INFO - Started process (PID=1168) to work on /home/airflow/.local/lib/python3.12/site-packages/airflow/example_dags/example_sensors.py
[2024-05-25T22:11:09.281+0000] {processor.py:830} INFO - Processing file /home/airflow/.local/lib/python3.12/site-packages/airflow/example_dags/example_sensors.py for tasks to queue
[2024-05-25T22:11:09.285+0000] {logging_mixin.py:188} INFO - [2024-05-25T22:11:09.285+0000] {dagbag.py:545} INFO - Filling up the DagBag from /home/airflow/.local/lib/python3.12/site-packages/airflow/example_dags/example_sensors.py
[2024-05-25T22:11:09.303+0000] {processor.py:840} INFO - DAG(s) 'example_sensors' retrieved from /home/airflow/.local/lib/python3.12/site-packages/airflow/example_dags/example_sensors.py
[2024-05-25T22:11:09.342+0000] {logging_mixin.py:188} INFO - [2024-05-25T22:11:09.342+0000] {dag.py:3096} INFO - Sync 1 DAGs
[2024-05-25T22:11:09.358+0000] {logging_mixin.py:188} INFO - [2024-05-25T22:11:09.358+0000] {dag.py:3954} INFO - Setting next_dagrun for example_sensors to None, run_after=None
[2024-05-25T22:11:09.380+0000] {processor.py:183} INFO - Processing /home/airflow/.local/lib/python3.12/site-packages/airflow/example_dags/example_sensors.py took 0.116 seconds
[2024-05-25T22:11:39.556+0000] {processor.py:161} INFO - Started process (PID=1226) to work on /home/airflow/.local/lib/python3.12/site-packages/airflow/example_dags/example_sensors.py
[2024-05-25T22:11:39.557+0000] {processor.py:830} INFO - Processing file /home/airflow/.local/lib/python3.12/site-packages/airflow/example_dags/example_sensors.py for tasks to queue
[2024-05-25T22:11:39.559+0000] {logging_mixin.py:188} INFO - [2024-05-25T22:11:39.559+0000] {dagbag.py:545} INFO - Filling up the DagBag from /home/airflow/.local/lib/python3.12/site-packages/airflow/example_dags/example_sensors.py
[2024-05-25T22:11:39.570+0000] {processor.py:840} INFO - DAG(s) 'example_sensors' retrieved from /home/airflow/.local/lib/python3.12/site-packages/airflow/example_dags/example_sensors.py
[2024-05-25T22:11:39.599+0000] {logging_mixin.py:188} INFO - [2024-05-25T22:11:39.599+0000] {dag.py:3096} INFO - Sync 1 DAGs
[2024-05-25T22:11:39.615+0000] {logging_mixin.py:188} INFO - [2024-05-25T22:11:39.615+0000] {dag.py:3954} INFO - Setting next_dagrun for example_sensors to None, run_after=None
[2024-05-25T22:11:39.638+0000] {processor.py:183} INFO - Processing /home/airflow/.local/lib/python3.12/site-packages/airflow/example_dags/example_sensors.py took 0.088 seconds
[2024-05-25T22:12:10.225+0000] {processor.py:161} INFO - Started process (PID=1283) to work on /home/airflow/.local/lib/python3.12/site-packages/airflow/example_dags/example_sensors.py
[2024-05-25T22:12:10.227+0000] {processor.py:830} INFO - Processing file /home/airflow/.local/lib/python3.12/site-packages/airflow/example_dags/example_sensors.py for tasks to queue
[2024-05-25T22:12:10.229+0000] {logging_mixin.py:188} INFO - [2024-05-25T22:12:10.228+0000] {dagbag.py:545} INFO - Filling up the DagBag from /home/airflow/.local/lib/python3.12/site-packages/airflow/example_dags/example_sensors.py
[2024-05-25T22:12:10.240+0000] {processor.py:840} INFO - DAG(s) 'example_sensors' retrieved from /home/airflow/.local/lib/python3.12/site-packages/airflow/example_dags/example_sensors.py
[2024-05-25T22:12:10.271+0000] {logging_mixin.py:188} INFO - [2024-05-25T22:12:10.270+0000] {dag.py:3096} INFO - Sync 1 DAGs
[2024-05-25T22:12:10.285+0000] {logging_mixin.py:188} INFO - [2024-05-25T22:12:10.285+0000] {dag.py:3954} INFO - Setting next_dagrun for example_sensors to None, run_after=None
[2024-05-25T22:12:10.308+0000] {processor.py:183} INFO - Processing /home/airflow/.local/lib/python3.12/site-packages/airflow/example_dags/example_sensors.py took 0.091 seconds
[2024-05-25T22:12:40.704+0000] {processor.py:161} INFO - Started process (PID=1348) to work on /home/airflow/.local/lib/python3.12/site-packages/airflow/example_dags/example_sensors.py
[2024-05-25T22:12:40.705+0000] {processor.py:830} INFO - Processing file /home/airflow/.local/lib/python3.12/site-packages/airflow/example_dags/example_sensors.py for tasks to queue
[2024-05-25T22:12:40.707+0000] {logging_mixin.py:188} INFO - [2024-05-25T22:12:40.707+0000] {dagbag.py:545} INFO - Filling up the DagBag from /home/airflow/.local/lib/python3.12/site-packages/airflow/example_dags/example_sensors.py
[2024-05-25T22:12:40.718+0000] {processor.py:840} INFO - DAG(s) 'example_sensors' retrieved from /home/airflow/.local/lib/python3.12/site-packages/airflow/example_dags/example_sensors.py
[2024-05-25T22:12:40.750+0000] {logging_mixin.py:188} INFO - [2024-05-25T22:12:40.750+0000] {dag.py:3096} INFO - Sync 1 DAGs
[2024-05-25T22:12:40.768+0000] {logging_mixin.py:188} INFO - [2024-05-25T22:12:40.768+0000] {dag.py:3954} INFO - Setting next_dagrun for example_sensors to None, run_after=None
[2024-05-25T22:12:40.789+0000] {processor.py:183} INFO - Processing /home/airflow/.local/lib/python3.12/site-packages/airflow/example_dags/example_sensors.py took 0.092 seconds
[2024-05-25T22:13:11.668+0000] {processor.py:161} INFO - Started process (PID=1414) to work on /home/airflow/.local/lib/python3.12/site-packages/airflow/example_dags/example_sensors.py
[2024-05-25T22:13:11.669+0000] {processor.py:830} INFO - Processing file /home/airflow/.local/lib/python3.12/site-packages/airflow/example_dags/example_sensors.py for tasks to queue
[2024-05-25T22:13:11.671+0000] {logging_mixin.py:188} INFO - [2024-05-25T22:13:11.671+0000] {dagbag.py:545} INFO - Filling up the DagBag from /home/airflow/.local/lib/python3.12/site-packages/airflow/example_dags/example_sensors.py
[2024-05-25T22:13:11.685+0000] {processor.py:840} INFO - DAG(s) 'example_sensors' retrieved from /home/airflow/.local/lib/python3.12/site-packages/airflow/example_dags/example_sensors.py
[2024-05-25T22:13:11.730+0000] {logging_mixin.py:188} INFO - [2024-05-25T22:13:11.729+0000] {dag.py:3096} INFO - Sync 1 DAGs
[2024-05-25T22:13:11.753+0000] {logging_mixin.py:188} INFO - [2024-05-25T22:13:11.752+0000] {dag.py:3954} INFO - Setting next_dagrun for example_sensors to None, run_after=None
[2024-05-25T22:13:11.780+0000] {processor.py:183} INFO - Processing /home/airflow/.local/lib/python3.12/site-packages/airflow/example_dags/example_sensors.py took 0.119 seconds
[2024-05-25T22:13:41.825+0000] {processor.py:161} INFO - Started process (PID=1472) to work on /home/airflow/.local/lib/python3.12/site-packages/airflow/example_dags/example_sensors.py
[2024-05-25T22:13:41.826+0000] {processor.py:830} INFO - Processing file /home/airflow/.local/lib/python3.12/site-packages/airflow/example_dags/example_sensors.py for tasks to queue
[2024-05-25T22:13:41.828+0000] {logging_mixin.py:188} INFO - [2024-05-25T22:13:41.828+0000] {dagbag.py:545} INFO - Filling up the DagBag from /home/airflow/.local/lib/python3.12/site-packages/airflow/example_dags/example_sensors.py
[2024-05-25T22:13:41.838+0000] {processor.py:840} INFO - DAG(s) 'example_sensors' retrieved from /home/airflow/.local/lib/python3.12/site-packages/airflow/example_dags/example_sensors.py
[2024-05-25T22:13:41.868+0000] {logging_mixin.py:188} INFO - [2024-05-25T22:13:41.867+0000] {dag.py:3096} INFO - Sync 1 DAGs
[2024-05-25T22:13:41.882+0000] {logging_mixin.py:188} INFO - [2024-05-25T22:13:41.881+0000] {dag.py:3954} INFO - Setting next_dagrun for example_sensors to None, run_after=None
[2024-05-25T22:13:41.901+0000] {processor.py:183} INFO - Processing /home/airflow/.local/lib/python3.12/site-packages/airflow/example_dags/example_sensors.py took 0.082 seconds
[2024-05-25T22:14:12.048+0000] {processor.py:161} INFO - Started process (PID=1530) to work on /home/airflow/.local/lib/python3.12/site-packages/airflow/example_dags/example_sensors.py
[2024-05-25T22:14:12.049+0000] {processor.py:830} INFO - Processing file /home/airflow/.local/lib/python3.12/site-packages/airflow/example_dags/example_sensors.py for tasks to queue
[2024-05-25T22:14:12.052+0000] {logging_mixin.py:188} INFO - [2024-05-25T22:14:12.051+0000] {dagbag.py:545} INFO - Filling up the DagBag from /home/airflow/.local/lib/python3.12/site-packages/airflow/example_dags/example_sensors.py
[2024-05-25T22:14:12.065+0000] {processor.py:840} INFO - DAG(s) 'example_sensors' retrieved from /home/airflow/.local/lib/python3.12/site-packages/airflow/example_dags/example_sensors.py
[2024-05-25T22:14:12.096+0000] {logging_mixin.py:188} INFO - [2024-05-25T22:14:12.096+0000] {dag.py:3096} INFO - Sync 1 DAGs
[2024-05-25T22:14:12.111+0000] {logging_mixin.py:188} INFO - [2024-05-25T22:14:12.111+0000] {dag.py:3954} INFO - Setting next_dagrun for example_sensors to None, run_after=None
[2024-05-25T22:14:12.131+0000] {processor.py:183} INFO - Processing /home/airflow/.local/lib/python3.12/site-packages/airflow/example_dags/example_sensors.py took 0.089 seconds
[2024-05-25T22:14:42.521+0000] {processor.py:161} INFO - Started process (PID=1589) to work on /home/airflow/.local/lib/python3.12/site-packages/airflow/example_dags/example_sensors.py
[2024-05-25T22:14:42.524+0000] {processor.py:830} INFO - Processing file /home/airflow/.local/lib/python3.12/site-packages/airflow/example_dags/example_sensors.py for tasks to queue
[2024-05-25T22:14:42.526+0000] {logging_mixin.py:188} INFO - [2024-05-25T22:14:42.526+0000] {dagbag.py:545} INFO - Filling up the DagBag from /home/airflow/.local/lib/python3.12/site-packages/airflow/example_dags/example_sensors.py
[2024-05-25T22:14:42.536+0000] {processor.py:840} INFO - DAG(s) 'example_sensors' retrieved from /home/airflow/.local/lib/python3.12/site-packages/airflow/example_dags/example_sensors.py
[2024-05-25T22:14:42.575+0000] {logging_mixin.py:188} INFO - [2024-05-25T22:14:42.575+0000] {dag.py:3096} INFO - Sync 1 DAGs
[2024-05-25T22:14:42.599+0000] {logging_mixin.py:188} INFO - [2024-05-25T22:14:42.598+0000] {dag.py:3954} INFO - Setting next_dagrun for example_sensors to None, run_after=None
[2024-05-25T22:14:42.631+0000] {processor.py:183} INFO - Processing /home/airflow/.local/lib/python3.12/site-packages/airflow/example_dags/example_sensors.py took 0.117 seconds
[2024-05-25T22:15:12.971+0000] {processor.py:161} INFO - Started process (PID=1647) to work on /home/airflow/.local/lib/python3.12/site-packages/airflow/example_dags/example_sensors.py
[2024-05-25T22:15:12.972+0000] {processor.py:830} INFO - Processing file /home/airflow/.local/lib/python3.12/site-packages/airflow/example_dags/example_sensors.py for tasks to queue
[2024-05-25T22:15:12.975+0000] {logging_mixin.py:188} INFO - [2024-05-25T22:15:12.975+0000] {dagbag.py:545} INFO - Filling up the DagBag from /home/airflow/.local/lib/python3.12/site-packages/airflow/example_dags/example_sensors.py
[2024-05-25T22:15:12.985+0000] {processor.py:840} INFO - DAG(s) 'example_sensors' retrieved from /home/airflow/.local/lib/python3.12/site-packages/airflow/example_dags/example_sensors.py
[2024-05-25T22:15:13.014+0000] {logging_mixin.py:188} INFO - [2024-05-25T22:15:13.013+0000] {dag.py:3096} INFO - Sync 1 DAGs
[2024-05-25T22:15:13.032+0000] {logging_mixin.py:188} INFO - [2024-05-25T22:15:13.032+0000] {dag.py:3954} INFO - Setting next_dagrun for example_sensors to None, run_after=None
[2024-05-25T22:15:13.055+0000] {processor.py:183} INFO - Processing /home/airflow/.local/lib/python3.12/site-packages/airflow/example_dags/example_sensors.py took 0.091 seconds
[2024-05-25T22:15:43.524+0000] {processor.py:161} INFO - Started process (PID=1705) to work on /home/airflow/.local/lib/python3.12/site-packages/airflow/example_dags/example_sensors.py
[2024-05-25T22:15:43.526+0000] {processor.py:830} INFO - Processing file /home/airflow/.local/lib/python3.12/site-packages/airflow/example_dags/example_sensors.py for tasks to queue
[2024-05-25T22:15:43.529+0000] {logging_mixin.py:188} INFO - [2024-05-25T22:15:43.528+0000] {dagbag.py:545} INFO - Filling up the DagBag from /home/airflow/.local/lib/python3.12/site-packages/airflow/example_dags/example_sensors.py
[2024-05-25T22:15:43.539+0000] {processor.py:840} INFO - DAG(s) 'example_sensors' retrieved from /home/airflow/.local/lib/python3.12/site-packages/airflow/example_dags/example_sensors.py
[2024-05-25T22:15:43.572+0000] {logging_mixin.py:188} INFO - [2024-05-25T22:15:43.571+0000] {dag.py:3096} INFO - Sync 1 DAGs
[2024-05-25T22:15:43.586+0000] {logging_mixin.py:188} INFO - [2024-05-25T22:15:43.586+0000] {dag.py:3954} INFO - Setting next_dagrun for example_sensors to None, run_after=None
[2024-05-25T22:15:43.607+0000] {processor.py:183} INFO - Processing /home/airflow/.local/lib/python3.12/site-packages/airflow/example_dags/example_sensors.py took 0.089 seconds
[2024-05-25T22:16:15.798+0000] {processor.py:161} INFO - Started process (PID=1763) to work on /home/airflow/.local/lib/python3.12/site-packages/airflow/example_dags/example_sensors.py
[2024-05-25T22:16:15.799+0000] {processor.py:830} INFO - Processing file /home/airflow/.local/lib/python3.12/site-packages/airflow/example_dags/example_sensors.py for tasks to queue
[2024-05-25T22:16:15.801+0000] {logging_mixin.py:188} INFO - [2024-05-25T22:16:15.800+0000] {dagbag.py:545} INFO - Filling up the DagBag from /home/airflow/.local/lib/python3.12/site-packages/airflow/example_dags/example_sensors.py
[2024-05-25T22:16:15.812+0000] {processor.py:840} INFO - DAG(s) 'example_sensors' retrieved from /home/airflow/.local/lib/python3.12/site-packages/airflow/example_dags/example_sensors.py
[2024-05-25T22:16:15.842+0000] {logging_mixin.py:188} INFO - [2024-05-25T22:16:15.841+0000] {dag.py:3096} INFO - Sync 1 DAGs
[2024-05-25T22:16:15.856+0000] {logging_mixin.py:188} INFO - [2024-05-25T22:16:15.856+0000] {dag.py:3954} INFO - Setting next_dagrun for example_sensors to None, run_after=None
[2024-05-25T22:16:15.878+0000] {processor.py:183} INFO - Processing /home/airflow/.local/lib/python3.12/site-packages/airflow/example_dags/example_sensors.py took 0.087 seconds
[2024-05-25T22:16:46.576+0000] {processor.py:161} INFO - Started process (PID=1821) to work on /home/airflow/.local/lib/python3.12/site-packages/airflow/example_dags/example_sensors.py
[2024-05-25T22:16:46.578+0000] {processor.py:830} INFO - Processing file /home/airflow/.local/lib/python3.12/site-packages/airflow/example_dags/example_sensors.py for tasks to queue
[2024-05-25T22:16:46.581+0000] {logging_mixin.py:188} INFO - [2024-05-25T22:16:46.581+0000] {dagbag.py:545} INFO - Filling up the DagBag from /home/airflow/.local/lib/python3.12/site-packages/airflow/example_dags/example_sensors.py
[2024-05-25T22:16:46.591+0000] {processor.py:840} INFO - DAG(s) 'example_sensors' retrieved from /home/airflow/.local/lib/python3.12/site-packages/airflow/example_dags/example_sensors.py
[2024-05-25T22:16:46.624+0000] {logging_mixin.py:188} INFO - [2024-05-25T22:16:46.624+0000] {dag.py:3096} INFO - Sync 1 DAGs
[2024-05-25T22:16:46.774+0000] {logging_mixin.py:188} INFO - [2024-05-25T22:16:46.774+0000] {dag.py:3954} INFO - Setting next_dagrun for example_sensors to None, run_after=None
[2024-05-25T22:16:46.801+0000] {processor.py:183} INFO - Processing /home/airflow/.local/lib/python3.12/site-packages/airflow/example_dags/example_sensors.py took 0.240 seconds
[2024-05-25T22:17:17.192+0000] {processor.py:161} INFO - Started process (PID=1879) to work on /home/airflow/.local/lib/python3.12/site-packages/airflow/example_dags/example_sensors.py
[2024-05-25T22:17:17.193+0000] {processor.py:830} INFO - Processing file /home/airflow/.local/lib/python3.12/site-packages/airflow/example_dags/example_sensors.py for tasks to queue
[2024-05-25T22:17:17.195+0000] {logging_mixin.py:188} INFO - [2024-05-25T22:17:17.195+0000] {dagbag.py:545} INFO - Filling up the DagBag from /home/airflow/.local/lib/python3.12/site-packages/airflow/example_dags/example_sensors.py
[2024-05-25T22:17:17.205+0000] {processor.py:840} INFO - DAG(s) 'example_sensors' retrieved from /home/airflow/.local/lib/python3.12/site-packages/airflow/example_dags/example_sensors.py
[2024-05-25T22:17:17.239+0000] {logging_mixin.py:188} INFO - [2024-05-25T22:17:17.239+0000] {dag.py:3096} INFO - Sync 1 DAGs
[2024-05-25T22:17:17.375+0000] {logging_mixin.py:188} INFO - [2024-05-25T22:17:17.374+0000] {dag.py:3954} INFO - Setting next_dagrun for example_sensors to None, run_after=None
[2024-05-25T22:17:17.395+0000] {processor.py:183} INFO - Processing /home/airflow/.local/lib/python3.12/site-packages/airflow/example_dags/example_sensors.py took 0.210 seconds
[2024-05-25T22:17:48.172+0000] {processor.py:161} INFO - Started process (PID=1937) to work on /home/airflow/.local/lib/python3.12/site-packages/airflow/example_dags/example_sensors.py
[2024-05-25T22:17:48.173+0000] {processor.py:830} INFO - Processing file /home/airflow/.local/lib/python3.12/site-packages/airflow/example_dags/example_sensors.py for tasks to queue
[2024-05-25T22:17:48.175+0000] {logging_mixin.py:188} INFO - [2024-05-25T22:17:48.175+0000] {dagbag.py:545} INFO - Filling up the DagBag from /home/airflow/.local/lib/python3.12/site-packages/airflow/example_dags/example_sensors.py
[2024-05-25T22:17:48.186+0000] {processor.py:840} INFO - DAG(s) 'example_sensors' retrieved from /home/airflow/.local/lib/python3.12/site-packages/airflow/example_dags/example_sensors.py
[2024-05-25T22:17:48.225+0000] {logging_mixin.py:188} INFO - [2024-05-25T22:17:48.224+0000] {dag.py:3096} INFO - Sync 1 DAGs
[2024-05-25T22:17:48.241+0000] {logging_mixin.py:188} INFO - [2024-05-25T22:17:48.240+0000] {dag.py:3954} INFO - Setting next_dagrun for example_sensors to None, run_after=None
[2024-05-25T22:17:48.269+0000] {processor.py:183} INFO - Processing /home/airflow/.local/lib/python3.12/site-packages/airflow/example_dags/example_sensors.py took 0.103 seconds
[2024-05-25T22:18:18.355+0000] {processor.py:161} INFO - Started process (PID=1995) to work on /home/airflow/.local/lib/python3.12/site-packages/airflow/example_dags/example_sensors.py
[2024-05-25T22:18:18.357+0000] {processor.py:830} INFO - Processing file /home/airflow/.local/lib/python3.12/site-packages/airflow/example_dags/example_sensors.py for tasks to queue
[2024-05-25T22:18:18.360+0000] {logging_mixin.py:188} INFO - [2024-05-25T22:18:18.359+0000] {dagbag.py:545} INFO - Filling up the DagBag from /home/airflow/.local/lib/python3.12/site-packages/airflow/example_dags/example_sensors.py
[2024-05-25T22:18:18.370+0000] {processor.py:840} INFO - DAG(s) 'example_sensors' retrieved from /home/airflow/.local/lib/python3.12/site-packages/airflow/example_dags/example_sensors.py
[2024-05-25T22:18:18.398+0000] {logging_mixin.py:188} INFO - [2024-05-25T22:18:18.398+0000] {dag.py:3096} INFO - Sync 1 DAGs
[2024-05-25T22:18:18.416+0000] {logging_mixin.py:188} INFO - [2024-05-25T22:18:18.416+0000] {dag.py:3954} INFO - Setting next_dagrun for example_sensors to None, run_after=None
[2024-05-25T22:18:18.445+0000] {processor.py:183} INFO - Processing /home/airflow/.local/lib/python3.12/site-packages/airflow/example_dags/example_sensors.py took 0.107 seconds
[2024-05-25T22:18:48.587+0000] {processor.py:161} INFO - Started process (PID=2053) to work on /home/airflow/.local/lib/python3.12/site-packages/airflow/example_dags/example_sensors.py
[2024-05-25T22:18:48.588+0000] {processor.py:830} INFO - Processing file /home/airflow/.local/lib/python3.12/site-packages/airflow/example_dags/example_sensors.py for tasks to queue
[2024-05-25T22:18:48.590+0000] {logging_mixin.py:188} INFO - [2024-05-25T22:18:48.590+0000] {dagbag.py:545} INFO - Filling up the DagBag from /home/airflow/.local/lib/python3.12/site-packages/airflow/example_dags/example_sensors.py
[2024-05-25T22:18:48.600+0000] {processor.py:840} INFO - DAG(s) 'example_sensors' retrieved from /home/airflow/.local/lib/python3.12/site-packages/airflow/example_dags/example_sensors.py
[2024-05-25T22:18:48.642+0000] {logging_mixin.py:188} INFO - [2024-05-25T22:18:48.642+0000] {dag.py:3096} INFO - Sync 1 DAGs
[2024-05-25T22:18:48.659+0000] {logging_mixin.py:188} INFO - [2024-05-25T22:18:48.659+0000] {dag.py:3954} INFO - Setting next_dagrun for example_sensors to None, run_after=None
[2024-05-25T22:18:48.686+0000] {processor.py:183} INFO - Processing /home/airflow/.local/lib/python3.12/site-packages/airflow/example_dags/example_sensors.py took 0.105 seconds
[2024-05-25T22:19:18.811+0000] {processor.py:161} INFO - Started process (PID=2111) to work on /home/airflow/.local/lib/python3.12/site-packages/airflow/example_dags/example_sensors.py
[2024-05-25T22:19:18.812+0000] {processor.py:830} INFO - Processing file /home/airflow/.local/lib/python3.12/site-packages/airflow/example_dags/example_sensors.py for tasks to queue
[2024-05-25T22:19:18.816+0000] {logging_mixin.py:188} INFO - [2024-05-25T22:19:18.815+0000] {dagbag.py:545} INFO - Filling up the DagBag from /home/airflow/.local/lib/python3.12/site-packages/airflow/example_dags/example_sensors.py
[2024-05-25T22:19:18.827+0000] {processor.py:840} INFO - DAG(s) 'example_sensors' retrieved from /home/airflow/.local/lib/python3.12/site-packages/airflow/example_dags/example_sensors.py
[2024-05-25T22:19:18.860+0000] {logging_mixin.py:188} INFO - [2024-05-25T22:19:18.860+0000] {dag.py:3096} INFO - Sync 1 DAGs
[2024-05-25T22:19:18.877+0000] {logging_mixin.py:188} INFO - [2024-05-25T22:19:18.877+0000] {dag.py:3954} INFO - Setting next_dagrun for example_sensors to None, run_after=None
[2024-05-25T22:19:18.899+0000] {processor.py:183} INFO - Processing /home/airflow/.local/lib/python3.12/site-packages/airflow/example_dags/example_sensors.py took 0.096 seconds
