[2024-05-25T22:01:28.490+0000] {processor.py:161} INFO - Started process (PID=59) to work on /home/airflow/.local/lib/python3.12/site-packages/airflow/example_dags/tutorial.py
[2024-05-25T22:01:28.492+0000] {processor.py:830} INFO - Processing file /home/airflow/.local/lib/python3.12/site-packages/airflow/example_dags/tutorial.py for tasks to queue
[2024-05-25T22:01:28.497+0000] {logging_mixin.py:188} INFO - [2024-05-25T22:01:28.497+0000] {dagbag.py:545} INFO - Filling up the DagBag from /home/airflow/.local/lib/python3.12/site-packages/airflow/example_dags/tutorial.py
[2024-05-25T22:01:28.512+0000] {processor.py:840} INFO - DAG(s) 'tutorial' retrieved from /home/airflow/.local/lib/python3.12/site-packages/airflow/example_dags/tutorial.py
[2024-05-25T22:01:28.535+0000] {logging_mixin.py:188} INFO - [2024-05-25T22:01:28.535+0000] {dag.py:3096} INFO - Sync 1 DAGs
[2024-05-25T22:01:28.587+0000] {logging_mixin.py:188} INFO - [2024-05-25T22:01:28.587+0000] {dag.py:3954} INFO - Setting next_dagrun for tutorial to 2024-05-24 00:00:00+00:00, run_after=2024-05-25 00:00:00+00:00
[2024-05-25T22:01:28.623+0000] {processor.py:183} INFO - Processing /home/airflow/.local/lib/python3.12/site-packages/airflow/example_dags/tutorial.py took 0.141 seconds
[2024-05-25T22:01:59.542+0000] {processor.py:161} INFO - Started process (PID=117) to work on /home/airflow/.local/lib/python3.12/site-packages/airflow/example_dags/tutorial.py
[2024-05-25T22:01:59.543+0000] {processor.py:830} INFO - Processing file /home/airflow/.local/lib/python3.12/site-packages/airflow/example_dags/tutorial.py for tasks to queue
[2024-05-25T22:01:59.548+0000] {logging_mixin.py:188} INFO - [2024-05-25T22:01:59.547+0000] {dagbag.py:545} INFO - Filling up the DagBag from /home/airflow/.local/lib/python3.12/site-packages/airflow/example_dags/tutorial.py
[2024-05-25T22:01:59.557+0000] {processor.py:840} INFO - DAG(s) 'tutorial' retrieved from /home/airflow/.local/lib/python3.12/site-packages/airflow/example_dags/tutorial.py
[2024-05-25T22:01:59.682+0000] {logging_mixin.py:188} INFO - [2024-05-25T22:01:59.682+0000] {dag.py:3096} INFO - Sync 1 DAGs
[2024-05-25T22:01:59.709+0000] {logging_mixin.py:188} INFO - [2024-05-25T22:01:59.709+0000] {dag.py:3954} INFO - Setting next_dagrun for tutorial to 2024-05-24 00:00:00+00:00, run_after=2024-05-25 00:00:00+00:00
[2024-05-25T22:01:59.734+0000] {processor.py:183} INFO - Processing /home/airflow/.local/lib/python3.12/site-packages/airflow/example_dags/tutorial.py took 0.206 seconds
[2024-05-25T22:02:29.779+0000] {processor.py:161} INFO - Started process (PID=175) to work on /home/airflow/.local/lib/python3.12/site-packages/airflow/example_dags/tutorial.py
[2024-05-25T22:02:29.780+0000] {processor.py:830} INFO - Processing file /home/airflow/.local/lib/python3.12/site-packages/airflow/example_dags/tutorial.py for tasks to queue
[2024-05-25T22:02:29.783+0000] {logging_mixin.py:188} INFO - [2024-05-25T22:02:29.782+0000] {dagbag.py:545} INFO - Filling up the DagBag from /home/airflow/.local/lib/python3.12/site-packages/airflow/example_dags/tutorial.py
[2024-05-25T22:02:29.791+0000] {processor.py:840} INFO - DAG(s) 'tutorial' retrieved from /home/airflow/.local/lib/python3.12/site-packages/airflow/example_dags/tutorial.py
[2024-05-25T22:02:29.820+0000] {logging_mixin.py:188} INFO - [2024-05-25T22:02:29.820+0000] {dag.py:3096} INFO - Sync 1 DAGs
[2024-05-25T22:02:29.850+0000] {logging_mixin.py:188} INFO - [2024-05-25T22:02:29.849+0000] {dag.py:3954} INFO - Setting next_dagrun for tutorial to 2024-05-24 00:00:00+00:00, run_after=2024-05-25 00:00:00+00:00
[2024-05-25T22:02:29.885+0000] {processor.py:183} INFO - Processing /home/airflow/.local/lib/python3.12/site-packages/airflow/example_dags/tutorial.py took 0.113 seconds
[2024-05-25T22:02:59.950+0000] {processor.py:161} INFO - Started process (PID=233) to work on /home/airflow/.local/lib/python3.12/site-packages/airflow/example_dags/tutorial.py
[2024-05-25T22:02:59.951+0000] {processor.py:830} INFO - Processing file /home/airflow/.local/lib/python3.12/site-packages/airflow/example_dags/tutorial.py for tasks to queue
[2024-05-25T22:02:59.953+0000] {logging_mixin.py:188} INFO - [2024-05-25T22:02:59.953+0000] {dagbag.py:545} INFO - Filling up the DagBag from /home/airflow/.local/lib/python3.12/site-packages/airflow/example_dags/tutorial.py
[2024-05-25T22:02:59.960+0000] {processor.py:840} INFO - DAG(s) 'tutorial' retrieved from /home/airflow/.local/lib/python3.12/site-packages/airflow/example_dags/tutorial.py
[2024-05-25T22:02:59.999+0000] {logging_mixin.py:188} INFO - [2024-05-25T22:02:59.999+0000] {dag.py:3096} INFO - Sync 1 DAGs
[2024-05-25T22:03:00.025+0000] {logging_mixin.py:188} INFO - [2024-05-25T22:03:00.025+0000] {dag.py:3954} INFO - Setting next_dagrun for tutorial to 2024-05-24 00:00:00+00:00, run_after=2024-05-25 00:00:00+00:00
[2024-05-25T22:03:00.047+0000] {processor.py:183} INFO - Processing /home/airflow/.local/lib/python3.12/site-packages/airflow/example_dags/tutorial.py took 0.113 seconds
[2024-05-25T22:03:30.084+0000] {processor.py:161} INFO - Started process (PID=291) to work on /home/airflow/.local/lib/python3.12/site-packages/airflow/example_dags/tutorial.py
[2024-05-25T22:03:30.085+0000] {processor.py:830} INFO - Processing file /home/airflow/.local/lib/python3.12/site-packages/airflow/example_dags/tutorial.py for tasks to queue
[2024-05-25T22:03:30.087+0000] {logging_mixin.py:188} INFO - [2024-05-25T22:03:30.087+0000] {dagbag.py:545} INFO - Filling up the DagBag from /home/airflow/.local/lib/python3.12/site-packages/airflow/example_dags/tutorial.py
[2024-05-25T22:03:30.094+0000] {processor.py:840} INFO - DAG(s) 'tutorial' retrieved from /home/airflow/.local/lib/python3.12/site-packages/airflow/example_dags/tutorial.py
[2024-05-25T22:03:30.118+0000] {logging_mixin.py:188} INFO - [2024-05-25T22:03:30.118+0000] {dag.py:3096} INFO - Sync 1 DAGs
[2024-05-25T22:03:30.147+0000] {logging_mixin.py:188} INFO - [2024-05-25T22:03:30.147+0000] {dag.py:3954} INFO - Setting next_dagrun for tutorial to 2024-05-24 00:00:00+00:00, run_after=2024-05-25 00:00:00+00:00
[2024-05-25T22:03:30.169+0000] {processor.py:183} INFO - Processing /home/airflow/.local/lib/python3.12/site-packages/airflow/example_dags/tutorial.py took 0.092 seconds
[2024-05-25T22:04:01.020+0000] {processor.py:161} INFO - Started process (PID=349) to work on /home/airflow/.local/lib/python3.12/site-packages/airflow/example_dags/tutorial.py
[2024-05-25T22:04:01.021+0000] {processor.py:830} INFO - Processing file /home/airflow/.local/lib/python3.12/site-packages/airflow/example_dags/tutorial.py for tasks to queue
[2024-05-25T22:04:01.023+0000] {logging_mixin.py:188} INFO - [2024-05-25T22:04:01.023+0000] {dagbag.py:545} INFO - Filling up the DagBag from /home/airflow/.local/lib/python3.12/site-packages/airflow/example_dags/tutorial.py
[2024-05-25T22:04:01.030+0000] {processor.py:840} INFO - DAG(s) 'tutorial' retrieved from /home/airflow/.local/lib/python3.12/site-packages/airflow/example_dags/tutorial.py
[2024-05-25T22:04:01.056+0000] {logging_mixin.py:188} INFO - [2024-05-25T22:04:01.056+0000] {dag.py:3096} INFO - Sync 1 DAGs
[2024-05-25T22:04:01.083+0000] {logging_mixin.py:188} INFO - [2024-05-25T22:04:01.083+0000] {dag.py:3954} INFO - Setting next_dagrun for tutorial to 2024-05-24 00:00:00+00:00, run_after=2024-05-25 00:00:00+00:00
[2024-05-25T22:04:01.106+0000] {processor.py:183} INFO - Processing /home/airflow/.local/lib/python3.12/site-packages/airflow/example_dags/tutorial.py took 0.092 seconds
[2024-05-25T22:04:31.392+0000] {processor.py:161} INFO - Started process (PID=407) to work on /home/airflow/.local/lib/python3.12/site-packages/airflow/example_dags/tutorial.py
[2024-05-25T22:04:31.393+0000] {processor.py:830} INFO - Processing file /home/airflow/.local/lib/python3.12/site-packages/airflow/example_dags/tutorial.py for tasks to queue
[2024-05-25T22:04:31.396+0000] {logging_mixin.py:188} INFO - [2024-05-25T22:04:31.395+0000] {dagbag.py:545} INFO - Filling up the DagBag from /home/airflow/.local/lib/python3.12/site-packages/airflow/example_dags/tutorial.py
[2024-05-25T22:04:31.403+0000] {processor.py:840} INFO - DAG(s) 'tutorial' retrieved from /home/airflow/.local/lib/python3.12/site-packages/airflow/example_dags/tutorial.py
[2024-05-25T22:04:31.427+0000] {logging_mixin.py:188} INFO - [2024-05-25T22:04:31.426+0000] {dag.py:3096} INFO - Sync 1 DAGs
[2024-05-25T22:04:31.454+0000] {logging_mixin.py:188} INFO - [2024-05-25T22:04:31.454+0000] {dag.py:3954} INFO - Setting next_dagrun for tutorial to 2024-05-24 00:00:00+00:00, run_after=2024-05-25 00:00:00+00:00
[2024-05-25T22:04:31.474+0000] {processor.py:183} INFO - Processing /home/airflow/.local/lib/python3.12/site-packages/airflow/example_dags/tutorial.py took 0.088 seconds
[2024-05-25T22:05:01.821+0000] {processor.py:161} INFO - Started process (PID=464) to work on /home/airflow/.local/lib/python3.12/site-packages/airflow/example_dags/tutorial.py
[2024-05-25T22:05:01.822+0000] {processor.py:830} INFO - Processing file /home/airflow/.local/lib/python3.12/site-packages/airflow/example_dags/tutorial.py for tasks to queue
[2024-05-25T22:05:01.824+0000] {logging_mixin.py:188} INFO - [2024-05-25T22:05:01.824+0000] {dagbag.py:545} INFO - Filling up the DagBag from /home/airflow/.local/lib/python3.12/site-packages/airflow/example_dags/tutorial.py
[2024-05-25T22:05:01.831+0000] {processor.py:840} INFO - DAG(s) 'tutorial' retrieved from /home/airflow/.local/lib/python3.12/site-packages/airflow/example_dags/tutorial.py
[2024-05-25T22:05:01.876+0000] {logging_mixin.py:188} INFO - [2024-05-25T22:05:01.875+0000] {dag.py:3096} INFO - Sync 1 DAGs
[2024-05-25T22:05:01.901+0000] {logging_mixin.py:188} INFO - [2024-05-25T22:05:01.901+0000] {dag.py:3954} INFO - Setting next_dagrun for tutorial to 2024-05-24 00:00:00+00:00, run_after=2024-05-25 00:00:00+00:00
[2024-05-25T22:05:01.922+0000] {processor.py:183} INFO - Processing /home/airflow/.local/lib/python3.12/site-packages/airflow/example_dags/tutorial.py took 0.109 seconds
[2024-05-25T22:05:32.121+0000] {processor.py:161} INFO - Started process (PID=522) to work on /home/airflow/.local/lib/python3.12/site-packages/airflow/example_dags/tutorial.py
[2024-05-25T22:05:32.122+0000] {processor.py:830} INFO - Processing file /home/airflow/.local/lib/python3.12/site-packages/airflow/example_dags/tutorial.py for tasks to queue
[2024-05-25T22:05:32.124+0000] {logging_mixin.py:188} INFO - [2024-05-25T22:05:32.124+0000] {dagbag.py:545} INFO - Filling up the DagBag from /home/airflow/.local/lib/python3.12/site-packages/airflow/example_dags/tutorial.py
[2024-05-25T22:05:32.130+0000] {processor.py:840} INFO - DAG(s) 'tutorial' retrieved from /home/airflow/.local/lib/python3.12/site-packages/airflow/example_dags/tutorial.py
[2024-05-25T22:05:32.152+0000] {logging_mixin.py:188} INFO - [2024-05-25T22:05:32.151+0000] {dag.py:3096} INFO - Sync 1 DAGs
[2024-05-25T22:05:32.177+0000] {logging_mixin.py:188} INFO - [2024-05-25T22:05:32.177+0000] {dag.py:3954} INFO - Setting next_dagrun for tutorial to 2024-05-24 00:00:00+00:00, run_after=2024-05-25 00:00:00+00:00
[2024-05-25T22:05:32.197+0000] {processor.py:183} INFO - Processing /home/airflow/.local/lib/python3.12/site-packages/airflow/example_dags/tutorial.py took 0.082 seconds
[2024-05-25T22:06:02.631+0000] {processor.py:161} INFO - Started process (PID=579) to work on /home/airflow/.local/lib/python3.12/site-packages/airflow/example_dags/tutorial.py
[2024-05-25T22:06:02.632+0000] {processor.py:830} INFO - Processing file /home/airflow/.local/lib/python3.12/site-packages/airflow/example_dags/tutorial.py for tasks to queue
[2024-05-25T22:06:02.634+0000] {logging_mixin.py:188} INFO - [2024-05-25T22:06:02.633+0000] {dagbag.py:545} INFO - Filling up the DagBag from /home/airflow/.local/lib/python3.12/site-packages/airflow/example_dags/tutorial.py
[2024-05-25T22:06:02.640+0000] {processor.py:840} INFO - DAG(s) 'tutorial' retrieved from /home/airflow/.local/lib/python3.12/site-packages/airflow/example_dags/tutorial.py
[2024-05-25T22:06:02.670+0000] {logging_mixin.py:188} INFO - [2024-05-25T22:06:02.670+0000] {dag.py:3096} INFO - Sync 1 DAGs
[2024-05-25T22:06:02.698+0000] {logging_mixin.py:188} INFO - [2024-05-25T22:06:02.697+0000] {dag.py:3954} INFO - Setting next_dagrun for tutorial to 2024-05-24 00:00:00+00:00, run_after=2024-05-25 00:00:00+00:00
[2024-05-25T22:06:02.722+0000] {processor.py:183} INFO - Processing /home/airflow/.local/lib/python3.12/site-packages/airflow/example_dags/tutorial.py took 0.098 seconds
[2024-05-25T22:06:32.988+0000] {processor.py:161} INFO - Started process (PID=636) to work on /home/airflow/.local/lib/python3.12/site-packages/airflow/example_dags/tutorial.py
[2024-05-25T22:06:32.989+0000] {processor.py:830} INFO - Processing file /home/airflow/.local/lib/python3.12/site-packages/airflow/example_dags/tutorial.py for tasks to queue
[2024-05-25T22:06:32.991+0000] {logging_mixin.py:188} INFO - [2024-05-25T22:06:32.991+0000] {dagbag.py:545} INFO - Filling up the DagBag from /home/airflow/.local/lib/python3.12/site-packages/airflow/example_dags/tutorial.py
[2024-05-25T22:06:32.997+0000] {processor.py:840} INFO - DAG(s) 'tutorial' retrieved from /home/airflow/.local/lib/python3.12/site-packages/airflow/example_dags/tutorial.py
[2024-05-25T22:06:33.022+0000] {logging_mixin.py:188} INFO - [2024-05-25T22:06:33.022+0000] {dag.py:3096} INFO - Sync 1 DAGs
[2024-05-25T22:06:33.046+0000] {logging_mixin.py:188} INFO - [2024-05-25T22:06:33.046+0000] {dag.py:3954} INFO - Setting next_dagrun for tutorial to 2024-05-24 00:00:00+00:00, run_after=2024-05-25 00:00:00+00:00
[2024-05-25T22:06:33.067+0000] {processor.py:183} INFO - Processing /home/airflow/.local/lib/python3.12/site-packages/airflow/example_dags/tutorial.py took 0.084 seconds
[2024-05-25T22:07:03.370+0000] {processor.py:161} INFO - Started process (PID=693) to work on /home/airflow/.local/lib/python3.12/site-packages/airflow/example_dags/tutorial.py
[2024-05-25T22:07:03.371+0000] {processor.py:830} INFO - Processing file /home/airflow/.local/lib/python3.12/site-packages/airflow/example_dags/tutorial.py for tasks to queue
[2024-05-25T22:07:03.374+0000] {logging_mixin.py:188} INFO - [2024-05-25T22:07:03.373+0000] {dagbag.py:545} INFO - Filling up the DagBag from /home/airflow/.local/lib/python3.12/site-packages/airflow/example_dags/tutorial.py
[2024-05-25T22:07:03.382+0000] {processor.py:840} INFO - DAG(s) 'tutorial' retrieved from /home/airflow/.local/lib/python3.12/site-packages/airflow/example_dags/tutorial.py
[2024-05-25T22:07:03.409+0000] {logging_mixin.py:188} INFO - [2024-05-25T22:07:03.408+0000] {dag.py:3096} INFO - Sync 1 DAGs
[2024-05-25T22:07:03.438+0000] {logging_mixin.py:188} INFO - [2024-05-25T22:07:03.437+0000] {dag.py:3954} INFO - Setting next_dagrun for tutorial to 2024-05-24 00:00:00+00:00, run_after=2024-05-25 00:00:00+00:00
[2024-05-25T22:07:03.461+0000] {processor.py:183} INFO - Processing /home/airflow/.local/lib/python3.12/site-packages/airflow/example_dags/tutorial.py took 0.098 seconds
[2024-05-25T22:07:34.001+0000] {processor.py:161} INFO - Started process (PID=751) to work on /home/airflow/.local/lib/python3.12/site-packages/airflow/example_dags/tutorial.py
[2024-05-25T22:07:34.002+0000] {processor.py:830} INFO - Processing file /home/airflow/.local/lib/python3.12/site-packages/airflow/example_dags/tutorial.py for tasks to queue
[2024-05-25T22:07:34.005+0000] {logging_mixin.py:188} INFO - [2024-05-25T22:07:34.004+0000] {dagbag.py:545} INFO - Filling up the DagBag from /home/airflow/.local/lib/python3.12/site-packages/airflow/example_dags/tutorial.py
[2024-05-25T22:07:34.011+0000] {processor.py:840} INFO - DAG(s) 'tutorial' retrieved from /home/airflow/.local/lib/python3.12/site-packages/airflow/example_dags/tutorial.py
[2024-05-25T22:07:34.036+0000] {logging_mixin.py:188} INFO - [2024-05-25T22:07:34.035+0000] {dag.py:3096} INFO - Sync 1 DAGs
[2024-05-25T22:07:34.063+0000] {logging_mixin.py:188} INFO - [2024-05-25T22:07:34.062+0000] {dag.py:3954} INFO - Setting next_dagrun for tutorial to 2024-05-24 00:00:00+00:00, run_after=2024-05-25 00:00:00+00:00
[2024-05-25T22:07:34.084+0000] {processor.py:183} INFO - Processing /home/airflow/.local/lib/python3.12/site-packages/airflow/example_dags/tutorial.py took 0.089 seconds
[2024-05-25T22:08:04.320+0000] {processor.py:161} INFO - Started process (PID=809) to work on /home/airflow/.local/lib/python3.12/site-packages/airflow/example_dags/tutorial.py
[2024-05-25T22:08:04.321+0000] {processor.py:830} INFO - Processing file /home/airflow/.local/lib/python3.12/site-packages/airflow/example_dags/tutorial.py for tasks to queue
[2024-05-25T22:08:04.323+0000] {logging_mixin.py:188} INFO - [2024-05-25T22:08:04.323+0000] {dagbag.py:545} INFO - Filling up the DagBag from /home/airflow/.local/lib/python3.12/site-packages/airflow/example_dags/tutorial.py
[2024-05-25T22:08:04.329+0000] {processor.py:840} INFO - DAG(s) 'tutorial' retrieved from /home/airflow/.local/lib/python3.12/site-packages/airflow/example_dags/tutorial.py
[2024-05-25T22:08:04.352+0000] {logging_mixin.py:188} INFO - [2024-05-25T22:08:04.352+0000] {dag.py:3096} INFO - Sync 1 DAGs
[2024-05-25T22:08:04.379+0000] {logging_mixin.py:188} INFO - [2024-05-25T22:08:04.379+0000] {dag.py:3954} INFO - Setting next_dagrun for tutorial to 2024-05-24 00:00:00+00:00, run_after=2024-05-25 00:00:00+00:00
[2024-05-25T22:08:04.418+0000] {processor.py:183} INFO - Processing /home/airflow/.local/lib/python3.12/site-packages/airflow/example_dags/tutorial.py took 0.104 seconds
[2024-05-25T22:08:34.619+0000] {processor.py:161} INFO - Started process (PID=867) to work on /home/airflow/.local/lib/python3.12/site-packages/airflow/example_dags/tutorial.py
[2024-05-25T22:08:34.619+0000] {processor.py:830} INFO - Processing file /home/airflow/.local/lib/python3.12/site-packages/airflow/example_dags/tutorial.py for tasks to queue
[2024-05-25T22:08:34.622+0000] {logging_mixin.py:188} INFO - [2024-05-25T22:08:34.621+0000] {dagbag.py:545} INFO - Filling up the DagBag from /home/airflow/.local/lib/python3.12/site-packages/airflow/example_dags/tutorial.py
[2024-05-25T22:08:34.629+0000] {processor.py:840} INFO - DAG(s) 'tutorial' retrieved from /home/airflow/.local/lib/python3.12/site-packages/airflow/example_dags/tutorial.py
[2024-05-25T22:08:34.651+0000] {logging_mixin.py:188} INFO - [2024-05-25T22:08:34.650+0000] {dag.py:3096} INFO - Sync 1 DAGs
[2024-05-25T22:08:34.674+0000] {logging_mixin.py:188} INFO - [2024-05-25T22:08:34.674+0000] {dag.py:3954} INFO - Setting next_dagrun for tutorial to 2024-05-24 00:00:00+00:00, run_after=2024-05-25 00:00:00+00:00
[2024-05-25T22:08:34.698+0000] {processor.py:183} INFO - Processing /home/airflow/.local/lib/python3.12/site-packages/airflow/example_dags/tutorial.py took 0.086 seconds
[2024-05-25T22:09:05.942+0000] {processor.py:161} INFO - Started process (PID=925) to work on /home/airflow/.local/lib/python3.12/site-packages/airflow/example_dags/tutorial.py
[2024-05-25T22:09:05.943+0000] {processor.py:830} INFO - Processing file /home/airflow/.local/lib/python3.12/site-packages/airflow/example_dags/tutorial.py for tasks to queue
[2024-05-25T22:09:05.946+0000] {logging_mixin.py:188} INFO - [2024-05-25T22:09:05.945+0000] {dagbag.py:545} INFO - Filling up the DagBag from /home/airflow/.local/lib/python3.12/site-packages/airflow/example_dags/tutorial.py
[2024-05-25T22:09:05.953+0000] {processor.py:840} INFO - DAG(s) 'tutorial' retrieved from /home/airflow/.local/lib/python3.12/site-packages/airflow/example_dags/tutorial.py
[2024-05-25T22:09:05.977+0000] {logging_mixin.py:188} INFO - [2024-05-25T22:09:05.976+0000] {dag.py:3096} INFO - Sync 1 DAGs
[2024-05-25T22:09:06.016+0000] {logging_mixin.py:188} INFO - [2024-05-25T22:09:06.016+0000] {dag.py:3954} INFO - Setting next_dagrun for tutorial to 2024-05-24 00:00:00+00:00, run_after=2024-05-25 00:00:00+00:00
[2024-05-25T22:09:06.036+0000] {processor.py:183} INFO - Processing /home/airflow/.local/lib/python3.12/site-packages/airflow/example_dags/tutorial.py took 0.100 seconds
[2024-05-25T22:09:36.982+0000] {processor.py:161} INFO - Started process (PID=982) to work on /home/airflow/.local/lib/python3.12/site-packages/airflow/example_dags/tutorial.py
[2024-05-25T22:09:36.983+0000] {processor.py:830} INFO - Processing file /home/airflow/.local/lib/python3.12/site-packages/airflow/example_dags/tutorial.py for tasks to queue
[2024-05-25T22:09:36.985+0000] {logging_mixin.py:188} INFO - [2024-05-25T22:09:36.985+0000] {dagbag.py:545} INFO - Filling up the DagBag from /home/airflow/.local/lib/python3.12/site-packages/airflow/example_dags/tutorial.py
[2024-05-25T22:09:36.992+0000] {processor.py:840} INFO - DAG(s) 'tutorial' retrieved from /home/airflow/.local/lib/python3.12/site-packages/airflow/example_dags/tutorial.py
[2024-05-25T22:09:37.013+0000] {logging_mixin.py:188} INFO - [2024-05-25T22:09:37.013+0000] {dag.py:3096} INFO - Sync 1 DAGs
[2024-05-25T22:09:37.042+0000] {logging_mixin.py:188} INFO - [2024-05-25T22:09:37.042+0000] {dag.py:3954} INFO - Setting next_dagrun for tutorial to 2024-05-24 00:00:00+00:00, run_after=2024-05-25 00:00:00+00:00
[2024-05-25T22:09:37.071+0000] {processor.py:183} INFO - Processing /home/airflow/.local/lib/python3.12/site-packages/airflow/example_dags/tutorial.py took 0.095 seconds
[2024-05-25T22:10:07.655+0000] {processor.py:161} INFO - Started process (PID=1046) to work on /home/airflow/.local/lib/python3.12/site-packages/airflow/example_dags/tutorial.py
[2024-05-25T22:10:07.656+0000] {processor.py:830} INFO - Processing file /home/airflow/.local/lib/python3.12/site-packages/airflow/example_dags/tutorial.py for tasks to queue
[2024-05-25T22:10:07.658+0000] {logging_mixin.py:188} INFO - [2024-05-25T22:10:07.658+0000] {dagbag.py:545} INFO - Filling up the DagBag from /home/airflow/.local/lib/python3.12/site-packages/airflow/example_dags/tutorial.py
[2024-05-25T22:10:07.666+0000] {processor.py:840} INFO - DAG(s) 'tutorial' retrieved from /home/airflow/.local/lib/python3.12/site-packages/airflow/example_dags/tutorial.py
[2024-05-25T22:10:07.689+0000] {logging_mixin.py:188} INFO - [2024-05-25T22:10:07.689+0000] {dag.py:3096} INFO - Sync 1 DAGs
[2024-05-25T22:10:07.714+0000] {logging_mixin.py:188} INFO - [2024-05-25T22:10:07.713+0000] {dag.py:3954} INFO - Setting next_dagrun for tutorial to 2024-05-24 00:00:00+00:00, run_after=2024-05-25 00:00:00+00:00
[2024-05-25T22:10:07.736+0000] {processor.py:183} INFO - Processing /home/airflow/.local/lib/python3.12/site-packages/airflow/example_dags/tutorial.py took 0.088 seconds
[2024-05-25T22:10:38.227+0000] {processor.py:161} INFO - Started process (PID=1103) to work on /home/airflow/.local/lib/python3.12/site-packages/airflow/example_dags/tutorial.py
[2024-05-25T22:10:38.228+0000] {processor.py:830} INFO - Processing file /home/airflow/.local/lib/python3.12/site-packages/airflow/example_dags/tutorial.py for tasks to queue
[2024-05-25T22:10:38.230+0000] {logging_mixin.py:188} INFO - [2024-05-25T22:10:38.230+0000] {dagbag.py:545} INFO - Filling up the DagBag from /home/airflow/.local/lib/python3.12/site-packages/airflow/example_dags/tutorial.py
[2024-05-25T22:10:38.247+0000] {processor.py:840} INFO - DAG(s) 'tutorial' retrieved from /home/airflow/.local/lib/python3.12/site-packages/airflow/example_dags/tutorial.py
[2024-05-25T22:10:38.274+0000] {logging_mixin.py:188} INFO - [2024-05-25T22:10:38.274+0000] {dag.py:3096} INFO - Sync 1 DAGs
[2024-05-25T22:10:38.302+0000] {logging_mixin.py:188} INFO - [2024-05-25T22:10:38.301+0000] {dag.py:3954} INFO - Setting next_dagrun for tutorial to 2024-05-24 00:00:00+00:00, run_after=2024-05-25 00:00:00+00:00
[2024-05-25T22:10:38.323+0000] {processor.py:183} INFO - Processing /home/airflow/.local/lib/python3.12/site-packages/airflow/example_dags/tutorial.py took 0.104 seconds
[2024-05-25T22:11:08.455+0000] {processor.py:161} INFO - Started process (PID=1160) to work on /home/airflow/.local/lib/python3.12/site-packages/airflow/example_dags/tutorial.py
[2024-05-25T22:11:08.456+0000] {processor.py:830} INFO - Processing file /home/airflow/.local/lib/python3.12/site-packages/airflow/example_dags/tutorial.py for tasks to queue
[2024-05-25T22:11:08.458+0000] {logging_mixin.py:188} INFO - [2024-05-25T22:11:08.457+0000] {dagbag.py:545} INFO - Filling up the DagBag from /home/airflow/.local/lib/python3.12/site-packages/airflow/example_dags/tutorial.py
[2024-05-25T22:11:08.464+0000] {processor.py:840} INFO - DAG(s) 'tutorial' retrieved from /home/airflow/.local/lib/python3.12/site-packages/airflow/example_dags/tutorial.py
[2024-05-25T22:11:08.484+0000] {logging_mixin.py:188} INFO - [2024-05-25T22:11:08.484+0000] {dag.py:3096} INFO - Sync 1 DAGs
[2024-05-25T22:11:08.509+0000] {logging_mixin.py:188} INFO - [2024-05-25T22:11:08.509+0000] {dag.py:3954} INFO - Setting next_dagrun for tutorial to 2024-05-24 00:00:00+00:00, run_after=2024-05-25 00:00:00+00:00
[2024-05-25T22:11:08.528+0000] {processor.py:183} INFO - Processing /home/airflow/.local/lib/python3.12/site-packages/airflow/example_dags/tutorial.py took 0.080 seconds
[2024-05-25T22:11:39.084+0000] {processor.py:161} INFO - Started process (PID=1218) to work on /home/airflow/.local/lib/python3.12/site-packages/airflow/example_dags/tutorial.py
[2024-05-25T22:11:39.085+0000] {processor.py:830} INFO - Processing file /home/airflow/.local/lib/python3.12/site-packages/airflow/example_dags/tutorial.py for tasks to queue
[2024-05-25T22:11:39.087+0000] {logging_mixin.py:188} INFO - [2024-05-25T22:11:39.087+0000] {dagbag.py:545} INFO - Filling up the DagBag from /home/airflow/.local/lib/python3.12/site-packages/airflow/example_dags/tutorial.py
[2024-05-25T22:11:39.095+0000] {processor.py:840} INFO - DAG(s) 'tutorial' retrieved from /home/airflow/.local/lib/python3.12/site-packages/airflow/example_dags/tutorial.py
[2024-05-25T22:11:39.118+0000] {logging_mixin.py:188} INFO - [2024-05-25T22:11:39.118+0000] {dag.py:3096} INFO - Sync 1 DAGs
[2024-05-25T22:11:39.145+0000] {logging_mixin.py:188} INFO - [2024-05-25T22:11:39.144+0000] {dag.py:3954} INFO - Setting next_dagrun for tutorial to 2024-05-24 00:00:00+00:00, run_after=2024-05-25 00:00:00+00:00
[2024-05-25T22:11:39.163+0000] {processor.py:183} INFO - Processing /home/airflow/.local/lib/python3.12/site-packages/airflow/example_dags/tutorial.py took 0.086 seconds
[2024-05-25T22:12:09.703+0000] {processor.py:161} INFO - Started process (PID=1275) to work on /home/airflow/.local/lib/python3.12/site-packages/airflow/example_dags/tutorial.py
[2024-05-25T22:12:09.704+0000] {processor.py:830} INFO - Processing file /home/airflow/.local/lib/python3.12/site-packages/airflow/example_dags/tutorial.py for tasks to queue
[2024-05-25T22:12:09.706+0000] {logging_mixin.py:188} INFO - [2024-05-25T22:12:09.705+0000] {dagbag.py:545} INFO - Filling up the DagBag from /home/airflow/.local/lib/python3.12/site-packages/airflow/example_dags/tutorial.py
[2024-05-25T22:12:09.713+0000] {processor.py:840} INFO - DAG(s) 'tutorial' retrieved from /home/airflow/.local/lib/python3.12/site-packages/airflow/example_dags/tutorial.py
[2024-05-25T22:12:09.737+0000] {logging_mixin.py:188} INFO - [2024-05-25T22:12:09.736+0000] {dag.py:3096} INFO - Sync 1 DAGs
[2024-05-25T22:12:09.767+0000] {logging_mixin.py:188} INFO - [2024-05-25T22:12:09.766+0000] {dag.py:3954} INFO - Setting next_dagrun for tutorial to 2024-05-24 00:00:00+00:00, run_after=2024-05-25 00:00:00+00:00
[2024-05-25T22:12:09.795+0000] {processor.py:183} INFO - Processing /home/airflow/.local/lib/python3.12/site-packages/airflow/example_dags/tutorial.py took 0.099 seconds
[2024-05-25T22:12:40.182+0000] {processor.py:161} INFO - Started process (PID=1332) to work on /home/airflow/.local/lib/python3.12/site-packages/airflow/example_dags/tutorial.py
[2024-05-25T22:12:40.183+0000] {processor.py:830} INFO - Processing file /home/airflow/.local/lib/python3.12/site-packages/airflow/example_dags/tutorial.py for tasks to queue
[2024-05-25T22:12:40.185+0000] {logging_mixin.py:188} INFO - [2024-05-25T22:12:40.184+0000] {dagbag.py:545} INFO - Filling up the DagBag from /home/airflow/.local/lib/python3.12/site-packages/airflow/example_dags/tutorial.py
[2024-05-25T22:12:40.192+0000] {processor.py:840} INFO - DAG(s) 'tutorial' retrieved from /home/airflow/.local/lib/python3.12/site-packages/airflow/example_dags/tutorial.py
[2024-05-25T22:12:40.214+0000] {logging_mixin.py:188} INFO - [2024-05-25T22:12:40.214+0000] {dag.py:3096} INFO - Sync 1 DAGs
[2024-05-25T22:12:40.247+0000] {logging_mixin.py:188} INFO - [2024-05-25T22:12:40.247+0000] {dag.py:3954} INFO - Setting next_dagrun for tutorial to 2024-05-24 00:00:00+00:00, run_after=2024-05-25 00:00:00+00:00
[2024-05-25T22:12:40.273+0000] {processor.py:183} INFO - Processing /home/airflow/.local/lib/python3.12/site-packages/airflow/example_dags/tutorial.py took 0.098 seconds
[2024-05-25T22:13:10.982+0000] {processor.py:161} INFO - Started process (PID=1406) to work on /home/airflow/.local/lib/python3.12/site-packages/airflow/example_dags/tutorial.py
[2024-05-25T22:13:10.983+0000] {processor.py:830} INFO - Processing file /home/airflow/.local/lib/python3.12/site-packages/airflow/example_dags/tutorial.py for tasks to queue
[2024-05-25T22:13:10.985+0000] {logging_mixin.py:188} INFO - [2024-05-25T22:13:10.985+0000] {dagbag.py:545} INFO - Filling up the DagBag from /home/airflow/.local/lib/python3.12/site-packages/airflow/example_dags/tutorial.py
[2024-05-25T22:13:10.991+0000] {processor.py:840} INFO - DAG(s) 'tutorial' retrieved from /home/airflow/.local/lib/python3.12/site-packages/airflow/example_dags/tutorial.py
[2024-05-25T22:13:11.016+0000] {logging_mixin.py:188} INFO - [2024-05-25T22:13:11.015+0000] {dag.py:3096} INFO - Sync 1 DAGs
[2024-05-25T22:13:11.045+0000] {logging_mixin.py:188} INFO - [2024-05-25T22:13:11.045+0000] {dag.py:3954} INFO - Setting next_dagrun for tutorial to 2024-05-24 00:00:00+00:00, run_after=2024-05-25 00:00:00+00:00
[2024-05-25T22:13:11.070+0000] {processor.py:183} INFO - Processing /home/airflow/.local/lib/python3.12/site-packages/airflow/example_dags/tutorial.py took 0.097 seconds
[2024-05-25T22:13:41.283+0000] {processor.py:161} INFO - Started process (PID=1464) to work on /home/airflow/.local/lib/python3.12/site-packages/airflow/example_dags/tutorial.py
[2024-05-25T22:13:41.284+0000] {processor.py:830} INFO - Processing file /home/airflow/.local/lib/python3.12/site-packages/airflow/example_dags/tutorial.py for tasks to queue
[2024-05-25T22:13:41.286+0000] {logging_mixin.py:188} INFO - [2024-05-25T22:13:41.286+0000] {dagbag.py:545} INFO - Filling up the DagBag from /home/airflow/.local/lib/python3.12/site-packages/airflow/example_dags/tutorial.py
[2024-05-25T22:13:41.293+0000] {processor.py:840} INFO - DAG(s) 'tutorial' retrieved from /home/airflow/.local/lib/python3.12/site-packages/airflow/example_dags/tutorial.py
[2024-05-25T22:13:41.318+0000] {logging_mixin.py:188} INFO - [2024-05-25T22:13:41.318+0000] {dag.py:3096} INFO - Sync 1 DAGs
[2024-05-25T22:13:41.343+0000] {logging_mixin.py:188} INFO - [2024-05-25T22:13:41.343+0000] {dag.py:3954} INFO - Setting next_dagrun for tutorial to 2024-05-24 00:00:00+00:00, run_after=2024-05-25 00:00:00+00:00
[2024-05-25T22:13:41.368+0000] {processor.py:183} INFO - Processing /home/airflow/.local/lib/python3.12/site-packages/airflow/example_dags/tutorial.py took 0.092 seconds
[2024-05-25T22:14:11.572+0000] {processor.py:161} INFO - Started process (PID=1522) to work on /home/airflow/.local/lib/python3.12/site-packages/airflow/example_dags/tutorial.py
[2024-05-25T22:14:11.573+0000] {processor.py:830} INFO - Processing file /home/airflow/.local/lib/python3.12/site-packages/airflow/example_dags/tutorial.py for tasks to queue
[2024-05-25T22:14:11.576+0000] {logging_mixin.py:188} INFO - [2024-05-25T22:14:11.575+0000] {dagbag.py:545} INFO - Filling up the DagBag from /home/airflow/.local/lib/python3.12/site-packages/airflow/example_dags/tutorial.py
[2024-05-25T22:14:11.584+0000] {processor.py:840} INFO - DAG(s) 'tutorial' retrieved from /home/airflow/.local/lib/python3.12/site-packages/airflow/example_dags/tutorial.py
[2024-05-25T22:14:11.607+0000] {logging_mixin.py:188} INFO - [2024-05-25T22:14:11.606+0000] {dag.py:3096} INFO - Sync 1 DAGs
[2024-05-25T22:14:11.632+0000] {logging_mixin.py:188} INFO - [2024-05-25T22:14:11.631+0000] {dag.py:3954} INFO - Setting next_dagrun for tutorial to 2024-05-24 00:00:00+00:00, run_after=2024-05-25 00:00:00+00:00
[2024-05-25T22:14:11.652+0000] {processor.py:183} INFO - Processing /home/airflow/.local/lib/python3.12/site-packages/airflow/example_dags/tutorial.py took 0.087 seconds
[2024-05-25T22:14:42.007+0000] {processor.py:161} INFO - Started process (PID=1581) to work on /home/airflow/.local/lib/python3.12/site-packages/airflow/example_dags/tutorial.py
[2024-05-25T22:14:42.009+0000] {processor.py:830} INFO - Processing file /home/airflow/.local/lib/python3.12/site-packages/airflow/example_dags/tutorial.py for tasks to queue
[2024-05-25T22:14:42.012+0000] {logging_mixin.py:188} INFO - [2024-05-25T22:14:42.011+0000] {dagbag.py:545} INFO - Filling up the DagBag from /home/airflow/.local/lib/python3.12/site-packages/airflow/example_dags/tutorial.py
[2024-05-25T22:14:42.021+0000] {processor.py:840} INFO - DAG(s) 'tutorial' retrieved from /home/airflow/.local/lib/python3.12/site-packages/airflow/example_dags/tutorial.py
[2024-05-25T22:14:42.047+0000] {logging_mixin.py:188} INFO - [2024-05-25T22:14:42.047+0000] {dag.py:3096} INFO - Sync 1 DAGs
[2024-05-25T22:14:42.077+0000] {logging_mixin.py:188} INFO - [2024-05-25T22:14:42.077+0000] {dag.py:3954} INFO - Setting next_dagrun for tutorial to 2024-05-24 00:00:00+00:00, run_after=2024-05-25 00:00:00+00:00
[2024-05-25T22:14:42.101+0000] {processor.py:183} INFO - Processing /home/airflow/.local/lib/python3.12/site-packages/airflow/example_dags/tutorial.py took 0.100 seconds
[2024-05-25T22:15:12.503+0000] {processor.py:161} INFO - Started process (PID=1639) to work on /home/airflow/.local/lib/python3.12/site-packages/airflow/example_dags/tutorial.py
[2024-05-25T22:15:12.504+0000] {processor.py:830} INFO - Processing file /home/airflow/.local/lib/python3.12/site-packages/airflow/example_dags/tutorial.py for tasks to queue
[2024-05-25T22:15:12.506+0000] {logging_mixin.py:188} INFO - [2024-05-25T22:15:12.506+0000] {dagbag.py:545} INFO - Filling up the DagBag from /home/airflow/.local/lib/python3.12/site-packages/airflow/example_dags/tutorial.py
[2024-05-25T22:15:12.514+0000] {processor.py:840} INFO - DAG(s) 'tutorial' retrieved from /home/airflow/.local/lib/python3.12/site-packages/airflow/example_dags/tutorial.py
[2024-05-25T22:15:12.539+0000] {logging_mixin.py:188} INFO - [2024-05-25T22:15:12.539+0000] {dag.py:3096} INFO - Sync 1 DAGs
[2024-05-25T22:15:12.570+0000] {logging_mixin.py:188} INFO - [2024-05-25T22:15:12.570+0000] {dag.py:3954} INFO - Setting next_dagrun for tutorial to 2024-05-24 00:00:00+00:00, run_after=2024-05-25 00:00:00+00:00
[2024-05-25T22:15:12.591+0000] {processor.py:183} INFO - Processing /home/airflow/.local/lib/python3.12/site-packages/airflow/example_dags/tutorial.py took 0.095 seconds
[2024-05-25T22:15:43.017+0000] {processor.py:161} INFO - Started process (PID=1697) to work on /home/airflow/.local/lib/python3.12/site-packages/airflow/example_dags/tutorial.py
[2024-05-25T22:15:43.019+0000] {processor.py:830} INFO - Processing file /home/airflow/.local/lib/python3.12/site-packages/airflow/example_dags/tutorial.py for tasks to queue
[2024-05-25T22:15:43.021+0000] {logging_mixin.py:188} INFO - [2024-05-25T22:15:43.021+0000] {dagbag.py:545} INFO - Filling up the DagBag from /home/airflow/.local/lib/python3.12/site-packages/airflow/example_dags/tutorial.py
[2024-05-25T22:15:43.027+0000] {processor.py:840} INFO - DAG(s) 'tutorial' retrieved from /home/airflow/.local/lib/python3.12/site-packages/airflow/example_dags/tutorial.py
[2024-05-25T22:15:43.060+0000] {logging_mixin.py:188} INFO - [2024-05-25T22:15:43.060+0000] {dag.py:3096} INFO - Sync 1 DAGs
[2024-05-25T22:15:43.084+0000] {logging_mixin.py:188} INFO - [2024-05-25T22:15:43.084+0000] {dag.py:3954} INFO - Setting next_dagrun for tutorial to 2024-05-24 00:00:00+00:00, run_after=2024-05-25 00:00:00+00:00
[2024-05-25T22:15:43.108+0000] {processor.py:183} INFO - Processing /home/airflow/.local/lib/python3.12/site-packages/airflow/example_dags/tutorial.py took 0.098 seconds
[2024-05-25T22:16:14.736+0000] {processor.py:161} INFO - Started process (PID=1755) to work on /home/airflow/.local/lib/python3.12/site-packages/airflow/example_dags/tutorial.py
[2024-05-25T22:16:14.737+0000] {processor.py:830} INFO - Processing file /home/airflow/.local/lib/python3.12/site-packages/airflow/example_dags/tutorial.py for tasks to queue
[2024-05-25T22:16:14.740+0000] {logging_mixin.py:188} INFO - [2024-05-25T22:16:14.740+0000] {dagbag.py:545} INFO - Filling up the DagBag from /home/airflow/.local/lib/python3.12/site-packages/airflow/example_dags/tutorial.py
[2024-05-25T22:16:14.748+0000] {processor.py:840} INFO - DAG(s) 'tutorial' retrieved from /home/airflow/.local/lib/python3.12/site-packages/airflow/example_dags/tutorial.py
[2024-05-25T22:16:14.776+0000] {logging_mixin.py:188} INFO - [2024-05-25T22:16:14.775+0000] {dag.py:3096} INFO - Sync 1 DAGs
[2024-05-25T22:16:14.936+0000] {logging_mixin.py:188} INFO - [2024-05-25T22:16:14.936+0000] {dag.py:3954} INFO - Setting next_dagrun for tutorial to 2024-05-24 00:00:00+00:00, run_after=2024-05-25 00:00:00+00:00
[2024-05-25T22:16:14.962+0000] {processor.py:183} INFO - Processing /home/airflow/.local/lib/python3.12/site-packages/airflow/example_dags/tutorial.py took 0.234 seconds
[2024-05-25T22:16:45.504+0000] {processor.py:161} INFO - Started process (PID=1813) to work on /home/airflow/.local/lib/python3.12/site-packages/airflow/example_dags/tutorial.py
[2024-05-25T22:16:45.505+0000] {processor.py:830} INFO - Processing file /home/airflow/.local/lib/python3.12/site-packages/airflow/example_dags/tutorial.py for tasks to queue
[2024-05-25T22:16:45.508+0000] {logging_mixin.py:188} INFO - [2024-05-25T22:16:45.507+0000] {dagbag.py:545} INFO - Filling up the DagBag from /home/airflow/.local/lib/python3.12/site-packages/airflow/example_dags/tutorial.py
[2024-05-25T22:16:45.515+0000] {processor.py:840} INFO - DAG(s) 'tutorial' retrieved from /home/airflow/.local/lib/python3.12/site-packages/airflow/example_dags/tutorial.py
[2024-05-25T22:16:45.538+0000] {logging_mixin.py:188} INFO - [2024-05-25T22:16:45.537+0000] {dag.py:3096} INFO - Sync 1 DAGs
[2024-05-25T22:16:45.695+0000] {logging_mixin.py:188} INFO - [2024-05-25T22:16:45.695+0000] {dag.py:3954} INFO - Setting next_dagrun for tutorial to 2024-05-24 00:00:00+00:00, run_after=2024-05-25 00:00:00+00:00
[2024-05-25T22:16:45.714+0000] {processor.py:183} INFO - Processing /home/airflow/.local/lib/python3.12/site-packages/airflow/example_dags/tutorial.py took 0.217 seconds
[2024-05-25T22:17:15.856+0000] {processor.py:161} INFO - Started process (PID=1871) to work on /home/airflow/.local/lib/python3.12/site-packages/airflow/example_dags/tutorial.py
[2024-05-25T22:17:15.857+0000] {processor.py:830} INFO - Processing file /home/airflow/.local/lib/python3.12/site-packages/airflow/example_dags/tutorial.py for tasks to queue
[2024-05-25T22:17:15.859+0000] {logging_mixin.py:188} INFO - [2024-05-25T22:17:15.859+0000] {dagbag.py:545} INFO - Filling up the DagBag from /home/airflow/.local/lib/python3.12/site-packages/airflow/example_dags/tutorial.py
[2024-05-25T22:17:15.867+0000] {processor.py:840} INFO - DAG(s) 'tutorial' retrieved from /home/airflow/.local/lib/python3.12/site-packages/airflow/example_dags/tutorial.py
[2024-05-25T22:17:15.892+0000] {logging_mixin.py:188} INFO - [2024-05-25T22:17:15.892+0000] {dag.py:3096} INFO - Sync 1 DAGs
[2024-05-25T22:17:16.072+0000] {logging_mixin.py:188} INFO - [2024-05-25T22:17:16.072+0000] {dag.py:3954} INFO - Setting next_dagrun for tutorial to 2024-05-24 00:00:00+00:00, run_after=2024-05-25 00:00:00+00:00
[2024-05-25T22:17:16.094+0000] {processor.py:183} INFO - Processing /home/airflow/.local/lib/python3.12/site-packages/airflow/example_dags/tutorial.py took 0.245 seconds
[2024-05-25T22:17:46.555+0000] {processor.py:161} INFO - Started process (PID=1929) to work on /home/airflow/.local/lib/python3.12/site-packages/airflow/example_dags/tutorial.py
[2024-05-25T22:17:46.557+0000] {processor.py:830} INFO - Processing file /home/airflow/.local/lib/python3.12/site-packages/airflow/example_dags/tutorial.py for tasks to queue
[2024-05-25T22:17:46.560+0000] {logging_mixin.py:188} INFO - [2024-05-25T22:17:46.560+0000] {dagbag.py:545} INFO - Filling up the DagBag from /home/airflow/.local/lib/python3.12/site-packages/airflow/example_dags/tutorial.py
[2024-05-25T22:17:46.567+0000] {processor.py:840} INFO - DAG(s) 'tutorial' retrieved from /home/airflow/.local/lib/python3.12/site-packages/airflow/example_dags/tutorial.py
[2024-05-25T22:17:46.591+0000] {logging_mixin.py:188} INFO - [2024-05-25T22:17:46.590+0000] {dag.py:3096} INFO - Sync 1 DAGs
[2024-05-25T22:17:46.616+0000] {logging_mixin.py:188} INFO - [2024-05-25T22:17:46.616+0000] {dag.py:3954} INFO - Setting next_dagrun for tutorial to 2024-05-24 00:00:00+00:00, run_after=2024-05-25 00:00:00+00:00
[2024-05-25T22:17:46.637+0000] {processor.py:183} INFO - Processing /home/airflow/.local/lib/python3.12/site-packages/airflow/example_dags/tutorial.py took 0.089 seconds
[2024-05-25T22:18:16.845+0000] {processor.py:161} INFO - Started process (PID=1987) to work on /home/airflow/.local/lib/python3.12/site-packages/airflow/example_dags/tutorial.py
[2024-05-25T22:18:16.846+0000] {processor.py:830} INFO - Processing file /home/airflow/.local/lib/python3.12/site-packages/airflow/example_dags/tutorial.py for tasks to queue
[2024-05-25T22:18:16.848+0000] {logging_mixin.py:188} INFO - [2024-05-25T22:18:16.847+0000] {dagbag.py:545} INFO - Filling up the DagBag from /home/airflow/.local/lib/python3.12/site-packages/airflow/example_dags/tutorial.py
[2024-05-25T22:18:16.854+0000] {processor.py:840} INFO - DAG(s) 'tutorial' retrieved from /home/airflow/.local/lib/python3.12/site-packages/airflow/example_dags/tutorial.py
[2024-05-25T22:18:16.875+0000] {logging_mixin.py:188} INFO - [2024-05-25T22:18:16.874+0000] {dag.py:3096} INFO - Sync 1 DAGs
[2024-05-25T22:18:16.900+0000] {logging_mixin.py:188} INFO - [2024-05-25T22:18:16.900+0000] {dag.py:3954} INFO - Setting next_dagrun for tutorial to 2024-05-24 00:00:00+00:00, run_after=2024-05-25 00:00:00+00:00
[2024-05-25T22:18:16.924+0000] {processor.py:183} INFO - Processing /home/airflow/.local/lib/python3.12/site-packages/airflow/example_dags/tutorial.py took 0.086 seconds
[2024-05-25T22:18:47.010+0000] {processor.py:161} INFO - Started process (PID=2045) to work on /home/airflow/.local/lib/python3.12/site-packages/airflow/example_dags/tutorial.py
[2024-05-25T22:18:47.011+0000] {processor.py:830} INFO - Processing file /home/airflow/.local/lib/python3.12/site-packages/airflow/example_dags/tutorial.py for tasks to queue
[2024-05-25T22:18:47.014+0000] {logging_mixin.py:188} INFO - [2024-05-25T22:18:47.013+0000] {dagbag.py:545} INFO - Filling up the DagBag from /home/airflow/.local/lib/python3.12/site-packages/airflow/example_dags/tutorial.py
[2024-05-25T22:18:47.020+0000] {processor.py:840} INFO - DAG(s) 'tutorial' retrieved from /home/airflow/.local/lib/python3.12/site-packages/airflow/example_dags/tutorial.py
[2024-05-25T22:18:47.040+0000] {logging_mixin.py:188} INFO - [2024-05-25T22:18:47.040+0000] {dag.py:3096} INFO - Sync 1 DAGs
[2024-05-25T22:18:47.065+0000] {logging_mixin.py:188} INFO - [2024-05-25T22:18:47.064+0000] {dag.py:3954} INFO - Setting next_dagrun for tutorial to 2024-05-24 00:00:00+00:00, run_after=2024-05-25 00:00:00+00:00
[2024-05-25T22:18:47.086+0000] {processor.py:183} INFO - Processing /home/airflow/.local/lib/python3.12/site-packages/airflow/example_dags/tutorial.py took 0.082 seconds
[2024-05-25T22:19:17.271+0000] {processor.py:161} INFO - Started process (PID=2103) to work on /home/airflow/.local/lib/python3.12/site-packages/airflow/example_dags/tutorial.py
[2024-05-25T22:19:17.273+0000] {processor.py:830} INFO - Processing file /home/airflow/.local/lib/python3.12/site-packages/airflow/example_dags/tutorial.py for tasks to queue
[2024-05-25T22:19:17.275+0000] {logging_mixin.py:188} INFO - [2024-05-25T22:19:17.275+0000] {dagbag.py:545} INFO - Filling up the DagBag from /home/airflow/.local/lib/python3.12/site-packages/airflow/example_dags/tutorial.py
[2024-05-25T22:19:17.285+0000] {processor.py:840} INFO - DAG(s) 'tutorial' retrieved from /home/airflow/.local/lib/python3.12/site-packages/airflow/example_dags/tutorial.py
[2024-05-25T22:19:17.309+0000] {logging_mixin.py:188} INFO - [2024-05-25T22:19:17.308+0000] {dag.py:3096} INFO - Sync 1 DAGs
[2024-05-25T22:19:17.338+0000] {logging_mixin.py:188} INFO - [2024-05-25T22:19:17.337+0000] {dag.py:3954} INFO - Setting next_dagrun for tutorial to 2024-05-24 00:00:00+00:00, run_after=2024-05-25 00:00:00+00:00
[2024-05-25T22:19:17.363+0000] {processor.py:183} INFO - Processing /home/airflow/.local/lib/python3.12/site-packages/airflow/example_dags/tutorial.py took 0.099 seconds
